0	|	14.116846	14.116846	14.116846	14.116846	|	24.528673	24.528673	24.528673	24.528673	|	3	3	3	3	|	2.098710	2.098710	2.098710	2.098710	|	0	0	0	0	
1	|	0.000000	0.000000	0.000000	0.000000	|	0.000000	0.000000	0.000000	0.000000	|	-	-	-	-	|	0.000000	0.000000	0.000000	0.000000	|	0	0	0	0	
2	|	0.000000	0.000000	0.000000	0.000000	|	0.000000	0.000000	0.000000	0.000000	|	-	-	-	-	|	0.000000	0.000000	0.000000	0.000000	|	0	0	0	0	
3	|	0.000000	0.000000	0.000000	0.000000	|	0.000000	0.000000	0.000000	0.000000	|	-	-	-	-	|	0.000000	0.000000	0.000000	0.000000	|	0	0	0	0	
4	|	0.000000	0.000000	0.000000	0.000000	|	0.000000	0.000000	0.000000	0.000000	|	-	-	-	-	|	0.000000	0.000000	0.000000	0.000000	|	0	0	0	0	
5	|	3.907202	3.907202	3.907202	3.907202	|	122.113497	122.113497	122.113497	122.113497	|	3	3	3	3	|	2.047340	2.047340	2.047340	2.047340	|	0	0	0	0	
6	|	0.000000	0.000000	0.000000	0.000000	|	0.000000	0.000000	0.000000	0.000000	|	-	-	-	-	|	0.000000	0.000000	0.000000	0.000000	|	0	0	0	0	
7	|	3.648140	3.648140	3.648140	3.648140	|	126.113497	126.113497	126.113497	126.113497	|	4	4	4	4	|	1.959636	1.959636	1.959636	1.959636	|	0	0	0	0	
8	|	0.000000	0.000000	0.000000	0.000000	|	0.000000	0.000000	0.000000	0.000000	|	-	-	-	-	|	0.000000	0.000000	0.000000	0.000000	|	0	0	0	0	
9	|	12.343954	12.343954	12.343954	12.343954	|	75.541329	75.541329	75.541329	75.541329	|	3	3	3	3	|	2.179718	2.179718	2.179718	2.179718	|	0	0	0	0	
10	|	0.000000	0.000000	0.000000	0.000000	|	0.000000	0.000000	0.000000	0.000000	|	-	-	-	-	|	0.000000	0.000000	0.000000	0.000000	|	0	0	0	0	
11	|	11.463119	11.463119	11.463119	11.463119	|	79.541329	79.541329	79.541329	79.541329	|	4	4	4	4	|	2.214760	2.214760	2.214760	2.214760	|	0	0	0	0	
12	|	0.000000	0.000000	0.000000	0.000000	|	0.000000	0.000000	0.000000	0.000000	|	-	-	-	-	|	0.000000	0.000000	0.000000	0.000000	|	0	0	0	0	
13	|	11.175873	11.175873	11.175873	11.175873	|	68.742348	68.742348	68.742348	68.742348	|	3	3	3	3	|	4.307714	4.307714	4.307714	4.307714	|	0	0	0	0	
14	|	0.000000	0.000000	0.000000	0.000000	|	0.000000	0.000000	0.000000	0.000000	|	-	-	-	-	|	0.000000	0.000000	0.000000	0.000000	|	0	0	0	0	
15	|	7.783047	7.783047	7.783047	7.783047	|	72.742348	72.742348	72.742348	72.742348	|	4	4	4	4	|	6.798846	6.798846	6.798846	6.798846	|	0	0	0	0	
16	|	0.000000	0.000000	0.000000	0.000000	|	0.000000	0.000000	0.000000	0.000000	|	-	-	-	-	|	0.000000	0.000000	0.000000	0.000000	|	0	0	0	0	
17	|	4.374687	4.374687	4.374687	4.374687	|	91.645266	91.645266	91.645266	91.645266	|	3	3	3	3	|	4.822186	4.822186	4.822186	4.822186	|	0	0	0	0	
18	|	0.000000	0.000000	0.000000	0.000000	|	0.000000	0.000000	0.000000	0.000000	|	-	-	-	-	|	0.000000	0.000000	0.000000	0.000000	|	0	0	0	0	
19	|	3.518450	3.518450	3.518450	3.518450	|	95.645266	95.645266	95.645266	95.645266	|	4	4	4	4	|	5.142839	5.142839	5.142839	5.142839	|	0	0	0	0	
20	|	0.000000	0.000000	0.000000	0.000000	|	0.000000	0.000000	0.000000	0.000000	|	-	-	-	-	|	0.000000	0.000000	0.000000	0.000000	|	0	0	0	0	
21	|	3.905540	3.905540	3.905540	3.905540	|	105.379372	105.379372	105.379372	105.379372	|	3	3	3	3	|	3.148306	3.148306	3.148306	3.148306	|	0	0	0	0	
22	|	0.000000	0.000000	0.000000	0.000000	|	0.000000	0.000000	0.000000	0.000000	|	-	-	-	-	|	0.000000	0.000000	0.000000	0.000000	|	0	0	0	0	
23	|	3.653670	3.653670	3.653670	3.653670	|	109.379372	109.379372	109.379372	109.379372	|	4	4	4	4	|	2.989392	2.989392	2.989392	2.989392	|	0	0	0	0	
24	|	11.791496	11.791496	11.791496	11.791496	|	31.821574	31.821574	31.821574	31.821574	|	3	3	3	3	|	2.409281	2.409281	2.409281	2.409281	|	0	0	0	0	
25	|	0.000000	0.000000	0.000000	0.000000	|	0.000000	0.000000	0.000000	0.000000	|	-	-	-	-	|	0.000000	0.000000	0.000000	0.000000	|	0	0	0	0	
26	|	0.000000	0.000000	0.000000	0.000000	|	0.000000	0.000000	0.000000	0.000000	|	-	-	-	-	|	0.000000	0.000000	0.000000	0.000000	|	0	0	0	0	
27	|	0.000000	0.000000	0.000000	0.000000	|	0.000000	0.000000	0.000000	0.000000	|	-	-	-	-	|	0.000000	0.000000	0.000000	0.000000	|	0	0	0	0	
28	|	0.000000	0.000000	0.000000	0.000000	|	0.000000	0.000000	0.000000	0.000000	|	-	-	-	-	|	0.000000	0.000000	0.000000	0.000000	|	0	0	0	0	
29	|	9.941037	9.941037	9.941037	9.941037	|	61.602409	61.602409	61.602409	61.602409	|	1	1	1	1	|	3.797594	3.797594	3.797594	3.797594	|	0	0	0	0	
30	|	0.000000	0.000000	0.000000	0.000000	|	0.000000	0.000000	0.000000	0.000000	|	-	-	-	-	|	0.000000	0.000000	0.000000	0.000000	|	0	0	0	0	
31	|	9.351887	9.351887	9.351887	9.351887	|	64.819252	64.819252	64.819252	64.819252	|	2	2	2	2	|	3.739559	3.739559	3.739559	3.739559	|	0	0	0	0	
32	|	0.000000	0.000000	0.000000	0.000000	|	0.000000	0.000000	0.000000	0.000000	|	-	-	-	-	|	0.000000	0.000000	0.000000	0.000000	|	0	0	0	0	
33	|	0.000000	0.000000	0.000000	0.000000	|	0.000000	0.000000	0.000000	0.000000	|	-	-	-	-	|	0.000000	0.000000	0.000000	0.000000	|	0	0	0	0	
34	|	0.000000	0.000000	0.000000	0.000000	|	0.000000	0.000000	0.000000	0.000000	|	-	-	-	-	|	0.000000	0.000000	0.000000	0.000000	|	0	0	0	0	
35	|	0.000000	0.000000	0.000000	0.000000	|	0.000000	0.000000	0.000000	0.000000	|	-	-	-	-	|	0.000000	0.000000	0.000000	0.000000	|	0	0	0	0	
36	|	0.000000	0.000000	0.000000	0.000000	|	0.000000	0.000000	0.000000	0.000000	|	-	-	-	-	|	0.000000	0.000000	0.000000	0.000000	|	0	0	0	0	
37	|	4.698070	4.698070	4.698070	4.698070	|	116.573392	116.573392	116.573392	116.573392	|	3	3	3	3	|	1.386448	1.386448	1.386448	1.386448	|	0	0	0	0	
38	|	0.000000	0.000000	0.000000	0.000000	|	0.000000	0.000000	0.000000	0.000000	|	-	-	-	-	|	0.000000	0.000000	0.000000	0.000000	|	0	0	0	0	
39	|	4.313230	4.313230	4.313230	4.313230	|	120.573392	120.573392	120.573392	120.573392	|	4	4	4	4	|	1.416954	1.416954	1.416954	1.416954	|	0	0	0	0	
40	|	0.000000	0.000000	0.000000	0.000000	|	0.000000	0.000000	0.000000	0.000000	|	-	-	-	-	|	0.000000	0.000000	0.000000	0.000000	|	0	0	0	0	
41	|	7.966293	7.966293	7.966293	7.966293	|	76.313532	76.313532	76.313532	76.313532	|	1	1	1	1	|	4.685120	4.685120	4.685120	4.685120	|	0	0	0	0	
42	|	0.000000	0.000000	0.000000	0.000000	|	0.000000	0.000000	0.000000	0.000000	|	-	-	-	-	|	0.000000	0.000000	0.000000	0.000000	|	0	0	0	0	
43	|	7.582783	7.582783	7.582783	7.582783	|	79.530375	79.530375	79.530375	79.530375	|	2	2	2	2	|	4.472661	4.472661	4.472661	4.472661	|	0	0	0	0	
44	|	0.000000	0.000000	0.000000	0.000000	|	0.000000	0.000000	0.000000	0.000000	|	-	-	-	-	|	0.000000	0.000000	0.000000	0.000000	|	0	0	0	0	
45	|	3.460359	3.460359	3.460359	3.460359	|	113.276329	113.276329	113.276329	113.276329	|	3	3	3	3	|	2.717555	2.717555	2.717555	2.717555	|	0	0	0	0	
46	|	0.000000	0.000000	0.000000	0.000000	|	0.000000	0.000000	0.000000	0.000000	|	-	-	-	-	|	0.000000	0.000000	0.000000	0.000000	|	0	0	0	0	
47	|	3.025366	3.025366	3.025366	3.025366	|	117.276329	117.276329	117.276329	117.276329	|	4	4	4	4	|	2.792774	2.792774	2.792774	2.792774	|	0	0	0	0	
48	|	19.766602	19.766602	19.766602	19.766602	|	18.325133	18.325133	18.325133	18.325133	|	3	3	3	3	|	3.469086	3.469086	3.469086	3.469086	|	0	0	0	0	
49	|	0.000000	0.000000	0.000000	0.000000	|	0.000000	0.000000	0.000000	0.000000	|	-	-	-	-	|	0.000000	0.000000	0.000000	0.000000	|	0	0	0	0	
50	|	0.000000	0.000000	0.000000	0.000000	|	0.000000	0.000000	0.000000	0.000000	|	-	-	-	-	|	0.000000	0.000000	0.000000	0.000000	|	0	0	0	0	
51	|	0.000000	0.000000	0.000000	0.000000	|	0.000000	0.000000	0.000000	0.000000	|	-	-	-	-	|	0.000000	0.000000	0.000000	0.000000	|	0	0	0	0	
52	|	0.000000	0.000000	0.000000	0.000000	|	0.000000	0.000000	0.000000	0.000000	|	-	-	-	-	|	0.000000	0.000000	0.000000	0.000000	|	0	0	0	0	
53	|	15.543039	15.543039	15.543039	15.543039	|	49.345688	49.345688	49.345688	49.345688	|	1	1	1	1	|	6.956183	6.956183	6.956183	6.956183	|	0	0	0	0	
54	|	0.000000	0.000000	0.000000	0.000000	|	0.000000	0.000000	0.000000	0.000000	|	-	-	-	-	|	0.000000	0.000000	0.000000	0.000000	|	0	0	0	0	
55	|	17.814302	17.814302	17.814302	17.814302	|	52.562531	52.562531	52.562531	52.562531	|	2	2	2	2	|	3.625050	3.625050	3.625050	3.625050	|	0	0	0	0	
56	|	0.000000	0.000000	0.000000	0.000000	|	0.000000	0.000000	0.000000	0.000000	|	-	-	-	-	|	0.000000	0.000000	0.000000	0.000000	|	0	0	0	0	
57	|	6.889033	6.889033	6.889033	6.889033	|	95.810119	95.810119	95.810119	95.810119	|	3	3	3	3	|	1.544211	1.544211	1.544211	1.544211	|	0	0	0	0	
58	|	0.000000	0.000000	0.000000	0.000000	|	0.000000	0.000000	0.000000	0.000000	|	-	-	-	-	|	0.000000	0.000000	0.000000	0.000000	|	0	0	0	0	
59	|	6.354904	6.354904	6.354904	6.354904	|	99.810119	99.810119	99.810119	99.810119	|	4	4	4	4	|	1.587226	1.587226	1.587226	1.587226	|	0	0	0	0	
60	|	0.000000	0.000000	0.000000	0.000000	|	0.000000	0.000000	0.000000	0.000000	|	-	-	-	-	|	0.000000	0.000000	0.000000	0.000000	|	0	0	0	0	
61	|	32.912476	32.912476	32.912476	32.912476	|	9.392636	9.392636	9.392636	9.392636	|	1	1	1	1	|	3.119327	3.119327	3.119327	3.119327	|	0	0	0	0	
62	|	18.727069	18.727069	18.727069	18.727069	|	24.152143	24.152143	24.152143	24.152143	|	1	1	1	1	|	4.656453	4.656453	4.656453	4.656453	|	0	0	0	0	
63	|	0.000000	0.000000	0.000000	0.000000	|	0.000000	0.000000	0.000000	0.000000	|	-	-	-	-	|	0.000000	0.000000	0.000000	0.000000	|	0	0	0	0	
64	|	17.655549	17.655549	17.655549	17.655549	|	26.208482	26.208482	26.208482	26.208482	|	1	1	1	1	|	1.040872	1.040872	1.040872	1.040872	|	0	0	0	0	
65	|	0.000000	0.000000	0.000000	0.000000	|	0.000000	0.000000	0.000000	0.000000	|	-	-	-	-	|	0.000000	0.000000	0.000000	0.000000	|	0	0	0	0	
66	|	24.062330	24.062330	24.062330	24.062330	|	6.719898	6.719898	6.719898	6.719898	|	3	3	3	3	|	2.357716	2.357716	2.357716	2.357716	|	0	0	0	0	
67	|	0.000000	0.000000	0.000000	0.000000	|	0.000000	0.000000	0.000000	0.000000	|	-	-	-	-	|	0.000000	0.000000	0.000000	0.000000	|	0	0	0	0	
68	|	21.014180	21.014180	21.014180	21.014180	|	33.304394	33.304394	33.304394	33.304394	|	2	2	2	2	|	5.205174	5.205174	5.205174	5.205174	|	0	0	0	0	
69	|	17.370526	17.370526	17.370526	17.370526	|	42.260717	42.260717	42.260717	42.260717	|	4	4	4	4	|	8.429017	8.429017	8.429017	8.429017	|	0	0	0	0	
70	|	16.440568	16.440568	16.440568	16.440568	|	40.679323	40.679323	40.679323	40.679323	|	2	2	2	2	|	2.649029	2.649029	2.649029	2.649029	|	0	0	0	0	
71	|	15.316026	15.316026	15.316026	15.316026	|	49.880948	49.880948	49.880948	49.880948	|	4	4	4	4	|	2.574287	2.574287	2.574287	2.574287	|	0	0	0	0	
72	|	32.795025	32.795025	32.795025	32.795025	|	16.617541	16.617541	16.617541	16.617541	|	2	2	2	2	|	5.259114	5.259114	5.259114	5.259114	|	0	0	0	0	
73	|	29.904347	29.904347	29.904347	29.904347	|	14.184058	14.184058	14.184058	14.184058	|	4	4	4	4	|	4.567104	4.567104	4.567104	4.567104	|	0	0	0	0	
74	|	0.000000	0.000000	0.000000	0.000000	|	0.000000	0.000000	0.000000	0.000000	|	-	-	-	-	|	0.000000	0.000000	0.000000	0.000000	|	0	0	0	0	
