__________________________________
          WINNING VECTORS         
__________________________________
Subtasks:			[IR_{}		IR_{MW}		MW_{}		MW_{IR}	|	IR_{}		IR_{MW}		MW_{}		MW_{IR}	|	IR_{}		IR_{MW}		MW_{}		MW_{IR}	|	IR_{}		IR_{MW}		MW_{}		MW_{IR}	|	IR_{}		IR_{MW}		MW_{}		MW_{IR}	|	IR_{}		IR_{MW}		MW_{}		MW_{IR}	|	IR_{}		IR_{MW}		MW_{}		MW_{IR}	|	IR_{}		IR_{MW}		MW_{}		MW_{IR}	|	IR_{}		IR_{MW}		MW_{}		MW_{IR}	|	IR_{}		IR_{MW}		MW_{}		MW_{IR}	|	IR_{}		IR_{MW}		MW_{}		MW_{IR}	|	IR_{}		IR_{MW}		MW_{}		MW_{IR}	|	IR_{}		IR_{MW}		MW_{}		MW_{IR}	|	IR_{}		IR_{MW}		MW_{}		MW_{IR}	|	IR_{}		IR_{MW}		MW_{}		MW_{IR}	|	IR_{}		IR_{MW}		MW_{}		MW_{IR}	|	IR_{}		IR_{MW}		MW_{}		MW_{IR}	|	IR_{}		IR_{MW}		MW_{}		MW_{IR}	|	IR_{}		IR_{MW}		MW_{}		MW_{IR}	|	IR_{}		IR_{MW}		MW_{}		MW_{IR}	]
Bids Score:			[9.292		0.000		0.000		0.000	|	0.000		8.442		0.000		1.985	|	8.208		0.000		0.000		0.000	|	0.000		0.000		9.473		0.000	|	0.000		0.000		0.000		0.000	|	0.000		25.799		0.000		25.804	|	0.000		22.853		0.000		26.808	|	22.259		0.000		0.000		0.000	|	0.000		0.000		16.536		0.000	|	0.000		8.407		0.000		8.405	|	0.000		0.000		5.561		0.000	|	0.000		19.746		0.000		19.294	|	0.000		6.639		0.000		6.637	|	0.000		0.853		0.000		0.852	|	0.000		0.000		12.549		0.000	|	6.981		0.000		0.000		0.000	|	0.000		2.943		0.000		2.942	|	0.000		1.448		0.000		1.446	|	0.000		0.000		15.218		0.000	|	26.170		0.000		0.000		0.000	]
Measurement Time:	[38.90		0.00		0.00		0.00	|	0.00		58.60		0.00		58.61	|	17.67		0.00		0.00		0.00	|	0.00		0.00		26.98		0.00	|	0.00		0.00		0.00		0.00	|	0.00		27.72		0.00		27.71	|	0.00		21.63		0.00		21.62	|	7.82		0.00		0.00		0.00	|	0.00		0.00		27.98		0.00	|	0.00		80.15		0.00		80.16	|	0.00		0.00		39.38		0.00	|	0.00		42.75		0.00		42.76	|	0.00		74.06		0.00		74.07	|	0.00		98.76		0.00		98.77	|	0.00		0.00		7.28		0.00	|	48.95		0.00		0.00		0.00	|	0.00		87.36		0.00		87.37	|	0.00		59.75		0.00		59.76	|	0.00		0.00		32.71		0.00	|	6.40		0.00		0.00		0.000	]
Iteration Assigned:	[67			0			0			0		|	0			90			0			89		|	47			0			0			0		|	0			0			27			0		|	0			0			0			0		|	0			24			0			24		|	0			10			0			14		|	36			0			0			0		|	0			0			46			0		|	0			103			0			102		|	0			0			55			0		|	0			47			0			46		|	0			92			0			91		|	0			114			0			113		|	0			0			12			0		|	76			0			0			0		|	0			103			0			102		|	0			87			0			87		|	0			0			46			0		|	36			0			0			0		]
Winners:			[1			-			-			-		|	-			1			-			2		|	3			-			-			-		|	-			-			2			-		|	-			-			-			-		|	-			1			-			4		|	-			1			-			4		|	3			-			-			-		|	-			-			2			-		|	-			3			-			4		|	-			-			2			-		|	-			3			-			4		|	-			3			-			4		|	-			3			-			4		|	-			-			2			-		|	1			-			-			-		|	-			3			-			4		|	-			3			-			4		|	-			-			4			-		|	3			-			-			-		]

__________________________________
        PERFORMANCE METRICS       
__________________________________
Coalitions Formed:		9
Coalitions Available:	20
Coalition Ratio:		45.00%

Score Achieved:			482.979
Score Available:		1493.562
Score Ratio:			32.34%

Merge Cost:				0.000000
Split Cost:				0.000000

Avg Cost per Research:	39.04%

Tasks Done:				19
Tasks Available:		20
Tasks Done Ratio:		95.00%

Tasks done w/ 1 sens:	10
Tasks done w/ 2 sens:	9
Tasks done w/ 3 sens:	0

Planning Horizon:		2

__________________________________
           AGENT LIST             
__________________________________
Agent Number:			1
Planning Horizon:		2
Max Const Iteration:	2
Max Solo Bids:			5
Max Any Bids:			10
Iteration Counter:		124
Resources:				100.000000

Location:				[0.000		0.000		0.000]
Sensor List:			[IR]
Bundle:					[25			21			0			60			5]
Path:					[25			21			0			60			5]
Time Assignments:		[21.633		27.716		38.896		48.946		58.605]
Doing Iterations:		[46		85		102		113		124]


**********************************
Agent Number:			2
Planning Horizon:		2
Max Const Iteration:	2
Max Solo Bids:			5
Max Any Bids:			10
Iteration Counter:		124
Resources:				100.000000

Location:				[0.000		0.000		0.000]
Sensor List:			[MW]
Bundle:					[58			14			34			42			7]
Path:					[58			14			34			42			7]
Time Assignments:		[7.280		26.978		27.978		39.380		58.615]
Doing Iterations:		[46		86		102		113		124]


**********************************
Agent Number:			3
Planning Horizon:		2
Max Const Iteration:	2
Max Solo Bids:			5
Max Any Bids:			10
Iteration Counter:		124
Resources:				100.000000

Location:				[0.000		0.000		0.000]
Sensor List:			[IR]
Bundle:					[76			28			45			8			69			49			37			65			53]
Path:					[76			28			8			45			69			49			37			65			53]
Time Assignments:		[6.403		7.817		17.666		42.746		59.746		74.064		80.147		87.358		98.759]
Doing Iterations:		[45		86		101		112		123		]


**********************************
Agent Number:			4
Planning Horizon:		2
Max Const Iteration:	2
Max Solo Bids:			5
Max Any Bids:			10
Iteration Counter:		124
Resources:				100.000000

Location:				[0.000		0.000		0.000]
Sensor List:			[MW]
Bundle:					[27			23			74			47			71			51			39			67			55]
Path:					[27			23			74			47			71			51			39			67			55]
Time Assignments:		[21.623		27.706		32.706		42.756		59.756		74.074		80.157		87.368		98.769]
Doing Iterations:		[46		86		102		113		124		]

__________________________________
            TASK LIST             
__________________________________
Task Number:		0
Maximum Score:		82.420682
Subtask Cost:		0.000000
Number of Sensors:	2.000000
Number of Subtasks:	4

Location:			[19.000000, 11.000000, 0.000000]
Sensor List:		[IR, MW]
Subtask List:		[IR_{}, IR_{MW}, MW_{}, MW_{IR}]

Time Constraints:
Start Time:		0.000000
End Time:		Infinity
Task Duration:	0.929469
Corr Time:		0.010000
Lambda:			0.015000
Dependency Matrix:
   [0	-1	-1	-1
	-1	0	-1	1
	-1	-1	0	-1
	-1	1	-1	0]

Time Constraint Matrix:
   [Infinity	Infinity	Infinity	Infinity
	Infinity	Infinity	Infinity	0.010000
	Infinity	Infinity	Infinity	Infinity
	Infinity	0.010000	Infinity	Infinity]


**********************************
Task Number:		1
Maximum Score:		59.607419
Subtask Cost:		0.000000
Number of Sensors:	2.000000
Number of Subtasks:	4

Location:			[25.000000, 23.000000, 0.000000]
Sensor List:		[IR, MW]
Subtask List:		[IR_{}, IR_{MW}, MW_{}, MW_{IR}]

Time Constraints:
Start Time:		0.000000
End Time:		Infinity
Task Duration:	0.017983
Corr Time:		0.010000
Lambda:			0.015000
Dependency Matrix:
   [0	-1	-1	-1
	-1	0	-1	1
	-1	-1	0	-1
	-1	1	-1	0]

Time Constraint Matrix:
   [Infinity	Infinity	Infinity	Infinity
	Infinity	Infinity	Infinity	0.010000
	Infinity	Infinity	Infinity	Infinity
	Infinity	0.010000	Infinity	Infinity]


**********************************
Task Number:		2
Maximum Score:		65.644037
Subtask Cost:		0.000000
Number of Sensors:	2.000000
Number of Subtasks:	4

Location:			[38.000000, 11.000000, 0.000000]
Sensor List:		[IR, MW]
Subtask List:		[IR_{}, IR_{MW}, MW_{}, MW_{IR}]

Time Constraints:
Start Time:		0.000000
End Time:		Infinity
Task Duration:	0.794291
Corr Time:		0.010000
Lambda:			0.015000
Dependency Matrix:
   [0	-1	-1	-1
	-1	0	-1	1
	-1	-1	0	-1
	-1	1	-1	0]

Time Constraint Matrix:
   [Infinity	Infinity	Infinity	Infinity
	Infinity	Infinity	Infinity	0.010000
	Infinity	Infinity	Infinity	Infinity
	Infinity	0.010000	Infinity	Infinity]


**********************************
Task Number:		3
Maximum Score:		90.420743
Subtask Cost:		0.000000
Number of Sensors:	2.000000
Number of Subtasks:	4

Location:			[9.000000, 36.000000, 0.000000]
Sensor List:		[IR, MW]
Subtask List:		[IR_{}, IR_{MW}, MW_{}, MW_{IR}]

Time Constraints:
Start Time:		0.000000
End Time:		Infinity
Task Duration:	0.057131
Corr Time:		0.010000
Lambda:			0.015000
Dependency Matrix:
   [0	-1	-1	-1
	-1	0	-1	1
	-1	-1	0	-1
	-1	1	-1	0]

Time Constraint Matrix:
   [Infinity	Infinity	Infinity	Infinity
	Infinity	Infinity	Infinity	0.010000
	Infinity	Infinity	Infinity	Infinity
	Infinity	0.010000	Infinity	Infinity]


**********************************
Task Number:		4
Maximum Score:		50.918301
Subtask Cost:		0.000000
Number of Sensors:	2.000000
Number of Subtasks:	4

Location:			[47.000000, 26.000000, 0.000000]
Sensor List:		[IR, MW]
Subtask List:		[IR_{}, IR_{MW}, MW_{}, MW_{IR}]

Time Constraints:
Start Time:		0.000000
End Time:		Infinity
Task Duration:	0.150751
Corr Time:		0.010000
Lambda:			0.015000
Dependency Matrix:
   [0	-1	-1	-1
	-1	0	-1	1
	-1	-1	0	-1
	-1	1	-1	0]

Time Constraint Matrix:
   [Infinity	Infinity	Infinity	Infinity
	Infinity	Infinity	Infinity	0.010000
	Infinity	Infinity	Infinity	Infinity
	Infinity	0.010000	Infinity	Infinity]


**********************************
Task Number:		5
Maximum Score:		88.152964
Subtask Cost:		0.000000
Number of Sensors:	2.000000
Number of Subtasks:	4

Location:			[24.000000, 1.000000, 0.000000]
Sensor List:		[IR, MW]
Subtask List:		[IR_{}, IR_{MW}, MW_{}, MW_{IR}]

Time Constraints:
Start Time:		0.000000
End Time:		Infinity
Task Duration:	0.050894
Corr Time:		0.010000
Lambda:			0.015000
Dependency Matrix:
   [0	-1	-1	-1
	-1	0	-1	1
	-1	-1	0	-1
	-1	1	-1	0]

Time Constraint Matrix:
   [Infinity	Infinity	Infinity	Infinity
	Infinity	Infinity	Infinity	0.010000
	Infinity	Infinity	Infinity	Infinity
	Infinity	0.010000	Infinity	Infinity]


**********************************
Task Number:		6
Maximum Score:		95.546579
Subtask Cost:		0.000000
Number of Sensors:	2.000000
Number of Subtasks:	4

Location:			[25.000000, 7.000000, 0.000000]
Sensor List:		[IR, MW]
Subtask List:		[IR_{}, IR_{MW}, MW_{}, MW_{IR}]

Time Constraints:
Start Time:		0.000000
End Time:		Infinity
Task Duration:	0.998408
Corr Time:		0.010000
Lambda:			0.015000
Dependency Matrix:
   [0	-1	-1	-1
	-1	0	-1	1
	-1	-1	0	-1
	-1	1	-1	0]

Time Constraint Matrix:
   [Infinity	Infinity	Infinity	Infinity
	Infinity	Infinity	Infinity	0.010000
	Infinity	Infinity	Infinity	Infinity
	Infinity	0.010000	Infinity	Infinity]


**********************************
Task Number:		7
Maximum Score:		77.662267
Subtask Cost:		0.000000
Number of Sensors:	2.000000
Number of Subtasks:	4

Location:			[47.000000, 7.000000, 0.000000]
Sensor List:		[IR, MW]
Subtask List:		[IR_{}, IR_{MW}, MW_{}, MW_{IR}]

Time Constraints:
Start Time:		0.000000
End Time:		Infinity
Task Duration:	0.247295
Corr Time:		0.010000
Lambda:			0.015000
Dependency Matrix:
   [0	-1	-1	-1
	-1	0	-1	1
	-1	-1	0	-1
	-1	1	-1	0]

Time Constraint Matrix:
   [Infinity	Infinity	Infinity	Infinity
	Infinity	Infinity	Infinity	0.010000
	Infinity	Infinity	Infinity	Infinity
	Infinity	0.010000	Infinity	Infinity]


**********************************
Task Number:		8
Maximum Score:		77.941364
Subtask Cost:		0.000000
Number of Sensors:	2.000000
Number of Subtasks:	4

Location:			[9.000000, 37.000000, 0.000000]
Sensor List:		[IR, MW]
Subtask List:		[IR_{}, IR_{MW}, MW_{}, MW_{IR}]

Time Constraints:
Start Time:		0.000000
End Time:		Infinity
Task Duration:	0.724942
Corr Time:		0.010000
Lambda:			0.015000
Dependency Matrix:
   [0	-1	-1	-1
	-1	0	-1	1
	-1	-1	0	-1
	-1	1	-1	0]

Time Constraint Matrix:
   [Infinity	Infinity	Infinity	Infinity
	Infinity	Infinity	Infinity	0.010000
	Infinity	Infinity	Infinity	Infinity
	Infinity	0.010000	Infinity	Infinity]


**********************************
Task Number:		9
Maximum Score:		77.807764
Subtask Cost:		0.000000
Number of Sensors:	2.000000
Number of Subtasks:	4

Location:			[1.000000, 1.000000, 0.000000]
Sensor List:		[IR, MW]
Subtask List:		[IR_{}, IR_{MW}, MW_{}, MW_{IR}]

Time Constraints:
Start Time:		0.000000
End Time:		Infinity
Task Duration:	0.920075
Corr Time:		0.010000
Lambda:			0.015000
Dependency Matrix:
   [0	-1	-1	-1
	-1	0	-1	1
	-1	-1	0	-1
	-1	1	-1	0]

Time Constraint Matrix:
   [Infinity	Infinity	Infinity	Infinity
	Infinity	Infinity	Infinity	0.010000
	Infinity	Infinity	Infinity	Infinity
	Infinity	0.010000	Infinity	Infinity]


**********************************
Task Number:		10
Maximum Score:		63.461456
Subtask Cost:		0.000000
Number of Sensors:	2.000000
Number of Subtasks:	4

Location:			[6.000000, 26.000000, 0.000000]
Sensor List:		[IR, MW]
Subtask List:		[IR_{}, IR_{MW}, MW_{}, MW_{IR}]

Time Constraints:
Start Time:		0.000000
End Time:		Infinity
Task Duration:	0.280458
Corr Time:		0.010000
Lambda:			0.015000
Dependency Matrix:
   [0	-1	-1	-1
	-1	0	-1	1
	-1	-1	0	-1
	-1	1	-1	0]

Time Constraint Matrix:
   [Infinity	Infinity	Infinity	Infinity
	Infinity	Infinity	Infinity	0.010000
	Infinity	Infinity	Infinity	Infinity
	Infinity	0.010000	Infinity	Infinity]


**********************************
Task Number:		11
Maximum Score:		93.890302
Subtask Cost:		0.000000
Number of Sensors:	2.000000
Number of Subtasks:	4

Location:			[38.000000, 5.000000, 0.000000]
Sensor List:		[IR, MW]
Subtask List:		[IR_{}, IR_{MW}, MW_{}, MW_{IR}]

Time Constraints:
Start Time:		0.000000
End Time:		Infinity
Task Duration:	0.453384
Corr Time:		0.010000
Lambda:			0.015000
Dependency Matrix:
   [0	-1	-1	-1
	-1	0	-1	1
	-1	-1	0	-1
	-1	1	-1	0]

Time Constraint Matrix:
   [Infinity	Infinity	Infinity	Infinity
	Infinity	Infinity	Infinity	0.010000
	Infinity	Infinity	Infinity	Infinity
	Infinity	0.010000	Infinity	Infinity]


**********************************
Task Number:		12
Maximum Score:		87.293123
Subtask Cost:		0.000000
Number of Sensors:	2.000000
Number of Subtasks:	4

Location:			[7.000000, 2.000000, 0.000000]
Sensor List:		[IR, MW]
Subtask List:		[IR_{}, IR_{MW}, MW_{}, MW_{IR}]

Time Constraints:
Start Time:		0.000000
End Time:		Infinity
Task Duration:	0.384941
Corr Time:		0.010000
Lambda:			0.015000
Dependency Matrix:
   [0	-1	-1	-1
	-1	0	-1	1
	-1	-1	0	-1
	-1	1	-1	0]

Time Constraint Matrix:
   [Infinity	Infinity	Infinity	Infinity
	Infinity	Infinity	Infinity	0.010000
	Infinity	Infinity	Infinity	Infinity
	Infinity	0.010000	Infinity	Infinity]


**********************************
Task Number:		13
Maximum Score:		61.672721
Subtask Cost:		0.000000
Number of Sensors:	2.000000
Number of Subtasks:	4

Location:			[14.000000, 0.000000, 0.000000]
Sensor List:		[IR, MW]
Subtask List:		[IR_{}, IR_{MW}, MW_{}, MW_{IR}]

Time Constraints:
Start Time:		0.000000
End Time:		Infinity
Task Duration:	0.110382
Corr Time:		0.010000
Lambda:			0.015000
Dependency Matrix:
   [0	-1	-1	-1
	-1	0	-1	1
	-1	-1	0	-1
	-1	1	-1	0]

Time Constraint Matrix:
   [Infinity	Infinity	Infinity	Infinity
	Infinity	Infinity	Infinity	0.010000
	Infinity	Infinity	Infinity	Infinity
	Infinity	0.010000	Infinity	Infinity]


**********************************
Task Number:		14
Maximum Score:		55.145324
Subtask Cost:		0.000000
Number of Sensors:	2.000000
Number of Subtasks:	4

Location:			[27.000000, 44.000000, 0.000000]
Sensor List:		[IR, MW]
Subtask List:		[IR_{}, IR_{MW}, MW_{}, MW_{IR}]

Time Constraints:
Start Time:		0.000000
End Time:		Infinity
Task Duration:	0.523060
Corr Time:		0.010000
Lambda:			0.015000
Dependency Matrix:
   [0	-1	-1	-1
	-1	0	-1	1
	-1	-1	0	-1
	-1	1	-1	0]

Time Constraint Matrix:
   [Infinity	Infinity	Infinity	Infinity
	Infinity	Infinity	Infinity	0.010000
	Infinity	Infinity	Infinity	Infinity
	Infinity	0.010000	Infinity	Infinity]


**********************************
Task Number:		15
Maximum Score:		77.564056
Subtask Cost:		0.000000
Number of Sensors:	2.000000
Number of Subtasks:	4

Location:			[18.000000, 21.000000, 0.000000]
Sensor List:		[IR, MW]
Subtask List:		[IR_{}, IR_{MW}, MW_{}, MW_{IR}]

Time Constraints:
Start Time:		0.000000
End Time:		Infinity
Task Duration:	0.212519
Corr Time:		0.010000
Lambda:			0.015000
Dependency Matrix:
   [0	-1	-1	-1
	-1	0	-1	1
	-1	-1	0	-1
	-1	1	-1	0]

Time Constraint Matrix:
   [Infinity	Infinity	Infinity	Infinity
	Infinity	Infinity	Infinity	0.010000
	Infinity	Infinity	Infinity	Infinity
	Infinity	0.010000	Infinity	Infinity]


**********************************
Task Number:		16
Maximum Score:		50.694607
Subtask Cost:		0.000000
Number of Sensors:	2.000000
Number of Subtasks:	4

Location:			[5.000000, 7.000000, 0.000000]
Sensor List:		[IR, MW]
Subtask List:		[IR_{}, IR_{MW}, MW_{}, MW_{IR}]

Time Constraints:
Start Time:		0.000000
End Time:		Infinity
Task Duration:	0.082050
Corr Time:		0.010000
Lambda:			0.015000
Dependency Matrix:
   [0	-1	-1	-1
	-1	0	-1	1
	-1	-1	0	-1
	-1	1	-1	0]

Time Constraint Matrix:
   [Infinity	Infinity	Infinity	Infinity
	Infinity	Infinity	Infinity	0.010000
	Infinity	Infinity	Infinity	Infinity
	Infinity	0.010000	Infinity	Infinity]


**********************************
Task Number:		17
Maximum Score:		52.080483
Subtask Cost:		0.000000
Number of Sensors:	2.000000
Number of Subtasks:	4

Location:			[21.000000, 5.000000, 0.000000]
Sensor List:		[IR, MW]
Subtask List:		[IR_{}, IR_{MW}, MW_{}, MW_{IR}]

Time Constraints:
Start Time:		0.000000
End Time:		Infinity
Task Duration:	0.932139
Corr Time:		0.010000
Lambda:			0.015000
Dependency Matrix:
   [0	-1	-1	-1
	-1	0	-1	1
	-1	-1	0	-1
	-1	1	-1	0]

Time Constraint Matrix:
   [Infinity	Infinity	Infinity	Infinity
	Infinity	Infinity	Infinity	0.010000
	Infinity	Infinity	Infinity	Infinity
	Infinity	0.010000	Infinity	Infinity]


**********************************
Task Number:		18
Maximum Score:		87.793150
Subtask Cost:		0.000000
Number of Sensors:	2.000000
Number of Subtasks:	4

Location:			[28.000000, 4.000000, 0.000000]
Sensor List:		[IR, MW]
Subtask List:		[IR_{}, IR_{MW}, MW_{}, MW_{IR}]

Time Constraints:
Start Time:		0.000000
End Time:		Infinity
Task Duration:	0.357447
Corr Time:		0.010000
Lambda:			0.015000
Dependency Matrix:
   [0	-1	-1	-1
	-1	0	-1	1
	-1	-1	0	-1
	-1	1	-1	0]

Time Constraint Matrix:
   [Infinity	Infinity	Infinity	Infinity
	Infinity	Infinity	Infinity	0.010000
	Infinity	Infinity	Infinity	Infinity
	Infinity	0.010000	Infinity	Infinity]


**********************************
Task Number:		19
Maximum Score:		97.844378
Subtask Cost:		0.000000
Number of Sensors:	2.000000
Number of Subtasks:	4

Location:			[46.000000, 6.000000, 0.000000]
Sensor List:		[IR, MW]
Subtask List:		[IR_{}, IR_{MW}, MW_{}, MW_{IR}]

Time Constraints:
Start Time:		0.000000
End Time:		Infinity
Task Duration:	0.237931
Corr Time:		0.010000
Lambda:			0.015000
Dependency Matrix:
   [0	-1	-1	-1
	-1	0	-1	1
	-1	-1	0	-1
	-1	1	-1	0]

Time Constraint Matrix:
   [Infinity	Infinity	Infinity	Infinity
	Infinity	Infinity	Infinity	0.010000
	Infinity	Infinity	Infinity	Infinity
	Infinity	0.010000	Infinity	Infinity]

