Task Number:		0
Maximum Score:		5.645449
Subtask Cost:		0.715030
Number of Sensors:	2.000000
Number of Subtasks:	4

Location:			[13.000000, 12.000000, 0.000000]
Sensor List:		[IR, MW]
Subtask List:		[IR_{}, IR_{MW}, MW_{}, MW_{IR}]

Time Constraints:
Start Time:		0.000000
End Time:		Infinity
Task Duration:	0.569169
Corr Time:		8.000000
Lambda:			0.015000
Dependency Matrix:
   [0	-1	-1	-1
	-1	0	-1	1
	-1	-1	0	-1
	-1	1	-1	0]

Time Constraint Matrix:
   [Infinity	Infinity	Infinity	Infinity
	Infinity	Infinity	Infinity	0.569169
	Infinity	Infinity	Infinity	Infinity
	Infinity	0.569169	Infinity	Infinity]


**********************************
Task Number:		1
Maximum Score:		21.472072
Subtask Cost:		0.293525
Number of Sensors:	2.000000
Number of Subtasks:	4

Location:			[16.000000, 14.000000, 0.000000]
Sensor List:		[IR, MW]
Subtask List:		[IR_{}, IR_{MW}, MW_{}, MW_{IR}]

Time Constraints:
Start Time:		0.000000
End Time:		Infinity
Task Duration:	0.771803
Corr Time:		8.000000
Lambda:			0.015000
Dependency Matrix:
   [0	-1	-1	-1
	-1	0	-1	1
	-1	-1	0	-1
	-1	1	-1	0]

Time Constraint Matrix:
   [Infinity	Infinity	Infinity	Infinity
	Infinity	Infinity	Infinity	0.771803
	Infinity	Infinity	Infinity	Infinity
	Infinity	0.771803	Infinity	Infinity]


**********************************
Task Number:		2
Maximum Score:		23.800714
Subtask Cost:		0.701529
Number of Sensors:	2.000000
Number of Subtasks:	4

Location:			[47.000000, 42.000000, 0.000000]
Sensor List:		[IR, MW]
Subtask List:		[IR_{}, IR_{MW}, MW_{}, MW_{IR}]

Time Constraints:
Start Time:		0.000000
End Time:		Infinity
Task Duration:	0.847854
Corr Time:		8.000000
Lambda:			0.015000
Dependency Matrix:
   [0	-1	-1	-1
	-1	0	-1	1
	-1	-1	0	-1
	-1	1	-1	0]

Time Constraint Matrix:
   [Infinity	Infinity	Infinity	Infinity
	Infinity	Infinity	Infinity	0.847854
	Infinity	Infinity	Infinity	Infinity
	Infinity	0.847854	Infinity	Infinity]


**********************************
Task Number:		3
Maximum Score:		75.463055
Subtask Cost:		0.560090
Number of Sensors:	2.000000
Number of Subtasks:	4

Location:			[20.000000, 48.000000, 0.000000]
Sensor List:		[IR, MW]
Subtask List:		[IR_{}, IR_{MW}, MW_{}, MW_{IR}]

Time Constraints:
Start Time:		0.000000
End Time:		Infinity
Task Duration:	0.477215
Corr Time:		8.000000
Lambda:			0.015000
Dependency Matrix:
   [0	-1	-1	-1
	-1	0	-1	1
	-1	-1	0	-1
	-1	1	-1	0]

Time Constraint Matrix:
   [Infinity	Infinity	Infinity	Infinity
	Infinity	Infinity	Infinity	0.477215
	Infinity	Infinity	Infinity	Infinity
	Infinity	0.477215	Infinity	Infinity]


**********************************
Task Number:		4
Maximum Score:		42.154380
Subtask Cost:		0.135190
Number of Sensors:	2.000000
Number of Subtasks:	4

Location:			[44.000000, 22.000000, 0.000000]
Sensor List:		[IR, MW]
Subtask List:		[IR_{}, IR_{MW}, MW_{}, MW_{IR}]

Time Constraints:
Start Time:		0.000000
End Time:		Infinity
Task Duration:	0.371469
Corr Time:		8.000000
Lambda:			0.015000
Dependency Matrix:
   [0	-1	-1	-1
	-1	0	-1	1
	-1	-1	0	-1
	-1	1	-1	0]

Time Constraint Matrix:
   [Infinity	Infinity	Infinity	Infinity
	Infinity	Infinity	Infinity	0.371469
	Infinity	Infinity	Infinity	Infinity
	Infinity	0.371469	Infinity	Infinity]


**********************************
Task Number:		5
Maximum Score:		78.858559
Subtask Cost:		0.108171
Number of Sensors:	2.000000
Number of Subtasks:	4

Location:			[2.000000, 1.000000, 0.000000]
Sensor List:		[IR, MW]
Subtask List:		[IR_{}, IR_{MW}, MW_{}, MW_{IR}]

Time Constraints:
Start Time:		0.000000
End Time:		Infinity
Task Duration:	0.898304
Corr Time:		8.000000
Lambda:			0.015000
Dependency Matrix:
   [0	-1	-1	-1
	-1	0	-1	1
	-1	-1	0	-1
	-1	1	-1	0]

Time Constraint Matrix:
   [Infinity	Infinity	Infinity	Infinity
	Infinity	Infinity	Infinity	0.898304
	Infinity	Infinity	Infinity	Infinity
	Infinity	0.898304	Infinity	Infinity]


**********************************
Task Number:		6
Maximum Score:		19.885649
Subtask Cost:		0.596393
Number of Sensors:	2.000000
Number of Subtasks:	4

Location:			[7.000000, 4.000000, 0.000000]
Sensor List:		[IR, MW]
Subtask List:		[IR_{}, IR_{MW}, MW_{}, MW_{IR}]

Time Constraints:
Start Time:		0.000000
End Time:		Infinity
Task Duration:	0.712231
Corr Time:		8.000000
Lambda:			0.015000
Dependency Matrix:
   [0	-1	-1	-1
	-1	0	-1	1
	-1	-1	0	-1
	-1	1	-1	0]

Time Constraint Matrix:
   [Infinity	Infinity	Infinity	Infinity
	Infinity	Infinity	Infinity	0.712231
	Infinity	Infinity	Infinity	Infinity
	Infinity	0.712231	Infinity	Infinity]


**********************************
Task Number:		7
Maximum Score:		60.452337
Subtask Cost:		0.495813
Number of Sensors:	2.000000
Number of Subtasks:	4

Location:			[10.000000, 49.000000, 0.000000]
Sensor List:		[IR, MW]
Subtask List:		[IR_{}, IR_{MW}, MW_{}, MW_{IR}]

Time Constraints:
Start Time:		0.000000
End Time:		Infinity
Task Duration:	0.729815
Corr Time:		8.000000
Lambda:			0.015000
Dependency Matrix:
   [0	-1	-1	-1
	-1	0	-1	1
	-1	-1	0	-1
	-1	1	-1	0]

Time Constraint Matrix:
   [Infinity	Infinity	Infinity	Infinity
	Infinity	Infinity	Infinity	0.729815
	Infinity	Infinity	Infinity	Infinity
	Infinity	0.729815	Infinity	Infinity]


**********************************
Task Number:		8
Maximum Score:		73.564149
Subtask Cost:		0.393316
Number of Sensors:	2.000000
Number of Subtasks:	4

Location:			[28.000000, 17.000000, 0.000000]
Sensor List:		[IR, MW]
Subtask List:		[IR_{}, IR_{MW}, MW_{}, MW_{IR}]

Time Constraints:
Start Time:		0.000000
End Time:		Infinity
Task Duration:	0.199265
Corr Time:		8.000000
Lambda:			0.015000
Dependency Matrix:
   [0	-1	-1	-1
	-1	0	-1	1
	-1	-1	0	-1
	-1	1	-1	0]

Time Constraint Matrix:
   [Infinity	Infinity	Infinity	Infinity
	Infinity	Infinity	Infinity	0.199265
	Infinity	Infinity	Infinity	Infinity
	Infinity	0.199265	Infinity	Infinity]


**********************************
Task Number:		9
Maximum Score:		29.513425
Subtask Cost:		0.137357
Number of Sensors:	2.000000
Number of Subtasks:	4

Location:			[34.000000, 49.000000, 0.000000]
Sensor List:		[IR, MW]
Subtask List:		[IR_{}, IR_{MW}, MW_{}, MW_{IR}]

Time Constraints:
Start Time:		0.000000
End Time:		Infinity
Task Duration:	0.230338
Corr Time:		8.000000
Lambda:			0.015000
Dependency Matrix:
   [0	-1	-1	-1
	-1	0	-1	1
	-1	-1	0	-1
	-1	1	-1	0]

Time Constraint Matrix:
   [Infinity	Infinity	Infinity	Infinity
	Infinity	Infinity	Infinity	0.230338
	Infinity	Infinity	Infinity	Infinity
	Infinity	0.230338	Infinity	Infinity]


**********************************
Task Number:		10
Maximum Score:		45.802310
Subtask Cost:		0.192456
Number of Sensors:	2.000000
Number of Subtasks:	4

Location:			[4.000000, 33.000000, 0.000000]
Sensor List:		[IR, MW]
Subtask List:		[IR_{}, IR_{MW}, MW_{}, MW_{IR}]

Time Constraints:
Start Time:		0.000000
End Time:		Infinity
Task Duration:	0.412947
Corr Time:		8.000000
Lambda:			0.015000
Dependency Matrix:
   [0	-1	-1	-1
	-1	0	-1	1
	-1	-1	0	-1
	-1	1	-1	0]

Time Constraint Matrix:
   [Infinity	Infinity	Infinity	Infinity
	Infinity	Infinity	Infinity	0.412947
	Infinity	Infinity	Infinity	Infinity
	Infinity	0.412947	Infinity	Infinity]


**********************************
Task Number:		11
Maximum Score:		94.425466
Subtask Cost:		0.195389
Number of Sensors:	2.000000
Number of Subtasks:	4

Location:			[48.000000, 47.000000, 0.000000]
Sensor List:		[IR, MW]
Subtask List:		[IR_{}, IR_{MW}, MW_{}, MW_{IR}]

Time Constraints:
Start Time:		0.000000
End Time:		Infinity
Task Duration:	0.255408
Corr Time:		8.000000
Lambda:			0.015000
Dependency Matrix:
   [0	-1	-1	-1
	-1	0	-1	1
	-1	-1	0	-1
	-1	1	-1	0]

Time Constraint Matrix:
   [Infinity	Infinity	Infinity	Infinity
	Infinity	Infinity	Infinity	0.255408
	Infinity	Infinity	Infinity	Infinity
	Infinity	0.255408	Infinity	Infinity]


**********************************
Task Number:		12
Maximum Score:		56.930799
Subtask Cost:		0.307771
Number of Sensors:	2.000000
Number of Subtasks:	4

Location:			[3.000000, 34.000000, 0.000000]
Sensor List:		[IR, MW]
Subtask List:		[IR_{}, IR_{MW}, MW_{}, MW_{IR}]

Time Constraints:
Start Time:		0.000000
End Time:		Infinity
Task Duration:	0.196886
Corr Time:		8.000000
Lambda:			0.015000
Dependency Matrix:
   [0	-1	-1	-1
	-1	0	-1	1
	-1	-1	0	-1
	-1	1	-1	0]

Time Constraint Matrix:
   [Infinity	Infinity	Infinity	Infinity
	Infinity	Infinity	Infinity	0.196886
	Infinity	Infinity	Infinity	Infinity
	Infinity	0.196886	Infinity	Infinity]


**********************************
Task Number:		13
Maximum Score:		85.716930
Subtask Cost:		0.334482
Number of Sensors:	2.000000
Number of Subtasks:	4

Location:			[18.000000, 28.000000, 0.000000]
Sensor List:		[IR, MW]
Subtask List:		[IR_{}, IR_{MW}, MW_{}, MW_{IR}]

Time Constraints:
Start Time:		0.000000
End Time:		Infinity
Task Duration:	0.185885
Corr Time:		8.000000
Lambda:			0.015000
Dependency Matrix:
   [0	-1	-1	-1
	-1	0	-1	1
	-1	-1	0	-1
	-1	1	-1	0]

Time Constraint Matrix:
   [Infinity	Infinity	Infinity	Infinity
	Infinity	Infinity	Infinity	0.185885
	Infinity	Infinity	Infinity	Infinity
	Infinity	0.185885	Infinity	Infinity]


**********************************
Task Number:		14
Maximum Score:		68.873864
Subtask Cost:		0.711029
Number of Sensors:	2.000000
Number of Subtasks:	4

Location:			[43.000000, 32.000000, 0.000000]
Sensor List:		[IR, MW]
Subtask List:		[IR_{}, IR_{MW}, MW_{}, MW_{IR}]

Time Constraints:
Start Time:		0.000000
End Time:		Infinity
Task Duration:	0.599464
Corr Time:		8.000000
Lambda:			0.015000
Dependency Matrix:
   [0	-1	-1	-1
	-1	0	-1	1
	-1	-1	0	-1
	-1	1	-1	0]

Time Constraint Matrix:
   [Infinity	Infinity	Infinity	Infinity
	Infinity	Infinity	Infinity	0.599464
	Infinity	Infinity	Infinity	Infinity
	Infinity	0.599464	Infinity	Infinity]


**********************************
Task Number:		15
Maximum Score:		8.746646
Subtask Cost:		0.464066
Number of Sensors:	1.000000
Number of Subtasks:	1

Location:			[19.000000, 46.000000, 0.000000]
Sensor List:		[MW]
Subtask List:		[MW_{}]

Time Constraints:
Start Time:		0.000000
End Time:		Infinity
Task Duration:	0.809401
Corr Time:		8.000000
Lambda:			0.015000
Dependency Matrix:
   [0]

Time Constraint Matrix:
   [Infinity]


**********************************
Task Number:		16
Maximum Score:		21.167233
Subtask Cost:		0.575150
Number of Sensors:	1.000000
Number of Subtasks:	1

Location:			[20.000000, 0.000000, 0.000000]
Sensor List:		[MW]
Subtask List:		[MW_{}]

Time Constraints:
Start Time:		0.000000
End Time:		Infinity
Task Duration:	0.229579
Corr Time:		8.000000
Lambda:			0.015000
Dependency Matrix:
   [0]

Time Constraint Matrix:
   [Infinity]


**********************************
Task Number:		17
Maximum Score:		6.116573
Subtask Cost:		0.806630
Number of Sensors:	1.000000
Number of Subtasks:	1

Location:			[33.000000, 16.000000, 0.000000]
Sensor List:		[IR]
Subtask List:		[IR_{}]

Time Constraints:
Start Time:		0.000000
End Time:		Infinity
Task Duration:	0.994069
Corr Time:		8.000000
Lambda:			0.015000
Dependency Matrix:
   [0]

Time Constraint Matrix:
   [Infinity]


**********************************
Task Number:		18
Maximum Score:		39.146912
Subtask Cost:		0.010363
Number of Sensors:	1.000000
Number of Subtasks:	1

Location:			[19.000000, 1.000000, 0.000000]
Sensor List:		[IR]
Subtask List:		[IR_{}]

Time Constraints:
Start Time:		0.000000
End Time:		Infinity
Task Duration:	0.212987
Corr Time:		8.000000
Lambda:			0.015000
Dependency Matrix:
   [0]

Time Constraint Matrix:
   [Infinity]


**********************************
Task Number:		19
Maximum Score:		49.670525
Subtask Cost:		0.524769
Number of Sensors:	1.000000
Number of Subtasks:	1

Location:			[19.000000, 9.000000, 0.000000]
Sensor List:		[IR]
Subtask List:		[IR_{}]

Time Constraints:
Start Time:		0.000000
End Time:		Infinity
Task Duration:	0.277510
Corr Time:		8.000000
Lambda:			0.015000
Dependency Matrix:
   [0]

Time Constraint Matrix:
   [Infinity]


**********************************
Task Number:		20
Maximum Score:		92.563273
Subtask Cost:		0.504856
Number of Sensors:	1.000000
Number of Subtasks:	1

Location:			[26.000000, 18.000000, 0.000000]
Sensor List:		[IR]
Subtask List:		[IR_{}]

Time Constraints:
Start Time:		0.000000
End Time:		Infinity
Task Duration:	0.534713
Corr Time:		8.000000
Lambda:			0.015000
Dependency Matrix:
   [0]

Time Constraint Matrix:
   [Infinity]


**********************************
Task Number:		21
Maximum Score:		98.717602
Subtask Cost:		0.849544
Number of Sensors:	1.000000
Number of Subtasks:	1

Location:			[48.000000, 47.000000, 0.000000]
Sensor List:		[IR]
Subtask List:		[IR_{}]

Time Constraints:
Start Time:		0.000000
End Time:		Infinity
Task Duration:	0.258075
Corr Time:		8.000000
Lambda:			0.015000
Dependency Matrix:
   [0]

Time Constraint Matrix:
   [Infinity]


**********************************
Task Number:		22
Maximum Score:		38.828183
Subtask Cost:		0.871909
Number of Sensors:	1.000000
Number of Subtasks:	1

Location:			[23.000000, 2.000000, 0.000000]
Sensor List:		[IR]
Subtask List:		[IR_{}]

Time Constraints:
Start Time:		0.000000
End Time:		Infinity
Task Duration:	0.888071
Corr Time:		8.000000
Lambda:			0.015000
Dependency Matrix:
   [0]

Time Constraint Matrix:
   [Infinity]


**********************************
Task Number:		23
Maximum Score:		51.279972
Subtask Cost:		0.893111
Number of Sensors:	1.000000
Number of Subtasks:	1

Location:			[38.000000, 40.000000, 0.000000]
Sensor List:		[MW]
Subtask List:		[MW_{}]

Time Constraints:
Start Time:		0.000000
End Time:		Infinity
Task Duration:	0.101210
Corr Time:		8.000000
Lambda:			0.015000
Dependency Matrix:
   [0]

Time Constraint Matrix:
   [Infinity]


**********************************
Task Number:		24
Maximum Score:		5.568618
Subtask Cost:		0.866743
Number of Sensors:	1.000000
Number of Subtasks:	1

Location:			[47.000000, 42.000000, 0.000000]
Sensor List:		[MW]
Subtask List:		[MW_{}]

Time Constraints:
Start Time:		0.000000
End Time:		Infinity
Task Duration:	0.831421
Corr Time:		8.000000
Lambda:			0.015000
Dependency Matrix:
   [0]

Time Constraint Matrix:
   [Infinity]


**********************************
Task Number:		25
Maximum Score:		62.939206
Subtask Cost:		0.465913
Number of Sensors:	1.000000
Number of Subtasks:	1

Location:			[6.000000, 32.000000, 0.000000]
Sensor List:		[IR]
Subtask List:		[IR_{}]

Time Constraints:
Start Time:		0.000000
End Time:		Infinity
Task Duration:	0.783039
Corr Time:		8.000000
Lambda:			0.015000
Dependency Matrix:
   [0]

Time Constraint Matrix:
   [Infinity]


**********************************
Task Number:		26
Maximum Score:		76.291683
Subtask Cost:		0.721174
Number of Sensors:	1.000000
Number of Subtasks:	1

Location:			[2.000000, 13.000000, 0.000000]
Sensor List:		[IR]
Subtask List:		[IR_{}]

Time Constraints:
Start Time:		0.000000
End Time:		Infinity
Task Duration:	0.779840
Corr Time:		8.000000
Lambda:			0.015000
Dependency Matrix:
   [0]

Time Constraint Matrix:
   [Infinity]


**********************************
Task Number:		27
Maximum Score:		41.967491
Subtask Cost:		0.886073
Number of Sensors:	1.000000
Number of Subtasks:	1

Location:			[33.000000, 3.000000, 0.000000]
Sensor List:		[MW]
Subtask List:		[MW_{}]

Time Constraints:
Start Time:		0.000000
End Time:		Infinity
Task Duration:	0.951476
Corr Time:		8.000000
Lambda:			0.015000
Dependency Matrix:
   [0]

Time Constraint Matrix:
   [Infinity]


**********************************
Task Number:		28
Maximum Score:		81.587093
Subtask Cost:		0.252909
Number of Sensors:	1.000000
Number of Subtasks:	1

Location:			[4.000000, 22.000000, 0.000000]
Sensor List:		[IR]
Subtask List:		[IR_{}]

Time Constraints:
Start Time:		0.000000
End Time:		Infinity
Task Duration:	0.901124
Corr Time:		8.000000
Lambda:			0.015000
Dependency Matrix:
   [0]

Time Constraint Matrix:
   [Infinity]


**********************************
Task Number:		29
Maximum Score:		27.124958
Subtask Cost:		0.840643
Number of Sensors:	1.000000
Number of Subtasks:	1

Location:			[22.000000, 27.000000, 0.000000]
Sensor List:		[MW]
Subtask List:		[MW_{}]

Time Constraints:
Start Time:		0.000000
End Time:		Infinity
Task Duration:	0.681849
Corr Time:		8.000000
Lambda:			0.015000
Dependency Matrix:
   [0]

Time Constraint Matrix:
   [Infinity]


**********************************
