---------------------------------------------------------------------------------------------------------------------------------------
TASK1	TASK1_L_{}	L-band		
TASK1	TASK1_L_{S}	L-band	S-band
TASK1	TASK1_S_{}	S-band		
TASK1	TASK1_S_{L}	S-band	L-band
---------------------------------------------------------------------------------------------------------------------------------------
TASK2	TASK2_L_{}	L-band		
TASK2	TASK2_L_{S}	L-band	S-band	1/1	SAT-2	2020-01-01T00:00:00.000	2020-01-01T15:32:45.000	2020-01-07T00:00:00.000	S-RAD	511.589093093423/5000.0	34.75442341078129/10.0	4083.714635025822	976.436326559648	29.88133358762899	5.410758157899136	8.999508157899136	3.58875
TASK2	TASK2_S_{}	S-band		
TASK2	TASK2_S_{L}	S-band	L-band	1/1	SAT-2	2020-01-01T00:00:00.000	2020-01-01T15:32:45.000	2020-01-07T00:00:00.000	S-RAD	511.589093093423/5000.0	44.57713574117698/10.0	4083.714635025822	976.436326559648	29.88133358762899	5.410758157899136	8.999508157899136	3.58875
---------------------------------------------------------------------------------------------------------------------------------------
TASK3	TASK3_L_{}	L-band		
TASK3	TASK3_L_{S}	L-band	S-band	1/1	SAT-1	2020-01-01T00:00:00.000	2020-01-01T13:55:50.000	2020-01-07T00:00:00.000	S-RAD	707.2405663908764/5000.0	36.537452758690904/10.0	4386.612248836478	701.4273940300662	14.728563032313419	15.132873772479517	18.721623772479518	3.58875
TASK3	TASK3_S_{}	S-band		
TASK3	TASK3_S_{L}	S-band	L-band	1/1	SAT-1	2020-01-01T00:00:00.000	2020-01-01T13:55:50.000	2020-01-07T00:00:00.000	S-RAD	707.2405663908764/5000.0	46.36016508908659/10.0	4386.612248836478	701.4273940300662	14.728563032313419	15.132873772479517	18.721623772479518	3.58875
---------------------------------------------------------------------------------------------------------------------------------------
TASK4	TASK4_L_{}	L-band		
TASK4	TASK4_L_{S}	L-band	S-band	1/1	SAT-1	2020-01-01T00:00:00.000	2020-01-01T14:21:50.000	2020-01-07T00:00:00.000	S-RAD	1615.359742935299/5000.0	40.73959145307698/10.0	4822.339935746022	302.86925119332153	38.49177269204781	9.784764703317443	13.373514703317444	3.58875
TASK4	TASK4_S_{}	S-band		
TASK4	TASK4_S_{L}	S-band	L-band	1/1	SAT-1	2020-01-01T00:00:00.000	2020-01-01T14:21:50.000	2020-01-07T00:00:00.000	S-RAD	1615.359742935299/5000.0	50.56230378347267/10.0	4822.339935746022	302.86925119332153	38.49177269204781	9.784764703317443	13.373514703317444	3.58875
---------------------------------------------------------------------------------------------------------------------------------------
TASK5	TASK5_L_{}	L-band		
TASK5	TASK5_L_{S}	L-band	S-band	1/1	SAT-2	2020-01-01T00:00:00.000	2020-01-01T00:29:40.000	2020-01-07T00:00:00.000	L-RAD	264.9500691207834/5000.0	28.416759442580762/10.0	2962.545324400928	1975.2945307654904	40.79724772350398	37.97016599897808	41.558916048891184	3.5887500499131075
TASK5	TASK5_S_{}	S-band		
TASK5	TASK5_S_{L}	S-band	L-band	1/1	SAT-2	2020-01-01T00:00:00.000	2020-01-01T00:29:40.000	2020-01-07T00:00:00.000	L-RAD	264.9500691207834/5000.0	38.239471772976444/10.0	2962.545324400928	1975.2945307654904	40.79724772350398	37.95730747261789	41.55248679226507	3.5951793196471824
---------------------------------------------------------------------------------------------------------------------------------------
TASK6	TASK6_L_{}	L-band		
TASK6	TASK6_L_{S}	L-band	S-band	1/1	SAT-2	2020-01-01T00:00:00.000	2020-01-01T01:03:15.000	2020-01-07T00:00:00.000	L-RAD	180.33380366993754/5000.0	16.29933369354991/10.0	1399.678968158309	3224.740355587767	21.074490281076933	36.838240904892494	40.42699099878954	3.588750093897051
TASK6	TASK6_S_{}	S-band		
TASK6	TASK6_S_{L}	S-band	L-band	1/1	SAT-1	2020-01-01T00:00:00.000	2020-01-01T00:38:05.000	2020-01-07T00:00:00.000	L-RAD	169.1362635851752/5000.0	19.552079084610355/10.0	793.7901142399272	3579.896656131681	10.85178292381111	37.374520937392724	40.96327102214197	3.588750084749243
---------------------------------------------------------------------------------------------------------------------------------------
TASK7	TASK7_L_{}	L-band		
TASK7	TASK7_L_{S}	L-band	S-band
TASK7	TASK7_S_{}	S-band		
TASK7	TASK7_S_{L}	S-band	L-band
---------------------------------------------------------------------------------------------------------------------------------------
TASK8	TASK8_L_{}	L-band		
TASK8	TASK8_L_{S}	L-band	S-band
TASK8	TASK8_S_{}	S-band		
TASK8	TASK8_S_{L}	S-band	L-band
---------------------------------------------------------------------------------------------------------------------------------------
TASK9	TASK9_L_{}	L-band		
TASK9	TASK9_L_{S}	L-band	S-band
TASK9	TASK9_S_{}	S-band			0/0	SAT-2	2020-01-01T00:00:00.000	2020-01-01T11:56:45.000	2020-01-07T00:00:00.000	S-RAD	2705.839702808678/5000.0	52.633272005446294/10.0	4957.012634367111	179.42118905671023	30.716789753778983	12.720306455304112	16.309056455304113	3.58875
TASK9	TASK9_S_{L}	S-band	L-band
---------------------------------------------------------------------------------------------------------------------------------------
TASK10	TASK10_L_{}	L-band		
TASK10	TASK10_L_{S}	L-band	S-band
TASK10	TASK10_S_{}	S-band			0/0	SAT-1	2020-01-01T00:00:00.000	2020-01-01T05:52:50.000	2020-01-07T00:00:00.000	S-RAD	810.7236871947988/5000.0	47.07206786329841/10.0	4486.347300027941	609.0388085684993	47.7092179547054	7.913491938380113	11.502241938380113	3.58875
TASK10	TASK10_S_{L}	S-band	L-band
---------------------------------------------------------------------------------------------------------------------------------------
TASK11	TASK11_L_{}	L-band		
TASK11	TASK11_L_{S}	L-band	S-band
TASK11	TASK11_S_{}	S-band		
TASK11	TASK11_S_{L}	S-band	L-band
---------------------------------------------------------------------------------------------------------------------------------------
TASK12	TASK12_L_{}	L-band		
TASK12	TASK12_L_{S}	L-band	S-band
TASK12	TASK12_S_{}	S-band		
TASK12	TASK12_S_{L}	S-band	L-band
---------------------------------------------------------------------------------------------------------------------------------------
TASK13	TASK13_L_{}	L-band		
TASK13	TASK13_L_{S}	L-band	S-band
TASK13	TASK13_S_{}	S-band		
TASK13	TASK13_S_{L}	S-band	L-band
---------------------------------------------------------------------------------------------------------------------------------------
TASK14	TASK14_L_{}	L-band		
TASK14	TASK14_L_{S}	L-band	S-band
TASK14	TASK14_S_{}	S-band		
TASK14	TASK14_S_{L}	S-band	L-band
---------------------------------------------------------------------------------------------------------------------------------------
TASK15	TASK15_L_{}	L-band		
TASK15	TASK15_L_{S}	L-band	S-band
TASK15	TASK15_S_{}	S-band		
TASK15	TASK15_S_{L}	S-band	L-band
---------------------------------------------------------------------------------------------------------------------------------------
TASK16	TASK16_L_{}	L-band		
---------------------------------------------------------------------------------------------------------------------------------------
TASK17	TASK17_L_{}	L-band		
---------------------------------------------------------------------------------------------------------------------------------------
TASK18	TASK18_L_{}	L-band			0/0	SAT-1	2020-01-01T00:00:00.000	2020-01-02T02:50:10.000	2020-01-07T00:00:00.000	S-RAD	579.8659395660135/5000.0	35.38153878399213/10.0	4213.011860835619	858.7991433547965	17.3967910016217	3.132164078426122	6.720914078426122	3.58875
---------------------------------------------------------------------------------------------------------------------------------------
TASK19	TASK19_L_{}	L-band		
---------------------------------------------------------------------------------------------------------------------------------------
TASK20	TASK20_L_{}	L-band		
---------------------------------------------------------------------------------------------------------------------------------------
TASK21	TASK21_L_{}	L-band			0/0	SAT-2	2020-01-01T00:00:00.000	2020-01-01T22:23:10.000	2020-01-07T00:00:00.000	S-RAD	468.5242453190028/5000.0	34.02230979408361/10.0	3979.9420571009896	1069.4941139065224	28.01010264271014	4.706362770939202	8.295112770939202	3.58875
---------------------------------------------------------------------------------------------------------------------------------------
TASK22	TASK22_L_{}	L-band		
---------------------------------------------------------------------------------------------------------------------------------------
TASK23	TASK23_S_{}	S-band		
---------------------------------------------------------------------------------------------------------------------------------------
TASK24	TASK24_S_{}	S-band		
---------------------------------------------------------------------------------------------------------------------------------------
TASK25	TASK25_S_{}	S-band			0/0	SAT-2	2020-01-01T00:00:00.000	2020-01-02T15:07:10.000	2020-01-07T00:00:00.000	S-RAD	901.3328644017099/5000.0	47.8799797542175/10.0	4555.443325737801	548.2175651830249	27.011004593175368	0.003677328712386352	3.5924273287123865	3.58875
---------------------------------------------------------------------------------------------------------------------------------------
TASK26	TASK26_S_{}	S-band			0/0	SAT-1	2020-01-01T00:00:00.000	2020-01-01T15:51:40.000	2020-01-07T00:00:00.000	S-RAD	1577.442802818808/5000.0	50.24877744070733/10.0	4813.879771692652	312.5732656462089	6.016536991566388	7.5698589881219	11.1586089881219	3.58875
---------------------------------------------------------------------------------------------------------------------------------------
TASK27	TASK27_S_{}	S-band		
---------------------------------------------------------------------------------------------------------------------------------------
TASK28	TASK28_S_{}	S-band			0/0	SAT-2	2020-01-01T00:00:00.000	2020-01-01T13:53:05.000	2020-01-07T00:00:00.000	S-RAD	539.4443880348551/5000.0	44.83143498712663/10.0	4140.50161221224	925.0174970293433	2.782717831262301	4.57703963006873	8.16578963006873	3.58875
---------------------------------------------------------------------------------------------------------------------------------------
TASK29	TASK29_S_{}	S-band			0/0	SAT-2	2020-01-01T00:00:00.000	2020-01-02T03:52:50.000	2020-01-07T00:00:00.000	S-RAD	581.3119928677021/5000.0	45.46745658501087/10.0	4216.751612107041	856.348011095895	27.598495517951697	0.3304232545781951	3.919173254578195	3.58875
---------------------------------------------------------------------------------------------------------------------------------------
TASK30	TASK30_S_{}	S-band			0/0	SAT-1	2020-01-01T00:00:00.000	2020-01-02T12:06:30.000	2020-01-07T00:00:00.000	S-RAD	4846.494142364002/5000.0	55.38068517684198/10.0	5045.3433655140025	99.42521895866017	20.82228396726136	3.377839015616713	6.966589015616713	3.58875
