__________________________________
          WINNING VECTORS         
__________________________________
Subtasks:			[IR_{}		IR_{MW}		MW_{}		MW_{IR}	|	IR_{}		IR_{MW}		MW_{}		MW_{IR}	|	IR_{}		IR_{MW}		MW_{}		MW_{IR}	|	IR_{}		IR_{MW}		MW_{}		MW_{IR}	|	IR_{}		IR_{MW}		MW_{}		MW_{IR}	|	IR_{}		IR_{MW}		MW_{}		MW_{IR}	|	IR_{}		IR_{MW}		MW_{}		MW_{IR}	|	IR_{}		IR_{MW}		MW_{}		MW_{IR}	|	IR_{}		IR_{MW}		MW_{}		MW_{IR}	|	IR_{}		IR_{MW}		MW_{}		MW_{IR}	|	IR_{}		IR_{MW}		MW_{}		MW_{IR}	|	IR_{}		IR_{MW}		MW_{}		MW_{IR}	|	IR_{}		IR_{MW}		MW_{}		MW_{IR}	|	IR_{}		IR_{MW}		MW_{}		MW_{IR}	|	IR_{}		IR_{MW}		MW_{}		MW_{IR}	|	IR_{}	|	IR_{}	|	IR_{}	|	IR_{}	|	IR_{}	|	IR_{}	|	IR_{}	|	IR_{}	|	MW_{}	|	MW_{}	|	MW_{}	|	MW_{}	|	MW_{}	|	MW_{}	|	MW_{}	]
Bids Score:			[0.000		20.714		0.000		21.185	|	0.000		4.945		0.000		4.865	|	0.000		28.355		0.000		23.767	|	0.000		0.000		0.000		0.000	|	0.000		16.601		0.000		17.737	|	0.000		0.000		0.000		0.000	|	0.000		0.000		0.000		0.000	|	0.000		13.372		0.000		9.700	|	0.000		0.000		0.000		0.000	|	0.000		0.000		0.000		0.000	|	0.000		0.000		0.000		0.000	|	0.000		0.000		0.954		0.000	|	0.000		0.000		0.000		0.000	|	0.000		0.000		0.000		0.000	|	0.000		8.297		0.000		5.581	|	26.507	|	0.000	|	26.634	|	8.141	|	6.503	|	1.742	|	0.660	|	16.039	|	13.121	|	0.000	|	41.038	|	3.468	|	0.000	|	0.000	|	24.941	]
Measurement Time:	[0.00		42.23		0.00		40.23	|	0.00		69.07		0.00		71.07	|	0.00		26.42		0.00		28.42	|	0.00		0.00		0.00		0.00	|	0.00		49.75		0.00		47.75	|	0.00		0.00		0.00		0.00	|	0.00		0.00		0.00		0.00	|	0.00		70.20		0.00		68.20	|	0.00		0.00		0.00		0.00	|	0.00		0.00		0.00		0.00	|	0.00		0.00		0.00		0.00	|	0.00		0.00		82.94		0.00	|	0.00		0.00		0.00		0.00	|	0.00		0.00		0.00		0.00	|	0.00		61.53		0.00		63.53	|	29.22	|	0.00	|	20.72	|	63.27	|	51.47	|	79.20	|	98.65	|	44.88	|	33.45	|	0.00	|	9.00	|	48.09	|	0.00	|	0.00	|	22.649	]
Iteration Assigned:	[0			6			0			8		|	0			152			0			222		|	0			2			0			2		|	0			0			0			0		|	0			56			0			56		|	0			0			0			0		|	0			0			0			0		|	0			140			0			210		|	0			0			0			0		|	0			0			0			0		|	0			0			0			0		|	0			0			1166		0		|	0			0			0			0		|	0			0			0			0		|	0			108			0			126		|	6		|	0		|	6		|	100		|	14		|	986		|	1030	|	2		|	2		|	0		|	0		|	74		|	0		|	0		|	2		]
Winners:			[-			4			-			3		|	-			1			-			2		|	-			1			-			2		|	-			-			-			-		|	-			4			-			3		|	-			-			-			-		|	-			-			-			-		|	-			4			-			3		|	-			-			-			-		|	-			-			-			-		|	-			-			-			-		|	-			-			3			-		|	-			-			-			-		|	-			-			-			-		|	-			1			-			2		|	4		|	-		|	4		|	4		|	1		|	4		|	4		|	1		|	2		|	-		|	2		|	2		|	-		|	-		|	3		]

__________________________________
        PERFORMANCE METRICS       
__________________________________
Coalitions Formed:		6
Coalitions Available:	15
Coalition Ratio:		40.00%

Score Achieved:			423.749
Score Available:		1061.021
Score Ratio:			39.94%

Merge Cost:				0.000000
Split Cost:				0.000000

Avg Cost per Research:	39.44%

Tasks Done:				18
Tasks Available:		30
Tasks Done Ratio:		60.00%

Tasks done w/ 1 sens:	12
Tasks done w/ 2 sens:	6
Tasks done w/ 3 sens:	0

Planning Horizon:		3

__________________________________
           AGENT LIST             
__________________________________
Agent Number:			1
Planning Horizon:		3
Max Const Iteration:	2
Max Solo Bids:			2
Max Any Bids:			5
Iteration Counter:		427
Final Resources:		37.417730

Location:				[36.946		31.636		0.000]
Sensor List:			[IR]
Bundle:					[9			67			64			57			5]
Path:					[9			67			64			57			5]
X-Path:
[	46.481	28.794	0.000,
	38.594	12.100	0.000,
	43.102	16.907	0.000,
	47.471	8.729	0.000,
	47.461	1.190	0.000,]
Time Assignments:		[26.421		44.884		51.474		61.526		69.065]

**********************************
Agent Number:			2
Planning Horizon:		3
Max Const Iteration:	2
Max Solo Bids:			2
Max Any Bids:			5
Iteration Counter:		1027
Final Resources:		29.784405

Location:				[23.265		26.736		0.000]
Sensor List:			[MW]
Bundle:					[70			11			68			71			59			7]
Path:					[70			11			68			71			59			7]
X-Path:
[	29.189	19.958	0.000,
	46.481	28.794	0.000,
	43.415	32.785	0.000,
	36.697	19.777	0.000,
	47.471	8.729	0.000,
	47.461	1.190	0.000,]
Time Assignments:		[9.002		28.421		33.454		48.095		63.526		71.065]

**********************************
Agent Number:			3
Planning Horizon:		3
Max Const Iteration:	2
Max Solo Bids:			2
Max Any Bids:			5
Iteration Counter:		1205
Final Resources:		30.397135

Location:				[10.186		5.164		0.000]
Sensor List:			[MW]
Bundle:					[74			3			19			31			46]
Path:					[74			3			19			31			46]
X-Path:
[	1.742	26.181	0.000,
	11.763	29.436	0.000,
	4.665	26.962	0.000,
	18.128	42.361	0.000,
	4.215	37.496	0.000,]
Time Assignments:		[22.649		40.228		47.746		68.202		82.941]

**********************************
Agent Number:			4
Planning Horizon:		3
Max Const Iteration:	2
Max Solo Bids:			2
Max Any Bids:			5
Iteration Counter:		1209
Final Resources:		23.518564

Location:				[17.825		47.446		0.000]
Sensor List:			[IR]
Bundle:					[62			60			1			17			63			29			65			66]
Path:					[62			60			1			17			63			29			65			66]
X-Path:
[	25.673	28.268	0.000,
	21.530	20.846	0.000,
	11.763	29.436	0.000,
	4.665	26.962	0.000,
	13.511	37.195	0.000,
	18.128	42.361	0.000,
	21.456	34.004	0.000,
	11.905	17.055	0.000,]
Time Assignments:		[20.721		29.221		42.228		49.746		63.273		70.202		79.198		98.652]
__________________________________
            TASK LIST             
__________________________________
Task Number:		0
Maximum Score:		86.142784
Subtask Cost:		0.011400
Number of Sensors:	2
Number of Subtasks:	4

Location:			[11.763092, 29.436481, 0.000000]
Sensor List:		[IR, MW]
Subtask List:		[IR_{}, IR_{MW}, MW_{}, MW_{IR}]

Time Constraints:
Start Time:		0.000000
End Time:		Infinity
Task Duration:	0.000000
Corr Time:		2.000000
Lambda:			0.015000
Dependency Matrix:
   [0	-1	-1	-1
	-1	0	-1	1
	-1	-1	0	-1
	-1	1	-1	0]

Time Constraint Matrix:
   [Infinity	Infinity	Infinity	Infinity
	Infinity	Infinity	Infinity	2.000000
	Infinity	Infinity	Infinity	Infinity
	Infinity	2.000000	Infinity	Infinity]


**********************************
Task Number:		1
Maximum Score:		38.606696
Subtask Cost:		0.011400
Number of Sensors:	2
Number of Subtasks:	4

Location:			[47.460747, 1.189728, 0.000000]
Sensor List:		[IR, MW]
Subtask List:		[IR_{}, IR_{MW}, MW_{}, MW_{IR}]

Time Constraints:
Start Time:		0.000000
End Time:		Infinity
Task Duration:	0.000000
Corr Time:		2.000000
Lambda:			0.015000
Dependency Matrix:
   [0	-1	-1	-1
	-1	0	-1	1
	-1	-1	0	-1
	-1	1	-1	0]

Time Constraint Matrix:
   [Infinity	Infinity	Infinity	Infinity
	Infinity	Infinity	Infinity	2.000000
	Infinity	Infinity	Infinity	Infinity
	Infinity	2.000000	Infinity	Infinity]


**********************************
Task Number:		2
Maximum Score:		88.537900
Subtask Cost:		0.011400
Number of Sensors:	2
Number of Subtasks:	4

Location:			[46.481077, 28.793887, 0.000000]
Sensor List:		[IR, MW]
Subtask List:		[IR_{}, IR_{MW}, MW_{}, MW_{IR}]

Time Constraints:
Start Time:		0.000000
End Time:		Infinity
Task Duration:	0.000000
Corr Time:		2.000000
Lambda:			0.015000
Dependency Matrix:
   [0	-1	-1	-1
	-1	0	-1	1
	-1	-1	0	-1
	-1	1	-1	0]

Time Constraint Matrix:
   [Infinity	Infinity	Infinity	Infinity
	Infinity	Infinity	Infinity	2.000000
	Infinity	Infinity	Infinity	Infinity
	Infinity	2.000000	Infinity	Infinity]


**********************************
Task Number:		3
Maximum Score:		30.974966
Subtask Cost:		0.011400
Number of Sensors:	2
Number of Subtasks:	4

Location:			[40.690735, 12.441370, 0.000000]
Sensor List:		[IR, MW]
Subtask List:		[IR_{}, IR_{MW}, MW_{}, MW_{IR}]

Time Constraints:
Start Time:		0.000000
End Time:		Infinity
Task Duration:	0.000000
Corr Time:		2.000000
Lambda:			0.015000
Dependency Matrix:
   [0	-1	-1	-1
	-1	0	-1	1
	-1	-1	0	-1
	-1	1	-1	0]

Time Constraint Matrix:
   [Infinity	Infinity	Infinity	Infinity
	Infinity	Infinity	Infinity	2.000000
	Infinity	Infinity	Infinity	Infinity
	Infinity	2.000000	Infinity	Infinity]


**********************************
Task Number:		4
Maximum Score:		80.391611
Subtask Cost:		0.011400
Number of Sensors:	2
Number of Subtasks:	4

Location:			[4.664582, 26.961535, 0.000000]
Sensor List:		[IR, MW]
Subtask List:		[IR_{}, IR_{MW}, MW_{}, MW_{IR}]

Time Constraints:
Start Time:		0.000000
End Time:		Infinity
Task Duration:	0.000000
Corr Time:		2.000000
Lambda:			0.015000
Dependency Matrix:
   [0	-1	-1	-1
	-1	0	-1	1
	-1	-1	0	-1
	-1	1	-1	0]

Time Constraint Matrix:
   [Infinity	Infinity	Infinity	Infinity
	Infinity	Infinity	Infinity	2.000000
	Infinity	Infinity	Infinity	Infinity
	Infinity	2.000000	Infinity	Infinity]


**********************************
Task Number:		5
Maximum Score:		36.260754
Subtask Cost:		0.011400
Number of Sensors:	2
Number of Subtasks:	4

Location:			[43.546883, 19.335045, 0.000000]
Sensor List:		[IR, MW]
Subtask List:		[IR_{}, IR_{MW}, MW_{}, MW_{IR}]

Time Constraints:
Start Time:		0.000000
End Time:		Infinity
Task Duration:	0.000000
Corr Time:		2.000000
Lambda:			0.015000
Dependency Matrix:
   [0	-1	-1	-1
	-1	0	-1	1
	-1	-1	0	-1
	-1	1	-1	0]

Time Constraint Matrix:
   [Infinity	Infinity	Infinity	Infinity
	Infinity	Infinity	Infinity	2.000000
	Infinity	Infinity	Infinity	Infinity
	Infinity	2.000000	Infinity	Infinity]


**********************************
Task Number:		6
Maximum Score:		22.457064
Subtask Cost:		0.011400
Number of Sensors:	2
Number of Subtasks:	4

Location:			[36.815973, 15.766152, 0.000000]
Sensor List:		[IR, MW]
Subtask List:		[IR_{}, IR_{MW}, MW_{}, MW_{IR}]

Time Constraints:
Start Time:		0.000000
End Time:		Infinity
Task Duration:	0.000000
Corr Time:		2.000000
Lambda:			0.015000
Dependency Matrix:
   [0	-1	-1	-1
	-1	0	-1	1
	-1	-1	0	-1
	-1	1	-1	0]

Time Constraint Matrix:
   [Infinity	Infinity	Infinity	Infinity
	Infinity	Infinity	Infinity	2.000000
	Infinity	Infinity	Infinity	Infinity
	Infinity	2.000000	Infinity	Infinity]


**********************************
Task Number:		7
Maximum Score:		79.904331
Subtask Cost:		0.011400
Number of Sensors:	2
Number of Subtasks:	4

Location:			[18.128239, 42.361492, 0.000000]
Sensor List:		[IR, MW]
Subtask List:		[IR_{}, IR_{MW}, MW_{}, MW_{IR}]

Time Constraints:
Start Time:		0.000000
End Time:		Infinity
Task Duration:	0.000000
Corr Time:		2.000000
Lambda:			0.015000
Dependency Matrix:
   [0	-1	-1	-1
	-1	0	-1	1
	-1	-1	0	-1
	-1	1	-1	0]

Time Constraint Matrix:
   [Infinity	Infinity	Infinity	Infinity
	Infinity	Infinity	Infinity	2.000000
	Infinity	Infinity	Infinity	Infinity
	Infinity	2.000000	Infinity	Infinity]


**********************************
Task Number:		8
Maximum Score:		15.337467
Subtask Cost:		0.011400
Number of Sensors:	2
Number of Subtasks:	4

Location:			[16.299377, 41.325114, 0.000000]
Sensor List:		[IR, MW]
Subtask List:		[IR_{}, IR_{MW}, MW_{}, MW_{IR}]

Time Constraints:
Start Time:		0.000000
End Time:		Infinity
Task Duration:	0.000000
Corr Time:		2.000000
Lambda:			0.015000
Dependency Matrix:
   [0	-1	-1	-1
	-1	0	-1	1
	-1	-1	0	-1
	-1	1	-1	0]

Time Constraint Matrix:
   [Infinity	Infinity	Infinity	Infinity
	Infinity	Infinity	Infinity	2.000000
	Infinity	Infinity	Infinity	Infinity
	Infinity	2.000000	Infinity	Infinity]


**********************************
Task Number:		9
Maximum Score:		18.061575
Subtask Cost:		0.011400
Number of Sensors:	2
Number of Subtasks:	4

Location:			[33.853626, 2.786915, 0.000000]
Sensor List:		[IR, MW]
Subtask List:		[IR_{}, IR_{MW}, MW_{}, MW_{IR}]

Time Constraints:
Start Time:		0.000000
End Time:		Infinity
Task Duration:	0.000000
Corr Time:		2.000000
Lambda:			0.015000
Dependency Matrix:
   [0	-1	-1	-1
	-1	0	-1	1
	-1	-1	0	-1
	-1	1	-1	0]

Time Constraint Matrix:
   [Infinity	Infinity	Infinity	Infinity
	Infinity	Infinity	Infinity	2.000000
	Infinity	Infinity	Infinity	Infinity
	Infinity	2.000000	Infinity	Infinity]


**********************************
Task Number:		10
Maximum Score:		36.950631
Subtask Cost:		0.011400
Number of Sensors:	2
Number of Subtasks:	4

Location:			[24.256842, 10.407994, 0.000000]
Sensor List:		[IR, MW]
Subtask List:		[IR_{}, IR_{MW}, MW_{}, MW_{IR}]

Time Constraints:
Start Time:		0.000000
End Time:		Infinity
Task Duration:	0.000000
Corr Time:		2.000000
Lambda:			0.015000
Dependency Matrix:
   [0	-1	-1	-1
	-1	0	-1	1
	-1	-1	0	-1
	-1	1	-1	0]

Time Constraint Matrix:
   [Infinity	Infinity	Infinity	Infinity
	Infinity	Infinity	Infinity	2.000000
	Infinity	Infinity	Infinity	Infinity
	Infinity	2.000000	Infinity	Infinity]


**********************************
Task Number:		11
Maximum Score:		49.521715
Subtask Cost:		0.011400
Number of Sensors:	2
Number of Subtasks:	4

Location:			[4.215245, 37.495549, 0.000000]
Sensor List:		[IR, MW]
Subtask List:		[IR_{}, IR_{MW}, MW_{}, MW_{IR}]

Time Constraints:
Start Time:		0.000000
End Time:		Infinity
Task Duration:	0.000000
Corr Time:		2.000000
Lambda:			0.015000
Dependency Matrix:
   [0	-1	-1	-1
	-1	0	-1	1
	-1	-1	0	-1
	-1	1	-1	0]

Time Constraint Matrix:
   [Infinity	Infinity	Infinity	Infinity
	Infinity	Infinity	Infinity	2.000000
	Infinity	Infinity	Infinity	Infinity
	Infinity	2.000000	Infinity	Infinity]


**********************************
Task Number:		12
Maximum Score:		19.213475
Subtask Cost:		0.011400
Number of Sensors:	2
Number of Subtasks:	4

Location:			[37.251881, 44.948395, 0.000000]
Sensor List:		[IR, MW]
Subtask List:		[IR_{}, IR_{MW}, MW_{}, MW_{IR}]

Time Constraints:
Start Time:		0.000000
End Time:		Infinity
Task Duration:	0.000000
Corr Time:		2.000000
Lambda:			0.015000
Dependency Matrix:
   [0	-1	-1	-1
	-1	0	-1	1
	-1	-1	0	-1
	-1	1	-1	0]

Time Constraint Matrix:
   [Infinity	Infinity	Infinity	Infinity
	Infinity	Infinity	Infinity	2.000000
	Infinity	Infinity	Infinity	Infinity
	Infinity	2.000000	Infinity	Infinity]


**********************************
Task Number:		13
Maximum Score:		3.076520
Subtask Cost:		0.011400
Number of Sensors:	2
Number of Subtasks:	4

Location:			[17.241213, 40.374207, 0.000000]
Sensor List:		[IR, MW]
Subtask List:		[IR_{}, IR_{MW}, MW_{}, MW_{IR}]

Time Constraints:
Start Time:		0.000000
End Time:		Infinity
Task Duration:	0.000000
Corr Time:		2.000000
Lambda:			0.015000
Dependency Matrix:
   [0	-1	-1	-1
	-1	0	-1	1
	-1	-1	0	-1
	-1	1	-1	0]

Time Constraint Matrix:
   [Infinity	Infinity	Infinity	Infinity
	Infinity	Infinity	Infinity	2.000000
	Infinity	Infinity	Infinity	Infinity
	Infinity	2.000000	Infinity	Infinity]


**********************************
Task Number:		14
Maximum Score:		52.880625
Subtask Cost:		0.011400
Number of Sensors:	2
Number of Subtasks:	4

Location:			[47.471165, 8.728515, 0.000000]
Sensor List:		[IR, MW]
Subtask List:		[IR_{}, IR_{MW}, MW_{}, MW_{IR}]

Time Constraints:
Start Time:		0.000000
End Time:		Infinity
Task Duration:	0.000000
Corr Time:		2.000000
Lambda:			0.015000
Dependency Matrix:
   [0	-1	-1	-1
	-1	0	-1	1
	-1	-1	0	-1
	-1	1	-1	0]

Time Constraint Matrix:
   [Infinity	Infinity	Infinity	Infinity
	Infinity	Infinity	Infinity	2.000000
	Infinity	Infinity	Infinity	Infinity
	Infinity	2.000000	Infinity	Infinity]


**********************************
Task Number:		15
Maximum Score:		44.930991
Subtask Cost:		0.011400
Number of Sensors:	1
Number of Subtasks:	1

Location:			[21.530344, 20.846490, 0.000000]
Sensor List:		[IR]
Subtask List:		[IR_{}]

Time Constraints:
Start Time:		0.000000
End Time:		Infinity
Task Duration:	0.000000
Corr Time:		2.000000
Lambda:			0.015000
Dependency Matrix:
   [0]

Time Constraint Matrix:
   [Infinity]


**********************************
Task Number:		16
Maximum Score:		4.732820
Subtask Cost:		0.011400
Number of Sensors:	1
Number of Subtasks:	1

Location:			[37.690540, 10.630138, 0.000000]
Sensor List:		[IR]
Subtask List:		[IR_{}]

Time Constraints:
Start Time:		0.000000
End Time:		Infinity
Task Duration:	0.000000
Corr Time:		2.000000
Lambda:			0.015000
Dependency Matrix:
   [0]

Time Constraint Matrix:
   [Infinity]


**********************************
Task Number:		17
Maximum Score:		44.569974
Subtask Cost:		0.011400
Number of Sensors:	1
Number of Subtasks:	1

Location:			[25.672900, 28.268484, 0.000000]
Sensor List:		[IR]
Subtask List:		[IR_{}]

Time Constraints:
Start Time:		0.000000
End Time:		Infinity
Task Duration:	0.000000
Corr Time:		2.000000
Lambda:			0.015000
Dependency Matrix:
   [0]

Time Constraint Matrix:
   [Infinity]


**********************************
Task Number:		18
Maximum Score:		32.102718
Subtask Cost:		0.011400
Number of Sensors:	1
Number of Subtasks:	1

Location:			[13.511043, 37.194949, 0.000000]
Sensor List:		[IR]
Subtask List:		[IR_{}]

Time Constraints:
Start Time:		0.000000
End Time:		Infinity
Task Duration:	0.000000
Corr Time:		2.000000
Lambda:			0.015000
Dependency Matrix:
   [0]

Time Constraint Matrix:
   [Infinity]


**********************************
Task Number:		19
Maximum Score:		18.584241
Subtask Cost:		0.011400
Number of Sensors:	1
Number of Subtasks:	1

Location:			[43.102275, 16.906520, 0.000000]
Sensor List:		[IR]
Subtask List:		[IR_{}]

Time Constraints:
Start Time:		0.000000
End Time:		Infinity
Task Duration:	0.000000
Corr Time:		2.000000
Lambda:			0.015000
Dependency Matrix:
   [0]

Time Constraint Matrix:
   [Infinity]


**********************************
Task Number:		20
Maximum Score:		15.457461
Subtask Cost:		0.011400
Number of Sensors:	1
Number of Subtasks:	1

Location:			[21.455784, 34.003623, 0.000000]
Sensor List:		[IR]
Subtask List:		[IR_{}]

Time Constraints:
Start Time:		0.000000
End Time:		Infinity
Task Duration:	0.000000
Corr Time:		2.000000
Lambda:			0.015000
Dependency Matrix:
   [0]

Time Constraint Matrix:
   [Infinity]


**********************************
Task Number:		21
Maximum Score:		27.255717
Subtask Cost:		0.011400
Number of Sensors:	1
Number of Subtasks:	1

Location:			[11.905003, 17.054945, 0.000000]
Sensor List:		[IR]
Subtask List:		[IR_{}]

Time Constraints:
Start Time:		0.000000
End Time:		Infinity
Task Duration:	0.000000
Corr Time:		2.000000
Lambda:			0.015000
Dependency Matrix:
   [0]

Time Constraint Matrix:
   [Infinity]


**********************************
Task Number:		22
Maximum Score:		41.161639
Subtask Cost:		0.011400
Number of Sensors:	1
Number of Subtasks:	1

Location:			[38.594148, 12.100247, 0.000000]
Sensor List:		[IR]
Subtask List:		[IR_{}]

Time Constraints:
Start Time:		0.000000
End Time:		Infinity
Task Duration:	0.000000
Corr Time:		2.000000
Lambda:			0.015000
Dependency Matrix:
   [0]

Time Constraint Matrix:
   [Infinity]


**********************************
Task Number:		23
Maximum Score:		24.666183
Subtask Cost:		0.011400
Number of Sensors:	1
Number of Subtasks:	1

Location:			[43.414798, 32.785103, 0.000000]
Sensor List:		[MW]
Subtask List:		[MW_{}]

Time Constraints:
Start Time:		0.000000
End Time:		Infinity
Task Duration:	0.000000
Corr Time:		2.000000
Lambda:			0.015000
Dependency Matrix:
   [0]

Time Constraint Matrix:
   [Infinity]


**********************************
Task Number:		24
Maximum Score:		12.138766
Subtask Cost:		0.011400
Number of Sensors:	1
Number of Subtasks:	1

Location:			[32.474965, 7.483253, 0.000000]
Sensor List:		[MW]
Subtask List:		[MW_{}]

Time Constraints:
Start Time:		0.000000
End Time:		Infinity
Task Duration:	0.000000
Corr Time:		2.000000
Lambda:			0.015000
Dependency Matrix:
   [0]

Time Constraint Matrix:
   [Infinity]


**********************************
Task Number:		25
Maximum Score:		49.782748
Subtask Cost:		0.011400
Number of Sensors:	1
Number of Subtasks:	1

Location:			[29.188617, 19.957583, 0.000000]
Sensor List:		[MW]
Subtask List:		[MW_{}]

Time Constraints:
Start Time:		0.000000
End Time:		Infinity
Task Duration:	0.000000
Corr Time:		2.000000
Lambda:			0.015000
Dependency Matrix:
   [0]

Time Constraint Matrix:
   [Infinity]


**********************************
Task Number:		26
Maximum Score:		16.210746
Subtask Cost:		0.011400
Number of Sensors:	1
Number of Subtasks:	1

Location:			[36.697381, 19.776879, 0.000000]
Sensor List:		[MW]
Subtask List:		[MW_{}]

Time Constraints:
Start Time:		0.000000
End Time:		Infinity
Task Duration:	0.000000
Corr Time:		2.000000
Lambda:			0.015000
Dependency Matrix:
   [0]

Time Constraint Matrix:
   [Infinity]


**********************************
Task Number:		27
Maximum Score:		25.852457
Subtask Cost:		0.011400
Number of Sensors:	1
Number of Subtasks:	1

Location:			[21.460953, 0.932934, 0.000000]
Sensor List:		[MW]
Subtask List:		[MW_{}]

Time Constraints:
Start Time:		0.000000
End Time:		Infinity
Task Duration:	0.000000
Corr Time:		2.000000
Lambda:			0.015000
Dependency Matrix:
   [0]

Time Constraint Matrix:
   [Infinity]


**********************************
Task Number:		28
Maximum Score:		0.587819
Subtask Cost:		0.011400
Number of Sensors:	1
Number of Subtasks:	1

Location:			[9.663667, 10.402703, 0.000000]
Sensor List:		[MW]
Subtask List:		[MW_{}]

Time Constraints:
Start Time:		0.000000
End Time:		Infinity
Task Duration:	0.000000
Corr Time:		2.000000
Lambda:			0.015000
Dependency Matrix:
   [0]

Time Constraint Matrix:
   [Infinity]


**********************************
Task Number:		29
Maximum Score:		44.668727
Subtask Cost:		0.011400
Number of Sensors:	1
Number of Subtasks:	1

Location:			[1.742498, 26.180658, 0.000000]
Sensor List:		[MW]
Subtask List:		[MW_{}]

Time Constraints:
Start Time:		0.000000
End Time:		Infinity
Task Duration:	0.000000
Corr Time:		2.000000
Lambda:			0.015000
Dependency Matrix:
   [0]

Time Constraint Matrix:
   [Infinity]

