TASK1:
Spatial Resolution Satisfaction:		0.9999971120921798
Signal-to-Noise Ratio Satisfaction:	0.5
Temporal Resolution Satisfaction:		0.0
Number of Measurements:	1
		TASK1_UHF_{}		{2020-01-07T07:19:27.000}	Spacecraft-1
---------------------------------------------------------------------------------
TASK2:
Spatial Resolution Satisfaction:		0.0
Signal-to-Noise Ratio Satisfaction:	0.0
Temporal Resolution Satisfaction:		0.0
Number of Measurements:	0
---------------------------------------------------------------------------------
TASK3:
Spatial Resolution Satisfaction:		0.0
Signal-to-Noise Ratio Satisfaction:	0.0
Temporal Resolution Satisfaction:		0.0
Number of Measurements:	0
---------------------------------------------------------------------------------
TASK4:
Spatial Resolution Satisfaction:		1.0
Signal-to-Noise Ratio Satisfaction:	0.5
Temporal Resolution Satisfaction:		0.0
Number of Measurements:	1
		TASK4_UHF_{}		{2020-01-07T17:17:20.000}	Spacecraft-1
---------------------------------------------------------------------------------
TASK5:
Spatial Resolution Satisfaction:		0.0
Signal-to-Noise Ratio Satisfaction:	0.0
Temporal Resolution Satisfaction:		0.0
Number of Measurements:	0
---------------------------------------------------------------------------------
TASK6:
Spatial Resolution Satisfaction:		1.0
Signal-to-Noise Ratio Satisfaction:	0.5
Temporal Resolution Satisfaction:		0.0
Number of Measurements:	1
		TASK6_UHF_{}		{2020-01-06T14:08:54.000}	Spacecraft-1
---------------------------------------------------------------------------------
TASK7:
Spatial Resolution Satisfaction:		1.0
Signal-to-Noise Ratio Satisfaction:	0.5
Temporal Resolution Satisfaction:		0.9775000373245917
Number of Measurements:	4
		TASK7_UHF_{}		{2020-01-04T05:54:54.000}	Spacecraft-1
		TASK7_UHF_{}		{2020-01-04T18:12:26.000}	Spacecraft-1
		TASK7_UHF_{}		{2020-01-07T05:44:06.000}	Spacecraft-1
		TASK7_UHF_{}		{2020-01-07T18:01:39.000}	Spacecraft-1
---------------------------------------------------------------------------------
TASK8:
Spatial Resolution Satisfaction:		0.9999999139471366
Signal-to-Noise Ratio Satisfaction:	0.5
Temporal Resolution Satisfaction:		0.9796953564003692
Number of Measurements:	2
		TASK8_UHF_{}		{2020-01-06T20:03:54.000}	Spacecraft-1
		TASK8_UHF_{}		{2020-01-07T20:32:31.000}	Spacecraft-1
---------------------------------------------------------------------------------
TASK9:
Spatial Resolution Satisfaction:		1.0
Signal-to-Noise Ratio Satisfaction:	0.5
Temporal Resolution Satisfaction:		0.0
Number of Measurements:	1
		TASK9_UHF_{}		{2020-01-07T05:54:40.000}	Spacecraft-1
---------------------------------------------------------------------------------
TASK10:
Spatial Resolution Satisfaction:		0.0
Signal-to-Noise Ratio Satisfaction:	0.0
Temporal Resolution Satisfaction:		0.0
Number of Measurements:	0
---------------------------------------------------------------------------------
TASK11:
Spatial Resolution Satisfaction:		0.9999999999999942
Signal-to-Noise Ratio Satisfaction:	0.5
Temporal Resolution Satisfaction:		0.0
Number of Measurements:	1
		TASK11_UHF_{}		{2020-01-07T17:14:55.000}	Spacecraft-1
---------------------------------------------------------------------------------
TASK12:
Spatial Resolution Satisfaction:		0.0
Signal-to-Noise Ratio Satisfaction:	0.0
Temporal Resolution Satisfaction:		0.0
Number of Measurements:	0
---------------------------------------------------------------------------------
TASK13:
Spatial Resolution Satisfaction:		0.0
Signal-to-Noise Ratio Satisfaction:	0.0
Temporal Resolution Satisfaction:		0.0
Number of Measurements:	0
---------------------------------------------------------------------------------
TASK14:
Spatial Resolution Satisfaction:		0.0
Signal-to-Noise Ratio Satisfaction:	0.0
Temporal Resolution Satisfaction:		0.0
Number of Measurements:	0
---------------------------------------------------------------------------------
TASK15:
Spatial Resolution Satisfaction:		0.0
Signal-to-Noise Ratio Satisfaction:	0.0
Temporal Resolution Satisfaction:		0.0
Number of Measurements:	0
---------------------------------------------------------------------------------
TASK16:
Spatial Resolution Satisfaction:		0.0
Signal-to-Noise Ratio Satisfaction:	0.0
Temporal Resolution Satisfaction:		0.0
Number of Measurements:	0
---------------------------------------------------------------------------------
TASK17:
Spatial Resolution Satisfaction:		1.0
Signal-to-Noise Ratio Satisfaction:	0.5
Temporal Resolution Satisfaction:		0.0
Number of Measurements:	1
		TASK17_UHF_{}		{2020-01-07T17:09:23.000}	Spacecraft-1
---------------------------------------------------------------------------------
TASK18:
Spatial Resolution Satisfaction:		0.0
Signal-to-Noise Ratio Satisfaction:	0.0
Temporal Resolution Satisfaction:		0.0
Number of Measurements:	0
---------------------------------------------------------------------------------
TASK19:
Spatial Resolution Satisfaction:		0.0
Signal-to-Noise Ratio Satisfaction:	0.0
Temporal Resolution Satisfaction:		0.0
Number of Measurements:	0
---------------------------------------------------------------------------------
TASK20:
Spatial Resolution Satisfaction:		0.0
Signal-to-Noise Ratio Satisfaction:	0.0
Temporal Resolution Satisfaction:		0.0
Number of Measurements:	0
---------------------------------------------------------------------------------
TASK21:
Spatial Resolution Satisfaction:		0.0
Signal-to-Noise Ratio Satisfaction:	0.0
Temporal Resolution Satisfaction:		0.0
Number of Measurements:	0
---------------------------------------------------------------------------------
TASK22:
Spatial Resolution Satisfaction:		0.0
Signal-to-Noise Ratio Satisfaction:	0.0
Temporal Resolution Satisfaction:		0.0
Number of Measurements:	0
---------------------------------------------------------------------------------
TASK23:
Spatial Resolution Satisfaction:		1.0
Signal-to-Noise Ratio Satisfaction:	0.5
Temporal Resolution Satisfaction:		0.0
Number of Measurements:	1
		TASK23_UHF_{}		{2020-01-07T14:48:33.000}	Spacecraft-1
---------------------------------------------------------------------------------
TASK24:
Spatial Resolution Satisfaction:		1.0
Signal-to-Noise Ratio Satisfaction:	0.5
Temporal Resolution Satisfaction:		0.0
Number of Measurements:	1
		TASK24_UHF_{}		{2020-01-06T01:57:41.000}	Spacecraft-1
---------------------------------------------------------------------------------
TASK25:
Spatial Resolution Satisfaction:		0.0
Signal-to-Noise Ratio Satisfaction:	0.0
Temporal Resolution Satisfaction:		0.0
Number of Measurements:	0
---------------------------------------------------------------------------------
TASK26:
Spatial Resolution Satisfaction:		0.0
Signal-to-Noise Ratio Satisfaction:	0.0
Temporal Resolution Satisfaction:		0.0
Number of Measurements:	0
---------------------------------------------------------------------------------
TASK27:
Spatial Resolution Satisfaction:		0.0
Signal-to-Noise Ratio Satisfaction:	0.0
Temporal Resolution Satisfaction:		0.0
Number of Measurements:	0
---------------------------------------------------------------------------------
TASK28:
Spatial Resolution Satisfaction:		0.0
Signal-to-Noise Ratio Satisfaction:	0.0
Temporal Resolution Satisfaction:		0.0
Number of Measurements:	0
---------------------------------------------------------------------------------
TASK29:
Spatial Resolution Satisfaction:		0.0
Signal-to-Noise Ratio Satisfaction:	0.0
Temporal Resolution Satisfaction:		0.0
Number of Measurements:	0
---------------------------------------------------------------------------------
TASK30:
Spatial Resolution Satisfaction:		0.0
Signal-to-Noise Ratio Satisfaction:	0.0
Temporal Resolution Satisfaction:		0.0
Number of Measurements:	0
---------------------------------------------------------------------------------
