Task Number:		0
Maximum Score:		53.209075
Subtask Cost Type:		Proportional
Subtask Cost:		0.011400
Number of Sensors:	2
Number of Subtasks:	4

Location:			[37.288443, 4.198204, 0.000000]
Sensor List:		[IR, MW]
Subtask List:		[IR_{}, IR_{MW}, MW_{}, MW_{IR}]

Time Constraints:
Start Time:		0.000000
End Time:		Infinity
Task Duration:	0.000000
Corr Time:		2.000000
Lambda:			0.015000
Dependency Matrix:
   [0	-1	-1	-1
	-1	0	-1	1
	-1	-1	0	-1
	-1	1	-1	0]

Time Constraint Matrix:
   [Infinity	Infinity	Infinity	Infinity
	Infinity	Infinity	Infinity	2.000000
	Infinity	Infinity	Infinity	Infinity
	Infinity	2.000000	Infinity	Infinity]


**********************************
Task Number:		1
Maximum Score:		91.498401
Subtask Cost Type:		Proportional
Subtask Cost:		0.011400
Number of Sensors:	2
Number of Subtasks:	4

Location:			[2.722030, 26.314231, 0.000000]
Sensor List:		[IR, MW]
Subtask List:		[IR_{}, IR_{MW}, MW_{}, MW_{IR}]

Time Constraints:
Start Time:		0.000000
End Time:		Infinity
Task Duration:	0.000000
Corr Time:		2.000000
Lambda:			0.015000
Dependency Matrix:
   [0	-1	-1	-1
	-1	0	-1	1
	-1	-1	0	-1
	-1	1	-1	0]

Time Constraint Matrix:
   [Infinity	Infinity	Infinity	Infinity
	Infinity	Infinity	Infinity	2.000000
	Infinity	Infinity	Infinity	Infinity
	Infinity	2.000000	Infinity	Infinity]


**********************************
Task Number:		2
Maximum Score:		30.788060
Subtask Cost Type:		Proportional
Subtask Cost:		0.011400
Number of Sensors:	2
Number of Subtasks:	4

Location:			[41.079325, 44.357514, 0.000000]
Sensor List:		[IR, MW]
Subtask List:		[IR_{}, IR_{MW}, MW_{}, MW_{IR}]

Time Constraints:
Start Time:		0.000000
End Time:		Infinity
Task Duration:	0.000000
Corr Time:		2.000000
Lambda:			0.015000
Dependency Matrix:
   [0	-1	-1	-1
	-1	0	-1	1
	-1	-1	0	-1
	-1	1	-1	0]

Time Constraint Matrix:
   [Infinity	Infinity	Infinity	Infinity
	Infinity	Infinity	Infinity	2.000000
	Infinity	Infinity	Infinity	Infinity
	Infinity	2.000000	Infinity	Infinity]


**********************************
Task Number:		3
Maximum Score:		11.484716
Subtask Cost Type:		Proportional
Subtask Cost:		0.011400
Number of Sensors:	2
Number of Subtasks:	4

Location:			[46.080506, 32.479565, 0.000000]
Sensor List:		[IR, MW]
Subtask List:		[IR_{}, IR_{MW}, MW_{}, MW_{IR}]

Time Constraints:
Start Time:		0.000000
End Time:		Infinity
Task Duration:	0.000000
Corr Time:		2.000000
Lambda:			0.015000
Dependency Matrix:
   [0	-1	-1	-1
	-1	0	-1	1
	-1	-1	0	-1
	-1	1	-1	0]

Time Constraint Matrix:
   [Infinity	Infinity	Infinity	Infinity
	Infinity	Infinity	Infinity	2.000000
	Infinity	Infinity	Infinity	Infinity
	Infinity	2.000000	Infinity	Infinity]


**********************************
Task Number:		4
Maximum Score:		10.984641
Subtask Cost Type:		Proportional
Subtask Cost:		0.011400
Number of Sensors:	2
Number of Subtasks:	4

Location:			[37.020365, 16.470746, 0.000000]
Sensor List:		[IR, MW]
Subtask List:		[IR_{}, IR_{MW}, MW_{}, MW_{IR}]

Time Constraints:
Start Time:		0.000000
End Time:		Infinity
Task Duration:	0.000000
Corr Time:		2.000000
Lambda:			0.015000
Dependency Matrix:
   [0	-1	-1	-1
	-1	0	-1	1
	-1	-1	0	-1
	-1	1	-1	0]

Time Constraint Matrix:
   [Infinity	Infinity	Infinity	Infinity
	Infinity	Infinity	Infinity	2.000000
	Infinity	Infinity	Infinity	Infinity
	Infinity	2.000000	Infinity	Infinity]


**********************************
Task Number:		5
Maximum Score:		49.588712
Subtask Cost Type:		Proportional
Subtask Cost:		0.011400
Number of Sensors:	2
Number of Subtasks:	4

Location:			[31.855635, 44.618960, 0.000000]
Sensor List:		[IR, MW]
Subtask List:		[IR_{}, IR_{MW}, MW_{}, MW_{IR}]

Time Constraints:
Start Time:		0.000000
End Time:		Infinity
Task Duration:	0.000000
Corr Time:		2.000000
Lambda:			0.015000
Dependency Matrix:
   [0	-1	-1	-1
	-1	0	-1	1
	-1	-1	0	-1
	-1	1	-1	0]

Time Constraint Matrix:
   [Infinity	Infinity	Infinity	Infinity
	Infinity	Infinity	Infinity	2.000000
	Infinity	Infinity	Infinity	Infinity
	Infinity	2.000000	Infinity	Infinity]


**********************************
Task Number:		6
Maximum Score:		52.913229
Subtask Cost Type:		Proportional
Subtask Cost:		0.011400
Number of Sensors:	2
Number of Subtasks:	4

Location:			[26.413019, 31.436766, 0.000000]
Sensor List:		[IR, MW]
Subtask List:		[IR_{}, IR_{MW}, MW_{}, MW_{IR}]

Time Constraints:
Start Time:		0.000000
End Time:		Infinity
Task Duration:	0.000000
Corr Time:		2.000000
Lambda:			0.015000
Dependency Matrix:
   [0	-1	-1	-1
	-1	0	-1	1
	-1	-1	0	-1
	-1	1	-1	0]

Time Constraint Matrix:
   [Infinity	Infinity	Infinity	Infinity
	Infinity	Infinity	Infinity	2.000000
	Infinity	Infinity	Infinity	Infinity
	Infinity	2.000000	Infinity	Infinity]


**********************************
Task Number:		7
Maximum Score:		31.162472
Subtask Cost Type:		Proportional
Subtask Cost:		0.011400
Number of Sensors:	2
Number of Subtasks:	4

Location:			[13.664311, 1.768531, 0.000000]
Sensor List:		[IR, MW]
Subtask List:		[IR_{}, IR_{MW}, MW_{}, MW_{IR}]

Time Constraints:
Start Time:		0.000000
End Time:		Infinity
Task Duration:	0.000000
Corr Time:		2.000000
Lambda:			0.015000
Dependency Matrix:
   [0	-1	-1	-1
	-1	0	-1	1
	-1	-1	0	-1
	-1	1	-1	0]

Time Constraint Matrix:
   [Infinity	Infinity	Infinity	Infinity
	Infinity	Infinity	Infinity	2.000000
	Infinity	Infinity	Infinity	Infinity
	Infinity	2.000000	Infinity	Infinity]


**********************************
Task Number:		8
Maximum Score:		86.171041
Subtask Cost Type:		Proportional
Subtask Cost:		0.011400
Number of Sensors:	2
Number of Subtasks:	4

Location:			[3.915464, 19.620811, 0.000000]
Sensor List:		[IR, MW]
Subtask List:		[IR_{}, IR_{MW}, MW_{}, MW_{IR}]

Time Constraints:
Start Time:		0.000000
End Time:		Infinity
Task Duration:	0.000000
Corr Time:		2.000000
Lambda:			0.015000
Dependency Matrix:
   [0	-1	-1	-1
	-1	0	-1	1
	-1	-1	0	-1
	-1	1	-1	0]

Time Constraint Matrix:
   [Infinity	Infinity	Infinity	Infinity
	Infinity	Infinity	Infinity	2.000000
	Infinity	Infinity	Infinity	Infinity
	Infinity	2.000000	Infinity	Infinity]


**********************************
Task Number:		9
Maximum Score:		78.540468
Subtask Cost Type:		Proportional
Subtask Cost:		0.011400
Number of Sensors:	2
Number of Subtasks:	4

Location:			[36.539637, 38.075171, 0.000000]
Sensor List:		[IR, MW]
Subtask List:		[IR_{}, IR_{MW}, MW_{}, MW_{IR}]

Time Constraints:
Start Time:		0.000000
End Time:		Infinity
Task Duration:	0.000000
Corr Time:		2.000000
Lambda:			0.015000
Dependency Matrix:
   [0	-1	-1	-1
	-1	0	-1	1
	-1	-1	0	-1
	-1	1	-1	0]

Time Constraint Matrix:
   [Infinity	Infinity	Infinity	Infinity
	Infinity	Infinity	Infinity	2.000000
	Infinity	Infinity	Infinity	Infinity
	Infinity	2.000000	Infinity	Infinity]


**********************************
Task Number:		10
Maximum Score:		67.054613
Subtask Cost Type:		Proportional
Subtask Cost:		0.011400
Number of Sensors:	2
Number of Subtasks:	4

Location:			[41.922965, 21.798276, 0.000000]
Sensor List:		[IR, MW]
Subtask List:		[IR_{}, IR_{MW}, MW_{}, MW_{IR}]

Time Constraints:
Start Time:		0.000000
End Time:		Infinity
Task Duration:	0.000000
Corr Time:		2.000000
Lambda:			0.015000
Dependency Matrix:
   [0	-1	-1	-1
	-1	0	-1	1
	-1	-1	0	-1
	-1	1	-1	0]

Time Constraint Matrix:
   [Infinity	Infinity	Infinity	Infinity
	Infinity	Infinity	Infinity	2.000000
	Infinity	Infinity	Infinity	Infinity
	Infinity	2.000000	Infinity	Infinity]


**********************************
Task Number:		11
Maximum Score:		71.356816
Subtask Cost Type:		Proportional
Subtask Cost:		0.011400
Number of Sensors:	2
Number of Subtasks:	4

Location:			[28.497160, 35.824582, 0.000000]
Sensor List:		[IR, MW]
Subtask List:		[IR_{}, IR_{MW}, MW_{}, MW_{IR}]

Time Constraints:
Start Time:		0.000000
End Time:		Infinity
Task Duration:	0.000000
Corr Time:		2.000000
Lambda:			0.015000
Dependency Matrix:
   [0	-1	-1	-1
	-1	0	-1	1
	-1	-1	0	-1
	-1	1	-1	0]

Time Constraint Matrix:
   [Infinity	Infinity	Infinity	Infinity
	Infinity	Infinity	Infinity	2.000000
	Infinity	Infinity	Infinity	Infinity
	Infinity	2.000000	Infinity	Infinity]


**********************************
Task Number:		12
Maximum Score:		8.806290
Subtask Cost Type:		Proportional
Subtask Cost:		0.011400
Number of Sensors:	2
Number of Subtasks:	4

Location:			[12.088845, 39.539650, 0.000000]
Sensor List:		[IR, MW]
Subtask List:		[IR_{}, IR_{MW}, MW_{}, MW_{IR}]

Time Constraints:
Start Time:		0.000000
End Time:		Infinity
Task Duration:	0.000000
Corr Time:		2.000000
Lambda:			0.015000
Dependency Matrix:
   [0	-1	-1	-1
	-1	0	-1	1
	-1	-1	0	-1
	-1	1	-1	0]

Time Constraint Matrix:
   [Infinity	Infinity	Infinity	Infinity
	Infinity	Infinity	Infinity	2.000000
	Infinity	Infinity	Infinity	Infinity
	Infinity	2.000000	Infinity	Infinity]


**********************************
Task Number:		13
Maximum Score:		62.471585
Subtask Cost Type:		Proportional
Subtask Cost:		0.011400
Number of Sensors:	2
Number of Subtasks:	4

Location:			[45.893929, 28.514503, 0.000000]
Sensor List:		[IR, MW]
Subtask List:		[IR_{}, IR_{MW}, MW_{}, MW_{IR}]

Time Constraints:
Start Time:		0.000000
End Time:		Infinity
Task Duration:	0.000000
Corr Time:		2.000000
Lambda:			0.015000
Dependency Matrix:
   [0	-1	-1	-1
	-1	0	-1	1
	-1	-1	0	-1
	-1	1	-1	0]

Time Constraint Matrix:
   [Infinity	Infinity	Infinity	Infinity
	Infinity	Infinity	Infinity	2.000000
	Infinity	Infinity	Infinity	Infinity
	Infinity	2.000000	Infinity	Infinity]


**********************************
Task Number:		14
Maximum Score:		12.114342
Subtask Cost Type:		Proportional
Subtask Cost:		0.011400
Number of Sensors:	2
Number of Subtasks:	4

Location:			[11.980633, 25.472270, 0.000000]
Sensor List:		[IR, MW]
Subtask List:		[IR_{}, IR_{MW}, MW_{}, MW_{IR}]

Time Constraints:
Start Time:		0.000000
End Time:		Infinity
Task Duration:	0.000000
Corr Time:		2.000000
Lambda:			0.015000
Dependency Matrix:
   [0	-1	-1	-1
	-1	0	-1	1
	-1	-1	0	-1
	-1	1	-1	0]

Time Constraint Matrix:
   [Infinity	Infinity	Infinity	Infinity
	Infinity	Infinity	Infinity	2.000000
	Infinity	Infinity	Infinity	Infinity
	Infinity	2.000000	Infinity	Infinity]


**********************************
Task Number:		15
Maximum Score:		6.525390
Subtask Cost Type:		Proportional
Subtask Cost:		0.011400
Number of Sensors:	1
Number of Subtasks:	1

Location:			[14.172333, 21.562929, 0.000000]
Sensor List:		[IR]
Subtask List:		[IR_{}]

Time Constraints:
Start Time:		0.000000
End Time:		Infinity
Task Duration:	0.000000
Corr Time:		2.000000
Lambda:			0.015000
Dependency Matrix:
   [0]

Time Constraint Matrix:
   [Infinity]


**********************************
Task Number:		16
Maximum Score:		29.843159
Subtask Cost Type:		Proportional
Subtask Cost:		0.011400
Number of Sensors:	1
Number of Subtasks:	1

Location:			[32.851603, 25.812784, 0.000000]
Sensor List:		[IR]
Subtask List:		[IR_{}]

Time Constraints:
Start Time:		0.000000
End Time:		Infinity
Task Duration:	0.000000
Corr Time:		2.000000
Lambda:			0.015000
Dependency Matrix:
   [0]

Time Constraint Matrix:
   [Infinity]


**********************************
Task Number:		17
Maximum Score:		5.144098
Subtask Cost Type:		Proportional
Subtask Cost:		0.011400
Number of Sensors:	1
Number of Subtasks:	1

Location:			[22.258735, 45.236845, 0.000000]
Sensor List:		[IR]
Subtask List:		[IR_{}]

Time Constraints:
Start Time:		0.000000
End Time:		Infinity
Task Duration:	0.000000
Corr Time:		2.000000
Lambda:			0.015000
Dependency Matrix:
   [0]

Time Constraint Matrix:
   [Infinity]


**********************************
Task Number:		18
Maximum Score:		13.293211
Subtask Cost Type:		Proportional
Subtask Cost:		0.011400
Number of Sensors:	1
Number of Subtasks:	1

Location:			[39.714806, 13.672218, 0.000000]
Sensor List:		[IR]
Subtask List:		[IR_{}]

Time Constraints:
Start Time:		0.000000
End Time:		Infinity
Task Duration:	0.000000
Corr Time:		2.000000
Lambda:			0.015000
Dependency Matrix:
   [0]

Time Constraint Matrix:
   [Infinity]


**********************************
Task Number:		19
Maximum Score:		29.412071
Subtask Cost Type:		Proportional
Subtask Cost:		0.011400
Number of Sensors:	1
Number of Subtasks:	1

Location:			[18.767478, 36.084288, 0.000000]
Sensor List:		[IR]
Subtask List:		[IR_{}]

Time Constraints:
Start Time:		0.000000
End Time:		Infinity
Task Duration:	0.000000
Corr Time:		2.000000
Lambda:			0.015000
Dependency Matrix:
   [0]

Time Constraint Matrix:
   [Infinity]


**********************************
Task Number:		20
Maximum Score:		9.643156
Subtask Cost Type:		Proportional
Subtask Cost:		0.011400
Number of Sensors:	1
Number of Subtasks:	1

Location:			[1.445805, 28.582702, 0.000000]
Sensor List:		[IR]
Subtask List:		[IR_{}]

Time Constraints:
Start Time:		0.000000
End Time:		Infinity
Task Duration:	0.000000
Corr Time:		2.000000
Lambda:			0.015000
Dependency Matrix:
   [0]

Time Constraint Matrix:
   [Infinity]


**********************************
Task Number:		21
Maximum Score:		22.340641
Subtask Cost Type:		Proportional
Subtask Cost:		0.011400
Number of Sensors:	1
Number of Subtasks:	1

Location:			[22.464620, 12.725165, 0.000000]
Sensor List:		[IR]
Subtask List:		[IR_{}]

Time Constraints:
Start Time:		0.000000
End Time:		Infinity
Task Duration:	0.000000
Corr Time:		2.000000
Lambda:			0.015000
Dependency Matrix:
   [0]

Time Constraint Matrix:
   [Infinity]


**********************************
Task Number:		22
Maximum Score:		4.024998
Subtask Cost Type:		Proportional
Subtask Cost:		0.011400
Number of Sensors:	1
Number of Subtasks:	1

Location:			[47.967052, 43.264603, 0.000000]
Sensor List:		[IR]
Subtask List:		[IR_{}]

Time Constraints:
Start Time:		0.000000
End Time:		Infinity
Task Duration:	0.000000
Corr Time:		2.000000
Lambda:			0.015000
Dependency Matrix:
   [0]

Time Constraint Matrix:
   [Infinity]


**********************************
Task Number:		23
Maximum Score:		21.621393
Subtask Cost Type:		Proportional
Subtask Cost:		0.011400
Number of Sensors:	1
Number of Subtasks:	1

Location:			[7.987201, 24.821884, 0.000000]
Sensor List:		[MW]
Subtask List:		[MW_{}]

Time Constraints:
Start Time:		0.000000
End Time:		Infinity
Task Duration:	0.000000
Corr Time:		2.000000
Lambda:			0.015000
Dependency Matrix:
   [0]

Time Constraint Matrix:
   [Infinity]


**********************************
Task Number:		24
Maximum Score:		4.186684
Subtask Cost Type:		Proportional
Subtask Cost:		0.011400
Number of Sensors:	1
Number of Subtasks:	1

Location:			[24.979782, 24.221825, 0.000000]
Sensor List:		[MW]
Subtask List:		[MW_{}]

Time Constraints:
Start Time:		0.000000
End Time:		Infinity
Task Duration:	0.000000
Corr Time:		2.000000
Lambda:			0.015000
Dependency Matrix:
   [0]

Time Constraint Matrix:
   [Infinity]


**********************************
Task Number:		25
Maximum Score:		7.669468
Subtask Cost Type:		Proportional
Subtask Cost:		0.011400
Number of Sensors:	1
Number of Subtasks:	1

Location:			[41.501164, 30.770644, 0.000000]
Sensor List:		[MW]
Subtask List:		[MW_{}]

Time Constraints:
Start Time:		0.000000
End Time:		Infinity
Task Duration:	0.000000
Corr Time:		2.000000
Lambda:			0.015000
Dependency Matrix:
   [0]

Time Constraint Matrix:
   [Infinity]


**********************************
Task Number:		26
Maximum Score:		25.810792
Subtask Cost Type:		Proportional
Subtask Cost:		0.011400
Number of Sensors:	1
Number of Subtasks:	1

Location:			[47.851164, 45.792194, 0.000000]
Sensor List:		[MW]
Subtask List:		[MW_{}]

Time Constraints:
Start Time:		0.000000
End Time:		Infinity
Task Duration:	0.000000
Corr Time:		2.000000
Lambda:			0.015000
Dependency Matrix:
   [0]

Time Constraint Matrix:
   [Infinity]


**********************************
Task Number:		27
Maximum Score:		21.641709
Subtask Cost Type:		Proportional
Subtask Cost:		0.011400
Number of Sensors:	1
Number of Subtasks:	1

Location:			[34.316231, 47.833503, 0.000000]
Sensor List:		[MW]
Subtask List:		[MW_{}]

Time Constraints:
Start Time:		0.000000
End Time:		Infinity
Task Duration:	0.000000
Corr Time:		2.000000
Lambda:			0.015000
Dependency Matrix:
   [0]

Time Constraint Matrix:
   [Infinity]


**********************************
Task Number:		28
Maximum Score:		23.433805
Subtask Cost Type:		Proportional
Subtask Cost:		0.011400
Number of Sensors:	1
Number of Subtasks:	1

Location:			[23.621524, 23.853478, 0.000000]
Sensor List:		[MW]
Subtask List:		[MW_{}]

Time Constraints:
Start Time:		0.000000
End Time:		Infinity
Task Duration:	0.000000
Corr Time:		2.000000
Lambda:			0.015000
Dependency Matrix:
   [0]

Time Constraint Matrix:
   [Infinity]


**********************************
Task Number:		29
Maximum Score:		13.154214
Subtask Cost Type:		Proportional
Subtask Cost:		0.011400
Number of Sensors:	1
Number of Subtasks:	1

Location:			[16.054673, 5.618690, 0.000000]
Sensor List:		[MW]
Subtask List:		[MW_{}]

Time Constraints:
Start Time:		0.000000
End Time:		Infinity
Task Duration:	0.000000
Corr Time:		2.000000
Lambda:			0.015000
Dependency Matrix:
   [0]

Time Constraint Matrix:
   [Infinity]


**********************************
