---------------------------------------------------------------------------------------------------------------------------------------
TASK1	TASK1_L_{}	L-band		
TASK1	TASK1_L_{S}	L-band	S-band
TASK1	TASK1_S_{}	S-band		
TASK1	TASK1_S_{L}	S-band	L-band
---------------------------------------------------------------------------------------------------------------------------------------
TASK2	TASK2_L_{}	L-band		
TASK2	TASK2_L_{S}	L-band	S-band	1/1	SAT-L2	2020-01-01T00:00:00.000	2020-01-01T01:04:05.000	2020-01-07T00:00:00.000	L-RAD	178.52628421434522/5000.0	15.57270623406134/10.0	1325.4673660417493	3274.9529603821097	47.16026154776982	27.32735511415429	30.91610514042987	3.588750026275581
TASK2	TASK2_S_{}	S-band		
TASK2	TASK2_S_{L}	S-band	L-band	1/1	SAT-S1	2020-01-01T00:00:00.000	2020-01-01T01:29:05.000	2020-01-07T00:00:00.000	S-RAD	226.43288402979584/5000.0	35.186184451742704/10.0	2493.4011804016486	2376.794639372731	36.05806130605104	26.914748548371062	30.50349859984247	3.5887500514714055
---------------------------------------------------------------------------------------------------------------------------------------
TASK3	TASK3_L_{}	L-band			0/0	SAT-L2	2020-01-01T00:00:00.000	2020-01-02T04:41:15.000	2020-01-07T00:00:00.000	L-RAD	838.917853770553/5000.0	37.68948049857447/10.0	4510.160520577205	590.1434729835293	1.4877123689122114	1.872001864646216	5.460751864646216	3.58875
TASK3	TASK3_L_{S}	L-band	S-band
TASK3	TASK3_S_{}	S-band		
TASK3	TASK3_S_{L}	S-band	L-band
---------------------------------------------------------------------------------------------------------------------------------------
TASK4	TASK4_L_{}	L-band			0/0	SAT-L2	2020-01-01T00:00:00.000	2020-01-01T10:01:15.000	2020-01-07T00:00:00.000	L-RAD	490.87598979537466/5000.0	34.59033494250173/10.0	4037.313156487049	1019.3075924273448	17.635351222651906	11.980261407656247	15.569011407656248	3.58875
TASK4	TASK4_L_{S}	L-band	S-band
TASK4	TASK4_S_{}	S-band		
TASK4	TASK4_S_{L}	S-band	L-band
---------------------------------------------------------------------------------------------------------------------------------------
TASK5	TASK5_L_{}	L-band			0/0	SAT-L1	2020-01-01T00:00:00.000	2020-01-02T00:06:50.000	2020-01-07T00:00:00.000	L-RAD	468.27267829968514/5000.0	34.28705250132235/10.0	3981.113947095194	1069.5845532657104	43.420644540641774	0.29972418456244254	3.8884741845624426	3.58875
TASK5	TASK5_L_{S}	L-band	S-band
TASK5	TASK5_S_{}	S-band		
TASK5	TASK5_S_{L}	S-band	L-band
---------------------------------------------------------------------------------------------------------------------------------------
TASK6	TASK6_L_{}	L-band		
TASK6	TASK6_L_{S}	L-band	S-band
TASK6	TASK6_S_{}	S-band		
TASK6	TASK6_S_{L}	S-band	L-band
---------------------------------------------------------------------------------------------------------------------------------------
TASK7	TASK7_L_{}	L-band		
TASK7	TASK7_L_{S}	L-band	S-band
TASK7	TASK7_S_{}	S-band			0/0	SAT-S2	2020-01-01T00:00:00.000	2020-01-01T06:49:35.000	2020-01-07T00:00:00.000	S-RAD	529.7353232467387/5000.0	44.9605515998809/10.0	4122.694976276249	942.221366882381	21.225298494498578	1.1072936046861361	4.696043604686136	3.58875
TASK7	TASK7_S_{L}	S-band	L-band
---------------------------------------------------------------------------------------------------------------------------------------
TASK8	TASK8_L_{}	L-band		
TASK8	TASK8_L_{S}	L-band	S-band	1/1	SAT-L1	2020-01-01T00:00:00.000	2020-01-01T00:42:45.000	2020-01-07T00:00:00.000	L-RAD	183.2427901571065/5000.0	17.362713531934787/10.0	1509.8199502627042	3147.9245459765043	31.43945161960179	37.42810459357639	41.016854649199495	3.5887500556231045
TASK8	TASK8_S_{}	S-band		
TASK8	TASK8_S_{L}	S-band	L-band	1/1	SAT-S2	2020-01-01T00:00:00.000	2020-01-01T00:17:55.000	2020-01-07T00:00:00.000	S-RAD	271.0727122681795/5000.0	38.60334476762094/10.0	3020.940814266125	1924.5038241638867	46.489082283428324	37.96432991781425	41.55308005148075	3.5887501336665073
---------------------------------------------------------------------------------------------------------------------------------------
TASK9	TASK9_L_{}	L-band			0/0	SAT-L1	2020-01-01T00:00:00.000	2020-01-01T16:58:10.000	2020-01-07T00:00:00.000	L-RAD	512.1977227943438/5000.0	34.8737983307553/10.0	4085.6789904678913	975.3333996602905	26.82906882388068	9.360674473724657	12.949424473724658	3.58875
TASK9	TASK9_L_{S}	L-band	S-band
TASK9	TASK9_S_{}	S-band		
TASK9	TASK9_S_{L}	S-band	L-band
---------------------------------------------------------------------------------------------------------------------------------------
TASK10	TASK10_L_{}	L-band		
TASK10	TASK10_L_{S}	L-band	S-band
TASK10	TASK10_S_{}	S-band		
TASK10	TASK10_S_{L}	S-band	L-band
---------------------------------------------------------------------------------------------------------------------------------------
TASK11	TASK11_L_{}	L-band		
TASK11	TASK11_L_{S}	L-band	S-band
TASK11	TASK11_S_{}	S-band		
TASK11	TASK11_S_{L}	S-band	L-band
---------------------------------------------------------------------------------------------------------------------------------------
TASK12	TASK12_L_{}	L-band			0/0	SAT-L2	2020-01-01T00:00:00.000	2020-01-01T18:50:00.000	2020-01-07T00:00:00.000	L-RAD	917.99436273053/5000.0	38.11928390344101/10.0	4566.402319813902	538.4890678810233	18.999102302771245	6.089348016933619	9.67809801693362	3.58875
TASK12	TASK12_L_{S}	L-band	S-band
TASK12	TASK12_S_{}	S-band		
TASK12	TASK12_S_{L}	S-band	L-band
---------------------------------------------------------------------------------------------------------------------------------------
TASK13	TASK13_L_{}	L-band			0/0	SAT-L2	2020-01-01T00:00:00.000	2020-01-01T03:45:15.000	2020-01-07T00:00:00.000	L-RAD	2400.4040214181746/5000.0	42.50088439212762/10.0	4931.851984109147	196.38095938083896	59.96636452068462	10.536814804529268	14.125564804529267	3.58875
TASK13	TASK13_L_{S}	L-band	S-band
TASK13	TASK13_S_{}	S-band		
TASK13	TASK13_S_{L}	S-band	L-band
---------------------------------------------------------------------------------------------------------------------------------------
TASK14	TASK14_L_{}	L-band		
TASK14	TASK14_L_{S}	L-band	S-band
TASK14	TASK14_S_{}	S-band		
TASK14	TASK14_S_{L}	S-band	L-band
---------------------------------------------------------------------------------------------------------------------------------------
TASK15	TASK15_L_{}	L-band		
TASK15	TASK15_L_{S}	L-band	S-band
TASK15	TASK15_S_{}	S-band			0/0	SAT-S2	2020-01-01T00:00:00.000	2020-01-01T19:40:35.000	2020-01-07T00:00:00.000	S-RAD	4205.103807180852/5000.0	54.896792783060214/10.0	5028.464410314496	115.46360980884135	19.74922028944449	6.340972878871876	9.929722878871877	3.58875
TASK15	TASK15_S_{L}	S-band	L-band
---------------------------------------------------------------------------------------------------------------------------------------
TASK16	TASK16_L_{}	L-band			0/0	SAT-L2	2020-01-01T00:00:00.000	2020-01-01T22:05:00.000	2020-01-07T00:00:00.000	L-RAD	2778.4713305129526/5000.0	43.245873311361464/10.0	4962.587962188305	177.31328470602722	0.19345990563038395	1.0212633331353773	4.610013333135377	3.58875
---------------------------------------------------------------------------------------------------------------------------------------
TASK17	TASK17_L_{}	L-band			0/0	SAT-L1	2020-01-01T00:00:00.000	2020-01-01T03:16:10.000	2020-01-07T00:00:00.000	L-RAD	4051.679599111119/5000.0	44.92317683571549/10.0	5023.617549945562	93.34907466003541	77.81763418708924	15.557400555360363	19.146150555360364	3.58875
---------------------------------------------------------------------------------------------------------------------------------------
TASK18	TASK18_L_{}	L-band			0/0	SAT-L2	2020-01-01T00:00:00.000	2020-01-01T15:16:55.000	2020-01-07T00:00:00.000	L-RAD	653.4511699333193/5000.0	35.922157354351604/10.0	4321.046024178019	759.3728397262229	39.218329678976566	11.387948186015144	14.976698186015145	3.58875
---------------------------------------------------------------------------------------------------------------------------------------
TASK19	TASK19_L_{}	L-band			0/0	SAT-L1	2020-01-01T00:00:00.000	2020-01-01T23:31:00.000	2020-01-07T00:00:00.000	L-RAD	602.2100620983706/5000.0	35.75223402900198/10.0	4249.7127930128445	826.2913132993195	12.72465514997571	5.6415231405598325	9.230273140559833	3.58875
---------------------------------------------------------------------------------------------------------------------------------------
TASK20	TASK20_L_{}	L-band		
---------------------------------------------------------------------------------------------------------------------------------------
TASK21	TASK21_L_{}	L-band		
---------------------------------------------------------------------------------------------------------------------------------------
TASK22	TASK22_L_{}	L-band			0/0	SAT-L1	2020-01-01T00:00:00.000	2020-01-02T00:50:30.000	2020-01-07T00:00:00.000	L-RAD	4727.38488288927/5000.0	45.47157751229865/10.0	5042.55259508825	104.17969048949811	0.3757445182507491	0.5103333588835062	4.099083358883506	3.58875
---------------------------------------------------------------------------------------------------------------------------------------
TASK23	TASK23_S_{}	S-band		
---------------------------------------------------------------------------------------------------------------------------------------
TASK24	TASK24_S_{}	S-band			0/0	SAT-S1	2020-01-01T00:00:00.000	2020-01-01T00:53:25.000	2020-01-07T00:00:00.000	S-RAD	1622.684015601184/5000.0	50.65554812172336/10.0	4823.9888229142325	302.1238581930111	32.91484468132396	16.81672365383336	20.40547365383336	3.58875
---------------------------------------------------------------------------------------------------------------------------------------
TASK25	TASK25_S_{}	S-band		
---------------------------------------------------------------------------------------------------------------------------------------
TASK26	TASK26_S_{}	S-band			0/0	SAT-S1	2020-01-01T00:00:00.000	2020-01-01T22:48:15.000	2020-01-07T00:00:00.000	S-RAD	1228.6139646106321/5000.0	49.0917986606615/10.0	4716.0300443126425	399.8833427743648	38.98298571792346	7.161870543341432	10.750620543341432	3.58875
---------------------------------------------------------------------------------------------------------------------------------------
TASK27	TASK27_S_{}	S-band		
---------------------------------------------------------------------------------------------------------------------------------------
TASK28	TASK28_S_{}	S-band		
---------------------------------------------------------------------------------------------------------------------------------------
TASK29	TASK29_S_{}	S-band			0/0	SAT-S1	2020-01-01T00:00:00.000	2020-01-01T18:24:40.000	2020-01-07T00:00:00.000	S-RAD	6020.056144159437/5000.0	56.39553269867715/10.0	5067.079658047787	78.70554041920123	22.154330276452434	6.182635729533787	9.771385729533787	3.58875
---------------------------------------------------------------------------------------------------------------------------------------
TASK30	TASK30_S_{}	S-band			0/0	SAT-S1	2020-01-01T00:00:00.000	2020-01-01T01:34:25.000	2020-01-07T00:00:00.000	S-RAD	485.2938686847593/5000.0	44.348047638514174/10.0	4023.9871369973257	1031.5478221362214	8.199992164338983	15.036301574278866	18.625051574278867	3.58875
