__________________________________
          WINNING VECTORS         
__________________________________
Subtasks:			[IR_{}		IR_{MW}		MW_{}		MW_{IR}	|	IR_{}		IR_{MW}		MW_{}		MW_{IR}	|	IR_{}		IR_{MW}		MW_{}		MW_{IR}	|	IR_{}		IR_{MW}		MW_{}		MW_{IR}	|	IR_{}		IR_{MW}		MW_{}		MW_{IR}	|	IR_{}		IR_{MW}		MW_{}		MW_{IR}	|	IR_{}		IR_{MW}		MW_{}		MW_{IR}	|	IR_{}		IR_{MW}		MW_{}		MW_{IR}	|	IR_{}		IR_{MW}		MW_{}		MW_{IR}	|	IR_{}		IR_{MW}		MW_{}		MW_{IR}	|	IR_{}		IR_{MW}		MW_{}		MW_{IR}	|	IR_{}		IR_{MW}		MW_{}		MW_{IR}	|	IR_{}		IR_{MW}		MW_{}		MW_{IR}	|	IR_{}		IR_{MW}		MW_{}		MW_{IR}	|	IR_{}		IR_{MW}		MW_{}		MW_{IR}	|	IR_{}	|	IR_{}	|	IR_{}	|	IR_{}	|	IR_{}	|	IR_{}	|	IR_{}	|	IR_{}	|	MW_{}	|	MW_{}	|	MW_{}	|	MW_{}	|	MW_{}	|	MW_{}	|	MW_{}	]
Bids Score:			[0.000		7.651		0.000		8.499	|	0.000		9.236		0.000		11.040	|	0.000		13.137		0.000		12.059	|	0.000		6.235		0.000		6.844	|	0.000		24.386		0.000		25.303	|	0.000		0.000		0.000		0.000	|	0.000		7.086		0.000		7.517	|	0.000		0.000		0.000		0.000	|	0.000		24.230		0.000		25.452	|	0.000		13.232		0.000		14.344	|	0.000		16.695		0.000		18.250	|	0.000		0.000		0.000		0.000	|	0.000		0.000		0.000		0.000	|	25.295		0.000		0.000		0.000	|	0.000		29.889		0.000		30.473	|	0.000	|	2.177	|	0.000	|	31.264	|	8.407	|	0.000	|	28.605	|	0.000	|	14.993	|	39.193	|	0.000	|	2.705	|	5.061	|	0.000	|	0.000	]
Measurement Time:	[0.00		78.71		0.00		74.71	|	0.00		67.03		0.00		63.03	|	0.00		43.13		0.00		47.13	|	0.00		75.61		0.00		71.61	|	0.00		29.71		0.00		33.71	|	0.00		0.00		0.00		0.00	|	0.00		86.46		0.00		82.46	|	0.00		0.00		0.00		0.00	|	0.00		34.36		0.00		30.36	|	0.00		53.77		0.00		49.77	|	0.00		43.68		0.00		39.68	|	0.00		0.00		0.00		0.00	|	0.00		0.00		0.00		0.00	|	8.65		0.00		0.00		0.00	|	0.00		25.62		0.00		21.62	|	0.00	|	88.66	|	0.00	|	2.32	|	48.97	|	0.00	|	19.68	|	0.00	|	24.03	|	5.32	|	0.00	|	80.59	|	84.43	|	0.00	|	0.000	]
Iteration Assigned:	[0			294			0			462		|	0			250			0			366		|	0			192			0			234		|	0			190			0			358		|	0			188			0			228		|	0			0			0			0		|	0			338			0			552		|	0			0			0			0		|	0			18			0			16		|	0			146			0			262		|	0			102			0			166		|	0			0			0			0		|	0			0			0			0		|	130			0			0			0		|	0			10			0			10		|	0		|	240		|	0		|	6		|	210		|	0		|	10		|	0		|	24		|	0		|	0		|	408		|	596		|	0		|	0		]
Winners:			[-			3			-			2		|	-			3			-			2		|	-			3			-			2		|	-			4			-			1		|	-			3			-			2		|	-			-			-			-		|	-			3			-			2		|	-			-			-			-		|	-			4			-			1		|	-			4			-			1		|	-			4			-			1		|	-			-			-			-		|	-			-			-			-		|	3			-			-			-		|	-			4			-			1		|	-		|	4		|	-		|	3		|	3		|	-		|	4		|	-		|	2		|	1		|	-		|	1		|	2		|	-		|	-		]

__________________________________
        PERFORMANCE METRICS       
__________________________________
Coalitions Formed:		10
Coalitions Available:	15
Coalition Ratio:		66.67%

Score Achieved:			574.313
Score Available:		1474.040
Score Ratio:			38.96%

Merge Cost:				0.000000
Split Cost:				0.000000

Avg Cost per Research:	52.53%

Tasks Done:				19
Tasks Available:		30
Tasks Done Ratio:		63.33%

Tasks done w/ 1 sens:	9
Tasks done w/ 2 sens:	10
Tasks done w/ 3 sens:	0

Planning Horizon:		3

__________________________________
           AGENT LIST             
__________________________________
Agent Number:			1
Planning Horizon:		3
Max Const Iteration:	2
Max Solo Bids:			2
Max Any Bids:			5
Iteration Counter:		527
Final Resources:		25.786653

Location:				[23.443		3.905		0.000]
Sensor List:			[MW]
Bundle:					[69			59			35			43			39			15			71]
Path:					[69			59			35			43			39			15			71]
X-Path:
[	27.278	7.596	0.000,
	24.802	16.790	0.000,
	16.507	14.040	0.000,
	10.791	6.689	0.000,
	4.676	14.717	0.000,
	23.710	3.995	0.000,
	14.751	3.545	0.000,]
Time Assignments:		[5.323		21.624		30.364		39.676		49.768		71.615		80.586]

**********************************
Agent Number:			2
Planning Horizon:		3
Max Const Iteration:	2
Max Solo Bids:			2
Max Any Bids:			5
Iteration Counter:		715
Final Resources:		23.662181

Location:				[2.383		42.025		0.000]
Sensor List:			[MW]
Bundle:					[68			19			11			7			3			27			72]
Path:					[68			19			11			7			3			27			72]
X-Path:
[	14.301	21.161	0.000,
	20.963	28.184	0.000,
	34.300	29.690	0.000,
	47.874	24.139	0.000,
	43.213	13.432	0.000,
	39.142	6.831	0.000,
	40.094	5.114	0.000,]
Time Assignments:		[24.029		33.709		47.131		63.029		74.708		82.462		84.425]

**********************************
Agent Number:			3
Planning Horizon:		3
Max Const Iteration:	2
Max Solo Bids:			2
Max Any Bids:			5
Iteration Counter:		519
Final Resources:		23.321647

Location:				[38.952		36.956		0.000]
Sensor List:			[IR]
Bundle:					[63			52			17			9			64			5			1			25]
Path:					[63			52			17			9			64			5			1			25]
X-Path:
[	37.148	35.489	0.000,
	33.477	40.641	0.000,
	20.963	28.184	0.000,
	34.300	29.690	0.000,
	29.897	25.856	0.000,
	47.874	24.139	0.000,
	43.213	13.432	0.000,
	39.142	6.831	0.000,]
Time Assignments:		[2.325		8.651		29.709		43.131		48.970		67.029		78.708		86.462]

**********************************
Agent Number:			4
Planning Horizon:		3
Max Const Iteration:	2
Max Solo Bids:			2
Max Any Bids:			5
Iteration Counter:		419
Final Resources:		22.174767

Location:				[1.243		6.845		0.000]
Sensor List:			[IR]
Bundle:					[66			57			33			41			37			13			61]
Path:					[66			57			33			41			37			13			61]
X-Path:
[	19.091	15.130	0.000,
	24.802	16.790	0.000,
	16.507	14.040	0.000,
	10.791	6.689	0.000,
	4.676	14.717	0.000,
	23.710	3.995	0.000,
	18.384	15.909	0.000,]
Time Assignments:		[19.677		25.624		34.364		43.676		53.768		75.615		88.665]
__________________________________
            TASK LIST             
__________________________________
Task Number:		0
Maximum Score:		74.412118
Subtask Cost:		0.011400
Number of Sensors:	2
Number of Subtasks:	4

Location:			[43.212604, 13.431609, 0.000000]
Sensor List:		[IR, MW]
Subtask List:		[IR_{}, IR_{MW}, MW_{}, MW_{IR}]

Time Constraints:
Start Time:		0.000000
End Time:		Infinity
Task Duration:	0.000000
Corr Time:		4.000000
Lambda:			0.015000
Dependency Matrix:
   [0	-1	-1	-1
	-1	0	-1	1
	-1	-1	0	-1
	-1	1	-1	0]

Time Constraint Matrix:
   [Infinity	Infinity	Infinity	Infinity
	Infinity	Infinity	Infinity	4.000000
	Infinity	Infinity	Infinity	Infinity
	Infinity	4.000000	Infinity	Infinity]


**********************************
Task Number:		1
Maximum Score:		79.697275
Subtask Cost:		0.011400
Number of Sensors:	2
Number of Subtasks:	4

Location:			[47.874426, 24.139366, 0.000000]
Sensor List:		[IR, MW]
Subtask List:		[IR_{}, IR_{MW}, MW_{}, MW_{IR}]

Time Constraints:
Start Time:		0.000000
End Time:		Infinity
Task Duration:	0.000000
Corr Time:		4.000000
Lambda:			0.015000
Dependency Matrix:
   [0	-1	-1	-1
	-1	0	-1	1
	-1	-1	0	-1
	-1	1	-1	0]

Time Constraint Matrix:
   [Infinity	Infinity	Infinity	Infinity
	Infinity	Infinity	Infinity	4.000000
	Infinity	Infinity	Infinity	Infinity
	Infinity	4.000000	Infinity	Infinity]


**********************************
Task Number:		2
Maximum Score:		65.873930
Subtask Cost:		0.011400
Number of Sensors:	2
Number of Subtasks:	4

Location:			[34.300168, 29.690363, 0.000000]
Sensor List:		[IR, MW]
Subtask List:		[IR_{}, IR_{MW}, MW_{}, MW_{IR}]

Time Constraints:
Start Time:		0.000000
End Time:		Infinity
Task Duration:	0.000000
Corr Time:		4.000000
Lambda:			0.015000
Dependency Matrix:
   [0	-1	-1	-1
	-1	0	-1	1
	-1	-1	0	-1
	-1	1	-1	0]

Time Constraint Matrix:
   [Infinity	Infinity	Infinity	Infinity
	Infinity	Infinity	Infinity	4.000000
	Infinity	Infinity	Infinity	Infinity
	Infinity	4.000000	Infinity	Infinity]


**********************************
Task Number:		3
Maximum Score:		78.800378
Subtask Cost:		0.011400
Number of Sensors:	2
Number of Subtasks:	4

Location:			[23.710159, 3.995288, 0.000000]
Sensor List:		[IR, MW]
Subtask List:		[IR_{}, IR_{MW}, MW_{}, MW_{IR}]

Time Constraints:
Start Time:		0.000000
End Time:		Infinity
Task Duration:	0.000000
Corr Time:		4.000000
Lambda:			0.015000
Dependency Matrix:
   [0	-1	-1	-1
	-1	0	-1	1
	-1	-1	0	-1
	-1	1	-1	0]

Time Constraint Matrix:
   [Infinity	Infinity	Infinity	Infinity
	Infinity	Infinity	Infinity	4.000000
	Infinity	Infinity	Infinity	Infinity
	Infinity	4.000000	Infinity	Infinity]


**********************************
Task Number:		4
Maximum Score:		93.520448
Subtask Cost:		0.011400
Number of Sensors:	2
Number of Subtasks:	4

Location:			[20.962926, 28.183764, 0.000000]
Sensor List:		[IR, MW]
Subtask List:		[IR_{}, IR_{MW}, MW_{}, MW_{IR}]

Time Constraints:
Start Time:		0.000000
End Time:		Infinity
Task Duration:	0.000000
Corr Time:		4.000000
Lambda:			0.015000
Dependency Matrix:
   [0	-1	-1	-1
	-1	0	-1	1
	-1	-1	0	-1
	-1	1	-1	0]

Time Constraint Matrix:
   [Infinity	Infinity	Infinity	Infinity
	Infinity	Infinity	Infinity	4.000000
	Infinity	Infinity	Infinity	Infinity
	Infinity	4.000000	Infinity	Infinity]


**********************************
Task Number:		5
Maximum Score:		50.700909
Subtask Cost:		0.011400
Number of Sensors:	2
Number of Subtasks:	4

Location:			[35.946039, 23.716684, 0.000000]
Sensor List:		[IR, MW]
Subtask List:		[IR_{}, IR_{MW}, MW_{}, MW_{IR}]

Time Constraints:
Start Time:		0.000000
End Time:		Infinity
Task Duration:	0.000000
Corr Time:		4.000000
Lambda:			0.015000
Dependency Matrix:
   [0	-1	-1	-1
	-1	0	-1	1
	-1	-1	0	-1
	-1	1	-1	0]

Time Constraint Matrix:
   [Infinity	Infinity	Infinity	Infinity
	Infinity	Infinity	Infinity	4.000000
	Infinity	Infinity	Infinity	Infinity
	Infinity	4.000000	Infinity	Infinity]


**********************************
Task Number:		6
Maximum Score:		70.462350
Subtask Cost:		0.011400
Number of Sensors:	2
Number of Subtasks:	4

Location:			[39.142184, 6.830923, 0.000000]
Sensor List:		[IR, MW]
Subtask List:		[IR_{}, IR_{MW}, MW_{}, MW_{IR}]

Time Constraints:
Start Time:		0.000000
End Time:		Infinity
Task Duration:	0.000000
Corr Time:		4.000000
Lambda:			0.015000
Dependency Matrix:
   [0	-1	-1	-1
	-1	0	-1	1
	-1	-1	0	-1
	-1	1	-1	0]

Time Constraint Matrix:
   [Infinity	Infinity	Infinity	Infinity
	Infinity	Infinity	Infinity	4.000000
	Infinity	Infinity	Infinity	Infinity
	Infinity	4.000000	Infinity	Infinity]


**********************************
Task Number:		7
Maximum Score:		67.497416
Subtask Cost:		0.011400
Number of Sensors:	2
Number of Subtasks:	4

Location:			[34.179031, 43.988561, 0.000000]
Sensor List:		[IR, MW]
Subtask List:		[IR_{}, IR_{MW}, MW_{}, MW_{IR}]

Time Constraints:
Start Time:		0.000000
End Time:		Infinity
Task Duration:	0.000000
Corr Time:		4.000000
Lambda:			0.015000
Dependency Matrix:
   [0	-1	-1	-1
	-1	0	-1	1
	-1	-1	0	-1
	-1	1	-1	0]

Time Constraint Matrix:
   [Infinity	Infinity	Infinity	Infinity
	Infinity	Infinity	Infinity	4.000000
	Infinity	Infinity	Infinity	Infinity
	Infinity	4.000000	Infinity	Infinity]


**********************************
Task Number:		8
Maximum Score:		89.918708
Subtask Cost:		0.011400
Number of Sensors:	2
Number of Subtasks:	4

Location:			[16.506950, 14.040446, 0.000000]
Sensor List:		[IR, MW]
Subtask List:		[IR_{}, IR_{MW}, MW_{}, MW_{IR}]

Time Constraints:
Start Time:		0.000000
End Time:		Infinity
Task Duration:	0.000000
Corr Time:		4.000000
Lambda:			0.015000
Dependency Matrix:
   [0	-1	-1	-1
	-1	0	-1	1
	-1	-1	0	-1
	-1	1	-1	0]

Time Constraint Matrix:
   [Infinity	Infinity	Infinity	Infinity
	Infinity	Infinity	Infinity	4.000000
	Infinity	Infinity	Infinity	Infinity
	Infinity	4.000000	Infinity	Infinity]


**********************************
Task Number:		9
Maximum Score:		74.578920
Subtask Cost:		0.011400
Number of Sensors:	2
Number of Subtasks:	4

Location:			[4.675838, 14.717475, 0.000000]
Sensor List:		[IR, MW]
Subtask List:		[IR_{}, IR_{MW}, MW_{}, MW_{IR}]

Time Constraints:
Start Time:		0.000000
End Time:		Infinity
Task Duration:	0.000000
Corr Time:		4.000000
Lambda:			0.015000
Dependency Matrix:
   [0	-1	-1	-1
	-1	0	-1	1
	-1	-1	0	-1
	-1	1	-1	0]

Time Constraint Matrix:
   [Infinity	Infinity	Infinity	Infinity
	Infinity	Infinity	Infinity	4.000000
	Infinity	Infinity	Infinity	Infinity
	Infinity	4.000000	Infinity	Infinity]


**********************************
Task Number:		10
Maximum Score:		76.652833
Subtask Cost:		0.011400
Number of Sensors:	2
Number of Subtasks:	4

Location:			[10.790618, 6.688879, 0.000000]
Sensor List:		[IR, MW]
Subtask List:		[IR_{}, IR_{MW}, MW_{}, MW_{IR}]

Time Constraints:
Start Time:		0.000000
End Time:		Infinity
Task Duration:	0.000000
Corr Time:		4.000000
Lambda:			0.015000
Dependency Matrix:
   [0	-1	-1	-1
	-1	0	-1	1
	-1	-1	0	-1
	-1	1	-1	0]

Time Constraint Matrix:
   [Infinity	Infinity	Infinity	Infinity
	Infinity	Infinity	Infinity	4.000000
	Infinity	Infinity	Infinity	Infinity
	Infinity	4.000000	Infinity	Infinity]


**********************************
Task Number:		11
Maximum Score:		79.025163
Subtask Cost:		0.011400
Number of Sensors:	2
Number of Subtasks:	4

Location:			[24.297680, 49.516879, 0.000000]
Sensor List:		[IR, MW]
Subtask List:		[IR_{}, IR_{MW}, MW_{}, MW_{IR}]

Time Constraints:
Start Time:		0.000000
End Time:		Infinity
Task Duration:	0.000000
Corr Time:		4.000000
Lambda:			0.015000
Dependency Matrix:
   [0	-1	-1	-1
	-1	0	-1	1
	-1	-1	0	-1
	-1	1	-1	0]

Time Constraint Matrix:
   [Infinity	Infinity	Infinity	Infinity
	Infinity	Infinity	Infinity	4.000000
	Infinity	Infinity	Infinity	Infinity
	Infinity	4.000000	Infinity	Infinity]


**********************************
Task Number:		12
Maximum Score:		59.286072
Subtask Cost:		0.011400
Number of Sensors:	2
Number of Subtasks:	4

Location:			[5.057568, 31.031022, 0.000000]
Sensor List:		[IR, MW]
Subtask List:		[IR_{}, IR_{MW}, MW_{}, MW_{IR}]

Time Constraints:
Start Time:		0.000000
End Time:		Infinity
Task Duration:	0.000000
Corr Time:		4.000000
Lambda:			0.015000
Dependency Matrix:
   [0	-1	-1	-1
	-1	0	-1	1
	-1	-1	0	-1
	-1	1	-1	0]

Time Constraint Matrix:
   [Infinity	Infinity	Infinity	Infinity
	Infinity	Infinity	Infinity	4.000000
	Infinity	Infinity	Infinity	Infinity
	Infinity	4.000000	Infinity	Infinity]


**********************************
Task Number:		13
Maximum Score:		93.687651
Subtask Cost:		0.011400
Number of Sensors:	2
Number of Subtasks:	4

Location:			[33.476956, 40.641220, 0.000000]
Sensor List:		[IR, MW]
Subtask List:		[IR_{}, IR_{MW}, MW_{}, MW_{IR}]

Time Constraints:
Start Time:		0.000000
End Time:		Infinity
Task Duration:	0.000000
Corr Time:		4.000000
Lambda:			0.015000
Dependency Matrix:
   [0	-1	-1	-1
	-1	0	-1	1
	-1	-1	0	-1
	-1	1	-1	0]

Time Constraint Matrix:
   [Infinity	Infinity	Infinity	Infinity
	Infinity	Infinity	Infinity	4.000000
	Infinity	Infinity	Infinity	Infinity
	Infinity	4.000000	Infinity	Infinity]


**********************************
Task Number:		14
Maximum Score:		93.185574
Subtask Cost:		0.011400
Number of Sensors:	2
Number of Subtasks:	4

Location:			[24.802229, 16.790201, 0.000000]
Sensor List:		[IR, MW]
Subtask List:		[IR_{}, IR_{MW}, MW_{}, MW_{IR}]

Time Constraints:
Start Time:		0.000000
End Time:		Infinity
Task Duration:	0.000000
Corr Time:		4.000000
Lambda:			0.015000
Dependency Matrix:
   [0	-1	-1	-1
	-1	0	-1	1
	-1	-1	0	-1
	-1	1	-1	0]

Time Constraint Matrix:
   [Infinity	Infinity	Infinity	Infinity
	Infinity	Infinity	Infinity	4.000000
	Infinity	Infinity	Infinity	Infinity
	Infinity	4.000000	Infinity	Infinity]


**********************************
Task Number:		15
Maximum Score:		23.000264
Subtask Cost:		0.011400
Number of Sensors:	1
Number of Subtasks:	1

Location:			[23.122407, 35.537699, 0.000000]
Sensor List:		[IR]
Subtask List:		[IR_{}]

Time Constraints:
Start Time:		0.000000
End Time:		Infinity
Task Duration:	0.000000
Corr Time:		4.000000
Lambda:			0.015000
Dependency Matrix:
   [0]

Time Constraint Matrix:
   [Infinity]


**********************************
Task Number:		16
Maximum Score:		24.138609
Subtask Cost:		0.011400
Number of Sensors:	1
Number of Subtasks:	1

Location:			[18.383962, 15.909008, 0.000000]
Sensor List:		[IR]
Subtask List:		[IR_{}]

Time Constraints:
Start Time:		0.000000
End Time:		Infinity
Task Duration:	0.000000
Corr Time:		4.000000
Lambda:			0.015000
Dependency Matrix:
   [0]

Time Constraint Matrix:
   [Infinity]


**********************************
Task Number:		17
Maximum Score:		11.155414
Subtask Cost:		0.011400
Number of Sensors:	1
Number of Subtasks:	1

Location:			[5.451616, 47.010336, 0.000000]
Sensor List:		[IR]
Subtask List:		[IR_{}]

Time Constraints:
Start Time:		0.000000
End Time:		Infinity
Task Duration:	0.000000
Corr Time:		4.000000
Lambda:			0.015000
Dependency Matrix:
   [0]

Time Constraint Matrix:
   [Infinity]


**********************************
Task Number:		18
Maximum Score:		33.493119
Subtask Cost:		0.011400
Number of Sensors:	1
Number of Subtasks:	1

Location:			[37.148435, 35.489354, 0.000000]
Sensor List:		[IR]
Subtask List:		[IR_{}]

Time Constraints:
Start Time:		0.000000
End Time:		Infinity
Task Duration:	0.000000
Corr Time:		4.000000
Lambda:			0.015000
Dependency Matrix:
   [0]

Time Constraint Matrix:
   [Infinity]


**********************************
Task Number:		19
Maximum Score:		21.965164
Subtask Cost:		0.011400
Number of Sensors:	1
Number of Subtasks:	1

Location:			[29.896824, 25.856082, 0.000000]
Sensor List:		[IR]
Subtask List:		[IR_{}]

Time Constraints:
Start Time:		0.000000
End Time:		Infinity
Task Duration:	0.000000
Corr Time:		4.000000
Lambda:			0.015000
Dependency Matrix:
   [0]

Time Constraint Matrix:
   [Infinity]


**********************************
Task Number:		20
Maximum Score:		0.988789
Subtask Cost:		0.011400
Number of Sensors:	1
Number of Subtasks:	1

Location:			[28.009997, 33.972934, 0.000000]
Sensor List:		[IR]
Subtask List:		[IR_{}]

Time Constraints:
Start Time:		0.000000
End Time:		Infinity
Task Duration:	0.000000
Corr Time:		4.000000
Lambda:			0.015000
Dependency Matrix:
   [0]

Time Constraint Matrix:
   [Infinity]


**********************************
Task Number:		21
Maximum Score:		46.617421
Subtask Cost:		0.011400
Number of Sensors:	1
Number of Subtasks:	1

Location:			[19.091175, 15.129843, 0.000000]
Sensor List:		[IR]
Subtask List:		[IR_{}]

Time Constraints:
Start Time:		0.000000
End Time:		Infinity
Task Duration:	0.000000
Corr Time:		4.000000
Lambda:			0.015000
Dependency Matrix:
   [0]

Time Constraint Matrix:
   [Infinity]


**********************************
Task Number:		22
Maximum Score:		13.345814
Subtask Cost:		0.011400
Number of Sensors:	1
Number of Subtasks:	1

Location:			[12.443745, 28.861452, 0.000000]
Sensor List:		[IR]
Subtask List:		[IR_{}]

Time Constraints:
Start Time:		0.000000
End Time:		Infinity
Task Duration:	0.000000
Corr Time:		4.000000
Lambda:			0.015000
Dependency Matrix:
   [0]

Time Constraint Matrix:
   [Infinity]


**********************************
Task Number:		23
Maximum Score:		32.090582
Subtask Cost:		0.011400
Number of Sensors:	1
Number of Subtasks:	1

Location:			[14.301352, 21.160771, 0.000000]
Sensor List:		[MW]
Subtask List:		[MW_{}]

Time Constraints:
Start Time:		0.000000
End Time:		Infinity
Task Duration:	0.000000
Corr Time:		4.000000
Lambda:			0.015000
Dependency Matrix:
   [0]

Time Constraint Matrix:
   [Infinity]


**********************************
Task Number:		24
Maximum Score:		44.634004
Subtask Cost:		0.011400
Number of Sensors:	1
Number of Subtasks:	1

Location:			[27.278157, 7.595863, 0.000000]
Sensor List:		[MW]
Subtask List:		[MW_{}]

Time Constraints:
Start Time:		0.000000
End Time:		Infinity
Task Duration:	0.000000
Corr Time:		4.000000
Lambda:			0.015000
Dependency Matrix:
   [0]

Time Constraint Matrix:
   [Infinity]


**********************************
Task Number:		25
Maximum Score:		20.504521
Subtask Cost:		0.011400
Number of Sensors:	1
Number of Subtasks:	1

Location:			[45.905564, 47.656008, 0.000000]
Sensor List:		[MW]
Subtask List:		[MW_{}]

Time Constraints:
Start Time:		0.000000
End Time:		Infinity
Task Duration:	0.000000
Corr Time:		4.000000
Lambda:			0.015000
Dependency Matrix:
   [0]

Time Constraint Matrix:
   [Infinity]


**********************************
Task Number:		26
Maximum Score:		19.421280
Subtask Cost:		0.011400
Number of Sensors:	1
Number of Subtasks:	1

Location:			[14.750528, 3.544846, 0.000000]
Sensor List:		[MW]
Subtask List:		[MW_{}]

Time Constraints:
Start Time:		0.000000
End Time:		Infinity
Task Duration:	0.000000
Corr Time:		4.000000
Lambda:			0.015000
Dependency Matrix:
   [0]

Time Constraint Matrix:
   [Infinity]


**********************************
Task Number:		27
Maximum Score:		21.804231
Subtask Cost:		0.011400
Number of Sensors:	1
Number of Subtasks:	1

Location:			[40.094104, 5.114226, 0.000000]
Sensor List:		[MW]
Subtask List:		[MW_{}]

Time Constraints:
Start Time:		0.000000
End Time:		Infinity
Task Duration:	0.000000
Corr Time:		4.000000
Lambda:			0.015000
Dependency Matrix:
   [0]

Time Constraint Matrix:
   [Infinity]


**********************************
Task Number:		28
Maximum Score:		6.199819
Subtask Cost:		0.011400
Number of Sensors:	1
Number of Subtasks:	1

Location:			[19.693291, 30.428097, 0.000000]
Sensor List:		[MW]
Subtask List:		[MW_{}]

Time Constraints:
Start Time:		0.000000
End Time:		Infinity
Task Duration:	0.000000
Corr Time:		4.000000
Lambda:			0.015000
Dependency Matrix:
   [0]

Time Constraint Matrix:
   [Infinity]


**********************************
Task Number:		29
Maximum Score:		7.381069
Subtask Cost:		0.011400
Number of Sensors:	1
Number of Subtasks:	1

Location:			[3.957388, 40.097210, 0.000000]
Sensor List:		[MW]
Subtask List:		[MW_{}]

Time Constraints:
Start Time:		0.000000
End Time:		Infinity
Task Duration:	0.000000
Corr Time:		4.000000
Lambda:			0.015000
Dependency Matrix:
   [0]

Time Constraint Matrix:
   [Infinity]

