0	|	5.969427	5.969427	|	63.669586	63.669586	|	0	0	|	4.738967	4.738967	|	0	0	
1	|	0.000000	0.000000	|	0.000000	0.000000	|	-	-	|	0.000000	0.000000	|	0	0	
2	|	0.000000	0.000000	|	0.000000	0.000000	|	-	-	|	0.000000	0.000000	|	0	0	
3	|	0.000000	0.000000	|	0.000000	0.000000	|	-	-	|	0.000000	0.000000	|	0	0	
4	|	1.944542	1.944542	|	75.085331	75.085331	|	0	0	|	3.823487	3.823487	|	0	0	
5	|	0.000000	0.000000	|	0.000000	0.000000	|	-	-	|	0.000000	0.000000	|	0	0	
6	|	0.000000	0.000000	|	0.000000	0.000000	|	-	-	|	0.000000	0.000000	|	0	0	
7	|	0.000000	0.000000	|	0.000000	0.000000	|	-	-	|	0.000000	0.000000	|	0	0	
8	|	0.000000	0.000000	|	0.000000	0.000000	|	-	-	|	0.000000	0.000000	|	0	0	
9	|	21.711659	21.711659	|	35.961659	35.961659	|	2	2	|	6.862195	6.862195	|	0	0	
10	|	0.000000	0.000000	|	0.000000	0.000000	|	-	-	|	0.000000	0.000000	|	0	0	
11	|	23.288614	23.288614	|	41.119162	41.119162	|	1	1	|	3.158038	3.158038	|	0	0	
12	|	0.000000	0.000000	|	0.000000	0.000000	|	-	-	|	0.000000	0.000000	|	0	0	
13	|	0.000000	0.000000	|	0.000000	0.000000	|	-	-	|	0.000000	0.000000	|	0	0	
14	|	5.485872	5.485872	|	53.022018	53.022018	|	1	1	|	3.962314	3.962314	|	0	0	
15	|	0.000000	0.000000	|	0.000000	0.000000	|	-	-	|	0.000000	0.000000	|	0	0	
16	|	0.000000	0.000000	|	0.000000	0.000000	|	-	-	|	0.000000	0.000000	|	0	0	
17	|	28.529162	28.529162	|	18.032041	18.032041	|	0	0	|	5.276187	5.276187	|	0	0	
18	|	0.000000	0.000000	|	0.000000	0.000000	|	-	-	|	0.000000	0.000000	|	0	0	
19	|	24.645696	24.645696	|	24.032041	24.032041	|	0	0	|	6.250067	6.250067	|	0	0	
20	|	0.000000	0.000000	|	0.000000	0.000000	|	-	-	|	0.000000	0.000000	|	0	0	
21	|	0.000000	0.000000	|	0.000000	0.000000	|	-	-	|	0.000000	0.000000	|	0	0	
22	|	0.000000	0.000000	|	0.000000	0.000000	|	-	-	|	0.000000	0.000000	|	0	0	
23	|	0.000000	0.000000	|	0.000000	0.000000	|	-	-	|	0.000000	0.000000	|	0	0	
24	|	0.000000	0.000000	|	0.000000	0.000000	|	-	-	|	0.000000	0.000000	|	0	0	
25	|	0.000000	0.000000	|	0.000000	0.000000	|	-	-	|	0.000000	0.000000	|	0	0	
26	|	10.291534	10.291534	|	46.583824	46.583824	|	0	0	|	3.682519	3.682519	|	0	0	
27	|	0.000000	0.000000	|	0.000000	0.000000	|	-	-	|	0.000000	0.000000	|	0	0	
28	|	3.879700	3.879700	|	78.462389	78.462389	|	0	0	|	1.532462	1.532462	|	0	0	
29	|	0.000000	0.000000	|	0.000000	0.000000	|	-	-	|	0.000000	0.000000	|	0	0	
30	|	0.000000	0.000000	|	0.000000	0.000000	|	-	-	|	0.000000	0.000000	|	0	0	
31	|	0.000000	0.000000	|	0.000000	0.000000	|	-	-	|	0.000000	0.000000	|	0	0	
32	|	5.350720	5.350720	|	61.259131	61.259131	|	2	2	|	2.719685	2.719685	|	0	0	
33	|	0.000000	0.000000	|	0.000000	0.000000	|	-	-	|	0.000000	0.000000	|	0	0	
34	|	0.000000	0.000000	|	0.000000	0.000000	|	-	-	|	0.000000	0.000000	|	0	0	
35	|	0.000000	0.000000	|	0.000000	0.000000	|	-	-	|	0.000000	0.000000	|	0	0	
36	|	0.000000	0.000000	|	0.000000	0.000000	|	-	-	|	0.000000	0.000000	|	0	0	
37	|	0.000000	0.000000	|	0.000000	0.000000	|	-	-	|	0.000000	0.000000	|	0	0	
38	|	0.000000	0.000000	|	0.000000	0.000000	|	-	-	|	0.000000	0.000000	|	0	0	
39	|	0.000000	0.000000	|	0.000000	0.000000	|	-	-	|	0.000000	0.000000	|	0	0	
40	|	0.000000	0.000000	|	0.000000	0.000000	|	-	-	|	0.000000	0.000000	|	0	0	
41	|	4.269194	4.269194	|	92.117137	92.117137	|	0	0	|	4.461603	4.461603	|	0	0	
42	|	0.000000	0.000000	|	0.000000	0.000000	|	-	-	|	0.000000	0.000000	|	0	0	
43	|	2.871121	2.871121	|	87.856756	87.856756	|	0	0	|	6.435838	6.435838	|	0	0	
44	|	0.000000	0.000000	|	0.000000	0.000000	|	-	-	|	0.000000	0.000000	|	0	0	
45	|	8.051287	8.051287	|	85.865632	85.865632	|	2	2	|	2.778758	2.778758	|	0	0	
46	|	0.000000	0.000000	|	0.000000	0.000000	|	-	-	|	0.000000	0.000000	|	0	0	
47	|	9.071198	9.071198	|	79.865632	79.865632	|	1	1	|	2.778758	2.778758	|	0	0	
48	|	21.297725	21.297725	|	13.883781	13.883781	|	2	2	|	2.979600	2.979600	|	0	0	
49	|	0.000000	0.000000	|	0.000000	0.000000	|	-	-	|	0.000000	0.000000	|	0	0	
50	|	0.000000	0.000000	|	0.000000	0.000000	|	-	-	|	0.000000	0.000000	|	0	0	
51	|	0.000000	0.000000	|	0.000000	0.000000	|	-	-	|	0.000000	0.000000	|	0	0	
52	|	0.000000	0.000000	|	0.000000	0.000000	|	-	-	|	0.000000	0.000000	|	0	0	
53	|	8.701032	8.701032	|	78.115604	78.115604	|	2	2	|	5.374095	5.374095	|	0	0	
54	|	0.000000	0.000000	|	0.000000	0.000000	|	-	-	|	0.000000	0.000000	|	0	0	
55	|	12.055570	12.055570	|	72.115604	72.115604	|	1	1	|	3.345071	3.345071	|	0	0	
56	|	0.000000	0.000000	|	0.000000	0.000000	|	-	-	|	0.000000	0.000000	|	0	0	
57	|	0.000000	0.000000	|	0.000000	0.000000	|	-	-	|	0.000000	0.000000	|	0	0	
58	|	3.518405	3.518405	|	67.274870	67.274870	|	0	0	|	3.190115	3.190115	|	0	0	
59	|	0.000000	0.000000	|	0.000000	0.000000	|	-	-	|	0.000000	0.000000	|	0	0	
60	|	0.000000	0.000000	|	0.000000	0.000000	|	-	-	|	0.000000	0.000000	|	0	0	
61	|	16.036984	16.036984	|	49.041631	49.041631	|	0	0	|	4.576418	4.576418	|	0	0	
62	|	18.130861	18.130861	|	34.984024	34.984024	|	0	0	|	5.401315	5.401315	|	0	0	
63	|	32.695082	32.695082	|	5.429043	5.429043	|	2	2	|	2.117277	2.117277	|	0	0	
64	|	0.000000	0.000000	|	0.000000	0.000000	|	-	-	|	0.000000	0.000000	|	0	0	
65	|	0.000000	0.000000	|	0.000000	0.000000	|	-	-	|	0.000000	0.000000	|	0	0	
66	|	9.847399	9.847399	|	53.716378	53.716378	|	2	2	|	3.835927	3.835927	|	0	0	
67	|	23.363926	23.363926	|	42.256986	42.256986	|	2	2	|	2.364168	2.364168	|	0	0	
68	|	7.200457	7.200457	|	58.081483	58.081483	|	0	0	|	3.846833	3.846833	|	0	0	
69	|	22.392765	22.392765	|	12.725237	12.725237	|	1	1	|	3.096539	3.096539	|	0	0	
70	|	34.801182	34.801182	|	3.860189	3.860189	|	1	1	|	1.670154	1.670154	|	0	0	
71	|	43.811496	43.811496	|	4.101983	4.101983	|	0	0	|	1.739065	1.739065	|	0	0	
72	|	0.639539	0.639539	|	95.719022	95.719022	|	0	0	|	2.810746	2.810746	|	0	0	
73	|	23.718562	23.718562	|	35.662704	35.662704	|	0	0	|	3.884739	3.884739	|	0	0	
74	|	0.000000	0.000000	|	0.000000	0.000000	|	-	-	|	0.000000	0.000000	|	0	0	
