0	|	0.000000	0.000000	|	0.000000	0.000000	|	-	-	|	0.000000	0.000000	|	0	0	
1	|	0.000000	0.000000	|	0.000000	0.000000	|	-	-	|	0.000000	0.000000	|	0	0	
2	|	0.000000	0.000000	|	0.000000	0.000000	|	-	-	|	0.000000	0.000000	|	0	0	
3	|	0.000000	0.000000	|	0.000000	0.000000	|	-	-	|	0.000000	0.000000	|	0	0	
4	|	2.493812	2.493812	|	50.581404	50.581404	|	0	0	|	2.650264	2.650264	|	0	0	
5	|	0.000000	0.000000	|	0.000000	0.000000	|	-	-	|	0.000000	0.000000	|	0	0	
6	|	0.000000	0.000000	|	0.000000	0.000000	|	-	-	|	0.000000	0.000000	|	0	0	
7	|	0.000000	0.000000	|	0.000000	0.000000	|	-	-	|	0.000000	0.000000	|	0	0	
8	|	0.000000	0.000000	|	0.000000	0.000000	|	-	-	|	0.000000	0.000000	|	0	0	
9	|	0.000000	0.000000	|	0.000000	0.000000	|	-	-	|	0.000000	0.000000	|	0	0	
10	|	0.000000	0.000000	|	0.000000	0.000000	|	-	-	|	0.000000	0.000000	|	0	0	
11	|	0.000000	0.000000	|	0.000000	0.000000	|	-	-	|	0.000000	0.000000	|	0	0	
12	|	0.000000	0.000000	|	0.000000	0.000000	|	-	-	|	0.000000	0.000000	|	0	0	
13	|	0.000000	0.000000	|	0.000000	0.000000	|	-	-	|	0.000000	0.000000	|	0	0	
14	|	0.000000	0.000000	|	0.000000	0.000000	|	-	-	|	0.000000	0.000000	|	0	0	
15	|	0.000000	0.000000	|	0.000000	0.000000	|	-	-	|	0.000000	0.000000	|	0	0	
16	|	0.000000	0.000000	|	0.000000	0.000000	|	-	-	|	0.000000	0.000000	|	0	0	
17	|	0.000000	0.000000	|	0.000000	0.000000	|	-	-	|	0.000000	0.000000	|	0	0	
18	|	0.000000	0.000000	|	0.000000	0.000000	|	-	-	|	0.000000	0.000000	|	0	0	
19	|	0.000000	0.000000	|	0.000000	0.000000	|	-	-	|	0.000000	0.000000	|	0	0	
20	|	0.000000	0.000000	|	0.000000	0.000000	|	-	-	|	0.000000	0.000000	|	0	0	
21	|	0.000000	0.000000	|	0.000000	0.000000	|	-	-	|	0.000000	0.000000	|	0	0	
22	|	0.000000	0.000000	|	0.000000	0.000000	|	-	-	|	0.000000	0.000000	|	0	0	
23	|	0.000000	0.000000	|	0.000000	0.000000	|	-	-	|	0.000000	0.000000	|	0	0	
24	|	0.000000	0.000000	|	0.000000	0.000000	|	-	-	|	0.000000	0.000000	|	0	0	
25	|	0.000000	0.000000	|	0.000000	0.000000	|	-	-	|	0.000000	0.000000	|	0	0	
26	|	0.000000	0.000000	|	0.000000	0.000000	|	-	-	|	0.000000	0.000000	|	0	0	
27	|	0.000000	0.000000	|	0.000000	0.000000	|	-	-	|	0.000000	0.000000	|	0	0	
28	|	8.856175	8.856175	|	43.282234	43.282234	|	0	0	|	4.383744	4.383744	|	0	0	
29	|	0.000000	0.000000	|	0.000000	0.000000	|	-	-	|	0.000000	0.000000	|	0	0	
30	|	0.000000	0.000000	|	0.000000	0.000000	|	-	-	|	0.000000	0.000000	|	0	0	
31	|	0.000000	0.000000	|	0.000000	0.000000	|	-	-	|	0.000000	0.000000	|	0	0	
32	|	6.620469	6.620469	|	12.000804	12.000804	|	0	0	|	1.152966	1.152966	|	0	0	
33	|	0.000000	0.000000	|	0.000000	0.000000	|	-	-	|	0.000000	0.000000	|	0	0	
34	|	0.000000	0.000000	|	0.000000	0.000000	|	-	-	|	0.000000	0.000000	|	0	0	
35	|	0.000000	0.000000	|	0.000000	0.000000	|	-	-	|	0.000000	0.000000	|	0	0	
36	|	0.000000	0.000000	|	0.000000	0.000000	|	-	-	|	0.000000	0.000000	|	0	0	
37	|	0.000000	0.000000	|	0.000000	0.000000	|	-	-	|	0.000000	0.000000	|	0	0	
38	|	0.000000	0.000000	|	0.000000	0.000000	|	-	-	|	0.000000	0.000000	|	0	0	
39	|	0.000000	0.000000	|	0.000000	0.000000	|	-	-	|	0.000000	0.000000	|	0	0	
40	|	0.000000	0.000000	|	0.000000	0.000000	|	-	-	|	0.000000	0.000000	|	0	0	
41	|	0.000000	0.000000	|	0.000000	0.000000	|	-	-	|	0.000000	0.000000	|	0	0	
42	|	1.091748	1.091748	|	24.541648	24.541648	|	2	2	|	6.061247	6.061247	|	0	0	
43	|	0.000000	0.000000	|	0.000000	0.000000	|	-	-	|	0.000000	0.000000	|	0	0	
44	|	0.000000	0.000000	|	0.000000	0.000000	|	-	-	|	0.000000	0.000000	|	0	0	
45	|	0.000000	0.000000	|	0.000000	0.000000	|	-	-	|	0.000000	0.000000	|	0	0	
46	|	0.000000	0.000000	|	0.000000	0.000000	|	-	-	|	0.000000	0.000000	|	0	0	
47	|	0.000000	0.000000	|	0.000000	0.000000	|	-	-	|	0.000000	0.000000	|	0	0	
48	|	0.000000	0.000000	|	0.000000	0.000000	|	-	-	|	0.000000	0.000000	|	0	0	
49	|	0.000000	0.000000	|	0.000000	0.000000	|	-	-	|	0.000000	0.000000	|	0	0	
50	|	0.000000	0.000000	|	0.000000	0.000000	|	-	-	|	0.000000	0.000000	|	0	0	
51	|	0.000000	0.000000	|	0.000000	0.000000	|	-	-	|	0.000000	0.000000	|	0	0	
52	|	0.000000	0.000000	|	0.000000	0.000000	|	-	-	|	0.000000	0.000000	|	0	0	
53	|	0.000000	0.000000	|	0.000000	0.000000	|	-	-	|	0.000000	0.000000	|	0	0	
54	|	0.000000	0.000000	|	0.000000	0.000000	|	-	-	|	0.000000	0.000000	|	0	0	
55	|	0.000000	0.000000	|	0.000000	0.000000	|	-	-	|	0.000000	0.000000	|	0	0	
56	|	0.000000	0.000000	|	0.000000	0.000000	|	-	-	|	0.000000	0.000000	|	0	0	
57	|	0.000000	0.000000	|	0.000000	0.000000	|	-	-	|	0.000000	0.000000	|	0	0	
58	|	0.000000	0.000000	|	0.000000	0.000000	|	-	-	|	0.000000	0.000000	|	0	0	
59	|	0.000000	0.000000	|	0.000000	0.000000	|	-	-	|	0.000000	0.000000	|	0	0	
60	|	0.000000	0.000000	|	0.000000	0.000000	|	-	-	|	0.000000	0.000000	|	0	0	
61	|	32.525912	32.525912	|	29.900676	29.900676	|	0	0	|	2.778664	2.778664	|	0	0	
62	|	58.779063	58.779063	|	9.955309	9.955309	|	0	0	|	2.837613	2.837613	|	0	0	
63	|	12.308650	12.308650	|	1.998772	1.998772	|	0	0	|	1.139650	1.139650	|	0	0	
64	|	0.000000	0.000000	|	0.000000	0.000000	|	-	-	|	0.000000	0.000000	|	0	0	
65	|	23.605355	23.605355	|	39.948461	39.948461	|	0	0	|	8.535082	8.535082	|	0	0	
66	|	0.000000	0.000000	|	0.000000	0.000000	|	-	-	|	0.000000	0.000000	|	0	0	
67	|	21.952984	21.952984	|	22.150976	22.150976	|	0	0	|	6.883028	6.883028	|	0	0	
68	|	39.680417	39.680417	|	19.050402	19.050402	|	2	2	|	19.620402	19.620402	|	0	0	
69	|	0.000000	0.000000	|	0.000000	0.000000	|	-	-	|	0.000000	0.000000	|	0	0	
70	|	3.691231	3.691231	|	28.752616	28.752616	|	1	1	|	5.721703	5.721703	|	0	0	
71	|	0.577885	0.577885	|	33.753813	33.753813	|	1	1	|	5.571197	5.571197	|	0	0	
72	|	32.066410	32.066410	|	23.600913	23.600913	|	1	1	|	17.670274	17.670274	|	0	0	
73	|	70.138907	70.138907	|	6.500639	6.500639	|	1	1	|	7.070639	7.070639	|	0	0	
74	|	0.000000	0.000000	|	0.000000	0.000000	|	-	-	|	0.000000	0.000000	|	0	0	
