__________________________________
          WINNING VECTORS         
__________________________________
Subtasks:			[IR_{}		IR_{MW}		MW_{}		MW_{IR}	|	IR_{}		IR_{MW}		MW_{}		MW_{IR}	|	IR_{}		IR_{MW}		MW_{}		MW_{IR}	|	IR_{}		IR_{MW}		MW_{}		MW_{IR}	|	IR_{}		IR_{MW}		MW_{}		MW_{IR}	|	IR_{}		IR_{MW}		MW_{}		MW_{IR}	|	IR_{}		IR_{MW}		MW_{}		MW_{IR}	|	IR_{}		IR_{MW}		MW_{}		MW_{IR}	|	IR_{}		IR_{MW}		MW_{}		MW_{IR}	|	IR_{}		IR_{MW}		MW_{}		MW_{IR}	|	IR_{}		IR_{MW}		MW_{}		MW_{IR}	|	IR_{}		IR_{MW}		MW_{}		MW_{IR}	|	IR_{}		IR_{MW}		MW_{}		MW_{IR}	|	IR_{}		IR_{MW}		MW_{}		MW_{IR}	|	IR_{}		IR_{MW}		MW_{}		MW_{IR}	|	IR_{}		IR_{MW}		MW_{}		MW_{IR}	|	IR_{}		IR_{MW}		MW_{}		MW_{IR}	|	IR_{}		IR_{MW}		MW_{}		MW_{IR}	|	IR_{}		IR_{MW}		MW_{}		MW_{IR}	|	IR_{}		IR_{MW}		MW_{}		MW_{IR}	]
Bids Score:			[0.000		5.727		0.000		5.729	|	0.000		8.030		0.000		8.032	|	0.000		20.305		0.000		20.308	|	0.000		9.005		0.000		9.007	|	0.000		25.285		0.000		25.289	|	0.000		38.358		0.000		39.387	|	0.000		0.000		0.000		0.000	|	0.000		9.070		0.000		9.072	|	0.000		13.911		0.000		13.915	|	0.000		24.630		0.000		24.635	|	0.000		5.476		0.000		5.477	|	0.000		28.039		0.000		32.904	|	0.000		0.000		0.000		0.000	|	0.000		15.729		0.000		15.731	|	0.000		0.000		0.000		0.000	|	0.000		13.998		0.000		14.000	|	0.000		16.440		0.000		16.443	|	0.000		0.000		0.000		0.000	|	0.000		9.836		0.000		9.839	|	0.000		6.184		0.000		6.187	]
Measurement Time:	[0.00		69.80		0.00		69.79	|	0.00		51.16		0.00		51.15	|	0.00		37.52		0.00		37.51	|	0.00		77.01		0.00		77.00	|	0.00		16.16		0.00		16.15	|	0.00		8.60		0.00		8.59	|	0.00		0.00		0.00		0.00	|	0.00		57.76		0.00		57.75	|	0.00		34.52		0.00		34.51	|	0.00		24.88		0.00		24.87	|	0.00		63.33		0.00		63.32	|	0.00		13.00		0.00		12.99	|	0.00		0.00		0.00		0.00	|	0.00		39.76		0.00		39.75	|	0.00		0.00		0.00		0.00	|	0.00		42.92		0.00		42.91	|	0.00		34.10		0.00		34.09	|	0.00		0.00		0.00		0.00	|	0.00		26.88		0.00		26.87	|	0.00		53.52		0.00		53.507	]
Iteration Assigned:	[0			31			0			31		|	0			31			0			31		|	0			11			0			11		|	0			31			0			31		|	0			1			0			1		|	0			1			0			1		|	0			0			0			0		|	0			22			0			22		|	0			11			0			11		|	0			1			0			1		|	0			31			0			31		|	0			1			0			1		|	0			0			0			0		|	0			21			0			21		|	0			0			0			0		|	0			21			0			21		|	0			11			0			11		|	0			0			0			0		|	0			12			0			12		|	0			22			0			22		]
Winners:			[-			1			-			3		|	-			2			-			4		|	-			2			-			4		|	-			1			-			3		|	-			2			-			4		|	-			1			-			3		|	-			-			-			-		|	-			1			-			3		|	-			2			-			4		|	-			1			-			3		|	-			2			-			4		|	-			2			-			4		|	-			-			-			-		|	-			2			-			4		|	-			-			-			-		|	-			2			-			4		|	-			1			-			3		|	-			-			-			-		|	-			1			-			3		|	-			1			-			3		]

__________________________________
        PERFORMANCE METRICS       
__________________________________
Coalitions Formed:		16
Coalitions Available:	20
Coalition Ratio:		80.00%

Score Achieved:			666.158
Score Available:		1415.601
Score Ratio:			47.06%

Merge Cost:				0.000000
Split Cost:				0.000000

Avg Cost per Research:	36.96%

Tasks Done:				16
Tasks Available:		20
Tasks Done Ratio:		80.00%

Tasks done w/ 1 sens:	0
Tasks done w/ 2 sens:	16
Tasks done w/ 3 sens:	0

Planning Horizon:		2

__________________________________
           AGENT LIST             
__________________________________
Agent Number:			1
Planning Horizon:		2
Max Const Iteration:	2
Max Solo Bids:			5
Max Any Bids:			10
Iteration Counter:		40
Resources:				100.000000

Location:				[0.000		0.000		0.000]
Sensor List:			[IR]
Bundle:					[21			37			65			73			77			29			1			13]
Path:					[21			37			73			65			77			29			1			13]
Time Assignments:		[8.602		24.881		26.881		34.101		53.517		57.760		69.801		77.013]
Doing Iterations:		[10		20		30		40		]


**********************************
Agent Number:			2
Planning Horizon:		2
Max Const Iteration:	2
Max Solo Bids:			5
Max Any Bids:			10
Iteration Counter:		40
Resources:				100.000000

Location:				[0.000		0.000		0.000]
Sensor List:			[IR]
Bundle:					[45			17			33			9			53			61			5			41]
Path:					[45			17			33			9			53			61			5			41]
Time Assignments:		[13.000		16.162		34.520		37.520		39.756		42.918		51.164		63.330]
Doing Iterations:		[10		20		30		40		]


**********************************
Agent Number:			3
Planning Horizon:		2
Max Const Iteration:	2
Max Solo Bids:			5
Max Any Bids:			10
Iteration Counter:		40
Resources:				100.000000

Location:				[0.000		0.000		0.000]
Sensor List:			[MW]
Bundle:					[23			39			67			75			79			31			3			15]
Path:					[23			39			75			67			79			31			3			15]
Time Assignments:		[8.592		24.871		26.871		34.091		53.507		57.750		69.791		77.003]
Doing Iterations:		[10		20		30		40		]


**********************************
Agent Number:			4
Planning Horizon:		2
Max Const Iteration:	2
Max Solo Bids:			5
Max Any Bids:			10
Iteration Counter:		40
Resources:				100.000000

Location:				[0.000		0.000		0.000]
Sensor List:			[MW]
Bundle:					[47			19			35			11			55			63			7			43]
Path:					[47			19			35			11			55			63			7			43]
Time Assignments:		[12.990		16.152		34.510		37.510		39.746		42.908		51.154		63.320]
Doing Iterations:		[10		20		30		40		]

__________________________________
            TASK LIST             
__________________________________
Task Number:		0
Maximum Score:		69.687046
Subtask Cost:		0.000000
Number of Sensors:	2.000000
Number of Subtasks:	4

Location:			[41.000000, 44.000000, 0.000000]
Sensor List:		[IR, MW]
Subtask List:		[IR_{}, IR_{MW}, MW_{}, MW_{IR}]

Time Constraints:
Start Time:		0.000000
End Time:		Infinity
Task Duration:	0.707071
Corr Time:		0.010000
Lambda:			0.015000
Dependency Matrix:
   [0	-1	-1	-1
	-1	0	-1	1
	-1	-1	0	-1
	-1	1	-1	0]

Time Constraint Matrix:
   [Infinity	Infinity	Infinity	Infinity
	Infinity	Infinity	Infinity	0.010000
	Infinity	Infinity	Infinity	Infinity
	Infinity	0.010000	Infinity	Infinity]


**********************************
Task Number:		1
Maximum Score:		53.783892
Subtask Cost:		0.000000
Number of Sensors:	2.000000
Number of Subtasks:	4

Location:			[21.000000, 21.000000, 0.000000]
Sensor List:		[IR, MW]
Subtask List:		[IR_{}, IR_{MW}, MW_{}, MW_{IR}]

Time Constraints:
Start Time:		0.000000
End Time:		Infinity
Task Duration:	0.165158
Corr Time:		0.010000
Lambda:			0.015000
Dependency Matrix:
   [0	-1	-1	-1
	-1	0	-1	1
	-1	-1	0	-1
	-1	1	-1	0]

Time Constraint Matrix:
   [Infinity	Infinity	Infinity	Infinity
	Infinity	Infinity	Infinity	0.010000
	Infinity	Infinity	Infinity	Infinity
	Infinity	0.010000	Infinity	Infinity]


**********************************
Task Number:		2
Maximum Score:		76.980511
Subtask Cost:		0.000000
Number of Sensors:	2.000000
Number of Subtasks:	4

Location:			[31.000000, 18.000000, 0.000000]
Sensor List:		[IR, MW]
Subtask List:		[IR_{}, IR_{MW}, MW_{}, MW_{IR}]

Time Constraints:
Start Time:		0.000000
End Time:		Infinity
Task Duration:	0.489090
Corr Time:		0.010000
Lambda:			0.015000
Dependency Matrix:
   [0	-1	-1	-1
	-1	0	-1	1
	-1	-1	0	-1
	-1	1	-1	0]

Time Constraint Matrix:
   [Infinity	Infinity	Infinity	Infinity
	Infinity	Infinity	Infinity	0.010000
	Infinity	Infinity	Infinity	Infinity
	Infinity	0.010000	Infinity	Infinity]


**********************************
Task Number:		3
Maximum Score:		81.898450
Subtask Cost:		0.000000
Number of Sensors:	2.000000
Number of Subtasks:	4

Location:			[47.000000, 48.000000, 0.000000]
Sensor List:		[IR, MW]
Subtask List:		[IR_{}, IR_{MW}, MW_{}, MW_{IR}]

Time Constraints:
Start Time:		0.000000
End Time:		Infinity
Task Duration:	0.769636
Corr Time:		0.010000
Lambda:			0.015000
Dependency Matrix:
   [0	-1	-1	-1
	-1	0	-1	1
	-1	-1	0	-1
	-1	1	-1	0]

Time Constraint Matrix:
   [Infinity	Infinity	Infinity	Infinity
	Infinity	Infinity	Infinity	0.010000
	Infinity	Infinity	Infinity	Infinity
	Infinity	0.010000	Infinity	Infinity]


**********************************
Task Number:		4
Maximum Score:		68.795168
Subtask Cost:		0.000000
Number of Sensors:	2.000000
Number of Subtasks:	4

Location:			[15.000000, 30.000000, 0.000000]
Sensor List:		[IR, MW]
Subtask List:		[IR_{}, IR_{MW}, MW_{}, MW_{IR}]

Time Constraints:
Start Time:		0.000000
End Time:		Infinity
Task Duration:	0.753847
Corr Time:		0.010000
Lambda:			0.015000
Dependency Matrix:
   [0	-1	-1	-1
	-1	0	-1	1
	-1	-1	0	-1
	-1	1	-1	0]

Time Constraint Matrix:
   [Infinity	Infinity	Infinity	Infinity
	Infinity	Infinity	Infinity	0.010000
	Infinity	Infinity	Infinity	Infinity
	Infinity	0.010000	Infinity	Infinity]


**********************************
Task Number:		5
Maximum Score:		97.851118
Subtask Cost:		0.000000
Number of Sensors:	2.000000
Number of Subtasks:	4

Location:			[29.000000, 32.000000, 0.000000]
Sensor List:		[IR, MW]
Subtask List:		[IR_{}, IR_{MW}, MW_{}, MW_{IR}]

Time Constraints:
Start Time:		0.000000
End Time:		Infinity
Task Duration:	0.373315
Corr Time:		0.010000
Lambda:			0.015000
Dependency Matrix:
   [0	-1	-1	-1
	-1	0	-1	1
	-1	-1	0	-1
	-1	1	-1	0]

Time Constraint Matrix:
   [Infinity	Infinity	Infinity	Infinity
	Infinity	Infinity	Infinity	0.010000
	Infinity	Infinity	Infinity	Infinity
	Infinity	0.010000	Infinity	Infinity]


**********************************
Task Number:		6
Maximum Score:		51.499324
Subtask Cost:		0.000000
Number of Sensors:	2.000000
Number of Subtasks:	4

Location:			[27.000000, 33.000000, 0.000000]
Sensor List:		[IR, MW]
Subtask List:		[IR_{}, IR_{MW}, MW_{}, MW_{IR}]

Time Constraints:
Start Time:		0.000000
End Time:		Infinity
Task Duration:	0.026593
Corr Time:		0.010000
Lambda:			0.015000
Dependency Matrix:
   [0	-1	-1	-1
	-1	0	-1	1
	-1	-1	0	-1
	-1	1	-1	0]

Time Constraint Matrix:
   [Infinity	Infinity	Infinity	Infinity
	Infinity	Infinity	Infinity	0.010000
	Infinity	Infinity	Infinity	Infinity
	Infinity	0.010000	Infinity	Infinity]


**********************************
Task Number:		7
Maximum Score:		54.041497
Subtask Cost:		0.000000
Number of Sensors:	2.000000
Number of Subtasks:	4

Location:			[29.000000, 45.000000, 0.000000]
Sensor List:		[IR, MW]
Subtask List:		[IR_{}, IR_{MW}, MW_{}, MW_{IR}]

Time Constraints:
Start Time:		0.000000
End Time:		Infinity
Task Duration:	0.579144
Corr Time:		0.010000
Lambda:			0.015000
Dependency Matrix:
   [0	-1	-1	-1
	-1	0	-1	1
	-1	-1	0	-1
	-1	1	-1	0]

Time Constraint Matrix:
   [Infinity	Infinity	Infinity	Infinity
	Infinity	Infinity	Infinity	0.010000
	Infinity	Infinity	Infinity	Infinity
	Infinity	0.010000	Infinity	Infinity]


**********************************
Task Number:		8
Maximum Score:		79.969509
Subtask Cost:		0.000000
Number of Sensors:	2.000000
Number of Subtasks:	4

Location:			[31.000000, 21.000000, 0.000000]
Sensor List:		[IR, MW]
Subtask List:		[IR_{}, IR_{MW}, MW_{}, MW_{IR}]

Time Constraints:
Start Time:		0.000000
End Time:		Infinity
Task Duration:	0.254319
Corr Time:		0.010000
Lambda:			0.015000
Dependency Matrix:
   [0	-1	-1	-1
	-1	0	-1	1
	-1	-1	0	-1
	-1	1	-1	0]

Time Constraint Matrix:
   [Infinity	Infinity	Infinity	Infinity
	Infinity	Infinity	Infinity	0.010000
	Infinity	Infinity	Infinity	Infinity
	Infinity	0.010000	Infinity	Infinity]


**********************************
Task Number:		9
Maximum Score:		97.079876
Subtask Cost:		0.000000
Number of Sensors:	2.000000
Number of Subtasks:	4

Location:			[45.000000, 35.000000, 0.000000]
Sensor List:		[IR, MW]
Subtask List:		[IR_{}, IR_{MW}, MW_{}, MW_{IR}]

Time Constraints:
Start Time:		0.000000
End Time:		Infinity
Task Duration:	0.588633
Corr Time:		0.010000
Lambda:			0.015000
Dependency Matrix:
   [0	-1	-1	-1
	-1	0	-1	1
	-1	-1	0	-1
	-1	1	-1	0]

Time Constraint Matrix:
   [Infinity	Infinity	Infinity	Infinity
	Infinity	Infinity	Infinity	0.010000
	Infinity	Infinity	Infinity	Infinity
	Infinity	0.010000	Infinity	Infinity]


**********************************
Task Number:		10
Maximum Score:		62.286605
Subtask Cost:		0.000000
Number of Sensors:	2.000000
Number of Subtasks:	4

Location:			[9.000000, 19.000000, 0.000000]
Sensor List:		[IR, MW]
Subtask List:		[IR_{}, IR_{MW}, MW_{}, MW_{IR}]

Time Constraints:
Start Time:		0.000000
End Time:		Infinity
Task Duration:	0.568818
Corr Time:		0.010000
Lambda:			0.015000
Dependency Matrix:
   [0	-1	-1	-1
	-1	0	-1	1
	-1	-1	0	-1
	-1	1	-1	0]

Time Constraint Matrix:
   [Infinity	Infinity	Infinity	Infinity
	Infinity	Infinity	Infinity	0.010000
	Infinity	Infinity	Infinity	Infinity
	Infinity	0.010000	Infinity	Infinity]


**********************************
Task Number:		11
Maximum Score:		85.214070
Subtask Cost:		0.000000
Number of Sensors:	2.000000
Number of Subtasks:	4

Location:			[12.000000, 31.000000, 0.000000]
Sensor List:		[IR, MW]
Subtask List:		[IR_{}, IR_{MW}, MW_{}, MW_{IR}]

Time Constraints:
Start Time:		0.000000
End Time:		Infinity
Task Duration:	0.425119
Corr Time:		0.010000
Lambda:			0.015000
Dependency Matrix:
   [0	-1	-1	-1
	-1	0	-1	1
	-1	-1	0	-1
	-1	1	-1	0]

Time Constraint Matrix:
   [Infinity	Infinity	Infinity	Infinity
	Infinity	Infinity	Infinity	0.010000
	Infinity	Infinity	Infinity	Infinity
	Infinity	0.010000	Infinity	Infinity]


**********************************
Task Number:		12
Maximum Score:		70.766988
Subtask Cost:		0.000000
Number of Sensors:	2.000000
Number of Subtasks:	4

Location:			[0.000000, 36.000000, 0.000000]
Sensor List:		[IR, MW]
Subtask List:		[IR_{}, IR_{MW}, MW_{}, MW_{IR}]

Time Constraints:
Start Time:		0.000000
End Time:		Infinity
Task Duration:	0.589893
Corr Time:		0.010000
Lambda:			0.015000
Dependency Matrix:
   [0	-1	-1	-1
	-1	0	-1	1
	-1	-1	0	-1
	-1	1	-1	0]

Time Constraint Matrix:
   [Infinity	Infinity	Infinity	Infinity
	Infinity	Infinity	Infinity	0.010000
	Infinity	Infinity	Infinity	Infinity
	Infinity	0.010000	Infinity	Infinity]


**********************************
Task Number:		13
Maximum Score:		61.493511
Subtask Cost:		0.000000
Number of Sensors:	2.000000
Number of Subtasks:	4

Location:			[30.000000, 20.000000, 0.000000]
Sensor List:		[IR, MW]
Subtask List:		[IR_{}, IR_{MW}, MW_{}, MW_{IR}]

Time Constraints:
Start Time:		0.000000
End Time:		Infinity
Task Duration:	0.532862
Corr Time:		0.010000
Lambda:			0.015000
Dependency Matrix:
   [0	-1	-1	-1
	-1	0	-1	1
	-1	-1	0	-1
	-1	1	-1	0]

Time Constraint Matrix:
   [Infinity	Infinity	Infinity	Infinity
	Infinity	Infinity	Infinity	0.010000
	Infinity	Infinity	Infinity	Infinity
	Infinity	0.010000	Infinity	Infinity]


**********************************
Task Number:		14
Maximum Score:		64.493853
Subtask Cost:		0.000000
Number of Sensors:	2.000000
Number of Subtasks:	4

Location:			[16.000000, 46.000000, 0.000000]
Sensor List:		[IR, MW]
Subtask List:		[IR_{}, IR_{MW}, MW_{}, MW_{IR}]

Time Constraints:
Start Time:		0.000000
End Time:		Infinity
Task Duration:	0.977307
Corr Time:		0.010000
Lambda:			0.015000
Dependency Matrix:
   [0	-1	-1	-1
	-1	0	-1	1
	-1	-1	0	-1
	-1	1	-1	0]

Time Constraint Matrix:
   [Infinity	Infinity	Infinity	Infinity
	Infinity	Infinity	Infinity	0.010000
	Infinity	Infinity	Infinity	Infinity
	Infinity	0.010000	Infinity	Infinity]


**********************************
Task Number:		15
Maximum Score:		59.794650
Subtask Cost:		0.000000
Number of Sensors:	2.000000
Number of Subtasks:	4

Location:			[29.000000, 23.000000, 0.000000]
Sensor List:		[IR, MW]
Subtask List:		[IR_{}, IR_{MW}, MW_{}, MW_{IR}]

Time Constraints:
Start Time:		0.000000
End Time:		Infinity
Task Duration:	0.738069
Corr Time:		0.010000
Lambda:			0.015000
Dependency Matrix:
   [0	-1	-1	-1
	-1	0	-1	1
	-1	-1	0	-1
	-1	1	-1	0]

Time Constraint Matrix:
   [Infinity	Infinity	Infinity	Infinity
	Infinity	Infinity	Infinity	0.010000
	Infinity	Infinity	Infinity	Infinity
	Infinity	0.010000	Infinity	Infinity]


**********************************
Task Number:		16
Maximum Score:		71.444825
Subtask Cost:		0.000000
Number of Sensors:	2.000000
Number of Subtasks:	4

Location:			[43.000000, 26.000000, 0.000000]
Sensor List:		[IR, MW]
Subtask List:		[IR_{}, IR_{MW}, MW_{}, MW_{IR}]

Time Constraints:
Start Time:		0.000000
End Time:		Infinity
Task Duration:	0.408399
Corr Time:		0.010000
Lambda:			0.015000
Dependency Matrix:
   [0	-1	-1	-1
	-1	0	-1	1
	-1	-1	0	-1
	-1	1	-1	0]

Time Constraint Matrix:
   [Infinity	Infinity	Infinity	Infinity
	Infinity	Infinity	Infinity	0.010000
	Infinity	Infinity	Infinity	Infinity
	Infinity	0.010000	Infinity	Infinity]


**********************************
Task Number:		17
Maximum Score:		82.980559
Subtask Cost:		0.000000
Number of Sensors:	2.000000
Number of Subtasks:	4

Location:			[1.000000, 49.000000, 0.000000]
Sensor List:		[IR, MW]
Subtask List:		[IR_{}, IR_{MW}, MW_{}, MW_{IR}]

Time Constraints:
Start Time:		0.000000
End Time:		Infinity
Task Duration:	0.709423
Corr Time:		0.010000
Lambda:			0.015000
Dependency Matrix:
   [0	-1	-1	-1
	-1	0	-1	1
	-1	-1	0	-1
	-1	1	-1	0]

Time Constraint Matrix:
   [Infinity	Infinity	Infinity	Infinity
	Infinity	Infinity	Infinity	0.010000
	Infinity	Infinity	Infinity	Infinity
	Infinity	0.010000	Infinity	Infinity]


**********************************
Task Number:		18
Maximum Score:		51.138201
Subtask Cost:		0.000000
Number of Sensors:	2.000000
Number of Subtasks:	4

Location:			[47.000000, 35.000000, 0.000000]
Sensor List:		[IR, MW]
Subtask List:		[IR_{}, IR_{MW}, MW_{}, MW_{IR}]

Time Constraints:
Start Time:		0.000000
End Time:		Infinity
Task Duration:	0.018297
Corr Time:		0.010000
Lambda:			0.015000
Dependency Matrix:
   [0	-1	-1	-1
	-1	0	-1	1
	-1	-1	0	-1
	-1	1	-1	0]

Time Constraint Matrix:
   [Infinity	Infinity	Infinity	Infinity
	Infinity	Infinity	Infinity	0.010000
	Infinity	Infinity	Infinity	Infinity
	Infinity	0.010000	Infinity	Infinity]


**********************************
Task Number:		19
Maximum Score:		74.401224
Subtask Cost:		0.000000
Number of Sensors:	2.000000
Number of Subtasks:	4

Location:			[32.000000, 42.000000, 0.000000]
Sensor List:		[IR, MW]
Subtask List:		[IR_{}, IR_{MW}, MW_{}, MW_{IR}]

Time Constraints:
Start Time:		0.000000
End Time:		Infinity
Task Duration:	0.696733
Corr Time:		0.010000
Lambda:			0.015000
Dependency Matrix:
   [0	-1	-1	-1
	-1	0	-1	1
	-1	-1	0	-1
	-1	1	-1	0]

Time Constraint Matrix:
   [Infinity	Infinity	Infinity	Infinity
	Infinity	Infinity	Infinity	0.010000
	Infinity	Infinity	Infinity	Infinity
	Infinity	0.010000	Infinity	Infinity]

