__________________________________
          WINNING VECTORS         
__________________________________
Subtasks:			[IR_{}		IR_{MW}		MW_{}		MW_{IR}	|	IR_{}		IR_{MW}		MW_{}		MW_{IR}	|	IR_{}		IR_{MW}		MW_{}		MW_{IR}	|	IR_{}		IR_{MW}		MW_{}		MW_{IR}	|	IR_{}		IR_{MW}		MW_{}		MW_{IR}	|	IR_{}		IR_{MW}		MW_{}		MW_{IR}	|	IR_{}		IR_{MW}		MW_{}		MW_{IR}	|	IR_{}		IR_{MW}		MW_{}		MW_{IR}	|	IR_{}		IR_{MW}		MW_{}		MW_{IR}	|	IR_{}		IR_{MW}		MW_{}		MW_{IR}	|	IR_{}		IR_{MW}		MW_{}		MW_{IR}	|	IR_{}		IR_{MW}		MW_{}		MW_{IR}	|	IR_{}		IR_{MW}		MW_{}		MW_{IR}	|	IR_{}		IR_{MW}		MW_{}		MW_{IR}	|	IR_{}		IR_{MW}		MW_{}		MW_{IR}	|	IR_{}		IR_{MW}		MW_{}		MW_{IR}	|	IR_{}		IR_{MW}		MW_{}		MW_{IR}	|	IR_{}		IR_{MW}		MW_{}		MW_{IR}	|	IR_{}		IR_{MW}		MW_{}		MW_{IR}	|	IR_{}		IR_{MW}		MW_{}		MW_{IR}	]
Bids Score:			[0.000		26.557		0.000		26.562	|	0.000		8.516		0.000		8.514	|	0.000		0.000		0.000		0.000	|	0.000		12.808		0.000		12.810	|	0.000		20.351		0.000		20.355	|	0.000		6.726		0.000		6.724	|	0.000		2.166		0.000		2.165	|	0.000		0.000		0.000		0.000	|	0.000		0.000		0.000		0.000	|	0.000		0.000		0.000		0.000	|	0.000		16.498		0.000		16.495	|	0.000		18.164		0.000		18.160	|	0.000		15.893		0.000		15.890	|	0.000		20.537		0.000		20.534	|	0.000		27.119		0.000		30.799	|	0.000		0.873		0.000		0.872	|	0.000		5.450		0.000		5.453	|	0.000		11.925		0.000		11.922	|	0.000		32.048		0.000		30.562	|	0.000		31.440		0.000		31.435	]
Measurement Time:	[0.00		24.87		0.00		24.86	|	0.00		78.76		0.00		78.77	|	0.00		0.00		0.00		0.00	|	0.00		34.34		0.00		34.33	|	0.00		29.87		0.00		29.86	|	0.00		70.69		0.00		70.70	|	0.00		94.76		0.00		94.77	|	0.00		0.00		0.00		0.00	|	0.00		0.00		0.00		0.00	|	0.00		0.00		0.00		0.00	|	0.00		43.95		0.00		43.96	|	0.00		33.10		0.00		33.11	|	0.00		42.54		0.00		42.55	|	0.00		17.55		0.00		17.56	|	0.00		14.87		0.00		14.86	|	0.00		103.70		0.00		103.71	|	0.00		54.59		0.00		54.58	|	0.00		56.48		0.00		56.49	|	0.00		14.13		0.00		14.14	|	0.00		15.55		0.00		15.556	]
Iteration Assigned:	[0			3			0			2		|	0			46			0			46		|	0			0			0			0		|	0			14			0			13		|	0			14			0			13		|	0			36			0			36		|	0			46			0			46		|	0			0			0			0		|	0			0			0			0		|	0			0			0			0		|	0			25			0			25		|	0			14			0			14		|	0			25			0			25		|	0			14			0			14		|	0			3			0			2		|	0			56			0			56		|	0			25			0			24		|	0			36			0			36		|	0			1			0			1		|	0			1			0			1		]
Winners:			[-			1			-			2		|	-			3			-			4		|	-			-			-			-		|	-			1			-			2		|	-			1			-			2		|	-			3			-			4		|	-			3			-			4		|	-			-			-			-		|	-			-			-			-		|	-			-			-			-		|	-			3			-			4		|	-			3			-			4		|	-			3			-			4		|	-			3			-			4		|	-			1			-			2		|	-			3			-			4		|	-			1			-			2		|	-			3			-			4		|	-			3			-			4		|	-			3			-			4		]

__________________________________
        PERFORMANCE METRICS       
__________________________________
Coalitions Formed:		16
Coalitions Available:	20
Coalition Ratio:		80.00%

Score Achieved:			682.132
Score Available:		1484.468
Score Ratio:			45.95%

Merge Cost:				0.000000
Split Cost:				0.000000

Avg Cost per Research:	41.45%

Tasks Done:				16
Tasks Available:		20
Tasks Done Ratio:		80.00%

Tasks done w/ 1 sens:	0
Tasks done w/ 2 sens:	16
Tasks done w/ 3 sens:	0

Planning Horizon:		2

__________________________________
           AGENT LIST             
__________________________________
Agent Number:			1
Planning Horizon:		2
Max Const Iteration:	2
Max Solo Bids:			5
Max Any Bids:			10
Iteration Counter:		65
Resources:				100.000000

Location:				[0.000		0.000		0.000]
Sensor List:			[IR]
Bundle:					[57			1			17			13			65]
Path:					[57			1			17			13			65]
Time Assignments:		[14.866		24.866		29.866		34.338		54.587]
Doing Iterations:		[12		23		34		44		5464		]


**********************************
Agent Number:			2
Planning Horizon:		2
Max Const Iteration:	2
Max Solo Bids:			5
Max Any Bids:			10
Iteration Counter:		65
Resources:				100.000000

Location:				[0.000		0.000		0.000]
Sensor List:			[MW]
Bundle:					[59			3			19			15			67]
Path:					[59			3			19			15			67]
Time Assignments:		[14.856		24.856		29.856		34.328		54.577]
Doing Iterations:		[13		24		35		45		5565		]


**********************************
Agent Number:			3
Planning Horizon:		2
Max Const Iteration:	2
Max Solo Bids:			5
Max Any Bids:			10
Iteration Counter:		65
Resources:				100.000000

Location:				[0.000		0.000		0.000]
Sensor List:			[IR]
Bundle:					[73			77			53			45			49			41			69			21			5			25			61]
Path:					[73			77			53			45			49			41			69			21			5			25			61]
Time Assignments:		[14.132		15.546		17.546		33.103		42.537		43.951		56.481		70.694		78.756		94.756		103.700]
Doing Iterations:		[13		24		35		45		55		65		]


**********************************
Agent Number:			4
Planning Horizon:		2
Max Const Iteration:	2
Max Solo Bids:			5
Max Any Bids:			10
Iteration Counter:		65
Resources:				100.000000

Location:				[0.000		0.000		0.000]
Sensor List:			[MW]
Bundle:					[75			79			55			47			51			43			71			23			7			27			63]
Path:					[75			79			55			47			51			43			71			23			7			27			63]
Time Assignments:		[14.142		15.556		17.556		33.113		42.547		43.961		56.491		70.704		78.766		94.766		103.710]
Doing Iterations:		[13		24		35		45		55		65		]

__________________________________
            TASK LIST             
__________________________________
Task Number:		0
Maximum Score:		92.807431
Subtask Cost:		0.000000
Number of Sensors:	2.000000
Number of Subtasks:	4

Location:			[6.000000, 30.000000, 0.000000]
Sensor List:		[IR, MW]
Subtask List:		[IR_{}, IR_{MW}, MW_{}, MW_{IR}]

Time Constraints:
Start Time:		0.000000
End Time:		Infinity
Task Duration:	0.384019
Corr Time:		0.010000
Lambda:			0.015000
Dependency Matrix:
   [0	-1	-1	-1
	-1	0	-1	1
	-1	-1	0	-1
	-1	1	-1	0]

Time Constraint Matrix:
   [Infinity	Infinity	Infinity	Infinity
	Infinity	Infinity	Infinity	0.010000
	Infinity	Infinity	Infinity	Infinity
	Infinity	0.010000	Infinity	Infinity]


**********************************
Task Number:		1
Maximum Score:		83.878760
Subtask Cost:		0.000000
Number of Sensors:	2.000000
Number of Subtasks:	4

Location:			[41.000000, 2.000000, 0.000000]
Sensor List:		[IR, MW]
Subtask List:		[IR_{}, IR_{MW}, MW_{}, MW_{IR}]

Time Constraints:
Start Time:		0.000000
End Time:		Infinity
Task Duration:	0.786395
Corr Time:		0.010000
Lambda:			0.015000
Dependency Matrix:
   [0	-1	-1	-1
	-1	0	-1	1
	-1	-1	0	-1
	-1	1	-1	0]

Time Constraint Matrix:
   [Infinity	Infinity	Infinity	Infinity
	Infinity	Infinity	Infinity	0.010000
	Infinity	Infinity	Infinity	Infinity
	Infinity	0.010000	Infinity	Infinity]


**********************************
Task Number:		2
Maximum Score:		60.396725
Subtask Cost:		0.000000
Number of Sensors:	2.000000
Number of Subtasks:	4

Location:			[47.000000, 30.000000, 0.000000]
Sensor List:		[IR, MW]
Subtask List:		[IR_{}, IR_{MW}, MW_{}, MW_{IR}]

Time Constraints:
Start Time:		0.000000
End Time:		Infinity
Task Duration:	0.588979
Corr Time:		0.010000
Lambda:			0.015000
Dependency Matrix:
   [0	-1	-1	-1
	-1	0	-1	1
	-1	-1	0	-1
	-1	1	-1	0]

Time Constraint Matrix:
   [Infinity	Infinity	Infinity	Infinity
	Infinity	Infinity	Infinity	0.010000
	Infinity	Infinity	Infinity	Infinity
	Infinity	0.010000	Infinity	Infinity]


**********************************
Task Number:		3
Maximum Score:		50.959057
Subtask Cost:		0.000000
Number of Sensors:	2.000000
Number of Subtasks:	4

Location:			[7.000000, 30.000000, 0.000000]
Sensor List:		[IR, MW]
Subtask List:		[IR_{}, IR_{MW}, MW_{}, MW_{IR}]

Time Constraints:
Start Time:		0.000000
End Time:		Infinity
Task Duration:	0.074392
Corr Time:		0.010000
Lambda:			0.015000
Dependency Matrix:
   [0	-1	-1	-1
	-1	0	-1	1
	-1	-1	0	-1
	-1	1	-1	0]

Time Constraint Matrix:
   [Infinity	Infinity	Infinity	Infinity
	Infinity	Infinity	Infinity	0.010000
	Infinity	Infinity	Infinity	Infinity
	Infinity	0.010000	Infinity	Infinity]


**********************************
Task Number:		4
Maximum Score:		72.158753
Subtask Cost:		0.000000
Number of Sensors:	2.000000
Number of Subtasks:	4

Location:			[9.000000, 26.000000, 0.000000]
Sensor List:		[IR, MW]
Subtask List:		[IR_{}, IR_{MW}, MW_{}, MW_{IR}]

Time Constraints:
Start Time:		0.000000
End Time:		Infinity
Task Duration:	0.842962
Corr Time:		0.010000
Lambda:			0.015000
Dependency Matrix:
   [0	-1	-1	-1
	-1	0	-1	1
	-1	-1	0	-1
	-1	1	-1	0]

Time Constraint Matrix:
   [Infinity	Infinity	Infinity	Infinity
	Infinity	Infinity	Infinity	0.010000
	Infinity	Infinity	Infinity	Infinity
	Infinity	0.010000	Infinity	Infinity]


**********************************
Task Number:		5
Maximum Score:		83.167673
Subtask Cost:		0.000000
Number of Sensors:	2.000000
Number of Subtasks:	4

Location:			[34.000000, 6.000000, 0.000000]
Sensor List:		[IR, MW]
Subtask List:		[IR_{}, IR_{MW}, MW_{}, MW_{IR}]

Time Constraints:
Start Time:		0.000000
End Time:		Infinity
Task Duration:	0.721693
Corr Time:		0.010000
Lambda:			0.015000
Dependency Matrix:
   [0	-1	-1	-1
	-1	0	-1	1
	-1	-1	0	-1
	-1	1	-1	0]

Time Constraint Matrix:
   [Infinity	Infinity	Infinity	Infinity
	Infinity	Infinity	Infinity	0.010000
	Infinity	Infinity	Infinity	Infinity
	Infinity	0.010000	Infinity	Infinity]


**********************************
Task Number:		6
Maximum Score:		89.533981
Subtask Cost:		0.000000
Number of Sensors:	2.000000
Number of Subtasks:	4

Location:			[25.000000, 2.000000, 0.000000]
Sensor List:		[IR, MW]
Subtask List:		[IR_{}, IR_{MW}, MW_{}, MW_{IR}]

Time Constraints:
Start Time:		0.000000
End Time:		Infinity
Task Duration:	0.705878
Corr Time:		0.010000
Lambda:			0.015000
Dependency Matrix:
   [0	-1	-1	-1
	-1	0	-1	1
	-1	-1	0	-1
	-1	1	-1	0]

Time Constraint Matrix:
   [Infinity	Infinity	Infinity	Infinity
	Infinity	Infinity	Infinity	0.010000
	Infinity	Infinity	Infinity	Infinity
	Infinity	0.010000	Infinity	Infinity]


**********************************
Task Number:		7
Maximum Score:		61.746700
Subtask Cost:		0.000000
Number of Sensors:	2.000000
Number of Subtasks:	4

Location:			[8.000000, 13.000000, 0.000000]
Sensor List:		[IR, MW]
Subtask List:		[IR_{}, IR_{MW}, MW_{}, MW_{IR}]

Time Constraints:
Start Time:		0.000000
End Time:		Infinity
Task Duration:	0.848658
Corr Time:		0.010000
Lambda:			0.015000
Dependency Matrix:
   [0	-1	-1	-1
	-1	0	-1	1
	-1	-1	0	-1
	-1	1	-1	0]

Time Constraint Matrix:
   [Infinity	Infinity	Infinity	Infinity
	Infinity	Infinity	Infinity	0.010000
	Infinity	Infinity	Infinity	Infinity
	Infinity	0.010000	Infinity	Infinity]


**********************************
Task Number:		8
Maximum Score:		62.685133
Subtask Cost:		0.000000
Number of Sensors:	2.000000
Number of Subtasks:	4

Location:			[39.000000, 45.000000, 0.000000]
Sensor List:		[IR, MW]
Subtask List:		[IR_{}, IR_{MW}, MW_{}, MW_{IR}]

Time Constraints:
Start Time:		0.000000
End Time:		Infinity
Task Duration:	0.233579
Corr Time:		0.010000
Lambda:			0.015000
Dependency Matrix:
   [0	-1	-1	-1
	-1	0	-1	1
	-1	-1	0	-1
	-1	1	-1	0]

Time Constraint Matrix:
   [Infinity	Infinity	Infinity	Infinity
	Infinity	Infinity	Infinity	0.010000
	Infinity	Infinity	Infinity	Infinity
	Infinity	0.010000	Infinity	Infinity]


**********************************
Task Number:		9
Maximum Score:		58.197834
Subtask Cost:		0.000000
Number of Sensors:	2.000000
Number of Subtasks:	4

Location:			[23.000000, 20.000000, 0.000000]
Sensor List:		[IR, MW]
Subtask List:		[IR_{}, IR_{MW}, MW_{}, MW_{IR}]

Time Constraints:
Start Time:		0.000000
End Time:		Infinity
Task Duration:	0.166158
Corr Time:		0.010000
Lambda:			0.015000
Dependency Matrix:
   [0	-1	-1	-1
	-1	0	-1	1
	-1	-1	0	-1
	-1	1	-1	0]

Time Constraint Matrix:
   [Infinity	Infinity	Infinity	Infinity
	Infinity	Infinity	Infinity	0.010000
	Infinity	Infinity	Infinity	Infinity
	Infinity	0.010000	Infinity	Infinity]


**********************************
Task Number:		10
Maximum Score:		66.745259
Subtask Cost:		0.000000
Number of Sensors:	2.000000
Number of Subtasks:	4

Location:			[37.000000, 28.000000, 0.000000]
Sensor List:		[IR, MW]
Subtask List:		[IR_{}, IR_{MW}, MW_{}, MW_{IR}]

Time Constraints:
Start Time:		0.000000
End Time:		Infinity
Task Duration:	0.502704
Corr Time:		0.010000
Lambda:			0.015000
Dependency Matrix:
   [0	-1	-1	-1
	-1	0	-1	1
	-1	-1	0	-1
	-1	1	-1	0]

Time Constraint Matrix:
   [Infinity	Infinity	Infinity	Infinity
	Infinity	Infinity	Infinity	0.010000
	Infinity	Infinity	Infinity	Infinity
	Infinity	0.010000	Infinity	Infinity]


**********************************
Task Number:		11
Maximum Score:		87.292223
Subtask Cost:		0.000000
Number of Sensors:	2.000000
Number of Subtasks:	4

Location:			[41.000000, 35.000000, 0.000000]
Sensor List:		[IR, MW]
Subtask List:		[IR_{}, IR_{MW}, MW_{}, MW_{IR}]

Time Constraints:
Start Time:		0.000000
End Time:		Infinity
Task Duration:	0.598111
Corr Time:		0.010000
Lambda:			0.015000
Dependency Matrix:
   [0	-1	-1	-1
	-1	0	-1	1
	-1	-1	0	-1
	-1	1	-1	0]

Time Constraint Matrix:
   [Infinity	Infinity	Infinity	Infinity
	Infinity	Infinity	Infinity	0.010000
	Infinity	Infinity	Infinity	Infinity
	Infinity	0.010000	Infinity	Infinity]


**********************************
Task Number:		12
Maximum Score:		79.450681
Subtask Cost:		0.000000
Number of Sensors:	2.000000
Number of Subtasks:	4

Location:			[36.000000, 27.000000, 0.000000]
Sensor List:		[IR, MW]
Subtask List:		[IR_{}, IR_{MW}, MW_{}, MW_{IR}]

Time Constraints:
Start Time:		0.000000
End Time:		Infinity
Task Duration:	0.699072
Corr Time:		0.010000
Lambda:			0.015000
Dependency Matrix:
   [0	-1	-1	-1
	-1	0	-1	1
	-1	-1	0	-1
	-1	1	-1	0]

Time Constraint Matrix:
   [Infinity	Infinity	Infinity	Infinity
	Infinity	Infinity	Infinity	0.010000
	Infinity	Infinity	Infinity	Infinity
	Infinity	0.010000	Infinity	Infinity]


**********************************
Task Number:		13
Maximum Score:		56.250355
Subtask Cost:		0.000000
Number of Sensors:	2.000000
Number of Subtasks:	4

Location:			[30.000000, 46.000000, 0.000000]
Sensor List:		[IR, MW]
Subtask List:		[IR_{}, IR_{MW}, MW_{}, MW_{IR}]

Time Constraints:
Start Time:		0.000000
End Time:		Infinity
Task Duration:	0.735137
Corr Time:		0.010000
Lambda:			0.015000
Dependency Matrix:
   [0	-1	-1	-1
	-1	0	-1	1
	-1	-1	0	-1
	-1	1	-1	0]

Time Constraint Matrix:
   [Infinity	Infinity	Infinity	Infinity
	Infinity	Infinity	Infinity	0.010000
	Infinity	Infinity	Infinity	Infinity
	Infinity	0.010000	Infinity	Infinity]


**********************************
Task Number:		14
Maximum Score:		87.854151
Subtask Cost:		0.000000
Number of Sensors:	2.000000
Number of Subtasks:	4

Location:			[12.000000, 38.000000, 0.000000]
Sensor List:		[IR, MW]
Subtask List:		[IR_{}, IR_{MW}, MW_{}, MW_{IR}]

Time Constraints:
Start Time:		0.000000
End Time:		Infinity
Task Duration:	0.367261
Corr Time:		0.010000
Lambda:			0.015000
Dependency Matrix:
   [0	-1	-1	-1
	-1	0	-1	1
	-1	-1	0	-1
	-1	1	-1	0]

Time Constraint Matrix:
   [Infinity	Infinity	Infinity	Infinity
	Infinity	Infinity	Infinity	0.010000
	Infinity	Infinity	Infinity	Infinity
	Infinity	0.010000	Infinity	Infinity]


**********************************
Task Number:		15
Maximum Score:		54.037294
Subtask Cost:		0.000000
Number of Sensors:	2.000000
Number of Subtasks:	4

Location:			[29.000000, 10.000000, 0.000000]
Sensor List:		[IR, MW]
Subtask List:		[IR_{}, IR_{MW}, MW_{}, MW_{IR}]

Time Constraints:
Start Time:		0.000000
End Time:		Infinity
Task Duration:	0.841977
Corr Time:		0.010000
Lambda:			0.015000
Dependency Matrix:
   [0	-1	-1	-1
	-1	0	-1	1
	-1	-1	0	-1
	-1	1	-1	0]

Time Constraint Matrix:
   [Infinity	Infinity	Infinity	Infinity
	Infinity	Infinity	Infinity	0.010000
	Infinity	Infinity	Infinity	Infinity
	Infinity	0.010000	Infinity	Infinity]


**********************************
Task Number:		16
Maximum Score:		74.313511
Subtask Cost:		0.000000
Number of Sensors:	2.000000
Number of Subtasks:	4

Location:			[14.000000, 49.000000, 0.000000]
Sensor List:		[IR, MW]
Subtask List:		[IR_{}, IR_{MW}, MW_{}, MW_{IR}]

Time Constraints:
Start Time:		0.000000
End Time:		Infinity
Task Duration:	0.669037
Corr Time:		0.010000
Lambda:			0.015000
Dependency Matrix:
   [0	-1	-1	-1
	-1	0	-1	1
	-1	-1	0	-1
	-1	1	-1	0]

Time Constraint Matrix:
   [Infinity	Infinity	Infinity	Infinity
	Infinity	Infinity	Infinity	0.010000
	Infinity	Infinity	Infinity	Infinity
	Infinity	0.010000	Infinity	Infinity]


**********************************
Task Number:		17
Maximum Score:		87.218608
Subtask Cost:		0.000000
Number of Sensors:	2.000000
Number of Subtasks:	4

Location:			[43.000000, 17.000000, 0.000000]
Sensor List:		[IR, MW]
Subtask List:		[IR_{}, IR_{MW}, MW_{}, MW_{IR}]

Time Constraints:
Start Time:		0.000000
End Time:		Infinity
Task Duration:	0.391353
Corr Time:		0.010000
Lambda:			0.015000
Dependency Matrix:
   [0	-1	-1	-1
	-1	0	-1	1
	-1	-1	0	-1
	-1	1	-1	0]

Time Constraint Matrix:
   [Infinity	Infinity	Infinity	Infinity
	Infinity	Infinity	Infinity	0.010000
	Infinity	Infinity	Infinity	Infinity
	Infinity	0.010000	Infinity	Infinity]


**********************************
Task Number:		18
Maximum Score:		94.451187
Subtask Cost:		0.000000
Number of Sensors:	2.000000
Number of Subtasks:	4

Location:			[31.000000, 47.000000, 0.000000]
Sensor List:		[IR, MW]
Subtask List:		[IR_{}, IR_{MW}, MW_{}, MW_{IR}]

Time Constraints:
Start Time:		0.000000
End Time:		Infinity
Task Duration:	0.748297
Corr Time:		0.010000
Lambda:			0.015000
Dependency Matrix:
   [0	-1	-1	-1
	-1	0	-1	1
	-1	-1	0	-1
	-1	1	-1	0]

Time Constraint Matrix:
   [Infinity	Infinity	Infinity	Infinity
	Infinity	Infinity	Infinity	0.010000
	Infinity	Infinity	Infinity	Infinity
	Infinity	0.010000	Infinity	Infinity]


**********************************
Task Number:		19
Maximum Score:		81.322246
Subtask Cost:		0.000000
Number of Sensors:	2.000000
Number of Subtasks:	4

Location:			[32.000000, 46.000000, 0.000000]
Sensor List:		[IR, MW]
Subtask List:		[IR_{}, IR_{MW}, MW_{}, MW_{IR}]

Time Constraints:
Start Time:		0.000000
End Time:		Infinity
Task Duration:	0.346896
Corr Time:		0.010000
Lambda:			0.015000
Dependency Matrix:
   [0	-1	-1	-1
	-1	0	-1	1
	-1	-1	0	-1
	-1	1	-1	0]

Time Constraint Matrix:
   [Infinity	Infinity	Infinity	Infinity
	Infinity	Infinity	Infinity	0.010000
	Infinity	Infinity	Infinity	Infinity
	Infinity	0.010000	Infinity	Infinity]

