TASK1:
Spatial Resolution Satisfaction:		0.9999956539985653
Signal-to-Noise Ratio Satisfaction:	0.5
Temporal Resolution Satisfaction:		0.4992940781098171
Number of Measurements:	2
		TASK1_C_{}		{2020-01-01T06:10:21.000}	Spacecraft-7
		TASK1_C_{}		{2020-01-07T18:18:36.000}	Spacecraft-5
---------------------------------------------------------------------------------
TASK2:
Spatial Resolution Satisfaction:		0.9999949720070349
Signal-to-Noise Ratio Satisfaction:	0.5
Temporal Resolution Satisfaction:		0.9825719063989313
Number of Measurements:	6
		TASK2_L_{}		{2020-01-03T15:43:30.000}	Spacecraft-1
		TASK2_C_{}		{2020-01-03T15:49:51.000}	Spacecraft-7
		TASK2_C_{}		{2020-01-06T16:09:00.000}	Spacecraft-7
		TASK2_C_{}		{2020-01-07T04:13:15.000}	Spacecraft-7
		TASK2_UHF_{}		{2020-01-07T04:48:33.000}	Spacecraft-3
		TASK2_UHF_{}		{2020-01-07T15:41:16.000}	Spacecraft-3
---------------------------------------------------------------------------------
TASK3:
Spatial Resolution Satisfaction:		0.9999948794148119
Signal-to-Noise Ratio Satisfaction:	0.5
Temporal Resolution Satisfaction:		0.9774835910074728
Number of Measurements:	4
		TASK3_C_{}		{2020-01-04T04:56:12.000}	Spacecraft-7
		TASK3_L_{}		{2020-01-06T16:31:11.000}	Spacecraft-1
		TASK3_UHF_{}		{2020-01-07T04:13:35.000}	Spacecraft-3
		TASK3_L_{}		{2020-01-07T17:07:31.000}	Spacecraft-1
---------------------------------------------------------------------------------
TASK4:
Spatial Resolution Satisfaction:		0.9999956539985653
Signal-to-Noise Ratio Satisfaction:	0.5
Temporal Resolution Satisfaction:		0.0
Number of Measurements:	1
		TASK4_C_{}		{2020-01-06T21:37:20.000}	Spacecraft-5
---------------------------------------------------------------------------------
TASK5:
Spatial Resolution Satisfaction:		0.0
Signal-to-Noise Ratio Satisfaction:	0.0
Temporal Resolution Satisfaction:		0.0
Number of Measurements:	0
---------------------------------------------------------------------------------
TASK6:
Spatial Resolution Satisfaction:		0.0
Signal-to-Noise Ratio Satisfaction:	0.0
Temporal Resolution Satisfaction:		0.0
Number of Measurements:	0
---------------------------------------------------------------------------------
TASK7:
Spatial Resolution Satisfaction:		0.9999936586686708
Signal-to-Noise Ratio Satisfaction:	0.5
Temporal Resolution Satisfaction:		0.9722995727808081
Number of Measurements:	2
		TASK7_L_{}		{2020-01-06T10:52:19.000}	Spacecraft-1
		TASK7_L_{}		{2020-01-07T22:08:52.000}	Spacecraft-1
---------------------------------------------------------------------------------
TASK8:
Spatial Resolution Satisfaction:		0.9999956539985653
Signal-to-Noise Ratio Satisfaction:	0.5
Temporal Resolution Satisfaction:		0.9858867623351294
Number of Measurements:	3
		TASK8_C_{}		{2020-01-06T15:20:14.000}	Spacecraft-5
		TASK8_C_{}		{2020-01-07T03:23:13.000}	Spacecraft-5
		TASK8_C_{}		{2020-01-07T15:10:23.000}	Spacecraft-7
---------------------------------------------------------------------------------
TASK9:
Spatial Resolution Satisfaction:		0.9999956539985653
Signal-to-Noise Ratio Satisfaction:	0.5
Temporal Resolution Satisfaction:		0.9852264799311784
Number of Measurements:	2
		TASK9_C_{}		{2020-01-07T07:03:35.000}	Spacecraft-5
		TASK9_C_{}		{2020-01-07T20:33:08.000}	Spacecraft-5
---------------------------------------------------------------------------------
TASK10:
Spatial Resolution Satisfaction:		0.0
Signal-to-Noise Ratio Satisfaction:	0.0
Temporal Resolution Satisfaction:		0.0
Number of Measurements:	0
---------------------------------------------------------------------------------
TASK11:
Spatial Resolution Satisfaction:		0.0
Signal-to-Noise Ratio Satisfaction:	0.0
Temporal Resolution Satisfaction:		0.0
Number of Measurements:	0
---------------------------------------------------------------------------------
TASK12:
Spatial Resolution Satisfaction:		0.9999933215570858
Signal-to-Noise Ratio Satisfaction:	0.5
Temporal Resolution Satisfaction:		0.0
Number of Measurements:	1
		TASK12_L_{}		{2020-01-07T14:38:25.000}	Spacecraft-1
---------------------------------------------------------------------------------
TASK13:
Spatial Resolution Satisfaction:		0.9999956539985653
Signal-to-Noise Ratio Satisfaction:	0.5
Temporal Resolution Satisfaction:		0.0
Number of Measurements:	1
		TASK13_C_{}		{2020-01-07T18:19:24.000}	Spacecraft-7
---------------------------------------------------------------------------------
TASK14:
Spatial Resolution Satisfaction:		0.9999956539985653
Signal-to-Noise Ratio Satisfaction:	0.5
Temporal Resolution Satisfaction:		0.0
Number of Measurements:	1
		TASK14_C_{}		{2020-01-07T21:00:11.000}	Spacecraft-5
---------------------------------------------------------------------------------
TASK15:
Spatial Resolution Satisfaction:		0.9999916639517524
Signal-to-Noise Ratio Satisfaction:	0.5
Temporal Resolution Satisfaction:		0.0
Number of Measurements:	1
		TASK15_L_{}		{2020-01-07T21:56:07.000}	Spacecraft-1
---------------------------------------------------------------------------------
TASK16:
Spatial Resolution Satisfaction:		0.0
Signal-to-Noise Ratio Satisfaction:	0.0
Temporal Resolution Satisfaction:		0.0
Number of Measurements:	0
---------------------------------------------------------------------------------
TASK17:
Spatial Resolution Satisfaction:		0.999995712387685
Signal-to-Noise Ratio Satisfaction:	0.5
Temporal Resolution Satisfaction:		0.9825858600700681
Number of Measurements:	6
		TASK17_C_{}		{2020-01-03T20:34:23.000}	Spacecraft-7
		TASK17_C_{}		{2020-01-05T21:03:21.000}	Spacecraft-5
		TASK17_C_{}		{2020-01-06T08:40:43.000}	Spacecraft-7
		TASK17_C_{}		{2020-01-06T20:53:32.000}	Spacecraft-7
		TASK17_UHF_{}		{2020-01-07T08:16:05.000}	Spacecraft-3
		TASK17_UHF_{}		{2020-01-07T20:23:51.000}	Spacecraft-3
---------------------------------------------------------------------------------
TASK18:
Spatial Resolution Satisfaction:		0.9999956539985653
Signal-to-Noise Ratio Satisfaction:	0.5
Temporal Resolution Satisfaction:		0.0
Number of Measurements:	1
		TASK18_C_{}		{2020-01-07T09:09:48.000}	Spacecraft-5
---------------------------------------------------------------------------------
TASK19:
Spatial Resolution Satisfaction:		0.999991974395417
Signal-to-Noise Ratio Satisfaction:	0.5
Temporal Resolution Satisfaction:		0.9796200031357102
Number of Measurements:	2
		TASK19_L_{}		{2020-01-04T22:00:52.000}	Spacecraft-1
		TASK19_L_{}		{2020-01-05T22:37:11.000}	Spacecraft-1
---------------------------------------------------------------------------------
TASK20:
Spatial Resolution Satisfaction:		0.9999921330866518
Signal-to-Noise Ratio Satisfaction:	0.5
Temporal Resolution Satisfaction:		0.9868354222542419
Number of Measurements:	2
		TASK20_L_{}		{2020-01-07T11:13:55.000}	Spacecraft-1
		TASK20_L_{}		{2020-01-07T20:45:20.000}	Spacecraft-1
---------------------------------------------------------------------------------
TASK21:
Spatial Resolution Satisfaction:		0.999992834780224
Signal-to-Noise Ratio Satisfaction:	0.5
Temporal Resolution Satisfaction:		0.9832873650440497
Number of Measurements:	3
		TASK21_L_{}		{2020-01-05T21:37:52.000}	Spacecraft-1
		TASK21_L_{}		{2020-01-06T08:30:57.000}	Spacecraft-1
		TASK21_L_{}		{2020-01-07T09:07:17.000}	Spacecraft-1
---------------------------------------------------------------------------------
TASK22:
Spatial Resolution Satisfaction:		0.0
Signal-to-Noise Ratio Satisfaction:	0.0
Temporal Resolution Satisfaction:		0.0
Number of Measurements:	0
---------------------------------------------------------------------------------
TASK23:
Spatial Resolution Satisfaction:		0.9999951904210695
Signal-to-Noise Ratio Satisfaction:	0.5
Temporal Resolution Satisfaction:		0.972253686288172
Number of Measurements:	2
		TASK23_UHF_{}		{2020-01-05T12:49:55.000}	Spacecraft-3
		TASK23_UHF_{}		{2020-01-07T00:09:56.000}	Spacecraft-3
---------------------------------------------------------------------------------
TASK24:
Spatial Resolution Satisfaction:		0.9999958158417016
Signal-to-Noise Ratio Satisfaction:	0.5
Temporal Resolution Satisfaction:		0.0
Number of Measurements:	1
		TASK24_UHF_{}		{2020-01-07T18:04:52.000}	Spacecraft-3
---------------------------------------------------------------------------------
TASK25:
Spatial Resolution Satisfaction:		0.9999955792491894
Signal-to-Noise Ratio Satisfaction:	0.5
Temporal Resolution Satisfaction:		0.9811393656032099
Number of Measurements:	6
		TASK25_UHF_{}		{2020-01-03T03:17:07.000}	Spacecraft-3
		TASK25_UHF_{}		{2020-01-03T16:36:08.000}	Spacecraft-3
		TASK25_UHF_{}		{2020-01-04T17:04:50.000}	Spacecraft-3
		TASK25_UHF_{}		{2020-01-06T03:06:20.000}	Spacecraft-3
		TASK25_UHF_{}		{2020-01-06T16:25:21.000}	Spacecraft-3
		TASK25_UHF_{}		{2020-01-07T16:54:03.000}	Spacecraft-3
---------------------------------------------------------------------------------
TASK26:
Spatial Resolution Satisfaction:		0.999995138017162
Signal-to-Noise Ratio Satisfaction:	0.5
Temporal Resolution Satisfaction:		0.0
Number of Measurements:	1
		TASK26_UHF_{}		{2020-01-07T00:54:51.000}	Spacecraft-3
---------------------------------------------------------------------------------
TASK27:
Spatial Resolution Satisfaction:		0.9999956539985653
Signal-to-Noise Ratio Satisfaction:	0.5
Temporal Resolution Satisfaction:		0.9820696617077349
Number of Measurements:	4
		TASK27_C_{}		{2020-01-05T06:28:33.000}	Spacecraft-5
		TASK27_C_{}		{2020-01-06T06:18:43.000}	Spacecraft-7
		TASK27_C_{}		{2020-01-07T06:57:33.000}	Spacecraft-7
		TASK27_C_{}		{2020-01-07T18:59:54.000}	Spacecraft-7
---------------------------------------------------------------------------------
TASK28:
Spatial Resolution Satisfaction:		0.9999956539985653
Signal-to-Noise Ratio Satisfaction:	0.5
Temporal Resolution Satisfaction:		0.9847053020342252
Number of Measurements:	5
		TASK28_C_{}		{2020-01-04T09:34:31.000}	Spacecraft-7
		TASK28_C_{}		{2020-01-04T20:39:10.000}	Spacecraft-7
		TASK28_C_{}		{2020-01-05T09:24:41.000}	Spacecraft-5
		TASK28_C_{}		{2020-01-05T20:29:18.000}	Spacecraft-5
		TASK28_C_{}		{2020-01-06T20:19:26.000}	Spacecraft-7
---------------------------------------------------------------------------------
TASK29:
Spatial Resolution Satisfaction:		0.9999956539985653
Signal-to-Noise Ratio Satisfaction:	0.5
Temporal Resolution Satisfaction:		0.9858867623351294
Number of Measurements:	3
		TASK29_C_{}		{2020-01-06T15:08:08.000}	Spacecraft-5
		TASK29_C_{}		{2020-01-07T02:46:32.000}	Spacecraft-7
		TASK29_C_{}		{2020-01-07T14:58:17.000}	Spacecraft-7
---------------------------------------------------------------------------------
TASK30:
Spatial Resolution Satisfaction:		0.9999956539985653
Signal-to-Noise Ratio Satisfaction:	0.5
Temporal Resolution Satisfaction:		0.9832752560447016
Number of Measurements:	3
		TASK30_C_{}		{2020-01-05T13:37:26.000}	Spacecraft-5
		TASK30_C_{}		{2020-01-06T13:27:35.000}	Spacecraft-7
		TASK30_C_{}		{2020-01-07T01:09:51.000}	Spacecraft-5
---------------------------------------------------------------------------------
