TASK1:
Spatial Resolution Satisfaction:		1.0
Signal-to-Noise Ratio Satisfaction:	0.5
Temporal Resolution Satisfaction:		0.9862848753608487
Number of Measurements:	2
		TASK1_L_{}		{2020-01-06T23:02:37.000}	Spacecraft-1
		TASK1_L_{}		{2020-01-07T09:58:36.000}	Spacecraft-1
---------------------------------------------------------------------------------
TASK2:
Spatial Resolution Satisfaction:		0.9999999999997491
Signal-to-Noise Ratio Satisfaction:	0.5
Temporal Resolution Satisfaction:		0.9858178718318992
Number of Measurements:	2
		TASK2_L_{}		{2020-01-02T01:08:10.000}	Spacecraft-1
		TASK2_L_{}		{2020-01-02T13:13:18.000}	Spacecraft-1
---------------------------------------------------------------------------------
TASK3:
Spatial Resolution Satisfaction:		0.0
Signal-to-Noise Ratio Satisfaction:	0.0
Temporal Resolution Satisfaction:		0.0
Number of Measurements:	0
---------------------------------------------------------------------------------
TASK4:
Spatial Resolution Satisfaction:		0.0
Signal-to-Noise Ratio Satisfaction:	0.0
Temporal Resolution Satisfaction:		0.0
Number of Measurements:	0
---------------------------------------------------------------------------------
TASK5:
Spatial Resolution Satisfaction:		0.0
Signal-to-Noise Ratio Satisfaction:	0.0
Temporal Resolution Satisfaction:		0.0
Number of Measurements:	0
---------------------------------------------------------------------------------
TASK6:
Spatial Resolution Satisfaction:		1.0
Signal-to-Noise Ratio Satisfaction:	0.5
Temporal Resolution Satisfaction:		0.0
Number of Measurements:	1
		TASK6_L_{}		{2020-01-07T11:40:28.000}	Spacecraft-1
---------------------------------------------------------------------------------
TASK7:
Spatial Resolution Satisfaction:		0.9999999962445667
Signal-to-Noise Ratio Satisfaction:	0.5
Temporal Resolution Satisfaction:		0.0
Number of Measurements:	1
		TASK7_L_{}		{2020-01-07T23:03:23.000}	Spacecraft-1
---------------------------------------------------------------------------------
TASK8:
Spatial Resolution Satisfaction:		0.9999768205902981
Signal-to-Noise Ratio Satisfaction:	0.5
Temporal Resolution Satisfaction:		0.9821807253906888
Number of Measurements:	4
		TASK8_L_{}		{2020-01-04T13:45:18.000}	Spacecraft-1
		TASK8_L_{}		{2020-01-05T02:02:27.000}	Spacecraft-1
		TASK8_L_{}		{2020-01-05T14:21:37.000}	Spacecraft-1
		TASK8_L_{}		{2020-01-07T01:38:00.000}	Spacecraft-1
---------------------------------------------------------------------------------
TASK9:
Spatial Resolution Satisfaction:		1.0
Signal-to-Noise Ratio Satisfaction:	0.5
Temporal Resolution Satisfaction:		0.9821778603456662
Number of Measurements:	7
		TASK9_L_{}		{2020-01-02T06:04:40.000}	Spacecraft-1
		TASK9_L_{}		{2020-01-03T06:40:59.000}	Spacecraft-1
		TASK9_L_{}		{2020-01-03T18:44:51.000}	Spacecraft-1
		TASK9_L_{}		{2020-01-04T19:21:10.000}	Spacecraft-1
		TASK9_L_{}		{2020-01-05T18:20:21.000}	Spacecraft-1
		TASK9_L_{}		{2020-01-06T18:56:45.000}	Spacecraft-1
		TASK9_L_{}		{2020-01-07T05:52:04.000}	Spacecraft-1
---------------------------------------------------------------------------------
TASK10:
Spatial Resolution Satisfaction:		0.0
Signal-to-Noise Ratio Satisfaction:	0.0
Temporal Resolution Satisfaction:		0.0
Number of Measurements:	0
---------------------------------------------------------------------------------
TASK11:
Spatial Resolution Satisfaction:		0.9999999999999967
Signal-to-Noise Ratio Satisfaction:	0.5
Temporal Resolution Satisfaction:		0.9831393838433449
Number of Measurements:	10
		TASK11_UHF_{L}		{2020-01-04T23:37:41.000}	Spacecraft-1
		TASK11_L_{UHF}		{2020-01-04T23:37:41.000}	Spacecraft-1
		TASK11_UHF_{L}		{2020-01-05T11:51:25.000}	Spacecraft-1
		TASK11_L_{UHF}		{2020-01-05T11:51:25.000}	Spacecraft-1
		TASK11_UHF_{L}		{2020-01-06T00:14:01.000}	Spacecraft-1
		TASK11_L_{UHF}		{2020-01-06T00:14:01.000}	Spacecraft-1
		TASK11_UHF_{L}		{2020-01-07T11:26:58.000}	Spacecraft-1
		TASK11_L_{UHF}		{2020-01-07T11:26:58.000}	Spacecraft-1
		TASK11_UHF_{L}		{2020-01-07T23:49:33.000}	Spacecraft-1
		TASK11_L_{UHF}		{2020-01-07T23:49:33.000}	Spacecraft-1
---------------------------------------------------------------------------------
TASK12:
Spatial Resolution Satisfaction:		0.0
Signal-to-Noise Ratio Satisfaction:	0.0
Temporal Resolution Satisfaction:		0.0
Number of Measurements:	0
---------------------------------------------------------------------------------
TASK13:
Spatial Resolution Satisfaction:		0.0
Signal-to-Noise Ratio Satisfaction:	0.0
Temporal Resolution Satisfaction:		0.0
Number of Measurements:	0
---------------------------------------------------------------------------------
TASK14:
Spatial Resolution Satisfaction:		0.0
Signal-to-Noise Ratio Satisfaction:	0.0
Temporal Resolution Satisfaction:		0.0
Number of Measurements:	0
---------------------------------------------------------------------------------
TASK15:
Spatial Resolution Satisfaction:		0.0
Signal-to-Noise Ratio Satisfaction:	0.0
Temporal Resolution Satisfaction:		0.0
Number of Measurements:	0
---------------------------------------------------------------------------------
TASK16:
Spatial Resolution Satisfaction:		0.0
Signal-to-Noise Ratio Satisfaction:	0.0
Temporal Resolution Satisfaction:		0.0
Number of Measurements:	0
---------------------------------------------------------------------------------
TASK17:
Spatial Resolution Satisfaction:		1.0
Signal-to-Noise Ratio Satisfaction:	0.5
Temporal Resolution Satisfaction:		0.0
Number of Measurements:	1
		TASK17_UHF_{}		{2020-01-07T21:23:44.000}	Spacecraft-1
---------------------------------------------------------------------------------
TASK18:
Spatial Resolution Satisfaction:		0.9998252264118005
Signal-to-Noise Ratio Satisfaction:	0.5
Temporal Resolution Satisfaction:		0.9863074419272413
Number of Measurements:	4
		TASK18_UHF_{C}		{2020-01-07T07:16:38.000}	Spacecraft-1
		TASK18_C_{UHF}		{2020-01-07T07:16:38.000}	Spacecraft-1
		TASK18_UHF_{C}		{2020-01-07T18:09:13.000}	Spacecraft-1
		TASK18_C_{UHF}		{2020-01-07T18:09:13.000}	Spacecraft-1
---------------------------------------------------------------------------------
TASK19:
Spatial Resolution Satisfaction:		0.0
Signal-to-Noise Ratio Satisfaction:	0.0
Temporal Resolution Satisfaction:		0.0
Number of Measurements:	0
---------------------------------------------------------------------------------
TASK20:
Spatial Resolution Satisfaction:		0.0
Signal-to-Noise Ratio Satisfaction:	0.0
Temporal Resolution Satisfaction:		0.0
Number of Measurements:	0
---------------------------------------------------------------------------------
TASK21:
Spatial Resolution Satisfaction:		0.0
Signal-to-Noise Ratio Satisfaction:	0.0
Temporal Resolution Satisfaction:		0.0
Number of Measurements:	0
---------------------------------------------------------------------------------
TASK22:
Spatial Resolution Satisfaction:		0.0
Signal-to-Noise Ratio Satisfaction:	0.0
Temporal Resolution Satisfaction:		0.0
Number of Measurements:	0
---------------------------------------------------------------------------------
TASK23:
Spatial Resolution Satisfaction:		0.0
Signal-to-Noise Ratio Satisfaction:	0.0
Temporal Resolution Satisfaction:		0.0
Number of Measurements:	0
---------------------------------------------------------------------------------
TASK24:
Spatial Resolution Satisfaction:		0.0
Signal-to-Noise Ratio Satisfaction:	0.0
Temporal Resolution Satisfaction:		0.0
Number of Measurements:	0
---------------------------------------------------------------------------------
TASK25:
Spatial Resolution Satisfaction:		0.0
Signal-to-Noise Ratio Satisfaction:	0.0
Temporal Resolution Satisfaction:		0.0
Number of Measurements:	0
---------------------------------------------------------------------------------
TASK26:
Spatial Resolution Satisfaction:		0.0
Signal-to-Noise Ratio Satisfaction:	0.0
Temporal Resolution Satisfaction:		0.0
Number of Measurements:	0
---------------------------------------------------------------------------------
TASK27:
Spatial Resolution Satisfaction:		0.0
Signal-to-Noise Ratio Satisfaction:	0.0
Temporal Resolution Satisfaction:		0.0
Number of Measurements:	0
---------------------------------------------------------------------------------
TASK28:
Spatial Resolution Satisfaction:		0.0
Signal-to-Noise Ratio Satisfaction:	0.0
Temporal Resolution Satisfaction:		0.0
Number of Measurements:	0
---------------------------------------------------------------------------------
TASK29:
Spatial Resolution Satisfaction:		0.0
Signal-to-Noise Ratio Satisfaction:	0.0
Temporal Resolution Satisfaction:		0.0
Number of Measurements:	0
---------------------------------------------------------------------------------
TASK30:
Spatial Resolution Satisfaction:		0.0
Signal-to-Noise Ratio Satisfaction:	0.0
Temporal Resolution Satisfaction:		0.0
Number of Measurements:	0
---------------------------------------------------------------------------------
