__________________________________
          WINNING VECTORS         
__________________________________
Subtasks:			[IR_{}		IR_{MW}		MW_{}		MW_{IR}	|	IR_{}		IR_{MW}		MW_{}		MW_{IR}	|	IR_{}		IR_{MW}		MW_{}		MW_{IR}	|	IR_{}		IR_{MW}		MW_{}		MW_{IR}	|	IR_{}		IR_{MW}		MW_{}		MW_{IR}	|	IR_{}		IR_{MW}		MW_{}		MW_{IR}	|	IR_{}		IR_{MW}		MW_{}		MW_{IR}	|	IR_{}		IR_{MW}		MW_{}		MW_{IR}	|	IR_{}		IR_{MW}		MW_{}		MW_{IR}	|	IR_{}		IR_{MW}		MW_{}		MW_{IR}	|	IR_{}		IR_{MW}		MW_{}		MW_{IR}	|	IR_{}		IR_{MW}		MW_{}		MW_{IR}	|	IR_{}		IR_{MW}		MW_{}		MW_{IR}	|	IR_{}		IR_{MW}		MW_{}		MW_{IR}	|	IR_{}		IR_{MW}		MW_{}		MW_{IR}	|	IR_{}	|	IR_{}	|	IR_{}	|	IR_{}	|	IR_{}	|	IR_{}	|	IR_{}	|	IR_{}	|	MW_{}	|	MW_{}	|	MW_{}	|	MW_{}	|	MW_{}	|	MW_{}	|	MW_{}	]
Bids Score:			[0.000		5.279		0.000		5.453	|	0.000		0.000		0.000		0.000	|	0.000		33.313		0.000		35.928	|	0.000		2.307		0.000		2.161	|	4.866		0.000		0.000		0.000	|	0.000		0.000		1.497		0.000	|	0.000		2.680		0.000		2.542	|	0.000		4.556		0.000		4.342	|	0.000		2.969		0.000		5.346	|	0.000		5.069		0.000		4.391	|	0.000		0.000		0.169		0.000	|	0.000		12.248		0.000		12.563	|	0.000		19.652		0.000		20.114	|	0.000		19.072		0.000		24.129	|	0.000		0.000		0.000		0.000	|	25.614	|	0.306	|	0.192	|	0.000	|	11.535	|	26.708	|	0.000	|	9.610	|	12.078	|	17.315	|	15.303	|	0.000	|	1.528	|	0.090	|	0.000	]
Measurement Time:	[0.00		56.59		0.00		55.19	|	0.00		0.00		0.00		0.00	|	0.00		14.25		0.00		12.59	|	0.00		101.31		0.00		99.31	|	46.21		0.00		0.00		0.00	|	0.00		0.00		45.29		0.00	|	0.00		107.61		0.00		109.61	|	0.00		102.62		0.00		104.62	|	0.00		95.12		0.00		97.12	|	0.00		60.72		0.00		61.69	|	0.00		0.00		115.03		0.00	|	0.00		48.46		0.00		47.06	|	0.00		41.22		0.00		39.82	|	0.00		35.81		0.00		34.41	|	0.00		0.00		0.00		0.00	|	23.43	|	74.62	|	86.45	|	0.00	|	32.42	|	17.24	|	0.00	|	43.83	|	17.40	|	4.16	|	39.24	|	0.00	|	77.07	|	82.19	|	0.000	]
Iteration Assigned:	[0			246			0			310		|	0			0			0			0		|	0			2			0			2		|	0			502			0			500		|	218			0			0			0		|	0			0			242			0		|	0			562			0			628		|	0			510			0			466		|	0			510			0			466		|	0			258			0			358		|	0			0			680			0		|	0			164			0			126		|	0			158			0			120		|	0			66			0			62		|	0			0			0			0		|	2		|	328		|	502		|	0		|	10		|	0		|	0		|	60		|	236		|	4		|	236		|	0		|	310		|	358		|	0		]
Winners:			[-			-			-			1		|	-			-			-			-		|	-			-			-			2		|	-			3			-			2		|	3			-			-			-		|	-			-			2			-		|	-			-			-			1		|	-			-			-			1		|	-			-			-			1		|	-			3			-			2		|	-			-			1			-		|	-			-			-			1		|	-			-			-			1		|	-			-			-			1		|	-			-			-			-		|	3		|	-		|	3		|	-		|	3		|	3		|	-		|	3		|	2		|	2		|	2		|	-		|	1		|	2		|	-		]

__________________________________
        PERFORMANCE METRICS       
__________________________________
Coalitions Formed:		10
Coalitions Available:	15
Coalition Ratio:		66.67%

Score Achieved:			476.405
Score Available:		1098.436
Score Ratio:			43.37%

Merge Cost:				0.000000
Split Cost:				0.000000

Avg Cost per Research:	61.61%

Tasks Done:				24
Tasks Available:		30
Tasks Done Ratio:		80.00%

Tasks done w/ 1 sens:	14
Tasks done w/ 2 sens:	10
Tasks done w/ 3 sens:	0

Planning Horizon:		3

__________________________________
           AGENT LIST             
__________________________________
Agent Number:			1
Planning Horizon:		3
Max Const Iteration:	2
Max Solo Bids:			2
Max Any Bids:			5
Iteration Counter:		719
Final Resources:		24.535938

Location:				[25.801		14.960		0.000]
Sensor List:			[MW]
Bundle:					[55			51			47			3			72			35			31			27			42]
Path:					[55			51			47			3			72			35			31			27			42]
X-Path:
[	37.035	9.242	0.000,
	41.302	12.562	0.000,
	42.142	5.366	0.000,
	34.078	4.331	0.000,
	12.730	9.118	0.000,
	7.718	8.481	0.000,
	3.988	1.978	0.000,
	3.382	6.930	0.000,
	7.967	4.045	0.000,]
Time Assignments:		[34.408		39.815		47.060		55.191		77.069		97.122		104.619	109.608	115.025]

**********************************
Agent Number:			2
Planning Horizon:		3
Max Const Iteration:	2
Max Solo Bids:			2
Max Any Bids:			5
Iteration Counter:		593
Final Resources:		16.647747

Location:				[20.127		34.014		0.000]
Sensor List:			[MW]
Bundle:					[69			11			68			70			22			39			73			15]
Path:					[69			11			68			70			22			39			73			15]
X-Path:
[	22.831	30.854	0.000,
	31.222	29.999	0.000,
	36.027	30.107	0.000,
	46.293	49.390	0.000,
	46.815	43.369	0.000,
	31.705	36.997	0.000,
	11.334	34.630	0.000,
	0.014	23.138	0.000,]
Time Assignments:		[4.158		12.592		17.399		39.245		45.289		61.687		82.195		99.313]

**********************************
Agent Number:			3
Planning Horizon:		3
Max Const Iteration:	2
Max Solo Bids:			2
Max Any Bids:			5
Iteration Counter:		607
Final Resources:		16.394863

Location:				[9.550		18.636		0.000]
Sensor List:			[IR]
Bundle:					[65			60			64			67			16			37			62			13]
Path:					[65			60			64			67			16			37			62			13]
X-Path:
[	20.976	31.548	0.000,
	24.787	36.425	0.000,
	28.728	28.343	0.000,
	39.051	23.481	0.000,
	36.683	23.364	0.000,
	31.705	36.997	0.000,
	5.973	36.752	0.000,
	0.014	23.138	0.000,]
Time Assignments:		[17.241		23.431		32.423		43.834		46.205		60.719		86.452		101.313]
__________________________________
            TASK LIST             
__________________________________
Task Number:		0
Maximum Score:		38.170301
Subtask Cost:		0.011400
Number of Sensors:	2
Number of Subtasks:	4

Location:			[34.078003, 4.331380, 0.000000]
Sensor List:		[IR, MW]
Subtask List:		[IR_{}, IR_{MW}, MW_{}, MW_{IR}]

Time Constraints:
Start Time:		0.000000
End Time:		Infinity
Task Duration:	0.000000
Corr Time:		2.000000
Lambda:			0.015000
Dependency Matrix:
   [0	-1	-1	-1
	-1	0	-1	1
	-1	-1	0	-1
	-1	1	-1	0]

Time Constraint Matrix:
   [Infinity	Infinity	Infinity	Infinity
	Infinity	Infinity	Infinity	2.000000
	Infinity	Infinity	Infinity	Infinity
	Infinity	2.000000	Infinity	Infinity]


**********************************
Task Number:		1
Maximum Score:		4.876943
Subtask Cost:		0.011400
Number of Sensors:	2
Number of Subtasks:	4

Location:			[39.472506, 33.407100, 0.000000]
Sensor List:		[IR, MW]
Subtask List:		[IR_{}, IR_{MW}, MW_{}, MW_{IR}]

Time Constraints:
Start Time:		0.000000
End Time:		Infinity
Task Duration:	0.000000
Corr Time:		2.000000
Lambda:			0.015000
Dependency Matrix:
   [0	-1	-1	-1
	-1	0	-1	1
	-1	-1	0	-1
	-1	1	-1	0]

Time Constraint Matrix:
   [Infinity	Infinity	Infinity	Infinity
	Infinity	Infinity	Infinity	2.000000
	Infinity	Infinity	Infinity	Infinity
	Infinity	2.000000	Infinity	Infinity]


**********************************
Task Number:		2
Maximum Score:		93.979315
Subtask Cost:		0.011400
Number of Sensors:	2
Number of Subtasks:	4

Location:			[31.221523, 29.998653, 0.000000]
Sensor List:		[IR, MW]
Subtask List:		[IR_{}, IR_{MW}, MW_{}, MW_{IR}]

Time Constraints:
Start Time:		0.000000
End Time:		Infinity
Task Duration:	0.000000
Corr Time:		2.000000
Lambda:			0.015000
Dependency Matrix:
   [0	-1	-1	-1
	-1	0	-1	1
	-1	-1	0	-1
	-1	1	-1	0]

Time Constraint Matrix:
   [Infinity	Infinity	Infinity	Infinity
	Infinity	Infinity	Infinity	2.000000
	Infinity	Infinity	Infinity	Infinity
	Infinity	2.000000	Infinity	Infinity]


**********************************
Task Number:		3
Maximum Score:		65.014139
Subtask Cost:		0.011400
Number of Sensors:	2
Number of Subtasks:	4

Location:			[0.014193, 23.138167, 0.000000]
Sensor List:		[IR, MW]
Subtask List:		[IR_{}, IR_{MW}, MW_{}, MW_{IR}]

Time Constraints:
Start Time:		0.000000
End Time:		Infinity
Task Duration:	0.000000
Corr Time:		2.000000
Lambda:			0.015000
Dependency Matrix:
   [0	-1	-1	-1
	-1	0	-1	1
	-1	-1	0	-1
	-1	1	-1	0]

Time Constraint Matrix:
   [Infinity	Infinity	Infinity	Infinity
	Infinity	Infinity	Infinity	2.000000
	Infinity	Infinity	Infinity	Infinity
	Infinity	2.000000	Infinity	Infinity]


**********************************
Task Number:		4
Maximum Score:		36.671554
Subtask Cost:		0.011400
Number of Sensors:	2
Number of Subtasks:	4

Location:			[36.682750, 23.363702, 0.000000]
Sensor List:		[IR, MW]
Subtask List:		[IR_{}, IR_{MW}, MW_{}, MW_{IR}]

Time Constraints:
Start Time:		0.000000
End Time:		Infinity
Task Duration:	0.000000
Corr Time:		2.000000
Lambda:			0.015000
Dependency Matrix:
   [0	-1	-1	-1
	-1	0	-1	1
	-1	-1	0	-1
	-1	1	-1	0]

Time Constraint Matrix:
   [Infinity	Infinity	Infinity	Infinity
	Infinity	Infinity	Infinity	2.000000
	Infinity	Infinity	Infinity	Infinity
	Infinity	2.000000	Infinity	Infinity]


**********************************
Task Number:		5
Maximum Score:		22.426355
Subtask Cost:		0.011400
Number of Sensors:	2
Number of Subtasks:	4

Location:			[46.814711, 43.369052, 0.000000]
Sensor List:		[IR, MW]
Subtask List:		[IR_{}, IR_{MW}, MW_{}, MW_{IR}]

Time Constraints:
Start Time:		0.000000
End Time:		Infinity
Task Duration:	0.000000
Corr Time:		2.000000
Lambda:			0.015000
Dependency Matrix:
   [0	-1	-1	-1
	-1	0	-1	1
	-1	-1	0	-1
	-1	1	-1	0]

Time Constraint Matrix:
   [Infinity	Infinity	Infinity	Infinity
	Infinity	Infinity	Infinity	2.000000
	Infinity	Infinity	Infinity	Infinity
	Infinity	2.000000	Infinity	Infinity]


**********************************
Task Number:		6
Maximum Score:		46.934412
Subtask Cost:		0.011400
Number of Sensors:	2
Number of Subtasks:	4

Location:			[3.382081, 6.930493, 0.000000]
Sensor List:		[IR, MW]
Subtask List:		[IR_{}, IR_{MW}, MW_{}, MW_{IR}]

Time Constraints:
Start Time:		0.000000
End Time:		Infinity
Task Duration:	0.000000
Corr Time:		2.000000
Lambda:			0.015000
Dependency Matrix:
   [0	-1	-1	-1
	-1	0	-1	1
	-1	-1	0	-1
	-1	1	-1	0]

Time Constraint Matrix:
   [Infinity	Infinity	Infinity	Infinity
	Infinity	Infinity	Infinity	2.000000
	Infinity	Infinity	Infinity	Infinity
	Infinity	2.000000	Infinity	Infinity]


**********************************
Task Number:		7
Maximum Score:		67.707611
Subtask Cost:		0.011400
Number of Sensors:	2
Number of Subtasks:	4

Location:			[3.987676, 1.978152, 0.000000]
Sensor List:		[IR, MW]
Subtask List:		[IR_{}, IR_{MW}, MW_{}, MW_{IR}]

Time Constraints:
Start Time:		0.000000
End Time:		Infinity
Task Duration:	0.000000
Corr Time:		2.000000
Lambda:			0.015000
Dependency Matrix:
   [0	-1	-1	-1
	-1	0	-1	1
	-1	-1	0	-1
	-1	1	-1	0]

Time Constraint Matrix:
   [Infinity	Infinity	Infinity	Infinity
	Infinity	Infinity	Infinity	2.000000
	Infinity	Infinity	Infinity	Infinity
	Infinity	2.000000	Infinity	Infinity]


**********************************
Task Number:		8
Maximum Score:		63.150088
Subtask Cost:		0.011400
Number of Sensors:	2
Number of Subtasks:	4

Location:			[7.718022, 8.481023, 0.000000]
Sensor List:		[IR, MW]
Subtask List:		[IR_{}, IR_{MW}, MW_{}, MW_{IR}]

Time Constraints:
Start Time:		0.000000
End Time:		Infinity
Task Duration:	0.000000
Corr Time:		2.000000
Lambda:			0.015000
Dependency Matrix:
   [0	-1	-1	-1
	-1	0	-1	1
	-1	-1	0	-1
	-1	1	-1	0]

Time Constraint Matrix:
   [Infinity	Infinity	Infinity	Infinity
	Infinity	Infinity	Infinity	2.000000
	Infinity	Infinity	Infinity	Infinity
	Infinity	2.000000	Infinity	Infinity]


**********************************
Task Number:		9
Maximum Score:		48.611034
Subtask Cost:		0.011400
Number of Sensors:	2
Number of Subtasks:	4

Location:			[31.705004, 36.997033, 0.000000]
Sensor List:		[IR, MW]
Subtask List:		[IR_{}, IR_{MW}, MW_{}, MW_{IR}]

Time Constraints:
Start Time:		0.000000
End Time:		Infinity
Task Duration:	0.000000
Corr Time:		2.000000
Lambda:			0.015000
Dependency Matrix:
   [0	-1	-1	-1
	-1	0	-1	1
	-1	-1	0	-1
	-1	1	-1	0]

Time Constraint Matrix:
   [Infinity	Infinity	Infinity	Infinity
	Infinity	Infinity	Infinity	2.000000
	Infinity	Infinity	Infinity	Infinity
	Infinity	2.000000	Infinity	Infinity]


**********************************
Task Number:		10
Maximum Score:		38.443934
Subtask Cost:		0.011400
Number of Sensors:	2
Number of Subtasks:	4

Location:			[7.966846, 4.045380, 0.000000]
Sensor List:		[IR, MW]
Subtask List:		[IR_{}, IR_{MW}, MW_{}, MW_{IR}]

Time Constraints:
Start Time:		0.000000
End Time:		Infinity
Task Duration:	0.000000
Corr Time:		2.000000
Lambda:			0.015000
Dependency Matrix:
   [0	-1	-1	-1
	-1	0	-1	1
	-1	-1	0	-1
	-1	1	-1	0]

Time Constraint Matrix:
   [Infinity	Infinity	Infinity	Infinity
	Infinity	Infinity	Infinity	2.000000
	Infinity	Infinity	Infinity	Infinity
	Infinity	2.000000	Infinity	Infinity]


**********************************
Task Number:		11
Maximum Score:		61.573415
Subtask Cost:		0.011400
Number of Sensors:	2
Number of Subtasks:	4

Location:			[42.142173, 5.366146, 0.000000]
Sensor List:		[IR, MW]
Subtask List:		[IR_{}, IR_{MW}, MW_{}, MW_{IR}]

Time Constraints:
Start Time:		0.000000
End Time:		Infinity
Task Duration:	0.000000
Corr Time:		2.000000
Lambda:			0.015000
Dependency Matrix:
   [0	-1	-1	-1
	-1	0	-1	1
	-1	-1	0	-1
	-1	1	-1	0]

Time Constraint Matrix:
   [Infinity	Infinity	Infinity	Infinity
	Infinity	Infinity	Infinity	2.000000
	Infinity	Infinity	Infinity	Infinity
	Infinity	2.000000	Infinity	Infinity]


**********************************
Task Number:		12
Maximum Score:		80.769487
Subtask Cost:		0.011400
Number of Sensors:	2
Number of Subtasks:	4

Location:			[41.302124, 12.562348, 0.000000]
Sensor List:		[IR, MW]
Subtask List:		[IR_{}, IR_{MW}, MW_{}, MW_{IR}]

Time Constraints:
Start Time:		0.000000
End Time:		Infinity
Task Duration:	0.000000
Corr Time:		2.000000
Lambda:			0.015000
Dependency Matrix:
   [0	-1	-1	-1
	-1	0	-1	1
	-1	-1	0	-1
	-1	1	-1	0]

Time Constraint Matrix:
   [Infinity	Infinity	Infinity	Infinity
	Infinity	Infinity	Infinity	2.000000
	Infinity	Infinity	Infinity	Infinity
	Infinity	2.000000	Infinity	Infinity]


**********************************
Task Number:		13
Maximum Score:		88.243081
Subtask Cost:		0.011400
Number of Sensors:	2
Number of Subtasks:	4

Location:			[37.035256, 9.241784, 0.000000]
Sensor List:		[IR, MW]
Subtask List:		[IR_{}, IR_{MW}, MW_{}, MW_{IR}]

Time Constraints:
Start Time:		0.000000
End Time:		Infinity
Task Duration:	0.000000
Corr Time:		2.000000
Lambda:			0.015000
Dependency Matrix:
   [0	-1	-1	-1
	-1	0	-1	1
	-1	-1	0	-1
	-1	1	-1	0]

Time Constraint Matrix:
   [Infinity	Infinity	Infinity	Infinity
	Infinity	Infinity	Infinity	2.000000
	Infinity	Infinity	Infinity	Infinity
	Infinity	2.000000	Infinity	Infinity]


**********************************
Task Number:		14
Maximum Score:		0.397658
Subtask Cost:		0.011400
Number of Sensors:	2
Number of Subtasks:	4

Location:			[3.999955, 35.110933, 0.000000]
Sensor List:		[IR, MW]
Subtask List:		[IR_{}, IR_{MW}, MW_{}, MW_{IR}]

Time Constraints:
Start Time:		0.000000
End Time:		Infinity
Task Duration:	0.000000
Corr Time:		2.000000
Lambda:			0.015000
Dependency Matrix:
   [0	-1	-1	-1
	-1	0	-1	1
	-1	-1	0	-1
	-1	1	-1	0]

Time Constraint Matrix:
   [Infinity	Infinity	Infinity	Infinity
	Infinity	Infinity	Infinity	2.000000
	Infinity	Infinity	Infinity	Infinity
	Infinity	2.000000	Infinity	Infinity]


**********************************
Task Number:		15
Maximum Score:		39.718660
Subtask Cost:		0.011400
Number of Sensors:	1
Number of Subtasks:	1

Location:			[24.786525, 36.424992, 0.000000]
Sensor List:		[IR]
Subtask List:		[IR_{}]

Time Constraints:
Start Time:		0.000000
End Time:		Infinity
Task Duration:	0.000000
Corr Time:		2.000000
Lambda:			0.015000
Dependency Matrix:
   [0]

Time Constraint Matrix:
   [Infinity]


**********************************
Task Number:		16
Maximum Score:		18.420081
Subtask Cost:		0.011400
Number of Sensors:	1
Number of Subtasks:	1

Location:			[19.990076, 15.583888, 0.000000]
Sensor List:		[IR]
Subtask List:		[IR_{}]

Time Constraints:
Start Time:		0.000000
End Time:		Infinity
Task Duration:	0.000000
Corr Time:		2.000000
Lambda:			0.015000
Dependency Matrix:
   [0]

Time Constraint Matrix:
   [Infinity]


**********************************
Task Number:		17
Maximum Score:		29.611324
Subtask Cost:		0.011400
Number of Sensors:	1
Number of Subtasks:	1

Location:			[5.972961, 36.751620, 0.000000]
Sensor List:		[IR]
Subtask List:		[IR_{}]

Time Constraints:
Start Time:		0.000000
End Time:		Infinity
Task Duration:	0.000000
Corr Time:		2.000000
Lambda:			0.015000
Dependency Matrix:
   [0]

Time Constraint Matrix:
   [Infinity]


**********************************
Task Number:		18
Maximum Score:		9.011942
Subtask Cost:		0.011400
Number of Sensors:	1
Number of Subtasks:	1

Location:			[0.943304, 0.373286, 0.000000]
Sensor List:		[IR]
Subtask List:		[IR_{}]

Time Constraints:
Start Time:		0.000000
End Time:		Infinity
Task Duration:	0.000000
Corr Time:		2.000000
Lambda:			0.015000
Dependency Matrix:
   [0]

Time Constraint Matrix:
   [Infinity]


**********************************
Task Number:		19
Maximum Score:		23.855973
Subtask Cost:		0.011400
Number of Sensors:	1
Number of Subtasks:	1

Location:			[28.728200, 28.342513, 0.000000]
Sensor List:		[IR]
Subtask List:		[IR_{}]

Time Constraints:
Start Time:		0.000000
End Time:		Infinity
Task Duration:	0.000000
Corr Time:		2.000000
Lambda:			0.015000
Dependency Matrix:
   [0]

Time Constraint Matrix:
   [Infinity]


**********************************
Task Number:		20
Maximum Score:		41.692254
Subtask Cost:		0.011400
Number of Sensors:	1
Number of Subtasks:	1

Location:			[20.975784, 31.547647, 0.000000]
Sensor List:		[IR]
Subtask List:		[IR_{}]

Time Constraints:
Start Time:		0.000000
End Time:		Infinity
Task Duration:	0.000000
Corr Time:		2.000000
Lambda:			0.015000
Dependency Matrix:
   [0]

Time Constraint Matrix:
   [Infinity]


**********************************
Task Number:		21
Maximum Score:		14.058362
Subtask Cost:		0.011400
Number of Sensors:	1
Number of Subtasks:	1

Location:			[18.816372, 49.950374, 0.000000]
Sensor List:		[IR]
Subtask List:		[IR_{}]

Time Constraints:
Start Time:		0.000000
End Time:		Infinity
Task Duration:	0.000000
Corr Time:		2.000000
Lambda:			0.015000
Dependency Matrix:
   [0]

Time Constraint Matrix:
   [Infinity]


**********************************
Task Number:		22
Maximum Score:		25.923042
Subtask Cost:		0.011400
Number of Sensors:	1
Number of Subtasks:	1

Location:			[39.051473, 23.480798, 0.000000]
Sensor List:		[IR]
Subtask List:		[IR_{}]

Time Constraints:
Start Time:		0.000000
End Time:		Infinity
Task Duration:	0.000000
Corr Time:		2.000000
Lambda:			0.015000
Dependency Matrix:
   [0]

Time Constraint Matrix:
   [Infinity]


**********************************
Task Number:		23
Maximum Score:		18.198859
Subtask Cost:		0.011400
Number of Sensors:	1
Number of Subtasks:	1

Location:			[36.027393, 30.106814, 0.000000]
Sensor List:		[MW]
Subtask List:		[MW_{}]

Time Constraints:
Start Time:		0.000000
End Time:		Infinity
Task Duration:	0.000000
Corr Time:		2.000000
Lambda:			0.015000
Dependency Matrix:
   [0]

Time Constraint Matrix:
   [Infinity]


**********************************
Task Number:		24
Maximum Score:		20.296977
Subtask Cost:		0.011400
Number of Sensors:	1
Number of Subtasks:	1

Location:			[22.830965, 30.854354, 0.000000]
Sensor List:		[MW]
Subtask List:		[MW_{}]

Time Constraints:
Start Time:		0.000000
End Time:		Infinity
Task Duration:	0.000000
Corr Time:		2.000000
Lambda:			0.015000
Dependency Matrix:
   [0]

Time Constraint Matrix:
   [Infinity]


**********************************
Task Number:		25
Maximum Score:		39.814253
Subtask Cost:		0.011400
Number of Sensors:	1
Number of Subtasks:	1

Location:			[46.293311, 49.390086, 0.000000]
Sensor List:		[MW]
Subtask List:		[MW_{}]

Time Constraints:
Start Time:		0.000000
End Time:		Infinity
Task Duration:	0.000000
Corr Time:		2.000000
Lambda:			0.015000
Dependency Matrix:
   [0]

Time Constraint Matrix:
   [Infinity]


**********************************
Task Number:		26
Maximum Score:		2.678795
Subtask Cost:		0.011400
Number of Sensors:	1
Number of Subtasks:	1

Location:			[43.352804, 49.464620, 0.000000]
Sensor List:		[MW]
Subtask List:		[MW_{}]

Time Constraints:
Start Time:		0.000000
End Time:		Infinity
Task Duration:	0.000000
Corr Time:		2.000000
Lambda:			0.015000
Dependency Matrix:
   [0]

Time Constraint Matrix:
   [Infinity]


**********************************
Task Number:		27
Maximum Score:		26.477011
Subtask Cost:		0.011400
Number of Sensors:	1
Number of Subtasks:	1

Location:			[12.729981, 9.117915, 0.000000]
Sensor List:		[MW]
Subtask List:		[MW_{}]

Time Constraints:
Start Time:		0.000000
End Time:		Infinity
Task Duration:	0.000000
Corr Time:		2.000000
Lambda:			0.015000
Dependency Matrix:
   [0]

Time Constraint Matrix:
   [Infinity]


**********************************
Task Number:		28
Maximum Score:		22.320072
Subtask Cost:		0.011400
Number of Sensors:	1
Number of Subtasks:	1

Location:			[11.334420, 34.629792, 0.000000]
Sensor List:		[MW]
Subtask List:		[MW_{}]

Time Constraints:
Start Time:		0.000000
End Time:		Infinity
Task Duration:	0.000000
Corr Time:		2.000000
Lambda:			0.015000
Dependency Matrix:
   [0]

Time Constraint Matrix:
   [Infinity]


**********************************
Task Number:		29
Maximum Score:		9.389378
Subtask Cost:		0.011400
Number of Sensors:	1
Number of Subtasks:	1

Location:			[0.132054, 48.821957, 0.000000]
Sensor List:		[MW]
Subtask List:		[MW_{}]

Time Constraints:
Start Time:		0.000000
End Time:		Infinity
Task Duration:	0.000000
Corr Time:		2.000000
Lambda:			0.015000
Dependency Matrix:
   [0]

Time Constraint Matrix:
   [Infinity]

