0	|	0.000000	0.000000	0.000000	|	0.000000	0.000000	0.000000	|	-	-	-	|	0.000000	0.000000	0.000000	|	0	0	0	
1	|	0.000000	0.000000	0.000000	|	0.000000	0.000000	0.000000	|	-	-	-	|	0.000000	0.000000	0.000000	|	0	0	0	
2	|	0.000000	0.000000	0.000000	|	0.000000	0.000000	0.000000	|	-	-	-	|	0.000000	0.000000	0.000000	|	0	0	0	
3	|	0.000000	0.000000	0.000000	|	0.000000	0.000000	0.000000	|	-	-	-	|	0.000000	0.000000	0.000000	|	0	0	0	
4	|	5.882765	5.882765	5.882765	|	37.704810	37.704810	37.704810	|	3	3	3	|	1.416030	1.416030	1.416030	|	0	0	0	
5	|	0.000000	0.000000	0.000000	|	0.000000	0.000000	0.000000	|	-	-	-	|	0.000000	0.000000	0.000000	|	0	0	0	
6	|	0.000000	0.000000	0.000000	|	0.000000	0.000000	0.000000	|	-	-	-	|	0.000000	0.000000	0.000000	|	0	0	0	
7	|	0.000000	0.000000	0.000000	|	0.000000	0.000000	0.000000	|	-	-	-	|	0.000000	0.000000	0.000000	|	0	0	0	
8	|	0.000000	0.000000	0.000000	|	0.000000	0.000000	0.000000	|	-	-	-	|	0.000000	0.000000	0.000000	|	0	0	0	
9	|	0.000000	0.000000	0.000000	|	0.000000	0.000000	0.000000	|	-	-	-	|	0.000000	0.000000	0.000000	|	0	0	0	
10	|	0.000000	0.000000	0.000000	|	0.000000	0.000000	0.000000	|	-	-	-	|	0.000000	0.000000	0.000000	|	0	0	0	
11	|	0.000000	0.000000	0.000000	|	0.000000	0.000000	0.000000	|	-	-	-	|	0.000000	0.000000	0.000000	|	0	0	0	
12	|	0.000000	0.000000	0.000000	|	0.000000	0.000000	0.000000	|	-	-	-	|	0.000000	0.000000	0.000000	|	0	0	0	
13	|	0.000000	0.000000	0.000000	|	0.000000	0.000000	0.000000	|	-	-	-	|	0.000000	0.000000	0.000000	|	0	0	0	
14	|	0.000000	0.000000	0.000000	|	0.000000	0.000000	0.000000	|	-	-	-	|	0.000000	0.000000	0.000000	|	0	0	0	
15	|	0.000000	0.000000	0.000000	|	0.000000	0.000000	0.000000	|	-	-	-	|	0.000000	0.000000	0.000000	|	0	0	0	
16	|	0.000000	0.000000	0.000000	|	0.000000	0.000000	0.000000	|	-	-	-	|	0.000000	0.000000	0.000000	|	0	0	0	
17	|	0.000000	0.000000	0.000000	|	0.000000	0.000000	0.000000	|	-	-	-	|	0.000000	0.000000	0.000000	|	0	0	0	
18	|	0.000000	0.000000	0.000000	|	0.000000	0.000000	0.000000	|	-	-	-	|	0.000000	0.000000	0.000000	|	0	0	0	
19	|	0.000000	0.000000	0.000000	|	0.000000	0.000000	0.000000	|	-	-	-	|	0.000000	0.000000	0.000000	|	0	0	0	
20	|	5.912056	5.912056	5.912056	|	32.156971	32.156971	32.156971	|	3	3	3	|	3.703536	3.703536	3.703536	|	0	0	0	
21	|	0.000000	0.000000	0.000000	|	0.000000	0.000000	0.000000	|	-	-	-	|	0.000000	0.000000	0.000000	|	0	0	0	
22	|	0.000000	0.000000	0.000000	|	0.000000	0.000000	0.000000	|	-	-	-	|	0.000000	0.000000	0.000000	|	0	0	0	
23	|	0.000000	0.000000	0.000000	|	0.000000	0.000000	0.000000	|	-	-	-	|	0.000000	0.000000	0.000000	|	0	0	0	
24	|	0.000000	0.000000	0.000000	|	0.000000	0.000000	0.000000	|	-	-	-	|	0.000000	0.000000	0.000000	|	0	0	0	
25	|	0.000000	0.000000	0.000000	|	0.000000	0.000000	0.000000	|	-	-	-	|	0.000000	0.000000	0.000000	|	0	0	0	
26	|	26.104574	26.104574	26.104574	|	3.774952	3.774952	3.774952	|	1	1	1	|	2.375509	2.375509	2.375509	|	0	0	0	
27	|	0.000000	0.000000	0.000000	|	0.000000	0.000000	0.000000	|	-	-	-	|	0.000000	0.000000	0.000000	|	0	0	0	
28	|	20.930169	20.930169	20.930169	|	11.606976	11.606976	11.606976	|	3	3	3	|	-0.590336	-0.590336	-0.590336	|	0	0	0	
29	|	0.000000	0.000000	0.000000	|	0.000000	0.000000	0.000000	|	-	-	-	|	0.000000	0.000000	0.000000	|	0	0	0	
30	|	0.000000	0.000000	0.000000	|	0.000000	0.000000	0.000000	|	-	-	-	|	0.000000	0.000000	0.000000	|	0	0	0	
31	|	0.000000	0.000000	0.000000	|	0.000000	0.000000	0.000000	|	-	-	-	|	0.000000	0.000000	0.000000	|	0	0	0	
32	|	1.530144	1.530144	1.530144	|	72.959899	72.959899	72.959899	|	0	0	0	|	5.639647	5.639647	5.639647	|	0	0	0	
33	|	0.000000	0.000000	0.000000	|	0.000000	0.000000	0.000000	|	-	-	-	|	0.000000	0.000000	0.000000	|	0	0	0	
34	|	0.000000	0.000000	0.000000	|	0.000000	0.000000	0.000000	|	-	-	-	|	0.000000	0.000000	0.000000	|	0	0	0	
35	|	0.000000	0.000000	0.000000	|	0.000000	0.000000	0.000000	|	-	-	-	|	0.000000	0.000000	0.000000	|	0	0	0	
36	|	0.000000	0.000000	0.000000	|	0.000000	0.000000	0.000000	|	-	-	-	|	0.000000	0.000000	0.000000	|	0	0	0	
37	|	0.000000	0.000000	0.000000	|	0.000000	0.000000	0.000000	|	-	-	-	|	0.000000	0.000000	0.000000	|	0	0	0	
38	|	0.000000	0.000000	0.000000	|	0.000000	0.000000	0.000000	|	-	-	-	|	0.000000	0.000000	0.000000	|	0	0	0	
39	|	0.000000	0.000000	0.000000	|	0.000000	0.000000	0.000000	|	-	-	-	|	0.000000	0.000000	0.000000	|	0	0	0	
40	|	4.618086	4.618086	4.618086	|	54.659119	54.659119	54.659119	|	0	0	0	|	2.951637	2.951637	2.951637	|	0	0	0	
41	|	0.000000	0.000000	0.000000	|	0.000000	0.000000	0.000000	|	-	-	-	|	0.000000	0.000000	0.000000	|	0	0	0	
42	|	0.000000	0.000000	0.000000	|	0.000000	0.000000	0.000000	|	-	-	-	|	0.000000	0.000000	0.000000	|	0	0	0	
43	|	0.000000	0.000000	0.000000	|	0.000000	0.000000	0.000000	|	-	-	-	|	0.000000	0.000000	0.000000	|	0	0	0	
44	|	8.750846	8.750846	8.750846	|	43.007356	43.007356	43.007356	|	0	0	0	|	0.248729	0.248729	0.248729	|	0	0	0	
45	|	0.000000	0.000000	0.000000	|	0.000000	0.000000	0.000000	|	-	-	-	|	0.000000	0.000000	0.000000	|	0	0	0	
46	|	0.000000	0.000000	0.000000	|	0.000000	0.000000	0.000000	|	-	-	-	|	0.000000	0.000000	0.000000	|	0	0	0	
47	|	0.000000	0.000000	0.000000	|	0.000000	0.000000	0.000000	|	-	-	-	|	0.000000	0.000000	0.000000	|	0	0	0	
48	|	0.000000	0.000000	0.000000	|	0.000000	0.000000	0.000000	|	-	-	-	|	0.000000	0.000000	0.000000	|	0	0	0	
49	|	0.000000	0.000000	0.000000	|	0.000000	0.000000	0.000000	|	-	-	-	|	0.000000	0.000000	0.000000	|	0	0	0	
50	|	2.251705	2.251705	2.251705	|	27.483950	27.483950	27.483950	|	1	1	1	|	13.589932	13.589932	13.589932	|	0	0	0	
51	|	0.000000	0.000000	0.000000	|	0.000000	0.000000	0.000000	|	-	-	-	|	0.000000	0.000000	0.000000	|	0	0	0	
52	|	0.000000	0.000000	0.000000	|	0.000000	0.000000	0.000000	|	-	-	-	|	0.000000	0.000000	0.000000	|	0	0	0	
53	|	0.000000	0.000000	0.000000	|	0.000000	0.000000	0.000000	|	-	-	-	|	0.000000	0.000000	0.000000	|	0	0	0	
54	|	0.000000	0.000000	0.000000	|	0.000000	0.000000	0.000000	|	-	-	-	|	0.000000	0.000000	0.000000	|	0	0	0	
55	|	0.000000	0.000000	0.000000	|	0.000000	0.000000	0.000000	|	-	-	-	|	0.000000	0.000000	0.000000	|	0	0	0	
56	|	0.000000	0.000000	0.000000	|	0.000000	0.000000	0.000000	|	-	-	-	|	0.000000	0.000000	0.000000	|	0	0	0	
57	|	0.000000	0.000000	0.000000	|	0.000000	0.000000	0.000000	|	-	-	-	|	0.000000	0.000000	0.000000	|	0	0	0	
58	|	0.000000	0.000000	0.000000	|	0.000000	0.000000	0.000000	|	-	-	-	|	0.000000	0.000000	0.000000	|	0	0	0	
59	|	0.000000	0.000000	0.000000	|	0.000000	0.000000	0.000000	|	-	-	-	|	0.000000	0.000000	0.000000	|	0	0	0	
60	|	48.642294	48.642294	48.642294	|	18.956972	18.956972	18.956972	|	3	3	3	|	2.247508	2.247508	2.247508	|	0	0	0	
61	|	19.950035	19.950035	19.950035	|	19.372561	19.372561	19.372561	|	0	0	0	|	5.202428	5.202428	5.202428	|	0	0	0	
62	|	14.380454	14.380454	14.380454	|	54.705254	54.705254	54.705254	|	3	3	3	|	4.336076	4.336076	4.336076	|	0	0	0	
63	|	12.265545	12.265545	12.265545	|	39.776762	39.776762	39.776762	|	0	0	0	|	2.586963	2.586963	2.586963	|	0	0	0	
64	|	0.000000	0.000000	0.000000	|	0.000000	0.000000	0.000000	|	-	-	-	|	0.000000	0.000000	0.000000	|	0	0	0	
65	|	49.052645	49.052645	49.052645	|	9.490524	9.490524	9.490524	|	3	3	3	|	2.047889	2.047889	2.047889	|	0	0	0	
66	|	32.509490	32.509490	32.509490	|	31.010720	31.010720	31.010720	|	0	0	0	|	2.750879	2.750879	2.750879	|	0	0	0	
67	|	0.000000	0.000000	0.000000	|	0.000000	0.000000	0.000000	|	-	-	-	|	0.000000	0.000000	0.000000	|	0	0	0	
68	|	55.047429	55.047429	55.047429	|	12.472485	12.472485	12.472485	|	1	1	1	|	7.686516	7.686516	7.686516	|	0	0	0	
69	|	23.230377	23.230377	23.230377	|	22.374756	22.374756	22.374756	|	2	2	2	|	21.958091	21.958091	21.958091	|	0	0	0	
70	|	30.583085	30.583085	30.583085	|	29.136298	29.136298	29.136298	|	2	2	2	|	5.805430	5.805430	5.805430	|	0	0	0	
71	|	23.670738	23.670738	23.670738	|	36.445273	36.445273	36.445273	|	2	2	2	|	6.595399	6.595399	6.595399	|	0	0	0	
72	|	0.000000	0.000000	0.000000	|	0.000000	0.000000	0.000000	|	-	-	-	|	0.000000	0.000000	0.000000	|	0	0	0	
73	|	0.000000	0.000000	0.000000	|	0.000000	0.000000	0.000000	|	-	-	-	|	0.000000	0.000000	0.000000	|	0	0	0	
74	|	0.000000	0.000000	0.000000	|	0.000000	0.000000	0.000000	|	-	-	-	|	0.000000	0.000000	0.000000	|	0	0	0	
