__________________________________
          WINNING VECTORS         
__________________________________
Subtasks:			[IR_{}		IR_{MW}		MW_{}		MW_{IR}	|	IR_{}		IR_{MW}		MW_{}		MW_{IR}	|	IR_{}		IR_{MW}		MW_{}		MW_{IR}	|	IR_{}		IR_{MW}		MW_{}		MW_{IR}	|	IR_{}		IR_{MW}		MW_{}		MW_{IR}	|	IR_{}		IR_{MW}		MW_{}		MW_{IR}	|	IR_{}		IR_{MW}		MW_{}		MW_{IR}	|	IR_{}		IR_{MW}		MW_{}		MW_{IR}	|	IR_{}		IR_{MW}		MW_{}		MW_{IR}	|	IR_{}		IR_{MW}		MW_{}		MW_{IR}	|	IR_{}		IR_{MW}		MW_{}		MW_{IR}	|	IR_{}		IR_{MW}		MW_{}		MW_{IR}	|	IR_{}		IR_{MW}		MW_{}		MW_{IR}	|	IR_{}		IR_{MW}		MW_{}		MW_{IR}	|	IR_{}		IR_{MW}		MW_{}		MW_{IR}	|	IR_{}	|	IR_{}	|	IR_{}	|	IR_{}	|	IR_{}	|	IR_{}	|	IR_{}	|	IR_{}	|	MW_{}	|	MW_{}	|	MW_{}	|	MW_{}	|	MW_{}	|	MW_{}	|	MW_{}	]
Bids Score:			[0.000		20.750		0.000		19.829	|	0.000		0.000		0.000		0.000	|	0.000		0.000		0.000		0.000	|	0.000		0.000		0.000		0.000	|	0.000		0.000		0.000		0.000	|	0.000		28.016		0.000		33.222	|	0.000		0.000		0.000		0.000	|	3.948		0.000		0.000		0.000	|	0.000		13.706		0.000		12.581	|	0.000		0.000		0.000		0.000	|	0.000		4.016		0.000		3.792	|	20.278		0.000		0.000		0.000	|	0.000		0.000		0.000		0.000	|	0.000		21.174		0.000		22.248	|	0.000		16.573		0.000		14.717	|	9.460	|	9.056	|	2.382	|	13.840	|	4.972	|	0.000	|	9.761	|	29.147	|	5.580	|	27.326	|	0.000	|	0.000	|	30.993	|	0.000	|	9.069	]
Measurement Time:	[0.00		37.07		0.00		35.07	|	0.00		0.00		0.00		0.00	|	0.00		0.00		0.00		0.00	|	0.00		0.00		0.00		0.00	|	0.00		0.00		0.00		0.00	|	0.00		24.24		0.00		22.24	|	0.00		0.00		0.00		0.00	|	100.28		0.00		0.00		0.00	|	0.00		50.46		0.00		52.46	|	0.00		0.00		0.00		0.00	|	0.00		74.88		0.00		73.32	|	20.14		0.00		0.00		0.00	|	0.00		0.00		0.00		0.00	|	0.00		26.90		0.00		24.90	|	0.00		51.82		0.00		53.82	|	68.09	|	75.05	|	90.23	|	27.64	|	101.72	|	0.00	|	60.67	|	11.74	|	56.52	|	24.41	|	0.00	|	0.00	|	17.09	|	0.00	|	42.725	]
Iteration Assigned:	[0			4			0			6		|	0			0			0			0		|	0			0			0			0		|	0			0			0			0		|	0			0			0			0		|	0			4			0			4		|	0			0			0			0		|	8426		0			0			0		|	0			196			0			732		|	0			0			0			0		|	0			8838		0			8962	|	84			0			0			0		|	0			0			0			0		|	0			4			0			4		|	0			70			0			168		|	196		|	196		|	8280	|	84		|	8426	|	0		|	110		|	6		|	738		|	0		|	0		|	0		|	0		|	0		|	72		]
Winners:			[-			3			-			2		|	-			-			-			-		|	-			-			-			-		|	-			-			-			-		|	-			-			-			-		|	-			3			-			1		|	-			-			-			-		|	4			-			-			-		|	-			4			-			2		|	-			-			-			-		|	-			3			-			2		|	4			-			-			-		|	-			-			-			-		|	-			3			-			1		|	-			3			-			1		|	4		|	4		|	4		|	4		|	4		|	-		|	3		|	4		|	2		|	2		|	-		|	-		|	2		|	-		|	1		]

__________________________________
        PERFORMANCE METRICS       
__________________________________
Coalitions Formed:		6
Coalitions Available:	15
Coalition Ratio:		40.00%

Score Achieved:			457.020
Score Available:		1233.583
Score Ratio:			37.05%

Merge Cost:				0.000000
Split Cost:				0.000000

Avg Cost per Research:	35.29%

Tasks Done:				19
Tasks Available:		30
Tasks Done Ratio:		63.33%

Tasks done w/ 1 sens:	13
Tasks done w/ 2 sens:	6
Tasks done w/ 3 sens:	0

Planning Horizon:		3

__________________________________
           AGENT LIST             
__________________________________
Agent Number:			1
Planning Horizon:		3
Max Const Iteration:	2
Max Solo Bids:			2
Max Any Bids:			5
Iteration Counter:		9075
Final Resources:		40.130239

Location:				[45.995		29.009		0.000]
Sensor List:			[MW]
Bundle:					[23			55			74			59]
Path:					[23			55			74			59]
X-Path:
[	47.299	24.006	0.000,
	45.586	21.966	0.000,
	34.321	8.154	0.000,
	43.170	14.846	0.000,]
Time Assignments:		[22.238		24.901		42.725		53.820]

**********************************
Agent Number:			2
Planning Horizon:		3
Max Const Iteration:	2
Max Solo Bids:			2
Max Any Bids:			5
Iteration Counter:		9035
Final Resources:		29.682787

Location:				[31.592		39.532		0.000]
Sensor List:			[MW]
Bundle:					[72			69			3			35			68			43]
Path:					[72			69			3			35			68			43]
X-Path:
[	23.430	24.518	0.000,
	30.726	25.117	0.000,
	36.775	16.899	0.000,
	19.917	21.190	0.000,
	20.584	17.190	0.000,
	25.832	1.221	0.000,]
Time Assignments:		[17.089		24.409		35.066		52.461		56.516		73.325]

**********************************
Agent Number:			3
Planning Horizon:		3
Max Const Iteration:	2
Max Solo Bids:			2
Max Any Bids:			5
Iteration Counter:		8945
Final Resources:		34.020347

Location:				[33.990		3.749		0.000]
Sensor List:			[IR]
Bundle:					[21			53			1			57			66			41]
Path:					[21			53			1			57			66			41]
X-Path:
[	47.299	24.006	0.000,
	45.586	21.966	0.000,
	36.775	16.899	0.000,
	43.170	14.846	0.000,
	34.685	12.345	0.000,
	25.832	1.221	0.000,]
Time Assignments:		[24.238		26.901		37.066		51.820		60.666		74.883]

**********************************
Agent Number:			4
Planning Horizon:		3
Max Const Iteration:	2
Max Solo Bids:			2
Max Any Bids:			5
Iteration Counter:		8527
Final Resources:		25.583511

Location:				[23.271		41.329		0.000]
Sensor List:			[IR]
Bundle:					[67			44			63			33			60			61			62			28			64]
Path:					[67			44			63			33			60			61			62			28			64]
X-Path:
[	16.087	32.038	0.000,
	9.550	37.310	0.000,
	7.278	30.161	0.000,
	19.917	21.190	0.000,
	13.024	4.964	0.000,
	19.878	6.173	0.000,
	7.023	14.247	0.000,
	1.406	22.581	0.000,
	0.444	23.658	0.000,]
Time Assignments:		[11.745		20.143		27.645		50.461		68.090		75.050		90.230		100.280	101.725]
__________________________________
            TASK LIST             
__________________________________
Task Number:		0
Maximum Score:		78.552643
Subtask Cost:		0.011400
Number of Sensors:	2
Number of Subtasks:	4

Location:			[36.774505, 16.898761, 0.000000]
Sensor List:		[IR, MW]
Subtask List:		[IR_{}, IR_{MW}, MW_{}, MW_{IR}]

Time Constraints:
Start Time:		0.000000
End Time:		Infinity
Task Duration:	0.000000
Corr Time:		2.000000
Lambda:			0.015000
Dependency Matrix:
   [0	-1	-1	-1
	-1	0	-1	1
	-1	-1	0	-1
	-1	1	-1	0]

Time Constraint Matrix:
   [Infinity	Infinity	Infinity	Infinity
	Infinity	Infinity	Infinity	2.000000
	Infinity	Infinity	Infinity	Infinity
	Infinity	2.000000	Infinity	Infinity]


**********************************
Task Number:		1
Maximum Score:		52.425485
Subtask Cost:		0.011400
Number of Sensors:	2
Number of Subtasks:	4

Location:			[16.560037, 34.037678, 0.000000]
Sensor List:		[IR, MW]
Subtask List:		[IR_{}, IR_{MW}, MW_{}, MW_{IR}]

Time Constraints:
Start Time:		0.000000
End Time:		Infinity
Task Duration:	0.000000
Corr Time:		2.000000
Lambda:			0.015000
Dependency Matrix:
   [0	-1	-1	-1
	-1	0	-1	1
	-1	-1	0	-1
	-1	1	-1	0]

Time Constraint Matrix:
   [Infinity	Infinity	Infinity	Infinity
	Infinity	Infinity	Infinity	2.000000
	Infinity	Infinity	Infinity	Infinity
	Infinity	2.000000	Infinity	Infinity]


**********************************
Task Number:		2
Maximum Score:		9.731946
Subtask Cost:		0.011400
Number of Sensors:	2
Number of Subtasks:	4

Location:			[11.124752, 24.667141, 0.000000]
Sensor List:		[IR, MW]
Subtask List:		[IR_{}, IR_{MW}, MW_{}, MW_{IR}]

Time Constraints:
Start Time:		0.000000
End Time:		Infinity
Task Duration:	0.000000
Corr Time:		2.000000
Lambda:			0.015000
Dependency Matrix:
   [0	-1	-1	-1
	-1	0	-1	1
	-1	-1	0	-1
	-1	1	-1	0]

Time Constraint Matrix:
   [Infinity	Infinity	Infinity	Infinity
	Infinity	Infinity	Infinity	2.000000
	Infinity	Infinity	Infinity	Infinity
	Infinity	2.000000	Infinity	Infinity]


**********************************
Task Number:		3
Maximum Score:		11.752499
Subtask Cost:		0.011400
Number of Sensors:	2
Number of Subtasks:	4

Location:			[30.348914, 42.224209, 0.000000]
Sensor List:		[IR, MW]
Subtask List:		[IR_{}, IR_{MW}, MW_{}, MW_{IR}]

Time Constraints:
Start Time:		0.000000
End Time:		Infinity
Task Duration:	0.000000
Corr Time:		2.000000
Lambda:			0.015000
Dependency Matrix:
   [0	-1	-1	-1
	-1	0	-1	1
	-1	-1	0	-1
	-1	1	-1	0]

Time Constraint Matrix:
   [Infinity	Infinity	Infinity	Infinity
	Infinity	Infinity	Infinity	2.000000
	Infinity	Infinity	Infinity	Infinity
	Infinity	2.000000	Infinity	Infinity]


**********************************
Task Number:		4
Maximum Score:		27.119282
Subtask Cost:		0.011400
Number of Sensors:	2
Number of Subtasks:	4

Location:			[19.869131, 29.484546, 0.000000]
Sensor List:		[IR, MW]
Subtask List:		[IR_{}, IR_{MW}, MW_{}, MW_{IR}]

Time Constraints:
Start Time:		0.000000
End Time:		Infinity
Task Duration:	0.000000
Corr Time:		2.000000
Lambda:			0.015000
Dependency Matrix:
   [0	-1	-1	-1
	-1	0	-1	1
	-1	-1	0	-1
	-1	1	-1	0]

Time Constraint Matrix:
   [Infinity	Infinity	Infinity	Infinity
	Infinity	Infinity	Infinity	2.000000
	Infinity	Infinity	Infinity	Infinity
	Infinity	2.000000	Infinity	Infinity]


**********************************
Task Number:		5
Maximum Score:		97.147657
Subtask Cost:		0.011400
Number of Sensors:	2
Number of Subtasks:	4

Location:			[47.298556, 24.006146, 0.000000]
Sensor List:		[IR, MW]
Subtask List:		[IR_{}, IR_{MW}, MW_{}, MW_{IR}]

Time Constraints:
Start Time:		0.000000
End Time:		Infinity
Task Duration:	0.000000
Corr Time:		2.000000
Lambda:			0.015000
Dependency Matrix:
   [0	-1	-1	-1
	-1	0	-1	1
	-1	-1	0	-1
	-1	1	-1	0]

Time Constraint Matrix:
   [Infinity	Infinity	Infinity	Infinity
	Infinity	Infinity	Infinity	2.000000
	Infinity	Infinity	Infinity	Infinity
	Infinity	2.000000	Infinity	Infinity]


**********************************
Task Number:		6
Maximum Score:		41.009669
Subtask Cost:		0.011400
Number of Sensors:	2
Number of Subtasks:	4

Location:			[28.648272, 26.973622, 0.000000]
Sensor List:		[IR, MW]
Subtask List:		[IR_{}, IR_{MW}, MW_{}, MW_{IR}]

Time Constraints:
Start Time:		0.000000
End Time:		Infinity
Task Duration:	0.000000
Corr Time:		2.000000
Lambda:			0.015000
Dependency Matrix:
   [0	-1	-1	-1
	-1	0	-1	1
	-1	-1	0	-1
	-1	1	-1	0]

Time Constraint Matrix:
   [Infinity	Infinity	Infinity	Infinity
	Infinity	Infinity	Infinity	2.000000
	Infinity	Infinity	Infinity	Infinity
	Infinity	2.000000	Infinity	Infinity]


**********************************
Task Number:		7
Maximum Score:		77.457336
Subtask Cost:		0.011400
Number of Sensors:	2
Number of Subtasks:	4

Location:			[1.405744, 22.580717, 0.000000]
Sensor List:		[IR, MW]
Subtask List:		[IR_{}, IR_{MW}, MW_{}, MW_{IR}]

Time Constraints:
Start Time:		0.000000
End Time:		Infinity
Task Duration:	0.000000
Corr Time:		2.000000
Lambda:			0.015000
Dependency Matrix:
   [0	-1	-1	-1
	-1	0	-1	1
	-1	-1	0	-1
	-1	1	-1	0]

Time Constraint Matrix:
   [Infinity	Infinity	Infinity	Infinity
	Infinity	Infinity	Infinity	2.000000
	Infinity	Infinity	Infinity	Infinity
	Infinity	2.000000	Infinity	Infinity]


**********************************
Task Number:		8
Maximum Score:		74.411175
Subtask Cost:		0.011400
Number of Sensors:	2
Number of Subtasks:	4

Location:			[19.917186, 21.189578, 0.000000]
Sensor List:		[IR, MW]
Subtask List:		[IR_{}, IR_{MW}, MW_{}, MW_{IR}]

Time Constraints:
Start Time:		0.000000
End Time:		Infinity
Task Duration:	0.000000
Corr Time:		2.000000
Lambda:			0.015000
Dependency Matrix:
   [0	-1	-1	-1
	-1	0	-1	1
	-1	-1	0	-1
	-1	1	-1	0]

Time Constraint Matrix:
   [Infinity	Infinity	Infinity	Infinity
	Infinity	Infinity	Infinity	2.000000
	Infinity	Infinity	Infinity	Infinity
	Infinity	2.000000	Infinity	Infinity]


**********************************
Task Number:		9
Maximum Score:		14.779215
Subtask Cost:		0.011400
Number of Sensors:	2
Number of Subtasks:	4

Location:			[34.789515, 27.666197, 0.000000]
Sensor List:		[IR, MW]
Subtask List:		[IR_{}, IR_{MW}, MW_{}, MW_{IR}]

Time Constraints:
Start Time:		0.000000
End Time:		Infinity
Task Duration:	0.000000
Corr Time:		2.000000
Lambda:			0.015000
Dependency Matrix:
   [0	-1	-1	-1
	-1	0	-1	1
	-1	-1	0	-1
	-1	1	-1	0]

Time Constraint Matrix:
   [Infinity	Infinity	Infinity	Infinity
	Infinity	Infinity	Infinity	2.000000
	Infinity	Infinity	Infinity	Infinity
	Infinity	2.000000	Infinity	Infinity]


**********************************
Task Number:		10
Maximum Score:		48.656409
Subtask Cost:		0.011400
Number of Sensors:	2
Number of Subtasks:	4

Location:			[25.831613, 1.221338, 0.000000]
Sensor List:		[IR, MW]
Subtask List:		[IR_{}, IR_{MW}, MW_{}, MW_{IR}]

Time Constraints:
Start Time:		0.000000
End Time:		Infinity
Task Duration:	0.000000
Corr Time:		2.000000
Lambda:			0.015000
Dependency Matrix:
   [0	-1	-1	-1
	-1	0	-1	1
	-1	-1	0	-1
	-1	1	-1	0]

Time Constraint Matrix:
   [Infinity	Infinity	Infinity	Infinity
	Infinity	Infinity	Infinity	2.000000
	Infinity	Infinity	Infinity	Infinity
	Infinity	2.000000	Infinity	Infinity]


**********************************
Task Number:		11
Maximum Score:		87.877538
Subtask Cost:		0.011400
Number of Sensors:	2
Number of Subtasks:	4

Location:			[9.549746, 37.310079, 0.000000]
Sensor List:		[IR, MW]
Subtask List:		[IR_{}, IR_{MW}, MW_{}, MW_{IR}]

Time Constraints:
Start Time:		0.000000
End Time:		Infinity
Task Duration:	0.000000
Corr Time:		2.000000
Lambda:			0.015000
Dependency Matrix:
   [0	-1	-1	-1
	-1	0	-1	1
	-1	-1	0	-1
	-1	1	-1	0]

Time Constraint Matrix:
   [Infinity	Infinity	Infinity	Infinity
	Infinity	Infinity	Infinity	2.000000
	Infinity	Infinity	Infinity	Infinity
	Infinity	2.000000	Infinity	Infinity]


**********************************
Task Number:		12
Maximum Score:		46.172512
Subtask Cost:		0.011400
Number of Sensors:	2
Number of Subtasks:	4

Location:			[42.007581, 49.568921, 0.000000]
Sensor List:		[IR, MW]
Subtask List:		[IR_{}, IR_{MW}, MW_{}, MW_{IR}]

Time Constraints:
Start Time:		0.000000
End Time:		Infinity
Task Duration:	0.000000
Corr Time:		2.000000
Lambda:			0.015000
Dependency Matrix:
   [0	-1	-1	-1
	-1	0	-1	1
	-1	-1	0	-1
	-1	1	-1	0]

Time Constraint Matrix:
   [Infinity	Infinity	Infinity	Infinity
	Infinity	Infinity	Infinity	2.000000
	Infinity	Infinity	Infinity	Infinity
	Infinity	2.000000	Infinity	Infinity]


**********************************
Task Number:		13
Maximum Score:		67.227841
Subtask Cost:		0.011400
Number of Sensors:	2
Number of Subtasks:	4

Location:			[45.586366, 21.966168, 0.000000]
Sensor List:		[IR, MW]
Subtask List:		[IR_{}, IR_{MW}, MW_{}, MW_{IR}]

Time Constraints:
Start Time:		0.000000
End Time:		Infinity
Task Duration:	0.000000
Corr Time:		2.000000
Lambda:			0.015000
Dependency Matrix:
   [0	-1	-1	-1
	-1	0	-1	1
	-1	-1	0	-1
	-1	1	-1	0]

Time Constraint Matrix:
   [Infinity	Infinity	Infinity	Infinity
	Infinity	Infinity	Infinity	2.000000
	Infinity	Infinity	Infinity	Infinity
	Infinity	2.000000	Infinity	Infinity]


**********************************
Task Number:		14
Maximum Score:		75.922588
Subtask Cost:		0.011400
Number of Sensors:	2
Number of Subtasks:	4

Location:			[43.170129, 14.846263, 0.000000]
Sensor List:		[IR, MW]
Subtask List:		[IR_{}, IR_{MW}, MW_{}, MW_{IR}]

Time Constraints:
Start Time:		0.000000
End Time:		Infinity
Task Duration:	0.000000
Corr Time:		2.000000
Lambda:			0.015000
Dependency Matrix:
   [0	-1	-1	-1
	-1	0	-1	1
	-1	-1	0	-1
	-1	1	-1	0]

Time Constraint Matrix:
   [Infinity	Infinity	Infinity	Infinity
	Infinity	Infinity	Infinity	2.000000
	Infinity	Infinity	Infinity	Infinity
	Infinity	2.000000	Infinity	Infinity]


**********************************
Task Number:		15
Maximum Score:		39.533618
Subtask Cost:		0.011400
Number of Sensors:	1
Number of Subtasks:	1

Location:			[13.024271, 4.963761, 0.000000]
Sensor List:		[IR]
Subtask List:		[IR_{}]

Time Constraints:
Start Time:		0.000000
End Time:		Infinity
Task Duration:	0.000000
Corr Time:		2.000000
Lambda:			0.015000
Dependency Matrix:
   [0]

Time Constraint Matrix:
   [Infinity]


**********************************
Task Number:		16
Maximum Score:		34.059171
Subtask Cost:		0.011400
Number of Sensors:	1
Number of Subtasks:	1

Location:			[19.877836, 6.172743, 0.000000]
Sensor List:		[IR]
Subtask List:		[IR_{}]

Time Constraints:
Start Time:		0.000000
End Time:		Infinity
Task Duration:	0.000000
Corr Time:		2.000000
Lambda:			0.015000
Dependency Matrix:
   [0]

Time Constraint Matrix:
   [Infinity]


**********************************
Task Number:		17
Maximum Score:		27.312484
Subtask Cost:		0.011400
Number of Sensors:	1
Number of Subtasks:	1

Location:			[7.022507, 14.247020, 0.000000]
Sensor List:		[IR]
Subtask List:		[IR_{}]

Time Constraints:
Start Time:		0.000000
End Time:		Infinity
Task Duration:	0.000000
Corr Time:		2.000000
Lambda:			0.015000
Dependency Matrix:
   [0]

Time Constraint Matrix:
   [Infinity]


**********************************
Task Number:		18
Maximum Score:		24.184879
Subtask Cost:		0.011400
Number of Sensors:	1
Number of Subtasks:	1

Location:			[7.278448, 30.160568, 0.000000]
Sensor List:		[IR]
Subtask List:		[IR_{}]

Time Constraints:
Start Time:		0.000000
End Time:		Infinity
Task Duration:	0.000000
Corr Time:		2.000000
Lambda:			0.015000
Dependency Matrix:
   [0]

Time Constraint Matrix:
   [Infinity]


**********************************
Task Number:		19
Maximum Score:		24.825895
Subtask Cost:		0.011400
Number of Sensors:	1
Number of Subtasks:	1

Location:			[0.443640, 23.658477, 0.000000]
Sensor List:		[IR]
Subtask List:		[IR_{}]

Time Constraints:
Start Time:		0.000000
End Time:		Infinity
Task Duration:	0.000000
Corr Time:		2.000000
Lambda:			0.015000
Dependency Matrix:
   [0]

Time Constraint Matrix:
   [Infinity]


**********************************
Task Number:		20
Maximum Score:		20.743415
Subtask Cost:		0.011400
Number of Sensors:	1
Number of Subtasks:	1

Location:			[42.422728, 40.212132, 0.000000]
Sensor List:		[IR]
Subtask List:		[IR_{}]

Time Constraints:
Start Time:		0.000000
End Time:		Infinity
Task Duration:	0.000000
Corr Time:		2.000000
Lambda:			0.015000
Dependency Matrix:
   [0]

Time Constraint Matrix:
   [Infinity]


**********************************
Task Number:		21
Maximum Score:		30.214239
Subtask Cost:		0.011400
Number of Sensors:	1
Number of Subtasks:	1

Location:			[34.684805, 12.345099, 0.000000]
Sensor List:		[IR]
Subtask List:		[IR_{}]

Time Constraints:
Start Time:		0.000000
End Time:		Infinity
Task Duration:	0.000000
Corr Time:		2.000000
Lambda:			0.015000
Dependency Matrix:
   [0]

Time Constraint Matrix:
   [Infinity]


**********************************
Task Number:		22
Maximum Score:		38.936076
Subtask Cost:		0.011400
Number of Sensors:	1
Number of Subtasks:	1

Location:			[16.087306, 32.038394, 0.000000]
Sensor List:		[IR]
Subtask List:		[IR_{}]

Time Constraints:
Start Time:		0.000000
End Time:		Infinity
Task Duration:	0.000000
Corr Time:		2.000000
Lambda:			0.015000
Dependency Matrix:
   [0]

Time Constraint Matrix:
   [Infinity]


**********************************
Task Number:		23
Maximum Score:		16.136854
Subtask Cost:		0.011400
Number of Sensors:	1
Number of Subtasks:	1

Location:			[20.584141, 17.189675, 0.000000]
Sensor List:		[MW]
Subtask List:		[MW_{}]

Time Constraints:
Start Time:		0.000000
End Time:		Infinity
Task Duration:	0.000000
Corr Time:		2.000000
Lambda:			0.015000
Dependency Matrix:
   [0]

Time Constraint Matrix:
   [Infinity]


**********************************
Task Number:		24
Maximum Score:		42.110209
Subtask Cost:		0.011400
Number of Sensors:	1
Number of Subtasks:	1

Location:			[30.725596, 25.117059, 0.000000]
Sensor List:		[MW]
Subtask List:		[MW_{}]

Time Constraints:
Start Time:		0.000000
End Time:		Infinity
Task Duration:	0.000000
Corr Time:		2.000000
Lambda:			0.015000
Dependency Matrix:
   [0]

Time Constraint Matrix:
   [Infinity]


**********************************
Task Number:		25
Maximum Score:		5.768543
Subtask Cost:		0.011400
Number of Sensors:	1
Number of Subtasks:	1

Location:			[12.966800, 1.969584, 0.000000]
Sensor List:		[MW]
Subtask List:		[MW_{}]

Time Constraints:
Start Time:		0.000000
End Time:		Infinity
Task Duration:	0.000000
Corr Time:		2.000000
Lambda:			0.015000
Dependency Matrix:
   [0]

Time Constraint Matrix:
   [Infinity]


**********************************
Task Number:		26
Maximum Score:		20.318978
Subtask Cost:		0.011400
Number of Sensors:	1
Number of Subtasks:	1

Location:			[5.314838, 2.042182, 0.000000]
Sensor List:		[MW]
Subtask List:		[MW_{}]

Time Constraints:
Start Time:		0.000000
End Time:		Infinity
Task Duration:	0.000000
Corr Time:		2.000000
Lambda:			0.015000
Dependency Matrix:
   [0]

Time Constraint Matrix:
   [Infinity]


**********************************
Task Number:		27
Maximum Score:		46.594784
Subtask Cost:		0.011400
Number of Sensors:	1
Number of Subtasks:	1

Location:			[23.429564, 24.518198, 0.000000]
Sensor List:		[MW]
Subtask List:		[MW_{}]

Time Constraints:
Start Time:		0.000000
End Time:		Infinity
Task Duration:	0.000000
Corr Time:		2.000000
Lambda:			0.015000
Dependency Matrix:
   [0]

Time Constraint Matrix:
   [Infinity]


**********************************
Task Number:		28
Maximum Score:		25.533165
Subtask Cost:		0.011400
Number of Sensors:	1
Number of Subtasks:	1

Location:			[25.077336, 42.283005, 0.000000]
Sensor List:		[MW]
Subtask List:		[MW_{}]

Time Constraints:
Start Time:		0.000000
End Time:		Infinity
Task Duration:	0.000000
Corr Time:		2.000000
Lambda:			0.015000
Dependency Matrix:
   [0]

Time Constraint Matrix:
   [Infinity]


**********************************
Task Number:		29
Maximum Score:		27.066802
Subtask Cost:		0.011400
Number of Sensors:	1
Number of Subtasks:	1

Location:			[34.321349, 8.153609, 0.000000]
Sensor List:		[MW]
Subtask List:		[MW_{}]

Time Constraints:
Start Time:		0.000000
End Time:		Infinity
Task Duration:	0.000000
Corr Time:		2.000000
Lambda:			0.015000
Dependency Matrix:
   [0]

Time Constraint Matrix:
   [Infinity]

