__________________________________
          WINNING VECTORS         
__________________________________
Subtasks:			[IR_{}		IR_{MW}		MW_{}		MW_{IR}	|	IR_{}		IR_{MW}		MW_{}		MW_{IR}	|	IR_{}		IR_{MW}		MW_{}		MW_{IR}	|	IR_{}		IR_{MW}		MW_{}		MW_{IR}	|	IR_{}		IR_{MW}		MW_{}		MW_{IR}	|	IR_{}		IR_{MW}		MW_{}		MW_{IR}	|	IR_{}		IR_{MW}		MW_{}		MW_{IR}	|	IR_{}		IR_{MW}		MW_{}		MW_{IR}	|	IR_{}		IR_{MW}		MW_{}		MW_{IR}	|	IR_{}		IR_{MW}		MW_{}		MW_{IR}	|	IR_{}		IR_{MW}		MW_{}		MW_{IR}	|	IR_{}		IR_{MW}		MW_{}		MW_{IR}	|	IR_{}		IR_{MW}		MW_{}		MW_{IR}	|	IR_{}		IR_{MW}		MW_{}		MW_{IR}	|	IR_{}		IR_{MW}		MW_{}		MW_{IR}	|	IR_{}	|	IR_{}	|	IR_{}	|	IR_{}	|	IR_{}	|	IR_{}	|	IR_{}	|	IR_{}	|	MW_{}	|	MW_{}	|	MW_{}	|	MW_{}	|	MW_{}	|	MW_{}	|	MW_{}	]
Bids Score:			[0.000		0.000		0.000		0.000	|	0.000		0.000		13.459		0.000	|	0.000		4.678		0.000		5.563	|	0.000		0.000		0.000		0.000	|	0.000		10.897		0.000		9.837	|	0.000		0.000		0.000		0.000	|	0.000		-0.200		0.000		9.570	|	0.000		24.823		0.000		27.609	|	0.000		17.376		0.000		14.292	|	0.000		0.000		0.000		0.000	|	0.000		0.000		6.835		0.000	|	0.000		31.437		0.000		39.963	|	0.000		0.000		0.000		0.000	|	0.000		16.978		0.000		14.756	|	2.938		0.000		0.000		0.000	|	0.000	|	24.344	|	24.563	|	0.000	|	10.538	|	0.000	|	11.732	|	0.000	|	38.879	|	0.000	|	24.570	|	0.673	|	2.270	|	25.565	|	9.548	]
Measurement Time:	[0.00		0.00		0.00		0.00	|	0.00		0.00		38.15		0.00	|	0.00		101.18		0.00		93.18	|	0.00		0.00		0.00		0.00	|	0.00		67.94		0.00		75.94	|	0.00		0.00		0.00		0.00	|	0.00		96.91		0.00		88.91	|	0.00		25.18		0.00		17.18	|	0.00		62.05		0.00		70.05	|	0.00		0.00		0.00		0.00	|	0.00		0.00		63.27		0.00	|	0.00		18.71		0.00		10.71	|	0.00		0.00		0.00		0.00	|	0.00		51.03		0.00		59.03	|	65.55		0.00		0.00		0.00	|	0.00	|	4.57	|	26.05	|	0.00	|	56.11	|	0.00	|	34.70	|	0.00	|	5.51	|	0.00	|	17.04	|	86.72	|	54.78	|	30.89	|	45.954	]
Iteration Assigned:	[0			0			0			0		|	0			0			108			0		|	0			5266		0			3840	|	0			0			0			0		|	0			238			0			142		|	0			0			0			0		|	0			5266		0			3840	|	0			2			0			2		|	0			148			0			98		|	0			0			0			0		|	0			0			3792		0		|	0			2			0			2		|	0			0			0			0		|	0			52			0			54		|	4470		0			0			0		|	0		|	52		|	12		|	0		|	60		|	0		|	2		|	0		|	0		|	0		|	6		|	2214	|	126		|	6		|	8		]
Winners:			[-			-			-			-		|	-			-			3			-		|	-			4			-			3		|	-			-			-			-		|	-			1			-			2		|	-			-			-			-		|	-			4			-			3		|	-			4			-			2		|	-			1			-			2		|	-			-			-			-		|	-			-			3			-		|	-			4			-			2		|	-			-			-			-		|	-			1			-			2		|	4			-			-			-		|	-		|	1		|	1		|	-		|	4		|	-		|	4		|	-		|	3		|	-		|	3		|	2		|	3		|	3		|	2		]

__________________________________
        PERFORMANCE METRICS       
__________________________________
Coalitions Formed:		7
Coalitions Available:	15
Coalition Ratio:		46.67%

Score Achieved:			502.682
Score Available:		1278.715
Score Ratio:			39.31%

Merge Cost:				0.000000
Split Cost:				0.000000

Avg Cost per Research:	39.59%

Tasks Done:				20
Tasks Available:		30
Tasks Done Ratio:		66.67%

Tasks done w/ 1 sens:	13
Tasks done w/ 2 sens:	7
Tasks done w/ 3 sens:	0

Planning Horizon:		3

__________________________________
           AGENT LIST             
__________________________________
Agent Number:			1
Planning Horizon:		3
Max Const Iteration:	2
Max Solo Bids:			2
Max Any Bids:			5
Iteration Counter:		2449
Final Resources:		35.362662

Location:				[16.313		17.918		0.000]
Sensor List:			[IR]
Bundle:					[61			62			53			33			17]
Path:					[61			62			53			33			17]
X-Path:
[	16.759	13.371	0.000,
	0.310	27.190	0.000,
	10.104	13.906	0.000,
	2.217	6.211	0.000,
	6.181	10.566	0.000,]
Time Assignments:		[4.568		26.052		51.032		62.051		67.940]

**********************************
Agent Number:			2
Planning Horizon:		3
Max Const Iteration:	2
Max Solo Bids:			2
Max Any Bids:			5
Iteration Counter:		2573
Final Resources:		29.550106

Location:				[45.745		6.106		0.000]
Sensor List:			[MW]
Bundle:					[47			31			74			55			35			19			71]
Path:					[47			31			74			55			35			19			71]
X-Path:
[	42.491	9.551	0.000,
	48.544	7.260	0.000,
	19.844	5.178	0.000,
	10.104	13.906	0.000,
	2.217	6.211	0.000,
	6.181	10.566	0.000,
	16.778	8.616	0.000,]
Time Assignments:		[10.707		17.179		45.954		59.032		70.051		75.940		86.715]

**********************************
Agent Number:			3
Planning Horizon:		3
Max Const Iteration:	2
Max Solo Bids:			2
Max Any Bids:			5
Iteration Counter:		3919
Final Resources:		32.160290

Location:				[10.242		31.304		0.000]
Sensor List:			[MW]
Bundle:					[68			70			73			6			72			42			27			11]
Path:					[68			70			73			6			72			42			27			11]
X-Path:
[	10.483	36.811	0.000,
	19.078	44.493	0.000,
	32.875	45.709	0.000,
	40.138	45.776	0.000,
	23.879	49.266	0.000,
	15.395	49.512	0.000,
	14.259	46.703	0.000,
	13.482	42.509	0.000,]
Time Assignments:		[5.512		17.040		30.890		38.154		54.783		63.271		88.913		93.179]

**********************************
Agent Number:			4
Planning Horizon:		3
Max Const Iteration:	2
Max Solo Bids:			2
Max Any Bids:			5
Iteration Counter:		5389
Final Resources:		23.737873

Location:				[33.696		26.061		0.000]
Sensor List:			[IR]
Bundle:					[45			29			66			64			56			25			9]
Path:					[45			29			66			64			56			25			9]
X-Path:
[	42.491	9.551	0.000,
	48.544	7.260	0.000,
	42.081	14.258	0.000,
	47.322	35.016	0.000,
	40.108	28.937	0.000,
	14.259	46.703	0.000,
	13.482	42.509	0.000,]
Time Assignments:		[18.707		25.179		34.705		56.114		65.548		96.913		101.179]
__________________________________
            TASK LIST             
__________________________________
Task Number:		0
Maximum Score:		15.625472
Subtask Cost:		0.011400
Number of Sensors:	2
Number of Subtasks:	4

Location:			[0.342462, 44.566890, 0.000000]
Sensor List:		[IR, MW]
Subtask List:		[IR_{}, IR_{MW}, MW_{}, MW_{IR}]

Time Constraints:
Start Time:		0.000000
End Time:		Infinity
Task Duration:	0.000000
Corr Time:		8.000000
Lambda:			0.015000
Dependency Matrix:
   [0	-1	-1	-1
	-1	0	-1	1
	-1	-1	0	-1
	-1	1	-1	0]

Time Constraint Matrix:
   [Infinity	Infinity	Infinity	Infinity
	Infinity	Infinity	Infinity	8.000000
	Infinity	Infinity	Infinity	Infinity
	Infinity	8.000000	Infinity	Infinity]


**********************************
Task Number:		1
Maximum Score:		75.840255
Subtask Cost:		0.011400
Number of Sensors:	2
Number of Subtasks:	4

Location:			[40.138273, 45.775597, 0.000000]
Sensor List:		[IR, MW]
Subtask List:		[IR_{}, IR_{MW}, MW_{}, MW_{IR}]

Time Constraints:
Start Time:		0.000000
End Time:		Infinity
Task Duration:	0.000000
Corr Time:		8.000000
Lambda:			0.015000
Dependency Matrix:
   [0	-1	-1	-1
	-1	0	-1	1
	-1	-1	0	-1
	-1	1	-1	0]

Time Constraint Matrix:
   [Infinity	Infinity	Infinity	Infinity
	Infinity	Infinity	Infinity	8.000000
	Infinity	Infinity	Infinity	Infinity
	Infinity	8.000000	Infinity	Infinity]


**********************************
Task Number:		2
Maximum Score:		50.809479
Subtask Cost:		0.011400
Number of Sensors:	2
Number of Subtasks:	4

Location:			[13.481615, 42.508726, 0.000000]
Sensor List:		[IR, MW]
Subtask List:		[IR_{}, IR_{MW}, MW_{}, MW_{IR}]

Time Constraints:
Start Time:		0.000000
End Time:		Infinity
Task Duration:	0.000000
Corr Time:		8.000000
Lambda:			0.015000
Dependency Matrix:
   [0	-1	-1	-1
	-1	0	-1	1
	-1	-1	0	-1
	-1	1	-1	0]

Time Constraint Matrix:
   [Infinity	Infinity	Infinity	Infinity
	Infinity	Infinity	Infinity	8.000000
	Infinity	Infinity	Infinity	Infinity
	Infinity	8.000000	Infinity	Infinity]


**********************************
Task Number:		3
Maximum Score:		16.111750
Subtask Cost:		0.011400
Number of Sensors:	2
Number of Subtasks:	4

Location:			[42.215575, 21.702479, 0.000000]
Sensor List:		[IR, MW]
Subtask List:		[IR_{}, IR_{MW}, MW_{}, MW_{IR}]

Time Constraints:
Start Time:		0.000000
End Time:		Infinity
Task Duration:	0.000000
Corr Time:		8.000000
Lambda:			0.015000
Dependency Matrix:
   [0	-1	-1	-1
	-1	0	-1	1
	-1	-1	0	-1
	-1	1	-1	0]

Time Constraint Matrix:
   [Infinity	Infinity	Infinity	Infinity
	Infinity	Infinity	Infinity	8.000000
	Infinity	Infinity	Infinity	Infinity
	Infinity	8.000000	Infinity	Infinity]


**********************************
Task Number:		4
Maximum Score:		66.338810
Subtask Cost:		0.011400
Number of Sensors:	2
Number of Subtasks:	4

Location:			[6.180875, 10.565759, 0.000000]
Sensor List:		[IR, MW]
Subtask List:		[IR_{}, IR_{MW}, MW_{}, MW_{IR}]

Time Constraints:
Start Time:		0.000000
End Time:		Infinity
Task Duration:	0.000000
Corr Time:		8.000000
Lambda:			0.015000
Dependency Matrix:
   [0	-1	-1	-1
	-1	0	-1	1
	-1	-1	0	-1
	-1	1	-1	0]

Time Constraint Matrix:
   [Infinity	Infinity	Infinity	Infinity
	Infinity	Infinity	Infinity	8.000000
	Infinity	Infinity	Infinity	Infinity
	Infinity	8.000000	Infinity	Infinity]


**********************************
Task Number:		5
Maximum Score:		15.143062
Subtask Cost:		0.011400
Number of Sensors:	2
Number of Subtasks:	4

Location:			[34.311106, 13.222631, 0.000000]
Sensor List:		[IR, MW]
Subtask List:		[IR_{}, IR_{MW}, MW_{}, MW_{IR}]

Time Constraints:
Start Time:		0.000000
End Time:		Infinity
Task Duration:	0.000000
Corr Time:		8.000000
Lambda:			0.015000
Dependency Matrix:
   [0	-1	-1	-1
	-1	0	-1	1
	-1	-1	0	-1
	-1	1	-1	0]

Time Constraint Matrix:
   [Infinity	Infinity	Infinity	Infinity
	Infinity	Infinity	Infinity	8.000000
	Infinity	Infinity	Infinity	Infinity
	Infinity	8.000000	Infinity	Infinity]


**********************************
Task Number:		6
Maximum Score:		73.547356
Subtask Cost:		0.011400
Number of Sensors:	2
Number of Subtasks:	4

Location:			[14.259222, 46.703051, 0.000000]
Sensor List:		[IR, MW]
Subtask List:		[IR_{}, IR_{MW}, MW_{}, MW_{IR}]

Time Constraints:
Start Time:		0.000000
End Time:		Infinity
Task Duration:	0.000000
Corr Time:		8.000000
Lambda:			0.015000
Dependency Matrix:
   [0	-1	-1	-1
	-1	0	-1	1
	-1	-1	0	-1
	-1	1	-1	0]

Time Constraint Matrix:
   [Infinity	Infinity	Infinity	Infinity
	Infinity	Infinity	Infinity	8.000000
	Infinity	Infinity	Infinity	Infinity
	Infinity	8.000000	Infinity	Infinity]


**********************************
Task Number:		7
Maximum Score:		74.997679
Subtask Cost:		0.011400
Number of Sensors:	2
Number of Subtasks:	4

Location:			[48.543799, 7.259904, 0.000000]
Sensor List:		[IR, MW]
Subtask List:		[IR_{}, IR_{MW}, MW_{}, MW_{IR}]

Time Constraints:
Start Time:		0.000000
End Time:		Infinity
Task Duration:	0.000000
Corr Time:		8.000000
Lambda:			0.015000
Dependency Matrix:
   [0	-1	-1	-1
	-1	0	-1	1
	-1	-1	0	-1
	-1	1	-1	0]

Time Constraint Matrix:
   [Infinity	Infinity	Infinity	Infinity
	Infinity	Infinity	Infinity	8.000000
	Infinity	Infinity	Infinity	Infinity
	Infinity	8.000000	Infinity	Infinity]


**********************************
Task Number:		8
Maximum Score:		96.417889
Subtask Cost:		0.011400
Number of Sensors:	2
Number of Subtasks:	4

Location:			[2.217087, 6.210671, 0.000000]
Sensor List:		[IR, MW]
Subtask List:		[IR_{}, IR_{MW}, MW_{}, MW_{IR}]

Time Constraints:
Start Time:		0.000000
End Time:		Infinity
Task Duration:	0.000000
Corr Time:		8.000000
Lambda:			0.015000
Dependency Matrix:
   [0	-1	-1	-1
	-1	0	-1	1
	-1	-1	0	-1
	-1	1	-1	0]

Time Constraint Matrix:
   [Infinity	Infinity	Infinity	Infinity
	Infinity	Infinity	Infinity	8.000000
	Infinity	Infinity	Infinity	Infinity
	Infinity	8.000000	Infinity	Infinity]


**********************************
Task Number:		9
Maximum Score:		48.056310
Subtask Cost:		0.011400
Number of Sensors:	2
Number of Subtasks:	4

Location:			[33.948877, 11.337768, 0.000000]
Sensor List:		[IR, MW]
Subtask List:		[IR_{}, IR_{MW}, MW_{}, MW_{IR}]

Time Constraints:
Start Time:		0.000000
End Time:		Infinity
Task Duration:	0.000000
Corr Time:		8.000000
Lambda:			0.015000
Dependency Matrix:
   [0	-1	-1	-1
	-1	0	-1	1
	-1	-1	0	-1
	-1	1	-1	0]

Time Constraint Matrix:
   [Infinity	Infinity	Infinity	Infinity
	Infinity	Infinity	Infinity	8.000000
	Infinity	Infinity	Infinity	Infinity
	Infinity	8.000000	Infinity	Infinity]


**********************************
Task Number:		10
Maximum Score:		73.588193
Subtask Cost:		0.011400
Number of Sensors:	2
Number of Subtasks:	4

Location:			[15.394849, 49.512429, 0.000000]
Sensor List:		[IR, MW]
Subtask List:		[IR_{}, IR_{MW}, MW_{}, MW_{IR}]

Time Constraints:
Start Time:		0.000000
End Time:		Infinity
Task Duration:	0.000000
Corr Time:		8.000000
Lambda:			0.015000
Dependency Matrix:
   [0	-1	-1	-1
	-1	0	-1	1
	-1	-1	0	-1
	-1	1	-1	0]

Time Constraint Matrix:
   [Infinity	Infinity	Infinity	Infinity
	Infinity	Infinity	Infinity	8.000000
	Infinity	Infinity	Infinity	Infinity
	Infinity	8.000000	Infinity	Infinity]


**********************************
Task Number:		11
Maximum Score:		93.744129
Subtask Cost:		0.011400
Number of Sensors:	2
Number of Subtasks:	4

Location:			[42.490550, 9.550651, 0.000000]
Sensor List:		[IR, MW]
Subtask List:		[IR_{}, IR_{MW}, MW_{}, MW_{IR}]

Time Constraints:
Start Time:		0.000000
End Time:		Infinity
Task Duration:	0.000000
Corr Time:		8.000000
Lambda:			0.015000
Dependency Matrix:
   [0	-1	-1	-1
	-1	0	-1	1
	-1	-1	0	-1
	-1	1	-1	0]

Time Constraint Matrix:
   [Infinity	Infinity	Infinity	Infinity
	Infinity	Infinity	Infinity	8.000000
	Infinity	Infinity	Infinity	Infinity
	Infinity	8.000000	Infinity	Infinity]


**********************************
Task Number:		12
Maximum Score:		32.666773
Subtask Cost:		0.011400
Number of Sensors:	2
Number of Subtasks:	4

Location:			[26.864565, 33.712202, 0.000000]
Sensor List:		[IR, MW]
Subtask List:		[IR_{}, IR_{MW}, MW_{}, MW_{IR}]

Time Constraints:
Start Time:		0.000000
End Time:		Infinity
Task Duration:	0.000000
Corr Time:		8.000000
Lambda:			0.015000
Dependency Matrix:
   [0	-1	-1	-1
	-1	0	-1	1
	-1	-1	0	-1
	-1	1	-1	0]

Time Constraint Matrix:
   [Infinity	Infinity	Infinity	Infinity
	Infinity	Infinity	Infinity	8.000000
	Infinity	Infinity	Infinity	Infinity
	Infinity	8.000000	Infinity	Infinity]


**********************************
Task Number:		13
Maximum Score:		90.898046
Subtask Cost:		0.011400
Number of Sensors:	2
Number of Subtasks:	4

Location:			[10.104050, 13.905777, 0.000000]
Sensor List:		[IR, MW]
Subtask List:		[IR_{}, IR_{MW}, MW_{}, MW_{IR}]

Time Constraints:
Start Time:		0.000000
End Time:		Infinity
Task Duration:	0.000000
Corr Time:		8.000000
Lambda:			0.015000
Dependency Matrix:
   [0	-1	-1	-1
	-1	0	-1	1
	-1	-1	0	-1
	-1	1	-1	0]

Time Constraint Matrix:
   [Infinity	Infinity	Infinity	Infinity
	Infinity	Infinity	Infinity	8.000000
	Infinity	Infinity	Infinity	Infinity
	Infinity	8.000000	Infinity	Infinity]


**********************************
Task Number:		14
Maximum Score:		48.667613
Subtask Cost:		0.011400
Number of Sensors:	2
Number of Subtasks:	4

Location:			[40.107845, 28.937209, 0.000000]
Sensor List:		[IR, MW]
Subtask List:		[IR_{}, IR_{MW}, MW_{}, MW_{IR}]

Time Constraints:
Start Time:		0.000000
End Time:		Infinity
Task Duration:	0.000000
Corr Time:		8.000000
Lambda:			0.015000
Dependency Matrix:
   [0	-1	-1	-1
	-1	0	-1	1
	-1	-1	0	-1
	-1	1	-1	0]

Time Constraint Matrix:
   [Infinity	Infinity	Infinity	Infinity
	Infinity	Infinity	Infinity	8.000000
	Infinity	Infinity	Infinity	Infinity
	Infinity	8.000000	Infinity	Infinity]


**********************************
Task Number:		15
Maximum Score:		1.178047
Subtask Cost:		0.011400
Number of Sensors:	1
Number of Subtasks:	1

Location:			[3.418955, 23.478125, 0.000000]
Sensor List:		[IR]
Subtask List:		[IR_{}]

Time Constraints:
Start Time:		0.000000
End Time:		Infinity
Task Duration:	0.000000
Corr Time:		8.000000
Lambda:			0.015000
Dependency Matrix:
   [0]

Time Constraint Matrix:
   [Infinity]


**********************************
Task Number:		16
Maximum Score:		27.876442
Subtask Cost:		0.011400
Number of Sensors:	1
Number of Subtasks:	1

Location:			[16.759035, 13.371109, 0.000000]
Sensor List:		[IR]
Subtask List:		[IR_{}]

Time Constraints:
Start Time:		0.000000
End Time:		Infinity
Task Duration:	0.000000
Corr Time:		8.000000
Lambda:			0.015000
Dependency Matrix:
   [0]

Time Constraint Matrix:
   [Infinity]


**********************************
Task Number:		17
Maximum Score:		45.300303
Subtask Cost:		0.011400
Number of Sensors:	1
Number of Subtasks:	1

Location:			[0.310440, 27.190152, 0.000000]
Sensor List:		[IR]
Subtask List:		[IR_{}]

Time Constraints:
Start Time:		0.000000
End Time:		Infinity
Task Duration:	0.000000
Corr Time:		8.000000
Lambda:			0.015000
Dependency Matrix:
   [0]

Time Constraint Matrix:
   [Infinity]


**********************************
Task Number:		18
Maximum Score:		19.191087
Subtask Cost:		0.011400
Number of Sensors:	1
Number of Subtasks:	1

Location:			[30.683055, 4.864683, 0.000000]
Sensor List:		[IR]
Subtask List:		[IR_{}]

Time Constraints:
Start Time:		0.000000
End Time:		Infinity
Task Duration:	0.000000
Corr Time:		8.000000
Lambda:			0.015000
Dependency Matrix:
   [0]

Time Constraint Matrix:
   [Infinity]


**********************************
Task Number:		19
Maximum Score:		38.163043
Subtask Cost:		0.011400
Number of Sensors:	1
Number of Subtasks:	1

Location:			[47.321538, 35.016483, 0.000000]
Sensor List:		[IR]
Subtask List:		[IR_{}]

Time Constraints:
Start Time:		0.000000
End Time:		Infinity
Task Duration:	0.000000
Corr Time:		8.000000
Lambda:			0.015000
Dependency Matrix:
   [0]

Time Constraint Matrix:
   [Infinity]


**********************************
Task Number:		20
Maximum Score:		18.423843
Subtask Cost:		0.011400
Number of Sensors:	1
Number of Subtasks:	1

Location:			[33.585397, 5.420276, 0.000000]
Sensor List:		[IR]
Subtask List:		[IR_{}]

Time Constraints:
Start Time:		0.000000
End Time:		Infinity
Task Duration:	0.000000
Corr Time:		8.000000
Lambda:			0.015000
Dependency Matrix:
   [0]

Time Constraint Matrix:
   [Infinity]


**********************************
Task Number:		21
Maximum Score:		24.271015
Subtask Cost:		0.011400
Number of Sensors:	1
Number of Subtasks:	1

Location:			[42.080856, 14.258100, 0.000000]
Sensor List:		[IR]
Subtask List:		[IR_{}]

Time Constraints:
Start Time:		0.000000
End Time:		Infinity
Task Duration:	0.000000
Corr Time:		8.000000
Lambda:			0.015000
Dependency Matrix:
   [0]

Time Constraint Matrix:
   [Infinity]


**********************************
Task Number:		22
Maximum Score:		16.328146
Subtask Cost:		0.011400
Number of Sensors:	1
Number of Subtasks:	1

Location:			[33.735306, 47.013734, 0.000000]
Sensor List:		[IR]
Subtask List:		[IR_{}]

Time Constraints:
Start Time:		0.000000
End Time:		Infinity
Task Duration:	0.000000
Corr Time:		8.000000
Lambda:			0.015000
Dependency Matrix:
   [0]

Time Constraint Matrix:
   [Infinity]


**********************************
Task Number:		23
Maximum Score:		43.928900
Subtask Cost:		0.011400
Number of Sensors:	1
Number of Subtasks:	1

Location:			[10.483439, 36.810868, 0.000000]
Sensor List:		[MW]
Subtask List:		[MW_{}]

Time Constraints:
Start Time:		0.000000
End Time:		Infinity
Task Duration:	0.000000
Corr Time:		8.000000
Lambda:			0.015000
Dependency Matrix:
   [0]

Time Constraint Matrix:
   [Infinity]


**********************************
Task Number:		24
Maximum Score:		21.558697
Subtask Cost:		0.011400
Number of Sensors:	1
Number of Subtasks:	1

Location:			[33.583517, 21.083701, 0.000000]
Sensor List:		[MW]
Subtask List:		[MW_{}]

Time Constraints:
Start Time:		0.000000
End Time:		Infinity
Task Duration:	0.000000
Corr Time:		8.000000
Lambda:			0.015000
Dependency Matrix:
   [0]

Time Constraint Matrix:
   [Infinity]


**********************************
Task Number:		25
Maximum Score:		35.608136
Subtask Cost:		0.011400
Number of Sensors:	1
Number of Subtasks:	1

Location:			[19.078350, 44.493269, 0.000000]
Sensor List:		[MW]
Subtask List:		[MW_{}]

Time Constraints:
Start Time:		0.000000
End Time:		Infinity
Task Duration:	0.000000
Corr Time:		8.000000
Lambda:			0.015000
Dependency Matrix:
   [0]

Time Constraint Matrix:
   [Infinity]


**********************************
Task Number:		26
Maximum Score:		15.407107
Subtask Cost:		0.011400
Number of Sensors:	1
Number of Subtasks:	1

Location:			[16.778082, 8.616145, 0.000000]
Sensor List:		[MW]
Subtask List:		[MW_{}]

Time Constraints:
Start Time:		0.000000
End Time:		Infinity
Task Duration:	0.000000
Corr Time:		8.000000
Lambda:			0.015000
Dependency Matrix:
   [0]

Time Constraint Matrix:
   [Infinity]


**********************************
Task Number:		27
Maximum Score:		16.759056
Subtask Cost:		0.011400
Number of Sensors:	1
Number of Subtasks:	1

Location:			[23.879393, 49.265510, 0.000000]
Sensor List:		[MW]
Subtask List:		[MW_{}]

Time Constraints:
Start Time:		0.000000
End Time:		Infinity
Task Duration:	0.000000
Corr Time:		8.000000
Lambda:			0.015000
Dependency Matrix:
   [0]

Time Constraint Matrix:
   [Infinity]


**********************************
Task Number:		28
Maximum Score:		46.783520
Subtask Cost:		0.011400
Number of Sensors:	1
Number of Subtasks:	1

Location:			[32.874678, 45.708676, 0.000000]
Sensor List:		[MW]
Subtask List:		[MW_{}]

Time Constraints:
Start Time:		0.000000
End Time:		Infinity
Task Duration:	0.000000
Corr Time:		8.000000
Lambda:			0.015000
Dependency Matrix:
   [0]

Time Constraint Matrix:
   [Infinity]


**********************************
Task Number:		29
Maximum Score:		35.484554
Subtask Cost:		0.011400
Number of Sensors:	1
Number of Subtasks:	1

Location:			[19.843591, 5.178224, 0.000000]
Sensor List:		[MW]
Subtask List:		[MW_{}]

Time Constraints:
Start Time:		0.000000
End Time:		Infinity
Task Duration:	0.000000
Corr Time:		8.000000
Lambda:			0.015000
Dependency Matrix:
   [0]

Time Constraint Matrix:
   [Infinity]

