__________________________________
          WINNING VECTORS         
__________________________________
Subtasks:			[IR_{}		IR_{MW}		MW_{}		MW_{IR}	|	IR_{}		IR_{MW}		MW_{}		MW_{IR}	|	IR_{}		IR_{MW}		MW_{}		MW_{IR}	|	IR_{}		IR_{MW}		MW_{}		MW_{IR}	|	IR_{}		IR_{MW}		MW_{}		MW_{IR}	|	IR_{}		IR_{MW}		MW_{}		MW_{IR}	|	IR_{}		IR_{MW}		MW_{}		MW_{IR}	|	IR_{}		IR_{MW}		MW_{}		MW_{IR}	|	IR_{}		IR_{MW}		MW_{}		MW_{IR}	|	IR_{}		IR_{MW}		MW_{}		MW_{IR}	|	IR_{}		IR_{MW}		MW_{}		MW_{IR}	|	IR_{}		IR_{MW}		MW_{}		MW_{IR}	|	IR_{}		IR_{MW}		MW_{}		MW_{IR}	|	IR_{}		IR_{MW}		MW_{}		MW_{IR}	|	IR_{}		IR_{MW}		MW_{}		MW_{IR}	|	IR_{}	|	IR_{}	|	IR_{}	|	IR_{}	|	IR_{}	|	IR_{}	|	IR_{}	|	IR_{}	|	MW_{}	|	MW_{}	|	MW_{}	|	MW_{}	|	MW_{}	|	MW_{}	|	MW_{}	]
Bids Score:			[0.000		0.000		0.000		0.000	|	0.000		0.000		0.000		0.000	|	19.930		0.000		0.000		0.000	|	0.000		12.163		0.000		6.167	|	0.000		0.000		16.072		0.000	|	0.000		0.000		5.860		0.000	|	0.000		0.000		20.963		0.000	|	0.000		0.000		0.000		0.000	|	0.000		32.454		0.000		28.706	|	0.000		6.553		0.000		8.204	|	0.000		0.000		6.162		0.000	|	0.000		0.000		0.000		0.000	|	11.765		0.000		0.000		0.000	|	0.000		0.000		3.667		0.000	|	0.000		12.317		0.000		13.935	|	0.000	|	0.000	|	7.582	|	0.000	|	20.478	|	5.073	|	0.978	|	0.000	|	0.000	|	0.000	|	0.000	|	0.000	|	5.381	|	0.000	|	0.000	]
Measurement Time:	[0.00		0.00		0.00		0.00	|	0.00		0.00		0.00		0.00	|	9.69		0.00		0.00		0.00	|	0.00		41.87		0.00		41.88	|	0.00		0.00		10.76		0.00	|	0.00		0.00		62.86		0.00	|	0.00		0.00		13.90		0.00	|	0.00		0.00		0.00		0.00	|	0.00		7.69		0.00		11.02	|	0.00		57.86		0.00		51.86	|	0.00		0.00		47.34		0.00	|	0.00		0.00		0.00		0.00	|	14.40		0.00		0.00		0.00	|	0.00		0.00		30.77		0.00	|	0.00		40.60		0.00		34.60	|	0.00	|	0.00	|	25.66	|	0.00	|	9.69	|	69.20	|	73.60	|	0.00	|	0.00	|	0.00	|	0.00	|	0.00	|	59.01	|	0.00	|	0.000	]
Iteration Assigned:	[0			0			0			0		|	0			0			0			0		|	4			0			0			0		|	0			44			0			356		|	0			0			46			0		|	0			0			1744		0		|	0			0			46			0		|	0			0			0			0		|	0			2			0			2		|	0			2600		0			1526	|	0			0			358			0		|	0			0			0			0		|	44			0			0			0		|	0			0			574			0		|	0			1522		0			1524	|	0		|	0		|	2		|	0		|	2		|	3040	|	3258	|	0		|	0		|	0		|	0		|	0		|	1526	|	0		|	0		]
Winners:			[-			-			-			-		|	-			-			-			-		|	4			-			-			-		|	-			4			-			1		|	-			-			2			-		|	-			-			2			-		|	-			-			2			-		|	-			-			-			-		|	-			3			-			1		|	-			4			-			2		|	-			-			1			-		|	-			-			-			-		|	4			-			-			-		|	-			-			1			-		|	-			4			-			2		|	-		|	-		|	3		|	-		|	3		|	4		|	4		|	-		|	-		|	-		|	-		|	-		|	2		|	-		|	-		]

__________________________________
        PERFORMANCE METRICS       
__________________________________
Coalitions Formed:		4
Coalitions Available:	15
Coalition Ratio:		26.67%

Score Achieved:			381.824
Score Available:		2133.076
Score Ratio:			17.90%

Merge Cost:				0.000000
Split Cost:				0.000000

Avg Cost per Research:	33.10%

Tasks Done:				16
Tasks Available:		30
Tasks Done Ratio:		53.33%

Tasks done w/ 1 sens:	12
Tasks done w/ 2 sens:	4
Tasks done w/ 3 sens:	0

Planning Horizon:		3

__________________________________
           AGENT LIST             
__________________________________
Agent Number:			1
Planning Horizon:		3
Max Const Iteration:	2
Max Solo Bids:			5
Max Any Bids:			10
Iteration Counter:		3857
Final Resources:		68.391037

Location:				[36.547		4.664		0.000]
Sensor List:			[MW]
Bundle:					[35			54			15			42]
Path:					[35			54			15			42]
X-Path:
[	47.157	1.702	0.000,
	33.260	15.742	0.000,
	26.905	24.993	0.000,
	25.777	19.651	0.000,]
Time Assignments:		[11.016		30.770		41.880		47.340]

**********************************
Agent Number:			2
Planning Horizon:		3
Max Const Iteration:	2
Max Solo Bids:			5
Max Any Bids:			10
Iteration Counter:		3857
Final Resources:		66.533019

Location:				[22.632		44.864		0.000]
Sensor List:			[MW]
Bundle:					[18			26			59			39			72			22]
Path:					[18			26			59			39			72			22]
X-Path:
[	21.257	34.195	0.000,
	23.109	31.651	0.000,
	27.223	29.705	0.000,
	39.136	42.195	0.000,
	32.029	42.955	0.000,
	30.130	39.605	0.000,]
Time Assignments:		[10.757		13.904		34.602		51.863		59.011		62.862]

**********************************
Agent Number:			3
Planning Horizon:		3
Max Const Iteration:	2
Max Solo Bids:			5
Max Any Bids:			10
Iteration Counter:		3857
Final Resources:		81.952619

Location:				[39.498		2.351		0.000]
Sensor List:			[IR]
Bundle:					[33			64			62]
Path:					[33			64			62]
X-Path:
[	47.157	1.702	0.000,
	45.247	1.105	0.000,
	37.906	15.293	0.000,]
Time Assignments:		[7.686		9.687		25.662]

**********************************
Agent Number:			4
Planning Horizon:		3
Max Const Iteration:	2
Max Solo Bids:			5
Max Any Bids:			10
Iteration Counter:		3857
Final Resources:		50.710182

Location:				[4.052		1.246		0.000]
Sensor List:			[IR]
Bundle:					[8			48			13			57			37			65			66]
Path:					[8			48			13			57			37			65			66]
X-Path:
[	13.362	3.940	0.000,
	16.284	7.636	0.000,
	26.905	24.993	0.000,
	27.223	29.705	0.000,
	39.136	42.195	0.000,
	34.250	44.357	0.000,
	23.896	45.267	0.000,]
Time Assignments:		[9.692		14.404		41.874		40.602		57.863		69.200		73.600]
__________________________________
            TASK LIST             
__________________________________
Task Number:		0
Maximum Score:		0.505223
Subtask Cost:		0.011400
Number of Sensors:	2
Number of Subtasks:	4

Location:			[19.848960, 39.813716, 0.000000]
Sensor List:		[IR, MW]
Subtask List:		[IR_{}, IR_{MW}, MW_{}, MW_{IR}]

Time Constraints:
Start Time:		0.000000
End Time:		Infinity
Task Duration:	0.000000
Corr Time:		6.000000
Lambda:			0.015000
Dependency Matrix:
   [0	-1	-1	-1
	-1	0	-1	1
	-1	-1	0	-1
	-1	1	-1	0]

Time Constraint Matrix:
   [Infinity	Infinity	Infinity	Infinity
	Infinity	Infinity	Infinity	6.000000
	Infinity	Infinity	Infinity	Infinity
	Infinity	6.000000	Infinity	Infinity]


**********************************
Task Number:		1
Maximum Score:		1.276609
Subtask Cost:		0.011400
Number of Sensors:	2
Number of Subtasks:	4

Location:			[32.153520, 41.815798, 0.000000]
Sensor List:		[IR, MW]
Subtask List:		[IR_{}, IR_{MW}, MW_{}, MW_{IR}]

Time Constraints:
Start Time:		0.000000
End Time:		Infinity
Task Duration:	0.000000
Corr Time:		6.000000
Lambda:			0.015000
Dependency Matrix:
   [0	-1	-1	-1
	-1	0	-1	1
	-1	-1	0	-1
	-1	1	-1	0]

Time Constraint Matrix:
   [Infinity	Infinity	Infinity	Infinity
	Infinity	Infinity	Infinity	6.000000
	Infinity	Infinity	Infinity	Infinity
	Infinity	6.000000	Infinity	Infinity]


**********************************
Task Number:		2
Maximum Score:		92.269682
Subtask Cost:		0.011400
Number of Sensors:	2
Number of Subtasks:	4

Location:			[13.362032, 3.939642, 0.000000]
Sensor List:		[IR, MW]
Subtask List:		[IR_{}, IR_{MW}, MW_{}, MW_{IR}]

Time Constraints:
Start Time:		0.000000
End Time:		Infinity
Task Duration:	0.000000
Corr Time:		6.000000
Lambda:			0.015000
Dependency Matrix:
   [0	-1	-1	-1
	-1	0	-1	1
	-1	-1	0	-1
	-1	1	-1	0]

Time Constraint Matrix:
   [Infinity	Infinity	Infinity	Infinity
	Infinity	Infinity	Infinity	6.000000
	Infinity	Infinity	Infinity	Infinity
	Infinity	6.000000	Infinity	Infinity]


**********************************
Task Number:		3
Maximum Score:		93.336274
Subtask Cost:		0.011400
Number of Sensors:	2
Number of Subtasks:	4

Location:			[26.905222, 24.993351, 0.000000]
Sensor List:		[IR, MW]
Subtask List:		[IR_{}, IR_{MW}, MW_{}, MW_{IR}]

Time Constraints:
Start Time:		0.000000
End Time:		Infinity
Task Duration:	0.000000
Corr Time:		6.000000
Lambda:			0.015000
Dependency Matrix:
   [0	-1	-1	-1
	-1	0	-1	1
	-1	-1	0	-1
	-1	1	-1	0]

Time Constraint Matrix:
   [Infinity	Infinity	Infinity	Infinity
	Infinity	Infinity	Infinity	6.000000
	Infinity	Infinity	Infinity	Infinity
	Infinity	6.000000	Infinity	Infinity]


**********************************
Task Number:		4
Maximum Score:		82.293149
Subtask Cost:		0.011400
Number of Sensors:	2
Number of Subtasks:	4

Location:			[21.257023, 34.194664, 0.000000]
Sensor List:		[IR, MW]
Subtask List:		[IR_{}, IR_{MW}, MW_{}, MW_{IR}]

Time Constraints:
Start Time:		0.000000
End Time:		Infinity
Task Duration:	0.000000
Corr Time:		6.000000
Lambda:			0.015000
Dependency Matrix:
   [0	-1	-1	-1
	-1	0	-1	1
	-1	-1	0	-1
	-1	1	-1	0]

Time Constraint Matrix:
   [Infinity	Infinity	Infinity	Infinity
	Infinity	Infinity	Infinity	6.000000
	Infinity	Infinity	Infinity	Infinity
	Infinity	6.000000	Infinity	Infinity]


**********************************
Task Number:		5
Maximum Score:		70.827358
Subtask Cost:		0.011400
Number of Sensors:	2
Number of Subtasks:	4

Location:			[30.130216, 39.604719, 0.000000]
Sensor List:		[IR, MW]
Subtask List:		[IR_{}, IR_{MW}, MW_{}, MW_{IR}]

Time Constraints:
Start Time:		0.000000
End Time:		Infinity
Task Duration:	0.000000
Corr Time:		6.000000
Lambda:			0.015000
Dependency Matrix:
   [0	-1	-1	-1
	-1	0	-1	1
	-1	-1	0	-1
	-1	1	-1	0]

Time Constraint Matrix:
   [Infinity	Infinity	Infinity	Infinity
	Infinity	Infinity	Infinity	6.000000
	Infinity	Infinity	Infinity	Infinity
	Infinity	6.000000	Infinity	Infinity]


**********************************
Task Number:		6
Maximum Score:		88.315062
Subtask Cost:		0.011400
Number of Sensors:	2
Number of Subtasks:	4

Location:			[23.109286, 31.650780, 0.000000]
Sensor List:		[IR, MW]
Subtask List:		[IR_{}, IR_{MW}, MW_{}, MW_{IR}]

Time Constraints:
Start Time:		0.000000
End Time:		Infinity
Task Duration:	0.000000
Corr Time:		6.000000
Lambda:			0.015000
Dependency Matrix:
   [0	-1	-1	-1
	-1	0	-1	1
	-1	-1	0	-1
	-1	1	-1	0]

Time Constraint Matrix:
   [Infinity	Infinity	Infinity	Infinity
	Infinity	Infinity	Infinity	6.000000
	Infinity	Infinity	Infinity	Infinity
	Infinity	6.000000	Infinity	Infinity]


**********************************
Task Number:		7
Maximum Score:		47.381985
Subtask Cost:		0.011400
Number of Sensors:	2
Number of Subtasks:	4

Location:			[36.855951, 33.399191, 0.000000]
Sensor List:		[IR, MW]
Subtask List:		[IR_{}, IR_{MW}, MW_{}, MW_{IR}]

Time Constraints:
Start Time:		0.000000
End Time:		Infinity
Task Duration:	0.000000
Corr Time:		6.000000
Lambda:			0.015000
Dependency Matrix:
   [0	-1	-1	-1
	-1	0	-1	1
	-1	-1	0	-1
	-1	1	-1	0]

Time Constraint Matrix:
   [Infinity	Infinity	Infinity	Infinity
	Infinity	Infinity	Infinity	6.000000
	Infinity	Infinity	Infinity	Infinity
	Infinity	6.000000	Infinity	Infinity]


**********************************
Task Number:		8
Maximum Score:		85.231031
Subtask Cost:		0.011400
Number of Sensors:	2
Number of Subtasks:	4

Location:			[47.157072, 1.702202, 0.000000]
Sensor List:		[IR, MW]
Subtask List:		[IR_{}, IR_{MW}, MW_{}, MW_{IR}]

Time Constraints:
Start Time:		0.000000
End Time:		Infinity
Task Duration:	0.000000
Corr Time:		6.000000
Lambda:			0.015000
Dependency Matrix:
   [0	-1	-1	-1
	-1	0	-1	1
	-1	-1	0	-1
	-1	1	-1	0]

Time Constraint Matrix:
   [Infinity	Infinity	Infinity	Infinity
	Infinity	Infinity	Infinity	6.000000
	Infinity	Infinity	Infinity	Infinity
	Infinity	6.000000	Infinity	Infinity]


**********************************
Task Number:		9
Maximum Score:		83.518513
Subtask Cost:		0.011400
Number of Sensors:	2
Number of Subtasks:	4

Location:			[39.135927, 42.194941, 0.000000]
Sensor List:		[IR, MW]
Subtask List:		[IR_{}, IR_{MW}, MW_{}, MW_{IR}]

Time Constraints:
Start Time:		0.000000
End Time:		Infinity
Task Duration:	0.000000
Corr Time:		6.000000
Lambda:			0.015000
Dependency Matrix:
   [0	-1	-1	-1
	-1	0	-1	1
	-1	-1	0	-1
	-1	1	-1	0]

Time Constraint Matrix:
   [Infinity	Infinity	Infinity	Infinity
	Infinity	Infinity	Infinity	6.000000
	Infinity	Infinity	Infinity	Infinity
	Infinity	6.000000	Infinity	Infinity]


**********************************
Task Number:		10
Maximum Score:		63.557256
Subtask Cost:		0.011400
Number of Sensors:	2
Number of Subtasks:	4

Location:			[25.776682, 19.651050, 0.000000]
Sensor List:		[IR, MW]
Subtask List:		[IR_{}, IR_{MW}, MW_{}, MW_{IR}]

Time Constraints:
Start Time:		0.000000
End Time:		Infinity
Task Duration:	0.000000
Corr Time:		6.000000
Lambda:			0.015000
Dependency Matrix:
   [0	-1	-1	-1
	-1	0	-1	1
	-1	-1	0	-1
	-1	1	-1	0]

Time Constraint Matrix:
   [Infinity	Infinity	Infinity	Infinity
	Infinity	Infinity	Infinity	6.000000
	Infinity	Infinity	Infinity	Infinity
	Infinity	6.000000	Infinity	Infinity]


**********************************
Task Number:		11
Maximum Score:		64.876810
Subtask Cost:		0.011400
Number of Sensors:	2
Number of Subtasks:	4

Location:			[12.920401, 30.099249, 0.000000]
Sensor List:		[IR, MW]
Subtask List:		[IR_{}, IR_{MW}, MW_{}, MW_{IR}]

Time Constraints:
Start Time:		0.000000
End Time:		Infinity
Task Duration:	0.000000
Corr Time:		6.000000
Lambda:			0.015000
Dependency Matrix:
   [0	-1	-1	-1
	-1	0	-1	1
	-1	-1	0	-1
	-1	1	-1	0]

Time Constraint Matrix:
   [Infinity	Infinity	Infinity	Infinity
	Infinity	Infinity	Infinity	6.000000
	Infinity	Infinity	Infinity	Infinity
	Infinity	6.000000	Infinity	Infinity]


**********************************
Task Number:		12
Maximum Score:		58.052988
Subtask Cost:		0.011400
Number of Sensors:	2
Number of Subtasks:	4

Location:			[16.283750, 7.635918, 0.000000]
Sensor List:		[IR, MW]
Subtask List:		[IR_{}, IR_{MW}, MW_{}, MW_{IR}]

Time Constraints:
Start Time:		0.000000
End Time:		Infinity
Task Duration:	0.000000
Corr Time:		6.000000
Lambda:			0.015000
Dependency Matrix:
   [0	-1	-1	-1
	-1	0	-1	1
	-1	-1	0	-1
	-1	1	-1	0]

Time Constraint Matrix:
   [Infinity	Infinity	Infinity	Infinity
	Infinity	Infinity	Infinity	6.000000
	Infinity	Infinity	Infinity	Infinity
	Infinity	6.000000	Infinity	Infinity]


**********************************
Task Number:		13
Maximum Score:		47.272386
Subtask Cost:		0.011400
Number of Sensors:	2
Number of Subtasks:	4

Location:			[33.259681, 15.741596, 0.000000]
Sensor List:		[IR, MW]
Subtask List:		[IR_{}, IR_{MW}, MW_{}, MW_{IR}]

Time Constraints:
Start Time:		0.000000
End Time:		Infinity
Task Duration:	0.000000
Corr Time:		6.000000
Lambda:			0.015000
Dependency Matrix:
   [0	-1	-1	-1
	-1	0	-1	1
	-1	-1	0	-1
	-1	1	-1	0]

Time Constraint Matrix:
   [Infinity	Infinity	Infinity	Infinity
	Infinity	Infinity	Infinity	6.000000
	Infinity	Infinity	Infinity	Infinity
	Infinity	6.000000	Infinity	Infinity]


**********************************
Task Number:		14
Maximum Score:		59.383019
Subtask Cost:		0.011400
Number of Sensors:	2
Number of Subtasks:	4

Location:			[27.222687, 29.704933, 0.000000]
Sensor List:		[IR, MW]
Subtask List:		[IR_{}, IR_{MW}, MW_{}, MW_{IR}]

Time Constraints:
Start Time:		0.000000
End Time:		Infinity
Task Duration:	0.000000
Corr Time:		6.000000
Lambda:			0.015000
Dependency Matrix:
   [0	-1	-1	-1
	-1	0	-1	1
	-1	-1	0	-1
	-1	1	-1	0]

Time Constraint Matrix:
   [Infinity	Infinity	Infinity	Infinity
	Infinity	Infinity	Infinity	6.000000
	Infinity	Infinity	Infinity	Infinity
	Infinity	6.000000	Infinity	Infinity]


**********************************
Task Number:		15
Maximum Score:		21.394758
Subtask Cost:		0.011400
Number of Sensors:	1
Number of Subtasks:	1

Location:			[2.501691, 32.977492, 0.000000]
Sensor List:		[IR]
Subtask List:		[IR_{}]

Time Constraints:
Start Time:		0.000000
End Time:		Infinity
Task Duration:	0.000000
Corr Time:		6.000000
Lambda:			0.015000
Dependency Matrix:
   [0]

Time Constraint Matrix:
   [Infinity]


**********************************
Task Number:		16
Maximum Score:		11.746641
Subtask Cost:		0.011400
Number of Sensors:	1
Number of Subtasks:	1

Location:			[46.941045, 43.343032, 0.000000]
Sensor List:		[IR]
Subtask List:		[IR_{}]

Time Constraints:
Start Time:		0.000000
End Time:		Infinity
Task Duration:	0.000000
Corr Time:		6.000000
Lambda:			0.015000
Dependency Matrix:
   [0]

Time Constraint Matrix:
   [Infinity]


**********************************
Task Number:		17
Maximum Score:		26.198036
Subtask Cost:		0.011400
Number of Sensors:	1
Number of Subtasks:	1

Location:			[37.905702, 15.292559, 0.000000]
Sensor List:		[IR]
Subtask List:		[IR_{}]

Time Constraints:
Start Time:		0.000000
End Time:		Infinity
Task Duration:	0.000000
Corr Time:		6.000000
Lambda:			0.015000
Dependency Matrix:
   [0]

Time Constraint Matrix:
   [Infinity]


**********************************
Task Number:		18
Maximum Score:		9.509556
Subtask Cost:		0.011400
Number of Sensors:	1
Number of Subtasks:	1

Location:			[31.502649, 31.064531, 0.000000]
Sensor List:		[IR]
Subtask List:		[IR_{}]

Time Constraints:
Start Time:		0.000000
End Time:		Infinity
Task Duration:	0.000000
Corr Time:		6.000000
Lambda:			0.015000
Dependency Matrix:
   [0]

Time Constraint Matrix:
   [Infinity]


**********************************
Task Number:		19
Maximum Score:		26.318630
Subtask Cost:		0.011400
Number of Sensors:	1
Number of Subtasks:	1

Location:			[45.247114, 1.104729, 0.000000]
Sensor List:		[IR]
Subtask List:		[IR_{}]

Time Constraints:
Start Time:		0.000000
End Time:		Infinity
Task Duration:	0.000000
Corr Time:		6.000000
Lambda:			0.015000
Dependency Matrix:
   [0]

Time Constraint Matrix:
   [Infinity]


**********************************
Task Number:		20
Maximum Score:		26.142208
Subtask Cost:		0.011400
Number of Sensors:	1
Number of Subtasks:	1

Location:			[34.249963, 44.356941, 0.000000]
Sensor List:		[IR]
Subtask List:		[IR_{}]

Time Constraints:
Start Time:		0.000000
End Time:		Infinity
Task Duration:	0.000000
Corr Time:		6.000000
Lambda:			0.015000
Dependency Matrix:
   [0]

Time Constraint Matrix:
   [Infinity]


**********************************
Task Number:		21
Maximum Score:		24.258719
Subtask Cost:		0.011400
Number of Sensors:	1
Number of Subtasks:	1

Location:			[23.895613, 45.266838, 0.000000]
Sensor List:		[IR]
Subtask List:		[IR_{}]

Time Constraints:
Start Time:		0.000000
End Time:		Infinity
Task Duration:	0.000000
Corr Time:		6.000000
Lambda:			0.015000
Dependency Matrix:
   [0]

Time Constraint Matrix:
   [Infinity]


**********************************
Task Number:		22
Maximum Score:		2.105383
Subtask Cost:		0.011400
Number of Sensors:	1
Number of Subtasks:	1

Location:			[7.052720, 33.733966, 0.000000]
Sensor List:		[IR]
Subtask List:		[IR_{}]

Time Constraints:
Start Time:		0.000000
End Time:		Infinity
Task Duration:	0.000000
Corr Time:		6.000000
Lambda:			0.015000
Dependency Matrix:
   [0]

Time Constraint Matrix:
   [Infinity]


**********************************
Task Number:		23
Maximum Score:		25.859381
Subtask Cost:		0.011400
Number of Sensors:	1
Number of Subtasks:	1

Location:			[4.215682, 24.345675, 0.000000]
Sensor List:		[MW]
Subtask List:		[MW_{}]

Time Constraints:
Start Time:		0.000000
End Time:		Infinity
Task Duration:	0.000000
Corr Time:		6.000000
Lambda:			0.015000
Dependency Matrix:
   [0]

Time Constraint Matrix:
   [Infinity]


**********************************
Task Number:		24
Maximum Score:		27.816007
Subtask Cost:		0.011400
Number of Sensors:	1
Number of Subtasks:	1

Location:			[39.541072, 24.692558, 0.000000]
Sensor List:		[MW]
Subtask List:		[MW_{}]

Time Constraints:
Start Time:		0.000000
End Time:		Infinity
Task Duration:	0.000000
Corr Time:		6.000000
Lambda:			0.015000
Dependency Matrix:
   [0]

Time Constraint Matrix:
   [Infinity]


**********************************
Task Number:		25
Maximum Score:		2.238595
Subtask Cost:		0.011400
Number of Sensors:	1
Number of Subtasks:	1

Location:			[47.513361, 7.323534, 0.000000]
Sensor List:		[MW]
Subtask List:		[MW_{}]

Time Constraints:
Start Time:		0.000000
End Time:		Infinity
Task Duration:	0.000000
Corr Time:		6.000000
Lambda:			0.015000
Dependency Matrix:
   [0]

Time Constraint Matrix:
   [Infinity]


**********************************
Task Number:		26
Maximum Score:		9.080457
Subtask Cost:		0.011400
Number of Sensors:	1
Number of Subtasks:	1

Location:			[14.575398, 6.581858, 0.000000]
Sensor List:		[MW]
Subtask List:		[MW_{}]

Time Constraints:
Start Time:		0.000000
End Time:		Infinity
Task Duration:	0.000000
Corr Time:		6.000000
Lambda:			0.015000
Dependency Matrix:
   [0]

Time Constraint Matrix:
   [Infinity]


**********************************
Task Number:		27
Maximum Score:		25.677190
Subtask Cost:		0.011400
Number of Sensors:	1
Number of Subtasks:	1

Location:			[32.028767, 42.955309, 0.000000]
Sensor List:		[MW]
Subtask List:		[MW_{}]

Time Constraints:
Start Time:		0.000000
End Time:		Infinity
Task Duration:	0.000000
Corr Time:		6.000000
Lambda:			0.015000
Dependency Matrix:
   [0]

Time Constraint Matrix:
   [Infinity]


**********************************
Task Number:		28
Maximum Score:		10.060304
Subtask Cost:		0.011400
Number of Sensors:	1
Number of Subtasks:	1

Location:			[16.603578, 33.736169, 0.000000]
Sensor List:		[MW]
Subtask List:		[MW_{}]

Time Constraints:
Start Time:		0.000000
End Time:		Infinity
Task Duration:	0.000000
Corr Time:		6.000000
Lambda:			0.015000
Dependency Matrix:
   [0]

Time Constraint Matrix:
   [Infinity]


**********************************
Task Number:		29
Maximum Score:		8.475739
Subtask Cost:		0.011400
Number of Sensors:	1
Number of Subtasks:	1

Location:			[10.386632, 12.432590, 0.000000]
Sensor List:		[MW]
Subtask List:		[MW_{}]

Time Constraints:
Start Time:		0.000000
End Time:		Infinity
Task Duration:	0.000000
Corr Time:		6.000000
Lambda:			0.015000
Dependency Matrix:
   [0]

Time Constraint Matrix:
   [Infinity]

