__________________________________
          WINNING VECTORS         
__________________________________
Subtasks:			[IR_{}		IR_{MW}		MW_{}		MW_{IR}	|	IR_{}		IR_{MW}		MW_{}		MW_{IR}	|	IR_{}		IR_{MW}		MW_{}		MW_{IR}	|	IR_{}		IR_{MW}		MW_{}		MW_{IR}	|	IR_{}		IR_{MW}		MW_{}		MW_{IR}	|	IR_{}		IR_{MW}		MW_{}		MW_{IR}	|	IR_{}		IR_{MW}		MW_{}		MW_{IR}	|	IR_{}		IR_{MW}		MW_{}		MW_{IR}	|	IR_{}		IR_{MW}		MW_{}		MW_{IR}	|	IR_{}		IR_{MW}		MW_{}		MW_{IR}	|	IR_{}		IR_{MW}		MW_{}		MW_{IR}	|	IR_{}		IR_{MW}		MW_{}		MW_{IR}	|	IR_{}		IR_{MW}		MW_{}		MW_{IR}	|	IR_{}		IR_{MW}		MW_{}		MW_{IR}	|	IR_{}		IR_{MW}		MW_{}		MW_{IR}	|	IR_{}	|	IR_{}	|	IR_{}	|	IR_{}	|	IR_{}	|	IR_{}	|	IR_{}	|	IR_{}	|	MW_{}	|	MW_{}	|	MW_{}	|	MW_{}	|	MW_{}	|	MW_{}	|	MW_{}	]
Bids Score:			[0.000		0.000		0.000		0.000	|	1.439		0.000		0.000		0.000	|	0.000		0.000		0.000		0.000	|	0.000		0.000		0.000		0.000	|	0.000		22.187		0.000		22.284	|	0.000		2.588		0.000		2.602	|	0.000		9.032		0.000		9.067	|	0.000		0.000		0.000		0.000	|	0.000		0.000		0.000		0.000	|	0.000		0.000		2.102		0.000	|	0.000		0.000		0.000		0.000	|	0.000		0.000		0.000		0.000	|	0.000		0.000		0.000		0.000	|	0.000		6.614		0.000		6.625	|	12.405		0.000		0.000		0.000	|	16.795	|	1.275	|	0.000	|	2.191	|	5.892	|	0.000	|	0.000	|	0.000	|	0.000	|	0.000	|	24.931	|	0.000	|	0.000	|	0.000	|	0.000	]
Measurement Time:	[0.00		0.00		0.00		0.00	|	42.42		0.00		0.00		0.00	|	0.00		0.00		0.00		0.00	|	0.00		0.00		0.00		0.00	|	0.00		12.86		0.00		12.77	|	0.00		50.14		0.00		50.04	|	0.00		38.97		0.00		38.87	|	0.00		0.00		0.00		0.00	|	0.00		0.00		0.00		0.00	|	0.00		0.00		11.18		0.00	|	0.00		0.00		0.00		0.00	|	0.00		0.00		0.00		0.00	|	0.00		0.00		0.00		0.00	|	0.00		50.59		0.00		50.50	|	20.31		0.00		0.00		0.00	|	5.47	|	54.54	|	0.00	|	41.18	|	27.35	|	0.00	|	0.00	|	0.00	|	0.00	|	0.00	|	2.84	|	0.00	|	0.00	|	0.00	|	0.000	]
Iteration Assigned:	[0			0			0			0		|	478			0			0			0		|	0			0			0			0		|	0			0			0			0		|	0			4			0			2		|	0			6			0			8		|	0			4			0			2		|	0			0			0			0		|	0			0			0			0		|	0			0			22			0		|	0			0			0			0		|	0			0			0			0		|	0			0			0			0		|	0			226			0			226		|	18			0			0			0		|	18		|	680		|	0		|	260		|	18		|	0		|	0		|	0		|	0		|	0		|	0		|	0		|	0		|	0		|	0		]
Winners:			[-			-			-			-		|	2			-			-			-		|	-			-			-			-		|	-			-			-			-		|	-			4			-			3		|	-			4			-			3		|	-			4			-			3		|	-			-			-			-		|	-			-			-			-		|	-			-			1			-		|	-			-			-			-		|	-			-			-			-		|	-			-			-			-		|	-			4			-			3		|	2			-			-			-		|	2		|	4		|	-		|	2		|	2		|	-		|	-		|	-		|	-		|	-		|	1		|	-		|	-		|	-		|	-		]

__________________________________
        PERFORMANCE METRICS       
__________________________________
Coalitions Formed:		4
Coalitions Available:	15
Coalition Ratio:		26.67%

Score Achieved:			256.696
Score Available:		1246.704
Score Ratio:			20.59%

Merge Cost:				0.000000
Split Cost:				0.000000

Avg Cost per Research:	27.17%

Tasks Done:				12
Tasks Available:		30
Tasks Done Ratio:		40.00%

Tasks done w/ 1 sens:	8
Tasks done w/ 2 sens:	4
Tasks done w/ 3 sens:	0

Planning Horizon:		3

__________________________________
           AGENT LIST             
__________________________________
Agent Number:			1
Planning Horizon:		3
Max Const Iteration:	2
Max Solo Bids:			5
Max Any Bids:			10
Iteration Counter:		1279
Final Resources:		91.348235

Location:				[41.508		8.650		0.000]
Sensor List:			[MW]
Bundle:					[70			38]
Path:					[70			38]
X-Path:
[	42.996	6.226	0.000,
	37.159	0.277	0.000,]
Time Assignments:		[2.844		11.179]

**********************************
Agent Number:			2
Planning Horizon:		3
Max Const Iteration:	2
Max Solo Bids:			5
Max Any Bids:			10
Iteration Counter:		1279
Final Resources:		70.118524

Location:				[25.664		35.221		0.000]
Sensor List:			[IR]
Bundle:					[60			56			64			63			4]
Path:					[60			56			64			63			4]
X-Path:
[	26.989	40.523	0.000,
	15.032	49.326	0.000,
	12.779	42.656	0.000,
	21.976	32.331	0.000,
	21.917	31.090	0.000,]
Time Assignments:		[5.466		20.313		27.354		41.181		42.424]

**********************************
Agent Number:			3
Planning Horizon:		3
Max Const Iteration:	2
Max Solo Bids:			5
Max Any Bids:			10
Iteration Counter:		1279
Final Resources:		66.654805

Location:				[14.708		14.691		0.000]
Sensor List:			[MW]
Bundle:					[19			27			23			55]
Path:					[19			27			23			55]
X-Path:
[	18.050	2.368	0.000,
	0.974	22.114	0.000,
	12.108	23.016	0.000,
	12.191	23.465	0.000,]
Time Assignments:		[12.768		38.874		50.044		50.500]

**********************************
Agent Number:			4
Planning Horizon:		3
Max Const Iteration:	2
Max Solo Bids:			5
Max Any Bids:			10
Iteration Counter:		1279
Final Resources:		63.211073

Location:				[23.453		14.040		0.000]
Sensor List:			[IR]
Bundle:					[17			25			21			53			61]
Path:					[17			25			21			53			61]
X-Path:
[	18.050	2.368	0.000,
	0.974	22.114	0.000,
	12.108	23.016	0.000,
	12.191	23.465	0.000,
	12.889	19.579	0.000,]
Time Assignments:		[12.862		38.967		50.138		50.594		54.542]
__________________________________
            TASK LIST             
__________________________________
Task Number:		0
Maximum Score:		5.943686
Subtask Cost:		0.011400
Number of Sensors:	2
Number of Subtasks:	4

Location:			[45.133917, 33.122188, 0.000000]
Sensor List:		[IR, MW]
Subtask List:		[IR_{}, IR_{MW}, MW_{}, MW_{IR}]

Time Constraints:
Start Time:		0.000000
End Time:		Infinity
Task Duration:	0.000000
Corr Time:		8.000000
Lambda:			0.015000
Dependency Matrix:
   [0	-1	-1	-1
	-1	0	-1	1
	-1	-1	0	-1
	-1	1	-1	0]

Time Constraint Matrix:
   [Infinity	Infinity	Infinity	Infinity
	Infinity	Infinity	Infinity	8.000000
	Infinity	Infinity	Infinity	Infinity
	Infinity	8.000000	Infinity	Infinity]


**********************************
Task Number:		1
Maximum Score:		18.632412
Subtask Cost:		0.011400
Number of Sensors:	2
Number of Subtasks:	4

Location:			[21.916509, 31.090243, 0.000000]
Sensor List:		[IR, MW]
Subtask List:		[IR_{}, IR_{MW}, MW_{}, MW_{IR}]

Time Constraints:
Start Time:		0.000000
End Time:		Infinity
Task Duration:	0.000000
Corr Time:		8.000000
Lambda:			0.015000
Dependency Matrix:
   [0	-1	-1	-1
	-1	0	-1	1
	-1	-1	0	-1
	-1	1	-1	0]

Time Constraint Matrix:
   [Infinity	Infinity	Infinity	Infinity
	Infinity	Infinity	Infinity	8.000000
	Infinity	Infinity	Infinity	Infinity
	Infinity	8.000000	Infinity	Infinity]


**********************************
Task Number:		2
Maximum Score:		9.566601
Subtask Cost:		0.011400
Number of Sensors:	2
Number of Subtasks:	4

Location:			[1.100590, 45.429670, 0.000000]
Sensor List:		[IR, MW]
Subtask List:		[IR_{}, IR_{MW}, MW_{}, MW_{IR}]

Time Constraints:
Start Time:		0.000000
End Time:		Infinity
Task Duration:	0.000000
Corr Time:		8.000000
Lambda:			0.015000
Dependency Matrix:
   [0	-1	-1	-1
	-1	0	-1	1
	-1	-1	0	-1
	-1	1	-1	0]

Time Constraint Matrix:
   [Infinity	Infinity	Infinity	Infinity
	Infinity	Infinity	Infinity	8.000000
	Infinity	Infinity	Infinity	Infinity
	Infinity	8.000000	Infinity	Infinity]


**********************************
Task Number:		3
Maximum Score:		18.879979
Subtask Cost:		0.011400
Number of Sensors:	2
Number of Subtasks:	4

Location:			[11.737941, 46.308732, 0.000000]
Sensor List:		[IR, MW]
Subtask List:		[IR_{}, IR_{MW}, MW_{}, MW_{IR}]

Time Constraints:
Start Time:		0.000000
End Time:		Infinity
Task Duration:	0.000000
Corr Time:		8.000000
Lambda:			0.015000
Dependency Matrix:
   [0	-1	-1	-1
	-1	0	-1	1
	-1	-1	0	-1
	-1	1	-1	0]

Time Constraint Matrix:
   [Infinity	Infinity	Infinity	Infinity
	Infinity	Infinity	Infinity	8.000000
	Infinity	Infinity	Infinity	Infinity
	Infinity	8.000000	Infinity	Infinity]


**********************************
Task Number:		4
Maximum Score:		74.364413
Subtask Cost:		0.011400
Number of Sensors:	2
Number of Subtasks:	4

Location:			[18.050360, 2.368159, 0.000000]
Sensor List:		[IR, MW]
Subtask List:		[IR_{}, IR_{MW}, MW_{}, MW_{IR}]

Time Constraints:
Start Time:		0.000000
End Time:		Infinity
Task Duration:	0.000000
Corr Time:		8.000000
Lambda:			0.015000
Dependency Matrix:
   [0	-1	-1	-1
	-1	0	-1	1
	-1	-1	0	-1
	-1	1	-1	0]

Time Constraint Matrix:
   [Infinity	Infinity	Infinity	Infinity
	Infinity	Infinity	Infinity	8.000000
	Infinity	Infinity	Infinity	Infinity
	Infinity	8.000000	Infinity	Infinity]


**********************************
Task Number:		5
Maximum Score:		42.831306
Subtask Cost:		0.011400
Number of Sensors:	2
Number of Subtasks:	4

Location:			[12.107829, 23.016187, 0.000000]
Sensor List:		[IR, MW]
Subtask List:		[IR_{}, IR_{MW}, MW_{}, MW_{IR}]

Time Constraints:
Start Time:		0.000000
End Time:		Infinity
Task Duration:	0.000000
Corr Time:		8.000000
Lambda:			0.015000
Dependency Matrix:
   [0	-1	-1	-1
	-1	0	-1	1
	-1	-1	0	-1
	-1	1	-1	0]

Time Constraint Matrix:
   [Infinity	Infinity	Infinity	Infinity
	Infinity	Infinity	Infinity	8.000000
	Infinity	Infinity	Infinity	Infinity
	Infinity	8.000000	Infinity	Infinity]


**********************************
Task Number:		6
Maximum Score:		89.891066
Subtask Cost:		0.011400
Number of Sensors:	2
Number of Subtasks:	4

Location:			[0.973874, 22.113829, 0.000000]
Sensor List:		[IR, MW]
Subtask List:		[IR_{}, IR_{MW}, MW_{}, MW_{IR}]

Time Constraints:
Start Time:		0.000000
End Time:		Infinity
Task Duration:	0.000000
Corr Time:		8.000000
Lambda:			0.015000
Dependency Matrix:
   [0	-1	-1	-1
	-1	0	-1	1
	-1	-1	0	-1
	-1	1	-1	0]

Time Constraint Matrix:
   [Infinity	Infinity	Infinity	Infinity
	Infinity	Infinity	Infinity	8.000000
	Infinity	Infinity	Infinity	Infinity
	Infinity	8.000000	Infinity	Infinity]


**********************************
Task Number:		7
Maximum Score:		44.386011
Subtask Cost:		0.011400
Number of Sensors:	2
Number of Subtasks:	4

Location:			[2.660988, 46.447340, 0.000000]
Sensor List:		[IR, MW]
Subtask List:		[IR_{}, IR_{MW}, MW_{}, MW_{IR}]

Time Constraints:
Start Time:		0.000000
End Time:		Infinity
Task Duration:	0.000000
Corr Time:		8.000000
Lambda:			0.015000
Dependency Matrix:
   [0	-1	-1	-1
	-1	0	-1	1
	-1	-1	0	-1
	-1	1	-1	0]

Time Constraint Matrix:
   [Infinity	Infinity	Infinity	Infinity
	Infinity	Infinity	Infinity	8.000000
	Infinity	Infinity	Infinity	Infinity
	Infinity	8.000000	Infinity	Infinity]


**********************************
Task Number:		8
Maximum Score:		15.756912
Subtask Cost:		0.011400
Number of Sensors:	2
Number of Subtasks:	4

Location:			[19.588572, 46.372856, 0.000000]
Sensor List:		[IR, MW]
Subtask List:		[IR_{}, IR_{MW}, MW_{}, MW_{IR}]

Time Constraints:
Start Time:		0.000000
End Time:		Infinity
Task Duration:	0.000000
Corr Time:		8.000000
Lambda:			0.015000
Dependency Matrix:
   [0	-1	-1	-1
	-1	0	-1	1
	-1	-1	0	-1
	-1	1	-1	0]

Time Constraint Matrix:
   [Infinity	Infinity	Infinity	Infinity
	Infinity	Infinity	Infinity	8.000000
	Infinity	Infinity	Infinity	Infinity
	Infinity	8.000000	Infinity	Infinity]


**********************************
Task Number:		9
Maximum Score:		28.354494
Subtask Cost:		0.011400
Number of Sensors:	2
Number of Subtasks:	4

Location:			[37.158816, 0.277406, 0.000000]
Sensor List:		[IR, MW]
Subtask List:		[IR_{}, IR_{MW}, MW_{}, MW_{IR}]

Time Constraints:
Start Time:		0.000000
End Time:		Infinity
Task Duration:	0.000000
Corr Time:		8.000000
Lambda:			0.015000
Dependency Matrix:
   [0	-1	-1	-1
	-1	0	-1	1
	-1	-1	0	-1
	-1	1	-1	0]

Time Constraint Matrix:
   [Infinity	Infinity	Infinity	Infinity
	Infinity	Infinity	Infinity	8.000000
	Infinity	Infinity	Infinity	Infinity
	Infinity	8.000000	Infinity	Infinity]


**********************************
Task Number:		10
Maximum Score:		22.527373
Subtask Cost:		0.011400
Number of Sensors:	2
Number of Subtasks:	4

Location:			[30.137550, 37.582000, 0.000000]
Sensor List:		[IR, MW]
Subtask List:		[IR_{}, IR_{MW}, MW_{}, MW_{IR}]

Time Constraints:
Start Time:		0.000000
End Time:		Infinity
Task Duration:	0.000000
Corr Time:		8.000000
Lambda:			0.015000
Dependency Matrix:
   [0	-1	-1	-1
	-1	0	-1	1
	-1	-1	0	-1
	-1	1	-1	0]

Time Constraint Matrix:
   [Infinity	Infinity	Infinity	Infinity
	Infinity	Infinity	Infinity	8.000000
	Infinity	Infinity	Infinity	Infinity
	Infinity	8.000000	Infinity	Infinity]


**********************************
Task Number:		11
Maximum Score:		6.259919
Subtask Cost:		0.011400
Number of Sensors:	2
Number of Subtasks:	4

Location:			[29.426349, 16.296114, 0.000000]
Sensor List:		[IR, MW]
Subtask List:		[IR_{}, IR_{MW}, MW_{}, MW_{IR}]

Time Constraints:
Start Time:		0.000000
End Time:		Infinity
Task Duration:	0.000000
Corr Time:		8.000000
Lambda:			0.015000
Dependency Matrix:
   [0	-1	-1	-1
	-1	0	-1	1
	-1	-1	0	-1
	-1	1	-1	0]

Time Constraint Matrix:
   [Infinity	Infinity	Infinity	Infinity
	Infinity	Infinity	Infinity	8.000000
	Infinity	Infinity	Infinity	Infinity
	Infinity	8.000000	Infinity	Infinity]


**********************************
Task Number:		12
Maximum Score:		17.006963
Subtask Cost:		0.011400
Number of Sensors:	2
Number of Subtasks:	4

Location:			[7.837396, 10.292603, 0.000000]
Sensor List:		[IR, MW]
Subtask List:		[IR_{}, IR_{MW}, MW_{}, MW_{IR}]

Time Constraints:
Start Time:		0.000000
End Time:		Infinity
Task Duration:	0.000000
Corr Time:		8.000000
Lambda:			0.015000
Dependency Matrix:
   [0	-1	-1	-1
	-1	0	-1	1
	-1	-1	0	-1
	-1	1	-1	0]

Time Constraint Matrix:
   [Infinity	Infinity	Infinity	Infinity
	Infinity	Infinity	Infinity	8.000000
	Infinity	Infinity	Infinity	Infinity
	Infinity	8.000000	Infinity	Infinity]


**********************************
Task Number:		13
Maximum Score:		34.236428
Subtask Cost:		0.011400
Number of Sensors:	2
Number of Subtasks:	4

Location:			[12.190680, 23.464975, 0.000000]
Sensor List:		[IR, MW]
Subtask List:		[IR_{}, IR_{MW}, MW_{}, MW_{IR}]

Time Constraints:
Start Time:		0.000000
End Time:		Infinity
Task Duration:	0.000000
Corr Time:		8.000000
Lambda:			0.015000
Dependency Matrix:
   [0	-1	-1	-1
	-1	0	-1	1
	-1	-1	0	-1
	-1	1	-1	0]

Time Constraint Matrix:
   [Infinity	Infinity	Infinity	Infinity
	Infinity	Infinity	Infinity	8.000000
	Infinity	Infinity	Infinity	Infinity
	Infinity	8.000000	Infinity	Infinity]


**********************************
Task Number:		14
Maximum Score:		89.544693
Subtask Cost:		0.011400
Number of Sensors:	2
Number of Subtasks:	4

Location:			[15.032245, 49.325871, 0.000000]
Sensor List:		[IR, MW]
Subtask List:		[IR_{}, IR_{MW}, MW_{}, MW_{IR}]

Time Constraints:
Start Time:		0.000000
End Time:		Infinity
Task Duration:	0.000000
Corr Time:		8.000000
Lambda:			0.015000
Dependency Matrix:
   [0	-1	-1	-1
	-1	0	-1	1
	-1	-1	0	-1
	-1	1	-1	0]

Time Constraint Matrix:
   [Infinity	Infinity	Infinity	Infinity
	Infinity	Infinity	Infinity	8.000000
	Infinity	Infinity	Infinity	Infinity
	Infinity	8.000000	Infinity	Infinity]


**********************************
Task Number:		15
Maximum Score:		22.848875
Subtask Cost:		0.011400
Number of Sensors:	1
Number of Subtasks:	1

Location:			[26.989343, 40.523242, 0.000000]
Sensor List:		[IR]
Subtask List:		[IR_{}]

Time Constraints:
Start Time:		0.000000
End Time:		Infinity
Task Duration:	0.000000
Corr Time:		8.000000
Lambda:			0.015000
Dependency Matrix:
   [0]

Time Constraint Matrix:
   [Infinity]


**********************************
Task Number:		16
Maximum Score:		10.572884
Subtask Cost:		0.011400
Number of Sensors:	1
Number of Subtasks:	1

Location:			[12.888906, 19.579312, 0.000000]
Sensor List:		[IR]
Subtask List:		[IR_{}]

Time Constraints:
Start Time:		0.000000
End Time:		Infinity
Task Duration:	0.000000
Corr Time:		8.000000
Lambda:			0.015000
Dependency Matrix:
   [0]

Time Constraint Matrix:
   [Infinity]


**********************************
Task Number:		17
Maximum Score:		15.556807
Subtask Cost:		0.011400
Number of Sensors:	1
Number of Subtasks:	1

Location:			[35.202089, 29.716714, 0.000000]
Sensor List:		[IR]
Subtask List:		[IR_{}]

Time Constraints:
Start Time:		0.000000
End Time:		Infinity
Task Duration:	0.000000
Corr Time:		8.000000
Lambda:			0.015000
Dependency Matrix:
   [0]

Time Constraint Matrix:
   [Infinity]


**********************************
Task Number:		18
Maximum Score:		20.795312
Subtask Cost:		0.011400
Number of Sensors:	1
Number of Subtasks:	1

Location:			[21.976351, 32.331456, 0.000000]
Sensor List:		[IR]
Subtask List:		[IR_{}]

Time Constraints:
Start Time:		0.000000
End Time:		Infinity
Task Duration:	0.000000
Corr Time:		8.000000
Lambda:			0.015000
Dependency Matrix:
   [0]

Time Constraint Matrix:
   [Infinity]


**********************************
Task Number:		19
Maximum Score:		16.647395
Subtask Cost:		0.011400
Number of Sensors:	1
Number of Subtasks:	1

Location:			[12.778723, 42.656053, 0.000000]
Sensor List:		[IR]
Subtask List:		[IR_{}]

Time Constraints:
Start Time:		0.000000
End Time:		Infinity
Task Duration:	0.000000
Corr Time:		8.000000
Lambda:			0.015000
Dependency Matrix:
   [0]

Time Constraint Matrix:
   [Infinity]


**********************************
Task Number:		20
Maximum Score:		15.629315
Subtask Cost:		0.011400
Number of Sensors:	1
Number of Subtasks:	1

Location:			[43.892183, 6.442587, 0.000000]
Sensor List:		[IR]
Subtask List:		[IR_{}]

Time Constraints:
Start Time:		0.000000
End Time:		Infinity
Task Duration:	0.000000
Corr Time:		8.000000
Lambda:			0.015000
Dependency Matrix:
   [0]

Time Constraint Matrix:
   [Infinity]


**********************************
Task Number:		21
Maximum Score:		16.245077
Subtask Cost:		0.011400
Number of Sensors:	1
Number of Subtasks:	1

Location:			[42.328301, 1.410140, 0.000000]
Sensor List:		[IR]
Subtask List:		[IR_{}]

Time Constraints:
Start Time:		0.000000
End Time:		Infinity
Task Duration:	0.000000
Corr Time:		8.000000
Lambda:			0.015000
Dependency Matrix:
   [0]

Time Constraint Matrix:
   [Infinity]


**********************************
Task Number:		22
Maximum Score:		7.861476
Subtask Cost:		0.011400
Number of Sensors:	1
Number of Subtasks:	1

Location:			[6.652800, 39.485159, 0.000000]
Sensor List:		[IR]
Subtask List:		[IR_{}]

Time Constraints:
Start Time:		0.000000
End Time:		Infinity
Task Duration:	0.000000
Corr Time:		8.000000
Lambda:			0.015000
Dependency Matrix:
   [0]

Time Constraint Matrix:
   [Infinity]


**********************************
Task Number:		23
Maximum Score:		13.773963
Subtask Cost:		0.011400
Number of Sensors:	1
Number of Subtasks:	1

Location:			[4.934562, 42.191622, 0.000000]
Sensor List:		[MW]
Subtask List:		[MW_{}]

Time Constraints:
Start Time:		0.000000
End Time:		Infinity
Task Duration:	0.000000
Corr Time:		8.000000
Lambda:			0.015000
Dependency Matrix:
   [0]

Time Constraint Matrix:
   [Infinity]


**********************************
Task Number:		24
Maximum Score:		8.837252
Subtask Cost:		0.011400
Number of Sensors:	1
Number of Subtasks:	1

Location:			[27.620367, 19.154496, 0.000000]
Sensor List:		[MW]
Subtask List:		[MW_{}]

Time Constraints:
Start Time:		0.000000
End Time:		Infinity
Task Duration:	0.000000
Corr Time:		8.000000
Lambda:			0.015000
Dependency Matrix:
   [0]

Time Constraint Matrix:
   [Infinity]


**********************************
Task Number:		25
Maximum Score:		28.899719
Subtask Cost:		0.011400
Number of Sensors:	1
Number of Subtasks:	1

Location:			[42.995740, 6.226161, 0.000000]
Sensor List:		[MW]
Subtask List:		[MW_{}]

Time Constraints:
Start Time:		0.000000
End Time:		Infinity
Task Duration:	0.000000
Corr Time:		8.000000
Lambda:			0.015000
Dependency Matrix:
   [0]

Time Constraint Matrix:
   [Infinity]


**********************************
Task Number:		26
Maximum Score:		1.888877
Subtask Cost:		0.011400
Number of Sensors:	1
Number of Subtasks:	1

Location:			[0.909752, 3.497892, 0.000000]
Sensor List:		[MW]
Subtask List:		[MW_{}]

Time Constraints:
Start Time:		0.000000
End Time:		Infinity
Task Duration:	0.000000
Corr Time:		8.000000
Lambda:			0.015000
Dependency Matrix:
   [0]

Time Constraint Matrix:
   [Infinity]


**********************************
Task Number:		27
Maximum Score:		3.362770
Subtask Cost:		0.011400
Number of Sensors:	1
Number of Subtasks:	1

Location:			[3.274699, 33.287915, 0.000000]
Sensor List:		[MW]
Subtask List:		[MW_{}]

Time Constraints:
Start Time:		0.000000
End Time:		Infinity
Task Duration:	0.000000
Corr Time:		8.000000
Lambda:			0.015000
Dependency Matrix:
   [0]

Time Constraint Matrix:
   [Infinity]


**********************************
Task Number:		28
Maximum Score:		26.867599
Subtask Cost:		0.011400
Number of Sensors:	1
Number of Subtasks:	1

Location:			[40.457396, 44.841258, 0.000000]
Sensor List:		[MW]
Subtask List:		[MW_{}]

Time Constraints:
Start Time:		0.000000
End Time:		Infinity
Task Duration:	0.000000
Corr Time:		8.000000
Lambda:			0.015000
Dependency Matrix:
   [0]

Time Constraint Matrix:
   [Infinity]


**********************************
Task Number:		29
Maximum Score:		0.551942
Subtask Cost:		0.011400
Number of Sensors:	1
Number of Subtasks:	1

Location:			[23.501978, 40.948939, 0.000000]
Sensor List:		[MW]
Subtask List:		[MW_{}]

Time Constraints:
Start Time:		0.000000
End Time:		Infinity
Task Duration:	0.000000
Corr Time:		8.000000
Lambda:			0.015000
Dependency Matrix:
   [0]

Time Constraint Matrix:
   [Infinity]

