TASK1:
Spatial Resolution Satisfaction:		7.279053021728029E-7
Signal-to-Noise Ratio Satisfaction:	0.5
Temporal Resolution Satisfaction:		0.0
Number of Measurements:	1
		TASK1_L_{}		{2020-01-04T18:50:36.000}	Spacecraft-1
---------------------------------------------------------------------------------
TASK2:
Spatial Resolution Satisfaction:		2.1840340802565167E-4
Signal-to-Noise Ratio Satisfaction:	0.5
Temporal Resolution Satisfaction:		0.9814883480994746
Number of Measurements:	3
		TASK2_L_{}		{2020-01-05T11:17:36.000}	Spacecraft-1
		TASK2_L_{}		{2020-01-06T00:47:16.000}	Spacecraft-1
		TASK2_L_{}		{2020-01-06T10:16:44.000}	Spacecraft-1
---------------------------------------------------------------------------------
TASK3:
Spatial Resolution Satisfaction:		4.948190486450056E-4
Signal-to-Noise Ratio Satisfaction:	0.5
Temporal Resolution Satisfaction:		0.9507629142921754
Number of Measurements:	5
		TASK3_L_{}		{2020-01-02T18:08:39.000}	Spacecraft-1
		TASK3_L_{}		{2020-01-03T18:45:00.000}	Spacecraft-1
		TASK3_L_{}		{2020-01-04T05:39:14.000}	Spacecraft-1
		TASK3_L_{}		{2020-01-05T06:15:36.000}	Spacecraft-1
		TASK3_L_{}		{2020-01-07T17:56:05.000}	Spacecraft-1
---------------------------------------------------------------------------------
TASK4:
Spatial Resolution Satisfaction:		1.3152082124007812E-11
Signal-to-Noise Ratio Satisfaction:	0.5
Temporal Resolution Satisfaction:		0.9814891767521952
Number of Measurements:	3
		TASK4_L_{}		{2020-01-05T21:31:04.000}	Spacecraft-1
		TASK4_L_{}		{2020-01-06T08:37:06.000}	Spacecraft-1
		TASK4_L_{}		{2020-01-06T20:30:06.000}	Spacecraft-1
---------------------------------------------------------------------------------
TASK5:
Spatial Resolution Satisfaction:		4.207036185456021E-6
Signal-to-Noise Ratio Satisfaction:	0.5
Temporal Resolution Satisfaction:		0.0
Number of Measurements:	1
		TASK5_L_{}		{2020-01-07T07:25:31.000}	Spacecraft-1
---------------------------------------------------------------------------------
TASK6:
Spatial Resolution Satisfaction:		2.701569905018212E-5
Signal-to-Noise Ratio Satisfaction:	0.5
Temporal Resolution Satisfaction:		0.9814876575277384
Number of Measurements:	3
		TASK6_L_{}		{2020-01-03T19:46:09.000}	Spacecraft-1
		TASK6_L_{}		{2020-01-04T07:54:27.000}	Spacecraft-1
		TASK6_L_{}		{2020-01-04T18:45:22.000}	Spacecraft-1
---------------------------------------------------------------------------------
TASK7:
Spatial Resolution Satisfaction:		0.0
Signal-to-Noise Ratio Satisfaction:	0.0
Temporal Resolution Satisfaction:		0.0
Number of Measurements:	0
---------------------------------------------------------------------------------
TASK8:
Spatial Resolution Satisfaction:		0.0
Signal-to-Noise Ratio Satisfaction:	0.0
Temporal Resolution Satisfaction:		0.0
Number of Measurements:	0
---------------------------------------------------------------------------------
TASK9:
Spatial Resolution Satisfaction:		0.0
Signal-to-Noise Ratio Satisfaction:	0.0
Temporal Resolution Satisfaction:		0.0
Number of Measurements:	0
---------------------------------------------------------------------------------
TASK10:
Spatial Resolution Satisfaction:		0.0
Signal-to-Noise Ratio Satisfaction:	0.0
Temporal Resolution Satisfaction:		0.0
Number of Measurements:	0
---------------------------------------------------------------------------------
TASK11:
Spatial Resolution Satisfaction:		0.0
Signal-to-Noise Ratio Satisfaction:	0.0
Temporal Resolution Satisfaction:		0.0
Number of Measurements:	0
---------------------------------------------------------------------------------
TASK12:
Spatial Resolution Satisfaction:		5.374965043367589E-10
Signal-to-Noise Ratio Satisfaction:	0.5
Temporal Resolution Satisfaction:		0.981487933759466
Number of Measurements:	3
		TASK12_L_{}		{2020-01-06T17:14:49.000}	Spacecraft-1
		TASK12_L_{}		{2020-01-07T04:16:08.000}	Spacecraft-1
		TASK12_L_{}		{2020-01-07T16:14:00.000}	Spacecraft-1
---------------------------------------------------------------------------------
TASK13:
Spatial Resolution Satisfaction:		0.0
Signal-to-Noise Ratio Satisfaction:	0.0
Temporal Resolution Satisfaction:		0.0
Number of Measurements:	0
---------------------------------------------------------------------------------
TASK14:
Spatial Resolution Satisfaction:		0.0
Signal-to-Noise Ratio Satisfaction:	0.0
Temporal Resolution Satisfaction:		0.0
Number of Measurements:	0
---------------------------------------------------------------------------------
TASK15:
Spatial Resolution Satisfaction:		5.895412841248471E-4
Signal-to-Noise Ratio Satisfaction:	0.5
Temporal Resolution Satisfaction:		0.0
Number of Measurements:	1
		TASK15_L_{}		{2020-01-07T04:06:38.000}	Spacecraft-1
---------------------------------------------------------------------------------
TASK16:
Spatial Resolution Satisfaction:		0.0
Signal-to-Noise Ratio Satisfaction:	0.0
Temporal Resolution Satisfaction:		0.0
Number of Measurements:	0
---------------------------------------------------------------------------------
TASK17:
Spatial Resolution Satisfaction:		0.0
Signal-to-Noise Ratio Satisfaction:	0.0
Temporal Resolution Satisfaction:		0.0
Number of Measurements:	0
---------------------------------------------------------------------------------
TASK18:
Spatial Resolution Satisfaction:		0.0
Signal-to-Noise Ratio Satisfaction:	0.0
Temporal Resolution Satisfaction:		0.0
Number of Measurements:	0
---------------------------------------------------------------------------------
TASK19:
Spatial Resolution Satisfaction:		5.491153733644635E-9
Signal-to-Noise Ratio Satisfaction:	0.5
Temporal Resolution Satisfaction:		0.0
Number of Measurements:	1
		TASK19_L_{}		{2020-01-07T23:02:53.000}	Spacecraft-1
---------------------------------------------------------------------------------
TASK20:
Spatial Resolution Satisfaction:		0.0
Signal-to-Noise Ratio Satisfaction:	0.0
Temporal Resolution Satisfaction:		0.0
Number of Measurements:	0
---------------------------------------------------------------------------------
TASK21:
Spatial Resolution Satisfaction:		0.0
Signal-to-Noise Ratio Satisfaction:	0.0
Temporal Resolution Satisfaction:		0.0
Number of Measurements:	0
---------------------------------------------------------------------------------
TASK22:
Spatial Resolution Satisfaction:		1.7533068109886786E-7
Signal-to-Noise Ratio Satisfaction:	0.5
Temporal Resolution Satisfaction:		0.0
Number of Measurements:	1
		TASK22_L_{}		{2020-01-07T21:20:07.000}	Spacecraft-1
---------------------------------------------------------------------------------
TASK23:
Spatial Resolution Satisfaction:		0.0
Signal-to-Noise Ratio Satisfaction:	0.0
Temporal Resolution Satisfaction:		0.0
Number of Measurements:	0
---------------------------------------------------------------------------------
TASK24:
Spatial Resolution Satisfaction:		0.0
Signal-to-Noise Ratio Satisfaction:	0.0
Temporal Resolution Satisfaction:		0.0
Number of Measurements:	0
---------------------------------------------------------------------------------
TASK25:
Spatial Resolution Satisfaction:		0.0
Signal-to-Noise Ratio Satisfaction:	0.0
Temporal Resolution Satisfaction:		0.0
Number of Measurements:	0
---------------------------------------------------------------------------------
TASK26:
Spatial Resolution Satisfaction:		0.0
Signal-to-Noise Ratio Satisfaction:	0.0
Temporal Resolution Satisfaction:		0.0
Number of Measurements:	0
---------------------------------------------------------------------------------
TASK27:
Spatial Resolution Satisfaction:		0.0
Signal-to-Noise Ratio Satisfaction:	0.0
Temporal Resolution Satisfaction:		0.0
Number of Measurements:	0
---------------------------------------------------------------------------------
TASK28:
Spatial Resolution Satisfaction:		0.0
Signal-to-Noise Ratio Satisfaction:	0.0
Temporal Resolution Satisfaction:		0.0
Number of Measurements:	0
---------------------------------------------------------------------------------
TASK29:
Spatial Resolution Satisfaction:		0.0
Signal-to-Noise Ratio Satisfaction:	0.0
Temporal Resolution Satisfaction:		0.0
Number of Measurements:	0
---------------------------------------------------------------------------------
TASK30:
Spatial Resolution Satisfaction:		0.0
Signal-to-Noise Ratio Satisfaction:	0.0
Temporal Resolution Satisfaction:		0.0
Number of Measurements:	0
---------------------------------------------------------------------------------
