0	|	1.887457	1.887457	1.887457	1.887457	|	29.937722	29.937722	29.937722	29.937722	|	2	2	2	2	|	1.566575	1.566575	1.566575	1.566575	|	0	0	0	0	
1	|	0.000000	0.000000	0.000000	0.000000	|	0.000000	0.000000	0.000000	0.000000	|	-	-	-	-	|	0.000000	0.000000	0.000000	0.000000	|	0	0	0	0	
2	|	0.000000	0.000000	0.000000	0.000000	|	0.000000	0.000000	0.000000	0.000000	|	-	-	-	-	|	0.000000	0.000000	0.000000	0.000000	|	0	0	0	0	
3	|	0.000000	0.000000	0.000000	0.000000	|	0.000000	0.000000	0.000000	0.000000	|	-	-	-	-	|	0.000000	0.000000	0.000000	0.000000	|	0	0	0	0	
4	|	0.000000	0.000000	0.000000	0.000000	|	0.000000	0.000000	0.000000	0.000000	|	-	-	-	-	|	0.000000	0.000000	0.000000	0.000000	|	0	0	0	0	
5	|	0.000000	0.000000	0.000000	0.000000	|	0.000000	0.000000	0.000000	0.000000	|	-	-	-	-	|	0.000000	0.000000	0.000000	0.000000	|	0	0	0	0	
6	|	0.000000	0.000000	0.000000	0.000000	|	0.000000	0.000000	0.000000	0.000000	|	-	-	-	-	|	0.000000	0.000000	0.000000	0.000000	|	0	0	0	0	
7	|	0.000000	0.000000	0.000000	0.000000	|	0.000000	0.000000	0.000000	0.000000	|	-	-	-	-	|	0.000000	0.000000	0.000000	0.000000	|	0	0	0	0	
8	|	0.000000	0.000000	0.000000	0.000000	|	0.000000	0.000000	0.000000	0.000000	|	-	-	-	-	|	0.000000	0.000000	0.000000	0.000000	|	0	0	0	0	
9	|	0.000000	0.000000	0.000000	0.000000	|	0.000000	0.000000	0.000000	0.000000	|	-	-	-	-	|	0.000000	0.000000	0.000000	0.000000	|	0	0	0	0	
10	|	3.330043	3.330043	3.330043	3.330043	|	49.860458	49.860458	49.860458	49.860458	|	1	1	1	1	|	5.709584	5.709584	5.709584	5.709584	|	0	0	0	0	
11	|	0.000000	0.000000	0.000000	0.000000	|	0.000000	0.000000	0.000000	0.000000	|	-	-	-	-	|	0.000000	0.000000	0.000000	0.000000	|	0	0	0	0	
12	|	0.000000	0.000000	0.000000	0.000000	|	0.000000	0.000000	0.000000	0.000000	|	-	-	-	-	|	0.000000	0.000000	0.000000	0.000000	|	0	0	0	0	
13	|	0.000000	0.000000	0.000000	0.000000	|	0.000000	0.000000	0.000000	0.000000	|	-	-	-	-	|	0.000000	0.000000	0.000000	0.000000	|	0	0	0	0	
14	|	5.968629	5.968629	5.968629	5.968629	|	62.758592	62.758592	62.758592	62.758592	|	1	1	1	1	|	4.005628	4.005628	4.005628	4.005628	|	0	0	0	0	
15	|	0.000000	0.000000	0.000000	0.000000	|	0.000000	0.000000	0.000000	0.000000	|	-	-	-	-	|	0.000000	0.000000	0.000000	0.000000	|	0	0	0	0	
16	|	0.889499	0.889499	0.889499	0.889499	|	36.162434	36.162434	36.162434	36.162434	|	2	2	2	2	|	1.157934	1.157934	1.157934	1.157934	|	0	0	0	0	
17	|	0.000000	0.000000	0.000000	0.000000	|	0.000000	0.000000	0.000000	0.000000	|	-	-	-	-	|	0.000000	0.000000	0.000000	0.000000	|	0	0	0	0	
18	|	0.000000	0.000000	0.000000	0.000000	|	0.000000	0.000000	0.000000	0.000000	|	-	-	-	-	|	0.000000	0.000000	0.000000	0.000000	|	0	0	0	0	
19	|	0.000000	0.000000	0.000000	0.000000	|	0.000000	0.000000	0.000000	0.000000	|	-	-	-	-	|	0.000000	0.000000	0.000000	0.000000	|	0	0	0	0	
20	|	0.000000	0.000000	0.000000	0.000000	|	0.000000	0.000000	0.000000	0.000000	|	-	-	-	-	|	0.000000	0.000000	0.000000	0.000000	|	0	0	0	0	
21	|	0.000000	0.000000	0.000000	0.000000	|	0.000000	0.000000	0.000000	0.000000	|	-	-	-	-	|	0.000000	0.000000	0.000000	0.000000	|	0	0	0	0	
22	|	0.000000	0.000000	0.000000	0.000000	|	0.000000	0.000000	0.000000	0.000000	|	-	-	-	-	|	0.000000	0.000000	0.000000	0.000000	|	0	0	0	0	
23	|	0.000000	0.000000	0.000000	0.000000	|	0.000000	0.000000	0.000000	0.000000	|	-	-	-	-	|	0.000000	0.000000	0.000000	0.000000	|	0	0	0	0	
24	|	0.000000	0.000000	0.000000	0.000000	|	0.000000	0.000000	0.000000	0.000000	|	-	-	-	-	|	0.000000	0.000000	0.000000	0.000000	|	0	0	0	0	
25	|	0.000000	0.000000	0.000000	0.000000	|	0.000000	0.000000	0.000000	0.000000	|	-	-	-	-	|	0.000000	0.000000	0.000000	0.000000	|	0	0	0	0	
26	|	0.000000	0.000000	0.000000	0.000000	|	0.000000	0.000000	0.000000	0.000000	|	-	-	-	-	|	0.000000	0.000000	0.000000	0.000000	|	0	0	0	0	
27	|	0.000000	0.000000	0.000000	0.000000	|	0.000000	0.000000	0.000000	0.000000	|	-	-	-	-	|	0.000000	0.000000	0.000000	0.000000	|	0	0	0	0	
28	|	0.000000	0.000000	0.000000	0.000000	|	0.000000	0.000000	0.000000	0.000000	|	-	-	-	-	|	0.000000	0.000000	0.000000	0.000000	|	0	0	0	0	
29	|	0.000000	0.000000	0.000000	0.000000	|	0.000000	0.000000	0.000000	0.000000	|	-	-	-	-	|	0.000000	0.000000	0.000000	0.000000	|	0	0	0	0	
30	|	3.540736	3.540736	3.540736	3.540736	|	57.731175	57.731175	57.731175	57.731175	|	1	1	1	1	|	5.626309	5.626309	5.626309	5.626309	|	0	0	0	0	
31	|	0.000000	0.000000	0.000000	0.000000	|	0.000000	0.000000	0.000000	0.000000	|	-	-	-	-	|	0.000000	0.000000	0.000000	0.000000	|	0	0	0	0	
32	|	0.000000	0.000000	0.000000	0.000000	|	0.000000	0.000000	0.000000	0.000000	|	-	-	-	-	|	0.000000	0.000000	0.000000	0.000000	|	0	0	0	0	
33	|	0.000000	0.000000	0.000000	0.000000	|	0.000000	0.000000	0.000000	0.000000	|	-	-	-	-	|	0.000000	0.000000	0.000000	0.000000	|	0	0	0	0	
34	|	0.000000	0.000000	0.000000	0.000000	|	0.000000	0.000000	0.000000	0.000000	|	-	-	-	-	|	0.000000	0.000000	0.000000	0.000000	|	0	0	0	0	
35	|	0.000000	0.000000	0.000000	0.000000	|	0.000000	0.000000	0.000000	0.000000	|	-	-	-	-	|	0.000000	0.000000	0.000000	0.000000	|	0	0	0	0	
36	|	0.000000	0.000000	0.000000	0.000000	|	0.000000	0.000000	0.000000	0.000000	|	-	-	-	-	|	0.000000	0.000000	0.000000	0.000000	|	0	0	0	0	
37	|	0.000000	0.000000	0.000000	0.000000	|	0.000000	0.000000	0.000000	0.000000	|	-	-	-	-	|	0.000000	0.000000	0.000000	0.000000	|	0	0	0	0	
38	|	0.491209	0.491209	0.491209	0.491209	|	43.629335	43.629335	43.629335	43.629335	|	4	4	4	4	|	10.892320	10.892320	10.892320	10.892320	|	0	0	0	0	
39	|	0.000000	0.000000	0.000000	0.000000	|	0.000000	0.000000	0.000000	0.000000	|	-	-	-	-	|	0.000000	0.000000	0.000000	0.000000	|	0	0	0	0	
40	|	0.000000	0.000000	0.000000	0.000000	|	0.000000	0.000000	0.000000	0.000000	|	-	-	-	-	|	0.000000	0.000000	0.000000	0.000000	|	0	0	0	0	
41	|	0.000000	0.000000	0.000000	0.000000	|	0.000000	0.000000	0.000000	0.000000	|	-	-	-	-	|	0.000000	0.000000	0.000000	0.000000	|	0	0	0	0	
42	|	0.000000	0.000000	0.000000	0.000000	|	0.000000	0.000000	0.000000	0.000000	|	-	-	-	-	|	0.000000	0.000000	0.000000	0.000000	|	0	0	0	0	
43	|	0.000000	0.000000	0.000000	0.000000	|	0.000000	0.000000	0.000000	0.000000	|	-	-	-	-	|	0.000000	0.000000	0.000000	0.000000	|	0	0	0	0	
44	|	0.628921	0.628921	0.628921	0.628921	|	51.625655	51.625655	51.625655	51.625655	|	2	2	2	2	|	3.458550	3.458550	3.458550	3.458550	|	0	0	0	0	
45	|	0.000000	0.000000	0.000000	0.000000	|	0.000000	0.000000	0.000000	0.000000	|	-	-	-	-	|	0.000000	0.000000	0.000000	0.000000	|	0	0	0	0	
46	|	0.000000	0.000000	0.000000	0.000000	|	0.000000	0.000000	0.000000	0.000000	|	-	-	-	-	|	0.000000	0.000000	0.000000	0.000000	|	0	0	0	0	
47	|	0.000000	0.000000	0.000000	0.000000	|	0.000000	0.000000	0.000000	0.000000	|	-	-	-	-	|	0.000000	0.000000	0.000000	0.000000	|	0	0	0	0	
48	|	2.310776	2.310776	2.310776	2.310776	|	34.071528	34.071528	34.071528	34.071528	|	2	2	2	2	|	1.508994	1.508994	1.508994	1.508994	|	0	0	0	0	
49	|	0.000000	0.000000	0.000000	0.000000	|	0.000000	0.000000	0.000000	0.000000	|	-	-	-	-	|	0.000000	0.000000	0.000000	0.000000	|	0	0	0	0	
50	|	0.000000	0.000000	0.000000	0.000000	|	0.000000	0.000000	0.000000	0.000000	|	-	-	-	-	|	0.000000	0.000000	0.000000	0.000000	|	0	0	0	0	
51	|	0.000000	0.000000	0.000000	0.000000	|	0.000000	0.000000	0.000000	0.000000	|	-	-	-	-	|	0.000000	0.000000	0.000000	0.000000	|	0	0	0	0	
52	|	0.000000	0.000000	0.000000	0.000000	|	0.000000	0.000000	0.000000	0.000000	|	-	-	-	-	|	0.000000	0.000000	0.000000	0.000000	|	0	0	0	0	
53	|	22.665796	22.665796	22.665796	22.665796	|	8.222665	8.222665	8.222665	8.222665	|	3	3	3	3	|	4.506357	4.506357	4.506357	4.506357	|	0	0	0	0	
54	|	0.000000	0.000000	0.000000	0.000000	|	0.000000	0.000000	0.000000	0.000000	|	-	-	-	-	|	0.000000	0.000000	0.000000	0.000000	|	0	0	0	0	
55	|	33.527642	33.527642	33.527642	33.527642	|	9.303057	9.303057	9.303057	9.303057	|	4	4	4	4	|	1.589785	1.589785	1.589785	1.589785	|	0	0	0	0	
56	|	0.000000	0.000000	0.000000	0.000000	|	0.000000	0.000000	0.000000	0.000000	|	-	-	-	-	|	0.000000	0.000000	0.000000	0.000000	|	0	0	0	0	
57	|	0.000000	0.000000	0.000000	0.000000	|	0.000000	0.000000	0.000000	0.000000	|	-	-	-	-	|	0.000000	0.000000	0.000000	0.000000	|	0	0	0	0	
58	|	0.000000	0.000000	0.000000	0.000000	|	0.000000	0.000000	0.000000	0.000000	|	-	-	-	-	|	0.000000	0.000000	0.000000	0.000000	|	0	0	0	0	
59	|	0.000000	0.000000	0.000000	0.000000	|	0.000000	0.000000	0.000000	0.000000	|	-	-	-	-	|	0.000000	0.000000	0.000000	0.000000	|	0	0	0	0	
60	|	10.043247	10.043247	10.043247	10.043247	|	57.529290	57.529290	57.529290	57.529290	|	3	3	3	3	|	9.256947	9.256947	9.256947	9.256947	|	0	0	0	0	
61	|	0.000000	0.000000	0.000000	0.000000	|	0.000000	0.000000	0.000000	0.000000	|	-	-	-	-	|	0.000000	0.000000	0.000000	0.000000	|	0	0	0	0	
62	|	13.792740	13.792740	13.792740	13.792740	|	43.450697	43.450697	43.450697	43.450697	|	2	2	2	2	|	22.766144	22.766144	22.766144	22.766144	|	0	0	0	0	
63	|	4.240584	4.240584	4.240584	4.240584	|	23.359549	23.359549	23.359549	23.359549	|	2	2	2	2	|	2.667674	2.667674	2.667674	2.667674	|	0	0	0	0	
64	|	1.138071	1.138071	1.138071	1.138071	|	57.597959	57.597959	57.597959	57.597959	|	3	3	3	3	|	4.545498	4.545498	4.545498	4.545498	|	0	0	0	0	
65	|	33.366726	33.366726	33.366726	33.366726	|	5.510094	5.510094	5.510094	5.510094	|	2	2	2	2	|	4.280753	4.280753	4.280753	4.280753	|	0	0	0	0	
66	|	43.627488	43.627488	43.627488	43.627488	|	26.837298	26.837298	26.837298	26.837298	|	3	3	3	3	|	16.437260	16.437260	16.437260	16.437260	|	0	0	0	0	
67	|	42.448307	42.448307	42.448307	42.448307	|	37.383142	37.383142	37.383142	37.383142	|	3	3	3	3	|	7.151131	7.151131	7.151131	7.151131	|	0	0	0	0	
68	|	46.764574	46.764574	46.764574	46.764574	|	28.410505	28.410505	28.410505	28.410505	|	1	1	1	1	|	10.901404	10.901404	10.901404	10.901404	|	0	0	0	0	
69	|	6.195037	6.195037	6.195037	6.195037	|	75.123637	75.123637	75.123637	75.123637	|	4	4	4	4	|	8.392074	8.392074	8.392074	8.392074	|	0	0	0	0	
70	|	5.585019	5.585019	5.585019	5.585019	|	63.189797	63.189797	63.189797	63.189797	|	4	4	4	4	|	12.289464	12.289464	12.289464	12.289464	|	0	0	0	0	
71	|	23.080190	23.080190	23.080190	23.080190	|	41.843643	41.843643	41.843643	41.843643	|	1	1	1	1	|	4.208115	4.208115	4.208115	4.208115	|	0	0	0	0	
72	|	42.423934	42.423934	42.423934	42.423934	|	25.730904	25.730904	25.730904	25.730904	|	4	4	4	4	|	15.806615	15.806615	15.806615	15.806615	|	0	0	0	0	
73	|	49.450608	49.450608	49.450608	49.450608	|	11.285236	11.285236	11.285236	11.285236	|	1	1	1	1	|	7.572584	7.572584	7.572584	7.572584	|	0	0	0	0	
74	|	51.652565	51.652565	51.652565	51.652565	|	36.460985	36.460985	36.460985	36.460985	|	1	1	1	1	|	5.728773	5.728773	5.728773	5.728773	|	0	0	0	0	
