0	|	0.000000	0.000000	0.000000	0.000000	|	0.000000	0.000000	0.000000	0.000000	|	-	-	-	-	|	0	0	0	0	
1	|	12.627161	12.627161	12.627161	12.627161	|	64.199188	64.199188	64.199188	64.199188	|	4	4	4	4	|	0	0	0	0	
2	|	0.000000	0.000000	0.000000	0.000000	|	0.000000	0.000000	0.000000	0.000000	|	-	-	-	-	|	0	0	0	0	
3	|	12.627161	12.627161	12.627161	12.627161	|	64.199188	64.199188	64.199188	64.199188	|	3	3	3	3	|	0	0	0	0	
4	|	0.000000	0.000000	0.000000	0.000000	|	0.000000	0.000000	0.000000	0.000000	|	-	-	-	-	|	0	0	0	0	
5	|	10.153491	10.153491	10.153491	10.153491	|	91.186289	91.186289	91.186289	91.186289	|	4	4	4	4	|	0	0	0	0	
6	|	0.000000	0.000000	0.000000	0.000000	|	0.000000	0.000000	0.000000	0.000000	|	-	-	-	-	|	0	0	0	0	
7	|	10.153491	10.153491	10.153491	10.153491	|	91.186289	91.186289	91.186289	91.186289	|	3	3	3	3	|	0	0	0	0	
8	|	14.521596	14.521596	14.521596	14.521596	|	1.000000	1.000000	1.000000	1.000000	|	4	4	4	4	|	0	0	0	0	
9	|	0.000000	0.000000	0.000000	0.000000	|	0.000000	0.000000	0.000000	0.000000	|	-	-	-	-	|	0	0	0	0	
10	|	0.000000	0.000000	0.000000	0.000000	|	0.000000	0.000000	0.000000	0.000000	|	-	-	-	-	|	0	0	0	0	
11	|	0.000000	0.000000	0.000000	0.000000	|	0.000000	0.000000	0.000000	0.000000	|	-	-	-	-	|	0	0	0	0	
12	|	0.000000	0.000000	0.000000	0.000000	|	0.000000	0.000000	0.000000	0.000000	|	-	-	-	-	|	0	0	0	0	
13	|	0.000000	0.000000	0.000000	0.000000	|	0.000000	0.000000	0.000000	0.000000	|	-	-	-	-	|	0	0	0	0	
14	|	0.000000	0.000000	0.000000	0.000000	|	0.000000	0.000000	0.000000	0.000000	|	-	-	-	-	|	0	0	0	0	
15	|	0.000000	0.000000	0.000000	0.000000	|	0.000000	0.000000	0.000000	0.000000	|	-	-	-	-	|	0	0	0	0	
16	|	0.000000	0.000000	0.000000	0.000000	|	0.000000	0.000000	0.000000	0.000000	|	-	-	-	-	|	0	0	0	0	
17	|	5.016018	5.016018	5.016018	5.016018	|	58.904459	58.904459	58.904459	58.904459	|	1	1	1	1	|	0	0	0	0	
18	|	0.000000	0.000000	0.000000	0.000000	|	0.000000	0.000000	0.000000	0.000000	|	-	-	-	-	|	0	0	0	0	
19	|	5.016018	5.016018	5.016018	5.016018	|	58.904459	58.904459	58.904459	58.904459	|	2	2	2	2	|	0	0	0	0	
20	|	0.000000	0.000000	0.000000	0.000000	|	0.000000	0.000000	0.000000	0.000000	|	-	-	-	-	|	0	0	0	0	
21	|	15.186442	15.186442	15.186442	15.186442	|	30.601717	30.601717	30.601717	30.601717	|	1	1	1	1	|	0	0	0	0	
22	|	0.000000	0.000000	0.000000	0.000000	|	0.000000	0.000000	0.000000	0.000000	|	-	-	-	-	|	0	0	0	0	
23	|	15.186442	15.186442	15.186442	15.186442	|	30.601717	30.601717	30.601717	30.601717	|	2	2	2	2	|	0	0	0	0	
24	|	0.000000	0.000000	0.000000	0.000000	|	0.000000	0.000000	0.000000	0.000000	|	-	-	-	-	|	0	0	0	0	
25	|	11.710356	11.710356	11.710356	11.710356	|	35.402427	35.402427	35.402427	35.402427	|	4	4	4	4	|	0	0	0	0	
26	|	0.000000	0.000000	0.000000	0.000000	|	0.000000	0.000000	0.000000	0.000000	|	-	-	-	-	|	0	0	0	0	
27	|	11.710356	11.710356	11.710356	11.710356	|	35.402427	35.402427	35.402427	35.402427	|	3	3	3	3	|	0	0	0	0	
28	|	0.000000	0.000000	0.000000	0.000000	|	0.000000	0.000000	0.000000	0.000000	|	-	-	-	-	|	0	0	0	0	
29	|	2.764513	2.764513	2.764513	2.764513	|	57.874632	57.874632	57.874632	57.874632	|	4	4	4	4	|	0	0	0	0	
30	|	0.000000	0.000000	0.000000	0.000000	|	0.000000	0.000000	0.000000	0.000000	|	-	-	-	-	|	0	0	0	0	
31	|	2.764513	2.764513	2.764513	2.764513	|	57.874632	57.874632	57.874632	57.874632	|	3	3	3	3	|	0	0	0	0	
32	|	0.000000	0.000000	0.000000	0.000000	|	0.000000	0.000000	0.000000	0.000000	|	-	-	-	-	|	0	0	0	0	
33	|	24.410138	24.410138	24.410138	24.410138	|	20.390614	20.390614	20.390614	20.390614	|	1	1	1	1	|	0	0	0	0	
34	|	0.000000	0.000000	0.000000	0.000000	|	0.000000	0.000000	0.000000	0.000000	|	-	-	-	-	|	0	0	0	0	
35	|	24.410138	24.410138	24.410138	24.410138	|	20.390614	20.390614	20.390614	20.390614	|	2	2	2	2	|	0	0	0	0	
36	|	0.000000	0.000000	0.000000	0.000000	|	0.000000	0.000000	0.000000	0.000000	|	-	-	-	-	|	0	0	0	0	
37	|	18.980528	18.980528	18.980528	18.980528	|	23.390614	23.390614	23.390614	23.390614	|	1	1	1	1	|	0	0	0	0	
38	|	0.000000	0.000000	0.000000	0.000000	|	0.000000	0.000000	0.000000	0.000000	|	-	-	-	-	|	0	0	0	0	
39	|	18.980528	18.980528	18.980528	18.980528	|	23.390614	23.390614	23.390614	23.390614	|	2	2	2	2	|	0	0	0	0	
40	|	0.000000	0.000000	0.000000	0.000000	|	0.000000	0.000000	0.000000	0.000000	|	-	-	-	-	|	0	0	0	0	
41	|	29.488553	29.488553	29.488553	29.488553	|	11.788289	11.788289	11.788289	11.788289	|	1	1	1	1	|	0	0	0	0	
42	|	0.000000	0.000000	0.000000	0.000000	|	0.000000	0.000000	0.000000	0.000000	|	-	-	-	-	|	0	0	0	0	
43	|	29.488553	29.488553	29.488553	29.488553	|	11.788289	11.788289	11.788289	11.788289	|	2	2	2	2	|	0	0	0	0	
44	|	0.000000	0.000000	0.000000	0.000000	|	0.000000	0.000000	0.000000	0.000000	|	-	-	-	-	|	0	0	0	0	
45	|	10.252167	10.252167	10.252167	10.252167	|	94.348567	94.348567	94.348567	94.348567	|	4	4	4	4	|	0	0	0	0	
46	|	0.000000	0.000000	0.000000	0.000000	|	0.000000	0.000000	0.000000	0.000000	|	-	-	-	-	|	0	0	0	0	
47	|	10.252167	10.252167	10.252167	10.252167	|	94.348567	94.348567	94.348567	94.348567	|	3	3	3	3	|	0	0	0	0	
48	|	0.000000	0.000000	0.000000	0.000000	|	0.000000	0.000000	0.000000	0.000000	|	-	-	-	-	|	0	0	0	0	
49	|	0.000000	0.000000	0.000000	0.000000	|	0.000000	0.000000	0.000000	0.000000	|	-	-	-	-	|	0	0	0	0	
50	|	0.000000	0.000000	0.000000	0.000000	|	0.000000	0.000000	0.000000	0.000000	|	-	-	-	-	|	0	0	0	0	
51	|	0.000000	0.000000	0.000000	0.000000	|	0.000000	0.000000	0.000000	0.000000	|	-	-	-	-	|	0	0	0	0	
52	|	0.000000	0.000000	0.000000	0.000000	|	0.000000	0.000000	0.000000	0.000000	|	-	-	-	-	|	0	0	0	0	
53	|	22.979490	22.979490	22.979490	22.979490	|	21.260292	21.260292	21.260292	21.260292	|	4	4	4	4	|	0	0	0	0	
54	|	0.000000	0.000000	0.000000	0.000000	|	0.000000	0.000000	0.000000	0.000000	|	-	-	-	-	|	0	0	0	0	
55	|	28.644069	28.644069	28.644069	28.644069	|	21.260292	21.260292	21.260292	21.260292	|	3	3	3	3	|	0	0	0	0	
56	|	0.000000	0.000000	0.000000	0.000000	|	0.000000	0.000000	0.000000	0.000000	|	-	-	-	-	|	0	0	0	0	
57	|	9.756483	9.756483	9.756483	9.756483	|	72.801513	72.801513	72.801513	72.801513	|	4	4	4	4	|	0	0	0	0	
58	|	0.000000	0.000000	0.000000	0.000000	|	0.000000	0.000000	0.000000	0.000000	|	-	-	-	-	|	0	0	0	0	
59	|	9.756483	9.756483	9.756483	9.756483	|	72.801513	72.801513	72.801513	72.801513	|	3	3	3	3	|	0	0	0	0	
60	|	0.000000	0.000000	0.000000	0.000000	|	0.000000	0.000000	0.000000	0.000000	|	-	-	-	-	|	0	0	0	0	
61	|	2.419179	2.419179	2.419179	2.419179	|	89.772076	89.772076	89.772076	89.772076	|	4	4	4	4	|	0	0	0	0	
62	|	0.000000	0.000000	0.000000	0.000000	|	0.000000	0.000000	0.000000	0.000000	|	-	-	-	-	|	0	0	0	0	
63	|	2.419179	2.419179	2.419179	2.419179	|	89.772076	89.772076	89.772076	89.772076	|	3	3	3	3	|	0	0	0	0	
64	|	0.000000	0.000000	0.000000	0.000000	|	0.000000	0.000000	0.000000	0.000000	|	-	-	-	-	|	0	0	0	0	
65	|	0.000000	0.000000	0.000000	0.000000	|	0.000000	0.000000	0.000000	0.000000	|	-	-	-	-	|	0	0	0	0	
66	|	24.839162	24.839162	24.839162	24.839162	|	6.708204	6.708204	6.708204	6.708204	|	3	3	3	3	|	0	0	0	0	
67	|	0.000000	0.000000	0.000000	0.000000	|	0.000000	0.000000	0.000000	0.000000	|	-	-	-	-	|	0	0	0	0	
68	|	0.000000	0.000000	0.000000	0.000000	|	0.000000	0.000000	0.000000	0.000000	|	-	-	-	-	|	0	0	0	0	
69	|	13.632877	13.632877	13.632877	13.632877	|	45.866054	45.866054	45.866054	45.866054	|	1	1	1	1	|	0	0	0	0	
70	|	0.000000	0.000000	0.000000	0.000000	|	0.000000	0.000000	0.000000	0.000000	|	-	-	-	-	|	0	0	0	0	
71	|	13.632877	13.632877	13.632877	13.632877	|	45.866054	45.866054	45.866054	45.866054	|	2	2	2	2	|	0	0	0	0	
72	|	0.000000	0.000000	0.000000	0.000000	|	0.000000	0.000000	0.000000	0.000000	|	-	-	-	-	|	0	0	0	0	
73	|	4.908170	4.908170	4.908170	4.908170	|	69.904459	69.904459	69.904459	69.904459	|	1	1	1	1	|	0	0	0	0	
74	|	0.000000	0.000000	0.000000	0.000000	|	0.000000	0.000000	0.000000	0.000000	|	-	-	-	-	|	0	0	0	0	
75	|	4.908170	4.908170	4.908170	4.908170	|	69.904459	69.904459	69.904459	69.904459	|	2	2	2	2	|	0	0	0	0	
76	|	0.000000	0.000000	0.000000	0.000000	|	0.000000	0.000000	0.000000	0.000000	|	-	-	-	-	|	0	0	0	0	
77	|	40.422873	40.422873	40.422873	40.422873	|	6.403124	6.403124	6.403124	6.403124	|	1	1	1	1	|	0	0	0	0	
78	|	0.000000	0.000000	0.000000	0.000000	|	0.000000	0.000000	0.000000	0.000000	|	-	-	-	-	|	0	0	0	0	
79	|	41.654083	41.654083	41.654083	41.654083	|	6.403124	6.403124	6.403124	6.403124	|	2	2	2	2	|	0	0	0	0	
