__________________________________
          WINNING VECTORS         
__________________________________
Subtasks:			[IR_{}		IR_{MW}		MW_{}		MW_{IR}	|	IR_{}		IR_{MW}		MW_{}		MW_{IR}	|	IR_{}		IR_{MW}		MW_{}		MW_{IR}	|	IR_{}		IR_{MW}		MW_{}		MW_{IR}	|	IR_{}		IR_{MW}		MW_{}		MW_{IR}	|	IR_{}		IR_{MW}		MW_{}		MW_{IR}	|	IR_{}		IR_{MW}		MW_{}		MW_{IR}	|	IR_{}		IR_{MW}		MW_{}		MW_{IR}	|	IR_{}		IR_{MW}		MW_{}		MW_{IR}	|	IR_{}		IR_{MW}		MW_{}		MW_{IR}	|	IR_{}		IR_{MW}		MW_{}		MW_{IR}	|	IR_{}		IR_{MW}		MW_{}		MW_{IR}	|	IR_{}		IR_{MW}		MW_{}		MW_{IR}	|	IR_{}		IR_{MW}		MW_{}		MW_{IR}	|	IR_{}		IR_{MW}		MW_{}		MW_{IR}	|	IR_{}	|	IR_{}	|	IR_{}	|	IR_{}	|	IR_{}	|	IR_{}	|	IR_{}	|	IR_{}	|	MW_{}	|	MW_{}	|	MW_{}	|	MW_{}	|	MW_{}	|	MW_{}	|	MW_{}	]
Bids Score:			[0.000		0.000		0.000		0.000	|	0.000		0.000		0.000		0.000	|	0.000		0.000		0.000		0.000	|	0.000		11.094		0.000		5.583	|	0.000		0.000		0.000		0.000	|	0.000		0.000		0.000		0.000	|	11.388		0.000		0.000		0.000	|	0.000		0.000		0.000		0.000	|	0.000		0.000		0.000		0.000	|	7.830		0.000		0.000		0.000	|	0.000		0.000		0.000		0.000	|	0.000		2.565		0.000		7.252	|	0.000		0.000		0.000		0.000	|	0.000		0.000		0.000		0.000	|	0.000		0.000		0.000		0.000	|	32.789	|	18.158	|	0.000	|	2.561	|	0.000	|	6.400	|	17.033	|	39.912	|	72.205	|	0.000	|	61.105	|	53.358	|	37.630	|	0.000	|	18.087	]
Measurement Time:	[0.00		0.00		0.00		0.00	|	0.00		0.00		0.00		0.00	|	0.00		0.00		0.00		0.00	|	0.00		59.35		0.00		59.35	|	0.00		0.00		0.00		0.00	|	0.00		0.00		0.00		0.00	|	4.44		0.00		0.00		0.00	|	0.00		0.00		0.00		0.00	|	0.00		0.00		0.00		0.00	|	22.53		0.00		0.00		0.00	|	0.00		0.00		0.00		0.00	|	0.00		67.58		0.00		67.58	|	0.00		0.00		0.00		0.00	|	0.00		0.00		0.00		0.00	|	0.00		0.00		0.00		0.00	|	47.30	|	56.31	|	0.00	|	51.87	|	0.00	|	11.36	|	35.65	|	30.51	|	8.25	|	0.00	|	7.49	|	20.39	|	38.73	|	0.00	|	48.393	]
Iteration Assigned:	[0			0			0			0		|	0			0			0			0		|	0			0			0			0		|	0			3420		0			3420	|	0			0			0			0		|	0			0			0			0		|	504			0			0			0		|	0			0			0			0		|	0			0			0			0		|	956			0			0			0		|	0			0			0			0		|	0			3420		0			3420	|	0			0			0			0		|	0			0			0			0		|	0			0			0			0		|	0		|	2		|	0		|	1660	|	0		|	3218	|	2		|	0		|	0		|	0		|	0		|	0		|	0		|	0		|	2		]
Winners:			[-			-			-			-		|	-			-			-			-		|	-			-			-			-		|	-			2			-			2		|	-			-			-			-		|	-			-			-			-		|	2			-			-			-		|	-			-			-			-		|	-			-			-			-		|	2			-			-			-		|	-			-			-			-		|	-			2			-			2		|	-			-			-			-		|	-			-			-			-		|	-			-			-			-		|	2		|	1		|	-		|	2		|	-		|	1		|	1		|	2		|	1		|	-		|	2		|	1		|	2		|	-		|	1		]

__________________________________
        PERFORMANCE METRICS       
__________________________________
Coalitions Formed:		0
Coalitions Available:	15
Coalition Ratio:		0.00%

Score Achieved:			520.344
Score Available:		2387.405
Score Ratio:			21.80%

Merge Cost:				0.000000
Split Cost:				0.000000

Avg Cost per Research:	47.70%

Tasks Done:				15
Tasks Available:		30
Tasks Done Ratio:		50.00%

Tasks done w/ 1 sens:	13
Tasks done w/ 2 sens:	2
Tasks done w/ 3 sens:	0

Planning Horizon:		5

__________________________________
           AGENT LIST             
__________________________________
Agent Number:			1
Planning Horizon:		5
Max Const Iteration:	20
Max Solo Bids:			5
Max Any Bids:			10
Iteration Counter:		4419
Final Resources:		58.484802

Location:				[47.781		45.140		0.000]
Sensor List:			[IR, MW]
Bundle:					[68			65			71			66			74			61]
Path:					[68			65			71			66			74			61]
X-Path:
[	47.144	36.918	0.000,
	48.294	34.026	0.000,
	35.201	34.704	0.000,
	46.151	24.075	0.000,
	49.643	11.823	0.000,
	48.427	3.548	0.000,]
Time Assignments:		[8.246		11.358		20.392		35.653		48.393		56.306]

**********************************
Agent Number:			2
Planning Horizon:		5
Max Const Iteration:	20
Max Solo Bids:			5
Max Any Bids:			10
Iteration Counter:		4419
Final Resources:		46.121977

Location:				[8.702		20.263		0.000]
Sensor List:			[IR, MW]
Bundle:					[24			70			36			67			72			60			63			15			13			45			47]
Path:					[24			70			36			67			72			60			63			15			13			45			47]
X-Path:
[	4.349	21.157	0.000,
	5.227	26.899	0.000,
	14.691	19.084	0.000,
	27.483	21.005	0.000,
	25.407	13.059	0.000,
	33.541	10.365	0.000,
	33.304	7.987	0.000,
	42.337	11.437	0.000,
	42.337	11.437	0.000,
	39.963	3.565	0.000,
	39.963	3.565	0.000,]
Time Assignments:		[4.444		7.491		22.526		30.514		38.727		47.296		51.870		59.354		59.354		67.576		67.576]
__________________________________
            TASK LIST             
__________________________________
Task Number:		0
Maximum Score:		30.938410
Subtask Cost:		0.011400
Number of Sensors:	2
Number of Subtasks:	4

Location:			[23.336011, 37.680615, 0.000000]
Sensor List:		[IR, MW]
Subtask List:		[IR_{}, IR_{MW}, MW_{}, MW_{IR}]

Time Constraints:
Start Time:		0.000000
End Time:		Infinity
Task Duration:	0.000000
Corr Time:		Infinity
Lambda:			0.015000
Dependency Matrix:
   [0	-1	-1	-1
	-1	0	-1	1
	-1	-1	0	-1
	-1	1	-1	0]

Time Constraint Matrix:
   [Infinity	Infinity	Infinity	Infinity
	Infinity	Infinity	Infinity	Infinity
	Infinity	Infinity	Infinity	Infinity
	Infinity	Infinity	Infinity	Infinity]


**********************************
Task Number:		1
Maximum Score:		49.741977
Subtask Cost:		0.011400
Number of Sensors:	2
Number of Subtasks:	4

Location:			[20.253300, 41.484746, 0.000000]
Sensor List:		[IR, MW]
Subtask List:		[IR_{}, IR_{MW}, MW_{}, MW_{IR}]

Time Constraints:
Start Time:		0.000000
End Time:		Infinity
Task Duration:	0.000000
Corr Time:		Infinity
Lambda:			0.015000
Dependency Matrix:
   [0	-1	-1	-1
	-1	0	-1	1
	-1	-1	0	-1
	-1	1	-1	0]

Time Constraint Matrix:
   [Infinity	Infinity	Infinity	Infinity
	Infinity	Infinity	Infinity	Infinity
	Infinity	Infinity	Infinity	Infinity
	Infinity	Infinity	Infinity	Infinity]


**********************************
Task Number:		2
Maximum Score:		24.512857
Subtask Cost:		0.011400
Number of Sensors:	2
Number of Subtasks:	4

Location:			[19.099787, 4.327341, 0.000000]
Sensor List:		[IR, MW]
Subtask List:		[IR_{}, IR_{MW}, MW_{}, MW_{IR}]

Time Constraints:
Start Time:		0.000000
End Time:		Infinity
Task Duration:	0.000000
Corr Time:		Infinity
Lambda:			0.015000
Dependency Matrix:
   [0	-1	-1	-1
	-1	0	-1	1
	-1	-1	0	-1
	-1	1	-1	0]

Time Constraint Matrix:
   [Infinity	Infinity	Infinity	Infinity
	Infinity	Infinity	Infinity	Infinity
	Infinity	Infinity	Infinity	Infinity
	Infinity	Infinity	Infinity	Infinity]


**********************************
Task Number:		3
Maximum Score:		59.603151
Subtask Cost:		0.011400
Number of Sensors:	2
Number of Subtasks:	4

Location:			[42.336620, 11.437084, 0.000000]
Sensor List:		[IR, MW]
Subtask List:		[IR_{}, IR_{MW}, MW_{}, MW_{IR}]

Time Constraints:
Start Time:		0.000000
End Time:		Infinity
Task Duration:	0.000000
Corr Time:		Infinity
Lambda:			0.015000
Dependency Matrix:
   [0	-1	-1	-1
	-1	0	-1	1
	-1	-1	0	-1
	-1	1	-1	0]

Time Constraint Matrix:
   [Infinity	Infinity	Infinity	Infinity
	Infinity	Infinity	Infinity	Infinity
	Infinity	Infinity	Infinity	Infinity
	Infinity	Infinity	Infinity	Infinity]


**********************************
Task Number:		4
Maximum Score:		70.259310
Subtask Cost:		0.011400
Number of Sensors:	2
Number of Subtasks:	4

Location:			[0.717967, 19.316561, 0.000000]
Sensor List:		[IR, MW]
Subtask List:		[IR_{}, IR_{MW}, MW_{}, MW_{IR}]

Time Constraints:
Start Time:		0.000000
End Time:		Infinity
Task Duration:	0.000000
Corr Time:		Infinity
Lambda:			0.015000
Dependency Matrix:
   [0	-1	-1	-1
	-1	0	-1	1
	-1	-1	0	-1
	-1	1	-1	0]

Time Constraint Matrix:
   [Infinity	Infinity	Infinity	Infinity
	Infinity	Infinity	Infinity	Infinity
	Infinity	Infinity	Infinity	Infinity
	Infinity	Infinity	Infinity	Infinity]


**********************************
Task Number:		5
Maximum Score:		9.830301
Subtask Cost:		0.011400
Number of Sensors:	2
Number of Subtasks:	4

Location:			[12.371746, 48.416811, 0.000000]
Sensor List:		[IR, MW]
Subtask List:		[IR_{}, IR_{MW}, MW_{}, MW_{IR}]

Time Constraints:
Start Time:		0.000000
End Time:		Infinity
Task Duration:	0.000000
Corr Time:		Infinity
Lambda:			0.015000
Dependency Matrix:
   [0	-1	-1	-1
	-1	0	-1	1
	-1	-1	0	-1
	-1	1	-1	0]

Time Constraint Matrix:
   [Infinity	Infinity	Infinity	Infinity
	Infinity	Infinity	Infinity	Infinity
	Infinity	Infinity	Infinity	Infinity
	Infinity	Infinity	Infinity	Infinity]


**********************************
Task Number:		6
Maximum Score:		87.662331
Subtask Cost:		0.011400
Number of Sensors:	2
Number of Subtasks:	4

Location:			[4.349185, 21.157162, 0.000000]
Sensor List:		[IR, MW]
Subtask List:		[IR_{}, IR_{MW}, MW_{}, MW_{IR}]

Time Constraints:
Start Time:		0.000000
End Time:		Infinity
Task Duration:	0.000000
Corr Time:		Infinity
Lambda:			0.015000
Dependency Matrix:
   [0	-1	-1	-1
	-1	0	-1	1
	-1	-1	0	-1
	-1	1	-1	0]

Time Constraint Matrix:
   [Infinity	Infinity	Infinity	Infinity
	Infinity	Infinity	Infinity	Infinity
	Infinity	Infinity	Infinity	Infinity
	Infinity	Infinity	Infinity	Infinity]


**********************************
Task Number:		7
Maximum Score:		89.950427
Subtask Cost:		0.011400
Number of Sensors:	2
Number of Subtasks:	4

Location:			[5.676399, 41.566438, 0.000000]
Sensor List:		[IR, MW]
Subtask List:		[IR_{}, IR_{MW}, MW_{}, MW_{IR}]

Time Constraints:
Start Time:		0.000000
End Time:		Infinity
Task Duration:	0.000000
Corr Time:		Infinity
Lambda:			0.015000
Dependency Matrix:
   [0	-1	-1	-1
	-1	0	-1	1
	-1	-1	0	-1
	-1	1	-1	0]

Time Constraint Matrix:
   [Infinity	Infinity	Infinity	Infinity
	Infinity	Infinity	Infinity	Infinity
	Infinity	Infinity	Infinity	Infinity
	Infinity	Infinity	Infinity	Infinity]


**********************************
Task Number:		8
Maximum Score:		53.931876
Subtask Cost:		0.011400
Number of Sensors:	2
Number of Subtasks:	4

Location:			[8.297274, 34.027338, 0.000000]
Sensor List:		[IR, MW]
Subtask List:		[IR_{}, IR_{MW}, MW_{}, MW_{IR}]

Time Constraints:
Start Time:		0.000000
End Time:		Infinity
Task Duration:	0.000000
Corr Time:		Infinity
Lambda:			0.015000
Dependency Matrix:
   [0	-1	-1	-1
	-1	0	-1	1
	-1	-1	0	-1
	-1	1	-1	0]

Time Constraint Matrix:
   [Infinity	Infinity	Infinity	Infinity
	Infinity	Infinity	Infinity	Infinity
	Infinity	Infinity	Infinity	Infinity
	Infinity	Infinity	Infinity	Infinity]


**********************************
Task Number:		9
Maximum Score:		81.754005
Subtask Cost:		0.011400
Number of Sensors:	2
Number of Subtasks:	4

Location:			[14.691222, 19.084453, 0.000000]
Sensor List:		[IR, MW]
Subtask List:		[IR_{}, IR_{MW}, MW_{}, MW_{IR}]

Time Constraints:
Start Time:		0.000000
End Time:		Infinity
Task Duration:	0.000000
Corr Time:		Infinity
Lambda:			0.015000
Dependency Matrix:
   [0	-1	-1	-1
	-1	0	-1	1
	-1	-1	0	-1
	-1	1	-1	0]

Time Constraint Matrix:
   [Infinity	Infinity	Infinity	Infinity
	Infinity	Infinity	Infinity	Infinity
	Infinity	Infinity	Infinity	Infinity
	Infinity	Infinity	Infinity	Infinity]


**********************************
Task Number:		10
Maximum Score:		65.718086
Subtask Cost:		0.011400
Number of Sensors:	2
Number of Subtasks:	4

Location:			[0.105185, 46.619728, 0.000000]
Sensor List:		[IR, MW]
Subtask List:		[IR_{}, IR_{MW}, MW_{}, MW_{IR}]

Time Constraints:
Start Time:		0.000000
End Time:		Infinity
Task Duration:	0.000000
Corr Time:		Infinity
Lambda:			0.015000
Dependency Matrix:
   [0	-1	-1	-1
	-1	0	-1	1
	-1	-1	0	-1
	-1	1	-1	0]

Time Constraint Matrix:
   [Infinity	Infinity	Infinity	Infinity
	Infinity	Infinity	Infinity	Infinity
	Infinity	Infinity	Infinity	Infinity
	Infinity	Infinity	Infinity	Infinity]


**********************************
Task Number:		11
Maximum Score:		46.248744
Subtask Cost:		0.011400
Number of Sensors:	2
Number of Subtasks:	4

Location:			[39.962928, 3.564822, 0.000000]
Sensor List:		[IR, MW]
Subtask List:		[IR_{}, IR_{MW}, MW_{}, MW_{IR}]

Time Constraints:
Start Time:		0.000000
End Time:		Infinity
Task Duration:	0.000000
Corr Time:		Infinity
Lambda:			0.015000
Dependency Matrix:
   [0	-1	-1	-1
	-1	0	-1	1
	-1	-1	0	-1
	-1	1	-1	0]

Time Constraint Matrix:
   [Infinity	Infinity	Infinity	Infinity
	Infinity	Infinity	Infinity	Infinity
	Infinity	Infinity	Infinity	Infinity
	Infinity	Infinity	Infinity	Infinity]


**********************************
Task Number:		12
Maximum Score:		2.030534
Subtask Cost:		0.011400
Number of Sensors:	2
Number of Subtasks:	4

Location:			[40.774558, 10.500060, 0.000000]
Sensor List:		[IR, MW]
Subtask List:		[IR_{}, IR_{MW}, MW_{}, MW_{IR}]

Time Constraints:
Start Time:		0.000000
End Time:		Infinity
Task Duration:	0.000000
Corr Time:		Infinity
Lambda:			0.015000
Dependency Matrix:
   [0	-1	-1	-1
	-1	0	-1	1
	-1	-1	0	-1
	-1	1	-1	0]

Time Constraint Matrix:
   [Infinity	Infinity	Infinity	Infinity
	Infinity	Infinity	Infinity	Infinity
	Infinity	Infinity	Infinity	Infinity
	Infinity	Infinity	Infinity	Infinity]


**********************************
Task Number:		13
Maximum Score:		51.977686
Subtask Cost:		0.011400
Number of Sensors:	2
Number of Subtasks:	4

Location:			[3.794674, 17.675865, 0.000000]
Sensor List:		[IR, MW]
Subtask List:		[IR_{}, IR_{MW}, MW_{}, MW_{IR}]

Time Constraints:
Start Time:		0.000000
End Time:		Infinity
Task Duration:	0.000000
Corr Time:		Infinity
Lambda:			0.015000
Dependency Matrix:
   [0	-1	-1	-1
	-1	0	-1	1
	-1	-1	0	-1
	-1	1	-1	0]

Time Constraint Matrix:
   [Infinity	Infinity	Infinity	Infinity
	Infinity	Infinity	Infinity	Infinity
	Infinity	Infinity	Infinity	Infinity
	Infinity	Infinity	Infinity	Infinity]


**********************************
Task Number:		14
Maximum Score:		55.288394
Subtask Cost:		0.011400
Number of Sensors:	2
Number of Subtasks:	4

Location:			[30.612868, 30.678018, 0.000000]
Sensor List:		[IR, MW]
Subtask List:		[IR_{}, IR_{MW}, MW_{}, MW_{IR}]

Time Constraints:
Start Time:		0.000000
End Time:		Infinity
Task Duration:	0.000000
Corr Time:		Infinity
Lambda:			0.015000
Dependency Matrix:
   [0	-1	-1	-1
	-1	0	-1	1
	-1	-1	0	-1
	-1	1	-1	0]

Time Constraint Matrix:
   [Infinity	Infinity	Infinity	Infinity
	Infinity	Infinity	Infinity	Infinity
	Infinity	Infinity	Infinity	Infinity
	Infinity	Infinity	Infinity	Infinity]


**********************************
Task Number:		15
Maximum Score:		78.902000
Subtask Cost:		0.011400
Number of Sensors:	1
Number of Subtasks:	1

Location:			[33.541205, 10.364547, 0.000000]
Sensor List:		[IR]
Subtask List:		[IR_{}]

Time Constraints:
Start Time:		0.000000
End Time:		Infinity
Task Duration:	0.000000
Corr Time:		Infinity
Lambda:			0.015000
Dependency Matrix:
   [0]

Time Constraint Matrix:
   [Infinity]


**********************************
Task Number:		16
Maximum Score:		72.300178
Subtask Cost:		0.011400
Number of Sensors:	1
Number of Subtasks:	1

Location:			[48.426804, 3.547766, 0.000000]
Sensor List:		[IR]
Subtask List:		[IR_{}]

Time Constraints:
Start Time:		0.000000
End Time:		Infinity
Task Duration:	0.000000
Corr Time:		Infinity
Lambda:			0.015000
Dependency Matrix:
   [0]

Time Constraint Matrix:
   [Infinity]


**********************************
Task Number:		17
Maximum Score:		36.849622
Subtask Cost:		0.011400
Number of Sensors:	1
Number of Subtasks:	1

Location:			[8.587693, 42.264610, 0.000000]
Sensor List:		[IR]
Subtask List:		[IR_{}]

Time Constraints:
Start Time:		0.000000
End Time:		Infinity
Task Duration:	0.000000
Corr Time:		Infinity
Lambda:			0.015000
Dependency Matrix:
   [0]

Time Constraint Matrix:
   [Infinity]


**********************************
Task Number:		18
Maximum Score:		11.022390
Subtask Cost:		0.011400
Number of Sensors:	1
Number of Subtasks:	1

Location:			[33.304182, 7.987405, 0.000000]
Sensor List:		[IR]
Subtask List:		[IR_{}]

Time Constraints:
Start Time:		0.000000
End Time:		Infinity
Task Duration:	0.000000
Corr Time:		Infinity
Lambda:			0.015000
Dependency Matrix:
   [0]

Time Constraint Matrix:
   [Infinity]


**********************************
Task Number:		19
Maximum Score:		5.582439
Subtask Cost:		0.011400
Number of Sensors:	1
Number of Subtasks:	1

Location:			[43.713455, 4.016708, 0.000000]
Sensor List:		[IR]
Subtask List:		[IR_{}]

Time Constraints:
Start Time:		0.000000
End Time:		Infinity
Task Duration:	0.000000
Corr Time:		Infinity
Lambda:			0.015000
Dependency Matrix:
   [0]

Time Constraint Matrix:
   [Infinity]


**********************************
Task Number:		20
Maximum Score:		27.741968
Subtask Cost:		0.011400
Number of Sensors:	1
Number of Subtasks:	1

Location:			[48.293763, 34.026310, 0.000000]
Sensor List:		[IR]
Subtask List:		[IR_{}]

Time Constraints:
Start Time:		0.000000
End Time:		Infinity
Task Duration:	0.000000
Corr Time:		Infinity
Lambda:			0.015000
Dependency Matrix:
   [0]

Time Constraint Matrix:
   [Infinity]


**********************************
Task Number:		21
Maximum Score:		45.872104
Subtask Cost:		0.011400
Number of Sensors:	1
Number of Subtasks:	1

Location:			[46.150722, 24.074863, 0.000000]
Sensor List:		[IR]
Subtask List:		[IR_{}]

Time Constraints:
Start Time:		0.000000
End Time:		Infinity
Task Duration:	0.000000
Corr Time:		Infinity
Lambda:			0.015000
Dependency Matrix:
   [0]

Time Constraint Matrix:
   [Infinity]


**********************************
Task Number:		22
Maximum Score:		85.621753
Subtask Cost:		0.011400
Number of Sensors:	1
Number of Subtasks:	1

Location:			[27.482734, 21.004624, 0.000000]
Sensor List:		[IR]
Subtask List:		[IR_{}]

Time Constraints:
Start Time:		0.000000
End Time:		Infinity
Task Duration:	0.000000
Corr Time:		Infinity
Lambda:			0.015000
Dependency Matrix:
   [0]

Time Constraint Matrix:
   [Infinity]


**********************************
Task Number:		23
Maximum Score:		88.320543
Subtask Cost:		0.011400
Number of Sensors:	1
Number of Subtasks:	1

Location:			[47.143673, 36.918465, 0.000000]
Sensor List:		[MW]
Subtask List:		[MW_{}]

Time Constraints:
Start Time:		0.000000
End Time:		Infinity
Task Duration:	0.000000
Corr Time:		Infinity
Lambda:			0.015000
Dependency Matrix:
   [0]

Time Constraint Matrix:
   [Infinity]


**********************************
Task Number:		24
Maximum Score:		34.282671
Subtask Cost:		0.011400
Number of Sensors:	1
Number of Subtasks:	1

Location:			[21.709329, 38.062588, 0.000000]
Sensor List:		[MW]
Subtask List:		[MW_{}]

Time Constraints:
Start Time:		0.000000
End Time:		Infinity
Task Duration:	0.000000
Corr Time:		Infinity
Lambda:			0.015000
Dependency Matrix:
   [0]

Time Constraint Matrix:
   [Infinity]


**********************************
Task Number:		25
Maximum Score:		74.425915
Subtask Cost:		0.011400
Number of Sensors:	1
Number of Subtasks:	1

Location:			[5.227346, 26.899301, 0.000000]
Sensor List:		[MW]
Subtask List:		[MW_{}]

Time Constraints:
Start Time:		0.000000
End Time:		Infinity
Task Duration:	0.000000
Corr Time:		Infinity
Lambda:			0.015000
Dependency Matrix:
   [0]

Time Constraint Matrix:
   [Infinity]


**********************************
Task Number:		26
Maximum Score:		83.399996
Subtask Cost:		0.011400
Number of Sensors:	1
Number of Subtasks:	1

Location:			[35.200559, 34.704081, 0.000000]
Sensor List:		[MW]
Subtask List:		[MW_{}]

Time Constraints:
Start Time:		0.000000
End Time:		Infinity
Task Duration:	0.000000
Corr Time:		Infinity
Lambda:			0.015000
Dependency Matrix:
   [0]

Time Constraint Matrix:
   [Infinity]


**********************************
Task Number:		27
Maximum Score:		77.675706
Subtask Cost:		0.011400
Number of Sensors:	1
Number of Subtasks:	1

Location:			[25.406639, 13.058529, 0.000000]
Sensor List:		[MW]
Subtask List:		[MW_{}]

Time Constraints:
Start Time:		0.000000
End Time:		Infinity
Task Duration:	0.000000
Corr Time:		Infinity
Lambda:			0.015000
Dependency Matrix:
   [0]

Time Constraint Matrix:
   [Infinity]


**********************************
Task Number:		28
Maximum Score:		55.480089
Subtask Cost:		0.011400
Number of Sensors:	1
Number of Subtasks:	1

Location:			[12.403632, 37.268615, 0.000000]
Sensor List:		[MW]
Subtask List:		[MW_{}]

Time Constraints:
Start Time:		0.000000
End Time:		Infinity
Task Duration:	0.000000
Corr Time:		Infinity
Lambda:			0.015000
Dependency Matrix:
   [0]

Time Constraint Matrix:
   [Infinity]


**********************************
Task Number:		29
Maximum Score:		51.031335
Subtask Cost:		0.011400
Number of Sensors:	1
Number of Subtasks:	1

Location:			[49.643279, 11.823113, 0.000000]
Sensor List:		[MW]
Subtask List:		[MW_{}]

Time Constraints:
Start Time:		0.000000
End Time:		Infinity
Task Duration:	0.000000
Corr Time:		Infinity
Lambda:			0.015000
Dependency Matrix:
   [0]

Time Constraint Matrix:
   [Infinity]

