---------------------------------------------------------------------------------------------------------------------------------------
TASK1	TASK1_L_{}	L-band			
TASK1	TASK1_L_{S}	L-band	S-band	
TASK1	TASK1_L_{S}	L-band	S-band	
TASK1	TASK1_L_{S,S}	L-band	S-band,S-band	2/2	SAT-L1	2020-01-01T00:00:00.000	2020-01-02T07:30:20.000	2020-01-07T00:00:00.000	L-RAD	5369.8408832832965/5000.0	46.09594985296002/10.0	5056.242205292694	80.96054755723114	42.9870162692593	0.04367256535385078	3.632422565353851	3.58875
TASK1	TASK1_S_{}	S-band			
TASK1	TASK1_S_{S}	S-band	S-band	
TASK1	TASK1_S_{L}	S-band	L-band	
TASK1	TASK1_S_{L,S}	S-band	L-band,S-band	2/2	SAT-S2	2020-01-01T00:00:00.000	2020-01-01T18:10:40.000	2020-01-07T00:00:00.000	S-RAD	686.7958851541537/5000.0	46.42732395393567/10.0	4364.262948014902	721.797229595953	38.3232137216834	3.4327086861792226	7.021458686179223	3.58875
TASK1	TASK1_S_{}	S-band			
TASK1	TASK1_S_{S}	S-band	S-band	
TASK1	TASK1_S_{L}	S-band	L-band	
TASK1	TASK1_S_{L,S}	S-band	L-band,S-band	2/2	SAT-S2	2020-01-01T00:00:00.000	2020-01-01T18:10:40.000	2020-01-07T00:00:00.000	S-RAD	686.7958851541537/5000.0	48.18823654449248/10.0	4364.262948014902	721.797229595953	38.3232137216834	3.4327086861792226	7.021458686179223	3.58875
---------------------------------------------------------------------------------------------------------------------------------------
TASK2	TASK2_L_{}	L-band			
TASK2	TASK2_L_{S}	L-band	S-band	
TASK2	TASK2_L_{S}	L-band	S-band	
TASK2	TASK2_L_{S,S}	L-band	S-band,S-band	2/2	SAT-L2	2020-01-01T00:00:00.000	2020-01-01T00:25:50.000	2020-01-07T00:00:00.000	L-RAD	6771.390863018208/5000.0	47.00491378422519/10.0	5076.979708385873	49.75758326167041	53.381402868210486	8.523944257678547	12.112694257678548	3.58875
TASK2	TASK2_S_{}	S-band			
TASK2	TASK2_S_{S}	S-band	S-band	
TASK2	TASK2_S_{L}	S-band	L-band	
TASK2	TASK2_S_{L,S}	S-band	L-band,S-band	2/2	SAT-S1	2020-01-01T00:00:00.000	2020-01-01T00:25:50.000	2020-01-07T00:00:00.000	S-RAD	7513.623567723888/5000.0	57.270583654157214/10.0	5084.843286606055	50.249522225948944	41.88113512134601	8.523944257678547	12.112694257678548	3.58875
TASK2	TASK2_S_{}	S-band			
TASK2	TASK2_S_{S}	S-band	S-band	
TASK2	TASK2_S_{L}	S-band	L-band	
TASK2	TASK2_S_{L,S}	S-band	L-band,S-band	2/2	SAT-S1	2020-01-01T00:00:00.000	2020-01-01T00:25:50.000	2020-01-07T00:00:00.000	S-RAD	7513.623567723888/5000.0	59.03149624471402/10.0	5084.843286606055	50.249522225948944	41.88113512134601	8.523944257678547	12.112694257678548	3.58875
---------------------------------------------------------------------------------------------------------------------------------------
TASK3	TASK3_L_{}	L-band			
TASK3	TASK3_L_{S}	L-band	S-band	
TASK3	TASK3_L_{S}	L-band	S-band	
TASK3	TASK3_L_{S,S}	L-band	S-band,S-band	2/2	SAT-L3	2020-01-01T00:00:00.000	2020-01-01T01:05:45.000	2020-01-07T00:00:00.000	L-RAD	1520.4067919205545/5000.0	40.26283585785723/10.0	4800.974575263135	324.2308297895067	10.871581663686934	8.107336160761875	11.696086160761876	3.58875
TASK3	TASK3_S_{}	S-band			
TASK3	TASK3_S_{S}	S-band	S-band	
TASK3	TASK3_S_{L}	S-band	L-band	
TASK3	TASK3_S_{L,S}	S-band	L-band,S-band	2/2	SAT-S2	2020-01-01T00:00:00.000	2020-01-01T01:05:45.000	2020-01-07T00:00:00.000	S-RAD	1517.573802427478/5000.0	50.09680883330869/10.0	4800.358914847431	324.9874758480268	3.7840061065625807	8.107336160761875	11.696086160761876	3.58875
TASK3	TASK3_S_{}	S-band			
TASK3	TASK3_S_{S}	S-band	S-band	
TASK3	TASK3_S_{L}	S-band	L-band	
TASK3	TASK3_S_{L,S}	S-band	L-band,S-band	2/2	SAT-S2	2020-01-01T00:00:00.000	2020-01-01T01:05:45.000	2020-01-07T00:00:00.000	S-RAD	1517.573802427478/5000.0	51.857721423865506/10.0	4800.358914847431	324.9874758480268	3.7840061065625807	8.107336160761875	11.696086160761876	3.58875
---------------------------------------------------------------------------------------------------------------------------------------
TASK4	TASK4_L_{}	L-band			
TASK4	TASK4_L_{S}	L-band	S-band	
TASK4	TASK4_L_{S}	L-band	S-band	
TASK4	TASK4_L_{S,S}	L-band	S-band,S-band	2/2	SAT-L1	2020-01-01T00:00:00.000	2020-01-01T13:58:50.000	2020-01-07T00:00:00.000	L-RAD	629.0339925077012/5000.0	35.807335494000384/10.0	4288.353355275581	789.1913594666992	45.087245335788374	14.049502781566694	17.638252781566695	3.58875
TASK4	TASK4_S_{}	S-band			
TASK4	TASK4_S_{S}	S-band	S-band	
TASK4	TASK4_S_{L}	S-band	L-band	
TASK4	TASK4_S_{L,S}	S-band	L-band,S-band	2/2	SAT-S3	2020-01-01T00:00:00.000	2020-01-01T13:58:50.000	2020-01-07T00:00:00.000	S-RAD	628.4292624560027/5000.0	45.644646833801005/10.0	4287.626650440037	790.2975275579018	38.386964101661015	14.049502781566694	17.638252781566695	3.58875
TASK4	TASK4_S_{}	S-band			
TASK4	TASK4_S_{S}	S-band	S-band	
TASK4	TASK4_S_{L}	S-band	L-band	
TASK4	TASK4_S_{L,S}	S-band	L-band,S-band	2/2	SAT-S3	2020-01-01T00:00:00.000	2020-01-01T13:58:50.000	2020-01-07T00:00:00.000	S-RAD	628.4292624560027/5000.0	47.40555942435782/10.0	4287.626650440037	790.2975275579018	38.386964101661015	14.049502781566694	17.638252781566695	3.58875
---------------------------------------------------------------------------------------------------------------------------------------
TASK5	TASK5_L_{}	L-band				0/0	SAT-L2	2020-01-01T00:00:00.000	2020-01-01T07:17:00.000	2020-01-07T00:00:00.000	L-RAD	685.1142520157473/5000.0	36.33694427389204/10.0	4361.130102678665	723.1737024063123	46.05835634020195	7.4473829567074885	11.036132956707489	3.58875
TASK5	TASK5_L_{S}	L-band	S-band	
TASK5	TASK5_L_{S}	L-band	S-band	
TASK5	TASK5_L_{S,S}	L-band	S-band,S-band
TASK5	TASK5_S_{}	S-band			
TASK5	TASK5_S_{S}	S-band	S-band	
TASK5	TASK5_S_{L}	S-band	L-band	
TASK5	TASK5_S_{L,S}	S-band	L-band,S-band
TASK5	TASK5_S_{}	S-band			
TASK5	TASK5_S_{S}	S-band	S-band	
TASK5	TASK5_S_{L}	S-band	L-band	
TASK5	TASK5_S_{L,S}	S-band	L-band,S-band
---------------------------------------------------------------------------------------------------------------------------------------
TASK6	TASK6_L_{}	L-band			
TASK6	TASK6_L_{S}	L-band	S-band	
TASK6	TASK6_L_{S}	L-band	S-band	
TASK6	TASK6_L_{S,S}	L-band	S-band,S-band	2/2	SAT-L1	2020-01-01T00:00:00.000	2020-01-01T02:04:50.000	2020-01-07T00:00:00.000	L-RAD	719.644529770526/5000.0	36.50064427023117/10.0	4399.564126154554	688.4861409918018	33.61344704543262	18.339252582762818	21.92800258276282	3.58875
TASK6	TASK6_S_{}	S-band			
TASK6	TASK6_S_{S}	S-band	S-band	
TASK6	TASK6_S_{L}	S-band	L-band	
TASK6	TASK6_S_{L,S}	S-band	L-band,S-band	2/2	SAT-S3	2020-01-01T00:00:00.000	2020-01-01T02:04:50.000	2020-01-07T00:00:00.000	S-RAD	719.5428731785676/5000.0	46.31632228853295/10.0	4399.420223657868	687.9451020388866	45.47276759421944	18.339252582762818	21.92800258276282	3.58875
TASK6	TASK6_S_{}	S-band			
TASK6	TASK6_S_{S}	S-band	S-band	
TASK6	TASK6_S_{L}	S-band	L-band	
TASK6	TASK6_S_{L,S}	S-band	L-band,S-band	2/2	SAT-S3	2020-01-01T00:00:00.000	2020-01-01T02:04:50.000	2020-01-07T00:00:00.000	S-RAD	719.5428731785676/5000.0	48.077234879089765/10.0	4399.420223657868	687.9451020388866	45.47276759421944	18.339252582762818	21.92800258276282	3.58875
---------------------------------------------------------------------------------------------------------------------------------------
TASK7	TASK7_L_{}	L-band				0/0	SAT-L3	2020-01-01T00:00:00.000	2020-01-01T01:12:15.000	2020-01-07T00:00:00.000	L-RAD	8560.338255337412/5000.0	48.0658404407813/10.0	5093.639716672683	46.87660578539873	33.68686391349827	1.6622172887868532	5.250967288786853	3.58875
TASK7	TASK7_L_{S}	L-band	S-band	
TASK7	TASK7_L_{S}	L-band	S-band	
TASK7	TASK7_L_{S,S}	L-band	S-band,S-band
TASK7	TASK7_S_{}	S-band			
TASK7	TASK7_S_{S}	S-band	S-band	
TASK7	TASK7_S_{L}	S-band	L-band	
TASK7	TASK7_S_{L,S}	S-band	L-band,S-band
TASK7	TASK7_S_{}	S-band			
TASK7	TASK7_S_{S}	S-band	S-band	
TASK7	TASK7_S_{L}	S-band	L-band	
TASK7	TASK7_S_{L,S}	S-band	L-band,S-band
---------------------------------------------------------------------------------------------------------------------------------------
TASK8	TASK8_L_{}	L-band				0/0	SAT-L1	2020-01-01T00:00:00.000	2020-01-01T08:06:45.000	2020-01-07T00:00:00.000	L-RAD	461.39420921628755/5000.0	34.190898001822646/10.0	3962.8391739763138	1085.6874340576153	54.485735144795576	6.82372895326908	10.41247895326908	3.58875
TASK8	TASK8_L_{S}	L-band	S-band	
TASK8	TASK8_L_{S}	L-band	S-band	
TASK8	TASK8_L_{S,S}	L-band	S-band,S-band
TASK8	TASK8_S_{}	S-band			
TASK8	TASK8_S_{S}	S-band	S-band	
TASK8	TASK8_S_{L}	S-band	L-band	
TASK8	TASK8_S_{L,S}	S-band	L-band,S-band
TASK8	TASK8_S_{}	S-band			
TASK8	TASK8_S_{S}	S-band	S-band	
TASK8	TASK8_S_{L}	S-band	L-band	
TASK8	TASK8_S_{L,S}	S-band	L-band,S-band
---------------------------------------------------------------------------------------------------------------------------------------
TASK9	TASK9_L_{}	L-band			
TASK9	TASK9_L_{S}	L-band	S-band	
TASK9	TASK9_L_{S}	L-band	S-band	
TASK9	TASK9_L_{S,S}	L-band	S-band,S-band	2/2	SAT-L3	2020-01-01T00:00:00.000	2020-01-01T03:04:15.000	2020-01-07T00:00:00.000	L-RAD	577.0288630201883/5000.0	35.58480021308353/10.0	4209.530563335739	862.3891259769314	40.05811445942219	22.628296792581242	26.217046792581243	3.58875
TASK9	TASK9_S_{}	S-band			
TASK9	TASK9_S_{S}	S-band	S-band	
TASK9	TASK9_S_{L}	S-band	L-band	
TASK9	TASK9_S_{L,S}	S-band	L-band,S-band	2/2	SAT-S2	2020-01-01T00:00:00.000	2020-01-01T03:04:15.000	2020-01-07T00:00:00.000	S-RAD	578.1083059368214/5000.0	45.40798743209889/10.0	4211.275663305379	861.1592180627432	28.746975939141173	22.628296792581242	26.217046792581243	3.58875
TASK9	TASK9_S_{}	S-band			
TASK9	TASK9_S_{S}	S-band	S-band	
TASK9	TASK9_S_{L}	S-band	L-band	
TASK9	TASK9_S_{L,S}	S-band	L-band,S-band	2/2	SAT-S2	2020-01-01T00:00:00.000	2020-01-01T03:04:15.000	2020-01-07T00:00:00.000	S-RAD	578.1083059368214/5000.0	47.168900022655706/10.0	4211.275663305379	861.1592180627432	28.746975939141173	22.628296792581242	26.217046792581243	3.58875
---------------------------------------------------------------------------------------------------------------------------------------
TASK10	TASK10_L_{}	L-band			
TASK10	TASK10_L_{S}	L-band	S-band		1/1	SAT-L2	2020-01-01T00:00:00.000	2020-01-01T04:16:20.000	2020-01-07T00:00:00.000	L-RAD	528.9054909786104/5000.0	35.104417165925625/10.0	4120.843211865386	943.9573089138381	5.966578315070946	12.48684350975551	16.07559350975551	3.58875
TASK10	TASK10_S_{}	S-band			
TASK10	TASK10_S_{L}	S-band	L-band		1/1	SAT-S1	2020-01-01T00:00:00.000	2020-01-01T04:16:20.000	2020-01-07T00:00:00.000	S-RAD	527.8782732605528/5000.0	44.93729908072943/10.0	4118.927141370745	945.8631232193895	0.7459460459268638	12.48684350975551	16.07559350975551	3.58875
---------------------------------------------------------------------------------------------------------------------------------------
TASK11	TASK11_L_{}	L-band			
TASK11	TASK11_L_{S}	L-band	S-band		1/1	SAT-L3	2020-01-01T00:00:00.000	2020-01-01T02:05:20.000	2020-01-07T00:00:00.000	L-RAD	164.9530294849167/5000.0	4.180338570296939/10.0	330.77512821918924	3748.0400331610253	2.5702146111929047	23.138875450455135	26.727625497157472	3.5887500467023377
TASK11	TASK11_S_{}	S-band			
TASK11	TASK11_S_{L}	S-band	L-band		1/1	SAT-S2	2020-01-01T00:00:00.000	2020-01-01T02:05:20.000	2020-01-07T00:00:00.000	S-RAD	164.9619091974929/5000.0	14.006835152307914/10.0	331.22522215049906	3747.6474730186465	10.228017413702664	23.13887546898428	26.727625506422036	3.5887500374377552
---------------------------------------------------------------------------------------------------------------------------------------
TASK12	TASK12_L_{}	L-band			
TASK12	TASK12_L_{S}	L-band	S-band		1/1	SAT-L2	2020-01-01T00:00:00.000	2020-01-01T02:31:20.000	2020-01-07T00:00:00.000	L-RAD	164.35656705051272/5000.0	1.9705163758212796/10.0	152.8761797853893	3774.3025042242966	10.950216663290014	27.194906212336825	30.783656220759877	3.5887500084230517
TASK12	TASK12_S_{}	S-band			
TASK12	TASK12_S_{L}	S-band	L-band		1/1	SAT-S1	2020-01-01T00:00:00.000	2020-01-01T02:31:20.000	2020-01-07T00:00:00.000	S-RAD	164.32503484634782/5000.0	11.781422747927962/10.0	151.4754407380144	3775.710585223469	10.29766066325029	27.19490621214026	30.783656220661594	3.588750008521332
---------------------------------------------------------------------------------------------------------------------------------------
TASK13	TASK13_L_{}	L-band			
TASK13	TASK13_L_{S}	L-band	S-band		1/1	SAT-L3	2020-01-01T00:00:00.000	2020-01-01T03:54:25.000	2020-01-07T00:00:00.000	L-RAD	697.5776710165572/5000.0	36.60450815403142/10.0	4376.36771636817	710.8846459868009	28.927651375265867	6.7440460785372	10.3327960785372	3.58875
TASK13	TASK13_S_{}	S-band			
TASK13	TASK13_S_{L}	S-band	L-band		1/1	SAT-S2	2020-01-01T00:00:00.000	2020-01-01T03:54:25.000	2020-01-07T00:00:00.000	S-RAD	696.696493052505/5000.0	48.19447666125161/10.0	4375.436542569662	712.1285260007327	18.427394108552647	6.7440460785372	10.3327960785372	3.58875
---------------------------------------------------------------------------------------------------------------------------------------
TASK14	TASK14_L_{}	L-band			
TASK14	TASK14_L_{S}	L-band	S-band		1/1	SAT-L2	2020-01-01T00:00:00.000	2020-01-01T17:59:15.000	2020-01-07T00:00:00.000	L-RAD	447.97709854720296/5000.0	33.98910169867639/10.0	3925.406897634302	1120.7034721731072	18.902199153119838	4.785489435685428	8.374239435685428	3.58875
TASK14	TASK14_S_{}	S-band			
TASK14	TASK14_S_{L}	S-band	L-band		1/1	SAT-S1	2020-01-01T00:00:00.000	2020-01-02T06:04:50.000	2020-01-07T00:00:00.000	S-RAD	1247.3744705201168/5000.0	51.25197176333156/10.0	4723.505767259505	393.6534190626932	40.522244090587535	1.2598411189661078	4.848591118966108	3.58875
---------------------------------------------------------------------------------------------------------------------------------------
TASK15	TASK15_L_{}	L-band			
TASK15	TASK15_L_{S}	L-band	S-band		1/1	SAT-L2	2020-01-01T00:00:00.000	2020-01-01T19:47:00.000	2020-01-07T00:00:00.000	L-RAD	605.6878568854613/5000.0	35.74937504320157/10.0	4254.8800953888	820.8001563266736	35.63780088964084	2.1036762975195495	5.69242629751955	3.58875
TASK15	TASK15_S_{}	S-band			
TASK15	TASK15_S_{L}	S-band	L-band		1/1	SAT-S1	2020-01-01T00:00:00.000	2020-01-01T19:47:00.000	2020-01-07T00:00:00.000	S-RAD	606.6957434204131/5000.0	47.334269638699375/10.0	4256.3611655629265	819.8014165640744	23.91716897516723	2.1036762975195495	5.69242629751955	3.58875
---------------------------------------------------------------------------------------------------------------------------------------
TASK16	TASK16_S_{}	S-band			
TASK16	TASK16_S_{S}	S-band	S-band	
TASK16	TASK16_S_{}	S-band			
TASK16	TASK16_S_{S}	S-band	S-band	
---------------------------------------------------------------------------------------------------------------------------------------
TASK17	TASK17_S_{}	S-band			
TASK17	TASK17_S_{S}	S-band	S-band	
TASK17	TASK17_S_{}	S-band			
TASK17	TASK17_S_{S}	S-band	S-band	
---------------------------------------------------------------------------------------------------------------------------------------
TASK18	TASK18_S_{}	S-band			
TASK18	TASK18_S_{S}	S-band	S-band		1/1	SAT-S3	2020-01-01T00:00:00.000	2020-01-02T00:00:40.000	2020-01-07T00:00:00.000	S-RAD	682.2149190123886/5000.0	46.29847136281856/10.0	4358.436633038425	726.993280208545	32.972474001162205	2.5095803271294717	6.098330327129472	3.58875
TASK18	TASK18_S_{}	S-band			
TASK18	TASK18_S_{S}	S-band	S-band		1/1	SAT-S2	2020-01-01T00:00:00.000	2020-01-01T00:23:10.000	2020-01-07T00:00:00.000	S-RAD	420.4580139900313/5000.0	44.923326614719834/10.0	3839.029152176122	1196.980750189597	37.502833135621934	11.983820654053275	15.572570667269177	3.588750013215904
---------------------------------------------------------------------------------------------------------------------------------------
TASK19	TASK19_L_{}	L-band				0/0	SAT-L1	2020-01-01T00:00:00.000	2020-01-01T00:51:20.000	2020-01-07T00:00:00.000	L-RAD	165.89802885865677/5000.0	5.909492349322991/10.0	473.65445907904774	3707.7044308406635	6.858241988423148	19.54846131159626	23.13721136063177	3.5887500490355086
---------------------------------------------------------------------------------------------------------------------------------------
TASK20	TASK20_L_{}	L-band			
---------------------------------------------------------------------------------------------------------------------------------------
TASK21	TASK21_L_{}	L-band				0/0	SAT-L2	2020-01-01T00:00:00.000	2020-01-01T06:46:05.000	2020-01-07T00:00:00.000	L-RAD	2404.062728247941/5000.0	42.61250955839741/10.0	4932.33065392836	192.14838885216517	71.05185242172219	5.732250725930716	9.321000725930716	3.58875
---------------------------------------------------------------------------------------------------------------------------------------
TASK22	TASK22_L_{}	L-band				0/0	SAT-L1	2020-01-01T00:00:00.000	2020-01-02T13:10:25.000	2020-01-07T00:00:00.000	L-RAD	1291.263398781334/5000.0	39.745452764173116/10.0	4738.111840765851	376.3088728601562	66.91624384549309	0.9945667434735705	4.583316743473571	3.58875
---------------------------------------------------------------------------------------------------------------------------------------
TASK23	TASK23_S_{}	S-band			
---------------------------------------------------------------------------------------------------------------------------------------
TASK24	TASK24_S_{}	S-band				0/0	SAT-S3	2020-01-01T00:00:00.000	2020-01-01T04:10:30.000	2020-01-07T00:00:00.000	S-RAD	638.9291278240956/5000.0	45.96250029293672/10.0	4303.3243704457545	777.8678717395984	11.832287842497674	8.928645996461327	12.517395996461328	3.58875
---------------------------------------------------------------------------------------------------------------------------------------
TASK25	TASK25_S_{}	S-band				0/0	SAT-S2	2020-01-01T00:00:00.000	2020-01-02T18:28:30.000	2020-01-07T00:00:00.000	S-RAD	4018.4106817191296/5000.0	54.69502033775519/10.0	5022.5009776753195	122.55889872415673	1.3413522122161654	0.48895243310464576	4.077702433104646	3.58875
---------------------------------------------------------------------------------------------------------------------------------------
TASK26	TASK26_S_{}	S-band				0/0	SAT-S1	2020-01-01T00:00:00.000	2020-01-01T23:34:05.000	2020-01-07T00:00:00.000	S-RAD	1786.5657804076218/5000.0	51.10951447152735/10.0	4854.622953655995	275.8350891489795	7.856468752252813	4.765596694966562	8.354346694966562	3.58875
---------------------------------------------------------------------------------------------------------------------------------------
TASK27	TASK27_S_{}	S-band				0/0	SAT-S3	2020-01-01T00:00:00.000	2020-01-01T01:38:55.000	2020-01-07T00:00:00.000	S-RAD	358.34180774693414/5000.0	43.700534834273626/10.0	3594.717473161571	1417.5588988140855	28.67218487142138	15.087551957946019	18.676301959780115	3.588750001834095
---------------------------------------------------------------------------------------------------------------------------------------
TASK28	TASK28_S_{}	S-band			
---------------------------------------------------------------------------------------------------------------------------------------
TASK29	TASK29_S_{}	S-band			
---------------------------------------------------------------------------------------------------------------------------------------
TASK30	TASK30_S_{}	S-band				0/0	SAT-S1	2020-01-01T00:00:00.000	2020-01-01T05:44:55.000	2020-01-07T00:00:00.000	S-RAD	9992.078702227525/5000.0	60.29843721894394/10.0	5102.658798543967	42.01505332429257	25.56262806419303	12.324962665932034	15.913712665932033	3.58875
