__________________________________
          WINNING VECTORS         
__________________________________
Subtasks:			[IR_{}		IR_{MW}		MW_{}		MW_{IR}	|	IR_{}		IR_{MW}		MW_{}		MW_{IR}	|	IR_{}		IR_{MW}		MW_{}		MW_{IR}	|	IR_{}		IR_{MW}		MW_{}		MW_{IR}	|	IR_{}		IR_{MW}		MW_{}		MW_{IR}	|	IR_{}		IR_{MW}		MW_{}		MW_{IR}	|	IR_{}		IR_{MW}		MW_{}		MW_{IR}	|	IR_{}		IR_{MW}		MW_{}		MW_{IR}	|	IR_{}		IR_{MW}		MW_{}		MW_{IR}	|	IR_{}		IR_{MW}		MW_{}		MW_{IR}	|	IR_{}		IR_{MW}		MW_{}		MW_{IR}	|	IR_{}		IR_{MW}		MW_{}		MW_{IR}	|	IR_{}		IR_{MW}		MW_{}		MW_{IR}	|	IR_{}		IR_{MW}		MW_{}		MW_{IR}	|	IR_{}		IR_{MW}		MW_{}		MW_{IR}	|	IR_{}		IR_{MW}		MW_{}		MW_{IR}	|	IR_{}		IR_{MW}		MW_{}		MW_{IR}	|	IR_{}		IR_{MW}		MW_{}		MW_{IR}	|	IR_{}		IR_{MW}		MW_{}		MW_{IR}	|	IR_{}		IR_{MW}		MW_{}		MW_{IR}	]
Bids Score:			[0.000		16.410		0.000		16.414	|	0.000		0.000		5.918		0.000	|	0.000		0.000		23.602		0.000	|	0.000		0.000		0.000		0.000	|	0.000		0.000		0.000		0.000	|	0.000		8.333		0.000		8.335	|	0.000		0.000		11.127		0.000	|	9.298		0.000		0.000		0.000	|	0.000		1.497		0.000		1.498	|	0.000		18.661		0.000		18.664	|	0.000		0.000		24.155		0.000	|	0.577		0.000		0.000		0.000	|	0.000		1.007		0.000		1.009	|	0.000		0.000		13.335		0.000	|	6.637		0.000		0.000		0.000	|	0.000		0.000		14.358		0.000	|	0.000		0.401		0.000		0.402	|	4.181		0.000		0.000		0.000	|	0.000		17.562		0.000		22.276	|	12.834		0.000		0.000		0.000	]
Measurement Time:	[0.00		48.89		0.00		48.88	|	0.00		0.00		41.04		0.00	|	0.00		0.00		5.83		0.00	|	0.00		0.00		0.00		0.00	|	0.00		0.00		0.00		0.00	|	0.00		57.95		0.00		57.94	|	0.00		0.00		28.24		0.00	|	29.18		0.00		0.00		0.00	|	0.00		100.96		0.00		100.95	|	0.00		35.07		0.00		35.06	|	0.00		0.00		8.25		0.00	|	52.73		0.00		0.00		0.00	|	0.00		79.21		0.00		79.20	|	0.00		0.00		22.85		0.00	|	37.73		0.00		0.00		0.00	|	0.00		0.00		13.63		0.00	|	0.00		91.74		0.00		91.73	|	19.70		0.00		0.00		0.00	|	0.00		27.46		0.00		27.45	|	8.49		0.00		0.00		0.000	]
Iteration Assigned:	[0			77			0			78		|	0			0			117			0		|	0			0			19			0		|	0			0			0			0		|	0			0			0			0		|	0			106			0			106		|	0			0			108			0		|	66			0			0			0		|	0			133			0			132		|	0			77			0			78		|	0			0			35			0		|	95			0			0			0		|	0			119			0			120		|	0			0			94			0		|	95			0			0			0		|	0			0			85			0		|	0			130			0			131		|	66			0			0			0		|	0			18			0			19		|	65			0			0			0		]
Winners:			[-			4			-			3		|	-			-			2			-		|	-			-			3			-		|	-			-			-			-		|	-			-			-			-		|	-			4			-			3		|	-			-			2			-		|	1			-			-			-		|	-			4			-			3		|	-			4			-			3		|	-			-			2			-		|	1			-			-			-		|	-			4			-			3		|	-			-			2			-		|	1			-			-			-		|	-			-			2			-		|	-			4			-			3		|	1			-			-			-		|	-			4			-			3		|	4			-			-			-		]

__________________________________
        PERFORMANCE METRICS       
__________________________________
Coalitions Formed:		7
Coalitions Available:	20
Coalition Ratio:		35.00%

Score Achieved:			416.914
Score Available:		1406.263
Score Ratio:			29.65%

Merge Cost:				0.000000
Split Cost:				0.000000

Avg Cost per Research:	39.30%

Tasks Done:				18
Tasks Available:		20
Tasks Done Ratio:		90.00%

Tasks done w/ 1 sens:	11
Tasks done w/ 2 sens:	7
Tasks done w/ 3 sens:	0

Planning Horizon:		2

__________________________________
           AGENT LIST             
__________________________________
Agent Number:			1
Planning Horizon:		2
Max Const Iteration:	2
Max Solo Bids:			5
Max Any Bids:			10
Iteration Counter:		149
Resources:				100.000000

Location:				[0.000		0.000		0.000]
Sensor List:			[IR]
Bundle:					[68			28			56			44]
Path:					[68			28			56			44]
Time Assignments:		[19.698		29.185		37.729		52.729]
Doing Iterations:		[75		104		130		149]


**********************************
Agent Number:			2
Planning Horizon:		2
Max Const Iteration:	2
Max Solo Bids:			5
Max Any Bids:			10
Iteration Counter:		149
Resources:				100.000000

Location:				[0.000		0.000		0.000]
Sensor List:			[MW]
Bundle:					[42			62			54			26			6]
Path:					[42			62			54			26			6]
Time Assignments:		[8.246		13.631		22.851		28.236		41.042]
Doing Iterations:		[75		105		130		148		]


**********************************
Agent Number:			3
Planning Horizon:		2
Max Const Iteration:	2
Max Solo Bids:			5
Max Any Bids:			10
Iteration Counter:		149
Resources:				100.000000

Location:				[0.000		0.000		0.000]
Sensor List:			[MW]
Bundle:					[10			75			39			3			23			51			67			35]
Path:					[10			75			39			3			23			51			67			35]
Time Assignments:		[5.831		27.446		35.062		48.883		57.939		79.199		91.729		100.948]
Doing Iterations:		[75		105		129		149		]


**********************************
Agent Number:			4
Planning Horizon:		2
Max Const Iteration:	2
Max Solo Bids:			5
Max Any Bids:			10
Iteration Counter:		149
Resources:				100.000000

Location:				[0.000		0.000		0.000]
Sensor List:			[IR]
Bundle:					[73			76			37			1			21			49			65			33]
Path:					[76			73			37			1			21			49			65			33]
Time Assignments:		[8.485		27.456		35.072		48.893		57.949		79.209		91.739		100.958]
Doing Iterations:		[74		105		130		149		]

__________________________________
            TASK LIST             
__________________________________
Task Number:		0
Maximum Score:		93.478491
Subtask Cost:		0.000000
Number of Sensors:	2.000000
Number of Subtasks:	4

Location:			[1.000000, 16.000000, 0.000000]
Sensor List:		[IR, MW]
Subtask List:		[IR_{}, IR_{MW}, MW_{}, MW_{IR}]

Time Constraints:
Start Time:		0.000000
End Time:		Infinity
Task Duration:	0.053894
Corr Time:		0.010000
Lambda:			0.015000
Dependency Matrix:
   [0	-1	-1	-1
	-1	0	-1	1
	-1	-1	0	-1
	-1	1	-1	0]

Time Constraint Matrix:
   [Infinity	Infinity	Infinity	Infinity
	Infinity	Infinity	Infinity	0.010000
	Infinity	Infinity	Infinity	Infinity
	Infinity	0.010000	Infinity	Infinity]


**********************************
Task Number:		1
Maximum Score:		71.254944
Subtask Cost:		0.000000
Number of Sensors:	2.000000
Number of Subtasks:	4

Location:			[16.000000, 34.000000, 0.000000]
Sensor List:		[IR, MW]
Subtask List:		[IR_{}, IR_{MW}, MW_{}, MW_{IR}]

Time Constraints:
Start Time:		0.000000
End Time:		Infinity
Task Duration:	0.833916
Corr Time:		0.010000
Lambda:			0.015000
Dependency Matrix:
   [0	-1	-1	-1
	-1	0	-1	1
	-1	-1	0	-1
	-1	1	-1	0]

Time Constraint Matrix:
   [Infinity	Infinity	Infinity	Infinity
	Infinity	Infinity	Infinity	0.010000
	Infinity	Infinity	Infinity	Infinity
	Infinity	0.010000	Infinity	Infinity]


**********************************
Task Number:		2
Maximum Score:		87.585998
Subtask Cost:		0.000000
Number of Sensors:	2.000000
Number of Subtasks:	4

Location:			[6.000000, 35.000000, 0.000000]
Sensor List:		[IR, MW]
Subtask List:		[IR_{}, IR_{MW}, MW_{}, MW_{IR}]

Time Constraints:
Start Time:		0.000000
End Time:		Infinity
Task Duration:	0.659134
Corr Time:		0.010000
Lambda:			0.015000
Dependency Matrix:
   [0	-1	-1	-1
	-1	0	-1	1
	-1	-1	0	-1
	-1	1	-1	0]

Time Constraint Matrix:
   [Infinity	Infinity	Infinity	Infinity
	Infinity	Infinity	Infinity	0.010000
	Infinity	Infinity	Infinity	Infinity
	Infinity	0.010000	Infinity	Infinity]


**********************************
Task Number:		3
Maximum Score:		53.042355
Subtask Cost:		0.000000
Number of Sensors:	2.000000
Number of Subtasks:	4

Location:			[40.000000, 22.000000, 0.000000]
Sensor List:		[IR, MW]
Subtask List:		[IR_{}, IR_{MW}, MW_{}, MW_{IR}]

Time Constraints:
Start Time:		0.000000
End Time:		Infinity
Task Duration:	0.296287
Corr Time:		0.010000
Lambda:			0.015000
Dependency Matrix:
   [0	-1	-1	-1
	-1	0	-1	1
	-1	-1	0	-1
	-1	1	-1	0]

Time Constraint Matrix:
   [Infinity	Infinity	Infinity	Infinity
	Infinity	Infinity	Infinity	0.010000
	Infinity	Infinity	Infinity	Infinity
	Infinity	0.010000	Infinity	Infinity]


**********************************
Task Number:		4
Maximum Score:		59.840460
Subtask Cost:		0.000000
Number of Sensors:	2.000000
Number of Subtasks:	4

Location:			[3.000000, 48.000000, 0.000000]
Sensor List:		[IR, MW]
Subtask List:		[IR_{}, IR_{MW}, MW_{}, MW_{IR}]

Time Constraints:
Start Time:		0.000000
End Time:		Infinity
Task Duration:	0.265698
Corr Time:		0.010000
Lambda:			0.015000
Dependency Matrix:
   [0	-1	-1	-1
	-1	0	-1	1
	-1	-1	0	-1
	-1	1	-1	0]

Time Constraint Matrix:
   [Infinity	Infinity	Infinity	Infinity
	Infinity	Infinity	Infinity	0.010000
	Infinity	Infinity	Infinity	Infinity
	Infinity	0.010000	Infinity	Infinity]


**********************************
Task Number:		5
Maximum Score:		63.074959
Subtask Cost:		0.000000
Number of Sensors:	2.000000
Number of Subtasks:	4

Location:			[10.000000, 17.000000, 0.000000]
Sensor List:		[IR, MW]
Subtask List:		[IR_{}, IR_{MW}, MW_{}, MW_{IR}]

Time Constraints:
Start Time:		0.000000
End Time:		Infinity
Task Duration:	0.186321
Corr Time:		0.010000
Lambda:			0.015000
Dependency Matrix:
   [0	-1	-1	-1
	-1	0	-1	1
	-1	-1	0	-1
	-1	1	-1	0]

Time Constraint Matrix:
   [Infinity	Infinity	Infinity	Infinity
	Infinity	Infinity	Infinity	0.010000
	Infinity	Infinity	Infinity	Infinity
	Infinity	0.010000	Infinity	Infinity]


**********************************
Task Number:		6
Maximum Score:		64.310871
Subtask Cost:		0.000000
Number of Sensors:	2.000000
Number of Subtasks:	4

Location:			[8.000000, 24.000000, 0.000000]
Sensor List:		[IR, MW]
Subtask List:		[IR_{}, IR_{MW}, MW_{}, MW_{IR}]

Time Constraints:
Start Time:		0.000000
End Time:		Infinity
Task Duration:	0.903058
Corr Time:		0.010000
Lambda:			0.015000
Dependency Matrix:
   [0	-1	-1	-1
	-1	0	-1	1
	-1	-1	0	-1
	-1	1	-1	0]

Time Constraint Matrix:
   [Infinity	Infinity	Infinity	Infinity
	Infinity	Infinity	Infinity	0.010000
	Infinity	Infinity	Infinity	Infinity
	Infinity	0.010000	Infinity	Infinity]


**********************************
Task Number:		7
Maximum Score:		67.025778
Subtask Cost:		0.000000
Number of Sensors:	2.000000
Number of Subtasks:	4

Location:			[19.000000, 8.000000, 0.000000]
Sensor List:		[IR, MW]
Subtask List:		[IR_{}, IR_{MW}, MW_{}, MW_{IR}]

Time Constraints:
Start Time:		0.000000
End Time:		Infinity
Task Duration:	0.795165
Corr Time:		0.010000
Lambda:			0.015000
Dependency Matrix:
   [0	-1	-1	-1
	-1	0	-1	1
	-1	-1	0	-1
	-1	1	-1	0]

Time Constraint Matrix:
   [Infinity	Infinity	Infinity	Infinity
	Infinity	Infinity	Infinity	0.010000
	Infinity	Infinity	Infinity	Infinity
	Infinity	0.010000	Infinity	Infinity]


**********************************
Task Number:		8
Maximum Score:		58.885559
Subtask Cost:		0.000000
Number of Sensors:	2.000000
Number of Subtasks:	4

Location:			[42.000000, 33.000000, 0.000000]
Sensor List:		[IR, MW]
Subtask List:		[IR_{}, IR_{MW}, MW_{}, MW_{IR}]

Time Constraints:
Start Time:		0.000000
End Time:		Infinity
Task Duration:	0.424827
Corr Time:		0.010000
Lambda:			0.015000
Dependency Matrix:
   [0	-1	-1	-1
	-1	0	-1	1
	-1	-1	0	-1
	-1	1	-1	0]

Time Constraint Matrix:
   [Infinity	Infinity	Infinity	Infinity
	Infinity	Infinity	Infinity	0.010000
	Infinity	Infinity	Infinity	Infinity
	Infinity	0.010000	Infinity	Infinity]


**********************************
Task Number:		9
Maximum Score:		77.077860
Subtask Cost:		0.000000
Number of Sensors:	2.000000
Number of Subtasks:	4

Location:			[11.000000, 21.000000, 0.000000]
Sensor List:		[IR, MW]
Subtask List:		[IR_{}, IR_{MW}, MW_{}, MW_{IR}]

Time Constraints:
Start Time:		0.000000
End Time:		Infinity
Task Duration:	0.543848
Corr Time:		0.010000
Lambda:			0.015000
Dependency Matrix:
   [0	-1	-1	-1
	-1	0	-1	1
	-1	-1	0	-1
	-1	1	-1	0]

Time Constraint Matrix:
   [Infinity	Infinity	Infinity	Infinity
	Infinity	Infinity	Infinity	0.010000
	Infinity	Infinity	Infinity	Infinity
	Infinity	0.010000	Infinity	Infinity]


**********************************
Task Number:		10
Maximum Score:		97.124708
Subtask Cost:		0.000000
Number of Sensors:	2.000000
Number of Subtasks:	4

Location:			[7.000000, 8.000000, 0.000000]
Sensor List:		[IR, MW]
Subtask List:		[IR_{}, IR_{MW}, MW_{}, MW_{IR}]

Time Constraints:
Start Time:		0.000000
End Time:		Infinity
Task Duration:	0.962795
Corr Time:		0.010000
Lambda:			0.015000
Dependency Matrix:
   [0	-1	-1	-1
	-1	0	-1	1
	-1	-1	0	-1
	-1	1	-1	0]

Time Constraint Matrix:
   [Infinity	Infinity	Infinity	Infinity
	Infinity	Infinity	Infinity	0.010000
	Infinity	Infinity	Infinity	Infinity
	Infinity	0.010000	Infinity	Infinity]


**********************************
Task Number:		11
Maximum Score:		57.409706
Subtask Cost:		0.000000
Number of Sensors:	2.000000
Number of Subtasks:	4

Location:			[7.000000, 0.000000, 0.000000]
Sensor List:		[IR, MW]
Subtask List:		[IR_{}, IR_{MW}, MW_{}, MW_{IR}]

Time Constraints:
Start Time:		0.000000
End Time:		Infinity
Task Duration:	0.995299
Corr Time:		0.010000
Lambda:			0.015000
Dependency Matrix:
   [0	-1	-1	-1
	-1	0	-1	1
	-1	-1	0	-1
	-1	1	-1	0]

Time Constraint Matrix:
   [Infinity	Infinity	Infinity	Infinity
	Infinity	Infinity	Infinity	0.010000
	Infinity	Infinity	Infinity	Infinity
	Infinity	0.010000	Infinity	Infinity]


**********************************
Task Number:		12
Maximum Score:		81.943628
Subtask Cost:		0.000000
Number of Sensors:	2.000000
Number of Subtasks:	4

Location:			[24.000000, 33.000000, 0.000000]
Sensor List:		[IR, MW]
Subtask List:		[IR_{}, IR_{MW}, MW_{}, MW_{IR}]

Time Constraints:
Start Time:		0.000000
End Time:		Infinity
Task Duration:	0.259037
Corr Time:		0.010000
Lambda:			0.015000
Dependency Matrix:
   [0	-1	-1	-1
	-1	0	-1	1
	-1	-1	0	-1
	-1	1	-1	0]

Time Constraint Matrix:
   [Infinity	Infinity	Infinity	Infinity
	Infinity	Infinity	Infinity	0.010000
	Infinity	Infinity	Infinity	Infinity
	Infinity	0.010000	Infinity	Infinity]


**********************************
Task Number:		13
Maximum Score:		77.401037
Subtask Cost:		0.000000
Number of Sensors:	2.000000
Number of Subtasks:	4

Location:			[3.000000, 22.000000, 0.000000]
Sensor List:		[IR, MW]
Subtask List:		[IR_{}, IR_{MW}, MW_{}, MW_{IR}]

Time Constraints:
Start Time:		0.000000
End Time:		Infinity
Task Duration:	0.663286
Corr Time:		0.010000
Lambda:			0.015000
Dependency Matrix:
   [0	-1	-1	-1
	-1	0	-1	1
	-1	-1	0	-1
	-1	1	-1	0]

Time Constraint Matrix:
   [Infinity	Infinity	Infinity	Infinity
	Infinity	Infinity	Infinity	0.010000
	Infinity	Infinity	Infinity	Infinity
	Infinity	0.010000	Infinity	Infinity]


**********************************
Task Number:		14
Maximum Score:		59.440037
Subtask Cost:		0.000000
Number of Sensors:	2.000000
Number of Subtasks:	4

Location:			[22.000000, 0.000000, 0.000000]
Sensor List:		[IR, MW]
Subtask List:		[IR_{}, IR_{MW}, MW_{}, MW_{IR}]

Time Constraints:
Start Time:		0.000000
End Time:		Infinity
Task Duration:	0.161522
Corr Time:		0.010000
Lambda:			0.015000
Dependency Matrix:
   [0	-1	-1	-1
	-1	0	-1	1
	-1	-1	0	-1
	-1	1	-1	0]

Time Constraint Matrix:
   [Infinity	Infinity	Infinity	Infinity
	Infinity	Infinity	Infinity	0.010000
	Infinity	Infinity	Infinity	Infinity
	Infinity	0.010000	Infinity	Infinity]


**********************************
Task Number:		15
Maximum Score:		63.548928
Subtask Cost:		0.000000
Number of Sensors:	2.000000
Number of Subtasks:	4

Location:			[5.000000, 13.000000, 0.000000]
Sensor List:		[IR, MW]
Subtask List:		[IR_{}, IR_{MW}, MW_{}, MW_{IR}]

Time Constraints:
Start Time:		0.000000
End Time:		Infinity
Task Duration:	0.488890
Corr Time:		0.010000
Lambda:			0.015000
Dependency Matrix:
   [0	-1	-1	-1
	-1	0	-1	1
	-1	-1	0	-1
	-1	1	-1	0]

Time Constraint Matrix:
   [Infinity	Infinity	Infinity	Infinity
	Infinity	Infinity	Infinity	0.010000
	Infinity	Infinity	Infinity	Infinity
	Infinity	0.010000	Infinity	Infinity]


**********************************
Task Number:		16
Maximum Score:		56.756030
Subtask Cost:		0.000000
Number of Sensors:	2.000000
Number of Subtasks:	4

Location:			[35.000000, 39.000000, 0.000000]
Sensor List:		[IR, MW]
Subtask List:		[IR_{}, IR_{MW}, MW_{}, MW_{IR}]

Time Constraints:
Start Time:		0.000000
End Time:		Infinity
Task Duration:	0.153354
Corr Time:		0.010000
Lambda:			0.015000
Dependency Matrix:
   [0	-1	-1	-1
	-1	0	-1	1
	-1	-1	0	-1
	-1	1	-1	0]

Time Constraint Matrix:
   [Infinity	Infinity	Infinity	Infinity
	Infinity	Infinity	Infinity	0.010000
	Infinity	Infinity	Infinity	Infinity
	Infinity	0.010000	Infinity	Infinity]


**********************************
Task Number:		17
Maximum Score:		59.732227
Subtask Cost:		0.000000
Number of Sensors:	2.000000
Number of Subtasks:	4

Location:			[28.000000, 11.000000, 0.000000]
Sensor List:		[IR, MW]
Subtask List:		[IR_{}, IR_{MW}, MW_{}, MW_{IR}]

Time Constraints:
Start Time:		0.000000
End Time:		Infinity
Task Duration:	0.501812
Corr Time:		0.010000
Lambda:			0.015000
Dependency Matrix:
   [0	-1	-1	-1
	-1	0	-1	1
	-1	-1	0	-1
	-1	1	-1	0]

Time Constraint Matrix:
   [Infinity	Infinity	Infinity	Infinity
	Infinity	Infinity	Infinity	0.010000
	Infinity	Infinity	Infinity	Infinity
	Infinity	0.010000	Infinity	Infinity]


**********************************
Task Number:		18
Maximum Score:		93.781654
Subtask Cost:		0.000000
Number of Sensors:	2.000000
Number of Subtasks:	4

Location:			[18.000000, 24.000000, 0.000000]
Sensor List:		[IR, MW]
Subtask List:		[IR_{}, IR_{MW}, MW_{}, MW_{IR}]

Time Constraints:
Start Time:		0.000000
End Time:		Infinity
Task Duration:	0.923022
Corr Time:		0.010000
Lambda:			0.015000
Dependency Matrix:
   [0	-1	-1	-1
	-1	0	-1	1
	-1	-1	0	-1
	-1	1	-1	0]

Time Constraint Matrix:
   [Infinity	Infinity	Infinity	Infinity
	Infinity	Infinity	Infinity	0.010000
	Infinity	Infinity	Infinity	Infinity
	Infinity	0.010000	Infinity	Infinity]


**********************************
Task Number:		19
Maximum Score:		63.548135
Subtask Cost:		0.000000
Number of Sensors:	2.000000
Number of Subtasks:	4

Location:			[36.000000, 23.000000, 0.000000]
Sensor List:		[IR, MW]
Subtask List:		[IR_{}, IR_{MW}, MW_{}, MW_{IR}]

Time Constraints:
Start Time:		0.000000
End Time:		Infinity
Task Duration:	0.193098
Corr Time:		0.010000
Lambda:			0.015000
Dependency Matrix:
   [0	-1	-1	-1
	-1	0	-1	1
	-1	-1	0	-1
	-1	1	-1	0]

Time Constraint Matrix:
   [Infinity	Infinity	Infinity	Infinity
	Infinity	Infinity	Infinity	0.010000
	Infinity	Infinity	Infinity	Infinity
	Infinity	0.010000	Infinity	Infinity]

