---------------------------------------------------------------------------------------------------------------------------------------
TASK1	TASK1_L_{}	L-band		
TASK1	TASK1_L_{S}	L-band	S-band	1/1	SAT-L1	2020-01-01T00:00:00.000	2020-01-01T20:52:10.000	2020-01-07T00:00:00.000	L-RAD	480.66458602489894/5000.0	34.457513094000085/10.0	4012.652672660346	1041.4866115380703	28.49988708170472	8.150929022693465	11.739679022693466	3.58875
TASK1	TASK1_S_{}	S-band		
TASK1	TASK1_S_{L}	S-band	L-band	1/1	SAT-S2	2020-01-01T00:00:00.000	2020-01-01T10:08:40.000	2020-01-07T00:00:00.000	S-RAD	2321.979474791377/5000.0	52.272995414463296/10.0	4924.381802486011	212.2172455418763	0.19148589833702837	13.714394968386383	17.303144968386384	3.58875
---------------------------------------------------------------------------------------------------------------------------------------
TASK2	TASK2_L_{}	L-band		
TASK2	TASK2_L_{S}	L-band	S-band
TASK2	TASK2_S_{}	S-band		
TASK2	TASK2_S_{L}	S-band	L-band
---------------------------------------------------------------------------------------------------------------------------------------
TASK3	TASK3_L_{}	L-band		
TASK3	TASK3_L_{S}	L-band	S-band
TASK3	TASK3_S_{}	S-band			0/0	SAT-S1	2020-01-01T00:00:00.000	2020-01-02T00:41:05.000	2020-01-07T00:00:00.000	S-RAD	993.9271943369409/5000.0	48.03061498013436/10.0	4610.991219144817	495.97156505444997	37.18102862382083	2.8889005930054834	6.4776505930054835	3.58875
TASK3	TASK3_S_{L}	S-band	L-band
---------------------------------------------------------------------------------------------------------------------------------------
TASK4	TASK4_L_{}	L-band			0/0	SAT-L2	2020-01-01T00:00:00.000	2020-01-02T03:03:00.000	2020-01-07T00:00:00.000	L-RAD	556.303267869933/5000.0	35.42112830474269/10.0	4173.51105273389	893.4224129259065	72.22921351796008	2.917650583647049	6.506400583647049	3.58875
TASK4	TASK4_L_{S}	L-band	S-band
TASK4	TASK4_S_{}	S-band		
TASK4	TASK4_S_{L}	S-band	L-band
---------------------------------------------------------------------------------------------------------------------------------------
TASK5	TASK5_L_{}	L-band			0/0	SAT-L1	2020-01-01T00:00:00.000	2020-01-01T16:06:20.000	2020-01-07T00:00:00.000	L-RAD	944.0184996311898/5000.0	38.32917939379069/10.0	4583.070831833168	519.0727972687129	70.81319303767731	3.850717545590885	7.439467545590885	3.58875
TASK5	TASK5_L_{S}	L-band	S-band
TASK5	TASK5_S_{}	S-band		
TASK5	TASK5_S_{L}	S-band	L-band
---------------------------------------------------------------------------------------------------------------------------------------
TASK6	TASK6_L_{}	L-band		
TASK6	TASK6_L_{S}	L-band	S-band	1/1	SAT-L2	2020-01-01T00:00:00.000	2020-01-01T04:16:50.000	2020-01-07T00:00:00.000	L-RAD	930.0822866998408/5000.0	38.11824308210663/10.0	4573.938208694911	528.5246411027913	59.01738179275623	32.57887336604846	36.16762336604846	3.58875
TASK6	TASK6_S_{}	S-band		
TASK6	TASK6_S_{L}	S-band	L-band	1/1	SAT-S2	2020-01-01T00:00:00.000	2020-01-01T03:26:45.000	2020-01-07T00:00:00.000	S-RAD	179.1721011648725/5000.0	25.60717610509493/10.0	1350.6214074157256	3256.74275261446	42.10737900573805	33.54864461279896	37.137394615336916	3.588750002537961
---------------------------------------------------------------------------------------------------------------------------------------
TASK7	TASK7_L_{}	L-band			0/0	SAT-L2	2020-01-01T00:00:00.000	2020-01-01T04:27:25.000	2020-01-07T00:00:00.000	L-RAD	1613.6962269353326/5000.0	40.85124741392213/10.0	4822.21084692714	295.7769247759246	76.96586859124844	16.52395980198163	20.11270980198163	3.58875
TASK7	TASK7_L_{S}	L-band	S-band
TASK7	TASK7_S_{}	S-band		
TASK7	TASK7_S_{L}	S-band	L-band
---------------------------------------------------------------------------------------------------------------------------------------
TASK8	TASK8_L_{}	L-band			0/0	SAT-L1	2020-01-01T00:00:00.000	2020-01-01T06:23:35.000	2020-01-07T00:00:00.000	L-RAD	683.2852348928232/5000.0	36.62957398927225/10.0	4360.378813085417	725.9100924348047	31.486886020810047	12.089420039140965	15.678170039140966	3.58875
TASK8	TASK8_L_{S}	L-band	S-band
TASK8	TASK8_S_{}	S-band		
TASK8	TASK8_S_{L}	S-band	L-band
---------------------------------------------------------------------------------------------------------------------------------------
TASK9	TASK9_L_{}	L-band		
TASK9	TASK9_L_{S}	L-band	S-band	1/1	SAT-L2	2020-01-01T00:00:00.000	2020-01-01T00:20:15.000	2020-01-07T00:00:00.000	L-RAD	181.36060961498916/5000.0	16.725032176753686/10.0	1440.8299582979773	3196.967113114427	37.033909027521815	24.455505919911012	28.044256173703236	3.5887502537922225
TASK9	TASK9_S_{}	S-band		
TASK9	TASK9_S_{L}	S-band	L-band	1/1	SAT-S1	2020-01-01T00:00:00.000	2020-01-01T12:58:45.000	2020-01-07T00:00:00.000	S-RAD	740.7051429909767/5000.0	46.83117795918481/10.0	4422.922790045813	668.6107796312109	33.456392795479324	14.782244561019024	18.370994561019025	3.58875
---------------------------------------------------------------------------------------------------------------------------------------
TASK10	TASK10_L_{}	L-band		
TASK10	TASK10_L_{S}	L-band	S-band	1/1	SAT-L1	2020-01-01T00:00:00.000	2020-01-01T00:55:40.000	2020-01-07T00:00:00.000	L-RAD	169.36724250834862/5000.0	9.865244683175455/10.0	808.2276253329032	3571.2508190886956	32.21085355445317	41.068577197420545	44.657327236949776	3.5887500395292324
TASK10	TASK10_S_{}	S-band		
TASK10	TASK10_S_{L}	S-band	L-band	1/1	SAT-S1	2020-01-01T00:00:00.000	2020-01-01T00:06:10.000	2020-01-07T00:00:00.000	S-RAD	164.27240040533295/5000.0	10.387181560889367/10.0	39.37728036441511	3777.9900645009197	34.685815718398054	42.231558515641225	45.8203120433409	3.5887535276996756
---------------------------------------------------------------------------------------------------------------------------------------
TASK11	TASK11_L_{}	L-band			0/0	SAT-L2	2020-01-01T00:00:00.000	2020-01-01T07:45:55.000	2020-01-07T00:00:00.000	L-RAD	526.3727485277366/5000.0	35.02242544031369/10.0	4115.4164553233195	948.454705803945	19.490974208170332	16.18901542360117	19.77776542360117	3.58875
TASK11	TASK11_L_{S}	L-band	S-band
TASK11	TASK11_S_{}	S-band		
TASK11	TASK11_S_{L}	S-band	L-band
---------------------------------------------------------------------------------------------------------------------------------------
TASK12	TASK12_L_{}	L-band		
TASK12	TASK12_L_{S}	L-band	S-band
TASK12	TASK12_S_{}	S-band		
TASK12	TASK12_S_{L}	S-band	L-band
---------------------------------------------------------------------------------------------------------------------------------------
TASK13	TASK13_L_{}	L-band		
TASK13	TASK13_L_{S}	L-band	S-band
TASK13	TASK13_S_{}	S-band			0/0	SAT-S2	2020-01-01T00:00:00.000	2020-01-01T07:42:50.000	2020-01-07T00:00:00.000	S-RAD	908.4684204414954/5000.0	47.91033472763755/10.0	4560.187854922655	544.1649630736838	19.888114226584165	7.427806634168626	11.016556634168627	3.58875
TASK13	TASK13_S_{L}	S-band	L-band
---------------------------------------------------------------------------------------------------------------------------------------
TASK14	TASK14_L_{}	L-band			0/0	SAT-L1	2020-01-01T00:00:00.000	2020-01-01T22:43:10.000	2020-01-07T00:00:00.000	L-RAD	2205.6726275113674/5000.0	42.10272213397461/10.0	4911.951214761766	212.29953796649835	69.47516774948211	1.2220695900222305	4.810819590022231	3.58875
TASK14	TASK14_L_{S}	L-band	S-band
TASK14	TASK14_S_{}	S-band		
TASK14	TASK14_S_{L}	S-band	L-band
---------------------------------------------------------------------------------------------------------------------------------------
TASK15	TASK15_L_{}	L-band			0/0	SAT-L2	2020-01-01T00:00:00.000	2020-01-01T21:27:30.000	2020-01-07T00:00:00.000	L-RAD	795.2781544713077/5000.0	37.36188601950617/10.0	4473.954983253512	618.0940509443853	77.65053060120091	2.0416111212096277	5.630361121209628	3.58875
TASK15	TASK15_L_{S}	L-band	S-band
TASK15	TASK15_S_{}	S-band		
TASK15	TASK15_S_{L}	S-band	L-band
---------------------------------------------------------------------------------------------------------------------------------------
TASK16	TASK16_L_{}	L-band			0/0	SAT-L1	2020-01-01T00:00:00.000	2020-01-02T15:18:35.000	2020-01-07T00:00:00.000	L-RAD	1865.5903885910006/5000.0	41.309722370521705/10.0	4867.161894153688	262.0519318063296	34.13704031943874	1.7930151498728435	5.381765149872844	3.58875
---------------------------------------------------------------------------------------------------------------------------------------
TASK17	TASK17_L_{}	L-band		
---------------------------------------------------------------------------------------------------------------------------------------
TASK18	TASK18_L_{}	L-band			0/0	SAT-L2	2020-01-01T00:00:00.000	2020-01-01T10:58:20.000	2020-01-07T00:00:00.000	L-RAD	761.1560824959462/5000.0	37.16542582685626/10.0	4443.035308370699	649.6906680714145	44.734933297550796	9.97662903999067	13.56537903999067	3.58875
---------------------------------------------------------------------------------------------------------------------------------------
TASK19	TASK19_L_{}	L-band		
---------------------------------------------------------------------------------------------------------------------------------------
TASK20	TASK20_L_{}	L-band		
---------------------------------------------------------------------------------------------------------------------------------------
TASK21	TASK21_L_{}	L-band		
---------------------------------------------------------------------------------------------------------------------------------------
TASK22	TASK22_L_{}	L-band			0/0	SAT-L2	2020-01-01T00:00:00.000	2020-01-01T12:29:50.000	2020-01-07T00:00:00.000	L-RAD	526.4862118755169/5000.0	35.10048101291807/10.0	4116.104705258604	948.1572715757792	23.31706212335441	6.972135809718808	10.560885809718808	3.58875
---------------------------------------------------------------------------------------------------------------------------------------
TASK23	TASK23_S_{}	S-band			0/0	SAT-S1	2020-01-01T00:00:00.000	2020-01-02T12:12:10.000	2020-01-07T00:00:00.000	S-RAD	811.4812142347744/5000.0	47.36892395673725/10.0	4488.105345820545	609.1363095573831	38.404004197936445	3.141037141928731	6.729787141928731	3.58875
---------------------------------------------------------------------------------------------------------------------------------------
TASK24	TASK24_S_{}	S-band		
---------------------------------------------------------------------------------------------------------------------------------------
TASK25	TASK25_S_{}	S-band			0/0	SAT-S1	2020-01-01T00:00:00.000	2020-01-01T00:57:30.000	2020-01-07T00:00:00.000	S-RAD	913.9427989624348/5000.0	47.84029811428276/10.0	4563.491701148673	539.8188898271078	39.511122908443724	15.355264416493451	18.944014416493452	3.58875
---------------------------------------------------------------------------------------------------------------------------------------
TASK26	TASK26_S_{}	S-band			0/0	SAT-S1	2020-01-01T00:00:00.000	2020-01-02T05:51:05.000	2020-01-07T00:00:00.000	S-RAD	483.0937787088698/5000.0	44.33909295664674/10.0	4018.8069394819113	1035.5288343276934	44.13901863595371	2.846739340955266	6.435489340955266	3.58875
---------------------------------------------------------------------------------------------------------------------------------------
TASK27	TASK27_S_{}	S-band		
---------------------------------------------------------------------------------------------------------------------------------------
TASK28	TASK28_S_{}	S-band			0/0	SAT-S2	2020-01-01T00:00:00.000	2020-01-01T04:59:15.000	2020-01-07T00:00:00.000	S-RAD	1581.221886455459/5000.0	50.26614973821849/10.0	4814.714443721525	311.58406361951364	14.046872168412257	7.002071981099882	10.590821981099882	3.58875
---------------------------------------------------------------------------------------------------------------------------------------
TASK29	TASK29_S_{}	S-band		
---------------------------------------------------------------------------------------------------------------------------------------
TASK30	TASK30_S_{}	S-band		
