0	|	0.000000	0.000000	|	0.000000	0.000000	|	-	-	|	0.000000	0.000000	|	0	0	
1	|	6.983495	6.983495	|	57.562250	57.562250	|	0	0	|	2.844541	2.844541	|	0	0	
2	|	0.000000	0.000000	|	0.000000	0.000000	|	-	-	|	0.000000	0.000000	|	0	0	
3	|	8.076720	8.076720	|	52.426432	52.426432	|	0	0	|	2.538368	2.538368	|	0	0	
4	|	0.000000	0.000000	|	0.000000	0.000000	|	-	-	|	0.000000	0.000000	|	0	0	
5	|	14.759649	14.759649	|	49.581406	49.581406	|	0	0	|	7.535186	7.535186	|	0	0	
6	|	0.000000	0.000000	|	0.000000	0.000000	|	-	-	|	0.000000	0.000000	|	0	0	
7	|	16.972869	16.972869	|	43.271618	43.271618	|	0	0	|	7.535186	7.535186	|	0	0	
8	|	0.000000	0.000000	|	0.000000	0.000000	|	-	-	|	0.000000	0.000000	|	0	0	
9	|	6.238301	6.238301	|	73.166904	73.166904	|	0	0	|	4.212842	4.212842	|	0	0	
10	|	0.000000	0.000000	|	0.000000	0.000000	|	-	-	|	0.000000	0.000000	|	0	0	
11	|	7.075253	7.075253	|	68.031085	68.031085	|	0	0	|	4.212842	4.212842	|	0	0	
12	|	0.000000	0.000000	|	0.000000	0.000000	|	-	-	|	0.000000	0.000000	|	0	0	
13	|	0.000000	0.000000	|	0.000000	0.000000	|	-	-	|	0.000000	0.000000	|	0	0	
14	|	0.000000	0.000000	|	0.000000	0.000000	|	-	-	|	0.000000	0.000000	|	0	0	
15	|	0.000000	0.000000	|	0.000000	0.000000	|	-	-	|	0.000000	0.000000	|	0	0	
16	|	0.000000	0.000000	|	0.000000	0.000000	|	-	-	|	0.000000	0.000000	|	0	0	
17	|	0.000000	0.000000	|	0.000000	0.000000	|	-	-	|	0.000000	0.000000	|	0	0	
18	|	0.000000	0.000000	|	0.000000	0.000000	|	-	-	|	0.000000	0.000000	|	0	0	
19	|	0.000000	0.000000	|	0.000000	0.000000	|	-	-	|	0.000000	0.000000	|	0	0	
20	|	0.000000	0.000000	|	0.000000	0.000000	|	-	-	|	0.000000	0.000000	|	0	0	
21	|	0.000000	0.000000	|	0.000000	0.000000	|	-	-	|	0.000000	0.000000	|	0	0	
22	|	0.000000	0.000000	|	0.000000	0.000000	|	-	-	|	0.000000	0.000000	|	0	0	
23	|	0.000000	0.000000	|	0.000000	0.000000	|	-	-	|	0.000000	0.000000	|	0	0	
24	|	0.000000	0.000000	|	0.000000	0.000000	|	-	-	|	0.000000	0.000000	|	0	0	
25	|	5.913706	5.913706	|	60.385000	60.385000	|	0	0	|	1.374484	1.374484	|	0	0	
26	|	0.000000	0.000000	|	0.000000	0.000000	|	-	-	|	0.000000	0.000000	|	0	0	
27	|	6.497362	6.497362	|	55.249182	55.249182	|	0	0	|	1.374484	1.374484	|	0	0	
28	|	0.000000	0.000000	|	0.000000	0.000000	|	-	-	|	0.000000	0.000000	|	0	0	
29	|	0.000000	0.000000	|	0.000000	0.000000	|	-	-	|	0.000000	0.000000	|	0	0	
30	|	0.000000	0.000000	|	0.000000	0.000000	|	-	-	|	0.000000	0.000000	|	0	0	
31	|	0.000000	0.000000	|	0.000000	0.000000	|	-	-	|	0.000000	0.000000	|	0	0	
32	|	0.000000	0.000000	|	0.000000	0.000000	|	-	-	|	0.000000	0.000000	|	0	0	
33	|	0.000000	0.000000	|	0.000000	0.000000	|	-	-	|	0.000000	0.000000	|	0	0	
34	|	0.000000	0.000000	|	0.000000	0.000000	|	-	-	|	0.000000	0.000000	|	0	0	
35	|	0.000000	0.000000	|	0.000000	0.000000	|	-	-	|	0.000000	0.000000	|	0	0	
36	|	0.000000	0.000000	|	0.000000	0.000000	|	-	-	|	0.000000	0.000000	|	0	0	
37	|	0.000000	0.000000	|	0.000000	0.000000	|	-	-	|	0.000000	0.000000	|	0	0	
38	|	0.000000	0.000000	|	0.000000	0.000000	|	-	-	|	0.000000	0.000000	|	0	0	
39	|	0.000000	0.000000	|	0.000000	0.000000	|	-	-	|	0.000000	0.000000	|	0	0	
40	|	0.000000	0.000000	|	0.000000	0.000000	|	-	-	|	0.000000	0.000000	|	0	0	
41	|	0.000000	0.000000	|	0.000000	0.000000	|	-	-	|	0.000000	0.000000	|	0	0	
42	|	0.000000	0.000000	|	0.000000	0.000000	|	-	-	|	0.000000	0.000000	|	0	0	
43	|	0.000000	0.000000	|	0.000000	0.000000	|	-	-	|	0.000000	0.000000	|	0	0	
44	|	0.000000	0.000000	|	0.000000	0.000000	|	-	-	|	0.000000	0.000000	|	0	0	
45	|	33.760382	33.760382	|	9.542616	9.542616	|	1	1	|	1.667002	1.667002	|	0	0	
46	|	0.000000	0.000000	|	0.000000	0.000000	|	-	-	|	0.000000	0.000000	|	0	0	
47	|	34.773743	34.773743	|	6.585730	6.585730	|	2	2	|	2.260331	2.260331	|	0	0	
48	|	0.000000	0.000000	|	0.000000	0.000000	|	-	-	|	0.000000	0.000000	|	0	0	
49	|	0.000000	0.000000	|	0.000000	0.000000	|	-	-	|	0.000000	0.000000	|	0	0	
50	|	0.000000	0.000000	|	0.000000	0.000000	|	-	-	|	0.000000	0.000000	|	0	0	
51	|	0.000000	0.000000	|	0.000000	0.000000	|	-	-	|	0.000000	0.000000	|	0	0	
52	|	0.000000	0.000000	|	0.000000	0.000000	|	-	-	|	0.000000	0.000000	|	0	0	
53	|	29.653003	29.653003	|	25.142156	25.142156	|	0	0	|	4.587400	4.587400	|	0	0	
54	|	0.000000	0.000000	|	0.000000	0.000000	|	-	-	|	0.000000	0.000000	|	0	0	
55	|	33.498690	33.498690	|	18.832368	18.832368	|	0	0	|	4.140777	4.140777	|	0	0	
56	|	0.000000	0.000000	|	0.000000	0.000000	|	-	-	|	0.000000	0.000000	|	0	0	
57	|	0.000000	0.000000	|	0.000000	0.000000	|	-	-	|	0.000000	0.000000	|	0	0	
58	|	0.000000	0.000000	|	0.000000	0.000000	|	-	-	|	0.000000	0.000000	|	0	0	
59	|	0.000000	0.000000	|	0.000000	0.000000	|	-	-	|	0.000000	0.000000	|	0	0	
60	|	0.000000	0.000000	|	0.000000	0.000000	|	-	-	|	0.000000	0.000000	|	0	0	
61	|	9.653399	9.653399	|	34.720068	34.720068	|	1	1	|	3.531850	3.531850	|	0	0	
62	|	27.189473	27.189473	|	11.046017	11.046017	|	0	0	|	3.718115	3.718115	|	0	0	
63	|	21.162022	21.162022	|	24.327611	24.327611	|	1	1	|	3.826271	3.826271	|	0	0	
64	|	21.763097	21.763097	|	12.902099	12.902099	|	1	1	|	1.527453	1.527453	|	0	0	
65	|	42.081712	42.081712	|	5.693484	5.693484	|	1	1	|	2.192643	2.192643	|	0	0	
66	|	0.069812	0.069812	|	88.267618	88.267618	|	0	0	|	4.873704	4.873704	|	0	0	
67	|	0.000000	0.000000	|	0.000000	0.000000	|	-	-	|	0.000000	0.000000	|	0	0	
68	|	8.075569	8.075569	|	47.576961	47.576961	|	2	2	|	5.654540	5.654540	|	0	0	
69	|	0.000000	0.000000	|	0.000000	0.000000	|	-	-	|	0.000000	0.000000	|	0	0	
70	|	30.827611	30.827611	|	6.303327	6.303327	|	0	0	|	2.366448	2.366448	|	0	0	
71	|	9.829500	9.829500	|	45.519876	45.519876	|	0	0	|	1.210754	1.210754	|	0	0	
72	|	19.210359	19.210359	|	29.736471	29.736471	|	2	2	|	5.915987	5.915987	|	0	0	
73	|	34.315773	34.315773	|	0.654745	0.654745	|	2	2	|	0.756602	0.756602	|	0	0	
74	|	26.374430	26.374430	|	10.978620	10.978620	|	2	2	|	1.821974	1.821974	|	0	0	
