0	|	0.000000	0.000000	0.000000	0.000000	|	0.000000	0.000000	0.000000	0.000000	|	-	-	-	-	|	0	0	0	0	
1	|	0.000000	0.000000	0.000000	0.000000	|	0.000000	0.000000	0.000000	0.000000	|	-	-	-	-	|	0	0	0	0	
2	|	28.205886	28.205886	28.205886	28.205886	|	4.472136	4.472136	4.472136	4.472136	|	3	3	3	3	|	0	0	0	0	
3	|	0.000000	0.000000	0.000000	0.000000	|	0.000000	0.000000	0.000000	0.000000	|	-	-	-	-	|	0	0	0	0	
4	|	0.000000	0.000000	0.000000	0.000000	|	0.000000	0.000000	0.000000	0.000000	|	-	-	-	-	|	0	0	0	0	
5	|	19.464240	19.464240	19.464240	19.464240	|	34.699932	34.699932	34.699932	34.699932	|	4	4	4	4	|	0	0	0	0	
6	|	0.000000	0.000000	0.000000	0.000000	|	0.000000	0.000000	0.000000	0.000000	|	-	-	-	-	|	0	0	0	0	
7	|	19.464240	19.464240	19.464240	19.464240	|	34.699932	34.699932	34.699932	34.699932	|	3	3	3	3	|	0	0	0	0	
8	|	0.000000	0.000000	0.000000	0.000000	|	0.000000	0.000000	0.000000	0.000000	|	-	-	-	-	|	0	0	0	0	
9	|	0.000000	0.000000	0.000000	0.000000	|	0.000000	0.000000	0.000000	0.000000	|	-	-	-	-	|	0	0	0	0	
10	|	0.000000	0.000000	0.000000	0.000000	|	0.000000	0.000000	0.000000	0.000000	|	-	-	-	-	|	0	0	0	0	
11	|	0.000000	0.000000	0.000000	0.000000	|	0.000000	0.000000	0.000000	0.000000	|	-	-	-	-	|	0	0	0	0	
12	|	21.593154	21.593154	21.593154	21.593154	|	21.283524	21.283524	21.283524	21.283524	|	4	4	4	4	|	0	0	0	0	
13	|	0.000000	0.000000	0.000000	0.000000	|	0.000000	0.000000	0.000000	0.000000	|	-	-	-	-	|	0	0	0	0	
14	|	0.000000	0.000000	0.000000	0.000000	|	0.000000	0.000000	0.000000	0.000000	|	-	-	-	-	|	0	0	0	0	
15	|	0.000000	0.000000	0.000000	0.000000	|	0.000000	0.000000	0.000000	0.000000	|	-	-	-	-	|	0	0	0	0	
16	|	23.422619	23.422619	23.422619	23.422619	|	1.000000	1.000000	1.000000	1.000000	|	1	1	1	1	|	0	0	0	0	
17	|	0.000000	0.000000	0.000000	0.000000	|	0.000000	0.000000	0.000000	0.000000	|	-	-	-	-	|	0	0	0	0	
18	|	0.000000	0.000000	0.000000	0.000000	|	0.000000	0.000000	0.000000	0.000000	|	-	-	-	-	|	0	0	0	0	
19	|	0.000000	0.000000	0.000000	0.000000	|	0.000000	0.000000	0.000000	0.000000	|	-	-	-	-	|	0	0	0	0	
20	|	0.000000	0.000000	0.000000	0.000000	|	0.000000	0.000000	0.000000	0.000000	|	-	-	-	-	|	0	0	0	0	
21	|	29.037336	29.037336	29.037336	29.037336	|	25.755660	25.755660	25.755660	25.755660	|	4	4	4	4	|	0	0	0	0	
22	|	0.000000	0.000000	0.000000	0.000000	|	0.000000	0.000000	0.000000	0.000000	|	-	-	-	-	|	0	0	0	0	
23	|	28.752290	28.752290	28.752290	28.752290	|	25.755660	25.755660	25.755660	25.755660	|	3	3	3	3	|	0	0	0	0	
24	|	0.000000	0.000000	0.000000	0.000000	|	0.000000	0.000000	0.000000	0.000000	|	-	-	-	-	|	0	0	0	0	
25	|	1.907222	1.907222	1.907222	1.907222	|	89.113303	89.113303	89.113303	89.113303	|	4	4	4	4	|	0	0	0	0	
26	|	0.000000	0.000000	0.000000	0.000000	|	0.000000	0.000000	0.000000	0.000000	|	-	-	-	-	|	0	0	0	0	
27	|	1.907222	1.907222	1.907222	1.907222	|	89.113303	89.113303	89.113303	89.113303	|	3	3	3	3	|	0	0	0	0	
28	|	0.000000	0.000000	0.000000	0.000000	|	0.000000	0.000000	0.000000	0.000000	|	-	-	-	-	|	0	0	0	0	
29	|	0.000000	0.000000	0.000000	0.000000	|	0.000000	0.000000	0.000000	0.000000	|	-	-	-	-	|	0	0	0	0	
30	|	0.000000	0.000000	0.000000	0.000000	|	0.000000	0.000000	0.000000	0.000000	|	-	-	-	-	|	0	0	0	0	
31	|	0.000000	0.000000	0.000000	0.000000	|	0.000000	0.000000	0.000000	0.000000	|	-	-	-	-	|	0	0	0	0	
32	|	0.000000	0.000000	0.000000	0.000000	|	0.000000	0.000000	0.000000	0.000000	|	-	-	-	-	|	0	0	0	0	
33	|	21.348665	21.348665	21.348665	21.348665	|	18.357560	18.357560	18.357560	18.357560	|	1	1	1	1	|	0	0	0	0	
34	|	0.000000	0.000000	0.000000	0.000000	|	0.000000	0.000000	0.000000	0.000000	|	-	-	-	-	|	0	0	0	0	
35	|	19.973732	19.973732	19.973732	19.973732	|	18.357560	18.357560	18.357560	18.357560	|	2	2	2	2	|	0	0	0	0	
36	|	0.000000	0.000000	0.000000	0.000000	|	0.000000	0.000000	0.000000	0.000000	|	-	-	-	-	|	0	0	0	0	
37	|	3.964924	3.964924	3.964924	3.964924	|	68.016324	68.016324	68.016324	68.016324	|	4	4	4	4	|	0	0	0	0	
38	|	0.000000	0.000000	0.000000	0.000000	|	0.000000	0.000000	0.000000	0.000000	|	-	-	-	-	|	0	0	0	0	
39	|	3.964924	3.964924	3.964924	3.964924	|	68.016324	68.016324	68.016324	68.016324	|	3	3	3	3	|	0	0	0	0	
40	|	0.000000	0.000000	0.000000	0.000000	|	0.000000	0.000000	0.000000	0.000000	|	-	-	-	-	|	0	0	0	0	
41	|	21.385500	21.385500	21.385500	21.385500	|	39.699932	39.699932	39.699932	39.699932	|	4	4	4	4	|	0	0	0	0	
42	|	0.000000	0.000000	0.000000	0.000000	|	0.000000	0.000000	0.000000	0.000000	|	-	-	-	-	|	0	0	0	0	
43	|	21.385500	21.385500	21.385500	21.385500	|	39.699932	39.699932	39.699932	39.699932	|	3	3	3	3	|	0	0	0	0	
44	|	0.000000	0.000000	0.000000	0.000000	|	0.000000	0.000000	0.000000	0.000000	|	-	-	-	-	|	0	0	0	0	
45	|	19.492797	19.492797	19.492797	19.492797	|	45.699932	45.699932	45.699932	45.699932	|	4	4	4	4	|	0	0	0	0	
46	|	0.000000	0.000000	0.000000	0.000000	|	0.000000	0.000000	0.000000	0.000000	|	-	-	-	-	|	0	0	0	0	
47	|	19.492797	19.492797	19.492797	19.492797	|	45.699932	45.699932	45.699932	45.699932	|	3	3	3	3	|	0	0	0	0	
48	|	0.000000	0.000000	0.000000	0.000000	|	0.000000	0.000000	0.000000	0.000000	|	-	-	-	-	|	0	0	0	0	
49	|	5.447998	5.447998	5.447998	5.447998	|	77.071709	77.071709	77.071709	77.071709	|	4	4	4	4	|	0	0	0	0	
50	|	0.000000	0.000000	0.000000	0.000000	|	0.000000	0.000000	0.000000	0.000000	|	-	-	-	-	|	0	0	0	0	
51	|	5.447998	5.447998	5.447998	5.447998	|	77.071709	77.071709	77.071709	77.071709	|	3	3	3	3	|	0	0	0	0	
52	|	0.000000	0.000000	0.000000	0.000000	|	0.000000	0.000000	0.000000	0.000000	|	-	-	-	-	|	0	0	0	0	
53	|	0.000000	0.000000	0.000000	0.000000	|	0.000000	0.000000	0.000000	0.000000	|	-	-	-	-	|	0	0	0	0	
54	|	0.000000	0.000000	0.000000	0.000000	|	0.000000	0.000000	0.000000	0.000000	|	-	-	-	-	|	0	0	0	0	
55	|	0.000000	0.000000	0.000000	0.000000	|	0.000000	0.000000	0.000000	0.000000	|	-	-	-	-	|	0	0	0	0	
56	|	0.000000	0.000000	0.000000	0.000000	|	0.000000	0.000000	0.000000	0.000000	|	-	-	-	-	|	0	0	0	0	
57	|	30.796850	30.796850	30.796850	30.796850	|	20.283524	20.283524	20.283524	20.283524	|	4	4	4	4	|	0	0	0	0	
58	|	0.000000	0.000000	0.000000	0.000000	|	0.000000	0.000000	0.000000	0.000000	|	-	-	-	-	|	0	0	0	0	
59	|	28.223195	28.223195	28.223195	28.223195	|	20.283524	20.283524	20.283524	20.283524	|	3	3	3	3	|	0	0	0	0	
60	|	0.000000	0.000000	0.000000	0.000000	|	0.000000	0.000000	0.000000	0.000000	|	-	-	-	-	|	0	0	0	0	
61	|	0.000000	0.000000	0.000000	0.000000	|	0.000000	0.000000	0.000000	0.000000	|	-	-	-	-	|	0	0	0	0	
62	|	0.000000	0.000000	0.000000	0.000000	|	0.000000	0.000000	0.000000	0.000000	|	-	-	-	-	|	0	0	0	0	
63	|	0.000000	0.000000	0.000000	0.000000	|	0.000000	0.000000	0.000000	0.000000	|	-	-	-	-	|	0	0	0	0	
64	|	0.000000	0.000000	0.000000	0.000000	|	0.000000	0.000000	0.000000	0.000000	|	-	-	-	-	|	0	0	0	0	
65	|	13.489449	13.489449	13.489449	13.489449	|	55.933278	55.933278	55.933278	55.933278	|	4	4	4	4	|	0	0	0	0	
66	|	0.000000	0.000000	0.000000	0.000000	|	0.000000	0.000000	0.000000	0.000000	|	-	-	-	-	|	0	0	0	0	
67	|	13.489449	13.489449	13.489449	13.489449	|	55.933278	55.933278	55.933278	55.933278	|	3	3	3	3	|	0	0	0	0	
68	|	0.000000	0.000000	0.000000	0.000000	|	0.000000	0.000000	0.000000	0.000000	|	-	-	-	-	|	0	0	0	0	
69	|	0.000000	0.000000	0.000000	0.000000	|	0.000000	0.000000	0.000000	0.000000	|	-	-	-	-	|	0	0	0	0	
70	|	11.301916	11.301916	11.301916	11.301916	|	33.490306	33.490306	33.490306	33.490306	|	2	2	2	2	|	0	0	0	0	
71	|	0.000000	0.000000	0.000000	0.000000	|	0.000000	0.000000	0.000000	0.000000	|	-	-	-	-	|	0	0	0	0	
72	|	0.000000	0.000000	0.000000	0.000000	|	0.000000	0.000000	0.000000	0.000000	|	-	-	-	-	|	0	0	0	0	
73	|	11.078101	11.078101	11.078101	11.078101	|	39.573068	39.573068	39.573068	39.573068	|	1	1	1	1	|	0	0	0	0	
74	|	0.000000	0.000000	0.000000	0.000000	|	0.000000	0.000000	0.000000	0.000000	|	-	-	-	-	|	0	0	0	0	
75	|	15.655928	15.655928	15.655928	15.655928	|	39.573068	39.573068	39.573068	39.573068	|	2	2	2	2	|	0	0	0	0	
76	|	0.000000	0.000000	0.000000	0.000000	|	0.000000	0.000000	0.000000	0.000000	|	-	-	-	-	|	0	0	0	0	
77	|	15.347491	15.347491	15.347491	15.347491	|	52.771000	52.771000	52.771000	52.771000	|	4	4	4	4	|	0	0	0	0	
78	|	0.000000	0.000000	0.000000	0.000000	|	0.000000	0.000000	0.000000	0.000000	|	-	-	-	-	|	0	0	0	0	
79	|	15.347491	15.347491	15.347491	15.347491	|	52.771000	52.771000	52.771000	52.771000	|	3	3	3	3	|	0	0	0	0	
