TASK1:
Spatial Resolution Satisfaction:		0.3215033610038399
Signal-to-Noise Ratio Satisfaction:	0.9907780942031337
Temporal Resolution Satisfaction:		0.026021392427037892
Number of Measurements:	6
		TASK1_UHF_{}		{2020-01-02T17:06:27.000}	Spacecraft-3
		TASK1_L_{}		{2020-01-03T04:12:33.000}	Spacecraft-1
		TASK1_C_{}		{2020-01-04T04:07:56.000}	Spacecraft-5
		TASK1_C_{}		{2020-01-04T17:03:53.000}	Spacecraft-7
		TASK1_UHF_{}		{2020-01-05T16:55:40.000}	Spacecraft-3
		TASK1_C_{}		{2020-01-07T04:27:05.000}	Spacecraft-5
---------------------------------------------------------------------------------
TASK2:
Spatial Resolution Satisfaction:		6.754613261263041E-6
Signal-to-Noise Ratio Satisfaction:	0.9865745838162511
Temporal Resolution Satisfaction:		0.08988289251686343
Number of Measurements:	7
		TASK2_L_{}		{2020-01-02T06:01:05.000}	Spacecraft-1
		TASK2_L_{}		{2020-01-02T18:11:28.000}	Spacecraft-1
		TASK2_L_{}		{2020-01-03T06:37:26.000}	Spacecraft-1
		TASK2_L_{}		{2020-01-03T18:47:47.000}	Spacecraft-1
		TASK2_C_{}		{2020-01-05T18:34:49.000}	Spacecraft-7
		TASK2_UHF_{}		{2020-01-06T06:09:28.000}	Spacecraft-3
		TASK2_C_{}		{2020-01-06T18:24:59.000}	Spacecraft-5
---------------------------------------------------------------------------------
TASK3:
Spatial Resolution Satisfaction:		6.343309526899124E-11
Signal-to-Noise Ratio Satisfaction:	0.9676069374142661
Temporal Resolution Satisfaction:		0.0
Number of Measurements:	1
		TASK3_L_{}		{2020-01-07T20:34:18.000}	Spacecraft-1
---------------------------------------------------------------------------------
TASK4:
Spatial Resolution Satisfaction:		0.06643219889011208
Signal-to-Noise Ratio Satisfaction:	0.9861098924599412
Temporal Resolution Satisfaction:		0.2803510667171748
Number of Measurements:	6
		TASK4_L_{}		{2020-01-04T21:02:13.000}	Spacecraft-1
		TASK4_L_{}		{2020-01-05T21:38:35.000}	Spacecraft-1
		TASK4_L_{}		{2020-01-06T08:30:26.000}	Spacecraft-1
		TASK4_UHF_{}		{2020-01-06T21:30:15.000}	Spacecraft-3
		TASK4_C_{}		{2020-01-07T08:33:30.000}	Spacecraft-5
		TASK4_C_{}		{2020-01-07T21:30:43.000}	Spacecraft-7
---------------------------------------------------------------------------------
TASK5:
Spatial Resolution Satisfaction:		3.918677715310541E-4
Signal-to-Noise Ratio Satisfaction:	0.9835410119806748
Temporal Resolution Satisfaction:		0.058920326855476594
Number of Measurements:	6
		TASK5_L_{}		{2020-01-03T16:20:11.000}	Spacecraft-1
		TASK5_L_{}		{2020-01-04T16:56:30.000}	Spacecraft-1
		TASK5_L_{}		{2020-01-05T03:46:13.000}	Spacecraft-1
		TASK5_L_{}		{2020-01-06T04:22:32.000}	Spacecraft-1
		TASK5_UHF_{}		{2020-01-07T04:12:05.000}	Spacecraft-3
		TASK5_C_{}		{2020-01-07T16:35:56.000}	Spacecraft-5
---------------------------------------------------------------------------------
TASK6:
Spatial Resolution Satisfaction:		1.450815630852265E-5
Signal-to-Noise Ratio Satisfaction:	0.9694991373469644
Temporal Resolution Satisfaction:		0.010230488372870017
Number of Measurements:	4
		TASK6_UHF_{}		{2020-01-04T18:00:59.000}	Spacecraft-3
		TASK6_L_{}		{2020-01-07T05:04:44.000}	Spacecraft-1
		TASK6_L_{}		{2020-01-07T17:04:05.000}	Spacecraft-1
		TASK6_UHF_{}		{2020-01-07T17:50:12.000}	Spacecraft-3
---------------------------------------------------------------------------------
TASK7:
Spatial Resolution Satisfaction:		0.9045305708453512
Signal-to-Noise Ratio Satisfaction:	0.9884147301107855
Temporal Resolution Satisfaction:		0.010805786366985901
Number of Measurements:	7
		TASK7_L_{}		{2020-01-01T18:23:15.000}	Spacecraft-1
		TASK7_C_{}		{2020-01-02T18:15:15.000}	Spacecraft-5
		TASK7_UHF_{}		{2020-01-03T05:31:31.000}	Spacecraft-3
		TASK7_C_{}		{2020-01-03T05:53:48.000}	Spacecraft-7
		TASK7_C_{}		{2020-01-03T18:05:26.000}	Spacecraft-7
		TASK7_L_{}		{2020-01-07T04:59:31.000}	Spacecraft-1
		TASK7_L_{}		{2020-01-07T17:09:53.000}	Spacecraft-1
---------------------------------------------------------------------------------
TASK8:
Spatial Resolution Satisfaction:		7.218756117135494E-8
Signal-to-Noise Ratio Satisfaction:	0.9739369038626154
Temporal Resolution Satisfaction:		0.17247650192161176
Number of Measurements:	4
		TASK8_L_{}		{2020-01-05T15:55:20.000}	Spacecraft-1
		TASK8_L_{}		{2020-01-06T16:31:39.000}	Spacecraft-1
		TASK8_L_{}		{2020-01-07T03:21:42.000}	Spacecraft-1
		TASK8_UHF_{}		{2020-01-07T16:17:25.000}	Spacecraft-3
---------------------------------------------------------------------------------
TASK9:
Spatial Resolution Satisfaction:		0.9999896118990333
Signal-to-Noise Ratio Satisfaction:	0.9860692490957365
Temporal Resolution Satisfaction:		0.06014781755987979
Number of Measurements:	6
		TASK9_L_{}		{2020-01-03T13:05:22.000}	Spacecraft-1
		TASK9_L_{}		{2020-01-04T13:41:41.000}	Spacecraft-1
		TASK9_C_{}		{2020-01-05T01:25:54.000}	Spacecraft-5
		TASK9_C_{}		{2020-01-05T13:40:27.000}	Spacecraft-5
		TASK9_UHF_{}		{2020-01-07T00:54:32.000}	Spacecraft-3
		TASK9_UHF_{}		{2020-01-07T13:04:00.000}	Spacecraft-3
---------------------------------------------------------------------------------
TASK10:
Spatial Resolution Satisfaction:		0.0
Signal-to-Noise Ratio Satisfaction:	0.0
Temporal Resolution Satisfaction:		0.0
Number of Measurements:	0
---------------------------------------------------------------------------------
TASK11:
Spatial Resolution Satisfaction:		0.0
Signal-to-Noise Ratio Satisfaction:	0.0
Temporal Resolution Satisfaction:		0.0
Number of Measurements:	0
---------------------------------------------------------------------------------
TASK12:
Spatial Resolution Satisfaction:		0.0
Signal-to-Noise Ratio Satisfaction:	0.0
Temporal Resolution Satisfaction:		0.0
Number of Measurements:	0
---------------------------------------------------------------------------------
TASK13:
Spatial Resolution Satisfaction:		0.9999956362817082
Signal-to-Noise Ratio Satisfaction:	0.9935538416386686
Temporal Resolution Satisfaction:		9.725339790861975E-5
Number of Measurements:	4
		TASK13_C_{}		{2020-01-03T05:07:37.000}	Spacecraft-7
		TASK13_C_{}		{2020-01-05T16:53:33.000}	Spacecraft-7
		TASK13_L_{}		{2020-01-07T04:13:23.000}	Spacecraft-1
		TASK13_C_{}		{2020-01-07T17:22:32.000}	Spacecraft-5
---------------------------------------------------------------------------------
TASK14:
Spatial Resolution Satisfaction:		0.9999756066606151
Signal-to-Noise Ratio Satisfaction:	0.9942822857093329
Temporal Resolution Satisfaction:		1.1647445868905349E-4
Number of Measurements:	3
		TASK14_C_{}		{2020-01-05T00:25:54.000}	Spacecraft-5
		TASK14_C_{}		{2020-01-06T11:13:46.000}	Spacecraft-7
		TASK14_L_{}		{2020-01-07T23:39:31.000}	Spacecraft-1
---------------------------------------------------------------------------------
TASK15:
Spatial Resolution Satisfaction:		0.9967852207581607
Signal-to-Noise Ratio Satisfaction:	0.9967360873147004
Temporal Resolution Satisfaction:		0.010641971565245718
Number of Measurements:	2
		TASK15_C_{}		{2020-01-05T21:09:30.000}	Spacecraft-5
		TASK15_C_{}		{2020-01-06T20:59:41.000}	Spacecraft-7
---------------------------------------------------------------------------------
TASK16:
Spatial Resolution Satisfaction:		0.9999999118174026
Signal-to-Noise Ratio Satisfaction:	0.9975442761165385
Temporal Resolution Satisfaction:		0.473606369604155
Number of Measurements:	2
		TASK16_C_{}		{2020-01-04T11:25:35.000}	Spacecraft-5
		TASK16_C_{}		{2020-01-04T23:44:35.000}	Spacecraft-5
---------------------------------------------------------------------------------
TASK17:
Spatial Resolution Satisfaction:		0.9999173047536034
Signal-to-Noise Ratio Satisfaction:	0.9827059826307104
Temporal Resolution Satisfaction:		0.003081404638553643
Number of Measurements:	5
		TASK17_UHF_{}		{2020-01-03T00:40:03.000}	Spacecraft-3
		TASK17_UHF_{}		{2020-01-04T13:10:27.000}	Spacecraft-3
		TASK17_UHF_{}		{2020-01-06T00:29:15.000}	Spacecraft-3
		TASK17_C_{}		{2020-01-06T12:37:36.000}	Spacecraft-5
		TASK17_UHF_{}		{2020-01-07T12:59:39.000}	Spacecraft-3
---------------------------------------------------------------------------------
TASK18:
Spatial Resolution Satisfaction:		0.9999974109450448
Signal-to-Noise Ratio Satisfaction:	0.9957322169729208
Temporal Resolution Satisfaction:		0.0017196104744328674
Number of Measurements:	6
		TASK18_C_{}		{2020-01-01T10:57:18.000}	Spacecraft-5
		TASK18_C_{}		{2020-01-03T21:35:23.000}	Spacecraft-5
		TASK18_C_{}		{2020-01-04T22:14:14.000}	Spacecraft-5
		TASK18_C_{}		{2020-01-05T22:04:22.000}	Spacecraft-7
		TASK18_C_{}		{2020-01-06T10:08:06.000}	Spacecraft-7
		TASK18_C_{}		{2020-01-07T09:58:15.000}	Spacecraft-5
---------------------------------------------------------------------------------
TASK19:
Spatial Resolution Satisfaction:		0.0
Signal-to-Noise Ratio Satisfaction:	0.0
Temporal Resolution Satisfaction:		0.0
Number of Measurements:	0
---------------------------------------------------------------------------------
TASK20:
Spatial Resolution Satisfaction:		0.0
Signal-to-Noise Ratio Satisfaction:	0.0
Temporal Resolution Satisfaction:		0.0
Number of Measurements:	0
---------------------------------------------------------------------------------
TASK21:
Spatial Resolution Satisfaction:		0.0
Signal-to-Noise Ratio Satisfaction:	0.0
Temporal Resolution Satisfaction:		0.0
Number of Measurements:	0
---------------------------------------------------------------------------------
TASK22:
Spatial Resolution Satisfaction:		2.876089244830435E-10
Signal-to-Noise Ratio Satisfaction:	0.9880186383301196
Temporal Resolution Satisfaction:		0.0
Number of Measurements:	1
		TASK22_L_{}		{2020-01-07T17:23:42.000}	Spacecraft-1
---------------------------------------------------------------------------------
TASK23:
Spatial Resolution Satisfaction:		0.0
Signal-to-Noise Ratio Satisfaction:	0.0
Temporal Resolution Satisfaction:		0.0
Number of Measurements:	0
---------------------------------------------------------------------------------
TASK24:
Spatial Resolution Satisfaction:		0.9998394926288675
Signal-to-Noise Ratio Satisfaction:	0.975432637837719
Temporal Resolution Satisfaction:		1.0569413893807685E-10
Number of Measurements:	2
		TASK24_UHF_{}		{2020-01-04T03:25:07.000}	Spacecraft-3
		TASK24_UHF_{}		{2020-01-07T03:14:19.000}	Spacecraft-3
---------------------------------------------------------------------------------
TASK25:
Spatial Resolution Satisfaction:		0.9998770465869696
Signal-to-Noise Ratio Satisfaction:	0.9591245845695255
Temporal Resolution Satisfaction:		4.493101434606976E-4
Number of Measurements:	4
		TASK25_UHF_{}		{2020-01-03T13:47:28.000}	Spacecraft-3
		TASK25_UHF_{}		{2020-01-04T14:16:08.000}	Spacecraft-3
		TASK25_UHF_{}		{2020-01-06T13:36:41.000}	Spacecraft-3
		TASK25_UHF_{}		{2020-01-07T14:05:20.000}	Spacecraft-3
---------------------------------------------------------------------------------
TASK26:
Spatial Resolution Satisfaction:		0.0
Signal-to-Noise Ratio Satisfaction:	0.0
Temporal Resolution Satisfaction:		0.0
Number of Measurements:	0
---------------------------------------------------------------------------------
TASK27:
Spatial Resolution Satisfaction:		0.9999999999706586
Signal-to-Noise Ratio Satisfaction:	0.9946449036614775
Temporal Resolution Satisfaction:		0.5380320039005888
Number of Measurements:	2
		TASK27_C_{}		{2020-01-07T09:12:26.000}	Spacecraft-7
		TASK27_C_{}		{2020-01-07T20:51:08.000}	Spacecraft-5
---------------------------------------------------------------------------------
TASK28:
Spatial Resolution Satisfaction:		0.9999999651959565
Signal-to-Noise Ratio Satisfaction:	0.9971502041152277
Temporal Resolution Satisfaction:		0.5485724828027622
Number of Measurements:	2
		TASK28_C_{}		{2020-01-07T01:52:11.000}	Spacecraft-7
		TASK28_C_{}		{2020-01-07T13:24:15.000}	Spacecraft-5
---------------------------------------------------------------------------------
TASK29:
Spatial Resolution Satisfaction:		0.0
Signal-to-Noise Ratio Satisfaction:	0.0
Temporal Resolution Satisfaction:		0.0
Number of Measurements:	0
---------------------------------------------------------------------------------
TASK30:
Spatial Resolution Satisfaction:		0.99999995305354
Signal-to-Noise Ratio Satisfaction:	0.9969106381747949
Temporal Resolution Satisfaction:		0.0
Number of Measurements:	1
		TASK30_C_{}		{2020-01-07T09:14:08.000}	Spacecraft-5
---------------------------------------------------------------------------------
