0	|	0.000000	0.000000	0.000000	0.000000	|	0.000000	0.000000	0.000000	0.000000	|	-	-	-	-	|	0.000000	0.000000	0.000000	0.000000	|	0	0	0	0	
1	|	3.199645	3.199645	3.199645	3.199645	|	90.885238	90.885238	90.885238	90.885238	|	4	4	4	4	|	3.481696	3.481696	3.481696	3.481696	|	0	0	0	0	
2	|	0.000000	0.000000	0.000000	0.000000	|	0.000000	0.000000	0.000000	0.000000	|	-	-	-	-	|	0.000000	0.000000	0.000000	0.000000	|	0	0	0	0	
3	|	3.431881	3.431881	3.431881	3.431881	|	88.974083	88.974083	88.974083	88.974083	|	3	3	3	3	|	3.443769	3.443769	3.443769	3.443769	|	0	0	0	0	
4	|	4.188162	4.188162	4.188162	4.188162	|	65.808195	65.808195	65.808195	65.808195	|	4	4	4	4	|	4.631489	4.631489	4.631489	4.631489	|	0	0	0	0	
5	|	0.000000	0.000000	0.000000	0.000000	|	0.000000	0.000000	0.000000	0.000000	|	-	-	-	-	|	0.000000	0.000000	0.000000	0.000000	|	0	0	0	0	
6	|	0.000000	0.000000	0.000000	0.000000	|	0.000000	0.000000	0.000000	0.000000	|	-	-	-	-	|	0.000000	0.000000	0.000000	0.000000	|	0	0	0	0	
7	|	0.000000	0.000000	0.000000	0.000000	|	0.000000	0.000000	0.000000	0.000000	|	-	-	-	-	|	0.000000	0.000000	0.000000	0.000000	|	0	0	0	0	
8	|	0.000000	0.000000	0.000000	0.000000	|	0.000000	0.000000	0.000000	0.000000	|	-	-	-	-	|	0.000000	0.000000	0.000000	0.000000	|	0	0	0	0	
9	|	9.841592	9.841592	9.841592	9.841592	|	70.250198	70.250198	70.250198	70.250198	|	1	1	1	1	|	1.887772	1.887772	1.887772	1.887772	|	0	0	0	0	
10	|	0.000000	0.000000	0.000000	0.000000	|	0.000000	0.000000	0.000000	0.000000	|	-	-	-	-	|	0.000000	0.000000	0.000000	0.000000	|	0	0	0	0	
11	|	10.061276	10.061276	10.061276	10.061276	|	68.050743	68.050743	68.050743	68.050743	|	3	3	3	3	|	2.061515	2.061515	2.061515	2.061515	|	0	0	0	0	
12	|	0.000000	0.000000	0.000000	0.000000	|	0.000000	0.000000	0.000000	0.000000	|	-	-	-	-	|	0.000000	0.000000	0.000000	0.000000	|	0	0	0	0	
13	|	4.640159	4.640159	4.640159	4.640159	|	79.794946	79.794946	79.794946	79.794946	|	1	1	1	1	|	3.210236	3.210236	3.210236	3.210236	|	0	0	0	0	
14	|	0.000000	0.000000	0.000000	0.000000	|	0.000000	0.000000	0.000000	0.000000	|	-	-	-	-	|	0.000000	0.000000	0.000000	0.000000	|	0	0	0	0	
15	|	6.516396	6.516396	6.516396	6.516396	|	75.794946	75.794946	75.794946	75.794946	|	2	2	2	2	|	1.819440	1.819440	1.819440	1.819440	|	0	0	0	0	
16	|	0.000000	0.000000	0.000000	0.000000	|	0.000000	0.000000	0.000000	0.000000	|	-	-	-	-	|	0.000000	0.000000	0.000000	0.000000	|	0	0	0	0	
17	|	0.000000	0.000000	0.000000	0.000000	|	0.000000	0.000000	0.000000	0.000000	|	-	-	-	-	|	0.000000	0.000000	0.000000	0.000000	|	0	0	0	0	
18	|	7.395798	7.395798	7.395798	7.395798	|	63.846075	63.846075	63.846075	63.846075	|	2	2	2	2	|	1.379757	1.379757	1.379757	1.379757	|	0	0	0	0	
19	|	0.000000	0.000000	0.000000	0.000000	|	0.000000	0.000000	0.000000	0.000000	|	-	-	-	-	|	0.000000	0.000000	0.000000	0.000000	|	0	0	0	0	
20	|	0.000000	0.000000	0.000000	0.000000	|	0.000000	0.000000	0.000000	0.000000	|	-	-	-	-	|	0.000000	0.000000	0.000000	0.000000	|	0	0	0	0	
21	|	23.528809	23.528809	23.528809	23.528809	|	25.699477	25.699477	25.699477	25.699477	|	4	4	4	4	|	5.037380	5.037380	5.037380	5.037380	|	0	0	0	0	
22	|	0.000000	0.000000	0.000000	0.000000	|	0.000000	0.000000	0.000000	0.000000	|	-	-	-	-	|	0.000000	0.000000	0.000000	0.000000	|	0	0	0	0	
23	|	28.517326	28.517326	28.517326	28.517326	|	21.699477	21.699477	21.699477	21.699477	|	3	3	3	3	|	1.815297	1.815297	1.815297	1.815297	|	0	0	0	0	
24	|	0.000000	0.000000	0.000000	0.000000	|	0.000000	0.000000	0.000000	0.000000	|	-	-	-	-	|	0.000000	0.000000	0.000000	0.000000	|	0	0	0	0	
25	|	40.165551	40.165551	40.165551	40.165551	|	8.720295	8.720295	8.720295	8.720295	|	4	4	4	4	|	0.895638	0.895638	0.895638	0.895638	|	0	0	0	0	
26	|	0.000000	0.000000	0.000000	0.000000	|	0.000000	0.000000	0.000000	0.000000	|	-	-	-	-	|	0.000000	0.000000	0.000000	0.000000	|	0	0	0	0	
27	|	34.935266	34.935266	34.935266	34.935266	|	12.720295	12.720295	12.720295	12.720295	|	2	2	2	2	|	3.734706	3.734706	3.734706	3.734706	|	0	0	0	0	
28	|	0.000000	0.000000	0.000000	0.000000	|	0.000000	0.000000	0.000000	0.000000	|	-	-	-	-	|	0.000000	0.000000	0.000000	0.000000	|	0	0	0	0	
29	|	0.000000	0.000000	0.000000	0.000000	|	0.000000	0.000000	0.000000	0.000000	|	-	-	-	-	|	0.000000	0.000000	0.000000	0.000000	|	0	0	0	0	
30	|	0.000000	0.000000	0.000000	0.000000	|	0.000000	0.000000	0.000000	0.000000	|	-	-	-	-	|	0.000000	0.000000	0.000000	0.000000	|	0	0	0	0	
31	|	0.000000	0.000000	0.000000	0.000000	|	0.000000	0.000000	0.000000	0.000000	|	-	-	-	-	|	0.000000	0.000000	0.000000	0.000000	|	0	0	0	0	
32	|	0.000000	0.000000	0.000000	0.000000	|	0.000000	0.000000	0.000000	0.000000	|	-	-	-	-	|	0.000000	0.000000	0.000000	0.000000	|	0	0	0	0	
33	|	13.265019	13.265019	13.265019	13.265019	|	60.094210	60.094210	60.094210	60.094210	|	1	1	1	1	|	2.612721	2.612721	2.612721	2.612721	|	0	0	0	0	
34	|	0.000000	0.000000	0.000000	0.000000	|	0.000000	0.000000	0.000000	0.000000	|	-	-	-	-	|	0.000000	0.000000	0.000000	0.000000	|	0	0	0	0	
35	|	14.592876	14.592876	14.592876	14.592876	|	57.894755	57.894755	57.894755	57.894755	|	3	3	3	3	|	1.817437	1.817437	1.817437	1.817437	|	0	0	0	0	
36	|	0.000000	0.000000	0.000000	0.000000	|	0.000000	0.000000	0.000000	0.000000	|	-	-	-	-	|	0.000000	0.000000	0.000000	0.000000	|	0	0	0	0	
37	|	0.000000	0.000000	0.000000	0.000000	|	0.000000	0.000000	0.000000	0.000000	|	-	-	-	-	|	0.000000	0.000000	0.000000	0.000000	|	0	0	0	0	
38	|	8.463840	8.463840	8.463840	8.463840	|	41.100418	41.100418	41.100418	41.100418	|	2	2	2	2	|	5.315293	5.315293	5.315293	5.315293	|	0	0	0	0	
39	|	0.000000	0.000000	0.000000	0.000000	|	0.000000	0.000000	0.000000	0.000000	|	-	-	-	-	|	0.000000	0.000000	0.000000	0.000000	|	0	0	0	0	
40	|	0.000000	0.000000	0.000000	0.000000	|	0.000000	0.000000	0.000000	0.000000	|	-	-	-	-	|	0.000000	0.000000	0.000000	0.000000	|	0	0	0	0	
41	|	4.695636	4.695636	4.695636	4.695636	|	80.215230	80.215230	80.215230	80.215230	|	4	4	4	4	|	4.487388	4.487388	4.487388	4.487388	|	0	0	0	0	
42	|	0.000000	0.000000	0.000000	0.000000	|	0.000000	0.000000	0.000000	0.000000	|	-	-	-	-	|	0.000000	0.000000	0.000000	0.000000	|	0	0	0	0	
43	|	6.243710	6.243710	6.243710	6.243710	|	78.304075	78.304075	78.304075	78.304075	|	3	3	3	3	|	3.206376	3.206376	3.206376	3.206376	|	0	0	0	0	
44	|	0.000000	0.000000	0.000000	0.000000	|	0.000000	0.000000	0.000000	0.000000	|	-	-	-	-	|	0.000000	0.000000	0.000000	0.000000	|	0	0	0	0	
45	|	0.000000	0.000000	0.000000	0.000000	|	0.000000	0.000000	0.000000	0.000000	|	-	-	-	-	|	0.000000	0.000000	0.000000	0.000000	|	0	0	0	0	
46	|	8.703291	8.703291	8.703291	8.703291	|	44.397579	44.397579	44.397579	44.397579	|	2	2	2	2	|	1.434935	1.434935	1.434935	1.434935	|	0	0	0	0	
47	|	0.000000	0.000000	0.000000	0.000000	|	0.000000	0.000000	0.000000	0.000000	|	-	-	-	-	|	0.000000	0.000000	0.000000	0.000000	|	0	0	0	0	
48	|	0.000000	0.000000	0.000000	0.000000	|	0.000000	0.000000	0.000000	0.000000	|	-	-	-	-	|	0.000000	0.000000	0.000000	0.000000	|	0	0	0	0	
49	|	15.787940	15.787940	15.787940	15.787940	|	36.758064	36.758064	36.758064	36.758064	|	1	1	1	1	|	8.985719	8.985719	8.985719	8.985719	|	0	0	0	0	
50	|	0.000000	0.000000	0.000000	0.000000	|	0.000000	0.000000	0.000000	0.000000	|	-	-	-	-	|	0.000000	0.000000	0.000000	0.000000	|	0	0	0	0	
51	|	17.543607	17.543607	17.543607	17.543607	|	40.758064	40.758064	40.758064	40.758064	|	3	3	3	3	|	5.787346	5.787346	5.787346	5.787346	|	0	0	0	0	
52	|	0.000000	0.000000	0.000000	0.000000	|	0.000000	0.000000	0.000000	0.000000	|	-	-	-	-	|	0.000000	0.000000	0.000000	0.000000	|	0	0	0	0	
53	|	13.679515	13.679515	13.679515	13.679515	|	64.622601	64.622601	64.622601	64.622601	|	1	1	1	1	|	1.574454	1.574454	1.574454	1.574454	|	0	0	0	0	
54	|	0.000000	0.000000	0.000000	0.000000	|	0.000000	0.000000	0.000000	0.000000	|	-	-	-	-	|	0.000000	0.000000	0.000000	0.000000	|	0	0	0	0	
55	|	14.075304	14.075304	14.075304	14.075304	|	62.423145	62.423145	62.423145	62.423145	|	3	3	3	3	|	1.690316	1.690316	1.690316	1.690316	|	0	0	0	0	
56	|	0.000000	0.000000	0.000000	0.000000	|	0.000000	0.000000	0.000000	0.000000	|	-	-	-	-	|	0.000000	0.000000	0.000000	0.000000	|	0	0	0	0	
57	|	18.221663	18.221663	18.221663	18.221663	|	48.480120	48.480120	48.480120	48.480120	|	1	1	1	1	|	3.608327	3.608327	3.608327	3.608327	|	0	0	0	0	
58	|	0.000000	0.000000	0.000000	0.000000	|	0.000000	0.000000	0.000000	0.000000	|	-	-	-	-	|	0.000000	0.000000	0.000000	0.000000	|	0	0	0	0	
59	|	16.648539	16.648539	16.648539	16.648539	|	52.480120	52.480120	52.480120	52.480120	|	3	3	3	3	|	3.910171	3.910171	3.910171	3.910171	|	0	0	0	0	
60	|	8.326146	8.326146	8.326146	8.326146	|	51.431696	51.431696	51.431696	51.431696	|	4	4	4	4	|	2.421901	2.421901	2.421901	2.421901	|	0	0	0	0	
61	|	11.942774	11.942774	11.942774	11.942774	|	44.723378	44.723378	44.723378	44.723378	|	4	4	4	4	|	3.891179	3.891179	3.891179	3.891179	|	0	0	0	0	
62	|	0.000000	0.000000	0.000000	0.000000	|	0.000000	0.000000	0.000000	0.000000	|	-	-	-	-	|	0.000000	0.000000	0.000000	0.000000	|	0	0	0	0	
63	|	0.000000	0.000000	0.000000	0.000000	|	0.000000	0.000000	0.000000	0.000000	|	-	-	-	-	|	0.000000	0.000000	0.000000	0.000000	|	0	0	0	0	
64	|	15.924626	15.924626	15.924626	15.924626	|	33.005375	33.005375	33.005375	33.005375	|	4	4	4	4	|	2.612435	2.612435	2.612435	2.612435	|	0	0	0	0	
65	|	0.000000	0.000000	0.000000	0.000000	|	0.000000	0.000000	0.000000	0.000000	|	-	-	-	-	|	0.000000	0.000000	0.000000	0.000000	|	0	0	0	0	
66	|	0.000000	0.000000	0.000000	0.000000	|	0.000000	0.000000	0.000000	0.000000	|	-	-	-	-	|	0.000000	0.000000	0.000000	0.000000	|	0	0	0	0	
67	|	13.475585	13.475585	13.475585	13.475585	|	51.608368	51.608368	51.608368	51.608368	|	1	1	1	1	|	1.434976	1.434976	1.434976	1.434976	|	0	0	0	0	
68	|	0.000000	0.000000	0.000000	0.000000	|	0.000000	0.000000	0.000000	0.000000	|	-	-	-	-	|	0.000000	0.000000	0.000000	0.000000	|	0	0	0	0	
69	|	0.000000	0.000000	0.000000	0.000000	|	0.000000	0.000000	0.000000	0.000000	|	-	-	-	-	|	0.000000	0.000000	0.000000	0.000000	|	0	0	0	0	
70	|	0.000000	0.000000	0.000000	0.000000	|	0.000000	0.000000	0.000000	0.000000	|	-	-	-	-	|	0.000000	0.000000	0.000000	0.000000	|	0	0	0	0	
71	|	2.094051	2.094051	2.094051	2.094051	|	81.729637	81.729637	81.729637	81.729637	|	2	2	2	2	|	2.195195	2.195195	2.195195	2.195195	|	0	0	0	0	
72	|	4.032696	4.032696	4.032696	4.032696	|	60.003608	60.003608	60.003608	60.003608	|	2	2	2	2	|	5.001853	5.001853	5.001853	5.001853	|	0	0	0	0	
73	|	0.000000	0.000000	0.000000	0.000000	|	0.000000	0.000000	0.000000	0.000000	|	-	-	-	-	|	0.000000	0.000000	0.000000	0.000000	|	0	0	0	0	
74	|	27.491732	27.491732	27.491732	27.491732	|	24.355423	24.355423	24.355423	24.355423	|	2	2	2	2	|	3.677974	3.677974	3.677974	3.677974	|	0	0	0	0	
