0	|	0.000000	0.000000	0.000000	|	0.000000	0.000000	0.000000	|	-	-	-	|	0.000000	0.000000	0.000000	|	0	0	0	
1	|	0.000000	0.000000	0.000000	|	0.000000	0.000000	0.000000	|	-	-	-	|	0.000000	0.000000	0.000000	|	0	0	0	
2	|	0.000000	0.000000	0.000000	|	0.000000	0.000000	0.000000	|	-	-	-	|	0.000000	0.000000	0.000000	|	0	0	0	
3	|	0.000000	0.000000	0.000000	|	0.000000	0.000000	0.000000	|	-	-	-	|	0.000000	0.000000	0.000000	|	0	0	0	
4	|	0.000000	0.000000	0.000000	|	0.000000	0.000000	0.000000	|	-	-	-	|	0.000000	0.000000	0.000000	|	0	0	0	
5	|	0.000000	0.000000	0.000000	|	0.000000	0.000000	0.000000	|	-	-	-	|	0.000000	0.000000	0.000000	|	0	0	0	
6	|	0.000000	0.000000	0.000000	|	0.000000	0.000000	0.000000	|	-	-	-	|	0.000000	0.000000	0.000000	|	0	0	0	
7	|	0.000000	0.000000	0.000000	|	0.000000	0.000000	0.000000	|	-	-	-	|	0.000000	0.000000	0.000000	|	0	0	0	
8	|	0.000000	0.000000	0.000000	|	0.000000	0.000000	0.000000	|	-	-	-	|	0.000000	0.000000	0.000000	|	0	0	0	
9	|	0.000000	0.000000	0.000000	|	0.000000	0.000000	0.000000	|	-	-	-	|	0.000000	0.000000	0.000000	|	0	0	0	
10	|	0.000000	0.000000	0.000000	|	0.000000	0.000000	0.000000	|	-	-	-	|	0.000000	0.000000	0.000000	|	0	0	0	
11	|	0.000000	0.000000	0.000000	|	0.000000	0.000000	0.000000	|	-	-	-	|	0.000000	0.000000	0.000000	|	0	0	0	
12	|	0.000000	0.000000	0.000000	|	0.000000	0.000000	0.000000	|	-	-	-	|	0.000000	0.000000	0.000000	|	0	0	0	
13	|	0.000000	0.000000	0.000000	|	0.000000	0.000000	0.000000	|	-	-	-	|	0.000000	0.000000	0.000000	|	0	0	0	
14	|	0.000000	0.000000	0.000000	|	0.000000	0.000000	0.000000	|	-	-	-	|	0.000000	0.000000	0.000000	|	0	0	0	
15	|	0.000000	0.000000	0.000000	|	0.000000	0.000000	0.000000	|	-	-	-	|	0.000000	0.000000	0.000000	|	0	0	0	
16	|	2.427659	2.427659	2.427659	|	55.640932	55.640932	55.640932	|	3	3	3	|	4.858889	4.858889	4.858889	|	0	0	0	
17	|	0.000000	0.000000	0.000000	|	0.000000	0.000000	0.000000	|	-	-	-	|	0.000000	0.000000	0.000000	|	0	0	0	
18	|	0.000000	0.000000	0.000000	|	0.000000	0.000000	0.000000	|	-	-	-	|	0.000000	0.000000	0.000000	|	0	0	0	
19	|	0.000000	0.000000	0.000000	|	0.000000	0.000000	0.000000	|	-	-	-	|	0.000000	0.000000	0.000000	|	0	0	0	
20	|	0.000000	0.000000	0.000000	|	0.000000	0.000000	0.000000	|	-	-	-	|	0.000000	0.000000	0.000000	|	0	0	0	
21	|	0.000000	0.000000	0.000000	|	0.000000	0.000000	0.000000	|	-	-	-	|	0.000000	0.000000	0.000000	|	0	0	0	
22	|	0.000000	0.000000	0.000000	|	0.000000	0.000000	0.000000	|	-	-	-	|	0.000000	0.000000	0.000000	|	0	0	0	
23	|	0.000000	0.000000	0.000000	|	0.000000	0.000000	0.000000	|	-	-	-	|	0.000000	0.000000	0.000000	|	0	0	0	
24	|	0.000000	0.000000	0.000000	|	0.000000	0.000000	0.000000	|	-	-	-	|	0.000000	0.000000	0.000000	|	0	0	0	
25	|	0.000000	0.000000	0.000000	|	0.000000	0.000000	0.000000	|	-	-	-	|	0.000000	0.000000	0.000000	|	0	0	0	
26	|	0.000000	0.000000	0.000000	|	0.000000	0.000000	0.000000	|	-	-	-	|	0.000000	0.000000	0.000000	|	0	0	0	
27	|	0.000000	0.000000	0.000000	|	0.000000	0.000000	0.000000	|	-	-	-	|	0.000000	0.000000	0.000000	|	0	0	0	
28	|	6.256716	6.256716	6.256716	|	35.533298	35.533298	35.533298	|	0	0	0	|	3.924595	3.924595	3.924595	|	0	0	0	
29	|	0.000000	0.000000	0.000000	|	0.000000	0.000000	0.000000	|	-	-	-	|	0.000000	0.000000	0.000000	|	0	0	0	
30	|	0.000000	0.000000	0.000000	|	0.000000	0.000000	0.000000	|	-	-	-	|	0.000000	0.000000	0.000000	|	0	0	0	
31	|	0.000000	0.000000	0.000000	|	0.000000	0.000000	0.000000	|	-	-	-	|	0.000000	0.000000	0.000000	|	0	0	0	
32	|	0.000000	0.000000	0.000000	|	0.000000	0.000000	0.000000	|	-	-	-	|	0.000000	0.000000	0.000000	|	0	0	0	
33	|	0.000000	0.000000	0.000000	|	0.000000	0.000000	0.000000	|	-	-	-	|	0.000000	0.000000	0.000000	|	0	0	0	
34	|	19.664458	19.664458	19.664458	|	6.911400	6.911400	6.911400	|	2	2	2	|	7.481400	7.481400	7.481400	|	0	0	0	
35	|	0.000000	0.000000	0.000000	|	0.000000	0.000000	0.000000	|	-	-	-	|	0.000000	0.000000	0.000000	|	0	0	0	
36	|	1.856507	1.856507	1.856507	|	71.529815	71.529815	71.529815	|	0	0	0	|	2.012569	2.012569	2.012569	|	0	0	0	
37	|	0.000000	0.000000	0.000000	|	0.000000	0.000000	0.000000	|	-	-	-	|	0.000000	0.000000	0.000000	|	0	0	0	
38	|	0.000000	0.000000	0.000000	|	0.000000	0.000000	0.000000	|	-	-	-	|	0.000000	0.000000	0.000000	|	0	0	0	
39	|	0.000000	0.000000	0.000000	|	0.000000	0.000000	0.000000	|	-	-	-	|	0.000000	0.000000	0.000000	|	0	0	0	
40	|	4.921299	4.921299	4.921299	|	40.592199	40.592199	40.592199	|	3	3	3	|	1.882274	1.882274	1.882274	|	0	0	0	
41	|	0.000000	0.000000	0.000000	|	0.000000	0.000000	0.000000	|	-	-	-	|	0.000000	0.000000	0.000000	|	0	0	0	
42	|	0.000000	0.000000	0.000000	|	0.000000	0.000000	0.000000	|	-	-	-	|	0.000000	0.000000	0.000000	|	0	0	0	
43	|	0.000000	0.000000	0.000000	|	0.000000	0.000000	0.000000	|	-	-	-	|	0.000000	0.000000	0.000000	|	0	0	0	
44	|	7.498412	7.498412	7.498412	|	23.762790	23.762790	23.762790	|	0	0	0	|	1.387786	1.387786	1.387786	|	0	0	0	
45	|	0.000000	0.000000	0.000000	|	0.000000	0.000000	0.000000	|	-	-	-	|	0.000000	0.000000	0.000000	|	0	0	0	
46	|	0.000000	0.000000	0.000000	|	0.000000	0.000000	0.000000	|	-	-	-	|	0.000000	0.000000	0.000000	|	0	0	0	
47	|	0.000000	0.000000	0.000000	|	0.000000	0.000000	0.000000	|	-	-	-	|	0.000000	0.000000	0.000000	|	0	0	0	
48	|	0.000000	0.000000	0.000000	|	0.000000	0.000000	0.000000	|	-	-	-	|	0.000000	0.000000	0.000000	|	0	0	0	
49	|	0.000000	0.000000	0.000000	|	0.000000	0.000000	0.000000	|	-	-	-	|	0.000000	0.000000	0.000000	|	0	0	0	
50	|	0.000000	0.000000	0.000000	|	0.000000	0.000000	0.000000	|	-	-	-	|	0.000000	0.000000	0.000000	|	0	0	0	
51	|	0.000000	0.000000	0.000000	|	0.000000	0.000000	0.000000	|	-	-	-	|	0.000000	0.000000	0.000000	|	0	0	0	
52	|	0.000000	0.000000	0.000000	|	0.000000	0.000000	0.000000	|	-	-	-	|	0.000000	0.000000	0.000000	|	0	0	0	
53	|	0.000000	0.000000	0.000000	|	0.000000	0.000000	0.000000	|	-	-	-	|	0.000000	0.000000	0.000000	|	0	0	0	
54	|	0.000000	0.000000	0.000000	|	0.000000	0.000000	0.000000	|	-	-	-	|	0.000000	0.000000	0.000000	|	0	0	0	
55	|	0.000000	0.000000	0.000000	|	0.000000	0.000000	0.000000	|	-	-	-	|	0.000000	0.000000	0.000000	|	0	0	0	
56	|	0.000000	0.000000	0.000000	|	0.000000	0.000000	0.000000	|	-	-	-	|	0.000000	0.000000	0.000000	|	0	0	0	
57	|	0.000000	0.000000	0.000000	|	0.000000	0.000000	0.000000	|	-	-	-	|	0.000000	0.000000	0.000000	|	0	0	0	
58	|	0.000000	0.000000	0.000000	|	0.000000	0.000000	0.000000	|	-	-	-	|	0.000000	0.000000	0.000000	|	0	0	0	
59	|	0.000000	0.000000	0.000000	|	0.000000	0.000000	0.000000	|	-	-	-	|	0.000000	0.000000	0.000000	|	0	0	0	
60	|	22.165245	22.165245	22.165245	|	11.591542	11.591542	11.591542	|	0	0	0	|	3.873590	3.873590	3.873590	|	0	0	0	
61	|	0.664918	0.664918	0.664918	|	78.125423	78.125423	78.125423	|	0	0	0	|	2.449748	2.449748	2.449748	|	0	0	0	
62	|	58.412517	58.412517	58.412517	|	20.893367	20.893367	20.893367	|	0	0	0	|	3.221020	3.221020	3.221020	|	0	0	0	
63	|	2.658406	2.658406	2.658406	|	66.468169	66.468169	66.468169	|	0	0	0	|	5.218772	5.218772	5.218772	|	0	0	0	
64	|	31.865044	31.865044	31.865044	|	50.156688	50.156688	50.156688	|	0	0	0	|	4.737666	4.737666	4.737666	|	0	0	0	
65	|	0.000000	0.000000	0.000000	|	0.000000	0.000000	0.000000	|	-	-	-	|	0.000000	0.000000	0.000000	|	0	0	0	
66	|	35.570475	35.570475	35.570475	|	19.768822	19.768822	19.768822	|	3	3	3	|	6.204114	6.204114	6.204114	|	0	0	0	
67	|	32.796489	32.796489	32.796489	|	35.987729	35.987729	35.987729	|	3	3	3	|	5.192389	5.192389	5.192389	|	0	0	0	
68	|	0.000000	0.000000	0.000000	|	0.000000	0.000000	0.000000	|	-	-	-	|	0.000000	0.000000	0.000000	|	0	0	0	
69	|	0.000000	0.000000	0.000000	|	0.000000	0.000000	0.000000	|	-	-	-	|	0.000000	0.000000	0.000000	|	0	0	0	
70	|	0.000000	0.000000	0.000000	|	0.000000	0.000000	0.000000	|	-	-	-	|	0.000000	0.000000	0.000000	|	0	0	0	
71	|	0.000000	0.000000	0.000000	|	0.000000	0.000000	0.000000	|	-	-	-	|	0.000000	0.000000	0.000000	|	0	0	0	
72	|	0.000000	0.000000	0.000000	|	0.000000	0.000000	0.000000	|	-	-	-	|	0.000000	0.000000	0.000000	|	0	0	0	
73	|	0.000000	0.000000	0.000000	|	0.000000	0.000000	0.000000	|	-	-	-	|	0.000000	0.000000	0.000000	|	0	0	0	
74	|	0.000000	0.000000	0.000000	|	0.000000	0.000000	0.000000	|	-	-	-	|	0.000000	0.000000	0.000000	|	0	0	0	
