__________________________________
          WINNING VECTORS         
__________________________________
Subtasks:			[IR_{}		IR_{MW}		MW_{}		MW_{IR}	|	IR_{}		IR_{MW}		MW_{}		MW_{IR}	|	IR_{}		IR_{MW}		MW_{}		MW_{IR}	|	IR_{}		IR_{MW}		MW_{}		MW_{IR}	|	IR_{}		IR_{MW}		MW_{}		MW_{IR}	|	IR_{}		IR_{MW}		MW_{}		MW_{IR}	|	IR_{}		IR_{MW}		MW_{}		MW_{IR}	|	IR_{}		IR_{MW}		MW_{}		MW_{IR}	|	IR_{}		IR_{MW}		MW_{}		MW_{IR}	|	IR_{}		IR_{MW}		MW_{}		MW_{IR}	|	IR_{}		IR_{MW}		MW_{}		MW_{IR}	|	IR_{}		IR_{MW}		MW_{}		MW_{IR}	|	IR_{}		IR_{MW}		MW_{}		MW_{IR}	|	IR_{}		IR_{MW}		MW_{}		MW_{IR}	|	IR_{}		IR_{MW}		MW_{}		MW_{IR}	|	IR_{}	|	IR_{}	|	IR_{}	|	IR_{}	|	IR_{}	|	IR_{}	|	IR_{}	|	IR_{}	|	MW_{}	|	MW_{}	|	MW_{}	|	MW_{}	|	MW_{}	|	MW_{}	|	MW_{}	]
Bids Score:			[0.000		0.000		0.000		0.000	|	0.000		21.268		0.000		12.022	|	0.000		38.899		0.000		30.908	|	0.000		0.000		0.000		0.000	|	0.000		24.314		0.000		19.678	|	0.000		26.610		0.000		23.623	|	0.000		12.530		0.000		21.802	|	0.000		0.000		0.000		0.000	|	0.000		13.516		0.000		8.230	|	0.000		20.255		0.000		13.481	|	0.000		40.891		0.000		34.606	|	0.000		0.000		0.000		0.000	|	0.000		16.892		0.000		27.249	|	0.000		23.198		0.000		24.427	|	0.000		46.546		0.000		48.180	|	0.000	|	0.000	|	28.293	|	14.055	|	0.000	|	0.000	|	17.432	|	17.630	|	32.757	|	35.338	|	32.661	|	39.941	|	5.581	|	14.069	|	16.502	]
Measurement Time:	[0.00		0.00		0.00		0.00	|	0.00		137.38		0.00		137.38	|	0.00		85.88		0.00		85.88	|	0.00		0.00		0.00		0.00	|	0.00		110.63		0.00		110.63	|	0.00		77.03		0.00		77.03	|	0.00		149.77		0.00		149.77	|	0.00		0.00		0.00		0.00	|	0.00		147.88		0.00		147.88	|	0.00		122.24		0.00		122.24	|	0.00		10.30		0.00		10.30	|	0.00		0.00		0.00		0.00	|	0.00		99.33		0.00		92.13	|	0.00		103.03		0.00		110.33	|	0.00		1.47		0.00		1.47	|	0.00	|	0.00	|	42.69	|	72.43	|	0.00	|	0.00	|	40.78	|	54.78	|	48.46	|	18.34	|	38.58	|	24.01	|	134.73	|	102.21	|	71.701	]
Iteration Assigned:	[0			0			0			0		|	0			942			0			942		|	0			404			0			404		|	0			0			0			0		|	0			668			0			668		|	0			336			0			336		|	0			838			0			838		|	0			0			0			0		|	0			1036		0			1036	|	0			750			0			750		|	0			0			0			0		|	0			0			0			0		|	0			386			0			512		|	0			552			0			558		|	0			0			0			0		|	0		|	0		|	8		|	206		|	0		|	0		|	192		|	124		|	54		|	12		|	104		|	52		|	744		|	454		|	286		]
Winners:			[-			-			-			-		|	-			2			-			2		|	-			1			-			1		|	-			-			-			-		|	-			1			-			1		|	-			2			-			2		|	-			1			-			1		|	-			-			-			-		|	-			2			-			2		|	-			2			-			2		|	-			2			-			2		|	-			-			-			-		|	-			2			-			1		|	-			1			-			2		|	-			1			-			1		|	-		|	-		|	2		|	2		|	-		|	-		|	1		|	2		|	2		|	1		|	1		|	1		|	1		|	2		|	1		]

__________________________________
        PERFORMANCE METRICS       
__________________________________
Coalitions Formed:		2
Coalitions Available:	15
Coalition Ratio:		13.33%

Score Achieved:			985.168
Score Available:		1264.660
Score Ratio:			77.90%

Merge Cost:				0.000000
Split Cost:				0.000000

Avg Cost per Research:	90.89%

Tasks Done:				22
Tasks Available:		30
Tasks Done Ratio:		73.33%

Tasks done w/ 1 sens:	11
Tasks done w/ 2 sens:	11
Tasks done w/ 3 sens:	0

Planning Horizon:		3

__________________________________
           AGENT LIST             
__________________________________
Agent Number:			1
Planning Horizon:		3
Max Const Iteration:	2
Max Solo Bids:			2
Max Any Bids:			5
Iteration Counter:		957
Final Resources:		11.367729

Location:				[37.831		30.543		0.000]
Sensor List:			[IR, MW]
Bundle:					[57			59			69			71			70			66			74			11			9			51			53			19			17			72			25			27]
Path:					[57			59			69			71			70			66			74			11			9			51			53			19			17			72			25			27]
X-Path:
[	37.674	29.082	0.000,
	37.674	29.082	0.000,
	37.725	45.954	0.000,
	32.054	45.942	0.000,
	17.964	42.221	0.000,
	18.613	40.127	0.000,
	43.113	21.257	0.000,
	38.746	34.750	0.000,
	38.746	34.750	0.000,
	35.540	29.389	0.000,
	25.270	33.024	0.000,
	26.775	25.569	0.000,
	26.775	25.569	0.000,
	48.516	15.184	0.000,
	43.395	1.036	0.000,
	43.395	1.036	0.000,]
Time Assignments:		[1.469		1.469		18.340		24.011		38.584		40.777		71.701		85.884		85.884		92.131		103.026	110.631	110.631	134.725	149.771	149.771]

**********************************
Agent Number:			2
Planning Horizon:		3
Max Const Iteration:	2
Max Solo Bids:			2
Max Any Bids:			5
Iteration Counter:		1232
Final Resources:		6.847723

Location:				[33.050		6.370		0.000]
Sensor List:			[IR, MW]
Bundle:					[43			41			62			68			67			63			23			21			49			73			55			39			37			7			5			35			33]
Path:					[43			41			62			68			67			63			23			21			49			73			55			39			37			7			5			35			33]
X-Path:
[	23.685	10.662	0.000,
	23.685	10.662	0.000,
	2.013	34.725	0.000,
	4.930	29.745	0.000,
	11.096	31.160	0.000,
	16.959	14.513	0.000,
	21.060	12.435	0.000,
	21.060	12.435	0.000,
	35.540	29.389	0.000,
	32.668	29.688	0.000,
	25.270	33.024	0.000,
	32.328	42.615	0.000,
	32.328	42.615	0.000,
	19.017	49.833	0.000,
	19.017	49.833	0.000,
	19.009	39.329	0.000,
	19.009	39.329	0.000,]
Time Assignments:		[10.302		10.302		42.685		48.458		54.784		72.433		77.031		77.031		99.327		102.214	110.330	122.238	122.238	137.380	137.380	147.883	147.883]
__________________________________
            TASK LIST             
__________________________________
Task Number:		0
Maximum Score:		26.707209
Subtask Cost:		0.011400
Number of Sensors:	2
Number of Subtasks:	4

Location:			[2.518813, 6.484557, 0.000000]
Sensor List:		[IR, MW]
Subtask List:		[IR_{}, IR_{MW}, MW_{}, MW_{IR}]

Time Constraints:
Start Time:		0.000000
End Time:		Infinity
Task Duration:	0.000000
Corr Time:		Infinity
Lambda:			0.001500
Dependency Matrix:
   [0	-1	-1	-1
	-1	0	-1	1
	-1	-1	0	-1
	-1	1	-1	0]

Time Constraint Matrix:
   [Infinity	Infinity	Infinity	Infinity
	Infinity	Infinity	Infinity	Infinity
	Infinity	Infinity	Infinity	Infinity
	Infinity	Infinity	Infinity	Infinity]


**********************************
Task Number:		1
Maximum Score:		52.435457
Subtask Cost:		0.011400
Number of Sensors:	2
Number of Subtasks:	4

Location:			[19.017076, 49.832600, 0.000000]
Sensor List:		[IR, MW]
Subtask List:		[IR_{}, IR_{MW}, MW_{}, MW_{IR}]

Time Constraints:
Start Time:		0.000000
End Time:		Infinity
Task Duration:	0.000000
Corr Time:		Infinity
Lambda:			0.001500
Dependency Matrix:
   [0	-1	-1	-1
	-1	0	-1	1
	-1	-1	0	-1
	-1	1	-1	0]

Time Constraint Matrix:
   [Infinity	Infinity	Infinity	Infinity
	Infinity	Infinity	Infinity	Infinity
	Infinity	Infinity	Infinity	Infinity
	Infinity	Infinity	Infinity	Infinity]


**********************************
Task Number:		2
Maximum Score:		87.403044
Subtask Cost:		0.011400
Number of Sensors:	2
Number of Subtasks:	4

Location:			[38.745576, 34.750466, 0.000000]
Sensor List:		[IR, MW]
Subtask List:		[IR_{}, IR_{MW}, MW_{}, MW_{IR}]

Time Constraints:
Start Time:		0.000000
End Time:		Infinity
Task Duration:	0.000000
Corr Time:		Infinity
Lambda:			0.001500
Dependency Matrix:
   [0	-1	-1	-1
	-1	0	-1	1
	-1	-1	0	-1
	-1	1	-1	0]

Time Constraint Matrix:
   [Infinity	Infinity	Infinity	Infinity
	Infinity	Infinity	Infinity	Infinity
	Infinity	Infinity	Infinity	Infinity
	Infinity	Infinity	Infinity	Infinity]


**********************************
Task Number:		3
Maximum Score:		44.855802
Subtask Cost:		0.011400
Number of Sensors:	2
Number of Subtasks:	4

Location:			[7.560650, 0.645254, 0.000000]
Sensor List:		[IR, MW]
Subtask List:		[IR_{}, IR_{MW}, MW_{}, MW_{IR}]

Time Constraints:
Start Time:		0.000000
End Time:		Infinity
Task Duration:	0.000000
Corr Time:		Infinity
Lambda:			0.001500
Dependency Matrix:
   [0	-1	-1	-1
	-1	0	-1	1
	-1	-1	0	-1
	-1	1	-1	0]

Time Constraint Matrix:
   [Infinity	Infinity	Infinity	Infinity
	Infinity	Infinity	Infinity	Infinity
	Infinity	Infinity	Infinity	Infinity
	Infinity	Infinity	Infinity	Infinity]


**********************************
Task Number:		4
Maximum Score:		57.130641
Subtask Cost:		0.011400
Number of Sensors:	2
Number of Subtasks:	4

Location:			[26.775005, 25.568580, 0.000000]
Sensor List:		[IR, MW]
Subtask List:		[IR_{}, IR_{MW}, MW_{}, MW_{IR}]

Time Constraints:
Start Time:		0.000000
End Time:		Infinity
Task Duration:	0.000000
Corr Time:		Infinity
Lambda:			0.001500
Dependency Matrix:
   [0	-1	-1	-1
	-1	0	-1	1
	-1	-1	0	-1
	-1	1	-1	0]

Time Constraint Matrix:
   [Infinity	Infinity	Infinity	Infinity
	Infinity	Infinity	Infinity	Infinity
	Infinity	Infinity	Infinity	Infinity
	Infinity	Infinity	Infinity	Infinity]


**********************************
Task Number:		5
Maximum Score:		60.769153
Subtask Cost:		0.011400
Number of Sensors:	2
Number of Subtasks:	4

Location:			[21.060190, 12.434511, 0.000000]
Sensor List:		[IR, MW]
Subtask List:		[IR_{}, IR_{MW}, MW_{}, MW_{IR}]

Time Constraints:
Start Time:		0.000000
End Time:		Infinity
Task Duration:	0.000000
Corr Time:		Infinity
Lambda:			0.001500
Dependency Matrix:
   [0	-1	-1	-1
	-1	0	-1	1
	-1	-1	0	-1
	-1	1	-1	0]

Time Constraint Matrix:
   [Infinity	Infinity	Infinity	Infinity
	Infinity	Infinity	Infinity	Infinity
	Infinity	Infinity	Infinity	Infinity
	Infinity	Infinity	Infinity	Infinity]


**********************************
Task Number:		6
Maximum Score:		55.224547
Subtask Cost:		0.011400
Number of Sensors:	2
Number of Subtasks:	4

Location:			[43.395460, 1.036052, 0.000000]
Sensor List:		[IR, MW]
Subtask List:		[IR_{}, IR_{MW}, MW_{}, MW_{IR}]

Time Constraints:
Start Time:		0.000000
End Time:		Infinity
Task Duration:	0.000000
Corr Time:		Infinity
Lambda:			0.001500
Dependency Matrix:
   [0	-1	-1	-1
	-1	0	-1	1
	-1	-1	0	-1
	-1	1	-1	0]

Time Constraint Matrix:
   [Infinity	Infinity	Infinity	Infinity
	Infinity	Infinity	Infinity	Infinity
	Infinity	Infinity	Infinity	Infinity
	Infinity	Infinity	Infinity	Infinity]


**********************************
Task Number:		7
Maximum Score:		43.101150
Subtask Cost:		0.011400
Number of Sensors:	2
Number of Subtasks:	4

Location:			[4.826072, 17.170816, 0.000000]
Sensor List:		[IR, MW]
Subtask List:		[IR_{}, IR_{MW}, MW_{}, MW_{IR}]

Time Constraints:
Start Time:		0.000000
End Time:		Infinity
Task Duration:	0.000000
Corr Time:		Infinity
Lambda:			0.001500
Dependency Matrix:
   [0	-1	-1	-1
	-1	0	-1	1
	-1	-1	0	-1
	-1	1	-1	0]

Time Constraint Matrix:
   [Infinity	Infinity	Infinity	Infinity
	Infinity	Infinity	Infinity	Infinity
	Infinity	Infinity	Infinity	Infinity
	Infinity	Infinity	Infinity	Infinity]


**********************************
Task Number:		8
Maximum Score:		36.242754
Subtask Cost:		0.011400
Number of Sensors:	2
Number of Subtasks:	4

Location:			[19.008638, 39.329011, 0.000000]
Sensor List:		[IR, MW]
Subtask List:		[IR_{}, IR_{MW}, MW_{}, MW_{IR}]

Time Constraints:
Start Time:		0.000000
End Time:		Infinity
Task Duration:	0.000000
Corr Time:		Infinity
Lambda:			0.001500
Dependency Matrix:
   [0	-1	-1	-1
	-1	0	-1	1
	-1	-1	0	-1
	-1	1	-1	0]

Time Constraint Matrix:
   [Infinity	Infinity	Infinity	Infinity
	Infinity	Infinity	Infinity	Infinity
	Infinity	Infinity	Infinity	Infinity
	Infinity	Infinity	Infinity	Infinity]


**********************************
Task Number:		9
Maximum Score:		51.189662
Subtask Cost:		0.011400
Number of Sensors:	2
Number of Subtasks:	4

Location:			[32.327774, 42.614657, 0.000000]
Sensor List:		[IR, MW]
Subtask List:		[IR_{}, IR_{MW}, MW_{}, MW_{IR}]

Time Constraints:
Start Time:		0.000000
End Time:		Infinity
Task Duration:	0.000000
Corr Time:		Infinity
Lambda:			0.001500
Dependency Matrix:
   [0	-1	-1	-1
	-1	0	-1	1
	-1	-1	0	-1
	-1	1	-1	0]

Time Constraint Matrix:
   [Infinity	Infinity	Infinity	Infinity
	Infinity	Infinity	Infinity	Infinity
	Infinity	Infinity	Infinity	Infinity
	Infinity	Infinity	Infinity	Infinity]


**********************************
Task Number:		10
Maximum Score:		82.446187
Subtask Cost:		0.011400
Number of Sensors:	2
Number of Subtasks:	4

Location:			[23.684896, 10.662265, 0.000000]
Sensor List:		[IR, MW]
Subtask List:		[IR_{}, IR_{MW}, MW_{}, MW_{IR}]

Time Constraints:
Start Time:		0.000000
End Time:		Infinity
Task Duration:	0.000000
Corr Time:		Infinity
Lambda:			0.001500
Dependency Matrix:
   [0	-1	-1	-1
	-1	0	-1	1
	-1	-1	0	-1
	-1	1	-1	0]

Time Constraint Matrix:
   [Infinity	Infinity	Infinity	Infinity
	Infinity	Infinity	Infinity	Infinity
	Infinity	Infinity	Infinity	Infinity
	Infinity	Infinity	Infinity	Infinity]


**********************************
Task Number:		11
Maximum Score:		18.371995
Subtask Cost:		0.011400
Number of Sensors:	2
Number of Subtasks:	4

Location:			[40.229497, 42.487920, 0.000000]
Sensor List:		[IR, MW]
Subtask List:		[IR_{}, IR_{MW}, MW_{}, MW_{IR}]

Time Constraints:
Start Time:		0.000000
End Time:		Infinity
Task Duration:	0.000000
Corr Time:		Infinity
Lambda:			0.001500
Dependency Matrix:
   [0	-1	-1	-1
	-1	0	-1	1
	-1	-1	0	-1
	-1	1	-1	0]

Time Constraint Matrix:
   [Infinity	Infinity	Infinity	Infinity
	Infinity	Infinity	Infinity	Infinity
	Infinity	Infinity	Infinity	Infinity
	Infinity	Infinity	Infinity	Infinity]


**********************************
Task Number:		12
Maximum Score:		70.379617
Subtask Cost:		0.011400
Number of Sensors:	2
Number of Subtasks:	4

Location:			[35.539933, 29.388595, 0.000000]
Sensor List:		[IR, MW]
Subtask List:		[IR_{}, IR_{MW}, MW_{}, MW_{IR}]

Time Constraints:
Start Time:		0.000000
End Time:		Infinity
Task Duration:	0.000000
Corr Time:		Infinity
Lambda:			0.001500
Dependency Matrix:
   [0	-1	-1	-1
	-1	0	-1	1
	-1	-1	0	-1
	-1	1	-1	0]

Time Constraint Matrix:
   [Infinity	Infinity	Infinity	Infinity
	Infinity	Infinity	Infinity	Infinity
	Infinity	Infinity	Infinity	Infinity
	Infinity	Infinity	Infinity	Infinity]


**********************************
Task Number:		13
Maximum Score:		68.001466
Subtask Cost:		0.011400
Number of Sensors:	2
Number of Subtasks:	4

Location:			[25.269753, 33.023819, 0.000000]
Sensor List:		[IR, MW]
Subtask List:		[IR_{}, IR_{MW}, MW_{}, MW_{IR}]

Time Constraints:
Start Time:		0.000000
End Time:		Infinity
Task Duration:	0.000000
Corr Time:		Infinity
Lambda:			0.001500
Dependency Matrix:
   [0	-1	-1	-1
	-1	0	-1	1
	-1	-1	0	-1
	-1	1	-1	0]

Time Constraint Matrix:
   [Infinity	Infinity	Infinity	Infinity
	Infinity	Infinity	Infinity	Infinity
	Infinity	Infinity	Infinity	Infinity
	Infinity	Infinity	Infinity	Infinity]


**********************************
Task Number:		14
Maximum Score:		94.721891
Subtask Cost:		0.011400
Number of Sensors:	2
Number of Subtasks:	4

Location:			[37.673702, 29.082498, 0.000000]
Sensor List:		[IR, MW]
Subtask List:		[IR_{}, IR_{MW}, MW_{}, MW_{IR}]

Time Constraints:
Start Time:		0.000000
End Time:		Infinity
Task Duration:	0.000000
Corr Time:		Infinity
Lambda:			0.001500
Dependency Matrix:
   [0	-1	-1	-1
	-1	0	-1	1
	-1	-1	0	-1
	-1	1	-1	0]

Time Constraint Matrix:
   [Infinity	Infinity	Infinity	Infinity
	Infinity	Infinity	Infinity	Infinity
	Infinity	Infinity	Infinity	Infinity
	Infinity	Infinity	Infinity	Infinity]


**********************************
Task Number:		15
Maximum Score:		10.451770
Subtask Cost:		0.011400
Number of Sensors:	1
Number of Subtasks:	1

Location:			[14.040242, 23.308676, 0.000000]
Sensor List:		[IR]
Subtask List:		[IR_{}]

Time Constraints:
Start Time:		0.000000
End Time:		Infinity
Task Duration:	0.000000
Corr Time:		Infinity
Lambda:			0.001500
Dependency Matrix:
   [0]

Time Constraint Matrix:
   [Infinity]


**********************************
Task Number:		16
Maximum Score:		6.017728
Subtask Cost:		0.011400
Number of Sensors:	1
Number of Subtasks:	1

Location:			[23.095834, 1.425562, 0.000000]
Sensor List:		[IR]
Subtask List:		[IR_{}]

Time Constraints:
Start Time:		0.000000
End Time:		Infinity
Task Duration:	0.000000
Corr Time:		Infinity
Lambda:			0.001500
Dependency Matrix:
   [0]

Time Constraint Matrix:
   [Infinity]


**********************************
Task Number:		17
Maximum Score:		49.976798
Subtask Cost:		0.011400
Number of Sensors:	1
Number of Subtasks:	1

Location:			[2.013112, 34.725405, 0.000000]
Sensor List:		[IR]
Subtask List:		[IR_{}]

Time Constraints:
Start Time:		0.000000
End Time:		Infinity
Task Duration:	0.000000
Corr Time:		Infinity
Lambda:			0.001500
Dependency Matrix:
   [0]

Time Constraint Matrix:
   [Infinity]


**********************************
Task Number:		18
Maximum Score:		27.999066
Subtask Cost:		0.011400
Number of Sensors:	1
Number of Subtasks:	1

Location:			[16.958681, 14.512514, 0.000000]
Sensor List:		[IR]
Subtask List:		[IR_{}]

Time Constraints:
Start Time:		0.000000
End Time:		Infinity
Task Duration:	0.000000
Corr Time:		Infinity
Lambda:			0.001500
Dependency Matrix:
   [0]

Time Constraint Matrix:
   [Infinity]


**********************************
Task Number:		19
Maximum Score:		15.596748
Subtask Cost:		0.011400
Number of Sensors:	1
Number of Subtasks:	1

Location:			[10.216630, 20.648917, 0.000000]
Sensor List:		[IR]
Subtask List:		[IR_{}]

Time Constraints:
Start Time:		0.000000
End Time:		Infinity
Task Duration:	0.000000
Corr Time:		Infinity
Lambda:			0.001500
Dependency Matrix:
   [0]

Time Constraint Matrix:
   [Infinity]


**********************************
Task Number:		20
Maximum Score:		2.355276
Subtask Cost:		0.011400
Number of Sensors:	1
Number of Subtasks:	1

Location:			[31.765298, 39.142715, 0.000000]
Sensor List:		[IR]
Subtask List:		[IR_{}]

Time Constraints:
Start Time:		0.000000
End Time:		Infinity
Task Duration:	0.000000
Corr Time:		Infinity
Lambda:			0.001500
Dependency Matrix:
   [0]

Time Constraint Matrix:
   [Infinity]


**********************************
Task Number:		21
Maximum Score:		20.868827
Subtask Cost:		0.011400
Number of Sensors:	1
Number of Subtasks:	1

Location:			[18.613235, 40.126531, 0.000000]
Sensor List:		[IR]
Subtask List:		[IR_{}]

Time Constraints:
Start Time:		0.000000
End Time:		Infinity
Task Duration:	0.000000
Corr Time:		Infinity
Lambda:			0.001500
Dependency Matrix:
   [0]

Time Constraint Matrix:
   [Infinity]


**********************************
Task Number:		22
Maximum Score:		23.747124
Subtask Cost:		0.011400
Number of Sensors:	1
Number of Subtasks:	1

Location:			[11.095796, 31.159735, 0.000000]
Sensor List:		[IR]
Subtask List:		[IR_{}]

Time Constraints:
Start Time:		0.000000
End Time:		Infinity
Task Duration:	0.000000
Corr Time:		Infinity
Lambda:			0.001500
Dependency Matrix:
   [0]

Time Constraint Matrix:
   [Infinity]


**********************************
Task Number:		23
Maximum Score:		39.186937
Subtask Cost:		0.011400
Number of Sensors:	1
Number of Subtasks:	1

Location:			[4.930111, 29.744525, 0.000000]
Sensor List:		[MW]
Subtask List:		[MW_{}]

Time Constraints:
Start Time:		0.000000
End Time:		Infinity
Task Duration:	0.000000
Corr Time:		Infinity
Lambda:			0.001500
Dependency Matrix:
   [0]

Time Constraint Matrix:
   [Infinity]


**********************************
Task Number:		24
Maximum Score:		46.584925
Subtask Cost:		0.011400
Number of Sensors:	1
Number of Subtasks:	1

Location:			[37.724832, 45.953627, 0.000000]
Sensor List:		[MW]
Subtask List:		[MW_{}]

Time Constraints:
Start Time:		0.000000
End Time:		Infinity
Task Duration:	0.000000
Corr Time:		Infinity
Lambda:			0.001500
Dependency Matrix:
   [0]

Time Constraint Matrix:
   [Infinity]


**********************************
Task Number:		25
Maximum Score:		43.824972
Subtask Cost:		0.011400
Number of Sensors:	1
Number of Subtasks:	1

Location:			[17.964264, 42.221429, 0.000000]
Sensor List:		[MW]
Subtask List:		[MW_{}]

Time Constraints:
Start Time:		0.000000
End Time:		Infinity
Task Duration:	0.000000
Corr Time:		Infinity
Lambda:			0.001500
Dependency Matrix:
   [0]

Time Constraint Matrix:
   [Infinity]


**********************************
Task Number:		26
Maximum Score:		45.630338
Subtask Cost:		0.011400
Number of Sensors:	1
Number of Subtasks:	1

Location:			[32.053681, 45.942191, 0.000000]
Sensor List:		[MW]
Subtask List:		[MW_{}]

Time Constraints:
Start Time:		0.000000
End Time:		Infinity
Task Duration:	0.000000
Corr Time:		Infinity
Lambda:			0.001500
Dependency Matrix:
   [0]

Time Constraint Matrix:
   [Infinity]


**********************************
Task Number:		27
Maximum Score:		25.010309
Subtask Cost:		0.011400
Number of Sensors:	1
Number of Subtasks:	1

Location:			[48.516039, 15.183828, 0.000000]
Sensor List:		[MW]
Subtask List:		[MW_{}]

Time Constraints:
Start Time:		0.000000
End Time:		Infinity
Task Duration:	0.000000
Corr Time:		Infinity
Lambda:			0.001500
Dependency Matrix:
   [0]

Time Constraint Matrix:
   [Infinity]


**********************************
Task Number:		28
Maximum Score:		19.467149
Subtask Cost:		0.011400
Number of Sensors:	1
Number of Subtasks:	1

Location:			[32.667873, 29.687999, 0.000000]
Sensor List:		[MW]
Subtask List:		[MW_{}]

Time Constraints:
Start Time:		0.000000
End Time:		Infinity
Task Duration:	0.000000
Corr Time:		Infinity
Lambda:			0.001500
Dependency Matrix:
   [0]

Time Constraint Matrix:
   [Infinity]


**********************************
Task Number:		29
Maximum Score:		38.961573
Subtask Cost:		0.011400
Number of Sensors:	1
Number of Subtasks:	1

Location:			[43.112905, 21.256580, 0.000000]
Sensor List:		[MW]
Subtask List:		[MW_{}]

Time Constraints:
Start Time:		0.000000
End Time:		Infinity
Task Duration:	0.000000
Corr Time:		Infinity
Lambda:			0.001500
Dependency Matrix:
   [0]

Time Constraint Matrix:
   [Infinity]

