TASK1:
Spatial Resolution Satisfaction:		0.9999926725964274
Signal-to-Noise Ratio Satisfaction:	0.5
Temporal Resolution Satisfaction:		0.0
Number of Measurements:	1
		TASK1_L_{}		{2020-01-07T13:51:46.000}	Spacecraft-1
---------------------------------------------------------------------------------
TASK2:
Spatial Resolution Satisfaction:		0.0
Signal-to-Noise Ratio Satisfaction:	0.0
Temporal Resolution Satisfaction:		0.0
Number of Measurements:	0
---------------------------------------------------------------------------------
TASK3:
Spatial Resolution Satisfaction:		0.9999929154641536
Signal-to-Noise Ratio Satisfaction:	0.5
Temporal Resolution Satisfaction:		0.9796186142039037
Number of Measurements:	3
		TASK3_L_{}		{2020-01-05T02:35:39.000}	Spacecraft-1
		TASK3_L_{}		{2020-01-05T04:12:58.000}	Spacecraft-1
		TASK3_L_{}		{2020-01-07T03:48:34.000}	Spacecraft-1
---------------------------------------------------------------------------------
TASK4:
Spatial Resolution Satisfaction:		0.9999928353340938
Signal-to-Noise Ratio Satisfaction:	0.5
Temporal Resolution Satisfaction:		0.0
Number of Measurements:	1
		TASK4_L_{}		{2020-01-07T21:23:52.000}	Spacecraft-1
---------------------------------------------------------------------------------
TASK5:
Spatial Resolution Satisfaction:		0.999992972649846
Signal-to-Noise Ratio Satisfaction:	0.5
Temporal Resolution Satisfaction:		0.9857281696638676
Number of Measurements:	3
		TASK5_L_{}		{2020-01-05T20:53:12.000}	Spacecraft-1
		TASK5_L_{}		{2020-01-06T09:15:41.000}	Spacecraft-1
		TASK5_L_{}		{2020-01-06T21:29:31.000}	Spacecraft-1
---------------------------------------------------------------------------------
TASK6:
Spatial Resolution Satisfaction:		0.0
Signal-to-Noise Ratio Satisfaction:	0.0
Temporal Resolution Satisfaction:		0.0
Number of Measurements:	0
---------------------------------------------------------------------------------
TASK7:
Spatial Resolution Satisfaction:		0.9999935719163191
Signal-to-Noise Ratio Satisfaction:	0.5
Temporal Resolution Satisfaction:		0.7442358668679254
Number of Measurements:	2
		TASK7_L_{}		{2020-01-02T13:19:02.000}	Spacecraft-1
		TASK7_L_{}		{2020-01-07T13:06:27.000}	Spacecraft-1
---------------------------------------------------------------------------------
TASK8:
Spatial Resolution Satisfaction:		0.0
Signal-to-Noise Ratio Satisfaction:	0.0
Temporal Resolution Satisfaction:		0.0
Number of Measurements:	0
---------------------------------------------------------------------------------
TASK9:
Spatial Resolution Satisfaction:		0.9999920169864587
Signal-to-Noise Ratio Satisfaction:	0.5
Temporal Resolution Satisfaction:		0.9649240747119905
Number of Measurements:	4
		TASK9_L_{}		{2020-01-02T05:51:20.000}	Spacecraft-1
		TASK9_L_{}		{2020-01-02T16:42:16.000}	Spacecraft-1
		TASK9_L_{}		{2020-01-03T17:18:36.000}	Spacecraft-1
		TASK9_L_{}		{2020-01-07T16:29:41.000}	Spacecraft-1
---------------------------------------------------------------------------------
TASK10:
Spatial Resolution Satisfaction:		0.9999936688921381
Signal-to-Noise Ratio Satisfaction:	0.5
Temporal Resolution Satisfaction:		0.9805512857304532
Number of Measurements:	2
		TASK10_L_{}		{2020-01-04T22:36:26.000}	Spacecraft-1
		TASK10_L_{}		{2020-01-05T21:35:34.000}	Spacecraft-1
---------------------------------------------------------------------------------
TASK11:
Spatial Resolution Satisfaction:		0.0
Signal-to-Noise Ratio Satisfaction:	0.0
Temporal Resolution Satisfaction:		0.0
Number of Measurements:	0
---------------------------------------------------------------------------------
TASK12:
Spatial Resolution Satisfaction:		0.0
Signal-to-Noise Ratio Satisfaction:	0.0
Temporal Resolution Satisfaction:		0.0
Number of Measurements:	0
---------------------------------------------------------------------------------
TASK13:
Spatial Resolution Satisfaction:		0.9999935112247459
Signal-to-Noise Ratio Satisfaction:	0.5
Temporal Resolution Satisfaction:		0.0
Number of Measurements:	1
		TASK13_L_{}		{2020-01-07T23:45:16.000}	Spacecraft-1
---------------------------------------------------------------------------------
TASK14:
Spatial Resolution Satisfaction:		0.0
Signal-to-Noise Ratio Satisfaction:	0.0
Temporal Resolution Satisfaction:		0.0
Number of Measurements:	0
---------------------------------------------------------------------------------
TASK15:
Spatial Resolution Satisfaction:		0.0
Signal-to-Noise Ratio Satisfaction:	0.0
Temporal Resolution Satisfaction:		0.0
Number of Measurements:	0
---------------------------------------------------------------------------------
TASK16:
Spatial Resolution Satisfaction:		0.0
Signal-to-Noise Ratio Satisfaction:	0.0
Temporal Resolution Satisfaction:		0.0
Number of Measurements:	0
---------------------------------------------------------------------------------
TASK17:
Spatial Resolution Satisfaction:		0.0
Signal-to-Noise Ratio Satisfaction:	0.0
Temporal Resolution Satisfaction:		0.0
Number of Measurements:	0
---------------------------------------------------------------------------------
TASK18:
Spatial Resolution Satisfaction:		0.0
Signal-to-Noise Ratio Satisfaction:	0.0
Temporal Resolution Satisfaction:		0.0
Number of Measurements:	0
---------------------------------------------------------------------------------
TASK19:
Spatial Resolution Satisfaction:		0.0
Signal-to-Noise Ratio Satisfaction:	0.0
Temporal Resolution Satisfaction:		0.0
Number of Measurements:	0
---------------------------------------------------------------------------------
TASK20:
Spatial Resolution Satisfaction:		0.0
Signal-to-Noise Ratio Satisfaction:	0.0
Temporal Resolution Satisfaction:		0.0
Number of Measurements:	0
---------------------------------------------------------------------------------
TASK21:
Spatial Resolution Satisfaction:		0.0
Signal-to-Noise Ratio Satisfaction:	0.0
Temporal Resolution Satisfaction:		0.0
Number of Measurements:	0
---------------------------------------------------------------------------------
TASK22:
Spatial Resolution Satisfaction:		0.999992025626949
Signal-to-Noise Ratio Satisfaction:	0.5
Temporal Resolution Satisfaction:		0.9857280545243733
Number of Measurements:	3
		TASK22_L_{}		{2020-01-06T04:14:17.000}	Spacecraft-1
		TASK22_L_{}		{2020-01-06T16:40:39.000}	Spacecraft-1
		TASK22_L_{}		{2020-01-07T04:50:38.000}	Spacecraft-1
---------------------------------------------------------------------------------
TASK23:
Spatial Resolution Satisfaction:		0.0
Signal-to-Noise Ratio Satisfaction:	0.0
Temporal Resolution Satisfaction:		0.0
Number of Measurements:	0
---------------------------------------------------------------------------------
TASK24:
Spatial Resolution Satisfaction:		0.0
Signal-to-Noise Ratio Satisfaction:	0.0
Temporal Resolution Satisfaction:		0.0
Number of Measurements:	0
---------------------------------------------------------------------------------
TASK25:
Spatial Resolution Satisfaction:		0.0
Signal-to-Noise Ratio Satisfaction:	0.0
Temporal Resolution Satisfaction:		0.0
Number of Measurements:	0
---------------------------------------------------------------------------------
TASK26:
Spatial Resolution Satisfaction:		0.0
Signal-to-Noise Ratio Satisfaction:	0.0
Temporal Resolution Satisfaction:		0.0
Number of Measurements:	0
---------------------------------------------------------------------------------
TASK27:
Spatial Resolution Satisfaction:		0.0
Signal-to-Noise Ratio Satisfaction:	0.0
Temporal Resolution Satisfaction:		0.0
Number of Measurements:	0
---------------------------------------------------------------------------------
TASK28:
Spatial Resolution Satisfaction:		0.0
Signal-to-Noise Ratio Satisfaction:	0.0
Temporal Resolution Satisfaction:		0.0
Number of Measurements:	0
---------------------------------------------------------------------------------
TASK29:
Spatial Resolution Satisfaction:		0.0
Signal-to-Noise Ratio Satisfaction:	0.0
Temporal Resolution Satisfaction:		0.0
Number of Measurements:	0
---------------------------------------------------------------------------------
TASK30:
Spatial Resolution Satisfaction:		0.0
Signal-to-Noise Ratio Satisfaction:	0.0
Temporal Resolution Satisfaction:		0.0
Number of Measurements:	0
---------------------------------------------------------------------------------
