---------------------------------------------------------------------------------------------------------------------------------------
TASK1	TASK1_L_{}	L-band		
TASK1	TASK1_L_{S}	L-band	S-band
TASK1	TASK1_S_{}	S-band			0/0	SAT-S1	2020-01-01T00:00:00.000	2020-01-01T10:19:30.000	2020-01-07T00:00:00.000	S-RAD	1072.7002876114836/5000.0	48.63197945602082/10.0	4652.055533712934	460.16088464708236	19.356430839778675	3.1796278083132474	6.7683778083132475	3.58875
TASK1	TASK1_S_{L}	S-band	L-band
---------------------------------------------------------------------------------------------------------------------------------------
TASK2	TASK2_L_{}	L-band		
TASK2	TASK2_L_{S}	L-band	S-band
TASK2	TASK2_S_{}	S-band			0/0	SAT-S1	2020-01-01T00:00:00.000	2020-01-01T10:15:15.000	2020-01-07T00:00:00.000	S-RAD	1168.777070554938/5000.0	48.91545030990295/10.0	4693.493427465793	421.2584358979448	32.427169837949926	1.2166601605111138	4.805410160511114	3.58875
TASK2	TASK2_S_{L}	S-band	L-band
---------------------------------------------------------------------------------------------------------------------------------------
TASK3	TASK3_L_{}	L-band			0/0	SAT-L1	2020-01-01T00:00:00.000	2020-01-01T04:50:10.000	2020-01-07T00:00:00.000	L-RAD	489.2348034331355/5000.0	34.61624937177444/10.0	4033.7655616837606	1022.9667760140538	6.838909255347791	7.332333033788543	10.921083033788543	3.58875
TASK3	TASK3_L_{S}	L-band	S-band
TASK3	TASK3_S_{}	S-band		
TASK3	TASK3_S_{L}	S-band	L-band
---------------------------------------------------------------------------------------------------------------------------------------
TASK4	TASK4_L_{}	L-band			0/0	SAT-L1	2020-01-01T00:00:00.000	2020-01-01T07:09:50.000	2020-01-07T00:00:00.000	L-RAD	793.8184518395893/5000.0	37.369616278951725/10.0	4472.747585883306	621.8415573619702	52.914799120427936	13.876557699858125	17.465307699858126	3.58875
TASK4	TASK4_L_{S}	L-band	S-band
TASK4	TASK4_S_{}	S-band		
TASK4	TASK4_S_{L}	S-band	L-band
---------------------------------------------------------------------------------------------------------------------------------------
TASK5	TASK5_L_{}	L-band		
TASK5	TASK5_L_{S}	L-band	S-band
TASK5	TASK5_S_{}	S-band			0/0	SAT-S2	2020-01-01T00:00:00.000	2020-01-01T04:31:55.000	2020-01-07T00:00:00.000	S-RAD	805.1138510627067/5000.0	47.248562259310845/10.0	4482.415532011309	615.1995893789793	3.6900895739257304	17.502033247687503	21.090783247687504	3.58875
TASK5	TASK5_S_{L}	S-band	L-band
---------------------------------------------------------------------------------------------------------------------------------------
TASK6	TASK6_L_{}	L-band		
TASK6	TASK6_L_{S}	L-band	S-band	1/1	SAT-L1	2020-01-01T00:00:00.000	2020-01-01T00:59:10.000	2020-01-07T00:00:00.000	L-RAD	164.36344108798605/5000.0	1.9332103169114534/10.0	150.28865809828727	3773.9968305610896	10.72914306151145	35.95014412369886	39.53889416153988	3.5887500378410193
TASK6	TASK6_S_{}	S-band		
TASK6	TASK6_S_{L}	S-band	L-band	1/1	SAT-S1	2020-01-01T00:00:00.000	2020-01-01T00:08:40.000	2020-01-07T00:00:00.000	S-RAD	170.46663932273745/5000.0	20.72058345345562/10.0	893.4199093252479	3531.3934290326843	16.68032827691666	37.01100602782406	40.5997576522019	3.5887516243778417
---------------------------------------------------------------------------------------------------------------------------------------
TASK7	TASK7_L_{}	L-band		
TASK7	TASK7_L_{S}	L-band	S-band
TASK7	TASK7_S_{}	S-band		
TASK7	TASK7_S_{L}	S-band	L-band
---------------------------------------------------------------------------------------------------------------------------------------
TASK8	TASK8_L_{}	L-band		
TASK8	TASK8_L_{S}	L-band	S-band
TASK8	TASK8_S_{}	S-band			0/0	SAT-S1	2020-01-01T00:00:00.000	2020-01-01T02:31:35.000	2020-01-07T00:00:00.000	S-RAD	864.7591900878886/5000.0	47.63662507871766/10.0	4529.614824767249	570.6452181909111	44.19561877283097	9.621709665022863	13.210459665022864	3.58875
TASK8	TASK8_S_{L}	S-band	L-band
---------------------------------------------------------------------------------------------------------------------------------------
TASK9	TASK9_L_{}	L-band		
TASK9	TASK9_L_{S}	L-band	S-band
TASK9	TASK9_S_{}	S-band			0/0	SAT-S1	2020-01-01T00:00:00.000	2020-01-01T23:33:20.000	2020-01-07T00:00:00.000	S-RAD	1058.5500944275655/5000.0	48.49510172911722/10.0	4645.045917447191	466.727743672965	4.875198462078631	1.6316088232820407	5.220358823282041	3.58875
TASK9	TASK9_S_{L}	S-band	L-band
---------------------------------------------------------------------------------------------------------------------------------------
TASK10	TASK10_L_{}	L-band			0/0	SAT-L2	2020-01-01T00:00:00.000	2020-01-01T14:50:20.000	2020-01-07T00:00:00.000	L-RAD	873.4044062688157/5000.0	37.87998492849946/10.0	4535.926051213305	561.6660254728217	75.09597252258207	7.711002993579114	11.299752993579114	3.58875
TASK10	TASK10_L_{S}	L-band	S-band
TASK10	TASK10_S_{}	S-band		
TASK10	TASK10_S_{L}	S-band	L-band
---------------------------------------------------------------------------------------------------------------------------------------
TASK11	TASK11_L_{}	L-band		
TASK11	TASK11_L_{S}	L-band	S-band
TASK11	TASK11_S_{}	S-band			0/0	SAT-S2	2020-01-01T00:00:00.000	2020-01-01T08:29:55.000	2020-01-07T00:00:00.000	S-RAD	507.2585245287832/5000.0	44.6725007807792/10.0	4075.149948509706	985.3219652447159	18.123643556691146	7.989946040434181	11.578696040434181	3.58875
TASK11	TASK11_S_{L}	S-band	L-band
---------------------------------------------------------------------------------------------------------------------------------------
TASK12	TASK12_L_{}	L-band		
TASK12	TASK12_L_{S}	L-band	S-band	1/1	SAT-L2	2020-01-01T00:00:00.000	2020-01-01T04:19:45.000	2020-01-07T00:00:00.000	L-RAD	176.2437267098402/5000.0	14.565826937965783/10.0	1224.2561328359259	3342.0680031697	21.968019580507555	35.273980354538985	38.86273035745121	3.588750002912232
TASK12	TASK12_S_{}	S-band		
TASK12	TASK12_S_{L}	S-band	L-band	1/1	SAT-S2	2020-01-01T00:00:00.000	2020-01-01T03:29:30.000	2020-01-07T00:00:00.000	S-RAD	164.58837469818036/5000.0	12.935206341262111/10.0	244.97266991949348	3764.0222355799597	3.809236967335044	36.31298075494528	39.90173075798607	3.5887500030407926
---------------------------------------------------------------------------------------------------------------------------------------
TASK13	TASK13_L_{}	L-band		
TASK13	TASK13_L_{S}	L-band	S-band	1/1	SAT-L1	2020-01-01T00:00:00.000	2020-01-01T21:49:00.000	2020-01-07T00:00:00.000	L-RAD	1452.9777468113948/5000.0	40.322470702919745/10.0	4784.952748307695	337.76738891921207	34.329963561661174	10.178553040175718	13.767303040175717	3.58875
TASK13	TASK13_S_{}	S-band		
TASK13	TASK13_S_{L}	S-band	L-band	1/1	SAT-S1	2020-01-01T00:00:00.000	2020-01-01T08:47:55.000	2020-01-07T00:00:00.000	S-RAD	747.9041189512117/5000.0	46.93370798408283/10.0	4430.340768796717	662.5372048840787	22.07284312665597	18.09706342773744	21.68581342773744	3.58875
---------------------------------------------------------------------------------------------------------------------------------------
TASK14	TASK14_L_{}	L-band		
TASK14	TASK14_L_{S}	L-band	S-band
TASK14	TASK14_S_{}	S-band		
TASK14	TASK14_S_{L}	S-band	L-band
---------------------------------------------------------------------------------------------------------------------------------------
TASK15	TASK15_L_{}	L-band		
TASK15	TASK15_L_{S}	L-band	S-band
TASK15	TASK15_S_{}	S-band			0/0	SAT-S2	2020-01-01T00:00:00.000	2020-01-01T06:02:10.000	2020-01-07T00:00:00.000	S-RAD	1157.9148049674388/5000.0	49.11137789694831/10.0	4689.729658305162	424.7141201621057	38.69017548329207	16.403673875252146	19.992423875252147	3.58875
TASK15	TASK15_S_{L}	S-band	L-band
---------------------------------------------------------------------------------------------------------------------------------------
TASK16	TASK16_L_{}	L-band			0/0	SAT-L2	2020-01-01T00:00:00.000	2020-01-02T01:27:55.000	2020-01-07T00:00:00.000	L-RAD	1334.8945830299417/5000.0	39.936855410815674/10.0	4751.944567344867	365.6878058738059	54.2991914922232	3.9541536813393545	7.542903681339355	3.58875
---------------------------------------------------------------------------------------------------------------------------------------
TASK17	TASK17_L_{}	L-band		
---------------------------------------------------------------------------------------------------------------------------------------
TASK18	TASK18_L_{}	L-band			0/0	SAT-L2	2020-01-01T00:00:00.000	2020-01-01T06:57:05.000	2020-01-07T00:00:00.000	L-RAD	2030.8158298487729/5000.0	41.79312655005078/10.0	4890.917508063449	234.13132195047436	63.825431049596475	10.112356667044345	13.701106667044346	3.58875
---------------------------------------------------------------------------------------------------------------------------------------
TASK19	TASK19_L_{}	L-band			0/0	SAT-L2	2020-01-01T00:00:00.000	2020-01-01T01:04:15.000	2020-01-07T00:00:00.000	L-RAD	663.4336188254573/5000.0	36.36711512420551/10.0	4335.595713048962	748.6362749509096	10.389886687040631	17.90507364236502	21.493823642365022	3.58875
---------------------------------------------------------------------------------------------------------------------------------------
TASK20	TASK20_L_{}	L-band			0/0	SAT-L1	2020-01-01T00:00:00.000	2020-01-01T07:53:15.000	2020-01-07T00:00:00.000	L-RAD	1317.1992515093104/5000.0	39.744464259860145/10.0	4746.180811771523	374.2192293562987	17.837116160401564	9.662076505905787	13.250826505905788	3.58875
---------------------------------------------------------------------------------------------------------------------------------------
TASK21	TASK21_L_{}	L-band			0/0	SAT-L1	2020-01-01T00:00:00.000	2020-01-02T03:29:45.000	2020-01-07T00:00:00.000	L-RAD	2901.4412400762767/5000.0	43.405322653894565/10.0	4970.788034903879	162.92923812462155	47.93371226486636	0.6880134394661646	4.276763439466165	3.58875
---------------------------------------------------------------------------------------------------------------------------------------
TASK22	TASK22_L_{}	L-band		
---------------------------------------------------------------------------------------------------------------------------------------
TASK23	TASK23_S_{}	S-band			0/0	SAT-S1	2020-01-01T00:00:00.000	2020-01-01T01:15:15.000	2020-01-07T00:00:00.000	S-RAD	1011.1557288000904/5000.0	48.04288195065919/10.0	4620.14640296374	488.3743953650431	20.620095943890487	10.792073588515343	14.380823588515343	3.58875
---------------------------------------------------------------------------------------------------------------------------------------
TASK24	TASK24_S_{}	S-band			0/0	SAT-S1	2020-01-01T00:00:00.000	2020-01-02T13:16:50.000	2020-01-07T00:00:00.000	S-RAD	744.0406618057493/5000.0	46.65981878764878/10.0	4425.465231588958	666.1270165733423	18.492309077610585	2.824651883242213	6.413401883242213	3.58875
---------------------------------------------------------------------------------------------------------------------------------------
TASK25	TASK25_S_{}	S-band		
---------------------------------------------------------------------------------------------------------------------------------------
TASK26	TASK26_S_{}	S-band		
---------------------------------------------------------------------------------------------------------------------------------------
TASK27	TASK27_S_{}	S-band			0/0	SAT-S2	2020-01-01T00:00:00.000	2020-01-02T18:47:15.000	2020-01-07T00:00:00.000	S-RAD	924.2182044896981/5000.0	47.63160409745278/10.0	4569.263908512897	533.0091834327425	47.87436225967974	0.8120267240387005	4.400776724038701	3.58875
---------------------------------------------------------------------------------------------------------------------------------------
TASK28	TASK28_S_{}	S-band		
---------------------------------------------------------------------------------------------------------------------------------------
TASK29	TASK29_S_{}	S-band		
---------------------------------------------------------------------------------------------------------------------------------------
TASK30	TASK30_S_{}	S-band		
