0	|	0.000000	0.000000	0.000000	0.000000	|	0.000000	0.000000	0.000000	0.000000	|	-	-	-	-	|	0	0	0	0	
1	|	36.437458	36.437458	36.437458	36.437458	|	10.295630	10.295630	10.295630	10.295630	|	3	3	3	3	|	0	0	0	0	
2	|	0.000000	0.000000	0.000000	0.000000	|	0.000000	0.000000	0.000000	0.000000	|	-	-	-	-	|	0	0	0	0	
3	|	34.696194	34.696194	34.696194	34.696194	|	10.295630	10.295630	10.295630	10.295630	|	2	2	2	2	|	0	0	0	0	
4	|	0.000000	0.000000	0.000000	0.000000	|	0.000000	0.000000	0.000000	0.000000	|	-	-	-	-	|	0	0	0	0	
5	|	0.000000	0.000000	0.000000	0.000000	|	0.000000	0.000000	0.000000	0.000000	|	-	-	-	-	|	0	0	0	0	
6	|	0.000000	0.000000	0.000000	0.000000	|	0.000000	0.000000	0.000000	0.000000	|	-	-	-	-	|	0	0	0	0	
7	|	0.000000	0.000000	0.000000	0.000000	|	0.000000	0.000000	0.000000	0.000000	|	-	-	-	-	|	0	0	0	0	
8	|	0.000000	0.000000	0.000000	0.000000	|	0.000000	0.000000	0.000000	0.000000	|	-	-	-	-	|	0	0	0	0	
9	|	21.432291	21.432291	21.432291	21.432291	|	42.840938	42.840938	42.840938	42.840938	|	1	1	1	1	|	0	0	0	0	
10	|	0.000000	0.000000	0.000000	0.000000	|	0.000000	0.000000	0.000000	0.000000	|	-	-	-	-	|	0	0	0	0	
11	|	21.432291	21.432291	21.432291	21.432291	|	42.840938	42.840938	42.840938	42.840938	|	2	2	2	2	|	0	0	0	0	
12	|	0.000000	0.000000	0.000000	0.000000	|	0.000000	0.000000	0.000000	0.000000	|	-	-	-	-	|	0	0	0	0	
13	|	0.000000	0.000000	0.000000	0.000000	|	0.000000	0.000000	0.000000	0.000000	|	-	-	-	-	|	0	0	0	0	
14	|	0.000000	0.000000	0.000000	0.000000	|	0.000000	0.000000	0.000000	0.000000	|	-	-	-	-	|	0	0	0	0	
15	|	0.000000	0.000000	0.000000	0.000000	|	0.000000	0.000000	0.000000	0.000000	|	-	-	-	-	|	0	0	0	0	
16	|	0.000000	0.000000	0.000000	0.000000	|	0.000000	0.000000	0.000000	0.000000	|	-	-	-	-	|	0	0	0	0	
17	|	7.873105	7.873105	7.873105	7.873105	|	57.833542	57.833542	57.833542	57.833542	|	3	3	3	3	|	0	0	0	0	
18	|	0.000000	0.000000	0.000000	0.000000	|	0.000000	0.000000	0.000000	0.000000	|	-	-	-	-	|	0	0	0	0	
19	|	7.873105	7.873105	7.873105	7.873105	|	57.833542	57.833542	57.833542	57.833542	|	4	4	4	4	|	0	0	0	0	
20	|	0.000000	0.000000	0.000000	0.000000	|	0.000000	0.000000	0.000000	0.000000	|	-	-	-	-	|	0	0	0	0	
21	|	14.876419	14.876419	14.876419	14.876419	|	30.025697	30.025697	30.025697	30.025697	|	3	3	3	3	|	0	0	0	0	
22	|	0.000000	0.000000	0.000000	0.000000	|	0.000000	0.000000	0.000000	0.000000	|	-	-	-	-	|	0	0	0	0	
23	|	15.344375	15.344375	15.344375	15.344375	|	30.025697	30.025697	30.025697	30.025697	|	4	4	4	4	|	0	0	0	0	
24	|	0.000000	0.000000	0.000000	0.000000	|	0.000000	0.000000	0.000000	0.000000	|	-	-	-	-	|	0	0	0	0	
25	|	8.460322	8.460322	8.460322	8.460322	|	71.242693	71.242693	71.242693	71.242693	|	1	1	1	1	|	0	0	0	0	
26	|	0.000000	0.000000	0.000000	0.000000	|	0.000000	0.000000	0.000000	0.000000	|	-	-	-	-	|	0	0	0	0	
27	|	8.460322	8.460322	8.460322	8.460322	|	71.242693	71.242693	71.242693	71.242693	|	2	2	2	2	|	0	0	0	0	
28	|	0.000000	0.000000	0.000000	0.000000	|	0.000000	0.000000	0.000000	0.000000	|	-	-	-	-	|	0	0	0	0	
29	|	14.677490	14.677490	14.677490	14.677490	|	33.187975	33.187975	33.187975	33.187975	|	3	3	3	3	|	0	0	0	0	
30	|	0.000000	0.000000	0.000000	0.000000	|	0.000000	0.000000	0.000000	0.000000	|	-	-	-	-	|	0	0	0	0	
31	|	14.677490	14.677490	14.677490	14.677490	|	33.187975	33.187975	33.187975	33.187975	|	4	4	4	4	|	0	0	0	0	
32	|	0.000000	0.000000	0.000000	0.000000	|	0.000000	0.000000	0.000000	0.000000	|	-	-	-	-	|	0	0	0	0	
33	|	31.360852	31.360852	31.360852	31.360852	|	18.357888	18.357888	18.357888	18.357888	|	3	3	3	3	|	0	0	0	0	
34	|	0.000000	0.000000	0.000000	0.000000	|	0.000000	0.000000	0.000000	0.000000	|	-	-	-	-	|	0	0	0	0	
35	|	27.982848	27.982848	27.982848	27.982848	|	18.357888	18.357888	18.357888	18.357888	|	4	4	4	4	|	0	0	0	0	
36	|	0.000000	0.000000	0.000000	0.000000	|	0.000000	0.000000	0.000000	0.000000	|	-	-	-	-	|	0	0	0	0	
37	|	30.849410	30.849410	30.849410	30.849410	|	19.351015	19.351015	19.351015	19.351015	|	1	1	1	1	|	0	0	0	0	
38	|	0.000000	0.000000	0.000000	0.000000	|	0.000000	0.000000	0.000000	0.000000	|	-	-	-	-	|	0	0	0	0	
39	|	32.116449	32.116449	32.116449	32.116449	|	19.351015	19.351015	19.351015	19.351015	|	2	2	2	2	|	0	0	0	0	
40	|	0.000000	0.000000	0.000000	0.000000	|	0.000000	0.000000	0.000000	0.000000	|	-	-	-	-	|	0	0	0	0	
41	|	0.198977	0.198977	0.198977	0.198977	|	94.162223	94.162223	94.162223	94.162223	|	3	3	3	3	|	0	0	0	0	
42	|	0.000000	0.000000	0.000000	0.000000	|	0.000000	0.000000	0.000000	0.000000	|	-	-	-	-	|	0	0	0	0	
43	|	1.278080	1.278080	1.278080	1.278080	|	94.162223	94.162223	94.162223	94.162223	|	4	4	4	4	|	0	0	0	0	
44	|	0.000000	0.000000	0.000000	0.000000	|	0.000000	0.000000	0.000000	0.000000	|	-	-	-	-	|	0	0	0	0	
45	|	17.189437	17.189437	17.189437	17.189437	|	35.629836	35.629836	35.629836	35.629836	|	1	1	1	1	|	0	0	0	0	
46	|	0.000000	0.000000	0.000000	0.000000	|	0.000000	0.000000	0.000000	0.000000	|	-	-	-	-	|	0	0	0	0	
47	|	17.189437	17.189437	17.189437	17.189437	|	35.629836	35.629836	35.629836	35.629836	|	2	2	2	2	|	0	0	0	0	
48	|	13.196950	13.196950	13.196950	13.196950	|	2.236068	2.236068	2.236068	2.236068	|	1	1	1	1	|	0	0	0	0	
49	|	0.000000	0.000000	0.000000	0.000000	|	0.000000	0.000000	0.000000	0.000000	|	-	-	-	-	|	0	0	0	0	
50	|	0.000000	0.000000	0.000000	0.000000	|	0.000000	0.000000	0.000000	0.000000	|	-	-	-	-	|	0	0	0	0	
51	|	0.000000	0.000000	0.000000	0.000000	|	0.000000	0.000000	0.000000	0.000000	|	-	-	-	-	|	0	0	0	0	
52	|	0.000000	0.000000	0.000000	0.000000	|	0.000000	0.000000	0.000000	0.000000	|	-	-	-	-	|	0	0	0	0	
53	|	12.586631	12.586631	12.586631	12.586631	|	42.407519	42.407519	42.407519	42.407519	|	3	3	3	3	|	0	0	0	0	
54	|	0.000000	0.000000	0.000000	0.000000	|	0.000000	0.000000	0.000000	0.000000	|	-	-	-	-	|	0	0	0	0	
55	|	12.586631	12.586631	12.586631	12.586631	|	42.407519	42.407519	42.407519	42.407519	|	4	4	4	4	|	0	0	0	0	
56	|	0.000000	0.000000	0.000000	0.000000	|	0.000000	0.000000	0.000000	0.000000	|	-	-	-	-	|	0	0	0	0	
57	|	4.282817	4.282817	4.282817	4.282817	|	59.840938	59.840938	59.840938	59.840938	|	1	1	1	1	|	0	0	0	0	
58	|	0.000000	0.000000	0.000000	0.000000	|	0.000000	0.000000	0.000000	0.000000	|	-	-	-	-	|	0	0	0	0	
59	|	4.282817	4.282817	4.282817	4.282817	|	59.840938	59.840938	59.840938	59.840938	|	2	2	2	2	|	0	0	0	0	
60	|	0.000000	0.000000	0.000000	0.000000	|	0.000000	0.000000	0.000000	0.000000	|	-	-	-	-	|	0	0	0	0	
61	|	7.987316	7.987316	7.987316	7.987316	|	82.982309	82.982309	82.982309	82.982309	|	1	1	1	1	|	0	0	0	0	
62	|	0.000000	0.000000	0.000000	0.000000	|	0.000000	0.000000	0.000000	0.000000	|	-	-	-	-	|	0	0	0	0	
63	|	6.410254	6.410254	6.410254	6.410254	|	82.982309	82.982309	82.982309	82.982309	|	2	2	2	2	|	0	0	0	0	
64	|	0.000000	0.000000	0.000000	0.000000	|	0.000000	0.000000	0.000000	0.000000	|	-	-	-	-	|	0	0	0	0	
65	|	9.273006	9.273006	9.273006	9.273006	|	50.023292	50.023292	50.023292	50.023292	|	3	3	3	3	|	0	0	0	0	
66	|	0.000000	0.000000	0.000000	0.000000	|	0.000000	0.000000	0.000000	0.000000	|	-	-	-	-	|	0	0	0	0	
67	|	9.273006	9.273006	9.273006	9.273006	|	50.023292	50.023292	50.023292	50.023292	|	4	4	4	4	|	0	0	0	0	
68	|	0.000000	0.000000	0.000000	0.000000	|	0.000000	0.000000	0.000000	0.000000	|	-	-	-	-	|	0	0	0	0	
69	|	7.478892	7.478892	7.478892	7.478892	|	76.899547	76.899547	76.899547	76.899547	|	3	3	3	3	|	0	0	0	0	
70	|	0.000000	0.000000	0.000000	0.000000	|	0.000000	0.000000	0.000000	0.000000	|	-	-	-	-	|	0	0	0	0	
71	|	10.926652	10.926652	10.926652	10.926652	|	76.899547	76.899547	76.899547	76.899547	|	2	2	2	2	|	0	0	0	0	
72	|	0.000000	0.000000	0.000000	0.000000	|	0.000000	0.000000	0.000000	0.000000	|	-	-	-	-	|	0	0	0	0	
73	|	0.000000	0.000000	0.000000	0.000000	|	0.000000	0.000000	0.000000	0.000000	|	-	-	-	-	|	0	0	0	0	
74	|	14.101361	14.101361	14.101361	14.101361	|	26.420146	26.420146	26.420146	26.420146	|	4	4	4	4	|	0	0	0	0	
75	|	0.000000	0.000000	0.000000	0.000000	|	0.000000	0.000000	0.000000	0.000000	|	-	-	-	-	|	0	0	0	0	
76	|	0.000000	0.000000	0.000000	0.000000	|	0.000000	0.000000	0.000000	0.000000	|	-	-	-	-	|	0	0	0	0	
77	|	8.178758	8.178758	8.178758	8.178758	|	78.010522	78.010522	78.010522	78.010522	|	1	1	1	1	|	0	0	0	0	
78	|	0.000000	0.000000	0.000000	0.000000	|	0.000000	0.000000	0.000000	0.000000	|	-	-	-	-	|	0	0	0	0	
79	|	1.514259	1.514259	1.514259	1.514259	|	78.010522	78.010522	78.010522	78.010522	|	4	4	4	4	|	0	0	0	0	
