---------------------------------------------------------------------------------------------------------------------------------------
TASK1	TASK1_L_{}	L-band				0/0	SAT-L2	2020-01-01T00:00:00.000	2020-01-01T17:49:45.000	2020-01-07T00:00:00.000	L-RAD	483.7462634634552/5000.0	34.38367877513214/10.0	4019.4780768091096	1033.5357255389274	55.7196140720907	1.1584252263813157	4.747175226381316	3.58875
TASK1	TASK1_L_{S}	L-band	S-band	
TASK1	TASK1_L_{S}	L-band	S-band	
TASK1	TASK1_L_{S,S}	L-band	S-band,S-band
TASK1	TASK1_S_{}	S-band			
TASK1	TASK1_S_{S}	S-band	S-band	
TASK1	TASK1_S_{L}	S-band	L-band	
TASK1	TASK1_S_{L,S}	S-band	L-band,S-band
TASK1	TASK1_S_{}	S-band			
TASK1	TASK1_S_{S}	S-band	S-band	
TASK1	TASK1_S_{L}	S-band	L-band	
TASK1	TASK1_S_{L,S}	S-band	L-band,S-band
---------------------------------------------------------------------------------------------------------------------------------------
TASK2	TASK2_L_{}	L-band			
TASK2	TASK2_L_{S}	L-band	S-band	
TASK2	TASK2_L_{S}	L-band	S-band	
TASK2	TASK2_L_{S,S}	L-band	S-band,S-band	2/2	SAT-L3	2020-01-01T00:00:00.000	2020-01-01T11:05:40.000	2020-01-07T00:00:00.000	L-RAD	1936.4810430131774/5000.0	41.62661626523367/10.0	4878.025285452759	252.23949998939995	34.41445389286657	13.105942726222864	16.694692726222865	3.58875
TASK2	TASK2_S_{}	S-band			
TASK2	TASK2_S_{S}	S-band	S-band	
TASK2	TASK2_S_{L}	S-band	L-band	
TASK2	TASK2_S_{L,S}	S-band	L-band,S-band	2/2	SAT-S2	2020-01-01T00:00:00.000	2020-01-01T11:05:40.000	2020-01-07T00:00:00.000	S-RAD	1942.4614746554792/5000.0	51.4553394217289/10.0	4878.869766608509	252.73572046197458	22.42739992248764	13.105942726222864	16.694692726222865	3.58875
TASK2	TASK2_S_{}	S-band			
TASK2	TASK2_S_{S}	S-band	S-band	
TASK2	TASK2_S_{L}	S-band	L-band	
TASK2	TASK2_S_{L,S}	S-band	L-band,S-band	2/2	SAT-S2	2020-01-01T00:00:00.000	2020-01-01T11:05:40.000	2020-01-07T00:00:00.000	S-RAD	1942.4614746554792/5000.0	53.216252012285715/10.0	4878.869766608509	252.73572046197458	22.42739992248764	13.105942726222864	16.694692726222865	3.58875
---------------------------------------------------------------------------------------------------------------------------------------
TASK3	TASK3_L_{}	L-band				0/0	SAT-L1	2020-01-01T00:00:00.000	2020-01-01T08:01:25.000	2020-01-07T00:00:00.000	L-RAD	465.8733527084685/5000.0	34.267749984235046/10.0	3974.8996371092917	1075.9627199646577	20.718641110077105	8.652958600990988	12.24170860099099	3.58875
TASK3	TASK3_L_{S}	L-band	S-band	
TASK3	TASK3_L_{S}	L-band	S-band	
TASK3	TASK3_L_{S,S}	L-band	S-band,S-band
TASK3	TASK3_S_{}	S-band			
TASK3	TASK3_S_{S}	S-band	S-band	
TASK3	TASK3_S_{L}	S-band	L-band	
TASK3	TASK3_S_{L,S}	S-band	L-band,S-band
TASK3	TASK3_S_{}	S-band			
TASK3	TASK3_S_{S}	S-band	S-band	
TASK3	TASK3_S_{L}	S-band	L-band	
TASK3	TASK3_S_{L,S}	S-band	L-band,S-band
---------------------------------------------------------------------------------------------------------------------------------------
TASK4	TASK4_L_{}	L-band			
TASK4	TASK4_L_{S}	L-band	S-band	
TASK4	TASK4_L_{S}	L-band	S-band	
TASK4	TASK4_L_{S,S}	L-band	S-band,S-band
TASK4	TASK4_S_{}	S-band				0/0	SAT-S2	2020-01-01T00:00:00.000	2020-01-01T01:05:55.000	2020-01-07T00:00:00.000	S-RAD	235.28517193571767/5000.0	35.88791769408259/10.0	2618.2072694190115	2269.0008812659094	42.953076201313586	17.029736577569757	20.61848659134917	3.5887500137794137
TASK4	TASK4_S_{S}	S-band	S-band	
TASK4	TASK4_S_{L}	S-band	L-band	
TASK4	TASK4_S_{L,S}	S-band	L-band,S-band
TASK4	TASK4_S_{}	S-band			
TASK4	TASK4_S_{S}	S-band	S-band	
TASK4	TASK4_S_{L}	S-band	L-band	
TASK4	TASK4_S_{L,S}	S-band	L-band,S-band
---------------------------------------------------------------------------------------------------------------------------------------
TASK5	TASK5_L_{}	L-band				0/0	SAT-L3	2020-01-01T00:00:00.000	2020-01-01T23:07:10.000	2020-01-07T00:00:00.000	L-RAD	1443.229824372173/5000.0	40.31957036784331/10.0	4782.492887818469	339.5537401254659	39.566709007818865	4.600861310710976	8.189611310710976	3.58875
TASK5	TASK5_L_{S}	L-band	S-band	
TASK5	TASK5_L_{S}	L-band	S-band	
TASK5	TASK5_L_{S,S}	L-band	S-band,S-band
TASK5	TASK5_S_{}	S-band			
TASK5	TASK5_S_{S}	S-band	S-band	
TASK5	TASK5_S_{L}	S-band	L-band	
TASK5	TASK5_S_{L,S}	S-band	L-band,S-band
TASK5	TASK5_S_{}	S-band			
TASK5	TASK5_S_{S}	S-band	S-band	
TASK5	TASK5_S_{L}	S-band	L-band	
TASK5	TASK5_S_{L,S}	S-band	L-band,S-band
---------------------------------------------------------------------------------------------------------------------------------------
TASK6	TASK6_L_{}	L-band			
TASK6	TASK6_L_{S}	L-band	S-band	
TASK6	TASK6_L_{S}	L-band	S-band	
TASK6	TASK6_L_{S,S}	L-band	S-band,S-band	2/2	SAT-L2	2020-01-01T00:00:00.000	2020-01-02T10:53:55.000	2020-01-07T00:00:00.000	L-RAD	1627.642002266921/5000.0	40.870366552238465/10.0	4825.038273601684	302.8971471698649	6.205296067460194	0.9076489961009946	4.496398996100995	3.58875
TASK6	TASK6_S_{}	S-band			
TASK6	TASK6_S_{S}	S-band	S-band	
TASK6	TASK6_S_{L}	S-band	L-band	
TASK6	TASK6_S_{L,S}	S-band	L-band,S-band	2/2	SAT-S1	2020-01-01T00:00:00.000	2020-01-02T10:53:55.000	2020-01-07T00:00:00.000	S-RAD	1625.5851542403818/5000.0	50.70947277065887/10.0	4824.668981470126	303.119545254999	11.836251585357203	0.9076489961009946	4.496398996100995	3.58875
TASK6	TASK6_S_{}	S-band			
TASK6	TASK6_S_{S}	S-band	S-band	
TASK6	TASK6_S_{L}	S-band	L-band	
TASK6	TASK6_S_{L,S}	S-band	L-band,S-band	2/2	SAT-S1	2020-01-01T00:00:00.000	2020-01-02T10:53:55.000	2020-01-07T00:00:00.000	S-RAD	1625.5851542403818/5000.0	52.470385361215676/10.0	4824.668981470126	303.119545254999	11.836251585357203	0.9076489961009946	4.496398996100995	3.58875
---------------------------------------------------------------------------------------------------------------------------------------
TASK7	TASK7_L_{}	L-band			
TASK7	TASK7_L_{S}	L-band	S-band	
TASK7	TASK7_L_{S}	L-band	S-band	
TASK7	TASK7_L_{S,S}	L-band	S-band,S-band
TASK7	TASK7_S_{}	S-band			
TASK7	TASK7_S_{S}	S-band	S-band	
TASK7	TASK7_S_{L}	S-band	L-band	
TASK7	TASK7_S_{L,S}	S-band	L-band,S-band
TASK7	TASK7_S_{}	S-band			
TASK7	TASK7_S_{S}	S-band	S-band	
TASK7	TASK7_S_{L}	S-band	L-band	
TASK7	TASK7_S_{L,S}	S-band	L-band,S-band
---------------------------------------------------------------------------------------------------------------------------------------
TASK8	TASK8_L_{}	L-band			
TASK8	TASK8_L_{S}	L-band	S-band	
TASK8	TASK8_L_{S}	L-band	S-band	
TASK8	TASK8_L_{S,S}	L-band	S-band,S-band
TASK8	TASK8_S_{}	S-band			
TASK8	TASK8_S_{S}	S-band	S-band	
TASK8	TASK8_S_{L}	S-band	L-band	
TASK8	TASK8_S_{L,S}	S-band	L-band,S-band
TASK8	TASK8_S_{}	S-band			
TASK8	TASK8_S_{S}	S-band	S-band	
TASK8	TASK8_S_{L}	S-band	L-band	
TASK8	TASK8_S_{L,S}	S-band	L-band,S-band
---------------------------------------------------------------------------------------------------------------------------------------
TASK9	TASK9_L_{}	L-band			
TASK9	TASK9_L_{S}	L-band	S-band	
TASK9	TASK9_L_{S}	L-band	S-band	
TASK9	TASK9_L_{S,S}	L-band	S-band,S-band	2/2	SAT-L3	2020-01-01T00:00:00.000	2020-01-01T10:59:40.000	2020-01-07T00:00:00.000	L-RAD	876.0749336365056/5000.0	37.94568662107187/10.0	4538.0330288180385	564.4131065215405	22.260129221701295	2.3435180400543354	5.9322680400543355	3.58875
TASK9	TASK9_S_{}	S-band			
TASK9	TASK9_S_{S}	S-band	S-band	
TASK9	TASK9_S_{L}	S-band	L-band	
TASK9	TASK9_S_{L,S}	S-band	L-band,S-band	2/2	SAT-S2	2020-01-01T00:00:00.000	2020-01-01T10:59:40.000	2020-01-07T00:00:00.000	S-RAD	876.1398469553758/5000.0	47.770427260797206/10.0	4538.086657081362	563.7672804649634	34.87588194066844	2.3435180400543354	5.9322680400543355	3.58875
TASK9	TASK9_S_{}	S-band			
TASK9	TASK9_S_{S}	S-band	S-band	
TASK9	TASK9_S_{L}	S-band	L-band	
TASK9	TASK9_S_{L,S}	S-band	L-band,S-band	2/2	SAT-S2	2020-01-01T00:00:00.000	2020-01-01T10:59:40.000	2020-01-07T00:00:00.000	S-RAD	876.1398469553758/5000.0	49.53133985135401/10.0	4538.086657081362	563.7672804649634	34.87588194066844	2.3435180400543354	5.9322680400543355	3.58875
---------------------------------------------------------------------------------------------------------------------------------------
TASK10	TASK10_L_{}	L-band			
TASK10	TASK10_L_{S}	L-band	S-band		1/1	SAT-L3	2020-01-01T00:00:00.000	2020-01-01T06:52:15.000	2020-01-07T00:00:00.000	L-RAD	167.57422652593047/5000.0	8.254785935680868/10.0	665.4493610646113	3639.5473436246007	43.77561438246555	28.710521806123875	32.299271807218936	3.58875000109506
TASK10	TASK10_S_{}	S-band			
TASK10	TASK10_S_{L}	S-band	L-band		1/1	SAT-S3	2020-01-01T00:00:00.000	2020-01-01T06:18:40.000	2020-01-07T00:00:00.000	S-RAD	164.34382586275584/5000.0	11.926259826087664/10.0	162.82468366968925	3774.8390444992633	24.6299166202377	29.295194403728896	32.88394440539498	3.5887500016660794
---------------------------------------------------------------------------------------------------------------------------------------
TASK11	TASK11_L_{}	L-band			
TASK11	TASK11_L_{S}	L-band	S-band		1/1	SAT-L3	2020-01-01T00:00:00.000	2020-01-01T10:09:05.000	2020-01-07T00:00:00.000	L-RAD	2211.351838036645/5000.0	42.232207132029096/10.0	4912.734595744505	221.45684906537934	24.57599984068813	9.905127749412248	13.493877749412249	3.58875
TASK11	TASK11_S_{}	S-band			
TASK11	TASK11_S_{L}	S-band	L-band		1/1	SAT-S1	2020-01-01T00:00:00.000	2020-01-01T00:22:10.000	2020-01-07T00:00:00.000	S-RAD	165.69283726276583/5000.0	15.449677518975218/10.0	449.1615028439077	3716.323296592073	13.627607585489715	15.479892924029944	19.068643190870333	3.5887502668403877
---------------------------------------------------------------------------------------------------------------------------------------
TASK12	TASK12_L_{}	L-band			
TASK12	TASK12_L_{S}	L-band	S-band		1/1	SAT-L3	2020-01-01T00:00:00.000	2020-01-01T09:23:15.000	2020-01-07T00:00:00.000	L-RAD	938.4489694505473/5000.0	38.29096871624908/10.0	4579.5962492907165	524.3639439414014	52.35035180785624	17.34485042746134	20.93360042746134	3.58875
TASK12	TASK12_S_{}	S-band			
TASK12	TASK12_S_{L}	S-band	L-band		1/1	SAT-S2	2020-01-01T00:00:00.000	2020-01-01T21:30:00.000	2020-01-07T00:00:00.000	S-RAD	16136.212586033644/5000.0	60.756078333256845/10.0	5123.2305563857	29.622567896467192	7.037913941127746	10.108086240728742	13.696836240728741	3.58875
---------------------------------------------------------------------------------------------------------------------------------------
TASK13	TASK13_L_{}	L-band				0/0	SAT-L2	2020-01-01T00:00:00.000	2020-01-01T11:37:15.000	2020-01-07T00:00:00.000	L-RAD	917.5076229292042/5000.0	38.139267170298375/10.0	4566.151455906276	538.8038528010592	18.702833934349783	16.111040127466804	19.699790127466805	3.58875
TASK13	TASK13_L_{S}	L-band	S-band	
TASK13	TASK13_S_{}	S-band			
TASK13	TASK13_S_{L}	S-band	L-band	
---------------------------------------------------------------------------------------------------------------------------------------
TASK14	TASK14_L_{}	L-band				0/0	SAT-L2	2020-01-01T00:00:00.000	2020-01-01T01:16:55.000	2020-01-07T00:00:00.000	L-RAD	608.9635911637902/5000.0	35.73374224309752/10.0	4259.622240612984	813.5194315113122	76.12334630100615	4.617438355360561	8.206188355360561	3.58875
TASK14	TASK14_L_{S}	L-band	S-band	
TASK14	TASK14_S_{}	S-band			
TASK14	TASK14_S_{L}	S-band	L-band	
---------------------------------------------------------------------------------------------------------------------------------------
TASK15	TASK15_L_{}	L-band			
TASK15	TASK15_L_{S}	L-band	S-band		1/1	SAT-L3	2020-01-01T00:00:00.000	2020-01-01T01:13:10.000	2020-01-07T00:00:00.000	L-RAD	2101.1064315789595/5000.0	41.93128920514405/10.0	4899.810486437133	232.53071028479124	31.170849387917627	10.960604993691014	14.549354993691013	3.58875
TASK15	TASK15_S_{}	S-band			
TASK15	TASK15_S_{L}	S-band	L-band		1/1	SAT-S2	2020-01-01T00:00:00.000	2020-01-01T01:13:10.000	2020-01-07T00:00:00.000	S-RAD	2114.6023870901354/5000.0	53.55482906898061/10.0	4901.4733358066305	232.18537600887495	20.038607347862346	10.960604993691014	14.549354993691013	3.58875
---------------------------------------------------------------------------------------------------------------------------------------
TASK16	TASK16_S_{}	S-band			
TASK16	TASK16_S_{S}	S-band	S-band	
TASK16	TASK16_S_{}	S-band			
TASK16	TASK16_S_{S}	S-band	S-band	
---------------------------------------------------------------------------------------------------------------------------------------
TASK17	TASK17_S_{}	S-band				0/0	SAT-S3	2020-01-01T00:00:00.000	2020-01-01T08:04:40.000	2020-01-07T00:00:00.000	S-RAD	13291.48532610005/5000.0	59.91008673277235/10.0	5116.083150081135	21.825083273839525	30.218370227694503	2.9029940398644243	6.491744039864424	3.58875
TASK17	TASK17_S_{S}	S-band	S-band	
TASK17	TASK17_S_{}	S-band			
TASK17	TASK17_S_{S}	S-band	S-band	
---------------------------------------------------------------------------------------------------------------------------------------
TASK18	TASK18_S_{}	S-band			
TASK18	TASK18_S_{S}	S-band	S-band	
TASK18	TASK18_S_{}	S-band				0/0	SAT-S1	2020-01-01T00:00:00.000	2020-01-02T02:50:10.000	2020-01-07T00:00:00.000	S-RAD	820.0076341019579/5000.0	49.198618035162/10.0	4495.207769362135	603.4366251593765	23.969012195488617	1.7092338594209666	5.297983859420967	3.58875
TASK18	TASK18_S_{S}	S-band	S-band	
---------------------------------------------------------------------------------------------------------------------------------------
TASK19	TASK19_L_{}	L-band				0/0	SAT-L1	2020-01-01T00:00:00.000	2020-01-01T00:48:15.000	2020-01-07T00:00:00.000	L-RAD	404.147430058702/5000.0	33.17373098179753/10.0	3783.781702910581	1247.982138716207	28.131987721238296	9.838171746482683	13.426921749975286	3.5887500034926028
---------------------------------------------------------------------------------------------------------------------------------------
TASK20	TASK20_L_{}	L-band				0/0	SAT-L2	2020-01-01T00:00:00.000	2020-01-01T17:12:35.000	2020-01-07T00:00:00.000	L-RAD	3720.9285051718916/5000.0	44.542804683878494/10.0	5011.777229867012	108.36024674560012	75.74082821615033	6.705485571272166	10.294235571272166	3.58875
---------------------------------------------------------------------------------------------------------------------------------------
TASK21	TASK21_L_{}	L-band				0/0	SAT-L1	2020-01-01T00:00:00.000	2020-01-01T01:28:05.000	2020-01-07T00:00:00.000	L-RAD	276.7687627777943/5000.0	29.056501019086284/10.0	3071.6556210136096	1878.8979882523727	77.36367261425961	15.078326931769368	18.66707695648191	3.588750024712542
---------------------------------------------------------------------------------------------------------------------------------------
TASK22	TASK22_L_{}	L-band				0/0	SAT-L2	2020-01-01T00:00:00.000	2020-01-01T03:13:45.000	2020-01-07T00:00:00.000	L-RAD	166.73062646648035/5000.0	6.943232570116643/10.0	563.8390877275755	3673.362252735595	18.823886854648126	17.831306164245063	21.42005617360097	3.588750009355905
---------------------------------------------------------------------------------------------------------------------------------------
TASK23	TASK23_S_{}	S-band				0/0	SAT-S3	2020-01-01T00:00:00.000	2020-01-01T06:36:20.000	2020-01-07T00:00:00.000	S-RAD	22763.5245737184/5000.0	62.089542603022366/10.0	5132.930304787795	5.423516708086915	20.80205551220635	13.600557385737492	17.189307385737493	3.58875
---------------------------------------------------------------------------------------------------------------------------------------
TASK24	TASK24_S_{}	S-band				0/0	SAT-S2	2020-01-01T00:00:00.000	2020-01-01T06:54:05.000	2020-01-07T00:00:00.000	S-RAD	1369.860918522876/5000.0	49.85608101859355/10.0	4762.259454119886	357.76248228691355	41.60594519902207	11.716015210208102	15.304765210208101	3.58875
---------------------------------------------------------------------------------------------------------------------------------------
TASK25	TASK25_S_{}	S-band				0/0	SAT-S3	2020-01-01T00:00:00.000	2020-01-01T01:35:00.000	2020-01-07T00:00:00.000	S-RAD	624.4545578969589/5000.0	45.936692527091616/10.0	4283.568408402648	795.051043463981	45.593310985525676	14.670425721314935	18.259175721314936	3.58875
---------------------------------------------------------------------------------------------------------------------------------------
TASK26	TASK26_S_{}	S-band				0/0	SAT-S1	2020-01-01T00:00:00.000	2020-01-01T01:48:55.000	2020-01-07T00:00:00.000	S-RAD	1163.4762024366887/5000.0	49.10559130283716/10.0	4691.903285311275	423.1309749887833	32.980946036794116	18.17889741555981	21.76764741555981	3.58875
---------------------------------------------------------------------------------------------------------------------------------------
TASK27	TASK27_S_{}	S-band			
---------------------------------------------------------------------------------------------------------------------------------------
TASK28	TASK28_S_{}	S-band				0/0	SAT-S1	2020-01-01T00:00:00.000	2020-01-01T02:39:20.000	2020-01-07T00:00:00.000	S-RAD	472.91387264449037/5000.0	45.96206835744165/10.0	3993.3098992916134	1059.414614904624	17.139780129700725	11.81549226352573	15.404242263525731	3.58875
---------------------------------------------------------------------------------------------------------------------------------------
TASK29	TASK29_S_{}	S-band			
---------------------------------------------------------------------------------------------------------------------------------------
TASK30	TASK30_S_{}	S-band				0/0	SAT-S3	2020-01-01T00:00:00.000	2020-01-01T07:16:45.000	2020-01-07T00:00:00.000	S-RAD	475.0548209682376/5000.0	45.98478848231/10.0	3998.7142053669195	1053.681228994016	45.11955201795395	16.28081677523008	19.86956677523008	3.58875
