Task Number:		0
Maximum Score:		54.141719
Subtask Cost Type:		Proportional
Subtask Cost:		0.011400
Number of Sensors:	2
Number of Subtasks:	4

Location:			[23.891877, 18.436903, 0.000000]
Sensor List:		[IR, MW]
Subtask List:		[IR_{}, IR_{MW}, MW_{}, MW_{IR}]

Time Constraints:
Start Time:		0.000000
End Time:		Infinity
Task Duration:	0.000000
Corr Time:		Infinity
Lambda:			0.001500
Dependency Matrix:
   [0	-1	-1	-1
	-1	0	-1	1
	-1	-1	0	-1
	-1	1	-1	0]

Time Constraint Matrix:
   [Infinity	Infinity	Infinity	Infinity
	Infinity	Infinity	Infinity	Infinity
	Infinity	Infinity	Infinity	Infinity
	Infinity	Infinity	Infinity	Infinity]


**********************************
Task Number:		1
Maximum Score:		56.558644
Subtask Cost Type:		Proportional
Subtask Cost:		0.011400
Number of Sensors:	2
Number of Subtasks:	4

Location:			[6.960317, 49.878170, 0.000000]
Sensor List:		[IR, MW]
Subtask List:		[IR_{}, IR_{MW}, MW_{}, MW_{IR}]

Time Constraints:
Start Time:		0.000000
End Time:		Infinity
Task Duration:	0.000000
Corr Time:		Infinity
Lambda:			0.001500
Dependency Matrix:
   [0	-1	-1	-1
	-1	0	-1	1
	-1	-1	0	-1
	-1	1	-1	0]

Time Constraint Matrix:
   [Infinity	Infinity	Infinity	Infinity
	Infinity	Infinity	Infinity	Infinity
	Infinity	Infinity	Infinity	Infinity
	Infinity	Infinity	Infinity	Infinity]


**********************************
Task Number:		2
Maximum Score:		64.740582
Subtask Cost Type:		Proportional
Subtask Cost:		0.011400
Number of Sensors:	2
Number of Subtasks:	4

Location:			[40.228082, 0.799143, 0.000000]
Sensor List:		[IR, MW]
Subtask List:		[IR_{}, IR_{MW}, MW_{}, MW_{IR}]

Time Constraints:
Start Time:		0.000000
End Time:		Infinity
Task Duration:	0.000000
Corr Time:		Infinity
Lambda:			0.001500
Dependency Matrix:
   [0	-1	-1	-1
	-1	0	-1	1
	-1	-1	0	-1
	-1	1	-1	0]

Time Constraint Matrix:
   [Infinity	Infinity	Infinity	Infinity
	Infinity	Infinity	Infinity	Infinity
	Infinity	Infinity	Infinity	Infinity
	Infinity	Infinity	Infinity	Infinity]


**********************************
Task Number:		3
Maximum Score:		94.977648
Subtask Cost Type:		Proportional
Subtask Cost:		0.011400
Number of Sensors:	2
Number of Subtasks:	4

Location:			[1.976387, 13.814620, 0.000000]
Sensor List:		[IR, MW]
Subtask List:		[IR_{}, IR_{MW}, MW_{}, MW_{IR}]

Time Constraints:
Start Time:		0.000000
End Time:		Infinity
Task Duration:	0.000000
Corr Time:		Infinity
Lambda:			0.001500
Dependency Matrix:
   [0	-1	-1	-1
	-1	0	-1	1
	-1	-1	0	-1
	-1	1	-1	0]

Time Constraint Matrix:
   [Infinity	Infinity	Infinity	Infinity
	Infinity	Infinity	Infinity	Infinity
	Infinity	Infinity	Infinity	Infinity
	Infinity	Infinity	Infinity	Infinity]


**********************************
Task Number:		4
Maximum Score:		87.166932
Subtask Cost Type:		Proportional
Subtask Cost:		0.011400
Number of Sensors:	2
Number of Subtasks:	4

Location:			[47.403279, 44.544755, 0.000000]
Sensor List:		[IR, MW]
Subtask List:		[IR_{}, IR_{MW}, MW_{}, MW_{IR}]

Time Constraints:
Start Time:		0.000000
End Time:		Infinity
Task Duration:	0.000000
Corr Time:		Infinity
Lambda:			0.001500
Dependency Matrix:
   [0	-1	-1	-1
	-1	0	-1	1
	-1	-1	0	-1
	-1	1	-1	0]

Time Constraint Matrix:
   [Infinity	Infinity	Infinity	Infinity
	Infinity	Infinity	Infinity	Infinity
	Infinity	Infinity	Infinity	Infinity
	Infinity	Infinity	Infinity	Infinity]


**********************************
Task Number:		5
Maximum Score:		83.066926
Subtask Cost Type:		Proportional
Subtask Cost:		0.011400
Number of Sensors:	2
Number of Subtasks:	4

Location:			[29.516135, 36.187840, 0.000000]
Sensor List:		[IR, MW]
Subtask List:		[IR_{}, IR_{MW}, MW_{}, MW_{IR}]

Time Constraints:
Start Time:		0.000000
End Time:		Infinity
Task Duration:	0.000000
Corr Time:		Infinity
Lambda:			0.001500
Dependency Matrix:
   [0	-1	-1	-1
	-1	0	-1	1
	-1	-1	0	-1
	-1	1	-1	0]

Time Constraint Matrix:
   [Infinity	Infinity	Infinity	Infinity
	Infinity	Infinity	Infinity	Infinity
	Infinity	Infinity	Infinity	Infinity
	Infinity	Infinity	Infinity	Infinity]


**********************************
Task Number:		6
Maximum Score:		76.259143
Subtask Cost Type:		Proportional
Subtask Cost:		0.011400
Number of Sensors:	2
Number of Subtasks:	4

Location:			[11.483723, 8.643628, 0.000000]
Sensor List:		[IR, MW]
Subtask List:		[IR_{}, IR_{MW}, MW_{}, MW_{IR}]

Time Constraints:
Start Time:		0.000000
End Time:		Infinity
Task Duration:	0.000000
Corr Time:		Infinity
Lambda:			0.001500
Dependency Matrix:
   [0	-1	-1	-1
	-1	0	-1	1
	-1	-1	0	-1
	-1	1	-1	0]

Time Constraint Matrix:
   [Infinity	Infinity	Infinity	Infinity
	Infinity	Infinity	Infinity	Infinity
	Infinity	Infinity	Infinity	Infinity
	Infinity	Infinity	Infinity	Infinity]


**********************************
Task Number:		7
Maximum Score:		75.839812
Subtask Cost Type:		Proportional
Subtask Cost:		0.011400
Number of Sensors:	2
Number of Subtasks:	4

Location:			[28.040562, 31.785732, 0.000000]
Sensor List:		[IR, MW]
Subtask List:		[IR_{}, IR_{MW}, MW_{}, MW_{IR}]

Time Constraints:
Start Time:		0.000000
End Time:		Infinity
Task Duration:	0.000000
Corr Time:		Infinity
Lambda:			0.001500
Dependency Matrix:
   [0	-1	-1	-1
	-1	0	-1	1
	-1	-1	0	-1
	-1	1	-1	0]

Time Constraint Matrix:
   [Infinity	Infinity	Infinity	Infinity
	Infinity	Infinity	Infinity	Infinity
	Infinity	Infinity	Infinity	Infinity
	Infinity	Infinity	Infinity	Infinity]


**********************************
Task Number:		8
Maximum Score:		70.219687
Subtask Cost Type:		Proportional
Subtask Cost:		0.011400
Number of Sensors:	2
Number of Subtasks:	4

Location:			[10.583896, 9.459266, 0.000000]
Sensor List:		[IR, MW]
Subtask List:		[IR_{}, IR_{MW}, MW_{}, MW_{IR}]

Time Constraints:
Start Time:		0.000000
End Time:		Infinity
Task Duration:	0.000000
Corr Time:		Infinity
Lambda:			0.001500
Dependency Matrix:
   [0	-1	-1	-1
	-1	0	-1	1
	-1	-1	0	-1
	-1	1	-1	0]

Time Constraint Matrix:
   [Infinity	Infinity	Infinity	Infinity
	Infinity	Infinity	Infinity	Infinity
	Infinity	Infinity	Infinity	Infinity
	Infinity	Infinity	Infinity	Infinity]


**********************************
Task Number:		9
Maximum Score:		81.107328
Subtask Cost Type:		Proportional
Subtask Cost:		0.011400
Number of Sensors:	2
Number of Subtasks:	4

Location:			[8.384245, 6.444696, 0.000000]
Sensor List:		[IR, MW]
Subtask List:		[IR_{}, IR_{MW}, MW_{}, MW_{IR}]

Time Constraints:
Start Time:		0.000000
End Time:		Infinity
Task Duration:	0.000000
Corr Time:		Infinity
Lambda:			0.001500
Dependency Matrix:
   [0	-1	-1	-1
	-1	0	-1	1
	-1	-1	0	-1
	-1	1	-1	0]

Time Constraint Matrix:
   [Infinity	Infinity	Infinity	Infinity
	Infinity	Infinity	Infinity	Infinity
	Infinity	Infinity	Infinity	Infinity
	Infinity	Infinity	Infinity	Infinity]


**********************************
Task Number:		10
Maximum Score:		22.492628
Subtask Cost Type:		Proportional
Subtask Cost:		0.011400
Number of Sensors:	2
Number of Subtasks:	4

Location:			[40.882439, 27.819993, 0.000000]
Sensor List:		[IR, MW]
Subtask List:		[IR_{}, IR_{MW}, MW_{}, MW_{IR}]

Time Constraints:
Start Time:		0.000000
End Time:		Infinity
Task Duration:	0.000000
Corr Time:		Infinity
Lambda:			0.001500
Dependency Matrix:
   [0	-1	-1	-1
	-1	0	-1	1
	-1	-1	0	-1
	-1	1	-1	0]

Time Constraint Matrix:
   [Infinity	Infinity	Infinity	Infinity
	Infinity	Infinity	Infinity	Infinity
	Infinity	Infinity	Infinity	Infinity
	Infinity	Infinity	Infinity	Infinity]


**********************************
Task Number:		11
Maximum Score:		56.332283
Subtask Cost Type:		Proportional
Subtask Cost:		0.011400
Number of Sensors:	2
Number of Subtasks:	4

Location:			[49.077429, 46.733686, 0.000000]
Sensor List:		[IR, MW]
Subtask List:		[IR_{}, IR_{MW}, MW_{}, MW_{IR}]

Time Constraints:
Start Time:		0.000000
End Time:		Infinity
Task Duration:	0.000000
Corr Time:		Infinity
Lambda:			0.001500
Dependency Matrix:
   [0	-1	-1	-1
	-1	0	-1	1
	-1	-1	0	-1
	-1	1	-1	0]

Time Constraint Matrix:
   [Infinity	Infinity	Infinity	Infinity
	Infinity	Infinity	Infinity	Infinity
	Infinity	Infinity	Infinity	Infinity
	Infinity	Infinity	Infinity	Infinity]


**********************************
Task Number:		12
Maximum Score:		42.957885
Subtask Cost Type:		Proportional
Subtask Cost:		0.011400
Number of Sensors:	2
Number of Subtasks:	4

Location:			[19.352921, 46.448179, 0.000000]
Sensor List:		[IR, MW]
Subtask List:		[IR_{}, IR_{MW}, MW_{}, MW_{IR}]

Time Constraints:
Start Time:		0.000000
End Time:		Infinity
Task Duration:	0.000000
Corr Time:		Infinity
Lambda:			0.001500
Dependency Matrix:
   [0	-1	-1	-1
	-1	0	-1	1
	-1	-1	0	-1
	-1	1	-1	0]

Time Constraint Matrix:
   [Infinity	Infinity	Infinity	Infinity
	Infinity	Infinity	Infinity	Infinity
	Infinity	Infinity	Infinity	Infinity
	Infinity	Infinity	Infinity	Infinity]


**********************************
Task Number:		13
Maximum Score:		4.356563
Subtask Cost Type:		Proportional
Subtask Cost:		0.011400
Number of Sensors:	2
Number of Subtasks:	4

Location:			[45.346850, 48.608299, 0.000000]
Sensor List:		[IR, MW]
Subtask List:		[IR_{}, IR_{MW}, MW_{}, MW_{IR}]

Time Constraints:
Start Time:		0.000000
End Time:		Infinity
Task Duration:	0.000000
Corr Time:		Infinity
Lambda:			0.001500
Dependency Matrix:
   [0	-1	-1	-1
	-1	0	-1	1
	-1	-1	0	-1
	-1	1	-1	0]

Time Constraint Matrix:
   [Infinity	Infinity	Infinity	Infinity
	Infinity	Infinity	Infinity	Infinity
	Infinity	Infinity	Infinity	Infinity
	Infinity	Infinity	Infinity	Infinity]


**********************************
Task Number:		14
Maximum Score:		84.826496
Subtask Cost Type:		Proportional
Subtask Cost:		0.011400
Number of Sensors:	2
Number of Subtasks:	4

Location:			[22.471878, 38.204863, 0.000000]
Sensor List:		[IR, MW]
Subtask List:		[IR_{}, IR_{MW}, MW_{}, MW_{IR}]

Time Constraints:
Start Time:		0.000000
End Time:		Infinity
Task Duration:	0.000000
Corr Time:		Infinity
Lambda:			0.001500
Dependency Matrix:
   [0	-1	-1	-1
	-1	0	-1	1
	-1	-1	0	-1
	-1	1	-1	0]

Time Constraint Matrix:
   [Infinity	Infinity	Infinity	Infinity
	Infinity	Infinity	Infinity	Infinity
	Infinity	Infinity	Infinity	Infinity
	Infinity	Infinity	Infinity	Infinity]


**********************************
Task Number:		15
Maximum Score:		17.995647
Subtask Cost Type:		Proportional
Subtask Cost:		0.011400
Number of Sensors:	1
Number of Subtasks:	1

Location:			[20.888669, 45.869211, 0.000000]
Sensor List:		[IR]
Subtask List:		[IR_{}]

Time Constraints:
Start Time:		0.000000
End Time:		Infinity
Task Duration:	0.000000
Corr Time:		Infinity
Lambda:			0.001500
Dependency Matrix:
   [0]

Time Constraint Matrix:
   [Infinity]


**********************************
Task Number:		16
Maximum Score:		12.620318
Subtask Cost Type:		Proportional
Subtask Cost:		0.011400
Number of Sensors:	1
Number of Subtasks:	1

Location:			[26.696746, 30.855625, 0.000000]
Sensor List:		[IR]
Subtask List:		[IR_{}]

Time Constraints:
Start Time:		0.000000
End Time:		Infinity
Task Duration:	0.000000
Corr Time:		Infinity
Lambda:			0.001500
Dependency Matrix:
   [0]

Time Constraint Matrix:
   [Infinity]


**********************************
Task Number:		17
Maximum Score:		45.536201
Subtask Cost Type:		Proportional
Subtask Cost:		0.011400
Number of Sensors:	1
Number of Subtasks:	1

Location:			[5.239299, 21.648377, 0.000000]
Sensor List:		[IR]
Subtask List:		[IR_{}]

Time Constraints:
Start Time:		0.000000
End Time:		Infinity
Task Duration:	0.000000
Corr Time:		Infinity
Lambda:			0.001500
Dependency Matrix:
   [0]

Time Constraint Matrix:
   [Infinity]


**********************************
Task Number:		18
Maximum Score:		17.954925
Subtask Cost Type:		Proportional
Subtask Cost:		0.011400
Number of Sensors:	1
Number of Subtasks:	1

Location:			[25.026701, 2.064614, 0.000000]
Sensor List:		[IR]
Subtask List:		[IR_{}]

Time Constraints:
Start Time:		0.000000
End Time:		Infinity
Task Duration:	0.000000
Corr Time:		Infinity
Lambda:			0.001500
Dependency Matrix:
   [0]

Time Constraint Matrix:
   [Infinity]


**********************************
Task Number:		19
Maximum Score:		47.915505
Subtask Cost Type:		Proportional
Subtask Cost:		0.011400
Number of Sensors:	1
Number of Subtasks:	1

Location:			[21.108457, 14.788800, 0.000000]
Sensor List:		[IR]
Subtask List:		[IR_{}]

Time Constraints:
Start Time:		0.000000
End Time:		Infinity
Task Duration:	0.000000
Corr Time:		Infinity
Lambda:			0.001500
Dependency Matrix:
   [0]

Time Constraint Matrix:
   [Infinity]


**********************************
Task Number:		20
Maximum Score:		39.899157
Subtask Cost Type:		Proportional
Subtask Cost:		0.011400
Number of Sensors:	1
Number of Subtasks:	1

Location:			[16.777080, 14.282496, 0.000000]
Sensor List:		[IR]
Subtask List:		[IR_{}]

Time Constraints:
Start Time:		0.000000
End Time:		Infinity
Task Duration:	0.000000
Corr Time:		Infinity
Lambda:			0.001500
Dependency Matrix:
   [0]

Time Constraint Matrix:
   [Infinity]


**********************************
Task Number:		21
Maximum Score:		6.071447
Subtask Cost Type:		Proportional
Subtask Cost:		0.011400
Number of Sensors:	1
Number of Subtasks:	1

Location:			[22.214796, 4.188526, 0.000000]
Sensor List:		[IR]
Subtask List:		[IR_{}]

Time Constraints:
Start Time:		0.000000
End Time:		Infinity
Task Duration:	0.000000
Corr Time:		Infinity
Lambda:			0.001500
Dependency Matrix:
   [0]

Time Constraint Matrix:
   [Infinity]


**********************************
Task Number:		22
Maximum Score:		6.061253
Subtask Cost Type:		Proportional
Subtask Cost:		0.011400
Number of Sensors:	1
Number of Subtasks:	1

Location:			[1.823486, 10.537834, 0.000000]
Sensor List:		[IR]
Subtask List:		[IR_{}]

Time Constraints:
Start Time:		0.000000
End Time:		Infinity
Task Duration:	0.000000
Corr Time:		Infinity
Lambda:			0.001500
Dependency Matrix:
   [0]

Time Constraint Matrix:
   [Infinity]


**********************************
Task Number:		23
Maximum Score:		32.632233
Subtask Cost Type:		Proportional
Subtask Cost:		0.011400
Number of Sensors:	1
Number of Subtasks:	1

Location:			[37.119594, 16.130402, 0.000000]
Sensor List:		[MW]
Subtask List:		[MW_{}]

Time Constraints:
Start Time:		0.000000
End Time:		Infinity
Task Duration:	0.000000
Corr Time:		Infinity
Lambda:			0.001500
Dependency Matrix:
   [0]

Time Constraint Matrix:
   [Infinity]


**********************************
Task Number:		24
Maximum Score:		48.942702
Subtask Cost Type:		Proportional
Subtask Cost:		0.011400
Number of Sensors:	1
Number of Subtasks:	1

Location:			[4.031845, 42.528280, 0.000000]
Sensor List:		[MW]
Subtask List:		[MW_{}]

Time Constraints:
Start Time:		0.000000
End Time:		Infinity
Task Duration:	0.000000
Corr Time:		Infinity
Lambda:			0.001500
Dependency Matrix:
   [0]

Time Constraint Matrix:
   [Infinity]


**********************************
Task Number:		25
Maximum Score:		15.405168
Subtask Cost Type:		Proportional
Subtask Cost:		0.011400
Number of Sensors:	1
Number of Subtasks:	1

Location:			[8.641530, 35.124037, 0.000000]
Sensor List:		[MW]
Subtask List:		[MW_{}]

Time Constraints:
Start Time:		0.000000
End Time:		Infinity
Task Duration:	0.000000
Corr Time:		Infinity
Lambda:			0.001500
Dependency Matrix:
   [0]

Time Constraint Matrix:
   [Infinity]


**********************************
Task Number:		26
Maximum Score:		39.338331
Subtask Cost Type:		Proportional
Subtask Cost:		0.011400
Number of Sensors:	1
Number of Subtasks:	1

Location:			[13.070847, 46.657579, 0.000000]
Sensor List:		[MW]
Subtask List:		[MW_{}]

Time Constraints:
Start Time:		0.000000
End Time:		Infinity
Task Duration:	0.000000
Corr Time:		Infinity
Lambda:			0.001500
Dependency Matrix:
   [0]

Time Constraint Matrix:
   [Infinity]


**********************************
Task Number:		27
Maximum Score:		1.652218
Subtask Cost Type:		Proportional
Subtask Cost:		0.011400
Number of Sensors:	1
Number of Subtasks:	1

Location:			[27.216713, 34.818491, 0.000000]
Sensor List:		[MW]
Subtask List:		[MW_{}]

Time Constraints:
Start Time:		0.000000
End Time:		Infinity
Task Duration:	0.000000
Corr Time:		Infinity
Lambda:			0.001500
Dependency Matrix:
   [0]

Time Constraint Matrix:
   [Infinity]


**********************************
Task Number:		28
Maximum Score:		14.412615
Subtask Cost Type:		Proportional
Subtask Cost:		0.011400
Number of Sensors:	1
Number of Subtasks:	1

Location:			[7.158346, 22.281872, 0.000000]
Sensor List:		[MW]
Subtask List:		[MW_{}]

Time Constraints:
Start Time:		0.000000
End Time:		Infinity
Task Duration:	0.000000
Corr Time:		Infinity
Lambda:			0.001500
Dependency Matrix:
   [0]

Time Constraint Matrix:
   [Infinity]


**********************************
Task Number:		29
Maximum Score:		18.822642
Subtask Cost Type:		Proportional
Subtask Cost:		0.011400
Number of Sensors:	1
Number of Subtasks:	1

Location:			[30.245915, 45.880542, 0.000000]
Sensor List:		[MW]
Subtask List:		[MW_{}]

Time Constraints:
Start Time:		0.000000
End Time:		Infinity
Task Duration:	0.000000
Corr Time:		Infinity
Lambda:			0.001500
Dependency Matrix:
   [0]

Time Constraint Matrix:
   [Infinity]


**********************************
