TASK1:
Spatial Resolution Satisfaction:		0.9999957498111816
Signal-to-Noise Ratio Satisfaction:	0.5
Temporal Resolution Satisfaction:		0.0
Number of Measurements:	1
		TASK1_UHF_{}		{2020-01-07T11:29:47.000}	Spacecraft-3
---------------------------------------------------------------------------------
TASK2:
Spatial Resolution Satisfaction:		0.9999945750359466
Signal-to-Noise Ratio Satisfaction:	0.5
Temporal Resolution Satisfaction:		0.9683785680390151
Number of Measurements:	4
		TASK2_C_{}		{2020-01-02T19:04:58.000}	Spacecraft-7
		TASK2_C_{}		{2020-01-03T06:42:41.000}	Spacecraft-5
		TASK2_C_{}		{2020-01-03T18:55:08.000}	Spacecraft-5
		TASK2_L_{}		{2020-01-07T18:48:05.000}	Spacecraft-1
---------------------------------------------------------------------------------
TASK3:
Spatial Resolution Satisfaction:		0.9999947419884406
Signal-to-Noise Ratio Satisfaction:	0.5
Temporal Resolution Satisfaction:		0.9861484801956466
Number of Measurements:	2
		TASK3_C_{}		{2020-01-06T12:43:44.000}	Spacecraft-5
		TASK3_L_{}		{2020-01-07T00:00:09.000}	Spacecraft-1
---------------------------------------------------------------------------------
TASK4:
Spatial Resolution Satisfaction:		0.9999926217533353
Signal-to-Noise Ratio Satisfaction:	0.5
Temporal Resolution Satisfaction:		0.0
Number of Measurements:	1
		TASK4_L_{}		{2020-01-07T22:03:35.000}	Spacecraft-1
---------------------------------------------------------------------------------
TASK5:
Spatial Resolution Satisfaction:		0.9999956539985653
Signal-to-Noise Ratio Satisfaction:	0.5
Temporal Resolution Satisfaction:		0.9848774943462834
Number of Measurements:	2
		TASK5_C_{}		{2020-01-04T12:29:30.000}	Spacecraft-7
		TASK5_C_{}		{2020-01-05T02:47:19.000}	Spacecraft-5
---------------------------------------------------------------------------------
TASK6:
Spatial Resolution Satisfaction:		0.9999956539985653
Signal-to-Noise Ratio Satisfaction:	0.5
Temporal Resolution Satisfaction:		0.9833172642039572
Number of Measurements:	3
		TASK6_C_{}		{2020-01-06T05:19:24.000}	Spacecraft-7
		TASK6_C_{}		{2020-01-07T05:09:34.000}	Spacecraft-5
		TASK6_C_{}		{2020-01-07T16:41:24.000}	Spacecraft-7
---------------------------------------------------------------------------------
TASK7:
Spatial Resolution Satisfaction:		0.0
Signal-to-Noise Ratio Satisfaction:	0.0
Temporal Resolution Satisfaction:		0.0
Number of Measurements:	0
---------------------------------------------------------------------------------
TASK8:
Spatial Resolution Satisfaction:		0.999993410189072
Signal-to-Noise Ratio Satisfaction:	0.5
Temporal Resolution Satisfaction:		0.0
Number of Measurements:	1
		TASK8_L_{}		{2020-01-07T12:59:23.000}	Spacecraft-1
---------------------------------------------------------------------------------
TASK9:
Spatial Resolution Satisfaction:		0.9999946175548455
Signal-to-Noise Ratio Satisfaction:	0.5
Temporal Resolution Satisfaction:		0.9764912560072143
Number of Measurements:	3
		TASK9_C_{}		{2020-01-05T12:47:14.000}	Spacecraft-5
		TASK9_C_{}		{2020-01-06T12:37:23.000}	Spacecraft-7
		TASK9_L_{}		{2020-01-07T23:54:34.000}	Spacecraft-1
---------------------------------------------------------------------------------
TASK10:
Spatial Resolution Satisfaction:		0.9999933870543075
Signal-to-Noise Ratio Satisfaction:	0.5
Temporal Resolution Satisfaction:		0.0
Number of Measurements:	1
		TASK10_L_{}		{2020-01-07T20:27:23.000}	Spacecraft-1
---------------------------------------------------------------------------------
TASK11:
Spatial Resolution Satisfaction:		0.9999933523566403
Signal-to-Noise Ratio Satisfaction:	0.5
Temporal Resolution Satisfaction:		0.9805512857304532
Number of Measurements:	2
		TASK11_L_{}		{2020-01-05T16:11:46.000}	Spacecraft-1
		TASK11_L_{}		{2020-01-06T15:10:54.000}	Spacecraft-1
---------------------------------------------------------------------------------
TASK12:
Spatial Resolution Satisfaction:		0.0
Signal-to-Noise Ratio Satisfaction:	0.0
Temporal Resolution Satisfaction:		0.0
Number of Measurements:	0
---------------------------------------------------------------------------------
TASK13:
Spatial Resolution Satisfaction:		0.9999956539985653
Signal-to-Noise Ratio Satisfaction:	0.5
Temporal Resolution Satisfaction:		0.0
Number of Measurements:	1
		TASK13_C_{}		{2020-01-07T14:10:56.000}	Spacecraft-7
---------------------------------------------------------------------------------
TASK14:
Spatial Resolution Satisfaction:		0.0
Signal-to-Noise Ratio Satisfaction:	0.0
Temporal Resolution Satisfaction:		0.0
Number of Measurements:	0
---------------------------------------------------------------------------------
TASK15:
Spatial Resolution Satisfaction:		0.9999956539985653
Signal-to-Noise Ratio Satisfaction:	0.5
Temporal Resolution Satisfaction:		0.9840371520488759
Number of Measurements:	4
		TASK15_C_{}		{2020-01-02T11:57:51.000}	Spacecraft-7
		TASK15_C_{}		{2020-01-03T12:36:46.000}	Spacecraft-7
		TASK15_C_{}		{2020-01-04T11:38:12.000}	Spacecraft-7
		TASK15_C_{}		{2020-01-04T12:26:54.000}	Spacecraft-5
---------------------------------------------------------------------------------
TASK16:
Spatial Resolution Satisfaction:		0.9999956539985653
Signal-to-Noise Ratio Satisfaction:	0.5
Temporal Resolution Satisfaction:		0.0
Number of Measurements:	1
		TASK16_C_{}		{2020-01-07T14:51:21.000}	Spacecraft-5
---------------------------------------------------------------------------------
TASK17:
Spatial Resolution Satisfaction:		0.9999957246337586
Signal-to-Noise Ratio Satisfaction:	0.5
Temporal Resolution Satisfaction:		0.9241659443143265
Number of Measurements:	2
		TASK17_C_{}		{2020-01-04T20:39:39.000}	Spacecraft-7
		TASK17_UHF_{}		{2020-01-07T19:50:27.000}	Spacecraft-3
---------------------------------------------------------------------------------
TASK18:
Spatial Resolution Satisfaction:		0.9999956539985653
Signal-to-Noise Ratio Satisfaction:	0.5
Temporal Resolution Satisfaction:		0.9556825122080801
Number of Measurements:	4
		TASK18_C_{}		{2020-01-01T06:56:27.000}	Spacecraft-7
		TASK18_C_{}		{2020-01-03T19:01:38.000}	Spacecraft-7
		TASK18_C_{}		{2020-01-04T07:15:34.000}	Spacecraft-7
		TASK18_C_{}		{2020-01-07T18:22:19.000}	Spacecraft-7
---------------------------------------------------------------------------------
TASK19:
Spatial Resolution Satisfaction:		0.9999936075395357
Signal-to-Noise Ratio Satisfaction:	0.5
Temporal Resolution Satisfaction:		0.9819811037226275
Number of Measurements:	4
		TASK19_L_{}		{2020-01-04T10:42:58.000}	Spacecraft-1
		TASK19_L_{}		{2020-01-05T00:09:33.000}	Spacecraft-1
		TASK19_L_{}		{2020-01-06T10:18:32.000}	Spacecraft-1
		TASK19_L_{}		{2020-01-06T23:44:58.000}	Spacecraft-1
---------------------------------------------------------------------------------
TASK20:
Spatial Resolution Satisfaction:		0.9999936853079437
Signal-to-Noise Ratio Satisfaction:	0.5
Temporal Resolution Satisfaction:		0.0
Number of Measurements:	1
		TASK20_L_{}		{2020-01-07T18:57:18.000}	Spacecraft-1
---------------------------------------------------------------------------------
TASK21:
Spatial Resolution Satisfaction:		0.9999927833757848
Signal-to-Noise Ratio Satisfaction:	0.5
Temporal Resolution Satisfaction:		0.9857916062459722
Number of Measurements:	4
		TASK21_L_{}		{2020-01-03T08:26:26.000}	Spacecraft-1
		TASK21_L_{}		{2020-01-03T21:54:14.000}	Spacecraft-1
		TASK21_L_{}		{2020-01-04T07:25:33.000}	Spacecraft-1
		TASK21_L_{}		{2020-01-04T20:53:18.000}	Spacecraft-1
---------------------------------------------------------------------------------
TASK22:
Spatial Resolution Satisfaction:		0.9999935449048684
Signal-to-Noise Ratio Satisfaction:	0.5
Temporal Resolution Satisfaction:		0.9762370359315656
Number of Measurements:	3
		TASK22_L_{}		{2020-01-02T05:08:01.000}	Spacecraft-1
		TASK22_L_{}		{2020-01-03T16:23:54.000}	Spacecraft-1
		TASK22_L_{}		{2020-01-04T17:00:13.000}	Spacecraft-1
---------------------------------------------------------------------------------
TASK23:
Spatial Resolution Satisfaction:		0.9999953751035002
Signal-to-Noise Ratio Satisfaction:	0.5
Temporal Resolution Satisfaction:		0.9717918635176961
Number of Measurements:	3
		TASK23_UHF_{}		{2020-01-04T08:30:09.000}	Spacecraft-3
		TASK23_UHF_{}		{2020-01-05T20:59:48.000}	Spacecraft-3
		TASK23_UHF_{}		{2020-01-07T08:19:21.000}	Spacecraft-3
---------------------------------------------------------------------------------
TASK24:
Spatial Resolution Satisfaction:		0.9999955239719871
Signal-to-Noise Ratio Satisfaction:	0.5
Temporal Resolution Satisfaction:		0.0
Number of Measurements:	1
		TASK24_UHF_{}		{2020-01-06T19:04:39.000}	Spacecraft-3
---------------------------------------------------------------------------------
TASK25:
Spatial Resolution Satisfaction:		0.9999956475800903
Signal-to-Noise Ratio Satisfaction:	0.5
Temporal Resolution Satisfaction:		0.9717917513405862
Number of Measurements:	3
		TASK25_UHF_{}		{2020-01-04T15:36:00.000}	Spacecraft-3
		TASK25_UHF_{}		{2020-01-06T02:57:58.000}	Spacecraft-3
		TASK25_UHF_{}		{2020-01-07T15:25:13.000}	Spacecraft-3
---------------------------------------------------------------------------------
TASK26:
Spatial Resolution Satisfaction:		0.9999957170558932
Signal-to-Noise Ratio Satisfaction:	0.5
Temporal Resolution Satisfaction:		0.9800076581834285
Number of Measurements:	7
		TASK26_UHF_{}		{2020-01-01T18:28:42.000}	Spacecraft-3
		TASK26_UHF_{}		{2020-01-02T06:29:19.000}	Spacecraft-3
		TASK26_UHF_{}		{2020-01-03T06:57:57.000}	Spacecraft-3
		TASK26_UHF_{}		{2020-01-04T18:17:54.000}	Spacecraft-3
		TASK26_UHF_{}		{2020-01-05T06:18:32.000}	Spacecraft-3
		TASK26_UHF_{}		{2020-01-06T06:47:09.000}	Spacecraft-3
		TASK26_UHF_{}		{2020-01-07T18:07:07.000}	Spacecraft-3
---------------------------------------------------------------------------------
TASK27:
Spatial Resolution Satisfaction:		0.9999956539985653
Signal-to-Noise Ratio Satisfaction:	0.5
Temporal Resolution Satisfaction:		0.976402506901502
Number of Measurements:	3
		TASK27_C_{}		{2020-01-05T07:51:58.000}	Spacecraft-5
		TASK27_C_{}		{2020-01-06T07:42:07.000}	Spacecraft-7
		TASK27_C_{}		{2020-01-07T19:15:01.000}	Spacecraft-7
---------------------------------------------------------------------------------
TASK28:
Spatial Resolution Satisfaction:		0.9999956539985653
Signal-to-Noise Ratio Satisfaction:	0.5
Temporal Resolution Satisfaction:		0.982552498725416
Number of Measurements:	6
		TASK28_C_{}		{2020-01-03T11:31:41.000}	Spacecraft-5
		TASK28_C_{}		{2020-01-03T23:09:20.000}	Spacecraft-7
		TASK28_C_{}		{2020-01-04T11:21:51.000}	Spacecraft-7
		TASK28_C_{}		{2020-01-06T11:50:48.000}	Spacecraft-5
		TASK28_C_{}		{2020-01-06T23:28:27.000}	Spacecraft-7
		TASK28_C_{}		{2020-01-07T11:40:59.000}	Spacecraft-7
---------------------------------------------------------------------------------
TASK29:
Spatial Resolution Satisfaction:		0.0
Signal-to-Noise Ratio Satisfaction:	0.0
Temporal Resolution Satisfaction:		0.0
Number of Measurements:	0
---------------------------------------------------------------------------------
TASK30:
Spatial Resolution Satisfaction:		0.9999956539985653
Signal-to-Noise Ratio Satisfaction:	0.5
Temporal Resolution Satisfaction:		0.985844165705245
Number of Measurements:	4
		TASK30_C_{}		{2020-01-03T01:46:05.000}	Spacecraft-5
		TASK30_C_{}		{2020-01-03T13:59:49.000}	Spacecraft-5
		TASK30_C_{}		{2020-01-04T01:36:15.000}	Spacecraft-7
		TASK30_C_{}		{2020-01-04T13:49:59.000}	Spacecraft-7
---------------------------------------------------------------------------------
