Task Number:		0
Maximum Score:		69.218807
Subtask Cost:		0.000000
Number of Sensors:	2.000000
Number of Subtasks:	4

Location:			[35.000000, 12.000000, 0.000000]
Sensor List:		[IR, MW]
Subtask List:		[IR_{}, IR_{MW}, MW_{}, MW_{IR}]

Time Constraints:
Start Time:		0.000000
End Time:		Infinity
Task Duration:	0.691461
Corr Time:		4.000000
Lambda:			0.015000
Dependency Matrix:
   [0	-1	-1	-1
	-1	0	-1	1
	-1	-1	0	-1
	-1	1	-1	0]

Time Constraint Matrix:
   [Infinity	Infinity	Infinity	Infinity
	Infinity	Infinity	Infinity	4.000000
	Infinity	Infinity	Infinity	Infinity
	Infinity	4.000000	Infinity	Infinity]


**********************************
Task Number:		1
Maximum Score:		98.830780
Subtask Cost:		0.000000
Number of Sensors:	2.000000
Number of Subtasks:	4

Location:			[36.000000, 1.000000, 0.000000]
Sensor List:		[IR, MW]
Subtask List:		[IR_{}, IR_{MW}, MW_{}, MW_{IR}]

Time Constraints:
Start Time:		0.000000
End Time:		Infinity
Task Duration:	0.988577
Corr Time:		4.000000
Lambda:			0.015000
Dependency Matrix:
   [0	-1	-1	-1
	-1	0	-1	1
	-1	-1	0	-1
	-1	1	-1	0]

Time Constraint Matrix:
   [Infinity	Infinity	Infinity	Infinity
	Infinity	Infinity	Infinity	4.000000
	Infinity	Infinity	Infinity	Infinity
	Infinity	4.000000	Infinity	Infinity]


**********************************
Task Number:		2
Maximum Score:		55.364705
Subtask Cost:		0.000000
Number of Sensors:	2.000000
Number of Subtasks:	4

Location:			[11.000000, 42.000000, 0.000000]
Sensor List:		[IR, MW]
Subtask List:		[IR_{}, IR_{MW}, MW_{}, MW_{IR}]

Time Constraints:
Start Time:		0.000000
End Time:		Infinity
Task Duration:	0.798555
Corr Time:		4.000000
Lambda:			0.015000
Dependency Matrix:
   [0	-1	-1	-1
	-1	0	-1	1
	-1	-1	0	-1
	-1	1	-1	0]

Time Constraint Matrix:
   [Infinity	Infinity	Infinity	Infinity
	Infinity	Infinity	Infinity	4.000000
	Infinity	Infinity	Infinity	Infinity
	Infinity	4.000000	Infinity	Infinity]


**********************************
Task Number:		3
Maximum Score:		92.998137
Subtask Cost:		0.000000
Number of Sensors:	2.000000
Number of Subtasks:	4

Location:			[27.000000, 24.000000, 0.000000]
Sensor List:		[IR, MW]
Subtask List:		[IR_{}, IR_{MW}, MW_{}, MW_{IR}]

Time Constraints:
Start Time:		0.000000
End Time:		Infinity
Task Duration:	0.113862
Corr Time:		4.000000
Lambda:			0.015000
Dependency Matrix:
   [0	-1	-1	-1
	-1	0	-1	1
	-1	-1	0	-1
	-1	1	-1	0]

Time Constraint Matrix:
   [Infinity	Infinity	Infinity	Infinity
	Infinity	Infinity	Infinity	4.000000
	Infinity	Infinity	Infinity	Infinity
	Infinity	4.000000	Infinity	Infinity]


**********************************
Task Number:		4
Maximum Score:		51.635394
Subtask Cost:		0.000000
Number of Sensors:	2.000000
Number of Subtasks:	4

Location:			[38.000000, 22.000000, 0.000000]
Sensor List:		[IR, MW]
Subtask List:		[IR_{}, IR_{MW}, MW_{}, MW_{IR}]

Time Constraints:
Start Time:		0.000000
End Time:		Infinity
Task Duration:	0.877279
Corr Time:		4.000000
Lambda:			0.015000
Dependency Matrix:
   [0	-1	-1	-1
	-1	0	-1	1
	-1	-1	0	-1
	-1	1	-1	0]

Time Constraint Matrix:
   [Infinity	Infinity	Infinity	Infinity
	Infinity	Infinity	Infinity	4.000000
	Infinity	Infinity	Infinity	Infinity
	Infinity	4.000000	Infinity	Infinity]


**********************************
Task Number:		5
Maximum Score:		93.939500
Subtask Cost:		0.000000
Number of Sensors:	2.000000
Number of Subtasks:	4

Location:			[46.000000, 5.000000, 0.000000]
Sensor List:		[IR, MW]
Subtask List:		[IR_{}, IR_{MW}, MW_{}, MW_{IR}]

Time Constraints:
Start Time:		0.000000
End Time:		Infinity
Task Duration:	0.855088
Corr Time:		4.000000
Lambda:			0.015000
Dependency Matrix:
   [0	-1	-1	-1
	-1	0	-1	1
	-1	-1	0	-1
	-1	1	-1	0]

Time Constraint Matrix:
   [Infinity	Infinity	Infinity	Infinity
	Infinity	Infinity	Infinity	4.000000
	Infinity	Infinity	Infinity	Infinity
	Infinity	4.000000	Infinity	Infinity]


**********************************
Task Number:		6
Maximum Score:		79.009292
Subtask Cost:		0.000000
Number of Sensors:	2.000000
Number of Subtasks:	4

Location:			[24.000000, 46.000000, 0.000000]
Sensor List:		[IR, MW]
Subtask List:		[IR_{}, IR_{MW}, MW_{}, MW_{IR}]

Time Constraints:
Start Time:		0.000000
End Time:		Infinity
Task Duration:	0.987092
Corr Time:		4.000000
Lambda:			0.015000
Dependency Matrix:
   [0	-1	-1	-1
	-1	0	-1	1
	-1	-1	0	-1
	-1	1	-1	0]

Time Constraint Matrix:
   [Infinity	Infinity	Infinity	Infinity
	Infinity	Infinity	Infinity	4.000000
	Infinity	Infinity	Infinity	Infinity
	Infinity	4.000000	Infinity	Infinity]


**********************************
Task Number:		7
Maximum Score:		91.135853
Subtask Cost:		0.000000
Number of Sensors:	2.000000
Number of Subtasks:	4

Location:			[17.000000, 21.000000, 0.000000]
Sensor List:		[IR, MW]
Subtask List:		[IR_{}, IR_{MW}, MW_{}, MW_{IR}]

Time Constraints:
Start Time:		0.000000
End Time:		Infinity
Task Duration:	0.381686
Corr Time:		4.000000
Lambda:			0.015000
Dependency Matrix:
   [0	-1	-1	-1
	-1	0	-1	1
	-1	-1	0	-1
	-1	1	-1	0]

Time Constraint Matrix:
   [Infinity	Infinity	Infinity	Infinity
	Infinity	Infinity	Infinity	4.000000
	Infinity	Infinity	Infinity	Infinity
	Infinity	4.000000	Infinity	Infinity]


**********************************
Task Number:		8
Maximum Score:		75.324351
Subtask Cost:		0.000000
Number of Sensors:	2.000000
Number of Subtasks:	4

Location:			[40.000000, 10.000000, 0.000000]
Sensor List:		[IR, MW]
Subtask List:		[IR_{}, IR_{MW}, MW_{}, MW_{IR}]

Time Constraints:
Start Time:		0.000000
End Time:		Infinity
Task Duration:	0.687733
Corr Time:		4.000000
Lambda:			0.015000
Dependency Matrix:
   [0	-1	-1	-1
	-1	0	-1	1
	-1	-1	0	-1
	-1	1	-1	0]

Time Constraint Matrix:
   [Infinity	Infinity	Infinity	Infinity
	Infinity	Infinity	Infinity	4.000000
	Infinity	Infinity	Infinity	Infinity
	Infinity	4.000000	Infinity	Infinity]


**********************************
Task Number:		9
Maximum Score:		66.081852
Subtask Cost:		0.000000
Number of Sensors:	2.000000
Number of Subtasks:	4

Location:			[11.000000, 20.000000, 0.000000]
Sensor List:		[IR, MW]
Subtask List:		[IR_{}, IR_{MW}, MW_{}, MW_{IR}]

Time Constraints:
Start Time:		0.000000
End Time:		Infinity
Task Duration:	0.919653
Corr Time:		4.000000
Lambda:			0.015000
Dependency Matrix:
   [0	-1	-1	-1
	-1	0	-1	1
	-1	-1	0	-1
	-1	1	-1	0]

Time Constraint Matrix:
   [Infinity	Infinity	Infinity	Infinity
	Infinity	Infinity	Infinity	4.000000
	Infinity	Infinity	Infinity	Infinity
	Infinity	4.000000	Infinity	Infinity]


**********************************
Task Number:		10
Maximum Score:		82.348579
Subtask Cost:		0.000000
Number of Sensors:	2.000000
Number of Subtasks:	4

Location:			[45.000000, 16.000000, 0.000000]
Sensor List:		[IR, MW]
Subtask List:		[IR_{}, IR_{MW}, MW_{}, MW_{IR}]

Time Constraints:
Start Time:		0.000000
End Time:		Infinity
Task Duration:	0.938185
Corr Time:		4.000000
Lambda:			0.015000
Dependency Matrix:
   [0	-1	-1	-1
	-1	0	-1	1
	-1	-1	0	-1
	-1	1	-1	0]

Time Constraint Matrix:
   [Infinity	Infinity	Infinity	Infinity
	Infinity	Infinity	Infinity	4.000000
	Infinity	Infinity	Infinity	Infinity
	Infinity	4.000000	Infinity	Infinity]


**********************************
Task Number:		11
Maximum Score:		99.389611
Subtask Cost:		0.000000
Number of Sensors:	2.000000
Number of Subtasks:	4

Location:			[10.000000, 20.000000, 0.000000]
Sensor List:		[IR, MW]
Subtask List:		[IR_{}, IR_{MW}, MW_{}, MW_{IR}]

Time Constraints:
Start Time:		0.000000
End Time:		Infinity
Task Duration:	0.696444
Corr Time:		4.000000
Lambda:			0.015000
Dependency Matrix:
   [0	-1	-1	-1
	-1	0	-1	1
	-1	-1	0	-1
	-1	1	-1	0]

Time Constraint Matrix:
   [Infinity	Infinity	Infinity	Infinity
	Infinity	Infinity	Infinity	4.000000
	Infinity	Infinity	Infinity	Infinity
	Infinity	4.000000	Infinity	Infinity]


**********************************
Task Number:		12
Maximum Score:		97.965900
Subtask Cost:		0.000000
Number of Sensors:	2.000000
Number of Subtasks:	4

Location:			[8.000000, 10.000000, 0.000000]
Sensor List:		[IR, MW]
Subtask List:		[IR_{}, IR_{MW}, MW_{}, MW_{IR}]

Time Constraints:
Start Time:		0.000000
End Time:		Infinity
Task Duration:	0.049412
Corr Time:		4.000000
Lambda:			0.015000
Dependency Matrix:
   [0	-1	-1	-1
	-1	0	-1	1
	-1	-1	0	-1
	-1	1	-1	0]

Time Constraint Matrix:
   [Infinity	Infinity	Infinity	Infinity
	Infinity	Infinity	Infinity	4.000000
	Infinity	Infinity	Infinity	Infinity
	Infinity	4.000000	Infinity	Infinity]


**********************************
Task Number:		13
Maximum Score:		82.167983
Subtask Cost:		0.000000
Number of Sensors:	2.000000
Number of Subtasks:	4

Location:			[47.000000, 26.000000, 0.000000]
Sensor List:		[IR, MW]
Subtask List:		[IR_{}, IR_{MW}, MW_{}, MW_{IR}]

Time Constraints:
Start Time:		0.000000
End Time:		Infinity
Task Duration:	0.394717
Corr Time:		4.000000
Lambda:			0.015000
Dependency Matrix:
   [0	-1	-1	-1
	-1	0	-1	1
	-1	-1	0	-1
	-1	1	-1	0]

Time Constraint Matrix:
   [Infinity	Infinity	Infinity	Infinity
	Infinity	Infinity	Infinity	4.000000
	Infinity	Infinity	Infinity	Infinity
	Infinity	4.000000	Infinity	Infinity]


**********************************
Task Number:		14
Maximum Score:		99.922698
Subtask Cost:		0.000000
Number of Sensors:	2.000000
Number of Subtasks:	4

Location:			[33.000000, 1.000000, 0.000000]
Sensor List:		[IR, MW]
Subtask List:		[IR_{}, IR_{MW}, MW_{}, MW_{IR}]

Time Constraints:
Start Time:		0.000000
End Time:		Infinity
Task Duration:	0.663523
Corr Time:		4.000000
Lambda:			0.015000
Dependency Matrix:
   [0	-1	-1	-1
	-1	0	-1	1
	-1	-1	0	-1
	-1	1	-1	0]

Time Constraint Matrix:
   [Infinity	Infinity	Infinity	Infinity
	Infinity	Infinity	Infinity	4.000000
	Infinity	Infinity	Infinity	Infinity
	Infinity	4.000000	Infinity	Infinity]


**********************************
Task Number:		15
Maximum Score:		94.372679
Subtask Cost:		0.000000
Number of Sensors:	2.000000
Number of Subtasks:	4

Location:			[14.000000, 22.000000, 0.000000]
Sensor List:		[IR, MW]
Subtask List:		[IR_{}, IR_{MW}, MW_{}, MW_{IR}]

Time Constraints:
Start Time:		0.000000
End Time:		Infinity
Task Duration:	0.212586
Corr Time:		4.000000
Lambda:			0.015000
Dependency Matrix:
   [0	-1	-1	-1
	-1	0	-1	1
	-1	-1	0	-1
	-1	1	-1	0]

Time Constraint Matrix:
   [Infinity	Infinity	Infinity	Infinity
	Infinity	Infinity	Infinity	4.000000
	Infinity	Infinity	Infinity	Infinity
	Infinity	4.000000	Infinity	Infinity]


**********************************
Task Number:		16
Maximum Score:		60.080336
Subtask Cost:		0.000000
Number of Sensors:	2.000000
Number of Subtasks:	4

Location:			[3.000000, 17.000000, 0.000000]
Sensor List:		[IR, MW]
Subtask List:		[IR_{}, IR_{MW}, MW_{}, MW_{IR}]

Time Constraints:
Start Time:		0.000000
End Time:		Infinity
Task Duration:	0.982023
Corr Time:		4.000000
Lambda:			0.015000
Dependency Matrix:
   [0	-1	-1	-1
	-1	0	-1	1
	-1	-1	0	-1
	-1	1	-1	0]

Time Constraint Matrix:
   [Infinity	Infinity	Infinity	Infinity
	Infinity	Infinity	Infinity	4.000000
	Infinity	Infinity	Infinity	Infinity
	Infinity	4.000000	Infinity	Infinity]


**********************************
Task Number:		17
Maximum Score:		75.322520
Subtask Cost:		0.000000
Number of Sensors:	2.000000
Number of Subtasks:	4

Location:			[9.000000, 48.000000, 0.000000]
Sensor List:		[IR, MW]
Subtask List:		[IR_{}, IR_{MW}, MW_{}, MW_{IR}]

Time Constraints:
Start Time:		0.000000
End Time:		Infinity
Task Duration:	0.878029
Corr Time:		4.000000
Lambda:			0.015000
Dependency Matrix:
   [0	-1	-1	-1
	-1	0	-1	1
	-1	-1	0	-1
	-1	1	-1	0]

Time Constraint Matrix:
   [Infinity	Infinity	Infinity	Infinity
	Infinity	Infinity	Infinity	4.000000
	Infinity	Infinity	Infinity	Infinity
	Infinity	4.000000	Infinity	Infinity]


**********************************
Task Number:		18
Maximum Score:		80.618967
Subtask Cost:		0.000000
Number of Sensors:	2.000000
Number of Subtasks:	4

Location:			[21.000000, 33.000000, 0.000000]
Sensor List:		[IR, MW]
Subtask List:		[IR_{}, IR_{MW}, MW_{}, MW_{IR}]

Time Constraints:
Start Time:		0.000000
End Time:		Infinity
Task Duration:	0.715802
Corr Time:		4.000000
Lambda:			0.015000
Dependency Matrix:
   [0	-1	-1	-1
	-1	0	-1	1
	-1	-1	0	-1
	-1	1	-1	0]

Time Constraint Matrix:
   [Infinity	Infinity	Infinity	Infinity
	Infinity	Infinity	Infinity	4.000000
	Infinity	Infinity	Infinity	Infinity
	Infinity	4.000000	Infinity	Infinity]


**********************************
Task Number:		19
Maximum Score:		74.077137
Subtask Cost:		0.000000
Number of Sensors:	2.000000
Number of Subtasks:	4

Location:			[19.000000, 37.000000, 0.000000]
Sensor List:		[IR, MW]
Subtask List:		[IR_{}, IR_{MW}, MW_{}, MW_{IR}]

Time Constraints:
Start Time:		0.000000
End Time:		Infinity
Task Duration:	0.215121
Corr Time:		4.000000
Lambda:			0.015000
Dependency Matrix:
   [0	-1	-1	-1
	-1	0	-1	1
	-1	-1	0	-1
	-1	1	-1	0]

Time Constraint Matrix:
   [Infinity	Infinity	Infinity	Infinity
	Infinity	Infinity	Infinity	4.000000
	Infinity	Infinity	Infinity	Infinity
	Infinity	4.000000	Infinity	Infinity]


**********************************
