TASK1:
Spatial Resolution Satisfaction:		0.0
Signal-to-Noise Ratio Satisfaction:	0.0
Temporal Resolution Satisfaction:		0.0
Number of Measurements:	0
---------------------------------------------------------------------------------
TASK2:
Spatial Resolution Satisfaction:		0.9999956539985653
Signal-to-Noise Ratio Satisfaction:	0.5
Temporal Resolution Satisfaction:		0.0
Number of Measurements:	1
		TASK2_C_{}		{2020-01-07T17:35:18.000}	Spacecraft-1
---------------------------------------------------------------------------------
TASK3:
Spatial Resolution Satisfaction:		0.9999956539985653
Signal-to-Noise Ratio Satisfaction:	0.5
Temporal Resolution Satisfaction:		0.0
Number of Measurements:	1
		TASK3_C_{}		{2020-01-07T14:05:04.000}	Spacecraft-1
---------------------------------------------------------------------------------
TASK4:
Spatial Resolution Satisfaction:		0.9999956539985653
Signal-to-Noise Ratio Satisfaction:	0.5
Temporal Resolution Satisfaction:		0.9860518935284261
Number of Measurements:	2
		TASK4_C_{}		{2020-01-07T01:03:31.000}	Spacecraft-1
		TASK4_C_{}		{2020-01-07T12:34:17.000}	Spacecraft-3
---------------------------------------------------------------------------------
TASK5:
Spatial Resolution Satisfaction:		0.0
Signal-to-Noise Ratio Satisfaction:	0.0
Temporal Resolution Satisfaction:		0.0
Number of Measurements:	0
---------------------------------------------------------------------------------
TASK6:
Spatial Resolution Satisfaction:		0.9999956539985653
Signal-to-Noise Ratio Satisfaction:	0.5
Temporal Resolution Satisfaction:		0.0
Number of Measurements:	1
		TASK6_C_{}		{2020-01-07T01:01:35.000}	Spacecraft-3
---------------------------------------------------------------------------------
TASK7:
Spatial Resolution Satisfaction:		0.9999956539985653
Signal-to-Noise Ratio Satisfaction:	0.5
Temporal Resolution Satisfaction:		0.0
Number of Measurements:	1
		TASK7_C_{}		{2020-01-07T13:31:50.000}	Spacecraft-3
---------------------------------------------------------------------------------
TASK8:
Spatial Resolution Satisfaction:		0.9999956539985653
Signal-to-Noise Ratio Satisfaction:	0.5
Temporal Resolution Satisfaction:		0.9534467846533099
Number of Measurements:	3
		TASK8_C_{}		{2020-01-03T11:27:05.000}	Spacecraft-1
		TASK8_C_{}		{2020-01-06T11:46:15.000}	Spacecraft-1
		TASK8_C_{}		{2020-01-07T22:34:19.000}	Spacecraft-3
---------------------------------------------------------------------------------
TASK9:
Spatial Resolution Satisfaction:		0.9999956539985653
Signal-to-Noise Ratio Satisfaction:	0.5
Temporal Resolution Satisfaction:		0.0
Number of Measurements:	1
		TASK9_C_{}		{2020-01-07T15:55:34.000}	Spacecraft-1
---------------------------------------------------------------------------------
TASK10:
Spatial Resolution Satisfaction:		0.0
Signal-to-Noise Ratio Satisfaction:	0.0
Temporal Resolution Satisfaction:		0.0
Number of Measurements:	0
---------------------------------------------------------------------------------
TASK11:
Spatial Resolution Satisfaction:		0.0
Signal-to-Noise Ratio Satisfaction:	0.0
Temporal Resolution Satisfaction:		0.0
Number of Measurements:	0
---------------------------------------------------------------------------------
TASK12:
Spatial Resolution Satisfaction:		0.0
Signal-to-Noise Ratio Satisfaction:	0.0
Temporal Resolution Satisfaction:		0.0
Number of Measurements:	0
---------------------------------------------------------------------------------
TASK13:
Spatial Resolution Satisfaction:		0.0
Signal-to-Noise Ratio Satisfaction:	0.0
Temporal Resolution Satisfaction:		0.0
Number of Measurements:	0
---------------------------------------------------------------------------------
TASK14:
Spatial Resolution Satisfaction:		0.9999956539985653
Signal-to-Noise Ratio Satisfaction:	0.5
Temporal Resolution Satisfaction:		0.9857194164527632
Number of Measurements:	3
		TASK14_C_{}		{2020-01-06T15:49:30.000}	Spacecraft-1
		TASK14_C_{}		{2020-01-07T15:39:39.000}	Spacecraft-3
		TASK14_C_{}		{2020-01-07T16:28:21.000}	Spacecraft-1
---------------------------------------------------------------------------------
TASK15:
Spatial Resolution Satisfaction:		0.0
Signal-to-Noise Ratio Satisfaction:	0.0
Temporal Resolution Satisfaction:		0.0
Number of Measurements:	0
---------------------------------------------------------------------------------
TASK16:
Spatial Resolution Satisfaction:		0.0
Signal-to-Noise Ratio Satisfaction:	0.0
Temporal Resolution Satisfaction:		0.0
Number of Measurements:	0
---------------------------------------------------------------------------------
TASK17:
Spatial Resolution Satisfaction:		0.9999956539985653
Signal-to-Noise Ratio Satisfaction:	0.5
Temporal Resolution Satisfaction:		0.0
Number of Measurements:	1
		TASK17_C_{}		{2020-01-07T14:58:02.000}	Spacecraft-3
---------------------------------------------------------------------------------
TASK18:
Spatial Resolution Satisfaction:		0.0
Signal-to-Noise Ratio Satisfaction:	0.0
Temporal Resolution Satisfaction:		0.0
Number of Measurements:	0
---------------------------------------------------------------------------------
TASK19:
Spatial Resolution Satisfaction:		0.0
Signal-to-Noise Ratio Satisfaction:	0.0
Temporal Resolution Satisfaction:		0.0
Number of Measurements:	0
---------------------------------------------------------------------------------
TASK20:
Spatial Resolution Satisfaction:		0.0
Signal-to-Noise Ratio Satisfaction:	0.0
Temporal Resolution Satisfaction:		0.0
Number of Measurements:	0
---------------------------------------------------------------------------------
TASK21:
Spatial Resolution Satisfaction:		0.0
Signal-to-Noise Ratio Satisfaction:	0.0
Temporal Resolution Satisfaction:		0.0
Number of Measurements:	0
---------------------------------------------------------------------------------
TASK22:
Spatial Resolution Satisfaction:		0.0
Signal-to-Noise Ratio Satisfaction:	0.0
Temporal Resolution Satisfaction:		0.0
Number of Measurements:	0
---------------------------------------------------------------------------------
TASK23:
Spatial Resolution Satisfaction:		0.0
Signal-to-Noise Ratio Satisfaction:	0.0
Temporal Resolution Satisfaction:		0.0
Number of Measurements:	0
---------------------------------------------------------------------------------
TASK24:
Spatial Resolution Satisfaction:		0.0
Signal-to-Noise Ratio Satisfaction:	0.0
Temporal Resolution Satisfaction:		0.0
Number of Measurements:	0
---------------------------------------------------------------------------------
TASK25:
Spatial Resolution Satisfaction:		0.0
Signal-to-Noise Ratio Satisfaction:	0.0
Temporal Resolution Satisfaction:		0.0
Number of Measurements:	0
---------------------------------------------------------------------------------
TASK26:
Spatial Resolution Satisfaction:		0.0
Signal-to-Noise Ratio Satisfaction:	0.0
Temporal Resolution Satisfaction:		0.0
Number of Measurements:	0
---------------------------------------------------------------------------------
TASK27:
Spatial Resolution Satisfaction:		0.9999956539985653
Signal-to-Noise Ratio Satisfaction:	0.5
Temporal Resolution Satisfaction:		0.9605689363274038
Number of Measurements:	3
		TASK27_C_{}		{2020-01-03T23:10:12.000}	Spacecraft-3
		TASK27_C_{}		{2020-01-07T10:50:49.000}	Spacecraft-1
		TASK27_C_{}		{2020-01-07T22:30:52.000}	Spacecraft-3
---------------------------------------------------------------------------------
TASK28:
Spatial Resolution Satisfaction:		0.9999956539985653
Signal-to-Noise Ratio Satisfaction:	0.5
Temporal Resolution Satisfaction:		0.9786387686113361
Number of Measurements:	5
		TASK28_C_{}		{2020-01-02T17:13:22.000}	Spacecraft-3
		TASK28_C_{}		{2020-01-03T16:14:44.000}	Spacecraft-3
		TASK28_C_{}		{2020-01-05T15:54:59.000}	Spacecraft-3
		TASK28_C_{}		{2020-01-06T03:08:28.000}	Spacecraft-3
		TASK28_C_{}		{2020-01-07T02:09:50.000}	Spacecraft-3
---------------------------------------------------------------------------------
TASK29:
Spatial Resolution Satisfaction:		0.0
Signal-to-Noise Ratio Satisfaction:	0.0
Temporal Resolution Satisfaction:		0.0
Number of Measurements:	0
---------------------------------------------------------------------------------
TASK30:
Spatial Resolution Satisfaction:		0.9999956539985653
Signal-to-Noise Ratio Satisfaction:	0.5
Temporal Resolution Satisfaction:		0.9841618880360177
Number of Measurements:	4
		TASK30_C_{}		{2020-01-05T16:42:42.000}	Spacecraft-1
		TASK30_C_{}		{2020-01-06T02:19:51.000}	Spacecraft-1
		TASK30_C_{}		{2020-01-07T01:21:12.000}	Spacecraft-1
		TASK30_C_{}		{2020-01-07T16:23:03.000}	Spacecraft-1
---------------------------------------------------------------------------------
