Task Number:		0
Maximum Score:		20.143923
Subtask Cost:		0.805472
Number of Sensors:	2.000000
Number of Subtasks:	4

Location:			[41.000000, 6.000000, 0.000000]
Sensor List:		[IR, MW]
Subtask List:		[IR_{}, IR_{MW}, MW_{}, MW_{IR}]

Time Constraints:
Start Time:		0.000000
End Time:		Infinity
Task Duration:	0.817327
Corr Time:		2.000000
Lambda:			0.015000
Dependency Matrix:
   [0	-1	-1	-1
	-1	0	-1	1
	-1	-1	0	-1
	-1	1	-1	0]

Time Constraint Matrix:
   [Infinity	Infinity	Infinity	Infinity
	Infinity	Infinity	Infinity	0.817327
	Infinity	Infinity	Infinity	Infinity
	Infinity	0.817327	Infinity	Infinity]


**********************************
Task Number:		1
Maximum Score:		55.458253
Subtask Cost:		0.715296
Number of Sensors:	2.000000
Number of Subtasks:	4

Location:			[32.000000, 7.000000, 0.000000]
Sensor List:		[IR, MW]
Subtask List:		[IR_{}, IR_{MW}, MW_{}, MW_{IR}]

Time Constraints:
Start Time:		0.000000
End Time:		Infinity
Task Duration:	0.813038
Corr Time:		2.000000
Lambda:			0.015000
Dependency Matrix:
   [0	-1	-1	-1
	-1	0	-1	1
	-1	-1	0	-1
	-1	1	-1	0]

Time Constraint Matrix:
   [Infinity	Infinity	Infinity	Infinity
	Infinity	Infinity	Infinity	0.813038
	Infinity	Infinity	Infinity	Infinity
	Infinity	0.813038	Infinity	Infinity]


**********************************
Task Number:		2
Maximum Score:		6.199302
Subtask Cost:		0.075809
Number of Sensors:	2.000000
Number of Subtasks:	4

Location:			[45.000000, 45.000000, 0.000000]
Sensor List:		[IR, MW]
Subtask List:		[IR_{}, IR_{MW}, MW_{}, MW_{IR}]

Time Constraints:
Start Time:		0.000000
End Time:		Infinity
Task Duration:	0.201722
Corr Time:		2.000000
Lambda:			0.015000
Dependency Matrix:
   [0	-1	-1	-1
	-1	0	-1	1
	-1	-1	0	-1
	-1	1	-1	0]

Time Constraint Matrix:
   [Infinity	Infinity	Infinity	Infinity
	Infinity	Infinity	Infinity	0.201722
	Infinity	Infinity	Infinity	Infinity
	Infinity	0.201722	Infinity	Infinity]


**********************************
Task Number:		3
Maximum Score:		41.244403
Subtask Cost:		0.297431
Number of Sensors:	2.000000
Number of Subtasks:	4

Location:			[9.000000, 23.000000, 0.000000]
Sensor List:		[IR, MW]
Subtask List:		[IR_{}, IR_{MW}, MW_{}, MW_{IR}]

Time Constraints:
Start Time:		0.000000
End Time:		Infinity
Task Duration:	0.938460
Corr Time:		2.000000
Lambda:			0.015000
Dependency Matrix:
   [0	-1	-1	-1
	-1	0	-1	1
	-1	-1	0	-1
	-1	1	-1	0]

Time Constraint Matrix:
   [Infinity	Infinity	Infinity	Infinity
	Infinity	Infinity	Infinity	0.938460
	Infinity	Infinity	Infinity	Infinity
	Infinity	0.938460	Infinity	Infinity]


**********************************
Task Number:		4
Maximum Score:		80.390758
Subtask Cost:		0.466133
Number of Sensors:	2.000000
Number of Subtasks:	4

Location:			[32.000000, 33.000000, 0.000000]
Sensor List:		[IR, MW]
Subtask List:		[IR_{}, IR_{MW}, MW_{}, MW_{IR}]

Time Constraints:
Start Time:		0.000000
End Time:		Infinity
Task Duration:	0.340390
Corr Time:		2.000000
Lambda:			0.015000
Dependency Matrix:
   [0	-1	-1	-1
	-1	0	-1	1
	-1	-1	0	-1
	-1	1	-1	0]

Time Constraint Matrix:
   [Infinity	Infinity	Infinity	Infinity
	Infinity	Infinity	Infinity	0.340390
	Infinity	Infinity	Infinity	Infinity
	Infinity	0.340390	Infinity	Infinity]


**********************************
Task Number:		5
Maximum Score:		50.095185
Subtask Cost:		0.876540
Number of Sensors:	2.000000
Number of Subtasks:	4

Location:			[47.000000, 31.000000, 0.000000]
Sensor List:		[IR, MW]
Subtask List:		[IR_{}, IR_{MW}, MW_{}, MW_{IR}]

Time Constraints:
Start Time:		0.000000
End Time:		Infinity
Task Duration:	0.558597
Corr Time:		2.000000
Lambda:			0.015000
Dependency Matrix:
   [0	-1	-1	-1
	-1	0	-1	1
	-1	-1	0	-1
	-1	1	-1	0]

Time Constraint Matrix:
   [Infinity	Infinity	Infinity	Infinity
	Infinity	Infinity	Infinity	0.558597
	Infinity	Infinity	Infinity	Infinity
	Infinity	0.558597	Infinity	Infinity]


**********************************
Task Number:		6
Maximum Score:		88.961656
Subtask Cost:		0.364672
Number of Sensors:	2.000000
Number of Subtasks:	4

Location:			[33.000000, 8.000000, 0.000000]
Sensor List:		[IR, MW]
Subtask List:		[IR_{}, IR_{MW}, MW_{}, MW_{IR}]

Time Constraints:
Start Time:		0.000000
End Time:		Infinity
Task Duration:	0.409827
Corr Time:		2.000000
Lambda:			0.015000
Dependency Matrix:
   [0	-1	-1	-1
	-1	0	-1	1
	-1	-1	0	-1
	-1	1	-1	0]

Time Constraint Matrix:
   [Infinity	Infinity	Infinity	Infinity
	Infinity	Infinity	Infinity	0.409827
	Infinity	Infinity	Infinity	Infinity
	Infinity	0.409827	Infinity	Infinity]


**********************************
Task Number:		7
Maximum Score:		88.238056
Subtask Cost:		0.719412
Number of Sensors:	2.000000
Number of Subtasks:	4

Location:			[19.000000, 11.000000, 0.000000]
Sensor List:		[IR, MW]
Subtask List:		[IR_{}, IR_{MW}, MW_{}, MW_{IR}]

Time Constraints:
Start Time:		0.000000
End Time:		Infinity
Task Duration:	0.283757
Corr Time:		2.000000
Lambda:			0.015000
Dependency Matrix:
   [0	-1	-1	-1
	-1	0	-1	1
	-1	-1	0	-1
	-1	1	-1	0]

Time Constraint Matrix:
   [Infinity	Infinity	Infinity	Infinity
	Infinity	Infinity	Infinity	0.283757
	Infinity	Infinity	Infinity	Infinity
	Infinity	0.283757	Infinity	Infinity]


**********************************
Task Number:		8
Maximum Score:		25.931271
Subtask Cost:		0.711617
Number of Sensors:	2.000000
Number of Subtasks:	4

Location:			[10.000000, 20.000000, 0.000000]
Sensor List:		[IR, MW]
Subtask List:		[IR_{}, IR_{MW}, MW_{}, MW_{IR}]

Time Constraints:
Start Time:		0.000000
End Time:		Infinity
Task Duration:	0.345782
Corr Time:		2.000000
Lambda:			0.015000
Dependency Matrix:
   [0	-1	-1	-1
	-1	0	-1	1
	-1	-1	0	-1
	-1	1	-1	0]

Time Constraint Matrix:
   [Infinity	Infinity	Infinity	Infinity
	Infinity	Infinity	Infinity	0.345782
	Infinity	Infinity	Infinity	Infinity
	Infinity	0.345782	Infinity	Infinity]


**********************************
Task Number:		9
Maximum Score:		96.730745
Subtask Cost:		0.057169
Number of Sensors:	2.000000
Number of Subtasks:	4

Location:			[43.000000, 47.000000, 0.000000]
Sensor List:		[IR, MW]
Subtask List:		[IR_{}, IR_{MW}, MW_{}, MW_{IR}]

Time Constraints:
Start Time:		0.000000
End Time:		Infinity
Task Duration:	0.433462
Corr Time:		2.000000
Lambda:			0.015000
Dependency Matrix:
   [0	-1	-1	-1
	-1	0	-1	1
	-1	-1	0	-1
	-1	1	-1	0]

Time Constraint Matrix:
   [Infinity	Infinity	Infinity	Infinity
	Infinity	Infinity	Infinity	0.433462
	Infinity	Infinity	Infinity	Infinity
	Infinity	0.433462	Infinity	Infinity]


**********************************
Task Number:		10
Maximum Score:		63.566223
Subtask Cost:		0.612207
Number of Sensors:	2.000000
Number of Subtasks:	4

Location:			[2.000000, 7.000000, 0.000000]
Sensor List:		[IR, MW]
Subtask List:		[IR_{}, IR_{MW}, MW_{}, MW_{IR}]

Time Constraints:
Start Time:		0.000000
End Time:		Infinity
Task Duration:	0.383178
Corr Time:		2.000000
Lambda:			0.015000
Dependency Matrix:
   [0	-1	-1	-1
	-1	0	-1	1
	-1	-1	0	-1
	-1	1	-1	0]

Time Constraint Matrix:
   [Infinity	Infinity	Infinity	Infinity
	Infinity	Infinity	Infinity	0.383178
	Infinity	Infinity	Infinity	Infinity
	Infinity	0.383178	Infinity	Infinity]


**********************************
Task Number:		11
Maximum Score:		77.029375
Subtask Cost:		0.708358
Number of Sensors:	2.000000
Number of Subtasks:	4

Location:			[23.000000, 46.000000, 0.000000]
Sensor List:		[IR, MW]
Subtask List:		[IR_{}, IR_{MW}, MW_{}, MW_{IR}]

Time Constraints:
Start Time:		0.000000
End Time:		Infinity
Task Duration:	0.798294
Corr Time:		2.000000
Lambda:			0.015000
Dependency Matrix:
   [0	-1	-1	-1
	-1	0	-1	1
	-1	-1	0	-1
	-1	1	-1	0]

Time Constraint Matrix:
   [Infinity	Infinity	Infinity	Infinity
	Infinity	Infinity	Infinity	0.798294
	Infinity	Infinity	Infinity	Infinity
	Infinity	0.798294	Infinity	Infinity]


**********************************
Task Number:		12
Maximum Score:		77.523199
Subtask Cost:		0.232263
Number of Sensors:	2.000000
Number of Subtasks:	4

Location:			[5.000000, 46.000000, 0.000000]
Sensor List:		[IR, MW]
Subtask List:		[IR_{}, IR_{MW}, MW_{}, MW_{IR}]

Time Constraints:
Start Time:		0.000000
End Time:		Infinity
Task Duration:	0.998344
Corr Time:		2.000000
Lambda:			0.015000
Dependency Matrix:
   [0	-1	-1	-1
	-1	0	-1	1
	-1	-1	0	-1
	-1	1	-1	0]

Time Constraint Matrix:
   [Infinity	Infinity	Infinity	Infinity
	Infinity	Infinity	Infinity	0.998344
	Infinity	Infinity	Infinity	Infinity
	Infinity	0.998344	Infinity	Infinity]


**********************************
Task Number:		13
Maximum Score:		35.925584
Subtask Cost:		0.979220
Number of Sensors:	2.000000
Number of Subtasks:	4

Location:			[6.000000, 40.000000, 0.000000]
Sensor List:		[IR, MW]
Subtask List:		[IR_{}, IR_{MW}, MW_{}, MW_{IR}]

Time Constraints:
Start Time:		0.000000
End Time:		Infinity
Task Duration:	0.412191
Corr Time:		2.000000
Lambda:			0.015000
Dependency Matrix:
   [0	-1	-1	-1
	-1	0	-1	1
	-1	-1	0	-1
	-1	1	-1	0]

Time Constraint Matrix:
   [Infinity	Infinity	Infinity	Infinity
	Infinity	Infinity	Infinity	0.412191
	Infinity	Infinity	Infinity	Infinity
	Infinity	0.412191	Infinity	Infinity]


**********************************
Task Number:		14
Maximum Score:		30.455036
Subtask Cost:		0.585726
Number of Sensors:	2.000000
Number of Subtasks:	4

Location:			[32.000000, 30.000000, 0.000000]
Sensor List:		[IR, MW]
Subtask List:		[IR_{}, IR_{MW}, MW_{}, MW_{IR}]

Time Constraints:
Start Time:		0.000000
End Time:		Infinity
Task Duration:	0.261587
Corr Time:		2.000000
Lambda:			0.015000
Dependency Matrix:
   [0	-1	-1	-1
	-1	0	-1	1
	-1	-1	0	-1
	-1	1	-1	0]

Time Constraint Matrix:
   [Infinity	Infinity	Infinity	Infinity
	Infinity	Infinity	Infinity	0.261587
	Infinity	Infinity	Infinity	Infinity
	Infinity	0.261587	Infinity	Infinity]


**********************************
Task Number:		15
Maximum Score:		1.695875
Subtask Cost:		0.277618
Number of Sensors:	1.000000
Number of Subtasks:	1

Location:			[5.000000, 24.000000, 0.000000]
Sensor List:		[IR]
Subtask List:		[IR_{}]

Time Constraints:
Start Time:		0.000000
End Time:		Infinity
Task Duration:	0.446247
Corr Time:		2.000000
Lambda:			0.015000
Dependency Matrix:
   [0]

Time Constraint Matrix:
   [Infinity]


**********************************
Task Number:		16
Maximum Score:		78.698211
Subtask Cost:		0.018554
Number of Sensors:	1.000000
Number of Subtasks:	1

Location:			[27.000000, 11.000000, 0.000000]
Sensor List:		[MW]
Subtask List:		[MW_{}]

Time Constraints:
Start Time:		0.000000
End Time:		Infinity
Task Duration:	0.262841
Corr Time:		2.000000
Lambda:			0.015000
Dependency Matrix:
   [0]

Time Constraint Matrix:
   [Infinity]


**********************************
Task Number:		17
Maximum Score:		66.282383
Subtask Cost:		0.705831
Number of Sensors:	1.000000
Number of Subtasks:	1

Location:			[7.000000, 0.000000, 0.000000]
Sensor List:		[IR]
Subtask List:		[IR_{}]

Time Constraints:
Start Time:		0.000000
End Time:		Infinity
Task Duration:	0.340077
Corr Time:		2.000000
Lambda:			0.015000
Dependency Matrix:
   [0]

Time Constraint Matrix:
   [Infinity]


**********************************
Task Number:		18
Maximum Score:		72.435924
Subtask Cost:		0.437671
Number of Sensors:	1.000000
Number of Subtasks:	1

Location:			[47.000000, 47.000000, 0.000000]
Sensor List:		[MW]
Subtask List:		[MW_{}]

Time Constraints:
Start Time:		0.000000
End Time:		Infinity
Task Duration:	0.757129
Corr Time:		2.000000
Lambda:			0.015000
Dependency Matrix:
   [0]

Time Constraint Matrix:
   [Infinity]


**********************************
Task Number:		19
Maximum Score:		66.764134
Subtask Cost:		0.894895
Number of Sensors:	1.000000
Number of Subtasks:	1

Location:			[41.000000, 49.000000, 0.000000]
Sensor List:		[IR]
Subtask List:		[IR_{}]

Time Constraints:
Start Time:		0.000000
End Time:		Infinity
Task Duration:	0.442079
Corr Time:		2.000000
Lambda:			0.015000
Dependency Matrix:
   [0]

Time Constraint Matrix:
   [Infinity]


**********************************
Task Number:		20
Maximum Score:		30.429100
Subtask Cost:		0.233421
Number of Sensors:	1.000000
Number of Subtasks:	1

Location:			[26.000000, 47.000000, 0.000000]
Sensor List:		[MW]
Subtask List:		[MW_{}]

Time Constraints:
Start Time:		0.000000
End Time:		Infinity
Task Duration:	0.251167
Corr Time:		2.000000
Lambda:			0.015000
Dependency Matrix:
   [0]

Time Constraint Matrix:
   [Infinity]


**********************************
Task Number:		21
Maximum Score:		27.529670
Subtask Cost:		0.221807
Number of Sensors:	1.000000
Number of Subtasks:	1

Location:			[34.000000, 40.000000, 0.000000]
Sensor List:		[MW]
Subtask List:		[MW_{}]

Time Constraints:
Start Time:		0.000000
End Time:		Infinity
Task Duration:	0.358022
Corr Time:		2.000000
Lambda:			0.015000
Dependency Matrix:
   [0]

Time Constraint Matrix:
   [Infinity]


**********************************
Task Number:		22
Maximum Score:		38.934818
Subtask Cost:		0.105716
Number of Sensors:	1.000000
Number of Subtasks:	1

Location:			[47.000000, 35.000000, 0.000000]
Sensor List:		[MW]
Subtask List:		[MW_{}]

Time Constraints:
Start Time:		0.000000
End Time:		Infinity
Task Duration:	0.680800
Corr Time:		2.000000
Lambda:			0.015000
Dependency Matrix:
   [0]

Time Constraint Matrix:
   [Infinity]


**********************************
Task Number:		23
Maximum Score:		61.833024
Subtask Cost:		0.647363
Number of Sensors:	1.000000
Number of Subtasks:	1

Location:			[6.000000, 14.000000, 0.000000]
Sensor List:		[IR]
Subtask List:		[IR_{}]

Time Constraints:
Start Time:		0.000000
End Time:		Infinity
Task Duration:	0.990974
Corr Time:		2.000000
Lambda:			0.015000
Dependency Matrix:
   [0]

Time Constraint Matrix:
   [Infinity]


**********************************
Task Number:		24
Maximum Score:		23.829438
Subtask Cost:		0.207982
Number of Sensors:	1.000000
Number of Subtasks:	1

Location:			[40.000000, 46.000000, 0.000000]
Sensor List:		[IR]
Subtask List:		[IR_{}]

Time Constraints:
Start Time:		0.000000
End Time:		Infinity
Task Duration:	0.050080
Corr Time:		2.000000
Lambda:			0.015000
Dependency Matrix:
   [0]

Time Constraint Matrix:
   [Infinity]


**********************************
Task Number:		25
Maximum Score:		63.627444
Subtask Cost:		0.147279
Number of Sensors:	1.000000
Number of Subtasks:	1

Location:			[31.000000, 38.000000, 0.000000]
Sensor List:		[IR]
Subtask List:		[IR_{}]

Time Constraints:
Start Time:		0.000000
End Time:		Infinity
Task Duration:	0.126805
Corr Time:		2.000000
Lambda:			0.015000
Dependency Matrix:
   [0]

Time Constraint Matrix:
   [Infinity]


**********************************
Task Number:		26
Maximum Score:		32.675223
Subtask Cost:		0.284989
Number of Sensors:	1.000000
Number of Subtasks:	1

Location:			[11.000000, 3.000000, 0.000000]
Sensor List:		[MW]
Subtask List:		[MW_{}]

Time Constraints:
Start Time:		0.000000
End Time:		Infinity
Task Duration:	0.869643
Corr Time:		2.000000
Lambda:			0.015000
Dependency Matrix:
   [0]

Time Constraint Matrix:
   [Infinity]


**********************************
Task Number:		27
Maximum Score:		7.333017
Subtask Cost:		0.581834
Number of Sensors:	1.000000
Number of Subtasks:	1

Location:			[31.000000, 4.000000, 0.000000]
Sensor List:		[MW]
Subtask List:		[MW_{}]

Time Constraints:
Start Time:		0.000000
End Time:		Infinity
Task Duration:	0.110518
Corr Time:		2.000000
Lambda:			0.015000
Dependency Matrix:
   [0]

Time Constraint Matrix:
   [Infinity]


**********************************
Task Number:		28
Maximum Score:		20.001308
Subtask Cost:		0.473346
Number of Sensors:	1.000000
Number of Subtasks:	1

Location:			[11.000000, 24.000000, 0.000000]
Sensor List:		[IR]
Subtask List:		[IR_{}]

Time Constraints:
Start Time:		0.000000
End Time:		Infinity
Task Duration:	0.409345
Corr Time:		2.000000
Lambda:			0.015000
Dependency Matrix:
   [0]

Time Constraint Matrix:
   [Infinity]


**********************************
Task Number:		29
Maximum Score:		13.311016
Subtask Cost:		0.649851
Number of Sensors:	1.000000
Number of Subtasks:	1

Location:			[38.000000, 20.000000, 0.000000]
Sensor List:		[IR]
Subtask List:		[IR_{}]

Time Constraints:
Start Time:		0.000000
End Time:		Infinity
Task Duration:	0.222648
Corr Time:		2.000000
Lambda:			0.015000
Dependency Matrix:
   [0]

Time Constraint Matrix:
   [Infinity]


**********************************
