0	|	0.000000	0.000000	0.000000	0.000000	|	0.000000	0.000000	0.000000	0.000000	|	-	-	-	-	|	0	0	0	0	
1	|	0.000000	0.000000	0.000000	0.000000	|	0.000000	0.000000	0.000000	0.000000	|	-	-	-	-	|	0	0	0	0	
2	|	14.057895	14.057895	14.057895	14.057895	|	29.688634	29.688634	29.688634	29.688634	|	2	2	2	2	|	0	0	0	0	
3	|	0.000000	0.000000	0.000000	0.000000	|	0.000000	0.000000	0.000000	0.000000	|	-	-	-	-	|	0	0	0	0	
4	|	0.000000	0.000000	0.000000	0.000000	|	0.000000	0.000000	0.000000	0.000000	|	-	-	-	-	|	0	0	0	0	
5	|	10.923204	10.923204	10.923204	10.923204	|	65.463014	65.463014	65.463014	65.463014	|	3	3	3	3	|	0	0	0	0	
6	|	0.000000	0.000000	0.000000	0.000000	|	0.000000	0.000000	0.000000	0.000000	|	-	-	-	-	|	0	0	0	0	
7	|	10.920819	10.920819	10.920819	10.920819	|	65.473014	65.473014	65.473014	65.473014	|	4	4	4	4	|	0	0	0	0	
8	|	0.000000	0.000000	0.000000	0.000000	|	0.000000	0.000000	0.000000	0.000000	|	-	-	-	-	|	0	0	0	0	
9	|	0.000000	0.000000	0.000000	0.000000	|	0.000000	0.000000	0.000000	0.000000	|	-	-	-	-	|	0	0	0	0	
10	|	0.000000	0.000000	0.000000	0.000000	|	0.000000	0.000000	0.000000	0.000000	|	-	-	-	-	|	0	0	0	0	
11	|	0.000000	0.000000	0.000000	0.000000	|	0.000000	0.000000	0.000000	0.000000	|	-	-	-	-	|	0	0	0	0	
12	|	0.000000	0.000000	0.000000	0.000000	|	0.000000	0.000000	0.000000	0.000000	|	-	-	-	-	|	0	0	0	0	
13	|	0.000000	0.000000	0.000000	0.000000	|	0.000000	0.000000	0.000000	0.000000	|	-	-	-	-	|	0	0	0	0	
14	|	0.000000	0.000000	0.000000	0.000000	|	0.000000	0.000000	0.000000	0.000000	|	-	-	-	-	|	0	0	0	0	
15	|	0.000000	0.000000	0.000000	0.000000	|	0.000000	0.000000	0.000000	0.000000	|	-	-	-	-	|	0	0	0	0	
16	|	19.196138	19.196138	19.196138	19.196138	|	13.186913	13.186913	13.186913	13.186913	|	1	1	1	1	|	0	0	0	0	
17	|	0.000000	0.000000	0.000000	0.000000	|	0.000000	0.000000	0.000000	0.000000	|	-	-	-	-	|	0	0	0	0	
18	|	0.000000	0.000000	0.000000	0.000000	|	0.000000	0.000000	0.000000	0.000000	|	-	-	-	-	|	0	0	0	0	
19	|	0.000000	0.000000	0.000000	0.000000	|	0.000000	0.000000	0.000000	0.000000	|	-	-	-	-	|	0	0	0	0	
20	|	23.816178	23.816178	23.816178	23.816178	|	4.242641	4.242641	4.242641	4.242641	|	1	1	1	1	|	0	0	0	0	
21	|	0.000000	0.000000	0.000000	0.000000	|	0.000000	0.000000	0.000000	0.000000	|	-	-	-	-	|	0	0	0	0	
22	|	0.000000	0.000000	0.000000	0.000000	|	0.000000	0.000000	0.000000	0.000000	|	-	-	-	-	|	0	0	0	0	
23	|	0.000000	0.000000	0.000000	0.000000	|	0.000000	0.000000	0.000000	0.000000	|	-	-	-	-	|	0	0	0	0	
24	|	0.000000	0.000000	0.000000	0.000000	|	0.000000	0.000000	0.000000	0.000000	|	-	-	-	-	|	0	0	0	0	
25	|	20.441990	20.441990	20.441990	20.441990	|	35.903256	35.903256	35.903256	35.903256	|	3	3	3	3	|	0	0	0	0	
26	|	0.000000	0.000000	0.000000	0.000000	|	0.000000	0.000000	0.000000	0.000000	|	-	-	-	-	|	0	0	0	0	
27	|	20.437787	20.437787	20.437787	20.437787	|	35.913256	35.913256	35.913256	35.913256	|	4	4	4	4	|	0	0	0	0	
28	|	20.419608	20.419608	20.419608	20.419608	|	8.714777	8.714777	8.714777	8.714777	|	1	1	1	1	|	0	0	0	0	
29	|	0.000000	0.000000	0.000000	0.000000	|	0.000000	0.000000	0.000000	0.000000	|	-	-	-	-	|	0	0	0	0	
30	|	0.000000	0.000000	0.000000	0.000000	|	0.000000	0.000000	0.000000	0.000000	|	-	-	-	-	|	0	0	0	0	
31	|	0.000000	0.000000	0.000000	0.000000	|	0.000000	0.000000	0.000000	0.000000	|	-	-	-	-	|	0	0	0	0	
32	|	0.000000	0.000000	0.000000	0.000000	|	0.000000	0.000000	0.000000	0.000000	|	-	-	-	-	|	0	0	0	0	
33	|	21.213435	21.213435	21.213435	21.213435	|	21.867587	21.867587	21.867587	21.867587	|	3	3	3	3	|	0	0	0	0	
34	|	0.000000	0.000000	0.000000	0.000000	|	0.000000	0.000000	0.000000	0.000000	|	-	-	-	-	|	0	0	0	0	
35	|	21.209817	21.209817	21.209817	21.209817	|	21.877587	21.877587	21.877587	21.877587	|	4	4	4	4	|	0	0	0	0	
36	|	0.000000	0.000000	0.000000	0.000000	|	0.000000	0.000000	0.000000	0.000000	|	-	-	-	-	|	0	0	0	0	
37	|	0.000000	0.000000	0.000000	0.000000	|	0.000000	0.000000	0.000000	0.000000	|	-	-	-	-	|	0	0	0	0	
38	|	12.572221	12.572221	12.572221	12.572221	|	21.128010	21.128010	21.128010	21.128010	|	2	2	2	2	|	0	0	0	0	
39	|	0.000000	0.000000	0.000000	0.000000	|	0.000000	0.000000	0.000000	0.000000	|	-	-	-	-	|	0	0	0	0	
40	|	0.000000	0.000000	0.000000	0.000000	|	0.000000	0.000000	0.000000	0.000000	|	-	-	-	-	|	0	0	0	0	
41	|	15.830000	15.830000	15.830000	15.830000	|	56.243470	56.243470	56.243470	56.243470	|	3	3	3	3	|	0	0	0	0	
42	|	0.000000	0.000000	0.000000	0.000000	|	0.000000	0.000000	0.000000	0.000000	|	-	-	-	-	|	0	0	0	0	
43	|	15.826993	15.826993	15.826993	15.826993	|	56.253470	56.253470	56.253470	56.253470	|	4	4	4	4	|	0	0	0	0	
44	|	0.000000	0.000000	0.000000	0.000000	|	0.000000	0.000000	0.000000	0.000000	|	-	-	-	-	|	0	0	0	0	
45	|	0.000000	0.000000	0.000000	0.000000	|	0.000000	0.000000	0.000000	0.000000	|	-	-	-	-	|	0	0	0	0	
46	|	0.000000	0.000000	0.000000	0.000000	|	0.000000	0.000000	0.000000	0.000000	|	-	-	-	-	|	0	0	0	0	
47	|	0.000000	0.000000	0.000000	0.000000	|	0.000000	0.000000	0.000000	0.000000	|	-	-	-	-	|	0	0	0	0	
48	|	11.134916	11.134916	11.134916	11.134916	|	21.782154	21.782154	21.782154	21.782154	|	1	1	1	1	|	0	0	0	0	
49	|	0.000000	0.000000	0.000000	0.000000	|	0.000000	0.000000	0.000000	0.000000	|	-	-	-	-	|	0	0	0	0	
50	|	0.000000	0.000000	0.000000	0.000000	|	0.000000	0.000000	0.000000	0.000000	|	-	-	-	-	|	0	0	0	0	
51	|	0.000000	0.000000	0.000000	0.000000	|	0.000000	0.000000	0.000000	0.000000	|	-	-	-	-	|	0	0	0	0	
52	|	0.000000	0.000000	0.000000	0.000000	|	0.000000	0.000000	0.000000	0.000000	|	-	-	-	-	|	0	0	0	0	
53	|	26.963923	26.963923	26.963923	26.963923	|	16.482423	16.482423	16.482423	16.482423	|	3	3	3	3	|	0	0	0	0	
54	|	0.000000	0.000000	0.000000	0.000000	|	0.000000	0.000000	0.000000	0.000000	|	-	-	-	-	|	0	0	0	0	
55	|	26.776629	26.776629	26.776629	26.776629	|	16.492423	16.492423	16.492423	16.492423	|	4	4	4	4	|	0	0	0	0	
56	|	0.000000	0.000000	0.000000	0.000000	|	0.000000	0.000000	0.000000	0.000000	|	-	-	-	-	|	0	0	0	0	
57	|	0.000000	0.000000	0.000000	0.000000	|	0.000000	0.000000	0.000000	0.000000	|	-	-	-	-	|	0	0	0	0	
58	|	3.137703	3.137703	3.137703	3.137703	|	42.688634	42.688634	42.688634	42.688634	|	2	2	2	2	|	0	0	0	0	
59	|	0.000000	0.000000	0.000000	0.000000	|	0.000000	0.000000	0.000000	0.000000	|	-	-	-	-	|	0	0	0	0	
60	|	0.000000	0.000000	0.000000	0.000000	|	0.000000	0.000000	0.000000	0.000000	|	-	-	-	-	|	0	0	0	0	
61	|	11.141407	11.141407	11.141407	11.141407	|	48.433220	48.433220	48.433220	48.433220	|	3	3	3	3	|	0	0	0	0	
62	|	0.000000	0.000000	0.000000	0.000000	|	0.000000	0.000000	0.000000	0.000000	|	-	-	-	-	|	0	0	0	0	
63	|	11.138721	11.138721	11.138721	11.138721	|	48.443220	48.443220	48.443220	48.443220	|	4	4	4	4	|	0	0	0	0	
64	|	3.212887	3.212887	3.212887	3.212887	|	35.710542	35.710542	35.710542	35.710542	|	1	1	1	1	|	0	0	0	0	
65	|	0.000000	0.000000	0.000000	0.000000	|	0.000000	0.000000	0.000000	0.000000	|	-	-	-	-	|	0	0	0	0	
66	|	0.000000	0.000000	0.000000	0.000000	|	0.000000	0.000000	0.000000	0.000000	|	-	-	-	-	|	0	0	0	0	
67	|	0.000000	0.000000	0.000000	0.000000	|	0.000000	0.000000	0.000000	0.000000	|	-	-	-	-	|	0	0	0	0	
68	|	0.000000	0.000000	0.000000	0.000000	|	0.000000	0.000000	0.000000	0.000000	|	-	-	-	-	|	0	0	0	0	
69	|	0.000000	0.000000	0.000000	0.000000	|	0.000000	0.000000	0.000000	0.000000	|	-	-	-	-	|	0	0	0	0	
70	|	15.937526	15.937526	15.937526	15.937526	|	23.364078	23.364078	23.364078	23.364078	|	2	2	2	2	|	0	0	0	0	
71	|	0.000000	0.000000	0.000000	0.000000	|	0.000000	0.000000	0.000000	0.000000	|	-	-	-	-	|	0	0	0	0	
72	|	0.000000	0.000000	0.000000	0.000000	|	0.000000	0.000000	0.000000	0.000000	|	-	-	-	-	|	0	0	0	0	
73	|	0.000000	0.000000	0.000000	0.000000	|	0.000000	0.000000	0.000000	0.000000	|	-	-	-	-	|	0	0	0	0	
74	|	21.653916	21.653916	21.653916	21.653916	|	5.830952	5.830952	5.830952	5.830952	|	2	2	2	2	|	0	0	0	0	
75	|	0.000000	0.000000	0.000000	0.000000	|	0.000000	0.000000	0.000000	0.000000	|	-	-	-	-	|	0	0	0	0	
76	|	12.562363	12.562363	12.562363	12.562363	|	17.659049	17.659049	17.659049	17.659049	|	1	1	1	1	|	0	0	0	0	
77	|	0.000000	0.000000	0.000000	0.000000	|	0.000000	0.000000	0.000000	0.000000	|	-	-	-	-	|	0	0	0	0	
78	|	0.000000	0.000000	0.000000	0.000000	|	0.000000	0.000000	0.000000	0.000000	|	-	-	-	-	|	0	0	0	0	
79	|	0.000000	0.000000	0.000000	0.000000	|	0.000000	0.000000	0.000000	0.000000	|	-	-	-	-	|	0	0	0	0	
