0	|	0.000000	0.000000	0.000000	0.000000	|	0.000000	0.000000	0.000000	0.000000	|	-	-	-	-	|	0	0	0	0	
1	|	0.000000	0.000000	0.000000	0.000000	|	0.000000	0.000000	0.000000	0.000000	|	-	-	-	-	|	0	0	0	0	
2	|	10.601193	10.601193	10.601193	10.601193	|	26.411684	26.411684	26.411684	26.411684	|	1	1	1	1	|	0	0	0	0	
3	|	0.000000	0.000000	0.000000	0.000000	|	0.000000	0.000000	0.000000	0.000000	|	-	-	-	-	|	0	0	0	0	
4	|	0.000000	0.000000	0.000000	0.000000	|	0.000000	0.000000	0.000000	0.000000	|	-	-	-	-	|	0	0	0	0	
5	|	11.810469	11.810469	11.810469	11.810469	|	49.994219	49.994219	49.994219	49.994219	|	3	3	3	3	|	0	0	0	0	
6	|	0.000000	0.000000	0.000000	0.000000	|	0.000000	0.000000	0.000000	0.000000	|	-	-	-	-	|	0	0	0	0	
7	|	11.812858	11.812858	11.812858	11.812858	|	49.984219	49.984219	49.984219	49.984219	|	1	1	1	1	|	0	0	0	0	
8	|	0.000000	0.000000	0.000000	0.000000	|	0.000000	0.000000	0.000000	0.000000	|	-	-	-	-	|	0	0	0	0	
9	|	0.000000	0.000000	0.000000	0.000000	|	0.000000	0.000000	0.000000	0.000000	|	-	-	-	-	|	0	0	0	0	
10	|	0.000000	0.000000	0.000000	0.000000	|	0.000000	0.000000	0.000000	0.000000	|	-	-	-	-	|	0	0	0	0	
11	|	0.000000	0.000000	0.000000	0.000000	|	0.000000	0.000000	0.000000	0.000000	|	-	-	-	-	|	0	0	0	0	
12	|	0.000000	0.000000	0.000000	0.000000	|	0.000000	0.000000	0.000000	0.000000	|	-	-	-	-	|	0	0	0	0	
13	|	13.981839	13.981839	13.981839	13.981839	|	23.259407	23.259407	23.259407	23.259407	|	3	3	3	3	|	0	0	0	0	
14	|	0.000000	0.000000	0.000000	0.000000	|	0.000000	0.000000	0.000000	0.000000	|	-	-	-	-	|	0	0	0	0	
15	|	23.261208	23.261208	23.261208	23.261208	|	23.249407	23.249407	23.249407	23.249407	|	1	1	1	1	|	0	0	0	0	
16	|	0.000000	0.000000	0.000000	0.000000	|	0.000000	0.000000	0.000000	0.000000	|	-	-	-	-	|	0	0	0	0	
17	|	17.012258	17.012258	17.012258	17.012258	|	23.368712	23.368712	23.368712	23.368712	|	2	2	2	2	|	0	0	0	0	
18	|	0.000000	0.000000	0.000000	0.000000	|	0.000000	0.000000	0.000000	0.000000	|	-	-	-	-	|	0	0	0	0	
19	|	24.419064	24.419064	24.419064	24.419064	|	23.358712	23.358712	23.358712	23.358712	|	4	4	4	4	|	0	0	0	0	
20	|	0.000000	0.000000	0.000000	0.000000	|	0.000000	0.000000	0.000000	0.000000	|	-	-	-	-	|	0	0	0	0	
21	|	15.783101	15.783101	15.783101	15.783101	|	49.167155	49.167155	49.167155	49.167155	|	2	2	2	2	|	0	0	0	0	
22	|	0.000000	0.000000	0.000000	0.000000	|	0.000000	0.000000	0.000000	0.000000	|	-	-	-	-	|	0	0	0	0	
23	|	15.780552	15.780552	15.780552	15.780552	|	49.177155	49.177155	49.177155	49.177155	|	4	4	4	4	|	0	0	0	0	
24	|	20.614635	20.614635	20.614635	20.614635	|	1.414214	1.414214	1.414214	1.414214	|	2	2	2	2	|	0	0	0	0	
25	|	0.000000	0.000000	0.000000	0.000000	|	0.000000	0.000000	0.000000	0.000000	|	-	-	-	-	|	0	0	0	0	
26	|	0.000000	0.000000	0.000000	0.000000	|	0.000000	0.000000	0.000000	0.000000	|	-	-	-	-	|	0	0	0	0	
27	|	0.000000	0.000000	0.000000	0.000000	|	0.000000	0.000000	0.000000	0.000000	|	-	-	-	-	|	0	0	0	0	
28	|	0.000000	0.000000	0.000000	0.000000	|	0.000000	0.000000	0.000000	0.000000	|	-	-	-	-	|	0	0	0	0	
29	|	11.118693	11.118693	11.118693	11.118693	|	82.799746	82.799746	82.799746	82.799746	|	2	2	2	2	|	0	0	0	0	
30	|	0.000000	0.000000	0.000000	0.000000	|	0.000000	0.000000	0.000000	0.000000	|	-	-	-	-	|	0	0	0	0	
31	|	10.277273	10.277273	10.277273	10.277273	|	82.809746	82.809746	82.809746	82.809746	|	1	1	1	1	|	0	0	0	0	
32	|	0.000000	0.000000	0.000000	0.000000	|	0.000000	0.000000	0.000000	0.000000	|	-	-	-	-	|	0	0	0	0	
33	|	10.243901	10.243901	10.243901	10.243901	|	61.546284	61.546284	61.546284	61.546284	|	2	2	2	2	|	0	0	0	0	
34	|	0.000000	0.000000	0.000000	0.000000	|	0.000000	0.000000	0.000000	0.000000	|	-	-	-	-	|	0	0	0	0	
35	|	10.241775	10.241775	10.241775	10.241775	|	61.556284	61.556284	61.556284	61.556284	|	4	4	4	4	|	0	0	0	0	
36	|	0.000000	0.000000	0.000000	0.000000	|	0.000000	0.000000	0.000000	0.000000	|	-	-	-	-	|	0	0	0	0	
37	|	16.066235	16.066235	16.066235	16.066235	|	54.266175	54.266175	54.266175	54.266175	|	2	2	2	2	|	0	0	0	0	
38	|	0.000000	0.000000	0.000000	0.000000	|	0.000000	0.000000	0.000000	0.000000	|	-	-	-	-	|	0	0	0	0	
39	|	16.063412	16.063412	16.063412	16.063412	|	54.276175	54.276175	54.276175	54.276175	|	4	4	4	4	|	0	0	0	0	
40	|	1.655872	1.655872	1.655872	1.655872	|	88.898766	88.898766	88.898766	88.898766	|	3	3	3	3	|	0	0	0	0	
41	|	0.000000	0.000000	0.000000	0.000000	|	0.000000	0.000000	0.000000	0.000000	|	-	-	-	-	|	0	0	0	0	
42	|	0.000000	0.000000	0.000000	0.000000	|	0.000000	0.000000	0.000000	0.000000	|	-	-	-	-	|	0	0	0	0	
43	|	0.000000	0.000000	0.000000	0.000000	|	0.000000	0.000000	0.000000	0.000000	|	-	-	-	-	|	0	0	0	0	
44	|	0.000000	0.000000	0.000000	0.000000	|	0.000000	0.000000	0.000000	0.000000	|	-	-	-	-	|	0	0	0	0	
45	|	9.885851	9.885851	9.885851	9.885851	|	64.206890	64.206890	64.206890	64.206890	|	3	3	3	3	|	0	0	0	0	
46	|	0.000000	0.000000	0.000000	0.000000	|	0.000000	0.000000	0.000000	0.000000	|	-	-	-	-	|	0	0	0	0	
47	|	9.888485	9.888485	9.888485	9.888485	|	64.196890	64.196890	64.196890	64.196890	|	1	1	1	1	|	0	0	0	0	
48	|	0.000000	0.000000	0.000000	0.000000	|	0.000000	0.000000	0.000000	0.000000	|	-	-	-	-	|	0	0	0	0	
49	|	6.536371	6.536371	6.536371	6.536371	|	83.799746	83.799746	83.799746	83.799746	|	3	3	3	3	|	0	0	0	0	
50	|	0.000000	0.000000	0.000000	0.000000	|	0.000000	0.000000	0.000000	0.000000	|	-	-	-	-	|	0	0	0	0	
51	|	10.212293	10.212293	10.212293	10.212293	|	83.809746	83.809746	83.809746	83.809746	|	1	1	1	1	|	0	0	0	0	
52	|	0.000000	0.000000	0.000000	0.000000	|	0.000000	0.000000	0.000000	0.000000	|	-	-	-	-	|	0	0	0	0	
53	|	17.475598	17.475598	17.475598	17.475598	|	46.931087	46.931087	46.931087	46.931087	|	2	2	2	2	|	0	0	0	0	
54	|	0.000000	0.000000	0.000000	0.000000	|	0.000000	0.000000	0.000000	0.000000	|	-	-	-	-	|	0	0	0	0	
55	|	17.472615	17.472615	17.472615	17.472615	|	46.941087	46.941087	46.941087	46.941087	|	4	4	4	4	|	0	0	0	0	
56	|	0.000000	0.000000	0.000000	0.000000	|	0.000000	0.000000	0.000000	0.000000	|	-	-	-	-	|	0	0	0	0	
57	|	14.995398	14.995398	14.995398	14.995398	|	42.458951	42.458951	42.458951	42.458951	|	2	2	2	2	|	0	0	0	0	
58	|	0.000000	0.000000	0.000000	0.000000	|	0.000000	0.000000	0.000000	0.000000	|	-	-	-	-	|	0	0	0	0	
59	|	16.422644	16.422644	16.422644	16.422644	|	42.468951	42.468951	42.468951	42.468951	|	4	4	4	4	|	0	0	0	0	
60	|	0.000000	0.000000	0.000000	0.000000	|	0.000000	0.000000	0.000000	0.000000	|	-	-	-	-	|	0	0	0	0	
61	|	9.161222	9.161222	9.161222	9.161222	|	75.608644	75.608644	75.608644	75.608644	|	3	3	3	3	|	0	0	0	0	
62	|	0.000000	0.000000	0.000000	0.000000	|	0.000000	0.000000	0.000000	0.000000	|	-	-	-	-	|	0	0	0	0	
63	|	9.163520	9.163520	9.163520	9.163520	|	75.598644	75.598644	75.598644	75.598644	|	1	1	1	1	|	0	0	0	0	
64	|	0.000000	0.000000	0.000000	0.000000	|	0.000000	0.000000	0.000000	0.000000	|	-	-	-	-	|	0	0	0	0	
65	|	0.000000	0.000000	0.000000	0.000000	|	0.000000	0.000000	0.000000	0.000000	|	-	-	-	-	|	0	0	0	0	
66	|	0.000000	0.000000	0.000000	0.000000	|	0.000000	0.000000	0.000000	0.000000	|	-	-	-	-	|	0	0	0	0	
67	|	0.000000	0.000000	0.000000	0.000000	|	0.000000	0.000000	0.000000	0.000000	|	-	-	-	-	|	0	0	0	0	
68	|	0.000000	0.000000	0.000000	0.000000	|	0.000000	0.000000	0.000000	0.000000	|	-	-	-	-	|	0	0	0	0	
69	|	13.296502	13.296502	13.296502	13.296502	|	42.378446	42.378446	42.378446	42.378446	|	3	3	3	3	|	0	0	0	0	
70	|	0.000000	0.000000	0.000000	0.000000	|	0.000000	0.000000	0.000000	0.000000	|	-	-	-	-	|	0	0	0	0	
71	|	10.402284	10.402284	10.402284	10.402284	|	42.368446	42.368446	42.368446	42.368446	|	1	1	1	1	|	0	0	0	0	
72	|	0.000000	0.000000	0.000000	0.000000	|	0.000000	0.000000	0.000000	0.000000	|	-	-	-	-	|	0	0	0	0	
73	|	0.000000	0.000000	0.000000	0.000000	|	0.000000	0.000000	0.000000	0.000000	|	-	-	-	-	|	0	0	0	0	
74	|	2.423321	2.423321	2.423321	2.423321	|	70.041566	70.041566	70.041566	70.041566	|	4	4	4	4	|	0	0	0	0	
75	|	0.000000	0.000000	0.000000	0.000000	|	0.000000	0.000000	0.000000	0.000000	|	-	-	-	-	|	0	0	0	0	
76	|	0.000000	0.000000	0.000000	0.000000	|	0.000000	0.000000	0.000000	0.000000	|	-	-	-	-	|	0	0	0	0	
77	|	17.866443	17.866443	17.866443	17.866443	|	32.478951	32.478951	32.478951	32.478951	|	3	3	3	3	|	0	0	0	0	
78	|	0.000000	0.000000	0.000000	0.000000	|	0.000000	0.000000	0.000000	0.000000	|	-	-	-	-	|	0	0	0	0	
79	|	20.433471	20.433471	20.433471	20.433471	|	32.468951	32.468951	32.468951	32.468951	|	4	4	4	4	|	0	0	0	0	
