Task Number:		0
Maximum Score:		31.564594
Subtask Cost Type:		Proportional
Subtask Cost:		0.011400
Number of Sensors:	2
Number of Subtasks:	4

Location:			[22.642236, 4.593184, 0.000000]
Sensor List:		[IR, MW]
Subtask List:		[IR_{}, IR_{MW}, MW_{}, MW_{IR}]

Time Constraints:
Start Time:		0.000000
End Time:		Infinity
Task Duration:	0.000000
Corr Time:		6.000000
Lambda:			0.015000
Dependency Matrix:
   [0	-1	-1	-1
	-1	0	-1	1
	-1	-1	0	-1
	-1	1	-1	0]

Time Constraint Matrix:
   [Infinity	Infinity	Infinity	Infinity
	Infinity	Infinity	Infinity	6.000000
	Infinity	Infinity	Infinity	Infinity
	Infinity	6.000000	Infinity	Infinity]


**********************************
Task Number:		1
Maximum Score:		58.127535
Subtask Cost Type:		Proportional
Subtask Cost:		0.011400
Number of Sensors:	2
Number of Subtasks:	4

Location:			[5.206672, 39.550829, 0.000000]
Sensor List:		[IR, MW]
Subtask List:		[IR_{}, IR_{MW}, MW_{}, MW_{IR}]

Time Constraints:
Start Time:		0.000000
End Time:		Infinity
Task Duration:	0.000000
Corr Time:		6.000000
Lambda:			0.015000
Dependency Matrix:
   [0	-1	-1	-1
	-1	0	-1	1
	-1	-1	0	-1
	-1	1	-1	0]

Time Constraint Matrix:
   [Infinity	Infinity	Infinity	Infinity
	Infinity	Infinity	Infinity	6.000000
	Infinity	Infinity	Infinity	Infinity
	Infinity	6.000000	Infinity	Infinity]


**********************************
Task Number:		2
Maximum Score:		3.090497
Subtask Cost Type:		Proportional
Subtask Cost:		0.011400
Number of Sensors:	2
Number of Subtasks:	4

Location:			[11.150144, 5.574111, 0.000000]
Sensor List:		[IR, MW]
Subtask List:		[IR_{}, IR_{MW}, MW_{}, MW_{IR}]

Time Constraints:
Start Time:		0.000000
End Time:		Infinity
Task Duration:	0.000000
Corr Time:		6.000000
Lambda:			0.015000
Dependency Matrix:
   [0	-1	-1	-1
	-1	0	-1	1
	-1	-1	0	-1
	-1	1	-1	0]

Time Constraint Matrix:
   [Infinity	Infinity	Infinity	Infinity
	Infinity	Infinity	Infinity	6.000000
	Infinity	Infinity	Infinity	Infinity
	Infinity	6.000000	Infinity	Infinity]


**********************************
Task Number:		3
Maximum Score:		90.774286
Subtask Cost Type:		Proportional
Subtask Cost:		0.011400
Number of Sensors:	2
Number of Subtasks:	4

Location:			[31.485985, 31.737451, 0.000000]
Sensor List:		[IR, MW]
Subtask List:		[IR_{}, IR_{MW}, MW_{}, MW_{IR}]

Time Constraints:
Start Time:		0.000000
End Time:		Infinity
Task Duration:	0.000000
Corr Time:		6.000000
Lambda:			0.015000
Dependency Matrix:
   [0	-1	-1	-1
	-1	0	-1	1
	-1	-1	0	-1
	-1	1	-1	0]

Time Constraint Matrix:
   [Infinity	Infinity	Infinity	Infinity
	Infinity	Infinity	Infinity	6.000000
	Infinity	Infinity	Infinity	Infinity
	Infinity	6.000000	Infinity	Infinity]


**********************************
Task Number:		4
Maximum Score:		87.187044
Subtask Cost Type:		Proportional
Subtask Cost:		0.011400
Number of Sensors:	2
Number of Subtasks:	4

Location:			[1.458292, 30.611384, 0.000000]
Sensor List:		[IR, MW]
Subtask List:		[IR_{}, IR_{MW}, MW_{}, MW_{IR}]

Time Constraints:
Start Time:		0.000000
End Time:		Infinity
Task Duration:	0.000000
Corr Time:		6.000000
Lambda:			0.015000
Dependency Matrix:
   [0	-1	-1	-1
	-1	0	-1	1
	-1	-1	0	-1
	-1	1	-1	0]

Time Constraint Matrix:
   [Infinity	Infinity	Infinity	Infinity
	Infinity	Infinity	Infinity	6.000000
	Infinity	Infinity	Infinity	Infinity
	Infinity	6.000000	Infinity	Infinity]


**********************************
Task Number:		5
Maximum Score:		29.288932
Subtask Cost Type:		Proportional
Subtask Cost:		0.011400
Number of Sensors:	2
Number of Subtasks:	4

Location:			[15.592979, 46.621708, 0.000000]
Sensor List:		[IR, MW]
Subtask List:		[IR_{}, IR_{MW}, MW_{}, MW_{IR}]

Time Constraints:
Start Time:		0.000000
End Time:		Infinity
Task Duration:	0.000000
Corr Time:		6.000000
Lambda:			0.015000
Dependency Matrix:
   [0	-1	-1	-1
	-1	0	-1	1
	-1	-1	0	-1
	-1	1	-1	0]

Time Constraint Matrix:
   [Infinity	Infinity	Infinity	Infinity
	Infinity	Infinity	Infinity	6.000000
	Infinity	Infinity	Infinity	Infinity
	Infinity	6.000000	Infinity	Infinity]


**********************************
Task Number:		6
Maximum Score:		34.354793
Subtask Cost Type:		Proportional
Subtask Cost:		0.011400
Number of Sensors:	2
Number of Subtasks:	4

Location:			[20.663545, 5.142915, 0.000000]
Sensor List:		[IR, MW]
Subtask List:		[IR_{}, IR_{MW}, MW_{}, MW_{IR}]

Time Constraints:
Start Time:		0.000000
End Time:		Infinity
Task Duration:	0.000000
Corr Time:		6.000000
Lambda:			0.015000
Dependency Matrix:
   [0	-1	-1	-1
	-1	0	-1	1
	-1	-1	0	-1
	-1	1	-1	0]

Time Constraint Matrix:
   [Infinity	Infinity	Infinity	Infinity
	Infinity	Infinity	Infinity	6.000000
	Infinity	Infinity	Infinity	Infinity
	Infinity	6.000000	Infinity	Infinity]


**********************************
Task Number:		7
Maximum Score:		94.973757
Subtask Cost Type:		Proportional
Subtask Cost:		0.011400
Number of Sensors:	2
Number of Subtasks:	4

Location:			[38.478595, 30.048458, 0.000000]
Sensor List:		[IR, MW]
Subtask List:		[IR_{}, IR_{MW}, MW_{}, MW_{IR}]

Time Constraints:
Start Time:		0.000000
End Time:		Infinity
Task Duration:	0.000000
Corr Time:		6.000000
Lambda:			0.015000
Dependency Matrix:
   [0	-1	-1	-1
	-1	0	-1	1
	-1	-1	0	-1
	-1	1	-1	0]

Time Constraint Matrix:
   [Infinity	Infinity	Infinity	Infinity
	Infinity	Infinity	Infinity	6.000000
	Infinity	Infinity	Infinity	Infinity
	Infinity	6.000000	Infinity	Infinity]


**********************************
Task Number:		8
Maximum Score:		44.959216
Subtask Cost Type:		Proportional
Subtask Cost:		0.011400
Number of Sensors:	2
Number of Subtasks:	4

Location:			[46.362245, 8.731872, 0.000000]
Sensor List:		[IR, MW]
Subtask List:		[IR_{}, IR_{MW}, MW_{}, MW_{IR}]

Time Constraints:
Start Time:		0.000000
End Time:		Infinity
Task Duration:	0.000000
Corr Time:		6.000000
Lambda:			0.015000
Dependency Matrix:
   [0	-1	-1	-1
	-1	0	-1	1
	-1	-1	0	-1
	-1	1	-1	0]

Time Constraint Matrix:
   [Infinity	Infinity	Infinity	Infinity
	Infinity	Infinity	Infinity	6.000000
	Infinity	Infinity	Infinity	Infinity
	Infinity	6.000000	Infinity	Infinity]


**********************************
Task Number:		9
Maximum Score:		73.902054
Subtask Cost Type:		Proportional
Subtask Cost:		0.011400
Number of Sensors:	2
Number of Subtasks:	4

Location:			[37.544425, 45.230072, 0.000000]
Sensor List:		[IR, MW]
Subtask List:		[IR_{}, IR_{MW}, MW_{}, MW_{IR}]

Time Constraints:
Start Time:		0.000000
End Time:		Infinity
Task Duration:	0.000000
Corr Time:		6.000000
Lambda:			0.015000
Dependency Matrix:
   [0	-1	-1	-1
	-1	0	-1	1
	-1	-1	0	-1
	-1	1	-1	0]

Time Constraint Matrix:
   [Infinity	Infinity	Infinity	Infinity
	Infinity	Infinity	Infinity	6.000000
	Infinity	Infinity	Infinity	Infinity
	Infinity	6.000000	Infinity	Infinity]


**********************************
Task Number:		10
Maximum Score:		22.925804
Subtask Cost Type:		Proportional
Subtask Cost:		0.011400
Number of Sensors:	2
Number of Subtasks:	4

Location:			[43.723169, 4.284414, 0.000000]
Sensor List:		[IR, MW]
Subtask List:		[IR_{}, IR_{MW}, MW_{}, MW_{IR}]

Time Constraints:
Start Time:		0.000000
End Time:		Infinity
Task Duration:	0.000000
Corr Time:		6.000000
Lambda:			0.015000
Dependency Matrix:
   [0	-1	-1	-1
	-1	0	-1	1
	-1	-1	0	-1
	-1	1	-1	0]

Time Constraint Matrix:
   [Infinity	Infinity	Infinity	Infinity
	Infinity	Infinity	Infinity	6.000000
	Infinity	Infinity	Infinity	Infinity
	Infinity	6.000000	Infinity	Infinity]


**********************************
Task Number:		11
Maximum Score:		2.380491
Subtask Cost Type:		Proportional
Subtask Cost:		0.011400
Number of Sensors:	2
Number of Subtasks:	4

Location:			[16.604414, 12.190332, 0.000000]
Sensor List:		[IR, MW]
Subtask List:		[IR_{}, IR_{MW}, MW_{}, MW_{IR}]

Time Constraints:
Start Time:		0.000000
End Time:		Infinity
Task Duration:	0.000000
Corr Time:		6.000000
Lambda:			0.015000
Dependency Matrix:
   [0	-1	-1	-1
	-1	0	-1	1
	-1	-1	0	-1
	-1	1	-1	0]

Time Constraint Matrix:
   [Infinity	Infinity	Infinity	Infinity
	Infinity	Infinity	Infinity	6.000000
	Infinity	Infinity	Infinity	Infinity
	Infinity	6.000000	Infinity	Infinity]


**********************************
Task Number:		12
Maximum Score:		27.504757
Subtask Cost Type:		Proportional
Subtask Cost:		0.011400
Number of Sensors:	2
Number of Subtasks:	4

Location:			[22.534686, 28.189153, 0.000000]
Sensor List:		[IR, MW]
Subtask List:		[IR_{}, IR_{MW}, MW_{}, MW_{IR}]

Time Constraints:
Start Time:		0.000000
End Time:		Infinity
Task Duration:	0.000000
Corr Time:		6.000000
Lambda:			0.015000
Dependency Matrix:
   [0	-1	-1	-1
	-1	0	-1	1
	-1	-1	0	-1
	-1	1	-1	0]

Time Constraint Matrix:
   [Infinity	Infinity	Infinity	Infinity
	Infinity	Infinity	Infinity	6.000000
	Infinity	Infinity	Infinity	Infinity
	Infinity	6.000000	Infinity	Infinity]


**********************************
Task Number:		13
Maximum Score:		99.508644
Subtask Cost Type:		Proportional
Subtask Cost:		0.011400
Number of Sensors:	2
Number of Subtasks:	4

Location:			[17.499661, 44.897267, 0.000000]
Sensor List:		[IR, MW]
Subtask List:		[IR_{}, IR_{MW}, MW_{}, MW_{IR}]

Time Constraints:
Start Time:		0.000000
End Time:		Infinity
Task Duration:	0.000000
Corr Time:		6.000000
Lambda:			0.015000
Dependency Matrix:
   [0	-1	-1	-1
	-1	0	-1	1
	-1	-1	0	-1
	-1	1	-1	0]

Time Constraint Matrix:
   [Infinity	Infinity	Infinity	Infinity
	Infinity	Infinity	Infinity	6.000000
	Infinity	Infinity	Infinity	Infinity
	Infinity	6.000000	Infinity	Infinity]


**********************************
Task Number:		14
Maximum Score:		66.513426
Subtask Cost Type:		Proportional
Subtask Cost:		0.011400
Number of Sensors:	2
Number of Subtasks:	4

Location:			[30.497922, 30.772447, 0.000000]
Sensor List:		[IR, MW]
Subtask List:		[IR_{}, IR_{MW}, MW_{}, MW_{IR}]

Time Constraints:
Start Time:		0.000000
End Time:		Infinity
Task Duration:	0.000000
Corr Time:		6.000000
Lambda:			0.015000
Dependency Matrix:
   [0	-1	-1	-1
	-1	0	-1	1
	-1	-1	0	-1
	-1	1	-1	0]

Time Constraint Matrix:
   [Infinity	Infinity	Infinity	Infinity
	Infinity	Infinity	Infinity	6.000000
	Infinity	Infinity	Infinity	Infinity
	Infinity	6.000000	Infinity	Infinity]


**********************************
Task Number:		15
Maximum Score:		67.539657
Subtask Cost Type:		Proportional
Subtask Cost:		0.011400
Number of Sensors:	1
Number of Subtasks:	1

Location:			[16.392300, 25.340697, 0.000000]
Sensor List:		[IR]
Subtask List:		[IR_{}]

Time Constraints:
Start Time:		0.000000
End Time:		Infinity
Task Duration:	0.000000
Corr Time:		6.000000
Lambda:			0.015000
Dependency Matrix:
   [0]

Time Constraint Matrix:
   [Infinity]


**********************************
Task Number:		16
Maximum Score:		14.204920
Subtask Cost Type:		Proportional
Subtask Cost:		0.011400
Number of Sensors:	1
Number of Subtasks:	1

Location:			[3.083060, 37.176750, 0.000000]
Sensor List:		[IR]
Subtask List:		[IR_{}]

Time Constraints:
Start Time:		0.000000
End Time:		Infinity
Task Duration:	0.000000
Corr Time:		6.000000
Lambda:			0.015000
Dependency Matrix:
   [0]

Time Constraint Matrix:
   [Infinity]


**********************************
Task Number:		17
Maximum Score:		81.469616
Subtask Cost Type:		Proportional
Subtask Cost:		0.011400
Number of Sensors:	1
Number of Subtasks:	1

Location:			[22.025512, 9.521779, 0.000000]
Sensor List:		[IR]
Subtask List:		[IR_{}]

Time Constraints:
Start Time:		0.000000
End Time:		Infinity
Task Duration:	0.000000
Corr Time:		6.000000
Lambda:			0.015000
Dependency Matrix:
   [0]

Time Constraint Matrix:
   [Infinity]


**********************************
Task Number:		18
Maximum Score:		79.502040
Subtask Cost Type:		Proportional
Subtask Cost:		0.011400
Number of Sensors:	1
Number of Subtasks:	1

Location:			[42.391620, 13.866449, 0.000000]
Sensor List:		[IR]
Subtask List:		[IR_{}]

Time Constraints:
Start Time:		0.000000
End Time:		Infinity
Task Duration:	0.000000
Corr Time:		6.000000
Lambda:			0.015000
Dependency Matrix:
   [0]

Time Constraint Matrix:
   [Infinity]


**********************************
Task Number:		19
Maximum Score:		57.554525
Subtask Cost Type:		Proportional
Subtask Cost:		0.011400
Number of Sensors:	1
Number of Subtasks:	1

Location:			[24.684642, 19.094338, 0.000000]
Sensor List:		[IR]
Subtask List:		[IR_{}]

Time Constraints:
Start Time:		0.000000
End Time:		Infinity
Task Duration:	0.000000
Corr Time:		6.000000
Lambda:			0.015000
Dependency Matrix:
   [0]

Time Constraint Matrix:
   [Infinity]


**********************************
Task Number:		20
Maximum Score:		7.593212
Subtask Cost Type:		Proportional
Subtask Cost:		0.011400
Number of Sensors:	1
Number of Subtasks:	1

Location:			[43.035074, 13.386494, 0.000000]
Sensor List:		[IR]
Subtask List:		[IR_{}]

Time Constraints:
Start Time:		0.000000
End Time:		Infinity
Task Duration:	0.000000
Corr Time:		6.000000
Lambda:			0.015000
Dependency Matrix:
   [0]

Time Constraint Matrix:
   [Infinity]


**********************************
Task Number:		21
Maximum Score:		43.557748
Subtask Cost Type:		Proportional
Subtask Cost:		0.011400
Number of Sensors:	1
Number of Subtasks:	1

Location:			[5.699961, 18.654957, 0.000000]
Sensor List:		[IR]
Subtask List:		[IR_{}]

Time Constraints:
Start Time:		0.000000
End Time:		Infinity
Task Duration:	0.000000
Corr Time:		6.000000
Lambda:			0.015000
Dependency Matrix:
   [0]

Time Constraint Matrix:
   [Infinity]


**********************************
Task Number:		22
Maximum Score:		48.815119
Subtask Cost Type:		Proportional
Subtask Cost:		0.011400
Number of Sensors:	1
Number of Subtasks:	1

Location:			[44.754560, 38.776762, 0.000000]
Sensor List:		[IR]
Subtask List:		[IR_{}]

Time Constraints:
Start Time:		0.000000
End Time:		Infinity
Task Duration:	0.000000
Corr Time:		6.000000
Lambda:			0.015000
Dependency Matrix:
   [0]

Time Constraint Matrix:
   [Infinity]


**********************************
Task Number:		23
Maximum Score:		58.440243
Subtask Cost Type:		Proportional
Subtask Cost:		0.011400
Number of Sensors:	1
Number of Subtasks:	1

Location:			[9.159162, 49.188343, 0.000000]
Sensor List:		[MW]
Subtask List:		[MW_{}]

Time Constraints:
Start Time:		0.000000
End Time:		Infinity
Task Duration:	0.000000
Corr Time:		6.000000
Lambda:			0.015000
Dependency Matrix:
   [0]

Time Constraint Matrix:
   [Infinity]


**********************************
Task Number:		24
Maximum Score:		44.536976
Subtask Cost Type:		Proportional
Subtask Cost:		0.011400
Number of Sensors:	1
Number of Subtasks:	1

Location:			[31.916425, 11.806522, 0.000000]
Sensor List:		[MW]
Subtask List:		[MW_{}]

Time Constraints:
Start Time:		0.000000
End Time:		Infinity
Task Duration:	0.000000
Corr Time:		6.000000
Lambda:			0.015000
Dependency Matrix:
   [0]

Time Constraint Matrix:
   [Infinity]


**********************************
Task Number:		25
Maximum Score:		27.580930
Subtask Cost Type:		Proportional
Subtask Cost:		0.011400
Number of Sensors:	1
Number of Subtasks:	1

Location:			[12.205553, 34.547662, 0.000000]
Sensor List:		[MW]
Subtask List:		[MW_{}]

Time Constraints:
Start Time:		0.000000
End Time:		Infinity
Task Duration:	0.000000
Corr Time:		6.000000
Lambda:			0.015000
Dependency Matrix:
   [0]

Time Constraint Matrix:
   [Infinity]


**********************************
Task Number:		26
Maximum Score:		48.792532
Subtask Cost Type:		Proportional
Subtask Cost:		0.011400
Number of Sensors:	1
Number of Subtasks:	1

Location:			[34.016687, 34.659271, 0.000000]
Sensor List:		[MW]
Subtask List:		[MW_{}]

Time Constraints:
Start Time:		0.000000
End Time:		Infinity
Task Duration:	0.000000
Corr Time:		6.000000
Lambda:			0.015000
Dependency Matrix:
   [0]

Time Constraint Matrix:
   [Infinity]


**********************************
Task Number:		27
Maximum Score:		92.802775
Subtask Cost Type:		Proportional
Subtask Cost:		0.011400
Number of Sensors:	1
Number of Subtasks:	1

Location:			[3.637890, 29.041441, 0.000000]
Sensor List:		[MW]
Subtask List:		[MW_{}]

Time Constraints:
Start Time:		0.000000
End Time:		Infinity
Task Duration:	0.000000
Corr Time:		6.000000
Lambda:			0.015000
Dependency Matrix:
   [0]

Time Constraint Matrix:
   [Infinity]


**********************************
Task Number:		28
Maximum Score:		57.244337
Subtask Cost Type:		Proportional
Subtask Cost:		0.011400
Number of Sensors:	1
Number of Subtasks:	1

Location:			[38.650374, 0.182984, 0.000000]
Sensor List:		[MW]
Subtask List:		[MW_{}]

Time Constraints:
Start Time:		0.000000
End Time:		Infinity
Task Duration:	0.000000
Corr Time:		6.000000
Lambda:			0.015000
Dependency Matrix:
   [0]

Time Constraint Matrix:
   [Infinity]


**********************************
Task Number:		29
Maximum Score:		10.516788
Subtask Cost Type:		Proportional
Subtask Cost:		0.011400
Number of Sensors:	1
Number of Subtasks:	1

Location:			[34.345803, 49.008057, 0.000000]
Sensor List:		[MW]
Subtask List:		[MW_{}]

Time Constraints:
Start Time:		0.000000
End Time:		Infinity
Task Duration:	0.000000
Corr Time:		6.000000
Lambda:			0.015000
Dependency Matrix:
   [0]

Time Constraint Matrix:
   [Infinity]


**********************************
