0	|	0.000000	0.000000	0.000000	0.000000	|	0.000000	0.000000	0.000000	0.000000	|	-	-	-	-	|	0	0	0	0	
1	|	0.000000	0.000000	0.000000	0.000000	|	0.000000	0.000000	0.000000	0.000000	|	-	-	-	-	|	0	0	0	0	
2	|	7.787851	7.787851	7.787851	7.787851	|	56.053111	56.053111	56.053111	56.053111	|	2	2	2	2	|	0	0	0	0	
3	|	0.000000	0.000000	0.000000	0.000000	|	0.000000	0.000000	0.000000	0.000000	|	-	-	-	-	|	0	0	0	0	
4	|	7.922741	7.922741	7.922741	7.922741	|	29.211031	29.211031	29.211031	29.211031	|	1	1	1	1	|	0	0	0	0	
5	|	0.000000	0.000000	0.000000	0.000000	|	0.000000	0.000000	0.000000	0.000000	|	-	-	-	-	|	0	0	0	0	
6	|	0.000000	0.000000	0.000000	0.000000	|	0.000000	0.000000	0.000000	0.000000	|	-	-	-	-	|	0	0	0	0	
7	|	0.000000	0.000000	0.000000	0.000000	|	0.000000	0.000000	0.000000	0.000000	|	-	-	-	-	|	0	0	0	0	
8	|	0.000000	0.000000	0.000000	0.000000	|	0.000000	0.000000	0.000000	0.000000	|	-	-	-	-	|	0	0	0	0	
9	|	27.412055	27.412055	27.412055	27.412055	|	25.825201	25.825201	25.825201	25.825201	|	3	3	3	3	|	0	0	0	0	
10	|	0.000000	0.000000	0.000000	0.000000	|	0.000000	0.000000	0.000000	0.000000	|	-	-	-	-	|	0	0	0	0	
11	|	27.407179	27.407179	27.407179	27.407179	|	25.835201	25.835201	25.835201	25.835201	|	4	4	4	4	|	0	0	0	0	
12	|	16.312896	16.312896	16.312896	16.312896	|	14.893210	14.893210	14.893210	14.893210	|	1	1	1	1	|	0	0	0	0	
13	|	0.000000	0.000000	0.000000	0.000000	|	0.000000	0.000000	0.000000	0.000000	|	-	-	-	-	|	0	0	0	0	
14	|	0.000000	0.000000	0.000000	0.000000	|	0.000000	0.000000	0.000000	0.000000	|	-	-	-	-	|	0	0	0	0	
15	|	0.000000	0.000000	0.000000	0.000000	|	0.000000	0.000000	0.000000	0.000000	|	-	-	-	-	|	0	0	0	0	
16	|	0.092320	0.092320	0.092320	0.092320	|	60.962625	60.962625	60.962625	60.962625	|	3	3	3	3	|	0	0	0	0	
17	|	0.000000	0.000000	0.000000	0.000000	|	0.000000	0.000000	0.000000	0.000000	|	-	-	-	-	|	0	0	0	0	
18	|	0.000000	0.000000	0.000000	0.000000	|	0.000000	0.000000	0.000000	0.000000	|	-	-	-	-	|	0	0	0	0	
19	|	0.000000	0.000000	0.000000	0.000000	|	0.000000	0.000000	0.000000	0.000000	|	-	-	-	-	|	0	0	0	0	
20	|	0.000000	0.000000	0.000000	0.000000	|	0.000000	0.000000	0.000000	0.000000	|	-	-	-	-	|	0	0	0	0	
21	|	0.000000	0.000000	0.000000	0.000000	|	0.000000	0.000000	0.000000	0.000000	|	-	-	-	-	|	0	0	0	0	
22	|	2.025268	2.025268	2.025268	2.025268	|	54.053111	54.053111	54.053111	54.053111	|	2	2	2	2	|	0	0	0	0	
23	|	0.000000	0.000000	0.000000	0.000000	|	0.000000	0.000000	0.000000	0.000000	|	-	-	-	-	|	0	0	0	0	
24	|	17.951827	17.951827	17.951827	17.951827	|	6.830952	6.830952	6.830952	6.830952	|	1	1	1	1	|	0	0	0	0	
25	|	0.000000	0.000000	0.000000	0.000000	|	0.000000	0.000000	0.000000	0.000000	|	-	-	-	-	|	0	0	0	0	
26	|	0.000000	0.000000	0.000000	0.000000	|	0.000000	0.000000	0.000000	0.000000	|	-	-	-	-	|	0	0	0	0	
27	|	0.000000	0.000000	0.000000	0.000000	|	0.000000	0.000000	0.000000	0.000000	|	-	-	-	-	|	0	0	0	0	
28	|	0.000000	0.000000	0.000000	0.000000	|	0.000000	0.000000	0.000000	0.000000	|	-	-	-	-	|	0	0	0	0	
29	|	0.000000	0.000000	0.000000	0.000000	|	0.000000	0.000000	0.000000	0.000000	|	-	-	-	-	|	0	0	0	0	
30	|	20.342713	20.342713	20.342713	20.342713	|	9.219544	9.219544	9.219544	9.219544	|	2	2	2	2	|	0	0	0	0	
31	|	0.000000	0.000000	0.000000	0.000000	|	0.000000	0.000000	0.000000	0.000000	|	-	-	-	-	|	0	0	0	0	
32	|	0.000000	0.000000	0.000000	0.000000	|	0.000000	0.000000	0.000000	0.000000	|	-	-	-	-	|	0	0	0	0	
33	|	33.760150	33.760150	33.760150	33.760150	|	16.391219	16.391219	16.391219	16.391219	|	3	3	3	3	|	0	0	0	0	
34	|	0.000000	0.000000	0.000000	0.000000	|	0.000000	0.000000	0.000000	0.000000	|	-	-	-	-	|	0	0	0	0	
35	|	27.058104	27.058104	27.058104	27.058104	|	16.401219	16.401219	16.401219	16.401219	|	4	4	4	4	|	0	0	0	0	
36	|	0.000000	0.000000	0.000000	0.000000	|	0.000000	0.000000	0.000000	0.000000	|	-	-	-	-	|	0	0	0	0	
37	|	0.000000	0.000000	0.000000	0.000000	|	0.000000	0.000000	0.000000	0.000000	|	-	-	-	-	|	0	0	0	0	
38	|	0.000000	0.000000	0.000000	0.000000	|	0.000000	0.000000	0.000000	0.000000	|	-	-	-	-	|	0	0	0	0	
39	|	0.000000	0.000000	0.000000	0.000000	|	0.000000	0.000000	0.000000	0.000000	|	-	-	-	-	|	0	0	0	0	
40	|	0.000000	0.000000	0.000000	0.000000	|	0.000000	0.000000	0.000000	0.000000	|	-	-	-	-	|	0	0	0	0	
41	|	0.000000	0.000000	0.000000	0.000000	|	0.000000	0.000000	0.000000	0.000000	|	-	-	-	-	|	0	0	0	0	
42	|	16.822707	16.822707	16.822707	16.822707	|	18.163816	18.163816	18.163816	18.163816	|	2	2	2	2	|	0	0	0	0	
43	|	0.000000	0.000000	0.000000	0.000000	|	0.000000	0.000000	0.000000	0.000000	|	-	-	-	-	|	0	0	0	0	
44	|	0.000000	0.000000	0.000000	0.000000	|	0.000000	0.000000	0.000000	0.000000	|	-	-	-	-	|	0	0	0	0	
45	|	0.000000	0.000000	0.000000	0.000000	|	0.000000	0.000000	0.000000	0.000000	|	-	-	-	-	|	0	0	0	0	
46	|	6.738011	6.738011	6.738011	6.738011	|	41.970065	41.970065	41.970065	41.970065	|	2	2	2	2	|	0	0	0	0	
47	|	0.000000	0.000000	0.000000	0.000000	|	0.000000	0.000000	0.000000	0.000000	|	-	-	-	-	|	0	0	0	0	
48	|	0.000000	0.000000	0.000000	0.000000	|	0.000000	0.000000	0.000000	0.000000	|	-	-	-	-	|	0	0	0	0	
49	|	0.000000	0.000000	0.000000	0.000000	|	0.000000	0.000000	0.000000	0.000000	|	-	-	-	-	|	0	0	0	0	
50	|	0.000000	0.000000	0.000000	0.000000	|	0.000000	0.000000	0.000000	0.000000	|	-	-	-	-	|	0	0	0	0	
51	|	0.000000	0.000000	0.000000	0.000000	|	0.000000	0.000000	0.000000	0.000000	|	-	-	-	-	|	0	0	0	0	
52	|	0.000000	0.000000	0.000000	0.000000	|	0.000000	0.000000	0.000000	0.000000	|	-	-	-	-	|	0	0	0	0	
53	|	11.110344	11.110344	11.110344	11.110344	|	42.825201	42.825201	42.825201	42.825201	|	3	3	3	3	|	0	0	0	0	
54	|	0.000000	0.000000	0.000000	0.000000	|	0.000000	0.000000	0.000000	0.000000	|	-	-	-	-	|	0	0	0	0	
55	|	11.107301	11.107301	11.107301	11.107301	|	42.835201	42.835201	42.835201	42.835201	|	4	4	4	4	|	0	0	0	0	
56	|	0.000000	0.000000	0.000000	0.000000	|	0.000000	0.000000	0.000000	0.000000	|	-	-	-	-	|	0	0	0	0	
57	|	0.000000	0.000000	0.000000	0.000000	|	0.000000	0.000000	0.000000	0.000000	|	-	-	-	-	|	0	0	0	0	
58	|	13.586687	13.586687	13.586687	13.586687	|	29.163816	29.163816	29.163816	29.163816	|	2	2	2	2	|	0	0	0	0	
59	|	0.000000	0.000000	0.000000	0.000000	|	0.000000	0.000000	0.000000	0.000000	|	-	-	-	-	|	0	0	0	0	
60	|	0.000000	0.000000	0.000000	0.000000	|	0.000000	0.000000	0.000000	0.000000	|	-	-	-	-	|	0	0	0	0	
61	|	6.968289	6.968289	6.968289	6.968289	|	50.752647	50.752647	50.752647	50.752647	|	1	1	1	1	|	0	0	0	0	
62	|	0.000000	0.000000	0.000000	0.000000	|	0.000000	0.000000	0.000000	0.000000	|	-	-	-	-	|	0	0	0	0	
63	|	11.076813	11.076813	11.076813	11.076813	|	50.762647	50.762647	50.762647	50.762647	|	4	4	4	4	|	0	0	0	0	
64	|	23.962800	23.962800	23.962800	23.962800	|	1.000000	1.000000	1.000000	1.000000	|	1	1	1	1	|	0	0	0	0	
65	|	0.000000	0.000000	0.000000	0.000000	|	0.000000	0.000000	0.000000	0.000000	|	-	-	-	-	|	0	0	0	0	
66	|	0.000000	0.000000	0.000000	0.000000	|	0.000000	0.000000	0.000000	0.000000	|	-	-	-	-	|	0	0	0	0	
67	|	0.000000	0.000000	0.000000	0.000000	|	0.000000	0.000000	0.000000	0.000000	|	-	-	-	-	|	0	0	0	0	
68	|	8.912464	8.912464	8.912464	8.912464	|	34.310050	34.310050	34.310050	34.310050	|	1	1	1	1	|	0	0	0	0	
69	|	0.000000	0.000000	0.000000	0.000000	|	0.000000	0.000000	0.000000	0.000000	|	-	-	-	-	|	0	0	0	0	
70	|	0.000000	0.000000	0.000000	0.000000	|	0.000000	0.000000	0.000000	0.000000	|	-	-	-	-	|	0	0	0	0	
71	|	0.000000	0.000000	0.000000	0.000000	|	0.000000	0.000000	0.000000	0.000000	|	-	-	-	-	|	0	0	0	0	
72	|	0.000000	0.000000	0.000000	0.000000	|	0.000000	0.000000	0.000000	0.000000	|	-	-	-	-	|	0	0	0	0	
73	|	0.000000	0.000000	0.000000	0.000000	|	0.000000	0.000000	0.000000	0.000000	|	-	-	-	-	|	0	0	0	0	
74	|	0.032795	0.032795	0.032795	0.032795	|	63.490569	63.490569	63.490569	63.490569	|	4	4	4	4	|	0	0	0	0	
75	|	0.000000	0.000000	0.000000	0.000000	|	0.000000	0.000000	0.000000	0.000000	|	-	-	-	-	|	0	0	0	0	
76	|	0.000000	0.000000	0.000000	0.000000	|	0.000000	0.000000	0.000000	0.000000	|	-	-	-	-	|	0	0	0	0	
77	|	18.647307	18.647307	18.647307	18.647307	|	47.924220	47.924220	47.924220	47.924220	|	3	3	3	3	|	0	0	0	0	
78	|	0.000000	0.000000	0.000000	0.000000	|	0.000000	0.000000	0.000000	0.000000	|	-	-	-	-	|	0	0	0	0	
79	|	18.644097	18.644097	18.644097	18.644097	|	47.934220	47.934220	47.934220	47.934220	|	4	4	4	4	|	0	0	0	0	
