Task Number:		0
Maximum Score:		87.438590
Subtask Cost:		0.126050
Number of Sensors:	2.000000
Number of Subtasks:	4

Location:			[34.000000, 30.000000, 0.000000]
Sensor List:		[IR, MW]
Subtask List:		[IR_{}, IR_{MW}, MW_{}, MW_{IR}]

Time Constraints:
Start Time:		0.000000
End Time:		Infinity
Task Duration:	0.481317
Corr Time:		Infinity
Lambda:			0.015000
Dependency Matrix:
   [0	-1	-1	-1
	-1	0	-1	1
	-1	-1	0	-1
	-1	1	-1	0]

Time Constraint Matrix:
   [Infinity	Infinity	Infinity	Infinity
	Infinity	Infinity	Infinity	0.481317
	Infinity	Infinity	Infinity	Infinity
	Infinity	0.481317	Infinity	Infinity]


**********************************
Task Number:		1
Maximum Score:		65.543579
Subtask Cost:		0.112635
Number of Sensors:	2.000000
Number of Subtasks:	4

Location:			[34.000000, 3.000000, 0.000000]
Sensor List:		[IR, MW]
Subtask List:		[IR_{}, IR_{MW}, MW_{}, MW_{IR}]

Time Constraints:
Start Time:		0.000000
End Time:		Infinity
Task Duration:	0.361991
Corr Time:		Infinity
Lambda:			0.015000
Dependency Matrix:
   [0	-1	-1	-1
	-1	0	-1	1
	-1	-1	0	-1
	-1	1	-1	0]

Time Constraint Matrix:
   [Infinity	Infinity	Infinity	Infinity
	Infinity	Infinity	Infinity	0.361991
	Infinity	Infinity	Infinity	Infinity
	Infinity	0.361991	Infinity	Infinity]


**********************************
Task Number:		2
Maximum Score:		15.896464
Subtask Cost:		0.602078
Number of Sensors:	2.000000
Number of Subtasks:	4

Location:			[6.000000, 25.000000, 0.000000]
Sensor List:		[IR, MW]
Subtask List:		[IR_{}, IR_{MW}, MW_{}, MW_{IR}]

Time Constraints:
Start Time:		0.000000
End Time:		Infinity
Task Duration:	0.978103
Corr Time:		Infinity
Lambda:			0.015000
Dependency Matrix:
   [0	-1	-1	-1
	-1	0	-1	1
	-1	-1	0	-1
	-1	1	-1	0]

Time Constraint Matrix:
   [Infinity	Infinity	Infinity	Infinity
	Infinity	Infinity	Infinity	0.978103
	Infinity	Infinity	Infinity	Infinity
	Infinity	0.978103	Infinity	Infinity]


**********************************
Task Number:		3
Maximum Score:		30.741256
Subtask Cost:		0.701609
Number of Sensors:	2.000000
Number of Subtasks:	4

Location:			[16.000000, 21.000000, 0.000000]
Sensor List:		[IR, MW]
Subtask List:		[IR_{}, IR_{MW}, MW_{}, MW_{IR}]

Time Constraints:
Start Time:		0.000000
End Time:		Infinity
Task Duration:	0.008910
Corr Time:		Infinity
Lambda:			0.015000
Dependency Matrix:
   [0	-1	-1	-1
	-1	0	-1	1
	-1	-1	0	-1
	-1	1	-1	0]

Time Constraint Matrix:
   [Infinity	Infinity	Infinity	Infinity
	Infinity	Infinity	Infinity	0.008910
	Infinity	Infinity	Infinity	Infinity
	Infinity	0.008910	Infinity	Infinity]


**********************************
Task Number:		4
Maximum Score:		53.667138
Subtask Cost:		0.535657
Number of Sensors:	2.000000
Number of Subtasks:	4

Location:			[13.000000, 48.000000, 0.000000]
Sensor List:		[IR, MW]
Subtask List:		[IR_{}, IR_{MW}, MW_{}, MW_{IR}]

Time Constraints:
Start Time:		0.000000
End Time:		Infinity
Task Duration:	0.152130
Corr Time:		Infinity
Lambda:			0.015000
Dependency Matrix:
   [0	-1	-1	-1
	-1	0	-1	1
	-1	-1	0	-1
	-1	1	-1	0]

Time Constraint Matrix:
   [Infinity	Infinity	Infinity	Infinity
	Infinity	Infinity	Infinity	0.152130
	Infinity	Infinity	Infinity	Infinity
	Infinity	0.152130	Infinity	Infinity]


**********************************
Task Number:		5
Maximum Score:		7.048070
Subtask Cost:		0.279588
Number of Sensors:	2.000000
Number of Subtasks:	4

Location:			[21.000000, 22.000000, 0.000000]
Sensor List:		[IR, MW]
Subtask List:		[IR_{}, IR_{MW}, MW_{}, MW_{IR}]

Time Constraints:
Start Time:		0.000000
End Time:		Infinity
Task Duration:	0.064547
Corr Time:		Infinity
Lambda:			0.015000
Dependency Matrix:
   [0	-1	-1	-1
	-1	0	-1	1
	-1	-1	0	-1
	-1	1	-1	0]

Time Constraint Matrix:
   [Infinity	Infinity	Infinity	Infinity
	Infinity	Infinity	Infinity	0.064547
	Infinity	Infinity	Infinity	Infinity
	Infinity	0.064547	Infinity	Infinity]


**********************************
Task Number:		6
Maximum Score:		42.893430
Subtask Cost:		0.985742
Number of Sensors:	2.000000
Number of Subtasks:	4

Location:			[39.000000, 34.000000, 0.000000]
Sensor List:		[IR, MW]
Subtask List:		[IR_{}, IR_{MW}, MW_{}, MW_{IR}]

Time Constraints:
Start Time:		0.000000
End Time:		Infinity
Task Duration:	0.861945
Corr Time:		Infinity
Lambda:			0.015000
Dependency Matrix:
   [0	-1	-1	-1
	-1	0	-1	1
	-1	-1	0	-1
	-1	1	-1	0]

Time Constraint Matrix:
   [Infinity	Infinity	Infinity	Infinity
	Infinity	Infinity	Infinity	0.861945
	Infinity	Infinity	Infinity	Infinity
	Infinity	0.861945	Infinity	Infinity]


**********************************
Task Number:		7
Maximum Score:		13.931401
Subtask Cost:		0.543372
Number of Sensors:	2.000000
Number of Subtasks:	4

Location:			[36.000000, 34.000000, 0.000000]
Sensor List:		[IR, MW]
Subtask List:		[IR_{}, IR_{MW}, MW_{}, MW_{IR}]

Time Constraints:
Start Time:		0.000000
End Time:		Infinity
Task Duration:	0.342221
Corr Time:		Infinity
Lambda:			0.015000
Dependency Matrix:
   [0	-1	-1	-1
	-1	0	-1	1
	-1	-1	0	-1
	-1	1	-1	0]

Time Constraint Matrix:
   [Infinity	Infinity	Infinity	Infinity
	Infinity	Infinity	Infinity	0.342221
	Infinity	Infinity	Infinity	Infinity
	Infinity	0.342221	Infinity	Infinity]


**********************************
Task Number:		8
Maximum Score:		52.889777
Subtask Cost:		0.917557
Number of Sensors:	2.000000
Number of Subtasks:	4

Location:			[25.000000, 46.000000, 0.000000]
Sensor List:		[IR, MW]
Subtask List:		[IR_{}, IR_{MW}, MW_{}, MW_{IR}]

Time Constraints:
Start Time:		0.000000
End Time:		Infinity
Task Duration:	0.270311
Corr Time:		Infinity
Lambda:			0.015000
Dependency Matrix:
   [0	-1	-1	-1
	-1	0	-1	1
	-1	-1	0	-1
	-1	1	-1	0]

Time Constraint Matrix:
   [Infinity	Infinity	Infinity	Infinity
	Infinity	Infinity	Infinity	0.270311
	Infinity	Infinity	Infinity	Infinity
	Infinity	0.270311	Infinity	Infinity]


**********************************
Task Number:		9
Maximum Score:		61.329425
Subtask Cost:		0.264511
Number of Sensors:	2.000000
Number of Subtasks:	4

Location:			[2.000000, 23.000000, 0.000000]
Sensor List:		[IR, MW]
Subtask List:		[IR_{}, IR_{MW}, MW_{}, MW_{IR}]

Time Constraints:
Start Time:		0.000000
End Time:		Infinity
Task Duration:	0.231398
Corr Time:		Infinity
Lambda:			0.015000
Dependency Matrix:
   [0	-1	-1	-1
	-1	0	-1	1
	-1	-1	0	-1
	-1	1	-1	0]

Time Constraint Matrix:
   [Infinity	Infinity	Infinity	Infinity
	Infinity	Infinity	Infinity	0.231398
	Infinity	Infinity	Infinity	Infinity
	Infinity	0.231398	Infinity	Infinity]


**********************************
Task Number:		10
Maximum Score:		13.564069
Subtask Cost:		0.220544
Number of Sensors:	2.000000
Number of Subtasks:	4

Location:			[13.000000, 49.000000, 0.000000]
Sensor List:		[IR, MW]
Subtask List:		[IR_{}, IR_{MW}, MW_{}, MW_{IR}]

Time Constraints:
Start Time:		0.000000
End Time:		Infinity
Task Duration:	0.963176
Corr Time:		Infinity
Lambda:			0.015000
Dependency Matrix:
   [0	-1	-1	-1
	-1	0	-1	1
	-1	-1	0	-1
	-1	1	-1	0]

Time Constraint Matrix:
   [Infinity	Infinity	Infinity	Infinity
	Infinity	Infinity	Infinity	0.963176
	Infinity	Infinity	Infinity	Infinity
	Infinity	0.963176	Infinity	Infinity]


**********************************
Task Number:		11
Maximum Score:		23.949498
Subtask Cost:		0.026150
Number of Sensors:	2.000000
Number of Subtasks:	4

Location:			[47.000000, 1.000000, 0.000000]
Sensor List:		[IR, MW]
Subtask List:		[IR_{}, IR_{MW}, MW_{}, MW_{IR}]

Time Constraints:
Start Time:		0.000000
End Time:		Infinity
Task Duration:	0.787919
Corr Time:		Infinity
Lambda:			0.015000
Dependency Matrix:
   [0	-1	-1	-1
	-1	0	-1	1
	-1	-1	0	-1
	-1	1	-1	0]

Time Constraint Matrix:
   [Infinity	Infinity	Infinity	Infinity
	Infinity	Infinity	Infinity	0.787919
	Infinity	Infinity	Infinity	Infinity
	Infinity	0.787919	Infinity	Infinity]


**********************************
Task Number:		12
Maximum Score:		92.038608
Subtask Cost:		0.577029
Number of Sensors:	2.000000
Number of Subtasks:	4

Location:			[31.000000, 46.000000, 0.000000]
Sensor List:		[IR, MW]
Subtask List:		[IR_{}, IR_{MW}, MW_{}, MW_{IR}]

Time Constraints:
Start Time:		0.000000
End Time:		Infinity
Task Duration:	0.451225
Corr Time:		Infinity
Lambda:			0.015000
Dependency Matrix:
   [0	-1	-1	-1
	-1	0	-1	1
	-1	-1	0	-1
	-1	1	-1	0]

Time Constraint Matrix:
   [Infinity	Infinity	Infinity	Infinity
	Infinity	Infinity	Infinity	0.451225
	Infinity	Infinity	Infinity	Infinity
	Infinity	0.451225	Infinity	Infinity]


**********************************
Task Number:		13
Maximum Score:		76.492540
Subtask Cost:		0.982724
Number of Sensors:	2.000000
Number of Subtasks:	4

Location:			[48.000000, 4.000000, 0.000000]
Sensor List:		[IR, MW]
Subtask List:		[IR_{}, IR_{MW}, MW_{}, MW_{IR}]

Time Constraints:
Start Time:		0.000000
End Time:		Infinity
Task Duration:	0.064026
Corr Time:		Infinity
Lambda:			0.015000
Dependency Matrix:
   [0	-1	-1	-1
	-1	0	-1	1
	-1	-1	0	-1
	-1	1	-1	0]

Time Constraint Matrix:
   [Infinity	Infinity	Infinity	Infinity
	Infinity	Infinity	Infinity	0.064026
	Infinity	Infinity	Infinity	Infinity
	Infinity	0.064026	Infinity	Infinity]


**********************************
Task Number:		14
Maximum Score:		21.326537
Subtask Cost:		0.702531
Number of Sensors:	2.000000
Number of Subtasks:	4

Location:			[8.000000, 8.000000, 0.000000]
Sensor List:		[IR, MW]
Subtask List:		[IR_{}, IR_{MW}, MW_{}, MW_{IR}]

Time Constraints:
Start Time:		0.000000
End Time:		Infinity
Task Duration:	0.111652
Corr Time:		Infinity
Lambda:			0.015000
Dependency Matrix:
   [0	-1	-1	-1
	-1	0	-1	1
	-1	-1	0	-1
	-1	1	-1	0]

Time Constraint Matrix:
   [Infinity	Infinity	Infinity	Infinity
	Infinity	Infinity	Infinity	0.111652
	Infinity	Infinity	Infinity	Infinity
	Infinity	0.111652	Infinity	Infinity]


**********************************
Task Number:		15
Maximum Score:		17.060040
Subtask Cost:		0.096987
Number of Sensors:	1.000000
Number of Subtasks:	1

Location:			[30.000000, 35.000000, 0.000000]
Sensor List:		[IR]
Subtask List:		[IR_{}]

Time Constraints:
Start Time:		0.000000
End Time:		Infinity
Task Duration:	0.871404
Corr Time:		Infinity
Lambda:			0.015000
Dependency Matrix:
   [0]

Time Constraint Matrix:
   [Infinity]


**********************************
Task Number:		16
Maximum Score:		56.672613
Subtask Cost:		0.461814
Number of Sensors:	1.000000
Number of Subtasks:	1

Location:			[35.000000, 21.000000, 0.000000]
Sensor List:		[MW]
Subtask List:		[MW_{}]

Time Constraints:
Start Time:		0.000000
End Time:		Infinity
Task Duration:	0.974082
Corr Time:		Infinity
Lambda:			0.015000
Dependency Matrix:
   [0]

Time Constraint Matrix:
   [Infinity]


**********************************
Task Number:		17
Maximum Score:		73.850853
Subtask Cost:		0.534556
Number of Sensors:	1.000000
Number of Subtasks:	1

Location:			[4.000000, 10.000000, 0.000000]
Sensor List:		[MW]
Subtask List:		[MW_{}]

Time Constraints:
Start Time:		0.000000
End Time:		Infinity
Task Duration:	0.849849
Corr Time:		Infinity
Lambda:			0.015000
Dependency Matrix:
   [0]

Time Constraint Matrix:
   [Infinity]


**********************************
Task Number:		18
Maximum Score:		52.733231
Subtask Cost:		0.750575
Number of Sensors:	1.000000
Number of Subtasks:	1

Location:			[15.000000, 39.000000, 0.000000]
Sensor List:		[MW]
Subtask List:		[MW_{}]

Time Constraints:
Start Time:		0.000000
End Time:		Infinity
Task Duration:	0.096042
Corr Time:		Infinity
Lambda:			0.015000
Dependency Matrix:
   [0]

Time Constraint Matrix:
   [Infinity]


**********************************
Task Number:		19
Maximum Score:		57.715436
Subtask Cost:		0.526557
Number of Sensors:	1.000000
Number of Subtasks:	1

Location:			[49.000000, 20.000000, 0.000000]
Sensor List:		[MW]
Subtask List:		[MW_{}]

Time Constraints:
Start Time:		0.000000
End Time:		Infinity
Task Duration:	0.318502
Corr Time:		Infinity
Lambda:			0.015000
Dependency Matrix:
   [0]

Time Constraint Matrix:
   [Infinity]


**********************************
Task Number:		20
Maximum Score:		75.760722
Subtask Cost:		0.395623
Number of Sensors:	1.000000
Number of Subtasks:	1

Location:			[11.000000, 10.000000, 0.000000]
Sensor List:		[IR]
Subtask List:		[IR_{}]

Time Constraints:
Start Time:		0.000000
End Time:		Infinity
Task Duration:	0.086711
Corr Time:		Infinity
Lambda:			0.015000
Dependency Matrix:
   [0]

Time Constraint Matrix:
   [Infinity]


**********************************
Task Number:		21
Maximum Score:		29.834623
Subtask Cost:		0.700481
Number of Sensors:	1.000000
Number of Subtasks:	1

Location:			[15.000000, 30.000000, 0.000000]
Sensor List:		[IR]
Subtask List:		[IR_{}]

Time Constraints:
Start Time:		0.000000
End Time:		Infinity
Task Duration:	0.915708
Corr Time:		Infinity
Lambda:			0.015000
Dependency Matrix:
   [0]

Time Constraint Matrix:
   [Infinity]


**********************************
Task Number:		22
Maximum Score:		63.059722
Subtask Cost:		0.570424
Number of Sensors:	1.000000
Number of Subtasks:	1

Location:			[7.000000, 34.000000, 0.000000]
Sensor List:		[IR]
Subtask List:		[IR_{}]

Time Constraints:
Start Time:		0.000000
End Time:		Infinity
Task Duration:	0.884725
Corr Time:		Infinity
Lambda:			0.015000
Dependency Matrix:
   [0]

Time Constraint Matrix:
   [Infinity]


**********************************
Task Number:		23
Maximum Score:		8.839097
Subtask Cost:		0.056300
Number of Sensors:	1.000000
Number of Subtasks:	1

Location:			[36.000000, 15.000000, 0.000000]
Sensor List:		[MW]
Subtask List:		[MW_{}]

Time Constraints:
Start Time:		0.000000
End Time:		Infinity
Task Duration:	0.606865
Corr Time:		Infinity
Lambda:			0.015000
Dependency Matrix:
   [0]

Time Constraint Matrix:
   [Infinity]


**********************************
Task Number:		24
Maximum Score:		11.998944
Subtask Cost:		0.521363
Number of Sensors:	1.000000
Number of Subtasks:	1

Location:			[28.000000, 2.000000, 0.000000]
Sensor List:		[MW]
Subtask List:		[MW_{}]

Time Constraints:
Start Time:		0.000000
End Time:		Infinity
Task Duration:	0.081574
Corr Time:		Infinity
Lambda:			0.015000
Dependency Matrix:
   [0]

Time Constraint Matrix:
   [Infinity]


**********************************
Task Number:		25
Maximum Score:		64.112368
Subtask Cost:		0.053228
Number of Sensors:	1.000000
Number of Subtasks:	1

Location:			[8.000000, 30.000000, 0.000000]
Sensor List:		[MW]
Subtask List:		[MW_{}]

Time Constraints:
Start Time:		0.000000
End Time:		Infinity
Task Duration:	0.469747
Corr Time:		Infinity
Lambda:			0.015000
Dependency Matrix:
   [0]

Time Constraint Matrix:
   [Infinity]


**********************************
Task Number:		26
Maximum Score:		56.434545
Subtask Cost:		0.812996
Number of Sensors:	1.000000
Number of Subtasks:	1

Location:			[11.000000, 2.000000, 0.000000]
Sensor List:		[IR]
Subtask List:		[IR_{}]

Time Constraints:
Start Time:		0.000000
End Time:		Infinity
Task Duration:	0.929365
Corr Time:		Infinity
Lambda:			0.015000
Dependency Matrix:
   [0]

Time Constraint Matrix:
   [Infinity]


**********************************
Task Number:		27
Maximum Score:		34.839988
Subtask Cost:		0.834046
Number of Sensors:	1.000000
Number of Subtasks:	1

Location:			[43.000000, 1.000000, 0.000000]
Sensor List:		[MW]
Subtask List:		[MW_{}]

Time Constraints:
Start Time:		0.000000
End Time:		Infinity
Task Duration:	0.408990
Corr Time:		Infinity
Lambda:			0.015000
Dependency Matrix:
   [0]

Time Constraint Matrix:
   [Infinity]


**********************************
Task Number:		28
Maximum Score:		91.027882
Subtask Cost:		0.958599
Number of Sensors:	1.000000
Number of Subtasks:	1

Location:			[16.000000, 17.000000, 0.000000]
Sensor List:		[IR]
Subtask List:		[IR_{}]

Time Constraints:
Start Time:		0.000000
End Time:		Infinity
Task Duration:	0.210306
Corr Time:		Infinity
Lambda:			0.015000
Dependency Matrix:
   [0]

Time Constraint Matrix:
   [Infinity]


**********************************
Task Number:		29
Maximum Score:		25.961656
Subtask Cost:		0.910818
Number of Sensors:	1.000000
Number of Subtasks:	1

Location:			[5.000000, 41.000000, 0.000000]
Sensor List:		[MW]
Subtask List:		[MW_{}]

Time Constraints:
Start Time:		0.000000
End Time:		Infinity
Task Duration:	0.364314
Corr Time:		Infinity
Lambda:			0.015000
Dependency Matrix:
   [0]

Time Constraint Matrix:
   [Infinity]


**********************************
