Task Number:		0
Maximum Score:		36.027845
Subtask Cost Type:		Proportional
Subtask Cost:		0.011400
Number of Sensors:	2
Number of Subtasks:	4

Location:			[41.538150, 8.759088, 0.000000]
Sensor List:		[IR, MW]
Subtask List:		[IR_{}, IR_{MW}, MW_{}, MW_{IR}]

Time Constraints:
Start Time:		0.000000
End Time:		Infinity
Task Duration:	0.000000
Corr Time:		2.000000
Lambda:			0.015000
Dependency Matrix:
   [0	-1	-1	-1
	-1	0	-1	1
	-1	-1	0	-1
	-1	1	-1	0]

Time Constraint Matrix:
   [Infinity	Infinity	Infinity	Infinity
	Infinity	Infinity	Infinity	2.000000
	Infinity	Infinity	Infinity	Infinity
	Infinity	2.000000	Infinity	Infinity]


**********************************
Task Number:		1
Maximum Score:		11.040203
Subtask Cost Type:		Proportional
Subtask Cost:		0.011400
Number of Sensors:	2
Number of Subtasks:	4

Location:			[33.835925, 7.482163, 0.000000]
Sensor List:		[IR, MW]
Subtask List:		[IR_{}, IR_{MW}, MW_{}, MW_{IR}]

Time Constraints:
Start Time:		0.000000
End Time:		Infinity
Task Duration:	0.000000
Corr Time:		2.000000
Lambda:			0.015000
Dependency Matrix:
   [0	-1	-1	-1
	-1	0	-1	1
	-1	-1	0	-1
	-1	1	-1	0]

Time Constraint Matrix:
   [Infinity	Infinity	Infinity	Infinity
	Infinity	Infinity	Infinity	2.000000
	Infinity	Infinity	Infinity	Infinity
	Infinity	2.000000	Infinity	Infinity]


**********************************
Task Number:		2
Maximum Score:		71.748430
Subtask Cost Type:		Proportional
Subtask Cost:		0.011400
Number of Sensors:	2
Number of Subtasks:	4

Location:			[25.539067, 10.514849, 0.000000]
Sensor List:		[IR, MW]
Subtask List:		[IR_{}, IR_{MW}, MW_{}, MW_{IR}]

Time Constraints:
Start Time:		0.000000
End Time:		Infinity
Task Duration:	0.000000
Corr Time:		2.000000
Lambda:			0.015000
Dependency Matrix:
   [0	-1	-1	-1
	-1	0	-1	1
	-1	-1	0	-1
	-1	1	-1	0]

Time Constraint Matrix:
   [Infinity	Infinity	Infinity	Infinity
	Infinity	Infinity	Infinity	2.000000
	Infinity	Infinity	Infinity	Infinity
	Infinity	2.000000	Infinity	Infinity]


**********************************
Task Number:		3
Maximum Score:		37.246734
Subtask Cost Type:		Proportional
Subtask Cost:		0.011400
Number of Sensors:	2
Number of Subtasks:	4

Location:			[3.276319, 44.372608, 0.000000]
Sensor List:		[IR, MW]
Subtask List:		[IR_{}, IR_{MW}, MW_{}, MW_{IR}]

Time Constraints:
Start Time:		0.000000
End Time:		Infinity
Task Duration:	0.000000
Corr Time:		2.000000
Lambda:			0.015000
Dependency Matrix:
   [0	-1	-1	-1
	-1	0	-1	1
	-1	-1	0	-1
	-1	1	-1	0]

Time Constraint Matrix:
   [Infinity	Infinity	Infinity	Infinity
	Infinity	Infinity	Infinity	2.000000
	Infinity	Infinity	Infinity	Infinity
	Infinity	2.000000	Infinity	Infinity]


**********************************
Task Number:		4
Maximum Score:		96.970641
Subtask Cost Type:		Proportional
Subtask Cost:		0.011400
Number of Sensors:	2
Number of Subtasks:	4

Location:			[7.061461, 6.371673, 0.000000]
Sensor List:		[IR, MW]
Subtask List:		[IR_{}, IR_{MW}, MW_{}, MW_{IR}]

Time Constraints:
Start Time:		0.000000
End Time:		Infinity
Task Duration:	0.000000
Corr Time:		2.000000
Lambda:			0.015000
Dependency Matrix:
   [0	-1	-1	-1
	-1	0	-1	1
	-1	-1	0	-1
	-1	1	-1	0]

Time Constraint Matrix:
   [Infinity	Infinity	Infinity	Infinity
	Infinity	Infinity	Infinity	2.000000
	Infinity	Infinity	Infinity	Infinity
	Infinity	2.000000	Infinity	Infinity]


**********************************
Task Number:		5
Maximum Score:		0.452012
Subtask Cost Type:		Proportional
Subtask Cost:		0.011400
Number of Sensors:	2
Number of Subtasks:	4

Location:			[46.908002, 3.773155, 0.000000]
Sensor List:		[IR, MW]
Subtask List:		[IR_{}, IR_{MW}, MW_{}, MW_{IR}]

Time Constraints:
Start Time:		0.000000
End Time:		Infinity
Task Duration:	0.000000
Corr Time:		2.000000
Lambda:			0.015000
Dependency Matrix:
   [0	-1	-1	-1
	-1	0	-1	1
	-1	-1	0	-1
	-1	1	-1	0]

Time Constraint Matrix:
   [Infinity	Infinity	Infinity	Infinity
	Infinity	Infinity	Infinity	2.000000
	Infinity	Infinity	Infinity	Infinity
	Infinity	2.000000	Infinity	Infinity]


**********************************
Task Number:		6
Maximum Score:		7.517668
Subtask Cost Type:		Proportional
Subtask Cost:		0.011400
Number of Sensors:	2
Number of Subtasks:	4

Location:			[27.370687, 8.230445, 0.000000]
Sensor List:		[IR, MW]
Subtask List:		[IR_{}, IR_{MW}, MW_{}, MW_{IR}]

Time Constraints:
Start Time:		0.000000
End Time:		Infinity
Task Duration:	0.000000
Corr Time:		2.000000
Lambda:			0.015000
Dependency Matrix:
   [0	-1	-1	-1
	-1	0	-1	1
	-1	-1	0	-1
	-1	1	-1	0]

Time Constraint Matrix:
   [Infinity	Infinity	Infinity	Infinity
	Infinity	Infinity	Infinity	2.000000
	Infinity	Infinity	Infinity	Infinity
	Infinity	2.000000	Infinity	Infinity]


**********************************
Task Number:		7
Maximum Score:		71.031046
Subtask Cost Type:		Proportional
Subtask Cost:		0.011400
Number of Sensors:	2
Number of Subtasks:	4

Location:			[12.923764, 35.944251, 0.000000]
Sensor List:		[IR, MW]
Subtask List:		[IR_{}, IR_{MW}, MW_{}, MW_{IR}]

Time Constraints:
Start Time:		0.000000
End Time:		Infinity
Task Duration:	0.000000
Corr Time:		2.000000
Lambda:			0.015000
Dependency Matrix:
   [0	-1	-1	-1
	-1	0	-1	1
	-1	-1	0	-1
	-1	1	-1	0]

Time Constraint Matrix:
   [Infinity	Infinity	Infinity	Infinity
	Infinity	Infinity	Infinity	2.000000
	Infinity	Infinity	Infinity	Infinity
	Infinity	2.000000	Infinity	Infinity]


**********************************
Task Number:		8
Maximum Score:		29.311033
Subtask Cost Type:		Proportional
Subtask Cost:		0.011400
Number of Sensors:	2
Number of Subtasks:	4

Location:			[47.576135, 48.676336, 0.000000]
Sensor List:		[IR, MW]
Subtask List:		[IR_{}, IR_{MW}, MW_{}, MW_{IR}]

Time Constraints:
Start Time:		0.000000
End Time:		Infinity
Task Duration:	0.000000
Corr Time:		2.000000
Lambda:			0.015000
Dependency Matrix:
   [0	-1	-1	-1
	-1	0	-1	1
	-1	-1	0	-1
	-1	1	-1	0]

Time Constraint Matrix:
   [Infinity	Infinity	Infinity	Infinity
	Infinity	Infinity	Infinity	2.000000
	Infinity	Infinity	Infinity	Infinity
	Infinity	2.000000	Infinity	Infinity]


**********************************
Task Number:		9
Maximum Score:		59.183967
Subtask Cost Type:		Proportional
Subtask Cost:		0.011400
Number of Sensors:	2
Number of Subtasks:	4

Location:			[2.108970, 11.710355, 0.000000]
Sensor List:		[IR, MW]
Subtask List:		[IR_{}, IR_{MW}, MW_{}, MW_{IR}]

Time Constraints:
Start Time:		0.000000
End Time:		Infinity
Task Duration:	0.000000
Corr Time:		2.000000
Lambda:			0.015000
Dependency Matrix:
   [0	-1	-1	-1
	-1	0	-1	1
	-1	-1	0	-1
	-1	1	-1	0]

Time Constraint Matrix:
   [Infinity	Infinity	Infinity	Infinity
	Infinity	Infinity	Infinity	2.000000
	Infinity	Infinity	Infinity	Infinity
	Infinity	2.000000	Infinity	Infinity]


**********************************
Task Number:		10
Maximum Score:		70.932234
Subtask Cost Type:		Proportional
Subtask Cost:		0.011400
Number of Sensors:	2
Number of Subtasks:	4

Location:			[11.415199, 21.978662, 0.000000]
Sensor List:		[IR, MW]
Subtask List:		[IR_{}, IR_{MW}, MW_{}, MW_{IR}]

Time Constraints:
Start Time:		0.000000
End Time:		Infinity
Task Duration:	0.000000
Corr Time:		2.000000
Lambda:			0.015000
Dependency Matrix:
   [0	-1	-1	-1
	-1	0	-1	1
	-1	-1	0	-1
	-1	1	-1	0]

Time Constraint Matrix:
   [Infinity	Infinity	Infinity	Infinity
	Infinity	Infinity	Infinity	2.000000
	Infinity	Infinity	Infinity	Infinity
	Infinity	2.000000	Infinity	Infinity]


**********************************
Task Number:		11
Maximum Score:		91.073841
Subtask Cost Type:		Proportional
Subtask Cost:		0.011400
Number of Sensors:	2
Number of Subtasks:	4

Location:			[5.944696, 36.943797, 0.000000]
Sensor List:		[IR, MW]
Subtask List:		[IR_{}, IR_{MW}, MW_{}, MW_{IR}]

Time Constraints:
Start Time:		0.000000
End Time:		Infinity
Task Duration:	0.000000
Corr Time:		2.000000
Lambda:			0.015000
Dependency Matrix:
   [0	-1	-1	-1
	-1	0	-1	1
	-1	-1	0	-1
	-1	1	-1	0]

Time Constraint Matrix:
   [Infinity	Infinity	Infinity	Infinity
	Infinity	Infinity	Infinity	2.000000
	Infinity	Infinity	Infinity	Infinity
	Infinity	2.000000	Infinity	Infinity]


**********************************
Task Number:		12
Maximum Score:		44.706062
Subtask Cost Type:		Proportional
Subtask Cost:		0.011400
Number of Sensors:	2
Number of Subtasks:	4

Location:			[47.446019, 40.378122, 0.000000]
Sensor List:		[IR, MW]
Subtask List:		[IR_{}, IR_{MW}, MW_{}, MW_{IR}]

Time Constraints:
Start Time:		0.000000
End Time:		Infinity
Task Duration:	0.000000
Corr Time:		2.000000
Lambda:			0.015000
Dependency Matrix:
   [0	-1	-1	-1
	-1	0	-1	1
	-1	-1	0	-1
	-1	1	-1	0]

Time Constraint Matrix:
   [Infinity	Infinity	Infinity	Infinity
	Infinity	Infinity	Infinity	2.000000
	Infinity	Infinity	Infinity	Infinity
	Infinity	2.000000	Infinity	Infinity]


**********************************
Task Number:		13
Maximum Score:		65.329658
Subtask Cost Type:		Proportional
Subtask Cost:		0.011400
Number of Sensors:	2
Number of Subtasks:	4

Location:			[36.003995, 5.419844, 0.000000]
Sensor List:		[IR, MW]
Subtask List:		[IR_{}, IR_{MW}, MW_{}, MW_{IR}]

Time Constraints:
Start Time:		0.000000
End Time:		Infinity
Task Duration:	0.000000
Corr Time:		2.000000
Lambda:			0.015000
Dependency Matrix:
   [0	-1	-1	-1
	-1	0	-1	1
	-1	-1	0	-1
	-1	1	-1	0]

Time Constraint Matrix:
   [Infinity	Infinity	Infinity	Infinity
	Infinity	Infinity	Infinity	2.000000
	Infinity	Infinity	Infinity	Infinity
	Infinity	2.000000	Infinity	Infinity]


**********************************
Task Number:		14
Maximum Score:		65.623730
Subtask Cost Type:		Proportional
Subtask Cost:		0.011400
Number of Sensors:	2
Number of Subtasks:	4

Location:			[10.015804, 31.939553, 0.000000]
Sensor List:		[IR, MW]
Subtask List:		[IR_{}, IR_{MW}, MW_{}, MW_{IR}]

Time Constraints:
Start Time:		0.000000
End Time:		Infinity
Task Duration:	0.000000
Corr Time:		2.000000
Lambda:			0.015000
Dependency Matrix:
   [0	-1	-1	-1
	-1	0	-1	1
	-1	-1	0	-1
	-1	1	-1	0]

Time Constraint Matrix:
   [Infinity	Infinity	Infinity	Infinity
	Infinity	Infinity	Infinity	2.000000
	Infinity	Infinity	Infinity	Infinity
	Infinity	2.000000	Infinity	Infinity]


**********************************
Task Number:		15
Maximum Score:		19.073805
Subtask Cost Type:		Proportional
Subtask Cost:		0.011400
Number of Sensors:	1
Number of Subtasks:	1

Location:			[40.252029, 17.690963, 0.000000]
Sensor List:		[IR]
Subtask List:		[IR_{}]

Time Constraints:
Start Time:		0.000000
End Time:		Infinity
Task Duration:	0.000000
Corr Time:		2.000000
Lambda:			0.015000
Dependency Matrix:
   [0]

Time Constraint Matrix:
   [Infinity]


**********************************
Task Number:		16
Maximum Score:		20.993906
Subtask Cost Type:		Proportional
Subtask Cost:		0.011400
Number of Sensors:	1
Number of Subtasks:	1

Location:			[31.697240, 30.550380, 0.000000]
Sensor List:		[IR]
Subtask List:		[IR_{}]

Time Constraints:
Start Time:		0.000000
End Time:		Infinity
Task Duration:	0.000000
Corr Time:		2.000000
Lambda:			0.015000
Dependency Matrix:
   [0]

Time Constraint Matrix:
   [Infinity]


**********************************
Task Number:		17
Maximum Score:		39.610667
Subtask Cost Type:		Proportional
Subtask Cost:		0.011400
Number of Sensors:	1
Number of Subtasks:	1

Location:			[3.628003, 3.105718, 0.000000]
Sensor List:		[IR]
Subtask List:		[IR_{}]

Time Constraints:
Start Time:		0.000000
End Time:		Infinity
Task Duration:	0.000000
Corr Time:		2.000000
Lambda:			0.015000
Dependency Matrix:
   [0]

Time Constraint Matrix:
   [Infinity]


**********************************
Task Number:		18
Maximum Score:		43.167070
Subtask Cost Type:		Proportional
Subtask Cost:		0.011400
Number of Sensors:	1
Number of Subtasks:	1

Location:			[11.968523, 9.881030, 0.000000]
Sensor List:		[IR]
Subtask List:		[IR_{}]

Time Constraints:
Start Time:		0.000000
End Time:		Infinity
Task Duration:	0.000000
Corr Time:		2.000000
Lambda:			0.015000
Dependency Matrix:
   [0]

Time Constraint Matrix:
   [Infinity]


**********************************
Task Number:		19
Maximum Score:		14.712708
Subtask Cost Type:		Proportional
Subtask Cost:		0.011400
Number of Sensors:	1
Number of Subtasks:	1

Location:			[14.533788, 0.397794, 0.000000]
Sensor List:		[IR]
Subtask List:		[IR_{}]

Time Constraints:
Start Time:		0.000000
End Time:		Infinity
Task Duration:	0.000000
Corr Time:		2.000000
Lambda:			0.015000
Dependency Matrix:
   [0]

Time Constraint Matrix:
   [Infinity]


**********************************
Task Number:		20
Maximum Score:		7.243380
Subtask Cost Type:		Proportional
Subtask Cost:		0.011400
Number of Sensors:	1
Number of Subtasks:	1

Location:			[35.386581, 46.351375, 0.000000]
Sensor List:		[IR]
Subtask List:		[IR_{}]

Time Constraints:
Start Time:		0.000000
End Time:		Infinity
Task Duration:	0.000000
Corr Time:		2.000000
Lambda:			0.015000
Dependency Matrix:
   [0]

Time Constraint Matrix:
   [Infinity]


**********************************
Task Number:		21
Maximum Score:		47.488130
Subtask Cost Type:		Proportional
Subtask Cost:		0.011400
Number of Sensors:	1
Number of Subtasks:	1

Location:			[42.114276, 40.379643, 0.000000]
Sensor List:		[IR]
Subtask List:		[IR_{}]

Time Constraints:
Start Time:		0.000000
End Time:		Infinity
Task Duration:	0.000000
Corr Time:		2.000000
Lambda:			0.015000
Dependency Matrix:
   [0]

Time Constraint Matrix:
   [Infinity]


**********************************
Task Number:		22
Maximum Score:		10.829777
Subtask Cost Type:		Proportional
Subtask Cost:		0.011400
Number of Sensors:	1
Number of Subtasks:	1

Location:			[21.635584, 34.462258, 0.000000]
Sensor List:		[IR]
Subtask List:		[IR_{}]

Time Constraints:
Start Time:		0.000000
End Time:		Infinity
Task Duration:	0.000000
Corr Time:		2.000000
Lambda:			0.015000
Dependency Matrix:
   [0]

Time Constraint Matrix:
   [Infinity]


**********************************
Task Number:		23
Maximum Score:		15.899075
Subtask Cost Type:		Proportional
Subtask Cost:		0.011400
Number of Sensors:	1
Number of Subtasks:	1

Location:			[41.614538, 20.523327, 0.000000]
Sensor List:		[MW]
Subtask List:		[MW_{}]

Time Constraints:
Start Time:		0.000000
End Time:		Infinity
Task Duration:	0.000000
Corr Time:		2.000000
Lambda:			0.015000
Dependency Matrix:
   [0]

Time Constraint Matrix:
   [Infinity]


**********************************
Task Number:		24
Maximum Score:		13.324335
Subtask Cost Type:		Proportional
Subtask Cost:		0.011400
Number of Sensors:	1
Number of Subtasks:	1

Location:			[48.735361, 2.942864, 0.000000]
Sensor List:		[MW]
Subtask List:		[MW_{}]

Time Constraints:
Start Time:		0.000000
End Time:		Infinity
Task Duration:	0.000000
Corr Time:		2.000000
Lambda:			0.015000
Dependency Matrix:
   [0]

Time Constraint Matrix:
   [Infinity]


**********************************
Task Number:		25
Maximum Score:		6.407467
Subtask Cost Type:		Proportional
Subtask Cost:		0.011400
Number of Sensors:	1
Number of Subtasks:	1

Location:			[12.859697, 43.772026, 0.000000]
Sensor List:		[MW]
Subtask List:		[MW_{}]

Time Constraints:
Start Time:		0.000000
End Time:		Infinity
Task Duration:	0.000000
Corr Time:		2.000000
Lambda:			0.015000
Dependency Matrix:
   [0]

Time Constraint Matrix:
   [Infinity]


**********************************
Task Number:		26
Maximum Score:		12.433615
Subtask Cost Type:		Proportional
Subtask Cost:		0.011400
Number of Sensors:	1
Number of Subtasks:	1

Location:			[25.821763, 44.816439, 0.000000]
Sensor List:		[MW]
Subtask List:		[MW_{}]

Time Constraints:
Start Time:		0.000000
End Time:		Infinity
Task Duration:	0.000000
Corr Time:		2.000000
Lambda:			0.015000
Dependency Matrix:
   [0]

Time Constraint Matrix:
   [Infinity]


**********************************
Task Number:		27
Maximum Score:		32.171127
Subtask Cost Type:		Proportional
Subtask Cost:		0.011400
Number of Sensors:	1
Number of Subtasks:	1

Location:			[14.839415, 43.317056, 0.000000]
Sensor List:		[MW]
Subtask List:		[MW_{}]

Time Constraints:
Start Time:		0.000000
End Time:		Infinity
Task Duration:	0.000000
Corr Time:		2.000000
Lambda:			0.015000
Dependency Matrix:
   [0]

Time Constraint Matrix:
   [Infinity]


**********************************
Task Number:		28
Maximum Score:		23.474825
Subtask Cost Type:		Proportional
Subtask Cost:		0.011400
Number of Sensors:	1
Number of Subtasks:	1

Location:			[29.562256, 15.075381, 0.000000]
Sensor List:		[MW]
Subtask List:		[MW_{}]

Time Constraints:
Start Time:		0.000000
End Time:		Infinity
Task Duration:	0.000000
Corr Time:		2.000000
Lambda:			0.015000
Dependency Matrix:
   [0]

Time Constraint Matrix:
   [Infinity]


**********************************
Task Number:		29
Maximum Score:		47.415631
Subtask Cost Type:		Proportional
Subtask Cost:		0.011400
Number of Sensors:	1
Number of Subtasks:	1

Location:			[43.398224, 26.658400, 0.000000]
Sensor List:		[MW]
Subtask List:		[MW_{}]

Time Constraints:
Start Time:		0.000000
End Time:		Infinity
Task Duration:	0.000000
Corr Time:		2.000000
Lambda:			0.015000
Dependency Matrix:
   [0]

Time Constraint Matrix:
   [Infinity]


**********************************
