__________________________________
          WINNING VECTORS         
__________________________________
Subtasks:			[IR_{}		IR_{MW}		MW_{}		MW_{IR}	|	IR_{}		IR_{MW}		MW_{}		MW_{IR}	|	IR_{}		IR_{MW}		MW_{}		MW_{IR}	|	IR_{}		IR_{MW}		MW_{}		MW_{IR}	|	IR_{}		IR_{MW}		MW_{}		MW_{IR}	|	IR_{}		IR_{MW}		MW_{}		MW_{IR}	|	IR_{}		IR_{MW}		MW_{}		MW_{IR}	|	IR_{}		IR_{MW}		MW_{}		MW_{IR}	|	IR_{}		IR_{MW}		MW_{}		MW_{IR}	|	IR_{}		IR_{MW}		MW_{}		MW_{IR}	]
Bids Score:			[0.000		44.448		0.000		44.448	|	0.000		28.260		0.000		28.260	|	0.000		19.817		0.000		19.817	|	0.000		13.351		0.000		13.351	|	0.000		8.399		0.000		8.399	|	0.000		4.606		0.000		4.606	|	0.000		1.700		0.000		1.700	|	0.000		0.000		0.000		0.000	|	0.000		0.000		0.000		0.000	|	0.000		0.000		0.000		0.000	]
Measurement Time:	[0.00		2.00		0.00		2.00	|	0.00		10.89		0.00		10.89	|	0.00		19.78		0.00		19.78	|	0.00		28.67		0.00		28.67	|	0.00		37.56		0.00		37.56	|	0.00		46.44		0.00		46.44	|	0.00		55.33		0.00		55.33	|	0.00		0.00		0.00		0.00	|	0.00		0.00		0.00		0.00	|	0.00		0.00		0.00		0.000	]
Iteration Assigned:	[0			2			0			2		|	0			2			0			2		|	0			2			0			2		|	0			2			0			2		|	0			2			0			2		|	0			44			0			24		|	0			232			0			124		|	0			0			0			0		|	0			0			0			0		|	0			0			0			0		]
Winners:			[-			-			-			1		|	-			-			-			1		|	-			-			-			1		|	-			-			-			1		|	-			-			-			1		|	-			-			-			1		|	-			-			-			1		|	-			-			-			-		|	-			-			-			-		|	-			-			-			-		]

__________________________________
        PERFORMANCE METRICS       
__________________________________
Coalitions Formed:		7
Coalitions Available:	10
Coalition Ratio:		70.00%

Score Achieved:			340.123
Score Available:		1000.000
Score Ratio:			34.01%

Merge Cost:				0.000000
Split Cost:				0.000000

Avg Cost per Research:	49.48%

Tasks Done:				7
Tasks Available:		10
Tasks Done Ratio:		70.00%

Tasks done w/ 1 sens:	0
Tasks done w/ 2 sens:	7
Tasks done w/ 3 sens:	0

Planning Horizon:		5

__________________________________
           AGENT LIST             
__________________________________
Agent Number:			1
Planning Horizon:		5
Max Const Iteration:	2
Max Solo Bids:			5
Max Any Bids:			10
Iteration Counter:		201
Final Resources:		50.520000

Location:				[-1.000		0.000		0.000]
Sensor List:			[MW]
Bundle:					[3			7			11			15			19			23			27]
Path:					[3			7			11			15			19			23			27]
X-Path:
[	0.000	0.000	0.000,
	4.444	0.000	0.000,
	8.889	0.000	0.000,
	13.333	0.000	0.000,
	17.778	0.000	0.000,
	22.222	0.000	0.000,
	26.667	0.000	0.000,]
Time Assignments:		[2.000		10.889		19.778		28.667		37.556		46.444		55.333]
__________________________________
            TASK LIST             
__________________________________
Task Number:		0
Maximum Score:		100.000000
Subtask Cost:		0.011400
Number of Sensors:	2
Number of Subtasks:	4

Location:			[0.000000, 0.000000, 0.000000]
Sensor List:		[IR, MW]
Subtask List:		[IR_{}, IR_{MW}, MW_{}, MW_{IR}]

Time Constraints:
Start Time:		0.000000
End Time:		Infinity
Task Duration:	0.000000
Corr Time:		0.000000
Lambda:			0.030000
Dependency Matrix:
   [0	-1	-1	-1
	-1	0	-1	1
	-1	-1	0	-1
	-1	1	-1	0]

Time Constraint Matrix:
   [Infinity	Infinity	Infinity	Infinity
	Infinity	Infinity	Infinity	0.000000
	Infinity	Infinity	Infinity	Infinity
	Infinity	0.000000	Infinity	Infinity]


**********************************
Task Number:		1
Maximum Score:		100.000000
Subtask Cost:		0.011400
Number of Sensors:	2
Number of Subtasks:	4

Location:			[4.444444, 0.000000, 0.000000]
Sensor List:		[IR, MW]
Subtask List:		[IR_{}, IR_{MW}, MW_{}, MW_{IR}]

Time Constraints:
Start Time:		0.000000
End Time:		Infinity
Task Duration:	0.000000
Corr Time:		0.000000
Lambda:			0.030000
Dependency Matrix:
   [0	-1	-1	-1
	-1	0	-1	1
	-1	-1	0	-1
	-1	1	-1	0]

Time Constraint Matrix:
   [Infinity	Infinity	Infinity	Infinity
	Infinity	Infinity	Infinity	0.000000
	Infinity	Infinity	Infinity	Infinity
	Infinity	0.000000	Infinity	Infinity]


**********************************
Task Number:		2
Maximum Score:		100.000000
Subtask Cost:		0.011400
Number of Sensors:	2
Number of Subtasks:	4

Location:			[8.888889, 0.000000, 0.000000]
Sensor List:		[IR, MW]
Subtask List:		[IR_{}, IR_{MW}, MW_{}, MW_{IR}]

Time Constraints:
Start Time:		0.000000
End Time:		Infinity
Task Duration:	0.000000
Corr Time:		0.000000
Lambda:			0.030000
Dependency Matrix:
   [0	-1	-1	-1
	-1	0	-1	1
	-1	-1	0	-1
	-1	1	-1	0]

Time Constraint Matrix:
   [Infinity	Infinity	Infinity	Infinity
	Infinity	Infinity	Infinity	0.000000
	Infinity	Infinity	Infinity	Infinity
	Infinity	0.000000	Infinity	Infinity]


**********************************
Task Number:		3
Maximum Score:		100.000000
Subtask Cost:		0.011400
Number of Sensors:	2
Number of Subtasks:	4

Location:			[13.333333, 0.000000, 0.000000]
Sensor List:		[IR, MW]
Subtask List:		[IR_{}, IR_{MW}, MW_{}, MW_{IR}]

Time Constraints:
Start Time:		0.000000
End Time:		Infinity
Task Duration:	0.000000
Corr Time:		0.000000
Lambda:			0.030000
Dependency Matrix:
   [0	-1	-1	-1
	-1	0	-1	1
	-1	-1	0	-1
	-1	1	-1	0]

Time Constraint Matrix:
   [Infinity	Infinity	Infinity	Infinity
	Infinity	Infinity	Infinity	0.000000
	Infinity	Infinity	Infinity	Infinity
	Infinity	0.000000	Infinity	Infinity]


**********************************
Task Number:		4
Maximum Score:		100.000000
Subtask Cost:		0.011400
Number of Sensors:	2
Number of Subtasks:	4

Location:			[17.777778, 0.000000, 0.000000]
Sensor List:		[IR, MW]
Subtask List:		[IR_{}, IR_{MW}, MW_{}, MW_{IR}]

Time Constraints:
Start Time:		0.000000
End Time:		Infinity
Task Duration:	0.000000
Corr Time:		0.000000
Lambda:			0.030000
Dependency Matrix:
   [0	-1	-1	-1
	-1	0	-1	1
	-1	-1	0	-1
	-1	1	-1	0]

Time Constraint Matrix:
   [Infinity	Infinity	Infinity	Infinity
	Infinity	Infinity	Infinity	0.000000
	Infinity	Infinity	Infinity	Infinity
	Infinity	0.000000	Infinity	Infinity]


**********************************
Task Number:		5
Maximum Score:		100.000000
Subtask Cost:		0.011400
Number of Sensors:	2
Number of Subtasks:	4

Location:			[22.222222, 0.000000, 0.000000]
Sensor List:		[IR, MW]
Subtask List:		[IR_{}, IR_{MW}, MW_{}, MW_{IR}]

Time Constraints:
Start Time:		0.000000
End Time:		Infinity
Task Duration:	0.000000
Corr Time:		0.000000
Lambda:			0.030000
Dependency Matrix:
   [0	-1	-1	-1
	-1	0	-1	1
	-1	-1	0	-1
	-1	1	-1	0]

Time Constraint Matrix:
   [Infinity	Infinity	Infinity	Infinity
	Infinity	Infinity	Infinity	0.000000
	Infinity	Infinity	Infinity	Infinity
	Infinity	0.000000	Infinity	Infinity]


**********************************
Task Number:		6
Maximum Score:		100.000000
Subtask Cost:		0.011400
Number of Sensors:	2
Number of Subtasks:	4

Location:			[26.666667, 0.000000, 0.000000]
Sensor List:		[IR, MW]
Subtask List:		[IR_{}, IR_{MW}, MW_{}, MW_{IR}]

Time Constraints:
Start Time:		0.000000
End Time:		Infinity
Task Duration:	0.000000
Corr Time:		0.000000
Lambda:			0.030000
Dependency Matrix:
   [0	-1	-1	-1
	-1	0	-1	1
	-1	-1	0	-1
	-1	1	-1	0]

Time Constraint Matrix:
   [Infinity	Infinity	Infinity	Infinity
	Infinity	Infinity	Infinity	0.000000
	Infinity	Infinity	Infinity	Infinity
	Infinity	0.000000	Infinity	Infinity]


**********************************
Task Number:		7
Maximum Score:		100.000000
Subtask Cost:		0.011400
Number of Sensors:	2
Number of Subtasks:	4

Location:			[31.111111, 0.000000, 0.000000]
Sensor List:		[IR, MW]
Subtask List:		[IR_{}, IR_{MW}, MW_{}, MW_{IR}]

Time Constraints:
Start Time:		0.000000
End Time:		Infinity
Task Duration:	0.000000
Corr Time:		0.000000
Lambda:			0.030000
Dependency Matrix:
   [0	-1	-1	-1
	-1	0	-1	1
	-1	-1	0	-1
	-1	1	-1	0]

Time Constraint Matrix:
   [Infinity	Infinity	Infinity	Infinity
	Infinity	Infinity	Infinity	0.000000
	Infinity	Infinity	Infinity	Infinity
	Infinity	0.000000	Infinity	Infinity]


**********************************
Task Number:		8
Maximum Score:		100.000000
Subtask Cost:		0.011400
Number of Sensors:	2
Number of Subtasks:	4

Location:			[35.555556, 0.000000, 0.000000]
Sensor List:		[IR, MW]
Subtask List:		[IR_{}, IR_{MW}, MW_{}, MW_{IR}]

Time Constraints:
Start Time:		0.000000
End Time:		Infinity
Task Duration:	0.000000
Corr Time:		0.000000
Lambda:			0.030000
Dependency Matrix:
   [0	-1	-1	-1
	-1	0	-1	1
	-1	-1	0	-1
	-1	1	-1	0]

Time Constraint Matrix:
   [Infinity	Infinity	Infinity	Infinity
	Infinity	Infinity	Infinity	0.000000
	Infinity	Infinity	Infinity	Infinity
	Infinity	0.000000	Infinity	Infinity]


**********************************
Task Number:		9
Maximum Score:		100.000000
Subtask Cost:		0.011400
Number of Sensors:	2
Number of Subtasks:	4

Location:			[40.000000, 0.000000, 0.000000]
Sensor List:		[IR, MW]
Subtask List:		[IR_{}, IR_{MW}, MW_{}, MW_{IR}]

Time Constraints:
Start Time:		0.000000
End Time:		Infinity
Task Duration:	0.000000
Corr Time:		0.000000
Lambda:			0.030000
Dependency Matrix:
   [0	-1	-1	-1
	-1	0	-1	1
	-1	-1	0	-1
	-1	1	-1	0]

Time Constraint Matrix:
   [Infinity	Infinity	Infinity	Infinity
	Infinity	Infinity	Infinity	0.000000
	Infinity	Infinity	Infinity	Infinity
	Infinity	0.000000	Infinity	Infinity]

