---------------------------------------------------------------------------------------------------------------------------------------
TASK1	TASK1_L_{}	L-band			
TASK1	TASK1_L_{S}	L-band	S-band	
TASK1	TASK1_L_{S}	L-band	S-band	
TASK1	TASK1_L_{S,S}	L-band	S-band,S-band
TASK1	TASK1_S_{}	S-band			
TASK1	TASK1_S_{S}	S-band	S-band	
TASK1	TASK1_S_{L}	S-band	L-band	
TASK1	TASK1_S_{L,S}	S-band	L-band,S-band
TASK1	TASK1_S_{}	S-band			
TASK1	TASK1_S_{S}	S-band	S-band	
TASK1	TASK1_S_{L}	S-band	L-band	
TASK1	TASK1_S_{L,S}	S-band	L-band,S-band
---------------------------------------------------------------------------------------------------------------------------------------
TASK2	TASK2_L_{}	L-band			
TASK2	TASK2_L_{S}	L-band	S-band	
TASK2	TASK2_L_{S}	L-band	S-band	
TASK2	TASK2_L_{S,S}	L-band	S-band,S-band
TASK2	TASK2_S_{}	S-band			
TASK2	TASK2_S_{S}	S-band	S-band	
TASK2	TASK2_S_{L}	S-band	L-band	
TASK2	TASK2_S_{L,S}	S-band	L-band,S-band
TASK2	TASK2_S_{}	S-band			
TASK2	TASK2_S_{S}	S-band	S-band	
TASK2	TASK2_S_{L}	S-band	L-band	
TASK2	TASK2_S_{L,S}	S-band	L-band,S-band
---------------------------------------------------------------------------------------------------------------------------------------
TASK3	TASK3_L_{}	L-band			
TASK3	TASK3_L_{S}	L-band	S-band	
TASK3	TASK3_L_{S}	L-band	S-band	
TASK3	TASK3_L_{S,S}	L-band	S-band,S-band
TASK3	TASK3_S_{}	S-band			
TASK3	TASK3_S_{S}	S-band	S-band	
TASK3	TASK3_S_{L}	S-band	L-band	
TASK3	TASK3_S_{L,S}	S-band	L-band,S-band
TASK3	TASK3_S_{}	S-band			
TASK3	TASK3_S_{S}	S-band	S-band	
TASK3	TASK3_S_{L}	S-band	L-band	
TASK3	TASK3_S_{L,S}	S-band	L-band,S-band
---------------------------------------------------------------------------------------------------------------------------------------
TASK4	TASK4_L_{}	L-band			
TASK4	TASK4_L_{S}	L-band	S-band	
TASK4	TASK4_L_{S}	L-band	S-band	
TASK4	TASK4_L_{S,S}	L-band	S-band,S-band
TASK4	TASK4_S_{}	S-band				0/0	SAT-S2	2020-01-01T00:00:00.000	2020-01-01T01:25:40.000	2020-01-07T00:00:00.000	S-RAD	521.5870846533164/5000.0	44.80694299190997/10.0	4105.631551666376	957.3352723390103	23.386163622915692	2.757760227719535	6.346510227719535	3.58875
TASK4	TASK4_S_{S}	S-band	S-band	
TASK4	TASK4_S_{L}	S-band	L-band	
TASK4	TASK4_S_{L,S}	S-band	L-band,S-band
TASK4	TASK4_S_{}	S-band			
TASK4	TASK4_S_{S}	S-band	S-band	
TASK4	TASK4_S_{L}	S-band	L-band	
TASK4	TASK4_S_{L,S}	S-band	L-band,S-band
---------------------------------------------------------------------------------------------------------------------------------------
TASK5	TASK5_L_{}	L-band				0/0	SAT-L1	2020-01-01T00:00:00.000	2020-01-01T00:49:20.000	2020-01-07T00:00:00.000	L-RAD	274.1522850118776/5000.0	29.005790562144856/10.0	3049.5721824858592	1900.0087288722657	48.8468576440973	15.410117265707061	18.998867282235977	3.5887500165289152
TASK5	TASK5_L_{S}	L-band	S-band	
TASK5	TASK5_L_{S}	L-band	S-band	
TASK5	TASK5_L_{S,S}	L-band	S-band,S-band
TASK5	TASK5_S_{}	S-band			
TASK5	TASK5_S_{S}	S-band	S-band	
TASK5	TASK5_S_{L}	S-band	L-band	
TASK5	TASK5_S_{L,S}	S-band	L-band,S-band
TASK5	TASK5_S_{}	S-band			
TASK5	TASK5_S_{S}	S-band	S-band	
TASK5	TASK5_S_{L}	S-band	L-band	
TASK5	TASK5_S_{L,S}	S-band	L-band,S-band
---------------------------------------------------------------------------------------------------------------------------------------
TASK6	TASK6_L_{}	L-band			
TASK6	TASK6_L_{S}	L-band	S-band	
TASK6	TASK6_L_{S}	L-band	S-band	
TASK6	TASK6_L_{S,S}	L-band	S-band,S-band
TASK6	TASK6_S_{}	S-band			
TASK6	TASK6_S_{S}	S-band	S-band	
TASK6	TASK6_S_{L}	S-band	L-band	
TASK6	TASK6_S_{L,S}	S-band	L-band,S-band
TASK6	TASK6_S_{}	S-band			
TASK6	TASK6_S_{S}	S-band	S-band	
TASK6	TASK6_S_{L}	S-band	L-band	
TASK6	TASK6_S_{L,S}	S-band	L-band,S-band
---------------------------------------------------------------------------------------------------------------------------------------
TASK7	TASK7_L_{}	L-band			
TASK7	TASK7_L_{S}	L-band	S-band	
TASK7	TASK7_L_{S}	L-band	S-band	
TASK7	TASK7_L_{S,S}	L-band	S-band,S-band
TASK7	TASK7_S_{}	S-band			
TASK7	TASK7_S_{S}	S-band	S-band	
TASK7	TASK7_S_{L}	S-band	L-band	
TASK7	TASK7_S_{L,S}	S-band	L-band,S-band
TASK7	TASK7_S_{}	S-band			
TASK7	TASK7_S_{S}	S-band	S-band	
TASK7	TASK7_S_{L}	S-band	L-band	
TASK7	TASK7_S_{L,S}	S-band	L-band,S-band
---------------------------------------------------------------------------------------------------------------------------------------
TASK8	TASK8_L_{}	L-band				0/0	SAT-L2	2020-01-01T00:00:00.000	2020-01-01T21:00:10.000	2020-01-07T00:00:00.000	L-RAD	499.417008809583/5000.0	34.51605372050477/10.0	4056.05715637028	998.5419532681616	77.43356050619508	1.2319054199211186	4.820655419921119	3.58875
TASK8	TASK8_L_{S}	L-band	S-band	
TASK8	TASK8_L_{S}	L-band	S-band	
TASK8	TASK8_L_{S,S}	L-band	S-band,S-band
TASK8	TASK8_S_{}	S-band			
TASK8	TASK8_S_{S}	S-band	S-band	
TASK8	TASK8_S_{L}	S-band	L-band	
TASK8	TASK8_S_{L,S}	S-band	L-band,S-band
TASK8	TASK8_S_{}	S-band			
TASK8	TASK8_S_{S}	S-band	S-band	
TASK8	TASK8_S_{L}	S-band	L-band	
TASK8	TASK8_S_{L,S}	S-band	L-band,S-band
---------------------------------------------------------------------------------------------------------------------------------------
TASK9	TASK9_L_{}	L-band			
TASK9	TASK9_L_{S}	L-band	S-band	
TASK9	TASK9_L_{S}	L-band	S-band	
TASK9	TASK9_L_{S,S}	L-band	S-band,S-band
TASK9	TASK9_S_{}	S-band			
TASK9	TASK9_S_{S}	S-band	S-band	
TASK9	TASK9_S_{L}	S-band	L-band	
TASK9	TASK9_S_{L,S}	S-band	L-band,S-band
TASK9	TASK9_S_{}	S-band			
TASK9	TASK9_S_{S}	S-band	S-band	
TASK9	TASK9_S_{L}	S-band	L-band	
TASK9	TASK9_S_{L,S}	S-band	L-band,S-band
---------------------------------------------------------------------------------------------------------------------------------------
TASK10	TASK10_L_{}	L-band			
TASK10	TASK10_L_{S}	L-band	S-band		1/1	SAT-L2	2020-01-01T00:00:00.000	2020-01-01T00:56:55.000	2020-01-07T00:00:00.000	L-RAD	164.54151692185627/5000.0	2.2829830059901246/10.0	182.62938379506585	3765.9318889108526	48.87730400113652	39.124855114356684	42.713605155126714	3.5887500407700323
TASK10	TASK10_S_{}	S-band			
TASK10	TASK10_S_{L}	S-band	L-band		1/1	SAT-S1	2020-01-01T00:00:00.000	2020-01-01T00:56:55.000	2020-01-07T00:00:00.000	S-RAD	164.5090452077851/5000.0	12.09378120088097/10.0	181.19379376276495	3767.3701162500865	48.83233592749707	39.12485511339875	42.71360515464775	3.5887500412490048
---------------------------------------------------------------------------------------------------------------------------------------
TASK11	TASK11_L_{}	L-band			
TASK11	TASK11_L_{S}	L-band	S-band		1/1	SAT-L1	2020-01-01T00:00:00.000	2020-01-01T10:38:35.000	2020-01-07T00:00:00.000	L-RAD	465.0625745373615/5000.0	34.07752695896711/10.0	3971.4835613745568	1078.0658159998898	9.253340350003038	24.09503088220431	27.68378088220431	3.58875
TASK11	TASK11_S_{}	S-band			
TASK11	TASK11_S_{L}	S-band	L-band		1/1	SAT-S3	2020-01-01T00:00:00.000	2020-01-01T10:38:35.000	2020-01-07T00:00:00.000	S-RAD	464.2759722271044/5000.0	43.91258298711634/10.0	3969.596506874696	1079.97269023144	7.627882304432708	24.09503088220431	27.68378088220431	3.58875
---------------------------------------------------------------------------------------------------------------------------------------
TASK12	TASK12_L_{}	L-band			
TASK12	TASK12_L_{S}	L-band	S-band	
TASK12	TASK12_S_{}	S-band			
TASK12	TASK12_S_{L}	S-band	L-band	
---------------------------------------------------------------------------------------------------------------------------------------
TASK13	TASK13_L_{}	L-band			
TASK13	TASK13_L_{S}	L-band	S-band	
TASK13	TASK13_S_{}	S-band			
TASK13	TASK13_S_{L}	S-band	L-band	
---------------------------------------------------------------------------------------------------------------------------------------
TASK14	TASK14_L_{}	L-band			
TASK14	TASK14_L_{S}	L-band	S-band		1/1	SAT-L3	2020-01-01T00:00:00.000	2020-01-01T02:41:30.000	2020-01-07T00:00:00.000		Infinity/5000.0	0.0/10.0	94.77033780948678	3775.5960472720158	55.250317668284175	38.46438644892389	42.05313644892389	3.58875
TASK14	TASK14_S_{}	S-band			
TASK14	TASK14_S_{L}	S-band	L-band		1/1	SAT-S2	2020-01-01T00:00:00.000	2020-01-01T02:41:35.000	2020-01-07T00:00:00.000	S-RAD	164.29718519226444/5000.0	12.807946520754204/10.0	93.61229827556582	3776.8678547745685	37.30398930564022	38.46255619968106	42.0513062229738	3.588750023292742
---------------------------------------------------------------------------------------------------------------------------------------
TASK15	TASK15_L_{}	L-band				0/0	SAT-L3	2020-01-01T00:00:00.000	2020-01-01T23:47:05.000	2020-01-07T00:00:00.000	L-RAD	1066.6650370878563/5000.0	38.824044642774396/10.0	4649.287790397032	458.97307497282293	62.15623146687628	1.9862502584995916	5.575000258499592	3.58875
TASK15	TASK15_L_{S}	L-band	S-band	
TASK15	TASK15_S_{}	S-band			
TASK15	TASK15_S_{L}	S-band	L-band	
---------------------------------------------------------------------------------------------------------------------------------------
TASK16	TASK16_S_{}	S-band			
TASK16	TASK16_S_{S}	S-band	S-band		1/1	SAT-S3	2020-01-01T00:00:00.000	2020-01-01T19:22:05.000	2020-01-07T00:00:00.000	S-RAD	1209.2986506154957/5000.0	49.31650254167924/10.0	4709.698158013178	407.9957749008552	14.0865483794654	10.128027576499704	13.716777576499705	3.58875
TASK16	TASK16_S_{}	S-band			
TASK16	TASK16_S_{S}	S-band	S-band		1/1	SAT-S3	2020-01-01T00:00:00.000	2020-01-01T19:22:05.000	2020-01-07T00:00:00.000	S-RAD	1209.2986506154957/5000.0	51.077415132236055/10.0	4709.698158013178	407.9957749008552	14.0865483794654	10.128027576499704	13.716777576499705	3.58875
---------------------------------------------------------------------------------------------------------------------------------------
TASK17	TASK17_S_{}	S-band			
TASK17	TASK17_S_{S}	S-band	S-band	
TASK17	TASK17_S_{}	S-band			
TASK17	TASK17_S_{S}	S-band	S-band	
---------------------------------------------------------------------------------------------------------------------------------------
TASK18	TASK18_S_{}	S-band			
TASK18	TASK18_S_{S}	S-band	S-band		1/1	SAT-S3	2020-01-01T00:00:00.000	2020-01-01T00:47:55.000	2020-01-07T00:00:00.000	S-RAD	179.7233179376842/5000.0	25.988320540989974/10.0	1378.7336090323815	3241.4283708212415	36.52251772671677	32.76192221269551	36.350672259615564	3.5887500469200604
TASK18	TASK18_S_{}	S-band			
TASK18	TASK18_S_{S}	S-band	S-band		1/1	SAT-S2	2020-01-01T00:00:00.000	2020-01-01T01:21:10.000	2020-01-07T00:00:00.000	S-RAD	409.7079302687926/5000.0	44.887215483699094/10.0	3803.7545290048065	1230.4318247978108	13.053226935960682	32.12798068311937	35.71673068444483	3.5887500013254705
---------------------------------------------------------------------------------------------------------------------------------------
TASK19	TASK19_L_{}	L-band				0/0	SAT-L3	2020-01-01T00:00:00.000	2020-01-01T10:18:10.000	2020-01-07T00:00:00.000	L-RAD	2896.937782300923/5000.0	43.3783163309289/10.0	4970.471222249255	155.41016376782446	68.85699926729494	13.540703097266459	17.12945309726646	3.58875
---------------------------------------------------------------------------------------------------------------------------------------
TASK20	TASK20_L_{}	L-band				0/0	SAT-L3	2020-01-01T00:00:00.000	2020-01-01T02:02:40.000	2020-01-07T00:00:00.000	L-RAD	497.00671679438176/5000.0	34.641900825024386/10.0	4051.488153079949	1005.7464810120111	38.34355569624044	12.610481362672537	16.19923136267254	3.58875
---------------------------------------------------------------------------------------------------------------------------------------
TASK21	TASK21_L_{}	L-band				0/0	SAT-L1	2020-01-01T00:00:00.000	2020-01-01T12:11:30.000	2020-01-07T00:00:00.000	L-RAD	1342.9108298727479/5000.0	39.912135458915586/10.0	4754.238907220954	359.67454738287483	75.47123432702803	11.173529358095497	14.762279358095498	3.58875
---------------------------------------------------------------------------------------------------------------------------------------
TASK22	TASK22_L_{}	L-band				0/0	SAT-L1	2020-01-01T00:00:00.000	2020-01-01T21:40:20.000	2020-01-07T00:00:00.000	L-RAD	2774.519277305124/5000.0	43.202578696919495/10.0	4962.2635304885425	177.245504756513	10.78169987752155	4.517625453742034	8.106375453742034	3.58875
---------------------------------------------------------------------------------------------------------------------------------------
TASK23	TASK23_S_{}	S-band			
---------------------------------------------------------------------------------------------------------------------------------------
TASK24	TASK24_S_{}	S-band				0/0	SAT-S1	2020-01-01T00:00:00.000	2020-01-01T16:19:30.000	2020-01-07T00:00:00.000	S-RAD	2827.3418426775806/5000.0	53.13058025924303/10.0	4965.922006406433	171.0146913639681	33.491214578005824	3.548834216040481	7.137584216040481	3.58875
---------------------------------------------------------------------------------------------------------------------------------------
TASK25	TASK25_S_{}	S-band				0/0	SAT-S3	2020-01-01T00:00:00.000	2020-01-01T23:26:05.000	2020-01-07T00:00:00.000	S-RAD	1001.7052927524859/5000.0	48.408626441472364/10.0	4616.3041160204775	493.04763454964325	19.953326718650004	0.6620728563388347	4.250822856338835	3.58875
---------------------------------------------------------------------------------------------------------------------------------------
TASK26	TASK26_S_{}	S-band				0/0	SAT-S1	2020-01-01T00:00:00.000	2020-01-01T12:11:20.000	2020-01-07T00:00:00.000	S-RAD	554.431926392166/5000.0	45.0896552143531/10.0	4169.336601410905	899.335345901894	6.829566849013826	11.366906253339351	14.95565625333935	3.58875
---------------------------------------------------------------------------------------------------------------------------------------
TASK27	TASK27_S_{}	S-band				0/0	SAT-S3	2020-01-01T00:00:00.000	2020-01-01T21:03:35.000	2020-01-07T00:00:00.000	S-RAD	818.3824332399968/5000.0	49.08125140113192/10.0	4493.4531484034	604.5196661967591	26.935127552642495	3.524338835932724	7.113088835932724	3.58875
---------------------------------------------------------------------------------------------------------------------------------------
TASK28	TASK28_S_{}	S-band				0/0	SAT-S2	2020-01-01T00:00:00.000	2020-01-02T05:38:50.000	2020-01-07T00:00:00.000	S-RAD	2093.411463969522/5000.0	53.52398318003485/10.0	4898.900003758797	234.49816428487452	21.237157967521533	5.548183405085392	9.136933405085392	3.58875
---------------------------------------------------------------------------------------------------------------------------------------
TASK29	TASK29_S_{}	S-band				0/0	SAT-S3	2020-01-01T00:00:00.000	2020-01-01T01:40:30.000	2020-01-07T00:00:00.000	S-RAD	4998.071768904004/5000.0	57.38791518163354/10.0	5048.7865550441265	94.67042155211027	27.580143581711457	11.949619689966134	15.538369689966133	3.58875
---------------------------------------------------------------------------------------------------------------------------------------
TASK30	TASK30_S_{}	S-band				0/0	SAT-S3	2020-01-01T00:00:00.000	2020-01-01T07:58:45.000	2020-01-07T00:00:00.000	S-RAD	1025.4936637342792/5000.0	50.25885595354744/10.0	4628.864679134158	481.8403054536635	7.804473788827587	8.876507252370416	12.465257252370417	3.58875
