0	|	0.000000	0.000000	0.000000	0.000000	|	0.000000	0.000000	0.000000	0.000000	|	-	-	-	-	|	0.000000	0.000000	0.000000	0.000000	|	0	0	0	0	
1	|	0.000000	0.000000	0.000000	0.000000	|	0.000000	0.000000	0.000000	0.000000	|	-	-	-	-	|	0.000000	0.000000	0.000000	0.000000	|	0	0	0	0	
2	|	0.000000	0.000000	0.000000	0.000000	|	0.000000	0.000000	0.000000	0.000000	|	-	-	-	-	|	0.000000	0.000000	0.000000	0.000000	|	0	0	0	0	
3	|	0.000000	0.000000	0.000000	0.000000	|	0.000000	0.000000	0.000000	0.000000	|	-	-	-	-	|	0.000000	0.000000	0.000000	0.000000	|	0	0	0	0	
4	|	0.000000	0.000000	0.000000	0.000000	|	0.000000	0.000000	0.000000	0.000000	|	-	-	-	-	|	0.000000	0.000000	0.000000	0.000000	|	0	0	0	0	
5	|	4.327339	4.327339	4.327339	4.327339	|	94.503112	94.503112	94.503112	94.503112	|	3	3	3	3	|	4.014729	4.014729	4.014729	4.014729	|	0	0	0	0	
6	|	0.000000	0.000000	0.000000	0.000000	|	0.000000	0.000000	0.000000	0.000000	|	-	-	-	-	|	0.000000	0.000000	0.000000	0.000000	|	0	0	0	0	
7	|	2.456983	2.456983	2.456983	2.456983	|	111.404388	111.404388	111.404388	111.404388	|	4	4	4	4	|	4.017003	4.017003	4.017003	4.017003	|	0	0	0	0	
8	|	0.000000	0.000000	0.000000	0.000000	|	0.000000	0.000000	0.000000	0.000000	|	-	-	-	-	|	0.000000	0.000000	0.000000	0.000000	|	0	0	0	0	
9	|	0.000000	0.000000	0.000000	0.000000	|	0.000000	0.000000	0.000000	0.000000	|	-	-	-	-	|	0.000000	0.000000	0.000000	0.000000	|	0	0	0	0	
10	|	0.000000	0.000000	0.000000	0.000000	|	0.000000	0.000000	0.000000	0.000000	|	-	-	-	-	|	0.000000	0.000000	0.000000	0.000000	|	0	0	0	0	
11	|	0.000000	0.000000	0.000000	0.000000	|	0.000000	0.000000	0.000000	0.000000	|	-	-	-	-	|	0.000000	0.000000	0.000000	0.000000	|	0	0	0	0	
12	|	0.000000	0.000000	0.000000	0.000000	|	0.000000	0.000000	0.000000	0.000000	|	-	-	-	-	|	0.000000	0.000000	0.000000	0.000000	|	0	0	0	0	
13	|	0.000000	0.000000	0.000000	0.000000	|	0.000000	0.000000	0.000000	0.000000	|	-	-	-	-	|	0.000000	0.000000	0.000000	0.000000	|	0	0	0	0	
14	|	1.710395	1.710395	1.710395	1.710395	|	66.875993	66.875993	66.875993	66.875993	|	4	4	4	4	|	2.201687	2.201687	2.201687	2.201687	|	0	0	0	0	
15	|	0.000000	0.000000	0.000000	0.000000	|	0.000000	0.000000	0.000000	0.000000	|	-	-	-	-	|	0.000000	0.000000	0.000000	0.000000	|	0	0	0	0	
16	|	0.000000	0.000000	0.000000	0.000000	|	0.000000	0.000000	0.000000	0.000000	|	-	-	-	-	|	0.000000	0.000000	0.000000	0.000000	|	0	0	0	0	
17	|	41.889219	41.889219	41.889219	41.889219	|	5.527377	5.527377	5.527377	5.527377	|	1	1	1	1	|	0.059842	0.059842	0.059842	0.059842	|	0	0	0	0	
18	|	0.000000	0.000000	0.000000	0.000000	|	0.000000	0.000000	0.000000	0.000000	|	-	-	-	-	|	0.000000	0.000000	0.000000	0.000000	|	0	0	0	0	
19	|	29.043710	29.043710	29.043710	29.043710	|	20.904057	20.904057	20.904057	20.904057	|	2	2	2	2	|	4.264565	4.264565	4.264565	4.264565	|	0	0	0	0	
20	|	0.000000	0.000000	0.000000	0.000000	|	0.000000	0.000000	0.000000	0.000000	|	-	-	-	-	|	0.000000	0.000000	0.000000	0.000000	|	0	0	0	0	
21	|	0.000000	0.000000	0.000000	0.000000	|	0.000000	0.000000	0.000000	0.000000	|	-	-	-	-	|	0.000000	0.000000	0.000000	0.000000	|	0	0	0	0	
22	|	0.000000	0.000000	0.000000	0.000000	|	0.000000	0.000000	0.000000	0.000000	|	-	-	-	-	|	0.000000	0.000000	0.000000	0.000000	|	0	0	0	0	
23	|	0.000000	0.000000	0.000000	0.000000	|	0.000000	0.000000	0.000000	0.000000	|	-	-	-	-	|	0.000000	0.000000	0.000000	0.000000	|	0	0	0	0	
24	|	1.430656	1.430656	1.430656	1.430656	|	69.377543	69.377543	69.377543	69.377543	|	3	3	3	3	|	1.328181	1.328181	1.328181	1.328181	|	0	0	0	0	
25	|	0.000000	0.000000	0.000000	0.000000	|	0.000000	0.000000	0.000000	0.000000	|	-	-	-	-	|	0.000000	0.000000	0.000000	0.000000	|	0	0	0	0	
26	|	0.000000	0.000000	0.000000	0.000000	|	0.000000	0.000000	0.000000	0.000000	|	-	-	-	-	|	0.000000	0.000000	0.000000	0.000000	|	0	0	0	0	
27	|	0.000000	0.000000	0.000000	0.000000	|	0.000000	0.000000	0.000000	0.000000	|	-	-	-	-	|	0.000000	0.000000	0.000000	0.000000	|	0	0	0	0	
28	|	0.000000	0.000000	0.000000	0.000000	|	0.000000	0.000000	0.000000	0.000000	|	-	-	-	-	|	0.000000	0.000000	0.000000	0.000000	|	0	0	0	0	
29	|	0.000000	0.000000	0.000000	0.000000	|	0.000000	0.000000	0.000000	0.000000	|	-	-	-	-	|	0.000000	0.000000	0.000000	0.000000	|	0	0	0	0	
30	|	0.000000	0.000000	0.000000	0.000000	|	0.000000	0.000000	0.000000	0.000000	|	-	-	-	-	|	0.000000	0.000000	0.000000	0.000000	|	0	0	0	0	
31	|	0.000000	0.000000	0.000000	0.000000	|	0.000000	0.000000	0.000000	0.000000	|	-	-	-	-	|	0.000000	0.000000	0.000000	0.000000	|	0	0	0	0	
32	|	0.000000	0.000000	0.000000	0.000000	|	0.000000	0.000000	0.000000	0.000000	|	-	-	-	-	|	0.000000	0.000000	0.000000	0.000000	|	0	0	0	0	
33	|	15.792099	15.792099	15.792099	15.792099	|	64.831000	64.831000	64.831000	64.831000	|	3	3	3	3	|	2.218470	2.218470	2.218470	2.218470	|	0	0	0	0	
34	|	0.000000	0.000000	0.000000	0.000000	|	0.000000	0.000000	0.000000	0.000000	|	-	-	-	-	|	0.000000	0.000000	0.000000	0.000000	|	0	0	0	0	
35	|	33.404890	33.404890	33.404890	33.404890	|	20.797354	20.797354	20.797354	20.797354	|	4	4	4	4	|	1.459411	1.459411	1.459411	1.459411	|	0	0	0	0	
36	|	0.000000	0.000000	0.000000	0.000000	|	0.000000	0.000000	0.000000	0.000000	|	-	-	-	-	|	0.000000	0.000000	0.000000	0.000000	|	0	0	0	0	
37	|	35.572668	35.572668	35.572668	35.572668	|	8.423964	8.423964	8.423964	8.423964	|	3	3	3	3	|	1.175347	1.175347	1.175347	1.175347	|	0	0	0	0	
38	|	0.000000	0.000000	0.000000	0.000000	|	0.000000	0.000000	0.000000	0.000000	|	-	-	-	-	|	0.000000	0.000000	0.000000	0.000000	|	0	0	0	0	
39	|	38.909701	38.909701	38.909701	38.909701	|	3.583201	3.583201	3.583201	3.583201	|	2	2	2	2	|	0.605904	0.605904	0.605904	0.605904	|	0	0	0	0	
40	|	0.000000	0.000000	0.000000	0.000000	|	0.000000	0.000000	0.000000	0.000000	|	-	-	-	-	|	0.000000	0.000000	0.000000	0.000000	|	0	0	0	0	
41	|	0.000000	0.000000	0.000000	0.000000	|	0.000000	0.000000	0.000000	0.000000	|	-	-	-	-	|	0.000000	0.000000	0.000000	0.000000	|	0	0	0	0	
42	|	0.000000	0.000000	0.000000	0.000000	|	0.000000	0.000000	0.000000	0.000000	|	-	-	-	-	|	0.000000	0.000000	0.000000	0.000000	|	0	0	0	0	
43	|	0.000000	0.000000	0.000000	0.000000	|	0.000000	0.000000	0.000000	0.000000	|	-	-	-	-	|	0.000000	0.000000	0.000000	0.000000	|	0	0	0	0	
44	|	0.000000	0.000000	0.000000	0.000000	|	0.000000	0.000000	0.000000	0.000000	|	-	-	-	-	|	0.000000	0.000000	0.000000	0.000000	|	0	0	0	0	
45	|	9.167744	9.167744	9.167744	9.167744	|	55.840078	55.840078	55.840078	55.840078	|	3	3	3	3	|	12.002169	12.002169	12.002169	12.002169	|	0	0	0	0	
46	|	0.000000	0.000000	0.000000	0.000000	|	0.000000	0.000000	0.000000	0.000000	|	-	-	-	-	|	0.000000	0.000000	0.000000	0.000000	|	0	0	0	0	
47	|	38.115929	38.115929	38.115929	38.115929	|	11.806432	11.806432	11.806432	11.806432	|	4	4	4	4	|	2.864134	2.864134	2.864134	2.864134	|	0	0	0	0	
48	|	0.000000	0.000000	0.000000	0.000000	|	0.000000	0.000000	0.000000	0.000000	|	-	-	-	-	|	0.000000	0.000000	0.000000	0.000000	|	0	0	0	0	
49	|	14.568473	14.568473	14.568473	14.568473	|	54.916495	54.916495	54.916495	54.916495	|	1	1	1	1	|	1.917651	1.917651	1.917651	1.917651	|	0	0	0	0	
50	|	0.000000	0.000000	0.000000	0.000000	|	0.000000	0.000000	0.000000	0.000000	|	-	-	-	-	|	0.000000	0.000000	0.000000	0.000000	|	0	0	0	0	
51	|	12.343388	12.343388	12.343388	12.343388	|	62.260731	62.260731	62.260731	62.260731	|	2	2	2	2	|	2.423029	2.423029	2.423029	2.423029	|	0	0	0	0	
52	|	0.000000	0.000000	0.000000	0.000000	|	0.000000	0.000000	0.000000	0.000000	|	-	-	-	-	|	0.000000	0.000000	0.000000	0.000000	|	0	0	0	0	
53	|	22.961112	22.961112	22.961112	22.961112	|	44.270825	44.270825	44.270825	44.270825	|	1	1	1	1	|	-0.269569	-0.269569	-0.269569	-0.269569	|	0	0	0	0	
54	|	0.000000	0.000000	0.000000	0.000000	|	0.000000	0.000000	0.000000	0.000000	|	-	-	-	-	|	0.000000	0.000000	0.000000	0.000000	|	0	0	0	0	
55	|	15.723955	15.723955	15.723955	15.723955	|	51.615061	51.615061	51.615061	51.615061	|	2	2	2	2	|	4.600580	4.600580	4.600580	4.600580	|	0	0	0	0	
56	|	0.000000	0.000000	0.000000	0.000000	|	0.000000	0.000000	0.000000	0.000000	|	-	-	-	-	|	0.000000	0.000000	0.000000	0.000000	|	0	0	0	0	
57	|	0.000000	0.000000	0.000000	0.000000	|	0.000000	0.000000	0.000000	0.000000	|	-	-	-	-	|	0.000000	0.000000	0.000000	0.000000	|	0	0	0	0	
58	|	0.000000	0.000000	0.000000	0.000000	|	0.000000	0.000000	0.000000	0.000000	|	-	-	-	-	|	0.000000	0.000000	0.000000	0.000000	|	0	0	0	0	
59	|	0.000000	0.000000	0.000000	0.000000	|	0.000000	0.000000	0.000000	0.000000	|	-	-	-	-	|	0.000000	0.000000	0.000000	0.000000	|	0	0	0	0	
60	|	16.378120	16.378120	16.378120	16.378120	|	42.767482	42.767482	42.767482	42.767482	|	1	1	1	1	|	4.090389	4.090389	4.090389	4.090389	|	0	0	0	0	
61	|	1.353977	1.353977	1.353977	1.353977	|	79.596009	79.596009	79.596009	79.596009	|	3	3	3	3	|	3.171336	3.171336	3.171336	3.171336	|	0	0	0	0	
62	|	9.053440	9.053440	9.053440	9.053440	|	57.779455	57.779455	57.779455	57.779455	|	1	1	1	1	|	0.976878	0.976878	0.976878	0.976878	|	0	0	0	0	
63	|	4.212607	4.212607	4.212607	4.212607	|	102.463237	102.463237	102.463237	102.463237	|	3	3	3	3	|	2.174316	2.174316	2.174316	2.174316	|	0	0	0	0	
64	|	0.000000	0.000000	0.000000	0.000000	|	0.000000	0.000000	0.000000	0.000000	|	-	-	-	-	|	0.000000	0.000000	0.000000	0.000000	|	0	0	0	0	
65	|	13.130788	13.130788	13.130788	13.130788	|	29.277216	29.277216	29.277216	29.277216	|	1	1	1	1	|	6.182992	6.182992	6.182992	6.182992	|	0	0	0	0	
66	|	0.000000	0.000000	0.000000	0.000000	|	0.000000	0.000000	0.000000	0.000000	|	-	-	-	-	|	0.000000	0.000000	0.000000	0.000000	|	0	0	0	0	
67	|	31.537952	31.537952	31.537952	31.537952	|	9.050238	9.050238	9.050238	9.050238	|	1	1	1	1	|	1.284829	1.284829	1.284829	1.284829	|	0	0	0	0	
68	|	4.832307	4.832307	4.832307	4.832307	|	59.173018	59.173018	59.173018	59.173018	|	4	4	4	4	|	1.968696	1.968696	1.968696	1.968696	|	0	0	0	0	
69	|	21.834458	21.834458	21.834458	21.834458	|	31.776675	31.776675	31.776675	31.776675	|	2	2	2	2	|	3.194768	3.194768	3.194768	3.194768	|	0	0	0	0	
70	|	0.000000	0.000000	0.000000	0.000000	|	0.000000	0.000000	0.000000	0.000000	|	-	-	-	-	|	0.000000	0.000000	0.000000	0.000000	|	0	0	0	0	
71	|	2.228498	2.228498	2.228498	2.228498	|	94.611747	94.611747	94.611747	94.611747	|	4	4	4	4	|	7.584909	7.584909	7.584909	7.584909	|	0	0	0	0	
72	|	14.012723	14.012723	14.012723	14.012723	|	53.662630	53.662630	53.662630	53.662630	|	4	4	4	4	|	2.992291	2.992291	2.992291	2.992291	|	0	0	0	0	
73	|	18.080223	18.080223	18.080223	18.080223	|	44.592657	44.592657	44.592657	44.592657	|	4	4	4	4	|	6.747465	6.747465	6.747465	6.747465	|	0	0	0	0	
74	|	0.000000	0.000000	0.000000	0.000000	|	0.000000	0.000000	0.000000	0.000000	|	-	-	-	-	|	0.000000	0.000000	0.000000	0.000000	|	0	0	0	0	
