__________________________________
          WINNING VECTORS         
__________________________________
Subtasks:			[IR_{}		IR_{MW}		MW_{}		MW_{IR}	|	IR_{}		IR_{MW}		MW_{}		MW_{IR}	|	IR_{}		IR_{MW}		MW_{}		MW_{IR}	|	IR_{}		IR_{MW}		MW_{}		MW_{IR}	|	IR_{}		IR_{MW}		MW_{}		MW_{IR}	|	IR_{}		IR_{MW}		MW_{}		MW_{IR}	|	IR_{}		IR_{MW}		MW_{}		MW_{IR}	|	IR_{}		IR_{MW}		MW_{}		MW_{IR}	|	IR_{}		IR_{MW}		MW_{}		MW_{IR}	|	IR_{}		IR_{MW}		MW_{}		MW_{IR}	|	IR_{}		IR_{MW}		MW_{}		MW_{IR}	|	IR_{}		IR_{MW}		MW_{}		MW_{IR}	|	IR_{}		IR_{MW}		MW_{}		MW_{IR}	|	IR_{}		IR_{MW}		MW_{}		MW_{IR}	|	IR_{}		IR_{MW}		MW_{}		MW_{IR}	|	IR_{}	|	IR_{}	|	IR_{}	|	IR_{}	|	IR_{}	|	IR_{}	|	IR_{}	|	IR_{}	|	MW_{}	|	MW_{}	|	MW_{}	|	MW_{}	|	MW_{}	|	MW_{}	|	MW_{}	]
Bids Score:			[0.000		0.000		0.000		0.000	|	5.689		0.000		0.000		0.000	|	0.000		0.000		0.000		0.000	|	0.000		0.000		0.000		0.000	|	0.000		29.838		0.000		26.480	|	0.000		0.000		0.000		0.000	|	0.000		0.000		0.000		0.000	|	0.000		0.000		0.000		0.000	|	0.000		0.000		0.000		0.000	|	0.000		0.000		0.000		0.000	|	0.000		0.000		0.000		0.000	|	0.000		0.000		4.006		0.000	|	0.000		0.000		0.000		0.000	|	0.000		0.000		0.000		0.000	|	0.000		0.000		0.000		0.000	|	20.414	|	0.000	|	39.668	|	74.699	|	9.968	|	22.066	|	13.752	|	10.473	|	59.684	|	24.506	|	51.466	|	17.205	|	62.272	|	16.318	|	11.659	]
Measurement Time:	[0.00		0.00		0.00		0.00	|	41.64		0.00		0.00		0.00	|	0.00		0.00		0.00		0.00	|	0.00		0.00		0.00		0.00	|	0.00		16.87		0.00		23.34	|	0.00		0.00		0.00		0.00	|	0.00		0.00		0.00		0.00	|	0.00		0.00		0.00		0.00	|	0.00		0.00		0.00		0.00	|	0.00		0.00		0.00		0.00	|	0.00		0.00		0.00		0.00	|	0.00		0.00		57.91		0.00	|	0.00		0.00		0.00		0.00	|	0.00		0.00		0.00		0.00	|	0.00		0.00		0.00		0.00	|	25.04	|	0.00	|	33.09	|	5.69	|	75.01	|	36.84	|	61.09	|	58.44	|	13.86	|	38.32	|	17.76	|	45.40	|	1.34	|	5.87	|	54.088	]
Iteration Assigned:	[0			0			0			0		|	38			0			0			0		|	0			0			0			0		|	0			0			0			0		|	0			2			0			2		|	0			0			0			0		|	0			0			0			0		|	0			0			0			0		|	0			0			0			0		|	0			0			0			0		|	0			0			0			0		|	0			0			990			0		|	0			0			0			0		|	0			0			0			0		|	0			0			0			0		|	2		|	0		|	0		|	0		|	1612	|	2		|	1410	|	954		|	0		|	954		|	0		|	18		|	0		|	18		|	1410		]
Winners:			[-			-			-			-		|	1			-			-			-		|	-			-			-			-		|	-			-			-			-		|	-			3			-			4		|	-			-			-			-		|	-			-			-			-		|	-			-			-			-		|	-			-			-			-		|	-			-			-			-		|	-			-			-			-		|	-			-			2			-		|	-			-			-			-		|	-			-			-			-		|	-			-			-			-		|	1		|	-		|	3		|	1		|	3		|	3		|	3		|	3		|	4		|	4		|	2		|	2		|	4		|	2		|	4		]

__________________________________
        PERFORMANCE METRICS       
__________________________________
Coalitions Formed:		1
Coalitions Available:	15
Coalition Ratio:		6.67%

Score Achieved:			661.008
Score Available:		2219.510
Score Ratio:			29.78%

Merge Cost:				0.000000
Split Cost:				0.000000

Avg Cost per Research:	37.71%

Tasks Done:				17
Tasks Available:		30
Tasks Done Ratio:		56.67%

Tasks done w/ 1 sens:	16
Tasks done w/ 2 sens:	1
Tasks done w/ 3 sens:	0

Planning Horizon:		3

__________________________________
           AGENT LIST             
__________________________________
Agent Number:			1
Planning Horizon:		3
Max Const Iteration:	2
Max Solo Bids:			5
Max Any Bids:			10
Iteration Counter:		2449
Final Resources:		72.847721

Location:				[4.835		38.757		0.000]
Sensor List:			[IR]
Bundle:					[63			60			4]
Path:					[63			60			4]
X-Path:
[	0.357	42.267	0.000,
	18.336	49.431	0.000,
	34.926	49.755	0.000,]
Time Assignments:		[5.689		25.043		41.636]

**********************************
Agent Number:			2
Planning Horizon:		3
Max Const Iteration:	2
Max Solo Bids:			5
Max Any Bids:			10
Iteration Counter:		2449
Final Resources:		62.432719

Location:				[18.290		27.492		0.000]
Sensor List:			[MW]
Bundle:					[73			70			71			46]
Path:					[73			70			71			46]
X-Path:
[	16.955	21.779	0.000,
	4.939	15.781	0.000,
	13.238	42.144	0.000,
	20.033	33.528	0.000,]
Time Assignments:		[5.867		17.759		45.397		57.908]

**********************************
Agent Number:			3
Planning Horizon:		3
Max Const Iteration:	2
Max Solo Bids:			5
Max Any Bids:			10
Iteration Counter:		2449
Final Resources:		50.405163

Location:				[43.963		36.522		0.000]
Sensor List:			[IR]
Bundle:					[17			62			65			67			66			64]
Path:					[17			62			65			67			66			64]
X-Path:
[	34.301	22.688	0.000,
	21.700	12.038	0.000,
	24.848	13.483	0.000,
	43.926	3.346	0.000,
	41.088	2.640	0.000,
	47.972	14.418	0.000,]
Time Assignments:		[16.874		33.093		36.838		58.441		61.086		75.008]

**********************************
Agent Number:			4
Planning Horizon:		3
Max Const Iteration:	2
Max Solo Bids:			5
Max Any Bids:			10
Iteration Counter:		2449
Final Resources:		63.469761

Location:				[40.550		0.235		0.000]
Sensor List:			[MW]
Bundle:					[72			68			19			69			74]
Path:					[72			68			19			69			74]
X-Path:
[	39.920	1.422	0.000,
	36.615	13.495	0.000,
	34.301	22.688	0.000,
	39.956	36.554	0.000,
	48.081	23.035	0.000,]
Time Assignments:		[1.344		13.862		23.341		38.316		54.088]
__________________________________
            TASK LIST             
__________________________________
Task Number:		0
Maximum Score:		6.906640
Subtask Cost:		0.011400
Number of Sensors:	2
Number of Subtasks:	4

Location:			[43.330555, 23.785309, 0.000000]
Sensor List:		[IR, MW]
Subtask List:		[IR_{}, IR_{MW}, MW_{}, MW_{IR}]

Time Constraints:
Start Time:		0.000000
End Time:		Infinity
Task Duration:	0.000000
Corr Time:		Infinity
Lambda:			0.015000
Dependency Matrix:
   [0	-1	-1	-1
	-1	0	-1	1
	-1	-1	0	-1
	-1	1	-1	0]

Time Constraint Matrix:
   [Infinity	Infinity	Infinity	Infinity
	Infinity	Infinity	Infinity	Infinity
	Infinity	Infinity	Infinity	Infinity
	Infinity	Infinity	Infinity	Infinity]


**********************************
Task Number:		1
Maximum Score:		91.244561
Subtask Cost:		0.011400
Number of Sensors:	2
Number of Subtasks:	4

Location:			[34.925772, 49.754626, 0.000000]
Sensor List:		[IR, MW]
Subtask List:		[IR_{}, IR_{MW}, MW_{}, MW_{IR}]

Time Constraints:
Start Time:		0.000000
End Time:		Infinity
Task Duration:	0.000000
Corr Time:		Infinity
Lambda:			0.015000
Dependency Matrix:
   [0	-1	-1	-1
	-1	0	-1	1
	-1	-1	0	-1
	-1	1	-1	0]

Time Constraint Matrix:
   [Infinity	Infinity	Infinity	Infinity
	Infinity	Infinity	Infinity	Infinity
	Infinity	Infinity	Infinity	Infinity
	Infinity	Infinity	Infinity	Infinity]


**********************************
Task Number:		2
Maximum Score:		54.581166
Subtask Cost:		0.011400
Number of Sensors:	2
Number of Subtasks:	4

Location:			[39.414847, 4.619307, 0.000000]
Sensor List:		[IR, MW]
Subtask List:		[IR_{}, IR_{MW}, MW_{}, MW_{IR}]

Time Constraints:
Start Time:		0.000000
End Time:		Infinity
Task Duration:	0.000000
Corr Time:		Infinity
Lambda:			0.015000
Dependency Matrix:
   [0	-1	-1	-1
	-1	0	-1	1
	-1	-1	0	-1
	-1	1	-1	0]

Time Constraint Matrix:
   [Infinity	Infinity	Infinity	Infinity
	Infinity	Infinity	Infinity	Infinity
	Infinity	Infinity	Infinity	Infinity
	Infinity	Infinity	Infinity	Infinity]


**********************************
Task Number:		3
Maximum Score:		28.627254
Subtask Cost:		0.011400
Number of Sensors:	2
Number of Subtasks:	4

Location:			[23.586888, 47.004831, 0.000000]
Sensor List:		[IR, MW]
Subtask List:		[IR_{}, IR_{MW}, MW_{}, MW_{IR}]

Time Constraints:
Start Time:		0.000000
End Time:		Infinity
Task Duration:	0.000000
Corr Time:		Infinity
Lambda:			0.015000
Dependency Matrix:
   [0	-1	-1	-1
	-1	0	-1	1
	-1	-1	0	-1
	-1	1	-1	0]

Time Constraint Matrix:
   [Infinity	Infinity	Infinity	Infinity
	Infinity	Infinity	Infinity	Infinity
	Infinity	Infinity	Infinity	Infinity
	Infinity	Infinity	Infinity	Infinity]


**********************************
Task Number:		4
Maximum Score:		93.736764
Subtask Cost:		0.011400
Number of Sensors:	2
Number of Subtasks:	4

Location:			[34.300677, 22.688448, 0.000000]
Sensor List:		[IR, MW]
Subtask List:		[IR_{}, IR_{MW}, MW_{}, MW_{IR}]

Time Constraints:
Start Time:		0.000000
End Time:		Infinity
Task Duration:	0.000000
Corr Time:		Infinity
Lambda:			0.015000
Dependency Matrix:
   [0	-1	-1	-1
	-1	0	-1	1
	-1	-1	0	-1
	-1	1	-1	0]

Time Constraint Matrix:
   [Infinity	Infinity	Infinity	Infinity
	Infinity	Infinity	Infinity	Infinity
	Infinity	Infinity	Infinity	Infinity
	Infinity	Infinity	Infinity	Infinity]


**********************************
Task Number:		5
Maximum Score:		95.447603
Subtask Cost:		0.011400
Number of Sensors:	2
Number of Subtasks:	4

Location:			[2.356993, 9.279290, 0.000000]
Sensor List:		[IR, MW]
Subtask List:		[IR_{}, IR_{MW}, MW_{}, MW_{IR}]

Time Constraints:
Start Time:		0.000000
End Time:		Infinity
Task Duration:	0.000000
Corr Time:		Infinity
Lambda:			0.015000
Dependency Matrix:
   [0	-1	-1	-1
	-1	0	-1	1
	-1	-1	0	-1
	-1	1	-1	0]

Time Constraint Matrix:
   [Infinity	Infinity	Infinity	Infinity
	Infinity	Infinity	Infinity	Infinity
	Infinity	Infinity	Infinity	Infinity
	Infinity	Infinity	Infinity	Infinity]


**********************************
Task Number:		6
Maximum Score:		30.426878
Subtask Cost:		0.011400
Number of Sensors:	2
Number of Subtasks:	4

Location:			[28.369752, 44.463827, 0.000000]
Sensor List:		[IR, MW]
Subtask List:		[IR_{}, IR_{MW}, MW_{}, MW_{IR}]

Time Constraints:
Start Time:		0.000000
End Time:		Infinity
Task Duration:	0.000000
Corr Time:		Infinity
Lambda:			0.015000
Dependency Matrix:
   [0	-1	-1	-1
	-1	0	-1	1
	-1	-1	0	-1
	-1	1	-1	0]

Time Constraint Matrix:
   [Infinity	Infinity	Infinity	Infinity
	Infinity	Infinity	Infinity	Infinity
	Infinity	Infinity	Infinity	Infinity
	Infinity	Infinity	Infinity	Infinity]


**********************************
Task Number:		7
Maximum Score:		20.614853
Subtask Cost:		0.011400
Number of Sensors:	2
Number of Subtasks:	4

Location:			[38.818199, 39.773045, 0.000000]
Sensor List:		[IR, MW]
Subtask List:		[IR_{}, IR_{MW}, MW_{}, MW_{IR}]

Time Constraints:
Start Time:		0.000000
End Time:		Infinity
Task Duration:	0.000000
Corr Time:		Infinity
Lambda:			0.015000
Dependency Matrix:
   [0	-1	-1	-1
	-1	0	-1	1
	-1	-1	0	-1
	-1	1	-1	0]

Time Constraint Matrix:
   [Infinity	Infinity	Infinity	Infinity
	Infinity	Infinity	Infinity	Infinity
	Infinity	Infinity	Infinity	Infinity
	Infinity	Infinity	Infinity	Infinity]


**********************************
Task Number:		8
Maximum Score:		23.744702
Subtask Cost:		0.011400
Number of Sensors:	2
Number of Subtasks:	4

Location:			[45.186655, 1.611249, 0.000000]
Sensor List:		[IR, MW]
Subtask List:		[IR_{}, IR_{MW}, MW_{}, MW_{IR}]

Time Constraints:
Start Time:		0.000000
End Time:		Infinity
Task Duration:	0.000000
Corr Time:		Infinity
Lambda:			0.015000
Dependency Matrix:
   [0	-1	-1	-1
	-1	0	-1	1
	-1	-1	0	-1
	-1	1	-1	0]

Time Constraint Matrix:
   [Infinity	Infinity	Infinity	Infinity
	Infinity	Infinity	Infinity	Infinity
	Infinity	Infinity	Infinity	Infinity
	Infinity	Infinity	Infinity	Infinity]


**********************************
Task Number:		9
Maximum Score:		9.054825
Subtask Cost:		0.011400
Number of Sensors:	2
Number of Subtasks:	4

Location:			[46.055739, 15.184761, 0.000000]
Sensor List:		[IR, MW]
Subtask List:		[IR_{}, IR_{MW}, MW_{}, MW_{IR}]

Time Constraints:
Start Time:		0.000000
End Time:		Infinity
Task Duration:	0.000000
Corr Time:		Infinity
Lambda:			0.015000
Dependency Matrix:
   [0	-1	-1	-1
	-1	0	-1	1
	-1	-1	0	-1
	-1	1	-1	0]

Time Constraint Matrix:
   [Infinity	Infinity	Infinity	Infinity
	Infinity	Infinity	Infinity	Infinity
	Infinity	Infinity	Infinity	Infinity
	Infinity	Infinity	Infinity	Infinity]


**********************************
Task Number:		10
Maximum Score:		64.550387
Subtask Cost:		0.011400
Number of Sensors:	2
Number of Subtasks:	4

Location:			[1.241533, 6.123540, 0.000000]
Sensor List:		[IR, MW]
Subtask List:		[IR_{}, IR_{MW}, MW_{}, MW_{IR}]

Time Constraints:
Start Time:		0.000000
End Time:		Infinity
Task Duration:	0.000000
Corr Time:		Infinity
Lambda:			0.015000
Dependency Matrix:
   [0	-1	-1	-1
	-1	0	-1	1
	-1	-1	0	-1
	-1	1	-1	0]

Time Constraint Matrix:
   [Infinity	Infinity	Infinity	Infinity
	Infinity	Infinity	Infinity	Infinity
	Infinity	Infinity	Infinity	Infinity
	Infinity	Infinity	Infinity	Infinity]


**********************************
Task Number:		11
Maximum Score:		81.520344
Subtask Cost:		0.011400
Number of Sensors:	2
Number of Subtasks:	4

Location:			[20.032810, 33.528064, 0.000000]
Sensor List:		[IR, MW]
Subtask List:		[IR_{}, IR_{MW}, MW_{}, MW_{IR}]

Time Constraints:
Start Time:		0.000000
End Time:		Infinity
Task Duration:	0.000000
Corr Time:		Infinity
Lambda:			0.015000
Dependency Matrix:
   [0	-1	-1	-1
	-1	0	-1	1
	-1	-1	0	-1
	-1	1	-1	0]

Time Constraint Matrix:
   [Infinity	Infinity	Infinity	Infinity
	Infinity	Infinity	Infinity	Infinity
	Infinity	Infinity	Infinity	Infinity
	Infinity	Infinity	Infinity	Infinity]


**********************************
Task Number:		12
Maximum Score:		17.912778
Subtask Cost:		0.011400
Number of Sensors:	2
Number of Subtasks:	4

Location:			[29.959158, 27.564306, 0.000000]
Sensor List:		[IR, MW]
Subtask List:		[IR_{}, IR_{MW}, MW_{}, MW_{IR}]

Time Constraints:
Start Time:		0.000000
End Time:		Infinity
Task Duration:	0.000000
Corr Time:		Infinity
Lambda:			0.015000
Dependency Matrix:
   [0	-1	-1	-1
	-1	0	-1	1
	-1	-1	0	-1
	-1	1	-1	0]

Time Constraint Matrix:
   [Infinity	Infinity	Infinity	Infinity
	Infinity	Infinity	Infinity	Infinity
	Infinity	Infinity	Infinity	Infinity
	Infinity	Infinity	Infinity	Infinity]


**********************************
Task Number:		13
Maximum Score:		27.741609
Subtask Cost:		0.011400
Number of Sensors:	2
Number of Subtasks:	4

Location:			[19.557068, 23.361849, 0.000000]
Sensor List:		[IR, MW]
Subtask List:		[IR_{}, IR_{MW}, MW_{}, MW_{IR}]

Time Constraints:
Start Time:		0.000000
End Time:		Infinity
Task Duration:	0.000000
Corr Time:		Infinity
Lambda:			0.015000
Dependency Matrix:
   [0	-1	-1	-1
	-1	0	-1	1
	-1	-1	0	-1
	-1	1	-1	0]

Time Constraint Matrix:
   [Infinity	Infinity	Infinity	Infinity
	Infinity	Infinity	Infinity	Infinity
	Infinity	Infinity	Infinity	Infinity
	Infinity	Infinity	Infinity	Infinity]


**********************************
Task Number:		14
Maximum Score:		13.031884
Subtask Cost:		0.011400
Number of Sensors:	2
Number of Subtasks:	4

Location:			[3.496986, 45.110646, 0.000000]
Sensor List:		[IR, MW]
Subtask List:		[IR_{}, IR_{MW}, MW_{}, MW_{IR}]

Time Constraints:
Start Time:		0.000000
End Time:		Infinity
Task Duration:	0.000000
Corr Time:		Infinity
Lambda:			0.015000
Dependency Matrix:
   [0	-1	-1	-1
	-1	0	-1	1
	-1	-1	0	-1
	-1	1	-1	0]

Time Constraint Matrix:
   [Infinity	Infinity	Infinity	Infinity
	Infinity	Infinity	Infinity	Infinity
	Infinity	Infinity	Infinity	Infinity
	Infinity	Infinity	Infinity	Infinity]


**********************************
Task Number:		15
Maximum Score:		47.441364
Subtask Cost:		0.011400
Number of Sensors:	1
Number of Subtasks:	1

Location:			[18.335943, 49.430570, 0.000000]
Sensor List:		[IR]
Subtask List:		[IR_{}]

Time Constraints:
Start Time:		0.000000
End Time:		Infinity
Task Duration:	0.000000
Corr Time:		Infinity
Lambda:			0.015000
Dependency Matrix:
   [0]

Time Constraint Matrix:
   [Infinity]


**********************************
Task Number:		16
Maximum Score:		32.746751
Subtask Cost:		0.011400
Number of Sensors:	1
Number of Subtasks:	1

Location:			[6.764971, 12.831771, 0.000000]
Sensor List:		[IR]
Subtask List:		[IR_{}]

Time Constraints:
Start Time:		0.000000
End Time:		Infinity
Task Duration:	0.000000
Corr Time:		Infinity
Lambda:			0.015000
Dependency Matrix:
   [0]

Time Constraint Matrix:
   [Infinity]


**********************************
Task Number:		17
Maximum Score:		98.027385
Subtask Cost:		0.011400
Number of Sensors:	1
Number of Subtasks:	1

Location:			[21.699513, 12.037873, 0.000000]
Sensor List:		[IR]
Subtask List:		[IR_{}]

Time Constraints:
Start Time:		0.000000
End Time:		Infinity
Task Duration:	0.000000
Corr Time:		Infinity
Lambda:			0.015000
Dependency Matrix:
   [0]

Time Constraint Matrix:
   [Infinity]


**********************************
Task Number:		18
Maximum Score:		86.127170
Subtask Cost:		0.011400
Number of Sensors:	1
Number of Subtasks:	1

Location:			[0.357259, 42.267142, 0.000000]
Sensor List:		[IR]
Subtask List:		[IR_{}]

Time Constraints:
Start Time:		0.000000
End Time:		Infinity
Task Duration:	0.000000
Corr Time:		Infinity
Lambda:			0.015000
Dependency Matrix:
   [0]

Time Constraint Matrix:
   [Infinity]


**********************************
Task Number:		19
Maximum Score:		58.174217
Subtask Cost:		0.011400
Number of Sensors:	1
Number of Subtasks:	1

Location:			[47.971902, 14.418034, 0.000000]
Sensor List:		[IR]
Subtask List:		[IR_{}]

Time Constraints:
Start Time:		0.000000
End Time:		Infinity
Task Duration:	0.000000
Corr Time:		Infinity
Lambda:			0.015000
Dependency Matrix:
   [0]

Time Constraint Matrix:
   [Infinity]


**********************************
Task Number:		20
Maximum Score:		43.757089
Subtask Cost:		0.011400
Number of Sensors:	1
Number of Subtasks:	1

Location:			[24.848341, 13.483155, 0.000000]
Sensor List:		[IR]
Subtask List:		[IR_{}]

Time Constraints:
Start Time:		0.000000
End Time:		Infinity
Task Duration:	0.000000
Corr Time:		Infinity
Lambda:			0.015000
Dependency Matrix:
   [0]

Time Constraint Matrix:
   [Infinity]


**********************************
Task Number:		21
Maximum Score:		41.396714
Subtask Cost:		0.011400
Number of Sensors:	1
Number of Subtasks:	1

Location:			[41.087648, 2.640255, 0.000000]
Sensor List:		[IR]
Subtask List:		[IR_{}]

Time Constraints:
Start Time:		0.000000
End Time:		Infinity
Task Duration:	0.000000
Corr Time:		Infinity
Lambda:			0.015000
Dependency Matrix:
   [0]

Time Constraint Matrix:
   [Infinity]


**********************************
Task Number:		22
Maximum Score:		57.490168
Subtask Cost:		0.011400
Number of Sensors:	1
Number of Subtasks:	1

Location:			[43.925980, 3.346467, 0.000000]
Sensor List:		[IR]
Subtask List:		[IR_{}]

Time Constraints:
Start Time:		0.000000
End Time:		Infinity
Task Duration:	0.000000
Corr Time:		Infinity
Lambda:			0.015000
Dependency Matrix:
   [0]

Time Constraint Matrix:
   [Infinity]


**********************************
Task Number:		23
Maximum Score:		83.665772
Subtask Cost:		0.011400
Number of Sensors:	1
Number of Subtasks:	1

Location:			[36.614558, 13.495342, 0.000000]
Sensor List:		[MW]
Subtask List:		[MW_{}]

Time Constraints:
Start Time:		0.000000
End Time:		Infinity
Task Duration:	0.000000
Corr Time:		Infinity
Lambda:			0.015000
Dependency Matrix:
   [0]

Time Constraint Matrix:
   [Infinity]


**********************************
Task Number:		24
Maximum Score:		60.728973
Subtask Cost:		0.011400
Number of Sensors:	1
Number of Subtasks:	1

Location:			[39.955883, 36.553683, 0.000000]
Sensor List:		[MW]
Subtask List:		[MW_{}]

Time Constraints:
Start Time:		0.000000
End Time:		Infinity
Task Duration:	0.000000
Corr Time:		Infinity
Lambda:			0.015000
Dependency Matrix:
   [0]

Time Constraint Matrix:
   [Infinity]


**********************************
Task Number:		25
Maximum Score:		81.875812
Subtask Cost:		0.011400
Number of Sensors:	1
Number of Subtasks:	1

Location:			[4.939314, 15.780944, 0.000000]
Sensor List:		[MW]
Subtask List:		[MW_{}]

Time Constraints:
Start Time:		0.000000
End Time:		Infinity
Task Duration:	0.000000
Corr Time:		Infinity
Lambda:			0.015000
Dependency Matrix:
   [0]

Time Constraint Matrix:
   [Infinity]


**********************************
Task Number:		26
Maximum Score:		67.371356
Subtask Cost:		0.011400
Number of Sensors:	1
Number of Subtasks:	1

Location:			[13.238037, 42.143945, 0.000000]
Sensor List:		[MW]
Subtask List:		[MW_{}]

Time Constraints:
Start Time:		0.000000
End Time:		Infinity
Task Duration:	0.000000
Corr Time:		Infinity
Lambda:			0.015000
Dependency Matrix:
   [0]

Time Constraint Matrix:
   [Infinity]


**********************************
Task Number:		27
Maximum Score:		65.485470
Subtask Cost:		0.011400
Number of Sensors:	1
Number of Subtasks:	1

Location:			[39.920289, 1.422207, 0.000000]
Sensor List:		[MW]
Subtask List:		[MW_{}]

Time Constraints:
Start Time:		0.000000
End Time:		Infinity
Task Duration:	0.000000
Corr Time:		Infinity
Lambda:			0.015000
Dependency Matrix:
   [0]

Time Constraint Matrix:
   [Infinity]


**********************************
Task Number:		28
Maximum Score:		27.890768
Subtask Cost:		0.011400
Number of Sensors:	1
Number of Subtasks:	1

Location:			[16.955189, 21.779149, 0.000000]
Sensor List:		[MW]
Subtask List:		[MW_{}]

Time Constraints:
Start Time:		0.000000
End Time:		Infinity
Task Duration:	0.000000
Corr Time:		Infinity
Lambda:			0.015000
Dependency Matrix:
   [0]

Time Constraint Matrix:
   [Infinity]


**********************************
Task Number:		29
Maximum Score:		49.046343
Subtask Cost:		0.011400
Number of Sensors:	1
Number of Subtasks:	1

Location:			[48.081367, 23.035174, 0.000000]
Sensor List:		[MW]
Subtask List:		[MW_{}]

Time Constraints:
Start Time:		0.000000
End Time:		Infinity
Task Duration:	0.000000
Corr Time:		Infinity
Lambda:			0.015000
Dependency Matrix:
   [0]

Time Constraint Matrix:
   [Infinity]

