0	|	0.000000	0.000000	0.000000	0.000000	|	0.000000	0.000000	0.000000	0.000000	|	-	-	-	-	|	0.000000	0.000000	0.000000	0.000000	|	0	0	0	0	
1	|	14.133757	14.133757	14.133757	14.133757	|	31.193961	31.193961	31.193961	31.193961	|	3	3	3	3	|	6.829023	6.829023	6.829023	6.829023	|	0	0	0	0	
2	|	0.000000	0.000000	0.000000	0.000000	|	0.000000	0.000000	0.000000	0.000000	|	-	-	-	-	|	0.000000	0.000000	0.000000	0.000000	|	0	0	0	0	
3	|	17.202664	17.202664	17.202664	17.202664	|	33.317083	33.317083	33.317083	33.317083	|	1	1	1	1	|	3.103036	3.103036	3.103036	3.103036	|	0	0	0	0	
4	|	0.000000	0.000000	0.000000	0.000000	|	0.000000	0.000000	0.000000	0.000000	|	-	-	-	-	|	0.000000	0.000000	0.000000	0.000000	|	0	0	0	0	
5	|	6.005594	6.005594	6.005594	6.005594	|	70.228315	70.228315	70.228315	70.228315	|	3	3	3	3	|	4.471950	4.471950	4.471950	4.471950	|	0	0	0	0	
6	|	0.000000	0.000000	0.000000	0.000000	|	0.000000	0.000000	0.000000	0.000000	|	-	-	-	-	|	0.000000	0.000000	0.000000	0.000000	|	0	0	0	0	
7	|	4.109543	4.109543	4.109543	4.109543	|	81.161232	81.161232	81.161232	81.161232	|	4	4	4	4	|	4.783244	4.783244	4.783244	4.783244	|	0	0	0	0	
8	|	0.000000	0.000000	0.000000	0.000000	|	0.000000	0.000000	0.000000	0.000000	|	-	-	-	-	|	0.000000	0.000000	0.000000	0.000000	|	0	0	0	0	
9	|	19.851316	19.851316	19.851316	19.851316	|	50.152908	50.152908	50.152908	50.152908	|	2	2	2	2	|	2.986356	2.986356	2.986356	2.986356	|	0	0	0	0	
10	|	0.000000	0.000000	0.000000	0.000000	|	0.000000	0.000000	0.000000	0.000000	|	-	-	-	-	|	0.000000	0.000000	0.000000	0.000000	|	0	0	0	0	
11	|	9.663787	9.663787	9.663787	9.663787	|	68.509548	68.509548	68.509548	68.509548	|	1	1	1	1	|	7.677008	7.677008	7.677008	7.677008	|	0	0	0	0	
12	|	0.000000	0.000000	0.000000	0.000000	|	0.000000	0.000000	0.000000	0.000000	|	-	-	-	-	|	0.000000	0.000000	0.000000	0.000000	|	0	0	0	0	
13	|	5.686822	5.686822	5.686822	5.686822	|	79.311332	79.311332	79.311332	79.311332	|	2	2	2	2	|	2.863833	2.863833	2.863833	2.863833	|	0	0	0	0	
14	|	0.000000	0.000000	0.000000	0.000000	|	0.000000	0.000000	0.000000	0.000000	|	-	-	-	-	|	0.000000	0.000000	0.000000	0.000000	|	0	0	0	0	
15	|	9.332420	9.332420	9.332420	9.332420	|	61.921169	61.921169	61.921169	61.921169	|	4	4	4	4	|	1.766638	1.766638	1.766638	1.766638	|	0	0	0	0	
16	|	0.000000	0.000000	0.000000	0.000000	|	0.000000	0.000000	0.000000	0.000000	|	-	-	-	-	|	0.000000	0.000000	0.000000	0.000000	|	0	0	0	0	
17	|	0.000000	0.000000	0.000000	0.000000	|	0.000000	0.000000	0.000000	0.000000	|	-	-	-	-	|	0.000000	0.000000	0.000000	0.000000	|	0	0	0	0	
18	|	0.000000	0.000000	0.000000	0.000000	|	0.000000	0.000000	0.000000	0.000000	|	-	-	-	-	|	0.000000	0.000000	0.000000	0.000000	|	0	0	0	0	
19	|	0.000000	0.000000	0.000000	0.000000	|	0.000000	0.000000	0.000000	0.000000	|	-	-	-	-	|	0.000000	0.000000	0.000000	0.000000	|	0	0	0	0	
20	|	0.000000	0.000000	0.000000	0.000000	|	0.000000	0.000000	0.000000	0.000000	|	-	-	-	-	|	0.000000	0.000000	0.000000	0.000000	|	0	0	0	0	
21	|	16.887352	16.887352	16.887352	16.887352	|	35.745996	35.745996	35.745996	35.745996	|	3	3	3	3	|	0.618553	0.618553	0.618553	0.618553	|	0	0	0	0	
22	|	0.000000	0.000000	0.000000	0.000000	|	0.000000	0.000000	0.000000	0.000000	|	-	-	-	-	|	0.000000	0.000000	0.000000	0.000000	|	0	0	0	0	
23	|	15.787607	15.787607	15.787607	15.787607	|	37.869119	37.869119	37.869119	37.869119	|	1	1	1	1	|	1.169573	1.169573	1.169573	1.169573	|	0	0	0	0	
24	|	0.000000	0.000000	0.000000	0.000000	|	0.000000	0.000000	0.000000	0.000000	|	-	-	-	-	|	0.000000	0.000000	0.000000	0.000000	|	0	0	0	0	
25	|	0.000000	0.000000	0.000000	0.000000	|	0.000000	0.000000	0.000000	0.000000	|	-	-	-	-	|	0.000000	0.000000	0.000000	0.000000	|	0	0	0	0	
26	|	0.000000	0.000000	0.000000	0.000000	|	0.000000	0.000000	0.000000	0.000000	|	-	-	-	-	|	0.000000	0.000000	0.000000	0.000000	|	0	0	0	0	
27	|	0.000000	0.000000	0.000000	0.000000	|	0.000000	0.000000	0.000000	0.000000	|	-	-	-	-	|	0.000000	0.000000	0.000000	0.000000	|	0	0	0	0	
28	|	0.000000	0.000000	0.000000	0.000000	|	0.000000	0.000000	0.000000	0.000000	|	-	-	-	-	|	0.000000	0.000000	0.000000	0.000000	|	0	0	0	0	
29	|	0.000000	0.000000	0.000000	0.000000	|	0.000000	0.000000	0.000000	0.000000	|	-	-	-	-	|	0.000000	0.000000	0.000000	0.000000	|	0	0	0	0	
30	|	0.000000	0.000000	0.000000	0.000000	|	0.000000	0.000000	0.000000	0.000000	|	-	-	-	-	|	0.000000	0.000000	0.000000	0.000000	|	0	0	0	0	
31	|	0.000000	0.000000	0.000000	0.000000	|	0.000000	0.000000	0.000000	0.000000	|	-	-	-	-	|	0.000000	0.000000	0.000000	0.000000	|	0	0	0	0	
32	|	0.000000	0.000000	0.000000	0.000000	|	0.000000	0.000000	0.000000	0.000000	|	-	-	-	-	|	0.000000	0.000000	0.000000	0.000000	|	0	0	0	0	
33	|	0.000000	0.000000	0.000000	0.000000	|	0.000000	0.000000	0.000000	0.000000	|	-	-	-	-	|	0.000000	0.000000	0.000000	0.000000	|	0	0	0	0	
34	|	0.000000	0.000000	0.000000	0.000000	|	0.000000	0.000000	0.000000	0.000000	|	-	-	-	-	|	0.000000	0.000000	0.000000	0.000000	|	0	0	0	0	
35	|	0.000000	0.000000	0.000000	0.000000	|	0.000000	0.000000	0.000000	0.000000	|	-	-	-	-	|	0.000000	0.000000	0.000000	0.000000	|	0	0	0	0	
36	|	0.000000	0.000000	0.000000	0.000000	|	0.000000	0.000000	0.000000	0.000000	|	-	-	-	-	|	0.000000	0.000000	0.000000	0.000000	|	0	0	0	0	
37	|	0.000000	0.000000	0.000000	0.000000	|	0.000000	0.000000	0.000000	0.000000	|	-	-	-	-	|	0.000000	0.000000	0.000000	0.000000	|	0	0	0	0	
38	|	0.940518	0.940518	0.940518	0.940518	|	76.550028	76.550028	76.550028	76.550028	|	1	1	1	1	|	1.536140	1.536140	1.536140	1.536140	|	0	0	0	0	
39	|	0.000000	0.000000	0.000000	0.000000	|	0.000000	0.000000	0.000000	0.000000	|	-	-	-	-	|	0.000000	0.000000	0.000000	0.000000	|	0	0	0	0	
40	|	0.000000	0.000000	0.000000	0.000000	|	0.000000	0.000000	0.000000	0.000000	|	-	-	-	-	|	0.000000	0.000000	0.000000	0.000000	|	0	0	0	0	
41	|	0.000000	0.000000	0.000000	0.000000	|	0.000000	0.000000	0.000000	0.000000	|	-	-	-	-	|	0.000000	0.000000	0.000000	0.000000	|	0	0	0	0	
42	|	0.000000	0.000000	0.000000	0.000000	|	0.000000	0.000000	0.000000	0.000000	|	-	-	-	-	|	0.000000	0.000000	0.000000	0.000000	|	0	0	0	0	
43	|	0.000000	0.000000	0.000000	0.000000	|	0.000000	0.000000	0.000000	0.000000	|	-	-	-	-	|	0.000000	0.000000	0.000000	0.000000	|	0	0	0	0	
44	|	0.000000	0.000000	0.000000	0.000000	|	0.000000	0.000000	0.000000	0.000000	|	-	-	-	-	|	0.000000	0.000000	0.000000	0.000000	|	0	0	0	0	
45	|	0.000000	0.000000	0.000000	0.000000	|	0.000000	0.000000	0.000000	0.000000	|	-	-	-	-	|	0.000000	0.000000	0.000000	0.000000	|	0	0	0	0	
46	|	0.000000	0.000000	0.000000	0.000000	|	0.000000	0.000000	0.000000	0.000000	|	-	-	-	-	|	0.000000	0.000000	0.000000	0.000000	|	0	0	0	0	
47	|	0.000000	0.000000	0.000000	0.000000	|	0.000000	0.000000	0.000000	0.000000	|	-	-	-	-	|	0.000000	0.000000	0.000000	0.000000	|	0	0	0	0	
48	|	0.000000	0.000000	0.000000	0.000000	|	0.000000	0.000000	0.000000	0.000000	|	-	-	-	-	|	0.000000	0.000000	0.000000	0.000000	|	0	0	0	0	
49	|	29.143222	29.143222	29.143222	29.143222	|	20.178622	20.178622	20.178622	20.178622	|	2	2	2	2	|	4.674232	4.674232	4.674232	4.674232	|	0	0	0	0	
50	|	0.000000	0.000000	0.000000	0.000000	|	0.000000	0.000000	0.000000	0.000000	|	-	-	-	-	|	0.000000	0.000000	0.000000	0.000000	|	0	0	0	0	
51	|	36.825259	36.825259	36.825259	36.825259	|	9.546921	9.546921	9.546921	9.546921	|	4	4	4	4	|	2.839082	2.839082	2.839082	2.839082	|	0	0	0	0	
52	|	0.000000	0.000000	0.000000	0.000000	|	0.000000	0.000000	0.000000	0.000000	|	-	-	-	-	|	0.000000	0.000000	0.000000	0.000000	|	0	0	0	0	
53	|	27.967382	27.967382	27.967382	27.967382	|	29.892326	29.892326	29.892326	29.892326	|	2	2	2	2	|	1.885667	1.885667	1.885667	1.885667	|	0	0	0	0	
54	|	0.000000	0.000000	0.000000	0.000000	|	0.000000	0.000000	0.000000	0.000000	|	-	-	-	-	|	0.000000	0.000000	0.000000	0.000000	|	0	0	0	0	
55	|	43.512213	43.512213	43.512213	43.512213	|	4.730321	4.730321	4.730321	4.730321	|	1	1	1	1	|	0.029398	0.029398	0.029398	0.029398	|	0	0	0	0	
56	|	0.000000	0.000000	0.000000	0.000000	|	0.000000	0.000000	0.000000	0.000000	|	-	-	-	-	|	0.000000	0.000000	0.000000	0.000000	|	0	0	0	0	
57	|	0.000000	0.000000	0.000000	0.000000	|	0.000000	0.000000	0.000000	0.000000	|	-	-	-	-	|	0.000000	0.000000	0.000000	0.000000	|	0	0	0	0	
58	|	0.000000	0.000000	0.000000	0.000000	|	0.000000	0.000000	0.000000	0.000000	|	-	-	-	-	|	0.000000	0.000000	0.000000	0.000000	|	0	0	0	0	
59	|	0.000000	0.000000	0.000000	0.000000	|	0.000000	0.000000	0.000000	0.000000	|	-	-	-	-	|	0.000000	0.000000	0.000000	0.000000	|	0	0	0	0	
60	|	0.000000	0.000000	0.000000	0.000000	|	0.000000	0.000000	0.000000	0.000000	|	-	-	-	-	|	0.000000	0.000000	0.000000	0.000000	|	0	0	0	0	
61	|	0.000000	0.000000	0.000000	0.000000	|	0.000000	0.000000	0.000000	0.000000	|	-	-	-	-	|	0.000000	0.000000	0.000000	0.000000	|	0	0	0	0	
62	|	0.000000	0.000000	0.000000	0.000000	|	0.000000	0.000000	0.000000	0.000000	|	-	-	-	-	|	0.000000	0.000000	0.000000	0.000000	|	0	0	0	0	
63	|	5.602123	5.602123	5.602123	5.602123	|	70.536267	70.536267	70.536267	70.536267	|	2	2	2	2	|	6.058429	6.058429	6.058429	6.058429	|	0	0	0	0	
64	|	10.966298	10.966298	10.966298	10.966298	|	53.688050	53.688050	53.688050	53.688050	|	3	3	3	3	|	5.229958	5.229958	5.229958	5.229958	|	0	0	0	0	
65	|	24.194455	24.194455	24.194455	24.194455	|	37.115154	37.115154	37.115154	37.115154	|	2	2	2	2	|	1.683033	1.683033	1.683033	1.683033	|	0	0	0	0	
66	|	29.938259	29.938259	29.938259	29.938259	|	7.869436	7.869436	7.869436	7.869436	|	3	3	3	3	|	2.588135	2.588135	2.588135	2.588135	|	0	0	0	0	
67	|	0.999730	0.999730	0.999730	0.999730	|	83.338100	83.338100	83.338100	83.338100	|	3	3	3	3	|	3.917587	3.917587	3.917587	3.917587	|	0	0	0	0	
68	|	2.836945	2.836945	2.836945	2.836945	|	96.738143	96.738143	96.738143	96.738143	|	4	4	4	4	|	4.275128	4.275128	4.275128	4.275128	|	0	0	0	0	
69	|	24.898025	24.898025	24.898025	24.898025	|	32.157056	32.157056	32.157056	32.157056	|	4	4	4	4	|	2.419433	2.419433	2.419433	2.419433	|	0	0	0	0	
70	|	7.624037	7.624037	7.624037	7.624037	|	71.540646	71.540646	71.540646	71.540646	|	1	1	1	1	|	1.321213	1.321213	1.321213	1.321213	|	0	0	0	0	
71	|	0.000000	0.000000	0.000000	0.000000	|	0.000000	0.000000	0.000000	0.000000	|	-	-	-	-	|	0.000000	0.000000	0.000000	0.000000	|	0	0	0	0	
72	|	27.764420	27.764420	27.764420	27.764420	|	22.329489	22.329489	22.329489	22.329489	|	4	4	4	4	|	3.199858	3.199858	3.199858	3.199858	|	0	0	0	0	
73	|	27.719708	27.719708	27.719708	27.719708	|	19.970633	19.970633	19.970633	19.970633	|	1	1	1	1	|	4.333581	4.333581	4.333581	4.333581	|	0	0	0	0	
74	|	9.931461	9.931461	9.931461	9.931461	|	52.832165	52.832165	52.832165	52.832165	|	4	4	4	4	|	5.841839	5.841839	5.841839	5.841839	|	0	0	0	0	
