Task Number:		0
Maximum Score:		99.054193
Subtask Cost:		0.000000
Number of Sensors:	2.000000
Number of Subtasks:	4

Location:			[21.000000, 40.000000, 0.000000]
Sensor List:		[IR, MW]
Subtask List:		[IR_{}, IR_{MW}, MW_{}, MW_{IR}]

Time Constraints:
Start Time:		0.000000
End Time:		Infinity
Task Duration:	0.086458
Corr Time:		0.000000
Lambda:			0.015000
Dependency Matrix:
   [0	-1	-1	-1
	-1	0	-1	1
	-1	-1	0	-1
	-1	1	-1	0]

Time Constraint Matrix:
   [Infinity	Infinity	Infinity	Infinity
	Infinity	Infinity	Infinity	0.000000
	Infinity	Infinity	Infinity	Infinity
	Infinity	0.000000	Infinity	Infinity]


**********************************
Task Number:		1
Maximum Score:		97.081406
Subtask Cost:		0.000000
Number of Sensors:	2.000000
Number of Subtasks:	4

Location:			[4.000000, 22.000000, 0.000000]
Sensor List:		[IR, MW]
Subtask List:		[IR_{}, IR_{MW}, MW_{}, MW_{IR}]

Time Constraints:
Start Time:		0.000000
End Time:		Infinity
Task Duration:	0.506992
Corr Time:		0.000000
Lambda:			0.015000
Dependency Matrix:
   [0	-1	-1	-1
	-1	0	-1	1
	-1	-1	0	-1
	-1	1	-1	0]

Time Constraint Matrix:
   [Infinity	Infinity	Infinity	Infinity
	Infinity	Infinity	Infinity	0.000000
	Infinity	Infinity	Infinity	Infinity
	Infinity	0.000000	Infinity	Infinity]


**********************************
Task Number:		2
Maximum Score:		80.458529
Subtask Cost:		0.000000
Number of Sensors:	2.000000
Number of Subtasks:	4

Location:			[6.000000, 25.000000, 0.000000]
Sensor List:		[IR, MW]
Subtask List:		[IR_{}, IR_{MW}, MW_{}, MW_{IR}]

Time Constraints:
Start Time:		0.000000
End Time:		Infinity
Task Duration:	0.399684
Corr Time:		0.000000
Lambda:			0.015000
Dependency Matrix:
   [0	-1	-1	-1
	-1	0	-1	1
	-1	-1	0	-1
	-1	1	-1	0]

Time Constraint Matrix:
   [Infinity	Infinity	Infinity	Infinity
	Infinity	Infinity	Infinity	0.000000
	Infinity	Infinity	Infinity	Infinity
	Infinity	0.000000	Infinity	Infinity]


**********************************
Task Number:		3
Maximum Score:		62.046781
Subtask Cost:		0.000000
Number of Sensors:	2.000000
Number of Subtasks:	4

Location:			[42.000000, 41.000000, 0.000000]
Sensor List:		[IR, MW]
Subtask List:		[IR_{}, IR_{MW}, MW_{}, MW_{IR}]

Time Constraints:
Start Time:		0.000000
End Time:		Infinity
Task Duration:	0.969012
Corr Time:		0.000000
Lambda:			0.015000
Dependency Matrix:
   [0	-1	-1	-1
	-1	0	-1	1
	-1	-1	0	-1
	-1	1	-1	0]

Time Constraint Matrix:
   [Infinity	Infinity	Infinity	Infinity
	Infinity	Infinity	Infinity	0.000000
	Infinity	Infinity	Infinity	Infinity
	Infinity	0.000000	Infinity	Infinity]


**********************************
Task Number:		4
Maximum Score:		77.058828
Subtask Cost:		0.000000
Number of Sensors:	2.000000
Number of Subtasks:	4

Location:			[19.000000, 14.000000, 0.000000]
Sensor List:		[IR, MW]
Subtask List:		[IR_{}, IR_{MW}, MW_{}, MW_{IR}]

Time Constraints:
Start Time:		0.000000
End Time:		Infinity
Task Duration:	0.982624
Corr Time:		0.000000
Lambda:			0.015000
Dependency Matrix:
   [0	-1	-1	-1
	-1	0	-1	1
	-1	-1	0	-1
	-1	1	-1	0]

Time Constraint Matrix:
   [Infinity	Infinity	Infinity	Infinity
	Infinity	Infinity	Infinity	0.000000
	Infinity	Infinity	Infinity	Infinity
	Infinity	0.000000	Infinity	Infinity]


**********************************
Task Number:		5
Maximum Score:		95.904893
Subtask Cost:		0.000000
Number of Sensors:	2.000000
Number of Subtasks:	4

Location:			[6.000000, 7.000000, 0.000000]
Sensor List:		[IR, MW]
Subtask List:		[IR_{}, IR_{MW}, MW_{}, MW_{IR}]

Time Constraints:
Start Time:		0.000000
End Time:		Infinity
Task Duration:	0.852980
Corr Time:		0.000000
Lambda:			0.015000
Dependency Matrix:
   [0	-1	-1	-1
	-1	0	-1	1
	-1	-1	0	-1
	-1	1	-1	0]

Time Constraint Matrix:
   [Infinity	Infinity	Infinity	Infinity
	Infinity	Infinity	Infinity	0.000000
	Infinity	Infinity	Infinity	Infinity
	Infinity	0.000000	Infinity	Infinity]


**********************************
Task Number:		6
Maximum Score:		79.004022
Subtask Cost:		0.000000
Number of Sensors:	2.000000
Number of Subtasks:	4

Location:			[41.000000, 38.000000, 0.000000]
Sensor List:		[IR, MW]
Subtask List:		[IR_{}, IR_{MW}, MW_{}, MW_{IR}]

Time Constraints:
Start Time:		0.000000
End Time:		Infinity
Task Duration:	0.100914
Corr Time:		0.000000
Lambda:			0.015000
Dependency Matrix:
   [0	-1	-1	-1
	-1	0	-1	1
	-1	-1	0	-1
	-1	1	-1	0]

Time Constraint Matrix:
   [Infinity	Infinity	Infinity	Infinity
	Infinity	Infinity	Infinity	0.000000
	Infinity	Infinity	Infinity	Infinity
	Infinity	0.000000	Infinity	Infinity]


**********************************
Task Number:		7
Maximum Score:		56.569843
Subtask Cost:		0.000000
Number of Sensors:	2.000000
Number of Subtasks:	4

Location:			[32.000000, 17.000000, 0.000000]
Sensor List:		[IR, MW]
Subtask List:		[IR_{}, IR_{MW}, MW_{}, MW_{IR}]

Time Constraints:
Start Time:		0.000000
End Time:		Infinity
Task Duration:	0.750727
Corr Time:		0.000000
Lambda:			0.015000
Dependency Matrix:
   [0	-1	-1	-1
	-1	0	-1	1
	-1	-1	0	-1
	-1	1	-1	0]

Time Constraint Matrix:
   [Infinity	Infinity	Infinity	Infinity
	Infinity	Infinity	Infinity	0.000000
	Infinity	Infinity	Infinity	Infinity
	Infinity	0.000000	Infinity	Infinity]


**********************************
Task Number:		8
Maximum Score:		84.788338
Subtask Cost:		0.000000
Number of Sensors:	2.000000
Number of Subtasks:	4

Location:			[5.000000, 33.000000, 0.000000]
Sensor List:		[IR, MW]
Subtask List:		[IR_{}, IR_{MW}, MW_{}, MW_{IR}]

Time Constraints:
Start Time:		0.000000
End Time:		Infinity
Task Duration:	0.347982
Corr Time:		0.000000
Lambda:			0.015000
Dependency Matrix:
   [0	-1	-1	-1
	-1	0	-1	1
	-1	-1	0	-1
	-1	1	-1	0]

Time Constraint Matrix:
   [Infinity	Infinity	Infinity	Infinity
	Infinity	Infinity	Infinity	0.000000
	Infinity	Infinity	Infinity	Infinity
	Infinity	0.000000	Infinity	Infinity]


**********************************
Task Number:		9
Maximum Score:		74.775915
Subtask Cost:		0.000000
Number of Sensors:	2.000000
Number of Subtasks:	4

Location:			[34.000000, 27.000000, 0.000000]
Sensor List:		[IR, MW]
Subtask List:		[IR_{}, IR_{MW}, MW_{}, MW_{IR}]

Time Constraints:
Start Time:		0.000000
End Time:		Infinity
Task Duration:	0.714065
Corr Time:		0.000000
Lambda:			0.015000
Dependency Matrix:
   [0	-1	-1	-1
	-1	0	-1	1
	-1	-1	0	-1
	-1	1	-1	0]

Time Constraint Matrix:
   [Infinity	Infinity	Infinity	Infinity
	Infinity	Infinity	Infinity	0.000000
	Infinity	Infinity	Infinity	Infinity
	Infinity	0.000000	Infinity	Infinity]


**********************************
Task Number:		10
Maximum Score:		62.239186
Subtask Cost:		0.000000
Number of Sensors:	2.000000
Number of Subtasks:	4

Location:			[19.000000, 22.000000, 0.000000]
Sensor List:		[IR, MW]
Subtask List:		[IR_{}, IR_{MW}, MW_{}, MW_{IR}]

Time Constraints:
Start Time:		0.000000
End Time:		Infinity
Task Duration:	0.255640
Corr Time:		0.000000
Lambda:			0.015000
Dependency Matrix:
   [0	-1	-1	-1
	-1	0	-1	1
	-1	-1	0	-1
	-1	1	-1	0]

Time Constraint Matrix:
   [Infinity	Infinity	Infinity	Infinity
	Infinity	Infinity	Infinity	0.000000
	Infinity	Infinity	Infinity	Infinity
	Infinity	0.000000	Infinity	Infinity]


**********************************
Task Number:		11
Maximum Score:		83.853623
Subtask Cost:		0.000000
Number of Sensors:	2.000000
Number of Subtasks:	4

Location:			[4.000000, 30.000000, 0.000000]
Sensor List:		[IR, MW]
Subtask List:		[IR_{}, IR_{MW}, MW_{}, MW_{IR}]

Time Constraints:
Start Time:		0.000000
End Time:		Infinity
Task Duration:	0.632506
Corr Time:		0.000000
Lambda:			0.015000
Dependency Matrix:
   [0	-1	-1	-1
	-1	0	-1	1
	-1	-1	0	-1
	-1	1	-1	0]

Time Constraint Matrix:
   [Infinity	Infinity	Infinity	Infinity
	Infinity	Infinity	Infinity	0.000000
	Infinity	Infinity	Infinity	Infinity
	Infinity	0.000000	Infinity	Infinity]


**********************************
Task Number:		12
Maximum Score:		51.036445
Subtask Cost:		0.000000
Number of Sensors:	2.000000
Number of Subtasks:	4

Location:			[8.000000, 10.000000, 0.000000]
Sensor List:		[IR, MW]
Subtask List:		[IR_{}, IR_{MW}, MW_{}, MW_{IR}]

Time Constraints:
Start Time:		0.000000
End Time:		Infinity
Task Duration:	0.853954
Corr Time:		0.000000
Lambda:			0.015000
Dependency Matrix:
   [0	-1	-1	-1
	-1	0	-1	1
	-1	-1	0	-1
	-1	1	-1	0]

Time Constraint Matrix:
   [Infinity	Infinity	Infinity	Infinity
	Infinity	Infinity	Infinity	0.000000
	Infinity	Infinity	Infinity	Infinity
	Infinity	0.000000	Infinity	Infinity]


**********************************
Task Number:		13
Maximum Score:		63.009787
Subtask Cost:		0.000000
Number of Sensors:	2.000000
Number of Subtasks:	4

Location:			[13.000000, 27.000000, 0.000000]
Sensor List:		[IR, MW]
Subtask List:		[IR_{}, IR_{MW}, MW_{}, MW_{IR}]

Time Constraints:
Start Time:		0.000000
End Time:		Infinity
Task Duration:	0.421572
Corr Time:		0.000000
Lambda:			0.015000
Dependency Matrix:
   [0	-1	-1	-1
	-1	0	-1	1
	-1	-1	0	-1
	-1	1	-1	0]

Time Constraint Matrix:
   [Infinity	Infinity	Infinity	Infinity
	Infinity	Infinity	Infinity	0.000000
	Infinity	Infinity	Infinity	Infinity
	Infinity	0.000000	Infinity	Infinity]


**********************************
Task Number:		14
Maximum Score:		78.833416
Subtask Cost:		0.000000
Number of Sensors:	2.000000
Number of Subtasks:	4

Location:			[13.000000, 32.000000, 0.000000]
Sensor List:		[IR, MW]
Subtask List:		[IR_{}, IR_{MW}, MW_{}, MW_{IR}]

Time Constraints:
Start Time:		0.000000
End Time:		Infinity
Task Duration:	0.965547
Corr Time:		0.000000
Lambda:			0.015000
Dependency Matrix:
   [0	-1	-1	-1
	-1	0	-1	1
	-1	-1	0	-1
	-1	1	-1	0]

Time Constraint Matrix:
   [Infinity	Infinity	Infinity	Infinity
	Infinity	Infinity	Infinity	0.000000
	Infinity	Infinity	Infinity	Infinity
	Infinity	0.000000	Infinity	Infinity]


**********************************
Task Number:		15
Maximum Score:		72.431953
Subtask Cost:		0.000000
Number of Sensors:	2.000000
Number of Subtasks:	4

Location:			[30.000000, 32.000000, 0.000000]
Sensor List:		[IR, MW]
Subtask List:		[IR_{}, IR_{MW}, MW_{}, MW_{IR}]

Time Constraints:
Start Time:		0.000000
End Time:		Infinity
Task Duration:	0.931879
Corr Time:		0.000000
Lambda:			0.015000
Dependency Matrix:
   [0	-1	-1	-1
	-1	0	-1	1
	-1	-1	0	-1
	-1	1	-1	0]

Time Constraint Matrix:
   [Infinity	Infinity	Infinity	Infinity
	Infinity	Infinity	Infinity	0.000000
	Infinity	Infinity	Infinity	Infinity
	Infinity	0.000000	Infinity	Infinity]


**********************************
Task Number:		16
Maximum Score:		75.549776
Subtask Cost:		0.000000
Number of Sensors:	2.000000
Number of Subtasks:	4

Location:			[12.000000, 2.000000, 0.000000]
Sensor List:		[IR, MW]
Subtask List:		[IR_{}, IR_{MW}, MW_{}, MW_{IR}]

Time Constraints:
Start Time:		0.000000
End Time:		Infinity
Task Duration:	0.269496
Corr Time:		0.000000
Lambda:			0.015000
Dependency Matrix:
   [0	-1	-1	-1
	-1	0	-1	1
	-1	-1	0	-1
	-1	1	-1	0]

Time Constraint Matrix:
   [Infinity	Infinity	Infinity	Infinity
	Infinity	Infinity	Infinity	0.000000
	Infinity	Infinity	Infinity	Infinity
	Infinity	0.000000	Infinity	Infinity]


**********************************
Task Number:		17
Maximum Score:		71.037460
Subtask Cost:		0.000000
Number of Sensors:	2.000000
Number of Subtasks:	4

Location:			[11.000000, 17.000000, 0.000000]
Sensor List:		[IR, MW]
Subtask List:		[IR_{}, IR_{MW}, MW_{}, MW_{IR}]

Time Constraints:
Start Time:		0.000000
End Time:		Infinity
Task Duration:	0.739141
Corr Time:		0.000000
Lambda:			0.015000
Dependency Matrix:
   [0	-1	-1	-1
	-1	0	-1	1
	-1	-1	0	-1
	-1	1	-1	0]

Time Constraint Matrix:
   [Infinity	Infinity	Infinity	Infinity
	Infinity	Infinity	Infinity	0.000000
	Infinity	Infinity	Infinity	Infinity
	Infinity	0.000000	Infinity	Infinity]


**********************************
Task Number:		18
Maximum Score:		82.906845
Subtask Cost:		0.000000
Number of Sensors:	2.000000
Number of Subtasks:	4

Location:			[18.000000, 19.000000, 0.000000]
Sensor List:		[IR, MW]
Subtask List:		[IR_{}, IR_{MW}, MW_{}, MW_{IR}]

Time Constraints:
Start Time:		0.000000
End Time:		Infinity
Task Duration:	0.419979
Corr Time:		0.000000
Lambda:			0.015000
Dependency Matrix:
   [0	-1	-1	-1
	-1	0	-1	1
	-1	-1	0	-1
	-1	1	-1	0]

Time Constraint Matrix:
   [Infinity	Infinity	Infinity	Infinity
	Infinity	Infinity	Infinity	0.000000
	Infinity	Infinity	Infinity	Infinity
	Infinity	0.000000	Infinity	Infinity]


**********************************
Task Number:		19
Maximum Score:		70.187485
Subtask Cost:		0.000000
Number of Sensors:	2.000000
Number of Subtasks:	4

Location:			[44.000000, 24.000000, 0.000000]
Sensor List:		[IR, MW]
Subtask List:		[IR_{}, IR_{MW}, MW_{}, MW_{IR}]

Time Constraints:
Start Time:		0.000000
End Time:		Infinity
Task Duration:	0.225244
Corr Time:		0.000000
Lambda:			0.015000
Dependency Matrix:
   [0	-1	-1	-1
	-1	0	-1	1
	-1	-1	0	-1
	-1	1	-1	0]

Time Constraint Matrix:
   [Infinity	Infinity	Infinity	Infinity
	Infinity	Infinity	Infinity	0.000000
	Infinity	Infinity	Infinity	Infinity
	Infinity	0.000000	Infinity	Infinity]


**********************************
