__________________________________
          WINNING VECTORS         
__________________________________
Subtasks:			[IR_{}		IR_{MW}		MW_{}		MW_{IR}	|	IR_{}		IR_{MW}		MW_{}		MW_{IR}	|	IR_{}		IR_{MW}		MW_{}		MW_{IR}	|	IR_{}		IR_{MW}		MW_{}		MW_{IR}	|	IR_{}		IR_{MW}		MW_{}		MW_{IR}	|	IR_{}		IR_{MW}		MW_{}		MW_{IR}	|	IR_{}		IR_{MW}		MW_{}		MW_{IR}	|	IR_{}		IR_{MW}		MW_{}		MW_{IR}	|	IR_{}		IR_{MW}		MW_{}		MW_{IR}	|	IR_{}		IR_{MW}		MW_{}		MW_{IR}	|	IR_{}		IR_{MW}		MW_{}		MW_{IR}	|	IR_{}		IR_{MW}		MW_{}		MW_{IR}	|	IR_{}		IR_{MW}		MW_{}		MW_{IR}	|	IR_{}		IR_{MW}		MW_{}		MW_{IR}	|	IR_{}		IR_{MW}		MW_{}		MW_{IR}	|	IR_{}		IR_{MW}		MW_{}		MW_{IR}	|	IR_{}		IR_{MW}		MW_{}		MW_{IR}	|	IR_{}		IR_{MW}		MW_{}		MW_{IR}	|	IR_{}		IR_{MW}		MW_{}		MW_{IR}	|	IR_{}		IR_{MW}		MW_{}		MW_{IR}	]
Bids Score:			[0.000		3.394		0.000		3.393	|	0.000		0.000		0.000		0.000	|	0.000		13.359		0.000		13.361	|	0.000		3.709		0.000		3.707	|	0.000		19.816		0.000		19.812	|	0.000		30.055		0.000		31.456	|	0.000		0.000		0.000		0.000	|	0.000		0.000		0.000		0.000	|	0.000		0.000		0.000		0.000	|	0.000		13.638		0.000		13.641	|	0.000		7.948		0.000		7.945	|	0.000		27.947		0.000		31.816	|	0.000		0.000		0.000		0.000	|	0.000		0.000		0.000		0.000	|	0.000		32.579		0.000		32.584	|	0.000		20.359		0.000		20.363	|	0.000		0.000		0.000		0.000	|	0.000		18.038		0.000		18.041	|	0.000		0.000		0.000		0.000	|	0.000		15.941		0.000		15.944	]
Measurement Time:	[0.00		79.31		0.00		79.32	|	0.00		0.00		0.00		0.00	|	0.00		40.18		0.00		40.17	|	0.00		70.36		0.00		70.37	|	0.00		33.33		0.00		33.34	|	0.00		6.71		0.00		6.70	|	0.00		0.00		0.00		0.00	|	0.00		0.00		0.00		0.00	|	0.00		0.00		0.00		0.00	|	0.00		48.24		0.00		48.23	|	0.00		47.36		0.00		47.37	|	0.00		20.31		0.00		20.30	|	0.00		0.00		0.00		0.00	|	0.00		0.00		0.00		0.00	|	0.00		13.03		0.00		13.02	|	0.00		23.80		0.00		23.79	|	0.00		0.00		0.00		0.00	|	0.00		37.95		0.00		37.94	|	0.00		0.00		0.00		0.00	|	0.00		52.49		0.00		52.476	]
Iteration Assigned:	[0			36			0			35		|	0			0			0			0		|	0			36			0			36		|	0			25			0			24		|	0			14			0			13		|	0			1			0			1		|	0			0			0			0		|	0			0			0			0		|	0			0			0			0		|	0			36			0			36		|	0			25			0			24		|	0			2			0			10		|	0			0			0			0		|	0			0			0			0		|	0			1			0			1		|	0			25			0			25		|	0			0			0			0		|	0			25			0			25		|	0			0			0			0		|	0			47			0			47		]
Winners:			[-			1			-			2		|	-			-			-			-		|	-			3			-			4		|	-			1			-			2		|	-			1			-			2		|	-			3			-			4		|	-			-			-			-		|	-			-			-			-		|	-			-			-			-		|	-			3			-			4		|	-			1			-			2		|	-			1			-			2		|	-			-			-			-		|	-			-			-			-		|	-			3			-			4		|	-			3			-			4		|	-			-			-			-		|	-			3			-			4		|	-			-			-			-		|	-			3			-			4		]

__________________________________
        PERFORMANCE METRICS       
__________________________________
Coalitions Formed:		12
Coalitions Available:	20
Coalition Ratio:		60.00%

Score Achieved:			551.459
Score Available:		1457.632
Score Ratio:			37.83%

Merge Cost:				0.000000
Split Cost:				0.000000

Avg Cost per Research:	33.15%

Tasks Done:				12
Tasks Available:		20
Tasks Done Ratio:		60.00%

Tasks done w/ 1 sens:	0
Tasks done w/ 2 sens:	12
Tasks done w/ 3 sens:	0

Planning Horizon:		2

__________________________________
           AGENT LIST             
__________________________________
Agent Number:			1
Planning Horizon:		2
Max Const Iteration:	2
Max Solo Bids:			5
Max Any Bids:			10
Iteration Counter:		56
Resources:				100.000000

Location:				[0.000		0.000		0.000]
Sensor List:			[IR]
Bundle:					[45			17			41			13			1]
Path:					[45			17			41			13			1]
Time Assignments:		[20.309		33.327		47.363		70.363		79.307]
Doing Iterations:		[23		34		45		55		]


**********************************
Agent Number:			2
Planning Horizon:		2
Max Const Iteration:	2
Max Solo Bids:			5
Max Any Bids:			10
Iteration Counter:		56
Resources:				100.000000

Location:				[0.000		0.000		0.000]
Sensor List:			[MW]
Bundle:					[47			19			43			15			3]
Path:					[47			19			43			15			3]
Time Assignments:		[20.299		33.337		47.373		70.373		79.317]
Doing Iterations:		[24		35		46		56		]


**********************************
Agent Number:			3
Planning Horizon:		2
Max Const Iteration:	2
Max Solo Bids:			5
Max Any Bids:			10
Iteration Counter:		56
Resources:				100.000000

Location:				[0.000		0.000		0.000]
Sensor List:			[IR]
Bundle:					[21			57			61			69			9			37			77]
Path:					[21			57			61			69			9			37			77]
Time Assignments:		[6.708		13.033		23.803		37.945		40.181		48.244		52.486]
Doing Iterations:		[24		35		46		56		]


**********************************
Agent Number:			4
Planning Horizon:		2
Max Const Iteration:	2
Max Solo Bids:			5
Max Any Bids:			10
Iteration Counter:		56
Resources:				100.000000

Location:				[0.000		0.000		0.000]
Sensor List:			[MW]
Bundle:					[23			59			63			71			11			39			79]
Path:					[23			59			63			71			11			39			79]
Time Assignments:		[6.698		13.023		23.793		37.935		40.171		48.234		52.476]
Doing Iterations:		[24		35		46		56		]

__________________________________
            TASK LIST             
__________________________________
Task Number:		0
Maximum Score:		54.044413
Subtask Cost:		0.000000
Number of Sensors:	2.000000
Number of Subtasks:	4

Location:			[2.000000, 45.000000, 0.000000]
Sensor List:		[IR, MW]
Subtask List:		[IR_{}, IR_{MW}, MW_{}, MW_{IR}]

Time Constraints:
Start Time:		0.000000
End Time:		Infinity
Task Duration:	0.858374
Corr Time:		0.010000
Lambda:			0.015000
Dependency Matrix:
   [0	-1	-1	-1
	-1	0	-1	1
	-1	-1	0	-1
	-1	1	-1	0]

Time Constraint Matrix:
   [Infinity	Infinity	Infinity	Infinity
	Infinity	Infinity	Infinity	0.010000
	Infinity	Infinity	Infinity	Infinity
	Infinity	0.010000	Infinity	Infinity]


**********************************
Task Number:		1
Maximum Score:		57.957241
Subtask Cost:		0.000000
Number of Sensors:	2.000000
Number of Subtasks:	4

Location:			[19.000000, 5.000000, 0.000000]
Sensor List:		[IR, MW]
Subtask List:		[IR_{}, IR_{MW}, MW_{}, MW_{IR}]

Time Constraints:
Start Time:		0.000000
End Time:		Infinity
Task Duration:	0.279500
Corr Time:		0.010000
Lambda:			0.015000
Dependency Matrix:
   [0	-1	-1	-1
	-1	0	-1	1
	-1	-1	0	-1
	-1	1	-1	0]

Time Constraint Matrix:
   [Infinity	Infinity	Infinity	Infinity
	Infinity	Infinity	Infinity	0.010000
	Infinity	Infinity	Infinity	Infinity
	Infinity	0.010000	Infinity	Infinity]


**********************************
Task Number:		2
Maximum Score:		53.228828
Subtask Cost:		0.000000
Number of Sensors:	2.000000
Number of Subtasks:	4

Location:			[47.000000, 29.000000, 0.000000]
Sensor List:		[IR, MW]
Subtask List:		[IR_{}, IR_{MW}, MW_{}, MW_{IR}]

Time Constraints:
Start Time:		0.000000
End Time:		Infinity
Task Duration:	0.666988
Corr Time:		0.010000
Lambda:			0.015000
Dependency Matrix:
   [0	-1	-1	-1
	-1	0	-1	1
	-1	-1	0	-1
	-1	1	-1	0]

Time Constraint Matrix:
   [Infinity	Infinity	Infinity	Infinity
	Infinity	Infinity	Infinity	0.010000
	Infinity	Infinity	Infinity	Infinity
	Infinity	0.010000	Infinity	Infinity]


**********************************
Task Number:		3
Maximum Score:		92.686812
Subtask Cost:		0.000000
Number of Sensors:	2.000000
Number of Subtasks:	4

Location:			[6.000000, 37.000000, 0.000000]
Sensor List:		[IR, MW]
Subtask List:		[IR_{}, IR_{MW}, MW_{}, MW_{IR}]

Time Constraints:
Start Time:		0.000000
End Time:		Infinity
Task Duration:	0.622129
Corr Time:		0.010000
Lambda:			0.015000
Dependency Matrix:
   [0	-1	-1	-1
	-1	0	-1	1
	-1	-1	0	-1
	-1	1	-1	0]

Time Constraint Matrix:
   [Infinity	Infinity	Infinity	Infinity
	Infinity	Infinity	Infinity	0.010000
	Infinity	Infinity	Infinity	Infinity
	Infinity	0.010000	Infinity	Infinity]


**********************************
Task Number:		4
Maximum Score:		88.549402
Subtask Cost:		0.000000
Number of Sensors:	2.000000
Number of Subtasks:	4

Location:			[5.000000, 0.000000, 0.000000]
Sensor List:		[IR, MW]
Subtask List:		[IR_{}, IR_{MW}, MW_{}, MW_{IR}]

Time Constraints:
Start Time:		0.000000
End Time:		Infinity
Task Duration:	0.488224
Corr Time:		0.010000
Lambda:			0.015000
Dependency Matrix:
   [0	-1	-1	-1
	-1	0	-1	1
	-1	-1	0	-1
	-1	1	-1	0]

Time Constraint Matrix:
   [Infinity	Infinity	Infinity	Infinity
	Infinity	Infinity	Infinity	0.010000
	Infinity	Infinity	Infinity	Infinity
	Infinity	0.010000	Infinity	Infinity]


**********************************
Task Number:		5
Maximum Score:		74.484774
Subtask Cost:		0.000000
Number of Sensors:	2.000000
Number of Subtasks:	4

Location:			[24.000000, 37.000000, 0.000000]
Sensor List:		[IR, MW]
Subtask List:		[IR_{}, IR_{MW}, MW_{}, MW_{IR}]

Time Constraints:
Start Time:		0.000000
End Time:		Infinity
Task Duration:	0.276794
Corr Time:		0.010000
Lambda:			0.015000
Dependency Matrix:
   [0	-1	-1	-1
	-1	0	-1	1
	-1	-1	0	-1
	-1	1	-1	0]

Time Constraint Matrix:
   [Infinity	Infinity	Infinity	Infinity
	Infinity	Infinity	Infinity	0.010000
	Infinity	Infinity	Infinity	Infinity
	Infinity	0.010000	Infinity	Infinity]


**********************************
Task Number:		6
Maximum Score:		85.033245
Subtask Cost:		0.000000
Number of Sensors:	2.000000
Number of Subtasks:	4

Location:			[37.000000, 1.000000, 0.000000]
Sensor List:		[IR, MW]
Subtask List:		[IR_{}, IR_{MW}, MW_{}, MW_{IR}]

Time Constraints:
Start Time:		0.000000
End Time:		Infinity
Task Duration:	0.423803
Corr Time:		0.010000
Lambda:			0.015000
Dependency Matrix:
   [0	-1	-1	-1
	-1	0	-1	1
	-1	-1	0	-1
	-1	1	-1	0]

Time Constraint Matrix:
   [Infinity	Infinity	Infinity	Infinity
	Infinity	Infinity	Infinity	0.010000
	Infinity	Infinity	Infinity	Infinity
	Infinity	0.010000	Infinity	Infinity]


**********************************
Task Number:		7
Maximum Score:		51.038973
Subtask Cost:		0.000000
Number of Sensors:	2.000000
Number of Subtasks:	4

Location:			[27.000000, 14.000000, 0.000000]
Sensor List:		[IR, MW]
Subtask List:		[IR_{}, IR_{MW}, MW_{}, MW_{IR}]

Time Constraints:
Start Time:		0.000000
End Time:		Infinity
Task Duration:	0.903697
Corr Time:		0.010000
Lambda:			0.015000
Dependency Matrix:
   [0	-1	-1	-1
	-1	0	-1	1
	-1	-1	0	-1
	-1	1	-1	0]

Time Constraint Matrix:
   [Infinity	Infinity	Infinity	Infinity
	Infinity	Infinity	Infinity	0.010000
	Infinity	Infinity	Infinity	Infinity
	Infinity	0.010000	Infinity	Infinity]


**********************************
Task Number:		8
Maximum Score:		54.789905
Subtask Cost:		0.000000
Number of Sensors:	2.000000
Number of Subtasks:	4

Location:			[31.000000, 13.000000, 0.000000]
Sensor List:		[IR, MW]
Subtask List:		[IR_{}, IR_{MW}, MW_{}, MW_{IR}]

Time Constraints:
Start Time:		0.000000
End Time:		Infinity
Task Duration:	0.163516
Corr Time:		0.010000
Lambda:			0.015000
Dependency Matrix:
   [0	-1	-1	-1
	-1	0	-1	1
	-1	-1	0	-1
	-1	1	-1	0]

Time Constraint Matrix:
   [Infinity	Infinity	Infinity	Infinity
	Infinity	Infinity	Infinity	0.010000
	Infinity	Infinity	Infinity	Infinity
	Infinity	0.010000	Infinity	Infinity]


**********************************
Task Number:		9
Maximum Score:		74.195887
Subtask Cost:		0.000000
Number of Sensors:	2.000000
Number of Subtasks:	4

Location:			[46.000000, 37.000000, 0.000000]
Sensor List:		[IR, MW]
Subtask List:		[IR_{}, IR_{MW}, MW_{}, MW_{IR}]

Time Constraints:
Start Time:		0.000000
End Time:		Infinity
Task Duration:	0.704132
Corr Time:		0.010000
Lambda:			0.015000
Dependency Matrix:
   [0	-1	-1	-1
	-1	0	-1	1
	-1	-1	0	-1
	-1	1	-1	0]

Time Constraint Matrix:
   [Infinity	Infinity	Infinity	Infinity
	Infinity	Infinity	Infinity	0.010000
	Infinity	Infinity	Infinity	Infinity
	Infinity	0.010000	Infinity	Infinity]


**********************************
Task Number:		10
Maximum Score:		63.190477
Subtask Cost:		0.000000
Number of Sensors:	2.000000
Number of Subtasks:	4

Location:			[6.000000, 14.000000, 0.000000]
Sensor List:		[IR, MW]
Subtask List:		[IR_{}, IR_{MW}, MW_{}, MW_{IR}]

Time Constraints:
Start Time:		0.000000
End Time:		Infinity
Task Duration:	0.763551
Corr Time:		0.010000
Lambda:			0.015000
Dependency Matrix:
   [0	-1	-1	-1
	-1	0	-1	1
	-1	-1	0	-1
	-1	1	-1	0]

Time Constraint Matrix:
   [Infinity	Infinity	Infinity	Infinity
	Infinity	Infinity	Infinity	0.010000
	Infinity	Infinity	Infinity	Infinity
	Infinity	0.010000	Infinity	Infinity]


**********************************
Task Number:		11
Maximum Score:		99.459740
Subtask Cost:		0.000000
Number of Sensors:	2.000000
Number of Subtasks:	4

Location:			[16.000000, 7.000000, 0.000000]
Sensor List:		[IR, MW]
Subtask List:		[IR_{}, IR_{MW}, MW_{}, MW_{IR}]

Time Constraints:
Start Time:		0.000000
End Time:		Infinity
Task Duration:	0.613311
Corr Time:		0.010000
Lambda:			0.015000
Dependency Matrix:
   [0	-1	-1	-1
	-1	0	-1	1
	-1	-1	0	-1
	-1	1	-1	0]

Time Constraint Matrix:
   [Infinity	Infinity	Infinity	Infinity
	Infinity	Infinity	Infinity	0.010000
	Infinity	Infinity	Infinity	Infinity
	Infinity	0.010000	Infinity	Infinity]


**********************************
Task Number:		12
Maximum Score:		66.955516
Subtask Cost:		0.000000
Number of Sensors:	2.000000
Number of Subtasks:	4

Location:			[27.000000, 2.000000, 0.000000]
Sensor List:		[IR, MW]
Subtask List:		[IR_{}, IR_{MW}, MW_{}, MW_{IR}]

Time Constraints:
Start Time:		0.000000
End Time:		Infinity
Task Duration:	0.987050
Corr Time:		0.010000
Lambda:			0.015000
Dependency Matrix:
   [0	-1	-1	-1
	-1	0	-1	1
	-1	-1	0	-1
	-1	1	-1	0]

Time Constraint Matrix:
   [Infinity	Infinity	Infinity	Infinity
	Infinity	Infinity	Infinity	0.010000
	Infinity	Infinity	Infinity	Infinity
	Infinity	0.010000	Infinity	Infinity]


**********************************
Task Number:		13
Maximum Score:		72.285398
Subtask Cost:		0.000000
Number of Sensors:	2.000000
Number of Subtasks:	4

Location:			[41.000000, 0.000000, 0.000000]
Sensor List:		[IR, MW]
Subtask List:		[IR_{}, IR_{MW}, MW_{}, MW_{IR}]

Time Constraints:
Start Time:		0.000000
End Time:		Infinity
Task Duration:	0.406437
Corr Time:		0.010000
Lambda:			0.015000
Dependency Matrix:
   [0	-1	-1	-1
	-1	0	-1	1
	-1	-1	0	-1
	-1	1	-1	0]

Time Constraint Matrix:
   [Infinity	Infinity	Infinity	Infinity
	Infinity	Infinity	Infinity	0.010000
	Infinity	Infinity	Infinity	Infinity
	Infinity	0.010000	Infinity	Infinity]


**********************************
Task Number:		14
Maximum Score:		87.530971
Subtask Cost:		0.000000
Number of Sensors:	2.000000
Number of Subtasks:	4

Location:			[30.000000, 35.000000, 0.000000]
Sensor List:		[IR, MW]
Subtask List:		[IR_{}, IR_{MW}, MW_{}, MW_{IR}]

Time Constraints:
Start Time:		0.000000
End Time:		Infinity
Task Duration:	0.575697
Corr Time:		0.010000
Lambda:			0.015000
Dependency Matrix:
   [0	-1	-1	-1
	-1	0	-1	1
	-1	-1	0	-1
	-1	1	-1	0]

Time Constraint Matrix:
   [Infinity	Infinity	Infinity	Infinity
	Infinity	Infinity	Infinity	0.010000
	Infinity	Infinity	Infinity	Infinity
	Infinity	0.010000	Infinity	Infinity]


**********************************
Task Number:		15
Maximum Score:		74.813803
Subtask Cost:		0.000000
Number of Sensors:	2.000000
Number of Subtasks:	4

Location:			[34.000000, 25.000000, 0.000000]
Sensor List:		[IR, MW]
Subtask List:		[IR_{}, IR_{MW}, MW_{}, MW_{IR}]

Time Constraints:
Start Time:		0.000000
End Time:		Infinity
Task Duration:	0.475205
Corr Time:		0.010000
Lambda:			0.015000
Dependency Matrix:
   [0	-1	-1	-1
	-1	0	-1	1
	-1	-1	0	-1
	-1	1	-1	0]

Time Constraint Matrix:
   [Infinity	Infinity	Infinity	Infinity
	Infinity	Infinity	Infinity	0.010000
	Infinity	Infinity	Infinity	Infinity
	Infinity	0.010000	Infinity	Infinity]


**********************************
Task Number:		16
Maximum Score:		65.898776
Subtask Cost:		0.000000
Number of Sensors:	2.000000
Number of Subtasks:	4

Location:			[46.000000, 2.000000, 0.000000]
Sensor List:		[IR, MW]
Subtask List:		[IR_{}, IR_{MW}, MW_{}, MW_{IR}]

Time Constraints:
Start Time:		0.000000
End Time:		Infinity
Task Duration:	0.115610
Corr Time:		0.010000
Lambda:			0.015000
Dependency Matrix:
   [0	-1	-1	-1
	-1	0	-1	1
	-1	-1	0	-1
	-1	1	-1	0]

Time Constraint Matrix:
   [Infinity	Infinity	Infinity	Infinity
	Infinity	Infinity	Infinity	0.010000
	Infinity	Infinity	Infinity	Infinity
	Infinity	0.010000	Infinity	Infinity]


**********************************
Task Number:		17
Maximum Score:		90.723487
Subtask Cost:		0.000000
Number of Sensors:	2.000000
Number of Subtasks:	4

Location:			[48.000000, 27.000000, 0.000000]
Sensor List:		[IR, MW]
Subtask List:		[IR_{}, IR_{MW}, MW_{}, MW_{IR}]

Time Constraints:
Start Time:		0.000000
End Time:		Infinity
Task Duration:	0.775668
Corr Time:		0.010000
Lambda:			0.015000
Dependency Matrix:
   [0	-1	-1	-1
	-1	0	-1	1
	-1	-1	0	-1
	-1	1	-1	0]

Time Constraint Matrix:
   [Infinity	Infinity	Infinity	Infinity
	Infinity	Infinity	Infinity	0.010000
	Infinity	Infinity	Infinity	Infinity
	Infinity	0.010000	Infinity	Infinity]


**********************************
Task Number:		18
Maximum Score:		70.635317
Subtask Cost:		0.000000
Number of Sensors:	2.000000
Number of Subtasks:	4

Location:			[44.000000, 1.000000, 0.000000]
Sensor List:		[IR, MW]
Subtask List:		[IR_{}, IR_{MW}, MW_{}, MW_{IR}]

Time Constraints:
Start Time:		0.000000
End Time:		Infinity
Task Duration:	0.581319
Corr Time:		0.010000
Lambda:			0.015000
Dependency Matrix:
   [0	-1	-1	-1
	-1	0	-1	1
	-1	-1	0	-1
	-1	1	-1	0]

Time Constraint Matrix:
   [Infinity	Infinity	Infinity	Infinity
	Infinity	Infinity	Infinity	0.010000
	Infinity	Infinity	Infinity	Infinity
	Infinity	0.010000	Infinity	Infinity]


**********************************
Task Number:		19
Maximum Score:		80.129022
Subtask Cost:		0.000000
Number of Sensors:	2.000000
Number of Subtasks:	4

Location:			[49.000000, 40.000000, 0.000000]
Sensor List:		[IR, MW]
Subtask List:		[IR_{}, IR_{MW}, MW_{}, MW_{IR}]

Time Constraints:
Start Time:		0.000000
End Time:		Infinity
Task Duration:	0.724089
Corr Time:		0.010000
Lambda:			0.015000
Dependency Matrix:
   [0	-1	-1	-1
	-1	0	-1	1
	-1	-1	0	-1
	-1	1	-1	0]

Time Constraint Matrix:
   [Infinity	Infinity	Infinity	Infinity
	Infinity	Infinity	Infinity	0.010000
	Infinity	Infinity	Infinity	Infinity
	Infinity	0.010000	Infinity	Infinity]

