Task Number:		0
Maximum Score:		75.308017
Subtask Cost Type:		Proportional
Subtask Cost:		0.011400
Number of Sensors:	2
Number of Subtasks:	4

Location:			[0.079696, 45.366916, 0.000000]
Sensor List:		[IR, MW]
Subtask List:		[IR_{}, IR_{MW}, MW_{}, MW_{IR}]

Time Constraints:
Start Time:		0.000000
End Time:		Infinity
Task Duration:	0.000000
Corr Time:		Infinity
Lambda:			0.015000
Dependency Matrix:
   [0	-1	-1	-1
	-1	0	-1	1
	-1	-1	0	-1
	-1	1	-1	0]

Time Constraint Matrix:
   [Infinity	Infinity	Infinity	Infinity
	Infinity	Infinity	Infinity	Infinity
	Infinity	Infinity	Infinity	Infinity
	Infinity	Infinity	Infinity	Infinity]


**********************************
Task Number:		1
Maximum Score:		18.106672
Subtask Cost Type:		Proportional
Subtask Cost:		0.011400
Number of Sensors:	2
Number of Subtasks:	4

Location:			[49.281541, 13.310454, 0.000000]
Sensor List:		[IR, MW]
Subtask List:		[IR_{}, IR_{MW}, MW_{}, MW_{IR}]

Time Constraints:
Start Time:		0.000000
End Time:		Infinity
Task Duration:	0.000000
Corr Time:		Infinity
Lambda:			0.015000
Dependency Matrix:
   [0	-1	-1	-1
	-1	0	-1	1
	-1	-1	0	-1
	-1	1	-1	0]

Time Constraint Matrix:
   [Infinity	Infinity	Infinity	Infinity
	Infinity	Infinity	Infinity	Infinity
	Infinity	Infinity	Infinity	Infinity
	Infinity	Infinity	Infinity	Infinity]


**********************************
Task Number:		2
Maximum Score:		52.442230
Subtask Cost Type:		Proportional
Subtask Cost:		0.011400
Number of Sensors:	2
Number of Subtasks:	4

Location:			[1.664516, 12.358904, 0.000000]
Sensor List:		[IR, MW]
Subtask List:		[IR_{}, IR_{MW}, MW_{}, MW_{IR}]

Time Constraints:
Start Time:		0.000000
End Time:		Infinity
Task Duration:	0.000000
Corr Time:		Infinity
Lambda:			0.015000
Dependency Matrix:
   [0	-1	-1	-1
	-1	0	-1	1
	-1	-1	0	-1
	-1	1	-1	0]

Time Constraint Matrix:
   [Infinity	Infinity	Infinity	Infinity
	Infinity	Infinity	Infinity	Infinity
	Infinity	Infinity	Infinity	Infinity
	Infinity	Infinity	Infinity	Infinity]


**********************************
Task Number:		3
Maximum Score:		67.615586
Subtask Cost Type:		Proportional
Subtask Cost:		0.011400
Number of Sensors:	2
Number of Subtasks:	4

Location:			[2.531636, 29.646689, 0.000000]
Sensor List:		[IR, MW]
Subtask List:		[IR_{}, IR_{MW}, MW_{}, MW_{IR}]

Time Constraints:
Start Time:		0.000000
End Time:		Infinity
Task Duration:	0.000000
Corr Time:		Infinity
Lambda:			0.015000
Dependency Matrix:
   [0	-1	-1	-1
	-1	0	-1	1
	-1	-1	0	-1
	-1	1	-1	0]

Time Constraint Matrix:
   [Infinity	Infinity	Infinity	Infinity
	Infinity	Infinity	Infinity	Infinity
	Infinity	Infinity	Infinity	Infinity
	Infinity	Infinity	Infinity	Infinity]


**********************************
Task Number:		4
Maximum Score:		56.884140
Subtask Cost Type:		Proportional
Subtask Cost:		0.011400
Number of Sensors:	2
Number of Subtasks:	4

Location:			[27.893924, 23.487709, 0.000000]
Sensor List:		[IR, MW]
Subtask List:		[IR_{}, IR_{MW}, MW_{}, MW_{IR}]

Time Constraints:
Start Time:		0.000000
End Time:		Infinity
Task Duration:	0.000000
Corr Time:		Infinity
Lambda:			0.015000
Dependency Matrix:
   [0	-1	-1	-1
	-1	0	-1	1
	-1	-1	0	-1
	-1	1	-1	0]

Time Constraint Matrix:
   [Infinity	Infinity	Infinity	Infinity
	Infinity	Infinity	Infinity	Infinity
	Infinity	Infinity	Infinity	Infinity
	Infinity	Infinity	Infinity	Infinity]


**********************************
Task Number:		5
Maximum Score:		15.943312
Subtask Cost Type:		Proportional
Subtask Cost:		0.011400
Number of Sensors:	2
Number of Subtasks:	4

Location:			[3.495143, 30.173161, 0.000000]
Sensor List:		[IR, MW]
Subtask List:		[IR_{}, IR_{MW}, MW_{}, MW_{IR}]

Time Constraints:
Start Time:		0.000000
End Time:		Infinity
Task Duration:	0.000000
Corr Time:		Infinity
Lambda:			0.015000
Dependency Matrix:
   [0	-1	-1	-1
	-1	0	-1	1
	-1	-1	0	-1
	-1	1	-1	0]

Time Constraint Matrix:
   [Infinity	Infinity	Infinity	Infinity
	Infinity	Infinity	Infinity	Infinity
	Infinity	Infinity	Infinity	Infinity
	Infinity	Infinity	Infinity	Infinity]


**********************************
Task Number:		6
Maximum Score:		47.315700
Subtask Cost Type:		Proportional
Subtask Cost:		0.011400
Number of Sensors:	2
Number of Subtasks:	4

Location:			[12.685911, 13.299269, 0.000000]
Sensor List:		[IR, MW]
Subtask List:		[IR_{}, IR_{MW}, MW_{}, MW_{IR}]

Time Constraints:
Start Time:		0.000000
End Time:		Infinity
Task Duration:	0.000000
Corr Time:		Infinity
Lambda:			0.015000
Dependency Matrix:
   [0	-1	-1	-1
	-1	0	-1	1
	-1	-1	0	-1
	-1	1	-1	0]

Time Constraint Matrix:
   [Infinity	Infinity	Infinity	Infinity
	Infinity	Infinity	Infinity	Infinity
	Infinity	Infinity	Infinity	Infinity
	Infinity	Infinity	Infinity	Infinity]


**********************************
Task Number:		7
Maximum Score:		85.308468
Subtask Cost Type:		Proportional
Subtask Cost:		0.011400
Number of Sensors:	2
Number of Subtasks:	4

Location:			[43.324129, 6.144578, 0.000000]
Sensor List:		[IR, MW]
Subtask List:		[IR_{}, IR_{MW}, MW_{}, MW_{IR}]

Time Constraints:
Start Time:		0.000000
End Time:		Infinity
Task Duration:	0.000000
Corr Time:		Infinity
Lambda:			0.015000
Dependency Matrix:
   [0	-1	-1	-1
	-1	0	-1	1
	-1	-1	0	-1
	-1	1	-1	0]

Time Constraint Matrix:
   [Infinity	Infinity	Infinity	Infinity
	Infinity	Infinity	Infinity	Infinity
	Infinity	Infinity	Infinity	Infinity
	Infinity	Infinity	Infinity	Infinity]


**********************************
Task Number:		8
Maximum Score:		22.543759
Subtask Cost Type:		Proportional
Subtask Cost:		0.011400
Number of Sensors:	2
Number of Subtasks:	4

Location:			[7.391396, 26.420424, 0.000000]
Sensor List:		[IR, MW]
Subtask List:		[IR_{}, IR_{MW}, MW_{}, MW_{IR}]

Time Constraints:
Start Time:		0.000000
End Time:		Infinity
Task Duration:	0.000000
Corr Time:		Infinity
Lambda:			0.015000
Dependency Matrix:
   [0	-1	-1	-1
	-1	0	-1	1
	-1	-1	0	-1
	-1	1	-1	0]

Time Constraint Matrix:
   [Infinity	Infinity	Infinity	Infinity
	Infinity	Infinity	Infinity	Infinity
	Infinity	Infinity	Infinity	Infinity
	Infinity	Infinity	Infinity	Infinity]


**********************************
Task Number:		9
Maximum Score:		53.597700
Subtask Cost Type:		Proportional
Subtask Cost:		0.011400
Number of Sensors:	2
Number of Subtasks:	4

Location:			[21.361348, 5.136101, 0.000000]
Sensor List:		[IR, MW]
Subtask List:		[IR_{}, IR_{MW}, MW_{}, MW_{IR}]

Time Constraints:
Start Time:		0.000000
End Time:		Infinity
Task Duration:	0.000000
Corr Time:		Infinity
Lambda:			0.015000
Dependency Matrix:
   [0	-1	-1	-1
	-1	0	-1	1
	-1	-1	0	-1
	-1	1	-1	0]

Time Constraint Matrix:
   [Infinity	Infinity	Infinity	Infinity
	Infinity	Infinity	Infinity	Infinity
	Infinity	Infinity	Infinity	Infinity
	Infinity	Infinity	Infinity	Infinity]


**********************************
Task Number:		10
Maximum Score:		73.231381
Subtask Cost Type:		Proportional
Subtask Cost:		0.011400
Number of Sensors:	2
Number of Subtasks:	4

Location:			[35.506221, 14.199760, 0.000000]
Sensor List:		[IR, MW]
Subtask List:		[IR_{}, IR_{MW}, MW_{}, MW_{IR}]

Time Constraints:
Start Time:		0.000000
End Time:		Infinity
Task Duration:	0.000000
Corr Time:		Infinity
Lambda:			0.015000
Dependency Matrix:
   [0	-1	-1	-1
	-1	0	-1	1
	-1	-1	0	-1
	-1	1	-1	0]

Time Constraint Matrix:
   [Infinity	Infinity	Infinity	Infinity
	Infinity	Infinity	Infinity	Infinity
	Infinity	Infinity	Infinity	Infinity
	Infinity	Infinity	Infinity	Infinity]


**********************************
Task Number:		11
Maximum Score:		73.673400
Subtask Cost Type:		Proportional
Subtask Cost:		0.011400
Number of Sensors:	2
Number of Subtasks:	4

Location:			[13.382182, 21.709774, 0.000000]
Sensor List:		[IR, MW]
Subtask List:		[IR_{}, IR_{MW}, MW_{}, MW_{IR}]

Time Constraints:
Start Time:		0.000000
End Time:		Infinity
Task Duration:	0.000000
Corr Time:		Infinity
Lambda:			0.015000
Dependency Matrix:
   [0	-1	-1	-1
	-1	0	-1	1
	-1	-1	0	-1
	-1	1	-1	0]

Time Constraint Matrix:
   [Infinity	Infinity	Infinity	Infinity
	Infinity	Infinity	Infinity	Infinity
	Infinity	Infinity	Infinity	Infinity
	Infinity	Infinity	Infinity	Infinity]


**********************************
Task Number:		12
Maximum Score:		68.553083
Subtask Cost Type:		Proportional
Subtask Cost:		0.011400
Number of Sensors:	2
Number of Subtasks:	4

Location:			[25.731827, 10.249849, 0.000000]
Sensor List:		[IR, MW]
Subtask List:		[IR_{}, IR_{MW}, MW_{}, MW_{IR}]

Time Constraints:
Start Time:		0.000000
End Time:		Infinity
Task Duration:	0.000000
Corr Time:		Infinity
Lambda:			0.015000
Dependency Matrix:
   [0	-1	-1	-1
	-1	0	-1	1
	-1	-1	0	-1
	-1	1	-1	0]

Time Constraint Matrix:
   [Infinity	Infinity	Infinity	Infinity
	Infinity	Infinity	Infinity	Infinity
	Infinity	Infinity	Infinity	Infinity
	Infinity	Infinity	Infinity	Infinity]


**********************************
Task Number:		13
Maximum Score:		71.544448
Subtask Cost Type:		Proportional
Subtask Cost:		0.011400
Number of Sensors:	2
Number of Subtasks:	4

Location:			[29.538280, 35.253852, 0.000000]
Sensor List:		[IR, MW]
Subtask List:		[IR_{}, IR_{MW}, MW_{}, MW_{IR}]

Time Constraints:
Start Time:		0.000000
End Time:		Infinity
Task Duration:	0.000000
Corr Time:		Infinity
Lambda:			0.015000
Dependency Matrix:
   [0	-1	-1	-1
	-1	0	-1	1
	-1	-1	0	-1
	-1	1	-1	0]

Time Constraint Matrix:
   [Infinity	Infinity	Infinity	Infinity
	Infinity	Infinity	Infinity	Infinity
	Infinity	Infinity	Infinity	Infinity
	Infinity	Infinity	Infinity	Infinity]


**********************************
Task Number:		14
Maximum Score:		33.743920
Subtask Cost Type:		Proportional
Subtask Cost:		0.011400
Number of Sensors:	2
Number of Subtasks:	4

Location:			[28.252381, 32.525158, 0.000000]
Sensor List:		[IR, MW]
Subtask List:		[IR_{}, IR_{MW}, MW_{}, MW_{IR}]

Time Constraints:
Start Time:		0.000000
End Time:		Infinity
Task Duration:	0.000000
Corr Time:		Infinity
Lambda:			0.015000
Dependency Matrix:
   [0	-1	-1	-1
	-1	0	-1	1
	-1	-1	0	-1
	-1	1	-1	0]

Time Constraint Matrix:
   [Infinity	Infinity	Infinity	Infinity
	Infinity	Infinity	Infinity	Infinity
	Infinity	Infinity	Infinity	Infinity
	Infinity	Infinity	Infinity	Infinity]


**********************************
Task Number:		15
Maximum Score:		63.983912
Subtask Cost Type:		Proportional
Subtask Cost:		0.011400
Number of Sensors:	1
Number of Subtasks:	1

Location:			[15.013361, 42.976126, 0.000000]
Sensor List:		[IR]
Subtask List:		[IR_{}]

Time Constraints:
Start Time:		0.000000
End Time:		Infinity
Task Duration:	0.000000
Corr Time:		Infinity
Lambda:			0.015000
Dependency Matrix:
   [0]

Time Constraint Matrix:
   [Infinity]


**********************************
Task Number:		16
Maximum Score:		7.843952
Subtask Cost Type:		Proportional
Subtask Cost:		0.011400
Number of Sensors:	1
Number of Subtasks:	1

Location:			[33.560130, 6.121569, 0.000000]
Sensor List:		[IR]
Subtask List:		[IR_{}]

Time Constraints:
Start Time:		0.000000
End Time:		Infinity
Task Duration:	0.000000
Corr Time:		Infinity
Lambda:			0.015000
Dependency Matrix:
   [0]

Time Constraint Matrix:
   [Infinity]


**********************************
Task Number:		17
Maximum Score:		56.761991
Subtask Cost Type:		Proportional
Subtask Cost:		0.011400
Number of Sensors:	1
Number of Subtasks:	1

Location:			[25.231861, 18.373549, 0.000000]
Sensor List:		[IR]
Subtask List:		[IR_{}]

Time Constraints:
Start Time:		0.000000
End Time:		Infinity
Task Duration:	0.000000
Corr Time:		Infinity
Lambda:			0.015000
Dependency Matrix:
   [0]

Time Constraint Matrix:
   [Infinity]


**********************************
Task Number:		18
Maximum Score:		49.504510
Subtask Cost Type:		Proportional
Subtask Cost:		0.011400
Number of Sensors:	1
Number of Subtasks:	1

Location:			[0.802868, 17.173264, 0.000000]
Sensor List:		[IR]
Subtask List:		[IR_{}]

Time Constraints:
Start Time:		0.000000
End Time:		Infinity
Task Duration:	0.000000
Corr Time:		Infinity
Lambda:			0.015000
Dependency Matrix:
   [0]

Time Constraint Matrix:
   [Infinity]


**********************************
Task Number:		19
Maximum Score:		76.115045
Subtask Cost Type:		Proportional
Subtask Cost:		0.011400
Number of Sensors:	1
Number of Subtasks:	1

Location:			[17.794487, 14.125231, 0.000000]
Sensor List:		[IR]
Subtask List:		[IR_{}]

Time Constraints:
Start Time:		0.000000
End Time:		Infinity
Task Duration:	0.000000
Corr Time:		Infinity
Lambda:			0.015000
Dependency Matrix:
   [0]

Time Constraint Matrix:
   [Infinity]


**********************************
Task Number:		20
Maximum Score:		28.712037
Subtask Cost Type:		Proportional
Subtask Cost:		0.011400
Number of Sensors:	1
Number of Subtasks:	1

Location:			[13.496400, 24.177438, 0.000000]
Sensor List:		[IR]
Subtask List:		[IR_{}]

Time Constraints:
Start Time:		0.000000
End Time:		Infinity
Task Duration:	0.000000
Corr Time:		Infinity
Lambda:			0.015000
Dependency Matrix:
   [0]

Time Constraint Matrix:
   [Infinity]


**********************************
Task Number:		21
Maximum Score:		25.051907
Subtask Cost Type:		Proportional
Subtask Cost:		0.011400
Number of Sensors:	1
Number of Subtasks:	1

Location:			[44.809731, 12.375519, 0.000000]
Sensor List:		[IR]
Subtask List:		[IR_{}]

Time Constraints:
Start Time:		0.000000
End Time:		Infinity
Task Duration:	0.000000
Corr Time:		Infinity
Lambda:			0.015000
Dependency Matrix:
   [0]

Time Constraint Matrix:
   [Infinity]


**********************************
Task Number:		22
Maximum Score:		67.078163
Subtask Cost Type:		Proportional
Subtask Cost:		0.011400
Number of Sensors:	1
Number of Subtasks:	1

Location:			[16.933450, 45.017899, 0.000000]
Sensor List:		[IR]
Subtask List:		[IR_{}]

Time Constraints:
Start Time:		0.000000
End Time:		Infinity
Task Duration:	0.000000
Corr Time:		Infinity
Lambda:			0.015000
Dependency Matrix:
   [0]

Time Constraint Matrix:
   [Infinity]


**********************************
Task Number:		23
Maximum Score:		98.954980
Subtask Cost Type:		Proportional
Subtask Cost:		0.011400
Number of Sensors:	1
Number of Subtasks:	1

Location:			[35.198743, 21.243544, 0.000000]
Sensor List:		[MW]
Subtask List:		[MW_{}]

Time Constraints:
Start Time:		0.000000
End Time:		Infinity
Task Duration:	0.000000
Corr Time:		Infinity
Lambda:			0.015000
Dependency Matrix:
   [0]

Time Constraint Matrix:
   [Infinity]


**********************************
Task Number:		24
Maximum Score:		74.507420
Subtask Cost Type:		Proportional
Subtask Cost:		0.011400
Number of Sensors:	1
Number of Subtasks:	1

Location:			[20.964812, 40.699182, 0.000000]
Sensor List:		[MW]
Subtask List:		[MW_{}]

Time Constraints:
Start Time:		0.000000
End Time:		Infinity
Task Duration:	0.000000
Corr Time:		Infinity
Lambda:			0.015000
Dependency Matrix:
   [0]

Time Constraint Matrix:
   [Infinity]


**********************************
Task Number:		25
Maximum Score:		2.700676
Subtask Cost Type:		Proportional
Subtask Cost:		0.011400
Number of Sensors:	1
Number of Subtasks:	1

Location:			[6.218561, 30.414011, 0.000000]
Sensor List:		[MW]
Subtask List:		[MW_{}]

Time Constraints:
Start Time:		0.000000
End Time:		Infinity
Task Duration:	0.000000
Corr Time:		Infinity
Lambda:			0.015000
Dependency Matrix:
   [0]

Time Constraint Matrix:
   [Infinity]


**********************************
Task Number:		26
Maximum Score:		48.340460
Subtask Cost Type:		Proportional
Subtask Cost:		0.011400
Number of Sensors:	1
Number of Subtasks:	1

Location:			[18.608821, 36.251919, 0.000000]
Sensor List:		[MW]
Subtask List:		[MW_{}]

Time Constraints:
Start Time:		0.000000
End Time:		Infinity
Task Duration:	0.000000
Corr Time:		Infinity
Lambda:			0.015000
Dependency Matrix:
   [0]

Time Constraint Matrix:
   [Infinity]


**********************************
Task Number:		27
Maximum Score:		74.924432
Subtask Cost Type:		Proportional
Subtask Cost:		0.011400
Number of Sensors:	1
Number of Subtasks:	1

Location:			[24.814815, 29.473886, 0.000000]
Sensor List:		[MW]
Subtask List:		[MW_{}]

Time Constraints:
Start Time:		0.000000
End Time:		Infinity
Task Duration:	0.000000
Corr Time:		Infinity
Lambda:			0.015000
Dependency Matrix:
   [0]

Time Constraint Matrix:
   [Infinity]


**********************************
Task Number:		28
Maximum Score:		17.422425
Subtask Cost Type:		Proportional
Subtask Cost:		0.011400
Number of Sensors:	1
Number of Subtasks:	1

Location:			[9.585254, 44.929558, 0.000000]
Sensor List:		[MW]
Subtask List:		[MW_{}]

Time Constraints:
Start Time:		0.000000
End Time:		Infinity
Task Duration:	0.000000
Corr Time:		Infinity
Lambda:			0.015000
Dependency Matrix:
   [0]

Time Constraint Matrix:
   [Infinity]


**********************************
Task Number:		29
Maximum Score:		89.499864
Subtask Cost Type:		Proportional
Subtask Cost:		0.011400
Number of Sensors:	1
Number of Subtasks:	1

Location:			[11.513014, 33.747106, 0.000000]
Sensor List:		[MW]
Subtask List:		[MW_{}]

Time Constraints:
Start Time:		0.000000
End Time:		Infinity
Task Duration:	0.000000
Corr Time:		Infinity
Lambda:			0.015000
Dependency Matrix:
   [0]

Time Constraint Matrix:
   [Infinity]


**********************************
