0	|	0.000000	0.000000	0.000000	|	0.000000	0.000000	0.000000	|	-	-	-	|	0.000000	0.000000	0.000000	|	0	0	0	
1	|	35.168991	35.168991	35.168991	|	12.939186	12.939186	12.939186	|	1	1	1	|	3.940225	3.940225	3.940225	|	0	0	0	
2	|	0.000000	0.000000	0.000000	|	0.000000	0.000000	0.000000	|	-	-	-	|	0.000000	0.000000	0.000000	|	0	0	0	
3	|	18.630947	18.630947	18.630947	|	53.098495	53.098495	53.098495	|	3	3	3	|	2.781416	2.781416	2.781416	|	0	0	0	
4	|	0.000000	0.000000	0.000000	|	0.000000	0.000000	0.000000	|	-	-	-	|	0.000000	0.000000	0.000000	|	0	0	0	
5	|	5.563553	5.563553	5.563553	|	66.284754	66.284754	66.284754	|	2	2	2	|	8.486165	8.486165	8.486165	|	0	0	0	
6	|	0.000000	0.000000	0.000000	|	0.000000	0.000000	0.000000	|	-	-	-	|	0.000000	0.000000	0.000000	|	0	0	0	
7	|	9.522254	9.522254	9.522254	|	55.795126	55.795126	55.795126	|	0	0	0	|	6.921517	6.921517	6.921517	|	0	0	0	
8	|	0.000000	0.000000	0.000000	|	0.000000	0.000000	0.000000	|	-	-	-	|	0.000000	0.000000	0.000000	|	0	0	0	
9	|	28.194253	28.194253	28.194253	|	32.105470	32.105470	32.105470	|	1	1	1	|	2.098994	2.098994	2.098994	|	0	0	0	
10	|	0.000000	0.000000	0.000000	|	0.000000	0.000000	0.000000	|	-	-	-	|	0.000000	0.000000	0.000000	|	0	0	0	
11	|	15.901502	15.901502	15.901502	|	65.965841	65.965841	65.965841	|	3	3	3	|	2.327599	2.327599	2.327599	|	0	0	0	
12	|	0.000000	0.000000	0.000000	|	0.000000	0.000000	0.000000	|	-	-	-	|	0.000000	0.000000	0.000000	|	0	0	0	
13	|	28.386716	28.386716	28.386716	|	21.883735	21.883735	21.883735	|	2	2	2	|	0.534890	0.534890	0.534890	|	0	0	0	
14	|	0.000000	0.000000	0.000000	|	0.000000	0.000000	0.000000	|	-	-	-	|	0.000000	0.000000	0.000000	|	0	0	0	
15	|	31.523489	31.523489	31.523489	|	10.709957	10.709957	10.709957	|	0	0	0	|	2.675483	2.675483	2.675483	|	0	0	0	
16	|	0.000000	0.000000	0.000000	|	0.000000	0.000000	0.000000	|	-	-	-	|	0.000000	0.000000	0.000000	|	0	0	0	
17	|	0.000000	0.000000	0.000000	|	0.000000	0.000000	0.000000	|	-	-	-	|	0.000000	0.000000	0.000000	|	0	0	0	
18	|	0.000000	0.000000	0.000000	|	0.000000	0.000000	0.000000	|	-	-	-	|	0.000000	0.000000	0.000000	|	0	0	0	
19	|	0.000000	0.000000	0.000000	|	0.000000	0.000000	0.000000	|	-	-	-	|	0.000000	0.000000	0.000000	|	0	0	0	
20	|	0.000000	0.000000	0.000000	|	0.000000	0.000000	0.000000	|	-	-	-	|	0.000000	0.000000	0.000000	|	0	0	0	
21	|	0.000000	0.000000	0.000000	|	0.000000	0.000000	0.000000	|	-	-	-	|	0.000000	0.000000	0.000000	|	0	0	0	
22	|	0.000000	0.000000	0.000000	|	0.000000	0.000000	0.000000	|	-	-	-	|	0.000000	0.000000	0.000000	|	0	0	0	
23	|	0.000000	0.000000	0.000000	|	0.000000	0.000000	0.000000	|	-	-	-	|	0.000000	0.000000	0.000000	|	0	0	0	
24	|	0.000000	0.000000	0.000000	|	0.000000	0.000000	0.000000	|	-	-	-	|	0.000000	0.000000	0.000000	|	0	0	0	
25	|	0.000000	0.000000	0.000000	|	0.000000	0.000000	0.000000	|	-	-	-	|	0.000000	0.000000	0.000000	|	0	0	0	
26	|	0.000000	0.000000	0.000000	|	0.000000	0.000000	0.000000	|	-	-	-	|	0.000000	0.000000	0.000000	|	0	0	0	
27	|	0.000000	0.000000	0.000000	|	0.000000	0.000000	0.000000	|	-	-	-	|	0.000000	0.000000	0.000000	|	0	0	0	
28	|	0.000000	0.000000	0.000000	|	0.000000	0.000000	0.000000	|	-	-	-	|	0.000000	0.000000	0.000000	|	0	0	0	
29	|	11.934623	11.934623	11.934623	|	59.619582	59.619582	59.619582	|	1	1	1	|	6.497387	6.497387	6.497387	|	0	0	0	
30	|	0.000000	0.000000	0.000000	|	0.000000	0.000000	0.000000	|	-	-	-	|	0.000000	0.000000	0.000000	|	0	0	0	
31	|	22.800289	22.800289	22.800289	|	37.578456	37.578456	37.578456	|	3	3	3	|	2.853869	2.853869	2.853869	|	0	0	0	
32	|	0.000000	0.000000	0.000000	|	0.000000	0.000000	0.000000	|	-	-	-	|	0.000000	0.000000	0.000000	|	0	0	0	
33	|	3.090173	3.090173	3.090173	|	77.024936	77.024936	77.024936	|	2	2	2	|	1.194654	1.194654	1.194654	|	0	0	0	
34	|	0.000000	0.000000	0.000000	|	0.000000	0.000000	0.000000	|	-	-	-	|	0.000000	0.000000	0.000000	|	0	0	0	
35	|	3.551494	3.551494	3.551494	|	67.765849	67.765849	67.765849	|	0	0	0	|	1.371744	1.371744	1.371744	|	0	0	0	
36	|	0.000000	0.000000	0.000000	|	0.000000	0.000000	0.000000	|	-	-	-	|	0.000000	0.000000	0.000000	|	0	0	0	
37	|	0.000000	0.000000	0.000000	|	0.000000	0.000000	0.000000	|	-	-	-	|	0.000000	0.000000	0.000000	|	0	0	0	
38	|	0.936259	0.936259	0.936259	|	68.164135	68.164135	68.164135	|	3	3	3	|	0.834392	0.834392	0.834392	|	0	0	0	
39	|	0.000000	0.000000	0.000000	|	0.000000	0.000000	0.000000	|	-	-	-	|	0.000000	0.000000	0.000000	|	0	0	0	
40	|	0.000000	0.000000	0.000000	|	0.000000	0.000000	0.000000	|	-	-	-	|	0.000000	0.000000	0.000000	|	0	0	0	
41	|	0.000000	0.000000	0.000000	|	0.000000	0.000000	0.000000	|	-	-	-	|	0.000000	0.000000	0.000000	|	0	0	0	
42	|	0.000000	0.000000	0.000000	|	0.000000	0.000000	0.000000	|	-	-	-	|	0.000000	0.000000	0.000000	|	0	0	0	
43	|	0.000000	0.000000	0.000000	|	0.000000	0.000000	0.000000	|	-	-	-	|	0.000000	0.000000	0.000000	|	0	0	0	
44	|	0.000000	0.000000	0.000000	|	0.000000	0.000000	0.000000	|	-	-	-	|	0.000000	0.000000	0.000000	|	0	0	0	
45	|	4.828308	4.828308	4.828308	|	72.640310	72.640310	72.640310	|	2	2	2	|	1.730233	1.730233	1.730233	|	0	0	0	
46	|	0.000000	0.000000	0.000000	|	0.000000	0.000000	0.000000	|	-	-	-	|	0.000000	0.000000	0.000000	|	0	0	0	
47	|	7.310848	7.310848	7.310848	|	63.381223	63.381223	63.381223	|	0	0	0	|	0.224872	0.224872	0.224872	|	0	0	0	
48	|	0.000000	0.000000	0.000000	|	0.000000	0.000000	0.000000	|	-	-	-	|	0.000000	0.000000	0.000000	|	0	0	0	
49	|	4.952215	4.952215	4.952215	|	80.063647	80.063647	80.063647	|	1	1	1	|	3.032470	3.032470	3.032470	|	0	0	0	
50	|	0.000000	0.000000	0.000000	|	0.000000	0.000000	0.000000	|	-	-	-	|	0.000000	0.000000	0.000000	|	0	0	0	
51	|	0.328612	0.328612	0.328612	|	92.690915	92.690915	92.690915	|	3	3	3	|	6.278299	6.278299	6.278299	|	0	0	0	
52	|	0.000000	0.000000	0.000000	|	0.000000	0.000000	0.000000	|	-	-	-	|	0.000000	0.000000	0.000000	|	0	0	0	
53	|	35.296376	35.296376	35.296376	|	15.343554	15.343554	15.343554	|	2	2	2	|	0.822982	0.822982	0.822982	|	0	0	0	
54	|	0.000000	0.000000	0.000000	|	0.000000	0.000000	0.000000	|	-	-	-	|	0.000000	0.000000	0.000000	|	0	0	0	
55	|	34.335658	34.335658	34.335658	|	17.250137	17.250137	17.250137	|	0	0	0	|	0.765362	0.765362	0.765362	|	0	0	0	
56	|	0.000000	0.000000	0.000000	|	0.000000	0.000000	0.000000	|	-	-	-	|	0.000000	0.000000	0.000000	|	0	0	0	
57	|	0.000000	0.000000	0.000000	|	0.000000	0.000000	0.000000	|	-	-	-	|	0.000000	0.000000	0.000000	|	0	0	0	
58	|	0.000000	0.000000	0.000000	|	0.000000	0.000000	0.000000	|	-	-	-	|	0.000000	0.000000	0.000000	|	0	0	0	
59	|	0.000000	0.000000	0.000000	|	0.000000	0.000000	0.000000	|	-	-	-	|	0.000000	0.000000	0.000000	|	0	0	0	
60	|	3.900099	3.900099	3.900099	|	88.809960	88.809960	88.809960	|	1	1	1	|	2.981748	2.981748	2.981748	|	0	0	0	
61	|	0.000000	0.000000	0.000000	|	0.000000	0.000000	0.000000	|	-	-	-	|	0.000000	0.000000	0.000000	|	0	0	0	
62	|	13.758079	13.758079	13.758079	|	67.330657	67.330657	67.330657	|	1	1	1	|	1.781844	1.781844	1.781844	|	0	0	0	
63	|	26.974981	26.974981	26.974981	|	9.434820	9.434820	9.434820	|	2	2	2	|	3.014185	3.014185	3.014185	|	0	0	0	
64	|	24.107709	24.107709	24.107709	|	23.860055	23.860055	23.860055	|	1	1	1	|	3.678848	3.678848	3.678848	|	0	0	0	
65	|	0.000000	0.000000	0.000000	|	0.000000	0.000000	0.000000	|	-	-	-	|	0.000000	0.000000	0.000000	|	0	0	0	
66	|	18.437391	18.437391	18.437391	|	37.387813	37.387813	37.387813	|	2	2	2	|	4.372356	4.372356	4.372356	|	0	0	0	
67	|	0.000000	0.000000	0.000000	|	0.000000	0.000000	0.000000	|	-	-	-	|	0.000000	0.000000	0.000000	|	0	0	0	
68	|	0.828709	0.828709	0.828709	|	91.618199	91.618199	91.618199	|	0	0	0	|	3.116743	3.116743	3.116743	|	0	0	0	
69	|	4.363838	4.363838	4.363838	|	61.863443	61.863443	61.863443	|	0	0	0	|	1.914655	1.914655	1.914655	|	0	0	0	
70	|	1.348367	1.348367	1.348367	|	82.411222	82.411222	82.411222	|	0	0	0	|	4.525992	4.525992	4.525992	|	0	0	0	
71	|	29.059481	29.059481	29.059481	|	27.615826	27.615826	27.615826	|	0	0	0	|	2.391930	2.391930	2.391930	|	0	0	0	
72	|	0.000000	0.000000	0.000000	|	0.000000	0.000000	0.000000	|	-	-	-	|	0.000000	0.000000	0.000000	|	0	0	0	
73	|	25.967707	25.967707	25.967707	|	26.169777	26.169777	26.169777	|	3	3	3	|	6.837445	6.837445	6.837445	|	0	0	0	
74	|	0.000000	0.000000	0.000000	|	0.000000	0.000000	0.000000	|	-	-	-	|	0.000000	0.000000	0.000000	|	0	0	0	
