__________________________________
          WINNING VECTORS         
__________________________________
Subtasks:			[IR_{}		IR_{MW}		MW_{}		MW_{IR}	|	IR_{}		IR_{MW}		MW_{}		MW_{IR}	|	IR_{}		IR_{MW}		MW_{}		MW_{IR}	|	IR_{}		IR_{MW}		MW_{}		MW_{IR}	|	IR_{}		IR_{MW}		MW_{}		MW_{IR}	|	IR_{}		IR_{MW}		MW_{}		MW_{IR}	|	IR_{}		IR_{MW}		MW_{}		MW_{IR}	|	IR_{}		IR_{MW}		MW_{}		MW_{IR}	|	IR_{}		IR_{MW}		MW_{}		MW_{IR}	|	IR_{}		IR_{MW}		MW_{}		MW_{IR}	|	IR_{}		IR_{MW}		MW_{}		MW_{IR}	|	IR_{}		IR_{MW}		MW_{}		MW_{IR}	|	IR_{}		IR_{MW}		MW_{}		MW_{IR}	|	IR_{}		IR_{MW}		MW_{}		MW_{IR}	|	IR_{}		IR_{MW}		MW_{}		MW_{IR}	|	IR_{}	|	IR_{}	|	IR_{}	|	IR_{}	|	IR_{}	|	IR_{}	|	IR_{}	|	IR_{}	|	MW_{}	|	MW_{}	|	MW_{}	|	MW_{}	|	MW_{}	|	MW_{}	|	MW_{}	]
Bids Score:			[0.000		0.959		0.000		0.656	|	0.000		0.000		0.000		0.000	|	0.499		0.000		0.000		0.000	|	0.000		0.000		0.000		0.000	|	0.000		15.436		0.000		25.879	|	0.000		26.223		0.000		19.824	|	0.000		4.794		0.000		3.140	|	24.263		0.000		0.000		0.000	|	0.000		19.984		0.000		15.486	|	0.000		0.727		0.000		0.492	|	0.000		0.000		2.964		0.000	|	3.125		0.000		0.000		0.000	|	0.000		0.000		23.080		0.000	|	0.000		9.751		0.000		10.764	|	0.000		0.000		0.000		0.000	|	13.789	|	29.703	|	25.918	|	0.000	|	0.000	|	0.000	|	0.681	|	0.000	|	2.412	|	27.481	|	15.992	|	21.453	|	18.916	|	6.185	|	0.000	]
Measurement Time:	[0.00		86.75		0.00		94.47	|	0.00		0.00		0.00		0.00	|	53.01		0.00		0.00		0.00	|	0.00		0.00		0.00		0.00	|	0.00		35.38		0.00		11.00	|	0.00		17.47		0.00		35.05	|	0.00		79.41		0.00		87.12	|	4.82		0.00		0.00		0.00	|	0.00		30.42		0.00		42.16	|	0.00		82.39		0.00		90.10	|	0.00		0.00		55.76		0.00	|	45.23		0.00		0.00		0.00	|	0.00		0.00		3.08		0.00	|	0.00		39.08		0.00		33.49	|	0.00		0.00		0.00		0.00	|	25.02	|	10.11	|	19.53	|	0.00	|	0.00	|	0.00	|	61.75	|	0.00	|	67.65	|	24.65	|	14.33	|	24.45	|	50.93	|	44.68	|	0.000	]
Iteration Assigned:	[0			662			0			578		|	0			0			0			0		|	358			0			0			0		|	0			0			0			0		|	0			16			0			16		|	0			16			0			16		|	0			528			0			490		|	16			0			0			0		|	0			266			0			350		|	0			572			0			534		|	0			0			360			0		|	252			0			0			0		|	0			0			16			0		|	0			266			0			350		|	0			0			0			0		|	16		|	6		|	6		|	0		|	0		|	0		|	320		|	0		|	450		|	16		|	142		|	16		|	394		|	264		|	0		]
Winners:			[-			3			-			-		|	-			-			-			-		|	1			-			-			-		|	-			-			-			-		|	-			1			-			2		|	-			3			-			2		|	-			3			-			-		|	3			-			-			-		|	-			3			-			-		|	-			3			-			-		|	-			-			2			-		|	1			-			-			-		|	-			-			-			-		|	-			3			-			-		|	-			-			-			-		|	3		|	1		|	1		|	-		|	-		|	-		|	3		|	-		|	-		|	2		|	-		|	-		|	-		|	2		|	-		]

__________________________________
        PERFORMANCE METRICS       
__________________________________
Coalitions Formed:		7
Coalitions Available:	15
Coalition Ratio:		46.67%

Score Achieved:			469.753
Score Available:		1077.339
Score Ratio:			43.60%

Merge Cost:				0.000000
Split Cost:				0.000000

Avg Cost per Research:	51.97%

Tasks Done:				22
Tasks Available:		30
Tasks Done Ratio:		73.33%

Tasks done w/ 1 sens:	15
Tasks done w/ 2 sens:	7
Tasks done w/ 3 sens:	0

Planning Horizon:		3

__________________________________
           AGENT LIST             
__________________________________
Agent Number:			1
Planning Horizon:		3
Max Const Iteration:	2
Max Solo Bids:			2
Max Any Bids:			5
Iteration Counter:		399
Final Resources:		30.161511

Location:				[21.068		35.872		0.000]
Sensor List:			[IR]
Bundle:					[61			62			17			44			8]
Path:					[61			62			17			44			8]
X-Path:
[	20.281	45.952	0.000,
	29.039	49.429	0.000,
	34.299	34.479	0.000,
	39.704	42.705	0.000,
	44.282	36.411	0.000,]
Time Assignments:		[10.110		19.534		35.383		45.226		53.009]

**********************************
Agent Number:			2
Planning Horizon:		3
Max Const Iteration:	2
Max Solo Bids:			2
Max Any Bids:			5
Iteration Counter:		479
Final Resources:		26.554579

Location:				[45.046		32.115		0.000]
Sensor List:			[MW]
Bundle:					[19			69			23			73			42]
Path:					[19			69			23			73			42]
X-Path:
[	34.299	34.479	0.000,
	20.709	35.737	0.000,
	10.529	37.835	0.000,
	3.553	31.190	0.000,
	2.390	42.214	0.000,]
Time Assignments:		[11.003		24.652		35.045		44.680		55.765]

**********************************
Agent Number:			3
Planning Horizon:		3
Max Const Iteration:	2
Max Solo Bids:			2
Max Any Bids:			5
Iteration Counter:		785
Final Resources:		15.329424

Location:				[6.864		24.822		0.000]
Sensor List:			[IR]
Bundle:					[28			21			60			33			53			66			25			37			1]
Path:					[28			21			60			33			53			66			25			37			1]
X-Path:
[	2.980	27.682	0.000,
	10.529	37.835	0.000,
	16.967	33.905	0.000,
	13.752	29.567	0.000,
	22.187	31.553	0.000,
	24.709	9.025	0.000,
	42.168	11.659	0.000,
	41.137	14.457	0.000,
	40.385	18.754	0.000,]
Time Assignments:		[4.823		17.475		25.017		30.417		39.082		61.751		79.407		82.388		86.751]
__________________________________
            TASK LIST             
__________________________________
Task Number:		0
Maximum Score:		20.368685
Subtask Cost:		0.011400
Number of Sensors:	2
Number of Subtasks:	4

Location:			[40.385443, 18.754017, 0.000000]
Sensor List:		[IR, MW]
Subtask List:		[IR_{}, IR_{MW}, MW_{}, MW_{IR}]

Time Constraints:
Start Time:		0.000000
End Time:		Infinity
Task Duration:	0.000000
Corr Time:		Infinity
Lambda:			0.015000
Dependency Matrix:
   [0	-1	-1	-1
	-1	0	-1	1
	-1	-1	0	-1
	-1	1	-1	0]

Time Constraint Matrix:
   [Infinity	Infinity	Infinity	Infinity
	Infinity	Infinity	Infinity	Infinity
	Infinity	Infinity	Infinity	Infinity
	Infinity	Infinity	Infinity	Infinity]


**********************************
Task Number:		1
Maximum Score:		50.776241
Subtask Cost:		0.011400
Number of Sensors:	2
Number of Subtasks:	4

Location:			[5.653007, 7.143223, 0.000000]
Sensor List:		[IR, MW]
Subtask List:		[IR_{}, IR_{MW}, MW_{}, MW_{IR}]

Time Constraints:
Start Time:		0.000000
End Time:		Infinity
Task Duration:	0.000000
Corr Time:		Infinity
Lambda:			0.015000
Dependency Matrix:
   [0	-1	-1	-1
	-1	0	-1	1
	-1	-1	0	-1
	-1	1	-1	0]

Time Constraint Matrix:
   [Infinity	Infinity	Infinity	Infinity
	Infinity	Infinity	Infinity	Infinity
	Infinity	Infinity	Infinity	Infinity
	Infinity	Infinity	Infinity	Infinity]


**********************************
Task Number:		2
Maximum Score:		21.838010
Subtask Cost:		0.011400
Number of Sensors:	2
Number of Subtasks:	4

Location:			[44.282099, 36.411149, 0.000000]
Sensor List:		[IR, MW]
Subtask List:		[IR_{}, IR_{MW}, MW_{}, MW_{IR}]

Time Constraints:
Start Time:		0.000000
End Time:		Infinity
Task Duration:	0.000000
Corr Time:		Infinity
Lambda:			0.015000
Dependency Matrix:
   [0	-1	-1	-1
	-1	0	-1	1
	-1	-1	0	-1
	-1	1	-1	0]

Time Constraint Matrix:
   [Infinity	Infinity	Infinity	Infinity
	Infinity	Infinity	Infinity	Infinity
	Infinity	Infinity	Infinity	Infinity
	Infinity	Infinity	Infinity	Infinity]


**********************************
Task Number:		3
Maximum Score:		29.095150
Subtask Cost:		0.011400
Number of Sensors:	2
Number of Subtasks:	4

Location:			[33.720060, 4.705995, 0.000000]
Sensor List:		[IR, MW]
Subtask List:		[IR_{}, IR_{MW}, MW_{}, MW_{IR}]

Time Constraints:
Start Time:		0.000000
End Time:		Infinity
Task Duration:	0.000000
Corr Time:		Infinity
Lambda:			0.015000
Dependency Matrix:
   [0	-1	-1	-1
	-1	0	-1	1
	-1	-1	0	-1
	-1	1	-1	0]

Time Constraint Matrix:
   [Infinity	Infinity	Infinity	Infinity
	Infinity	Infinity	Infinity	Infinity
	Infinity	Infinity	Infinity	Infinity
	Infinity	Infinity	Infinity	Infinity]


**********************************
Task Number:		4
Maximum Score:		69.787372
Subtask Cost:		0.011400
Number of Sensors:	2
Number of Subtasks:	4

Location:			[34.299458, 34.478523, 0.000000]
Sensor List:		[IR, MW]
Subtask List:		[IR_{}, IR_{MW}, MW_{}, MW_{IR}]

Time Constraints:
Start Time:		0.000000
End Time:		Infinity
Task Duration:	0.000000
Corr Time:		Infinity
Lambda:			0.015000
Dependency Matrix:
   [0	-1	-1	-1
	-1	0	-1	1
	-1	-1	0	-1
	-1	1	-1	0]

Time Constraint Matrix:
   [Infinity	Infinity	Infinity	Infinity
	Infinity	Infinity	Infinity	Infinity
	Infinity	Infinity	Infinity	Infinity
	Infinity	Infinity	Infinity	Infinity]


**********************************
Task Number:		5
Maximum Score:		79.018849
Subtask Cost:		0.011400
Number of Sensors:	2
Number of Subtasks:	4

Location:			[10.529343, 37.835099, 0.000000]
Sensor List:		[IR, MW]
Subtask List:		[IR_{}, IR_{MW}, MW_{}, MW_{IR}]

Time Constraints:
Start Time:		0.000000
End Time:		Infinity
Task Duration:	0.000000
Corr Time:		Infinity
Lambda:			0.015000
Dependency Matrix:
   [0	-1	-1	-1
	-1	0	-1	1
	-1	-1	0	-1
	-1	1	-1	0]

Time Constraint Matrix:
   [Infinity	Infinity	Infinity	Infinity
	Infinity	Infinity	Infinity	Infinity
	Infinity	Infinity	Infinity	Infinity
	Infinity	Infinity	Infinity	Infinity]


**********************************
Task Number:		6
Maximum Score:		68.419629
Subtask Cost:		0.011400
Number of Sensors:	2
Number of Subtasks:	4

Location:			[42.167722, 11.658690, 0.000000]
Sensor List:		[IR, MW]
Subtask List:		[IR_{}, IR_{MW}, MW_{}, MW_{IR}]

Time Constraints:
Start Time:		0.000000
End Time:		Infinity
Task Duration:	0.000000
Corr Time:		Infinity
Lambda:			0.015000
Dependency Matrix:
   [0	-1	-1	-1
	-1	0	-1	1
	-1	-1	0	-1
	-1	1	-1	0]

Time Constraint Matrix:
   [Infinity	Infinity	Infinity	Infinity
	Infinity	Infinity	Infinity	Infinity
	Infinity	Infinity	Infinity	Infinity
	Infinity	Infinity	Infinity	Infinity]


**********************************
Task Number:		7
Maximum Score:		84.521402
Subtask Cost:		0.011400
Number of Sensors:	2
Number of Subtasks:	4

Location:			[2.980472, 27.682476, 0.000000]
Sensor List:		[IR, MW]
Subtask List:		[IR_{}, IR_{MW}, MW_{}, MW_{IR}]

Time Constraints:
Start Time:		0.000000
End Time:		Infinity
Task Duration:	0.000000
Corr Time:		Infinity
Lambda:			0.015000
Dependency Matrix:
   [0	-1	-1	-1
	-1	0	-1	1
	-1	-1	0	-1
	-1	1	-1	0]

Time Constraint Matrix:
   [Infinity	Infinity	Infinity	Infinity
	Infinity	Infinity	Infinity	Infinity
	Infinity	Infinity	Infinity	Infinity
	Infinity	Infinity	Infinity	Infinity]


**********************************
Task Number:		8
Maximum Score:		69.731715
Subtask Cost:		0.011400
Number of Sensors:	2
Number of Subtasks:	4

Location:			[13.752167, 29.566848, 0.000000]
Sensor List:		[IR, MW]
Subtask List:		[IR_{}, IR_{MW}, MW_{}, MW_{IR}]

Time Constraints:
Start Time:		0.000000
End Time:		Infinity
Task Duration:	0.000000
Corr Time:		Infinity
Lambda:			0.015000
Dependency Matrix:
   [0	-1	-1	-1
	-1	0	-1	1
	-1	-1	0	-1
	-1	1	-1	0]

Time Constraint Matrix:
   [Infinity	Infinity	Infinity	Infinity
	Infinity	Infinity	Infinity	Infinity
	Infinity	Infinity	Infinity	Infinity
	Infinity	Infinity	Infinity	Infinity]


**********************************
Task Number:		9
Maximum Score:		14.774175
Subtask Cost:		0.011400
Number of Sensors:	2
Number of Subtasks:	4

Location:			[41.137084, 14.456551, 0.000000]
Sensor List:		[IR, MW]
Subtask List:		[IR_{}, IR_{MW}, MW_{}, MW_{IR}]

Time Constraints:
Start Time:		0.000000
End Time:		Infinity
Task Duration:	0.000000
Corr Time:		Infinity
Lambda:			0.015000
Dependency Matrix:
   [0	-1	-1	-1
	-1	0	-1	1
	-1	-1	0	-1
	-1	1	-1	0]

Time Constraint Matrix:
   [Infinity	Infinity	Infinity	Infinity
	Infinity	Infinity	Infinity	Infinity
	Infinity	Infinity	Infinity	Infinity
	Infinity	Infinity	Infinity	Infinity]


**********************************
Task Number:		10
Maximum Score:		46.346682
Subtask Cost:		0.011400
Number of Sensors:	2
Number of Subtasks:	4

Location:			[2.390279, 42.214318, 0.000000]
Sensor List:		[IR, MW]
Subtask List:		[IR_{}, IR_{MW}, MW_{}, MW_{IR}]

Time Constraints:
Start Time:		0.000000
End Time:		Infinity
Task Duration:	0.000000
Corr Time:		Infinity
Lambda:			0.015000
Dependency Matrix:
   [0	-1	-1	-1
	-1	0	-1	1
	-1	-1	0	-1
	-1	1	-1	0]

Time Constraint Matrix:
   [Infinity	Infinity	Infinity	Infinity
	Infinity	Infinity	Infinity	Infinity
	Infinity	Infinity	Infinity	Infinity
	Infinity	Infinity	Infinity	Infinity]


**********************************
Task Number:		11
Maximum Score:		38.430166
Subtask Cost:		0.011400
Number of Sensors:	2
Number of Subtasks:	4

Location:			[39.704341, 42.705017, 0.000000]
Sensor List:		[IR, MW]
Subtask List:		[IR_{}, IR_{MW}, MW_{}, MW_{IR}]

Time Constraints:
Start Time:		0.000000
End Time:		Infinity
Task Duration:	0.000000
Corr Time:		Infinity
Lambda:			0.015000
Dependency Matrix:
   [0	-1	-1	-1
	-1	0	-1	1
	-1	-1	0	-1
	-1	1	-1	0]

Time Constraint Matrix:
   [Infinity	Infinity	Infinity	Infinity
	Infinity	Infinity	Infinity	Infinity
	Infinity	Infinity	Infinity	Infinity
	Infinity	Infinity	Infinity	Infinity]


**********************************
Task Number:		12
Maximum Score:		77.059346
Subtask Cost:		0.011400
Number of Sensors:	2
Number of Subtasks:	4

Location:			[45.273410, 18.882948, 0.000000]
Sensor List:		[IR, MW]
Subtask List:		[IR_{}, IR_{MW}, MW_{}, MW_{IR}]

Time Constraints:
Start Time:		0.000000
End Time:		Infinity
Task Duration:	0.000000
Corr Time:		Infinity
Lambda:			0.015000
Dependency Matrix:
   [0	-1	-1	-1
	-1	0	-1	1
	-1	-1	0	-1
	-1	1	-1	0]

Time Constraint Matrix:
   [Infinity	Infinity	Infinity	Infinity
	Infinity	Infinity	Infinity	Infinity
	Infinity	Infinity	Infinity	Infinity
	Infinity	Infinity	Infinity	Infinity]


**********************************
Task Number:		13
Maximum Score:		45.974396
Subtask Cost:		0.011400
Number of Sensors:	2
Number of Subtasks:	4

Location:			[22.186631, 31.552777, 0.000000]
Sensor List:		[IR, MW]
Subtask List:		[IR_{}, IR_{MW}, MW_{}, MW_{IR}]

Time Constraints:
Start Time:		0.000000
End Time:		Infinity
Task Duration:	0.000000
Corr Time:		Infinity
Lambda:			0.015000
Dependency Matrix:
   [0	-1	-1	-1
	-1	0	-1	1
	-1	-1	0	-1
	-1	1	-1	0]

Time Constraint Matrix:
   [Infinity	Infinity	Infinity	Infinity
	Infinity	Infinity	Infinity	Infinity
	Infinity	Infinity	Infinity	Infinity
	Infinity	Infinity	Infinity	Infinity]


**********************************
Task Number:		14
Maximum Score:		2.741577
Subtask Cost:		0.011400
Number of Sensors:	2
Number of Subtasks:	4

Location:			[11.247941, 4.596443, 0.000000]
Sensor List:		[IR, MW]
Subtask List:		[IR_{}, IR_{MW}, MW_{}, MW_{IR}]

Time Constraints:
Start Time:		0.000000
End Time:		Infinity
Task Duration:	0.000000
Corr Time:		Infinity
Lambda:			0.015000
Dependency Matrix:
   [0	-1	-1	-1
	-1	0	-1	1
	-1	-1	0	-1
	-1	1	-1	0]

Time Constraint Matrix:
   [Infinity	Infinity	Infinity	Infinity
	Infinity	Infinity	Infinity	Infinity
	Infinity	Infinity	Infinity	Infinity
	Infinity	Infinity	Infinity	Infinity]


**********************************
Task Number:		15
Maximum Score:		24.026708
Subtask Cost:		0.011400
Number of Sensors:	1
Number of Subtasks:	1

Location:			[16.967152, 33.905272, 0.000000]
Sensor List:		[IR]
Subtask List:		[IR_{}]

Time Constraints:
Start Time:		0.000000
End Time:		Infinity
Task Duration:	0.000000
Corr Time:		Infinity
Lambda:			0.015000
Dependency Matrix:
   [0]

Time Constraint Matrix:
   [Infinity]


**********************************
Task Number:		16
Maximum Score:		38.583259
Subtask Cost:		0.011400
Number of Sensors:	1
Number of Subtasks:	1

Location:			[20.280839, 45.951932, 0.000000]
Sensor List:		[IR]
Subtask List:		[IR_{}]

Time Constraints:
Start Time:		0.000000
End Time:		Infinity
Task Duration:	0.000000
Corr Time:		Infinity
Lambda:			0.015000
Dependency Matrix:
   [0]

Time Constraint Matrix:
   [Infinity]


**********************************
Task Number:		17
Maximum Score:		39.105425
Subtask Cost:		0.011400
Number of Sensors:	1
Number of Subtasks:	1

Location:			[29.039117, 49.429324, 0.000000]
Sensor List:		[IR]
Subtask List:		[IR_{}]

Time Constraints:
Start Time:		0.000000
End Time:		Infinity
Task Duration:	0.000000
Corr Time:		Infinity
Lambda:			0.015000
Dependency Matrix:
   [0]

Time Constraint Matrix:
   [Infinity]


**********************************
Task Number:		18
Maximum Score:		5.685730
Subtask Cost:		0.011400
Number of Sensors:	1
Number of Subtasks:	1

Location:			[20.370966, 14.539979, 0.000000]
Sensor List:		[IR]
Subtask List:		[IR_{}]

Time Constraints:
Start Time:		0.000000
End Time:		Infinity
Task Duration:	0.000000
Corr Time:		Infinity
Lambda:			0.015000
Dependency Matrix:
   [0]

Time Constraint Matrix:
   [Infinity]


**********************************
Task Number:		19
Maximum Score:		13.219423
Subtask Cost:		0.011400
Number of Sensors:	1
Number of Subtasks:	1

Location:			[3.691781, 14.322372, 0.000000]
Sensor List:		[IR]
Subtask List:		[IR_{}]

Time Constraints:
Start Time:		0.000000
End Time:		Infinity
Task Duration:	0.000000
Corr Time:		Infinity
Lambda:			0.015000
Dependency Matrix:
   [0]

Time Constraint Matrix:
   [Infinity]


**********************************
Task Number:		20
Maximum Score:		4.726579
Subtask Cost:		0.011400
Number of Sensors:	1
Number of Subtasks:	1

Location:			[40.376553, 26.618220, 0.000000]
Sensor List:		[IR]
Subtask List:		[IR_{}]

Time Constraints:
Start Time:		0.000000
End Time:		Infinity
Task Duration:	0.000000
Corr Time:		Infinity
Lambda:			0.015000
Dependency Matrix:
   [0]

Time Constraint Matrix:
   [Infinity]


**********************************
Task Number:		21
Maximum Score:		19.471659
Subtask Cost:		0.011400
Number of Sensors:	1
Number of Subtasks:	1

Location:			[24.708949, 9.025347, 0.000000]
Sensor List:		[IR]
Subtask List:		[IR_{}]

Time Constraints:
Start Time:		0.000000
End Time:		Infinity
Task Duration:	0.000000
Corr Time:		Infinity
Lambda:			0.015000
Dependency Matrix:
   [0]

Time Constraint Matrix:
   [Infinity]


**********************************
Task Number:		22
Maximum Score:		1.715491
Subtask Cost:		0.011400
Number of Sensors:	1
Number of Subtasks:	1

Location:			[17.901120, 48.271025, 0.000000]
Sensor List:		[IR]
Subtask List:		[IR_{}]

Time Constraints:
Start Time:		0.000000
End Time:		Infinity
Task Duration:	0.000000
Corr Time:		Infinity
Lambda:			0.015000
Dependency Matrix:
   [0]

Time Constraint Matrix:
   [Infinity]


**********************************
Task Number:		23
Maximum Score:		21.367903
Subtask Cost:		0.011400
Number of Sensors:	1
Number of Subtasks:	1

Location:			[23.762564, 18.017166, 0.000000]
Sensor List:		[MW]
Subtask List:		[MW_{}]

Time Constraints:
Start Time:		0.000000
End Time:		Infinity
Task Duration:	0.000000
Corr Time:		Infinity
Lambda:			0.015000
Dependency Matrix:
   [0]

Time Constraint Matrix:
   [Infinity]


**********************************
Task Number:		24
Maximum Score:		46.231880
Subtask Cost:		0.011400
Number of Sensors:	1
Number of Subtasks:	1

Location:			[20.708670, 35.736955, 0.000000]
Sensor List:		[MW]
Subtask List:		[MW_{}]

Time Constraints:
Start Time:		0.000000
End Time:		Infinity
Task Duration:	0.000000
Corr Time:		Infinity
Lambda:			0.015000
Dependency Matrix:
   [0]

Time Constraint Matrix:
   [Infinity]


**********************************
Task Number:		25
Maximum Score:		24.508729
Subtask Cost:		0.011400
Number of Sensors:	1
Number of Subtasks:	1

Location:			[34.962620, 23.386052, 0.000000]
Sensor List:		[MW]
Subtask List:		[MW_{}]

Time Constraints:
Start Time:		0.000000
End Time:		Infinity
Task Duration:	0.000000
Corr Time:		Infinity
Lambda:			0.015000
Dependency Matrix:
   [0]

Time Constraint Matrix:
   [Infinity]


**********************************
Task Number:		26
Maximum Score:		35.947335
Subtask Cost:		0.011400
Number of Sensors:	1
Number of Subtasks:	1

Location:			[31.141631, 32.763145, 0.000000]
Sensor List:		[MW]
Subtask List:		[MW_{}]

Time Constraints:
Start Time:		0.000000
End Time:		Infinity
Task Duration:	0.000000
Corr Time:		Infinity
Lambda:			0.015000
Dependency Matrix:
   [0]

Time Constraint Matrix:
   [Infinity]


**********************************
Task Number:		27
Maximum Score:		47.204098
Subtask Cost:		0.011400
Number of Sensors:	1
Number of Subtasks:	1

Location:			[7.833888, 23.084790, 0.000000]
Sensor List:		[MW]
Subtask List:		[MW_{}]

Time Constraints:
Start Time:		0.000000
End Time:		Infinity
Task Duration:	0.000000
Corr Time:		Infinity
Lambda:			0.015000
Dependency Matrix:
   [0]

Time Constraint Matrix:
   [Infinity]


**********************************
Task Number:		28
Maximum Score:		18.570498
Subtask Cost:		0.011400
Number of Sensors:	1
Number of Subtasks:	1

Location:			[3.553263, 31.190381, 0.000000]
Sensor List:		[MW]
Subtask List:		[MW_{}]

Time Constraints:
Start Time:		0.000000
End Time:		Infinity
Task Duration:	0.000000
Corr Time:		Infinity
Lambda:			0.015000
Dependency Matrix:
   [0]

Time Constraint Matrix:
   [Infinity]


**********************************
Task Number:		29
Maximum Score:		18.091072
Subtask Cost:		0.011400
Number of Sensors:	1
Number of Subtasks:	1

Location:			[38.300616, 32.567499, 0.000000]
Sensor List:		[MW]
Subtask List:		[MW_{}]

Time Constraints:
Start Time:		0.000000
End Time:		Infinity
Task Duration:	0.000000
Corr Time:		Infinity
Lambda:			0.015000
Dependency Matrix:
   [0]

Time Constraint Matrix:
   [Infinity]

