__________________________________
          WINNING VECTORS         
__________________________________
Subtasks:			[IR_{}		IR_{MW}		MW_{}		MW_{IR}	|	IR_{}		IR_{MW}		MW_{}		MW_{IR}	|	IR_{}		IR_{MW}		MW_{}		MW_{IR}	|	IR_{}		IR_{MW}		MW_{}		MW_{IR}	|	IR_{}		IR_{MW}		MW_{}		MW_{IR}	|	IR_{}		IR_{MW}		MW_{}		MW_{IR}	|	IR_{}		IR_{MW}		MW_{}		MW_{IR}	|	IR_{}		IR_{MW}		MW_{}		MW_{IR}	|	IR_{}		IR_{MW}		MW_{}		MW_{IR}	|	IR_{}		IR_{MW}		MW_{}		MW_{IR}	|	IR_{}		IR_{MW}		MW_{}		MW_{IR}	|	IR_{}		IR_{MW}		MW_{}		MW_{IR}	|	IR_{}		IR_{MW}		MW_{}		MW_{IR}	|	IR_{}		IR_{MW}		MW_{}		MW_{IR}	|	IR_{}		IR_{MW}		MW_{}		MW_{IR}	|	IR_{}		IR_{MW}		MW_{}		MW_{IR}	|	IR_{}		IR_{MW}		MW_{}		MW_{IR}	|	IR_{}		IR_{MW}		MW_{}		MW_{IR}	|	IR_{}		IR_{MW}		MW_{}		MW_{IR}	|	IR_{}		IR_{MW}		MW_{}		MW_{IR}	]
Bids Score:			[0.000		31.975		0.000		29.972	|	0.000		14.752		0.000		13.702	|	0.000		22.935		0.000		21.486	|	0.000		15.206		0.000		14.024	|	0.000		37.565		0.000		36.419	|	0.000		16.129		0.000		15.012	|	0.000		19.454		0.000		19.088	|	0.000		15.404		0.000		15.074	|	0.000		0.000		0.000		0.000	|	0.000		22.281		0.000		20.850	|	0.000		31.881		0.000		29.797	|	0.000		10.448		0.000		9.629	|	0.000		23.509		0.000		23.082	|	0.000		17.819		0.000		16.652	|	0.000		40.408		0.000		33.110	|	0.000		0.000		0.000		0.000	|	0.000		17.220		0.000		16.944	|	0.000		6.570		0.000		5.906	|	0.000		8.486		0.000		8.230	|	0.000		4.562		0.000		3.945	]
Measurement Time:	[0.00		20.84		0.00		24.84	|	0.00		53.98		0.00		57.98	|	0.00		24.44		0.00		28.44	|	0.00		38.12		0.00		42.12	|	0.00		7.07		0.00		8.06	|	0.00		43.78		0.00		47.78	|	0.00		26.97		0.00		27.96	|	0.00		39.78		0.00		40.77	|	0.00		0.00		0.00		0.00	|	0.00		28.68		0.00		32.68	|	0.00		16.36		0.00		20.36	|	0.00		69.63		0.00		73.63	|	0.00		17.12		0.00		18.11	|	0.00		47.90		0.00		51.90	|	0.00		9.15		0.00		13.15	|	0.00		0.00		0.00		0.00	|	0.00		42.60		0.00		43.60	|	0.00		62.93		0.00		66.93	|	0.00		59.01		0.00		60.00	|	0.00		80.81		0.00		84.814	]
Iteration Assigned:	[0			12			0			12		|	0			45			0			45		|	0			12			0			12		|	0			23			0			23		|	0			1			0			1		|	0			34			0			34		|	0			13			0			13		|	0			13			0			13		|	0			0			0			0		|	0			23			0			23		|	0			1			0			1		|	0			56			0			56		|	0			1			0			1		|	0			34			0			34		|	0			1			0			1		|	0			0			0			0		|	0			24			0			24		|	0			45			0			45		|	0			24			0			24		|	0			56			0			56		]
Winners:			[-			3			-			4		|	-			3			-			4		|	-			3			-			4		|	-			3			-			4		|	-			1			-			2		|	-			3			-			4		|	-			1			-			2		|	-			1			-			2		|	-			-			-			-		|	-			3			-			4		|	-			3			-			4		|	-			3			-			4		|	-			1			-			2		|	-			3			-			4		|	-			3			-			4		|	-			-			-			-		|	-			1			-			2		|	-			3			-			4		|	-			1			-			2		|	-			3			-			4		]

__________________________________
        PERFORMANCE METRICS       
__________________________________
Coalitions Formed:		18
Coalitions Available:	20
Coalition Ratio:		90.00%

Score Achieved:			840.573
Score Available:		1537.649
Score Ratio:			54.67%

Merge Cost:				0.000000
Split Cost:				0.000000

Avg Cost per Research:	37.76%

Tasks Done:				18
Tasks Available:		20
Tasks Done Ratio:		90.00%

Tasks done w/ 1 sens:	0
Tasks done w/ 2 sens:	18
Tasks done w/ 3 sens:	0

Planning Horizon:		2

__________________________________
           AGENT LIST             
__________________________________
Agent Number:			1
Planning Horizon:		2
Max Const Iteration:	2
Max Solo Bids:			5
Max Any Bids:			10
Iteration Counter:		66
Resources:				100.000000

Location:				[0.000		0.000		0.000]
Sensor List:			[IR]
Bundle:					[17			49			25			29			65			73]
Path:					[17			49			25			29			65			73]
Time Assignments:		[7.071		17.121		26.970		39.776		42.604		59.006]
Doing Iterations:		[11		12		23		34		35		3637		38		39		40		41		42		43		44		45		46		47		48		49		50		51		52		53		54		55		56		57		58		59		60		61		62		63		64		65		66		]


**********************************
Agent Number:			2
Planning Horizon:		2
Max Const Iteration:	2
Max Solo Bids:			5
Max Any Bids:			10
Iteration Counter:		66
Resources:				100.000000

Location:				[0.000		0.000		0.000]
Sensor List:			[MW]
Bundle:					[19			51			27			31			67			75]
Path:					[19			51			27			31			67			75]
Time Assignments:		[8.062		18.112		27.961		40.767		43.596		59.997]
Doing Iterations:		[11		12		23		34		35		3637		38		39		40		41		42		43		44		45		46		47		48		49		50		51		52		53		54		55		56		57		58		59		60		61		62		63		64		65		66		]


**********************************
Agent Number:			3
Planning Horizon:		2
Max Const Iteration:	2
Max Solo Bids:			5
Max Any Bids:			10
Iteration Counter:		66
Resources:				100.000000

Location:				[0.000		0.000		0.000]
Sensor List:			[IR]
Bundle:					[57			41			1			9			37			13			21			53			5			69			45			77]
Path:					[57			41			1			9			37			13			21			53			5			69			45			77]
Time Assignments:		[9.153		16.364		20.836		24.442		28.684		38.118		43.775		47.898		53.981		62.925		69.634		80.814]
Doing Iterations:		[11		22		33		44		55		66		]


**********************************
Agent Number:			4
Planning Horizon:		2
Max Const Iteration:	2
Max Solo Bids:			5
Max Any Bids:			10
Iteration Counter:		66
Resources:				100.000000

Location:				[0.000		0.000		0.000]
Sensor List:			[MW]
Bundle:					[59			43			3			11			39			15			23			55			7			71			47			79]
Path:					[59			43			3			11			39			15			23			55			7			71			47			79]
Time Assignments:		[13.153		20.364		24.836		28.442		32.684		42.118		47.775		51.898		57.981		66.925		73.634		84.814]
Doing Iterations:		[11		22		33		44		55		66		]

__________________________________
            TASK LIST             
__________________________________
Task Number:		0
Maximum Score:		94.015543
Subtask Cost:		0.000000
Number of Sensors:	2.000000
Number of Subtasks:	4

Location:			[8.000000, 40.000000, 0.000000]
Sensor List:		[IR, MW]
Subtask List:		[IR_{}, IR_{MW}, MW_{}, MW_{IR}]

Time Constraints:
Start Time:		0.000000
End Time:		Infinity
Task Duration:	0.218509
Corr Time:		4.000000
Lambda:			0.015000
Dependency Matrix:
   [0	-1	-1	-1
	-1	0	-1	1
	-1	-1	0	-1
	-1	1	-1	0]

Time Constraint Matrix:
   [Infinity	Infinity	Infinity	Infinity
	Infinity	Infinity	Infinity	4.000000
	Infinity	Infinity	Infinity	Infinity
	Infinity	4.000000	Infinity	Infinity]


**********************************
Task Number:		1
Maximum Score:		81.066768
Subtask Cost:		0.000000
Number of Sensors:	2.000000
Number of Subtasks:	4

Location:			[31.000000, 35.000000, 0.000000]
Sensor List:		[IR, MW]
Subtask List:		[IR_{}, IR_{MW}, MW_{}, MW_{IR}]

Time Constraints:
Start Time:		0.000000
End Time:		Infinity
Task Duration:	0.022136
Corr Time:		4.000000
Lambda:			0.015000
Dependency Matrix:
   [0	-1	-1	-1
	-1	0	-1	1
	-1	-1	0	-1
	-1	1	-1	0]

Time Constraint Matrix:
   [Infinity	Infinity	Infinity	Infinity
	Infinity	Infinity	Infinity	4.000000
	Infinity	Infinity	Infinity	Infinity
	Infinity	4.000000	Infinity	Infinity]


**********************************
Task Number:		2
Maximum Score:		71.801490
Subtask Cost:		0.000000
Number of Sensors:	2.000000
Number of Subtasks:	4

Location:			[11.000000, 38.000000, 0.000000]
Sensor List:		[IR, MW]
Subtask List:		[IR_{}, IR_{MW}, MW_{}, MW_{IR}]

Time Constraints:
Start Time:		0.000000
End Time:		Infinity
Task Duration:	0.814396
Corr Time:		4.000000
Lambda:			0.015000
Dependency Matrix:
   [0	-1	-1	-1
	-1	0	-1	1
	-1	-1	0	-1
	-1	1	-1	0]

Time Constraint Matrix:
   [Infinity	Infinity	Infinity	Infinity
	Infinity	Infinity	Infinity	4.000000
	Infinity	Infinity	Infinity	Infinity
	Infinity	4.000000	Infinity	Infinity]


**********************************
Task Number:		3
Maximum Score:		71.919890
Subtask Cost:		0.000000
Number of Sensors:	2.000000
Number of Subtasks:	4

Location:			[22.000000, 36.000000, 0.000000]
Sensor List:		[IR, MW]
Subtask List:		[IR_{}, IR_{MW}, MW_{}, MW_{IR}]

Time Constraints:
Start Time:		0.000000
End Time:		Infinity
Task Duration:	0.544762
Corr Time:		4.000000
Lambda:			0.015000
Dependency Matrix:
   [0	-1	-1	-1
	-1	0	-1	1
	-1	-1	0	-1
	-1	1	-1	0]

Time Constraint Matrix:
   [Infinity	Infinity	Infinity	Infinity
	Infinity	Infinity	Infinity	4.000000
	Infinity	Infinity	Infinity	Infinity
	Infinity	4.000000	Infinity	Infinity]


**********************************
Task Number:		4
Maximum Score:		92.027029
Subtask Cost:		0.000000
Number of Sensors:	2.000000
Number of Subtasks:	4

Location:			[16.000000, 16.000000, 0.000000]
Sensor List:		[IR, MW]
Subtask List:		[IR_{}, IR_{MW}, MW_{}, MW_{IR}]

Time Constraints:
Start Time:		0.000000
End Time:		Infinity
Task Duration:	0.397498
Corr Time:		4.000000
Lambda:			0.015000
Dependency Matrix:
   [0	-1	-1	-1
	-1	0	-1	1
	-1	-1	0	-1
	-1	1	-1	0]

Time Constraint Matrix:
   [Infinity	Infinity	Infinity	Infinity
	Infinity	Infinity	Infinity	4.000000
	Infinity	Infinity	Infinity	Infinity
	Infinity	4.000000	Infinity	Infinity]


**********************************
Task Number:		5
Maximum Score:		73.983147
Subtask Cost:		0.000000
Number of Sensors:	2.000000
Number of Subtasks:	4

Location:			[26.000000, 40.000000, 0.000000]
Sensor List:		[IR, MW]
Subtask List:		[IR_{}, IR_{MW}, MW_{}, MW_{IR}]

Time Constraints:
Start Time:		0.000000
End Time:		Infinity
Task Duration:	0.104821
Corr Time:		4.000000
Lambda:			0.015000
Dependency Matrix:
   [0	-1	-1	-1
	-1	0	-1	1
	-1	-1	0	-1
	-1	1	-1	0]

Time Constraint Matrix:
   [Infinity	Infinity	Infinity	Infinity
	Infinity	Infinity	Infinity	4.000000
	Infinity	Infinity	Infinity	Infinity
	Infinity	4.000000	Infinity	Infinity]


**********************************
Task Number:		6
Maximum Score:		74.248452
Subtask Cost:		0.000000
Number of Sensors:	2.000000
Number of Subtasks:	4

Location:			[24.000000, 22.000000, 0.000000]
Sensor List:		[IR, MW]
Subtask List:		[IR_{}, IR_{MW}, MW_{}, MW_{IR}]

Time Constraints:
Start Time:		0.000000
End Time:		Infinity
Task Duration:	0.572122
Corr Time:		4.000000
Lambda:			0.015000
Dependency Matrix:
   [0	-1	-1	-1
	-1	0	-1	1
	-1	-1	0	-1
	-1	1	-1	0]

Time Constraint Matrix:
   [Infinity	Infinity	Infinity	Infinity
	Infinity	Infinity	Infinity	4.000000
	Infinity	Infinity	Infinity	Infinity
	Infinity	4.000000	Infinity	Infinity]


**********************************
Task Number:		7
Maximum Score:		81.062912
Subtask Cost:		0.000000
Number of Sensors:	2.000000
Number of Subtasks:	4

Location:			[32.000000, 12.000000, 0.000000]
Sensor List:		[IR, MW]
Subtask List:		[IR_{}, IR_{MW}, MW_{}, MW_{IR}]

Time Constraints:
Start Time:		0.000000
End Time:		Infinity
Task Duration:	0.948203
Corr Time:		4.000000
Lambda:			0.015000
Dependency Matrix:
   [0	-1	-1	-1
	-1	0	-1	1
	-1	-1	0	-1
	-1	1	-1	0]

Time Constraint Matrix:
   [Infinity	Infinity	Infinity	Infinity
	Infinity	Infinity	Infinity	4.000000
	Infinity	Infinity	Infinity	Infinity
	Infinity	4.000000	Infinity	Infinity]


**********************************
Task Number:		8
Maximum Score:		57.031576
Subtask Cost:		0.000000
Number of Sensors:	2.000000
Number of Subtasks:	4

Location:			[4.000000, 5.000000, 0.000000]
Sensor List:		[IR, MW]
Subtask List:		[IR_{}, IR_{MW}, MW_{}, MW_{IR}]

Time Constraints:
Start Time:		0.000000
End Time:		Infinity
Task Duration:	0.259113
Corr Time:		4.000000
Lambda:			0.015000
Dependency Matrix:
   [0	-1	-1	-1
	-1	0	-1	1
	-1	-1	0	-1
	-1	1	-1	0]

Time Constraint Matrix:
   [Infinity	Infinity	Infinity	Infinity
	Infinity	Infinity	Infinity	4.000000
	Infinity	Infinity	Infinity	Infinity
	Infinity	4.000000	Infinity	Infinity]


**********************************
Task Number:		9
Maximum Score:		75.567907
Subtask Cost:		0.000000
Number of Sensors:	2.000000
Number of Subtasks:	4

Location:			[14.000000, 41.000000, 0.000000]
Sensor List:		[IR, MW]
Subtask List:		[IR_{}, IR_{MW}, MW_{}, MW_{IR}]

Time Constraints:
Start Time:		0.000000
End Time:		Infinity
Task Duration:	0.220917
Corr Time:		4.000000
Lambda:			0.015000
Dependency Matrix:
   [0	-1	-1	-1
	-1	0	-1	1
	-1	-1	0	-1
	-1	1	-1	0]

Time Constraint Matrix:
   [Infinity	Infinity	Infinity	Infinity
	Infinity	Infinity	Infinity	4.000000
	Infinity	Infinity	Infinity	Infinity
	Infinity	4.000000	Infinity	Infinity]


**********************************
Task Number:		10
Maximum Score:		91.455431
Subtask Cost:		0.000000
Number of Sensors:	2.000000
Number of Subtasks:	4

Location:			[12.000000, 38.000000, 0.000000]
Sensor List:		[IR, MW]
Subtask List:		[IR_{}, IR_{MW}, MW_{}, MW_{IR}]

Time Constraints:
Start Time:		0.000000
End Time:		Infinity
Task Duration:	0.875241
Corr Time:		4.000000
Lambda:			0.015000
Dependency Matrix:
   [0	-1	-1	-1
	-1	0	-1	1
	-1	-1	0	-1
	-1	1	-1	0]

Time Constraint Matrix:
   [Infinity	Infinity	Infinity	Infinity
	Infinity	Infinity	Infinity	4.000000
	Infinity	Infinity	Infinity	Infinity
	Infinity	4.000000	Infinity	Infinity]


**********************************
Task Number:		11
Maximum Score:		79.977467
Subtask Cost:		0.000000
Number of Sensors:	2.000000
Number of Subtasks:	4

Location:			[45.000000, 42.000000, 0.000000]
Sensor List:		[IR, MW]
Subtask List:		[IR_{}, IR_{MW}, MW_{}, MW_{IR}]

Time Constraints:
Start Time:		0.000000
End Time:		Infinity
Task Duration:	0.723644
Corr Time:		4.000000
Lambda:			0.015000
Dependency Matrix:
   [0	-1	-1	-1
	-1	0	-1	1
	-1	-1	0	-1
	-1	1	-1	0]

Time Constraint Matrix:
   [Infinity	Infinity	Infinity	Infinity
	Infinity	Infinity	Infinity	4.000000
	Infinity	Infinity	Infinity	Infinity
	Infinity	4.000000	Infinity	Infinity]


**********************************
Task Number:		12
Maximum Score:		74.816681
Subtask Cost:		0.000000
Number of Sensors:	2.000000
Number of Subtasks:	4

Location:			[15.000000, 26.000000, 0.000000]
Sensor List:		[IR, MW]
Subtask List:		[IR_{}, IR_{MW}, MW_{}, MW_{IR}]

Time Constraints:
Start Time:		0.000000
End Time:		Infinity
Task Duration:	0.850343
Corr Time:		4.000000
Lambda:			0.015000
Dependency Matrix:
   [0	-1	-1	-1
	-1	0	-1	1
	-1	-1	0	-1
	-1	1	-1	0]

Time Constraint Matrix:
   [Infinity	Infinity	Infinity	Infinity
	Infinity	Infinity	Infinity	4.000000
	Infinity	Infinity	Infinity	Infinity
	Infinity	4.000000	Infinity	Infinity]


**********************************
Task Number:		13
Maximum Score:		82.240600
Subtask Cost:		0.000000
Number of Sensors:	2.000000
Number of Subtasks:	4

Location:			[30.000000, 41.000000, 0.000000]
Sensor List:		[IR, MW]
Subtask List:		[IR_{}, IR_{MW}, MW_{}, MW_{IR}]

Time Constraints:
Start Time:		0.000000
End Time:		Infinity
Task Duration:	0.117561
Corr Time:		4.000000
Lambda:			0.015000
Dependency Matrix:
   [0	-1	-1	-1
	-1	0	-1	1
	-1	-1	0	-1
	-1	1	-1	0]

Time Constraint Matrix:
   [Infinity	Infinity	Infinity	Infinity
	Infinity	Infinity	Infinity	4.000000
	Infinity	Infinity	Infinity	Infinity
	Infinity	4.000000	Infinity	Infinity]


**********************************
Task Number:		14
Maximum Score:		97.966258
Subtask Cost:		0.000000
Number of Sensors:	2.000000
Number of Subtasks:	4

Location:			[18.000000, 42.000000, 0.000000]
Sensor List:		[IR, MW]
Subtask List:		[IR_{}, IR_{MW}, MW_{}, MW_{IR}]

Time Constraints:
Start Time:		0.000000
End Time:		Infinity
Task Duration:	0.893724
Corr Time:		4.000000
Lambda:			0.015000
Dependency Matrix:
   [0	-1	-1	-1
	-1	0	-1	1
	-1	-1	0	-1
	-1	1	-1	0]

Time Constraint Matrix:
   [Infinity	Infinity	Infinity	Infinity
	Infinity	Infinity	Infinity	4.000000
	Infinity	Infinity	Infinity	Infinity
	Infinity	4.000000	Infinity	Infinity]


**********************************
Task Number:		15
Maximum Score:		53.536511
Subtask Cost:		0.000000
Number of Sensors:	2.000000
Number of Subtasks:	4

Location:			[25.000000, 29.000000, 0.000000]
Sensor List:		[IR, MW]
Subtask List:		[IR_{}, IR_{MW}, MW_{}, MW_{IR}]

Time Constraints:
Start Time:		0.000000
End Time:		Infinity
Task Duration:	0.931977
Corr Time:		4.000000
Lambda:			0.015000
Dependency Matrix:
   [0	-1	-1	-1
	-1	0	-1	1
	-1	-1	0	-1
	-1	1	-1	0]

Time Constraint Matrix:
   [Infinity	Infinity	Infinity	Infinity
	Infinity	Infinity	Infinity	4.000000
	Infinity	Infinity	Infinity	Infinity
	Infinity	4.000000	Infinity	Infinity]


**********************************
Task Number:		16
Maximum Score:		71.042592
Subtask Cost:		0.000000
Number of Sensors:	2.000000
Number of Subtasks:	4

Location:			[34.000000, 10.000000, 0.000000]
Sensor List:		[IR, MW]
Subtask List:		[IR_{}, IR_{MW}, MW_{}, MW_{IR}]

Time Constraints:
Start Time:		0.000000
End Time:		Infinity
Task Duration:	0.954948
Corr Time:		4.000000
Lambda:			0.015000
Dependency Matrix:
   [0	-1	-1	-1
	-1	0	-1	1
	-1	-1	0	-1
	-1	1	-1	0]

Time Constraint Matrix:
   [Infinity	Infinity	Infinity	Infinity
	Infinity	Infinity	Infinity	4.000000
	Infinity	Infinity	Infinity	Infinity
	Infinity	4.000000	Infinity	Infinity]


**********************************
Task Number:		17
Maximum Score:		58.591871
Subtask Cost:		0.000000
Number of Sensors:	2.000000
Number of Subtasks:	4

Location:			[39.000000, 39.000000, 0.000000]
Sensor List:		[IR, MW]
Subtask List:		[IR_{}, IR_{MW}, MW_{}, MW_{IR}]

Time Constraints:
Start Time:		0.000000
End Time:		Infinity
Task Duration:	0.221443
Corr Time:		4.000000
Lambda:			0.015000
Dependency Matrix:
   [0	-1	-1	-1
	-1	0	-1	1
	-1	-1	0	-1
	-1	1	-1	0]

Time Constraint Matrix:
   [Infinity	Infinity	Infinity	Infinity
	Infinity	Infinity	Infinity	4.000000
	Infinity	Infinity	Infinity	Infinity
	Infinity	4.000000	Infinity	Infinity]


**********************************
Task Number:		18
Maximum Score:		84.046761
Subtask Cost:		0.000000
Number of Sensors:	2.000000
Number of Subtasks:	4

Location:			[21.000000, 0.000000, 0.000000]
Sensor List:		[IR, MW]
Subtask List:		[IR_{}, IR_{MW}, MW_{}, MW_{IR}]

Time Constraints:
Start Time:		0.000000
End Time:		Infinity
Task Duration:	0.851685
Corr Time:		4.000000
Lambda:			0.015000
Dependency Matrix:
   [0	-1	-1	-1
	-1	0	-1	1
	-1	-1	0	-1
	-1	1	-1	0]

Time Constraint Matrix:
   [Infinity	Infinity	Infinity	Infinity
	Infinity	Infinity	Infinity	4.000000
	Infinity	Infinity	Infinity	Infinity
	Infinity	4.000000	Infinity	Infinity]


**********************************
Task Number:		19
Maximum Score:		71.250175
Subtask Cost:		0.000000
Number of Sensors:	2.000000
Number of Subtasks:	4

Location:			[47.000000, 31.000000, 0.000000]
Sensor List:		[IR, MW]
Subtask List:		[IR_{}, IR_{MW}, MW_{}, MW_{IR}]

Time Constraints:
Start Time:		0.000000
End Time:		Infinity
Task Duration:	0.970001
Corr Time:		4.000000
Lambda:			0.015000
Dependency Matrix:
   [0	-1	-1	-1
	-1	0	-1	1
	-1	-1	0	-1
	-1	1	-1	0]

Time Constraint Matrix:
   [Infinity	Infinity	Infinity	Infinity
	Infinity	Infinity	Infinity	4.000000
	Infinity	Infinity	Infinity	Infinity
	Infinity	4.000000	Infinity	Infinity]

