---------------------------------------------------------------------------------------------------------------------------------------
TASK1	TASK1_L_{}	L-band		
TASK1	TASK1_L_{S}	L-band	S-band
TASK1	TASK1_S_{}	S-band		
TASK1	TASK1_S_{L}	S-band	L-band
---------------------------------------------------------------------------------------------------------------------------------------
TASK2	TASK2_L_{}	L-band		
TASK2	TASK2_L_{S}	L-band	S-band	1/1	SAT-L2	2020-01-01T00:00:00.000	2020-01-01T01:10:35.000	2020-01-07T00:00:00.000	L-RAD	170.58150942315604/5000.0	11.095933571392349/10.0	906.6470757822154	3527.2513906684317	30.04693860686809	33.33474861886371	36.923498643017005	3.5887500241532946
TASK2	TASK2_S_{}	S-band		
TASK2	TASK2_S_{L}	S-band	L-band	1/1	SAT-S1	2020-01-01T00:00:00.000	2020-01-01T01:35:25.000	2020-01-07T00:00:00.000	S-RAD	165.3362230839151/5000.0	14.7611588760991/10.0	393.5121802319331	3731.3796688357206	41.48027629807686	32.85351649699205	36.44226651147538	3.5887500144833338
---------------------------------------------------------------------------------------------------------------------------------------
TASK3	TASK3_L_{}	L-band			0/0	SAT-L1	2020-01-01T00:00:00.000	2020-01-01T03:58:20.000	2020-01-07T00:00:00.000	L-RAD	6622.075944996788/5000.0	47.03284361839417/10.0	5075.238533663486	56.35070382126185	48.6050412970668	16.610983496917967	20.19973349691797	3.58875
TASK3	TASK3_L_{S}	L-band	S-band
TASK3	TASK3_S_{}	S-band		
TASK3	TASK3_S_{L}	S-band	L-band
---------------------------------------------------------------------------------------------------------------------------------------
TASK4	TASK4_L_{}	L-band			0/0	SAT-L1	2020-01-01T00:00:00.000	2020-01-01T09:35:15.000	2020-01-07T00:00:00.000	L-RAD	491.3827186383351/5000.0	34.596025469481205/10.0	4038.5543303810596	1015.3103230831614	80.04366395637096	14.390286590060636	17.979036590060637	3.58875
TASK4	TASK4_L_{S}	L-band	S-band
TASK4	TASK4_S_{}	S-band		
TASK4	TASK4_S_{L}	S-band	L-band
---------------------------------------------------------------------------------------------------------------------------------------
TASK5	TASK5_L_{}	L-band		
TASK5	TASK5_L_{S}	L-band	S-band	1/1	SAT-L2	2020-01-01T00:00:00.000	2020-01-01T08:48:45.000	2020-01-07T00:00:00.000	L-RAD	1228.7033277070443/5000.0	39.152270321141124/10.0	4715.77259650179	400.0294868950729	37.085162373132476	14.356201265180982	17.944951265180983	3.58875
TASK5	TASK5_S_{}	S-band		
TASK5	TASK5_S_{L}	S-band	L-band	1/1	SAT-S1	2020-01-01T00:00:00.000	2020-01-01T09:13:45.000	2020-01-07T00:00:00.000	S-RAD	546.5176345209063/5000.0	44.717925863263986/10.0	4152.934308976231	911.8982545303751	39.128244830394046	14.098702885179094	17.687452885179095	3.58875
---------------------------------------------------------------------------------------------------------------------------------------
TASK6	TASK6_L_{}	L-band		
TASK6	TASK6_L_{S}	L-band	S-band
TASK6	TASK6_S_{}	S-band			0/0	SAT-S1	2020-01-01T00:00:00.000	2020-01-01T21:44:40.000	2020-01-07T00:00:00.000	S-RAD	4382.595541000997/5000.0	55.10430594303182/10.0	5033.675326911275	110.1917264870655	22.087986758680785	6.465384591019766	10.054134591019766	3.58875
TASK6	TASK6_S_{L}	S-band	L-band
---------------------------------------------------------------------------------------------------------------------------------------
TASK7	TASK7_L_{}	L-band		
TASK7	TASK7_L_{S}	L-band	S-band
TASK7	TASK7_S_{}	S-band		
TASK7	TASK7_S_{L}	S-band	L-band
---------------------------------------------------------------------------------------------------------------------------------------
TASK8	TASK8_L_{}	L-band			0/0	SAT-L1	2020-01-01T00:00:00.000	2020-01-01T23:26:05.000	2020-01-07T00:00:00.000	L-RAD	549.3219714070653/5000.0	35.31238758868772/10.0	4160.407089158324	905.2429141545894	70.84429266491094	1.9320672928300047	5.520817292830005	3.58875
TASK8	TASK8_L_{S}	L-band	S-band
TASK8	TASK8_S_{}	S-band		
TASK8	TASK8_S_{L}	S-band	L-band
---------------------------------------------------------------------------------------------------------------------------------------
TASK9	TASK9_L_{}	L-band			0/0	SAT-L1	2020-01-01T00:00:00.000	2020-01-01T05:42:00.000	2020-01-07T00:00:00.000	L-RAD	566.8965503744297/5000.0	35.507172992624014/10.0	4192.230063317083	878.6362727443365	28.816253783320974	14.387933177718832	17.976683177718833	3.58875
TASK9	TASK9_L_{S}	L-band	S-band
TASK9	TASK9_S_{}	S-band		
TASK9	TASK9_S_{L}	S-band	L-band
---------------------------------------------------------------------------------------------------------------------------------------
TASK10	TASK10_L_{}	L-band		
TASK10	TASK10_L_{S}	L-band	S-band
TASK10	TASK10_S_{}	S-band			0/0	SAT-S2	2020-01-01T00:00:00.000	2020-01-01T09:59:00.000	2020-01-07T00:00:00.000	S-RAD	1307.250205454789/5000.0	49.6597768635974/10.0	4743.336077118137	374.62735161333177	46.82872509196752	7.5852205198818625	11.173970519881863	3.58875
TASK10	TASK10_S_{L}	S-band	L-band
---------------------------------------------------------------------------------------------------------------------------------------
TASK11	TASK11_L_{}	L-band		
TASK11	TASK11_L_{S}	L-band	S-band
TASK11	TASK11_S_{}	S-band		
TASK11	TASK11_S_{L}	S-band	L-band
---------------------------------------------------------------------------------------------------------------------------------------
TASK12	TASK12_L_{}	L-band		
TASK12	TASK12_L_{S}	L-band	S-band
TASK12	TASK12_S_{}	S-band			0/0	SAT-S1	2020-01-01T00:00:00.000	2020-01-01T15:14:40.000	2020-01-07T00:00:00.000	S-RAD	2120.977373555656/5000.0	51.88044948291514/10.0	4902.345306486051	231.45787831621837	20.399290819952327	1.057024009194869	4.645774009194869	3.58875
TASK12	TASK12_S_{L}	S-band	L-band
---------------------------------------------------------------------------------------------------------------------------------------
TASK13	TASK13_L_{}	L-band			0/0	SAT-L1	2020-01-01T00:00:00.000	2020-01-02T08:11:50.000	2020-01-07T00:00:00.000	L-RAD	7101.782784767944/5000.0	47.37983858177213/10.0	5080.757647155205	22.4526643628618	65.56574709786524	2.1784893734419786	5.767239373441979	3.58875
TASK13	TASK13_L_{S}	L-band	S-band
TASK13	TASK13_S_{}	S-band		
TASK13	TASK13_S_{L}	S-band	L-band
---------------------------------------------------------------------------------------------------------------------------------------
TASK14	TASK14_L_{}	L-band		
TASK14	TASK14_L_{S}	L-band	S-band	1/1	SAT-L1	2020-01-01T00:00:00.000	2020-01-01T00:45:20.000	2020-01-07T00:00:00.000	L-RAD	166.42265470697495/5000.0	6.820198119528676/10.0	545.8336648407453	3685.9423228492765	13.730404731451426	40.27475504723576	43.86350510958893	3.5887500623531716
TASK14	TASK14_S_{}	S-band		
TASK14	TASK14_S_{L}	S-band	L-band	1/1	SAT-S2	2020-01-01T00:00:00.000	2020-01-01T00:20:15.000	2020-01-07T00:00:00.000	S-RAD	164.2683467908249/5000.0	11.792010778398108/10.0	150.59989943946871	3778.1703636013026	34.884883550847505	40.850978438915746	44.43972876608967	3.5887503271739285
---------------------------------------------------------------------------------------------------------------------------------------
TASK15	TASK15_L_{}	L-band		
TASK15	TASK15_L_{S}	L-band	S-band
TASK15	TASK15_S_{}	S-band			0/0	SAT-S2	2020-01-01T00:00:00.000	2020-01-01T05:20:35.000	2020-01-07T00:00:00.000	S-RAD	483.27115552817196/5000.0	44.28602705218697/10.0	4018.877859879094	1035.2909636916354	40.36790269566553	19.059227454984285	22.647977454984286	3.58875
TASK15	TASK15_S_{L}	S-band	L-band
---------------------------------------------------------------------------------------------------------------------------------------
TASK16	TASK16_L_{}	L-band			0/0	SAT-L2	2020-01-01T00:00:00.000	2020-01-01T07:27:45.000	2020-01-07T00:00:00.000	L-RAD	766.3508772006194/5000.0	37.059021568646415/10.0	4447.3776464257735	645.0226400077731	47.4735474263812	13.744614223158546	17.333364223158547	3.58875
---------------------------------------------------------------------------------------------------------------------------------------
TASK17	TASK17_L_{}	L-band			0/0	SAT-L2	2020-01-01T00:00:00.000	2020-01-01T21:17:55.000	2020-01-07T00:00:00.000	L-RAD	619.6224467682746/5000.0	36.04800002881124/10.0	4276.477443125819	802.6812172249535	2.6282569331049364	8.857648667004472	12.446398667004473	3.58875
---------------------------------------------------------------------------------------------------------------------------------------
TASK18	TASK18_L_{}	L-band		
---------------------------------------------------------------------------------------------------------------------------------------
TASK19	TASK19_L_{}	L-band		
---------------------------------------------------------------------------------------------------------------------------------------
TASK20	TASK20_L_{}	L-band			0/0	SAT-L1	2020-01-01T00:00:00.000	2020-01-02T10:02:30.000	2020-01-07T00:00:00.000	L-RAD	500.0875482937029/5000.0	34.51995587179827/10.0	4057.554318435991	1000.0536541429734	5.343402059407103	1.699365479377545	5.288115479377545	3.58875
---------------------------------------------------------------------------------------------------------------------------------------
TASK21	TASK21_L_{}	L-band		
---------------------------------------------------------------------------------------------------------------------------------------
TASK22	TASK22_L_{}	L-band		
---------------------------------------------------------------------------------------------------------------------------------------
TASK23	TASK23_S_{}	S-band		
---------------------------------------------------------------------------------------------------------------------------------------
TASK24	TASK24_S_{}	S-band		
---------------------------------------------------------------------------------------------------------------------------------------
TASK25	TASK25_S_{}	S-band		
---------------------------------------------------------------------------------------------------------------------------------------
TASK26	TASK26_S_{}	S-band			0/0	SAT-S1	2020-01-01T00:00:00.000	2020-01-01T16:08:00.000	2020-01-07T00:00:00.000	S-RAD	799.6776060141232/5000.0	47.28120185447538/10.0	4478.022283943448	617.9551557797938	43.14922678984695	2.5331932823113457	6.121943282311346	3.58875
---------------------------------------------------------------------------------------------------------------------------------------
TASK27	TASK27_S_{}	S-band		
---------------------------------------------------------------------------------------------------------------------------------------
TASK28	TASK28_S_{}	S-band		
---------------------------------------------------------------------------------------------------------------------------------------
TASK29	TASK29_S_{}	S-band		
---------------------------------------------------------------------------------------------------------------------------------------
TASK30	TASK30_S_{}	S-band			0/0	SAT-S2	2020-01-01T00:00:00.000	2020-01-02T05:14:55.000	2020-01-07T00:00:00.000	S-RAD	481.50343695366973/5000.0	44.18022873082123/10.0	4013.9921221356867	1039.9129038644894	12.014280028549882	5.66799284535644	9.25674284535644	3.58875
