__________________________________
          WINNING VECTORS         
__________________________________
Subtasks:			[IR_{}		IR_{MW}		MW_{}		MW_{IR}	|	IR_{}		IR_{MW}		MW_{}		MW_{IR}	]
Bids Score:			[22.814		0.000		0.000		0.000	|	0.000		0.000		0.000		0.000	]
Measurement Time:	[8.25		0.00		0.00		0.00	|	0.00		0.00		0.00		0.000	]
Iteration Assigned:	[1			0			0			0		|	0			0			0			0		]
Winners:			[1			-			-			-		|	-			-			-			-		]

__________________________________
        PERFORMANCE METRICS       
__________________________________
Coalitions Formed:		0
Coalitions Available:	2
Coalition Ratio:		0.00%

Score Achieved:			27.267
Score Available:		159.545
Score Ratio:			17.09%

Merge Cost:				0.000000
Split Cost:				0.000000

Avg Cost per Research:	4.45%

Tasks Done:				1
Tasks Available:		2
Tasks Done Ratio:		50.00%

Tasks done w/ 1 sens:	1
Tasks done w/ 2 sens:	0
Tasks done w/ 3 sens:	0

Planning Horizon:		2

__________________________________
           AGENT LIST             
__________________________________
Agent Number:			1
Planning Horizon:		2
Max Const Iteration:	2
Max Solo Bids:			5
Max Any Bids:			10
Iteration Counter:		12
Resources:				100.000000

Location:				[0.000		0.000		0.000]
Sensor List:			[IR]
Bundle:					[0]
Path:					[0]
Time Assignments:		[8.246]
Doing Iterations:		[1112		]


**********************************
Agent Number:			2
Planning Horizon:		2
Max Const Iteration:	2
Max Solo Bids:			5
Max Any Bids:			10
Iteration Counter:		12
Resources:				100.000000

Location:				[0.000		0.000		0.000]
Sensor List:			[MW]
Bundle:					[]
Path:					[]
Time Assignments:		[]
Doing Iterations:		[12		]

__________________________________
            TASK LIST             
__________________________________
Task Number:		0
Maximum Score:		92.570315
Subtask Cost:		0.000000
Number of Sensors:	2.000000
Number of Subtasks:	4

Location:			[40.000000, 1.000000, 0.000000]
Sensor List:		[IR, MW]
Subtask List:		[IR_{}, IR_{MW}, MW_{}, MW_{IR}]

Time Constraints:
Start Time:		0.000000
End Time:		Infinity
Task Duration:	0.945423
Corr Time:		2.000000
Lambda:			0.015000
Dependency Matrix:
   [0	-1	-1	-1
	-1	0	-1	1
	-1	-1	0	-1
	-1	1	-1	0]

Time Constraint Matrix:
   [Infinity	Infinity	Infinity	Infinity
	Infinity	Infinity	Infinity	2.000000
	Infinity	Infinity	Infinity	Infinity
	Infinity	2.000000	Infinity	Infinity]


**********************************
Task Number:		1
Maximum Score:		66.974431
Subtask Cost:		0.000000
Number of Sensors:	2.000000
Number of Subtasks:	4

Location:			[37.000000, 37.000000, 0.000000]
Sensor List:		[IR, MW]
Subtask List:		[IR_{}, IR_{MW}, MW_{}, MW_{IR}]

Time Constraints:
Start Time:		0.000000
End Time:		Infinity
Task Duration:	0.881314
Corr Time:		2.000000
Lambda:			0.015000
Dependency Matrix:
   [0	-1	-1	-1
	-1	0	-1	1
	-1	-1	0	-1
	-1	1	-1	0]

Time Constraint Matrix:
   [Infinity	Infinity	Infinity	Infinity
	Infinity	Infinity	Infinity	2.000000
	Infinity	Infinity	Infinity	Infinity
	Infinity	2.000000	Infinity	Infinity]

