Task Number:		0
Maximum Score:		95.676044
Subtask Cost:		0.408156
Number of Sensors:	2.000000
Number of Subtasks:	4

Location:			[8.000000, 16.000000, 0.000000]
Sensor List:		[IR, MW]
Subtask List:		[IR_{}, IR_{MW}, MW_{}, MW_{IR}]

Time Constraints:
Start Time:		0.000000
End Time:		Infinity
Task Duration:	0.738040
Corr Time:		Infinity
Lambda:			0.015000
Dependency Matrix:
   [0	-1	-1	-1
	-1	0	-1	1
	-1	-1	0	-1
	-1	1	-1	0]

Time Constraint Matrix:
   [Infinity	Infinity	Infinity	Infinity
	Infinity	Infinity	Infinity	0.738040
	Infinity	Infinity	Infinity	Infinity
	Infinity	0.738040	Infinity	Infinity]


**********************************
Task Number:		1
Maximum Score:		46.851078
Subtask Cost:		0.116374
Number of Sensors:	2.000000
Number of Subtasks:	4

Location:			[33.000000, 2.000000, 0.000000]
Sensor List:		[IR, MW]
Subtask List:		[IR_{}, IR_{MW}, MW_{}, MW_{IR}]

Time Constraints:
Start Time:		0.000000
End Time:		Infinity
Task Duration:	0.029204
Corr Time:		Infinity
Lambda:			0.015000
Dependency Matrix:
   [0	-1	-1	-1
	-1	0	-1	1
	-1	-1	0	-1
	-1	1	-1	0]

Time Constraint Matrix:
   [Infinity	Infinity	Infinity	Infinity
	Infinity	Infinity	Infinity	0.029204
	Infinity	Infinity	Infinity	Infinity
	Infinity	0.029204	Infinity	Infinity]


**********************************
Task Number:		2
Maximum Score:		18.774705
Subtask Cost:		0.977987
Number of Sensors:	2.000000
Number of Subtasks:	4

Location:			[37.000000, 25.000000, 0.000000]
Sensor List:		[IR, MW]
Subtask List:		[IR_{}, IR_{MW}, MW_{}, MW_{IR}]

Time Constraints:
Start Time:		0.000000
End Time:		Infinity
Task Duration:	0.167039
Corr Time:		Infinity
Lambda:			0.015000
Dependency Matrix:
   [0	-1	-1	-1
	-1	0	-1	1
	-1	-1	0	-1
	-1	1	-1	0]

Time Constraint Matrix:
   [Infinity	Infinity	Infinity	Infinity
	Infinity	Infinity	Infinity	0.167039
	Infinity	Infinity	Infinity	Infinity
	Infinity	0.167039	Infinity	Infinity]


**********************************
Task Number:		3
Maximum Score:		67.537173
Subtask Cost:		0.891833
Number of Sensors:	2.000000
Number of Subtasks:	4

Location:			[14.000000, 39.000000, 0.000000]
Sensor List:		[IR, MW]
Subtask List:		[IR_{}, IR_{MW}, MW_{}, MW_{IR}]

Time Constraints:
Start Time:		0.000000
End Time:		Infinity
Task Duration:	0.600834
Corr Time:		Infinity
Lambda:			0.015000
Dependency Matrix:
   [0	-1	-1	-1
	-1	0	-1	1
	-1	-1	0	-1
	-1	1	-1	0]

Time Constraint Matrix:
   [Infinity	Infinity	Infinity	Infinity
	Infinity	Infinity	Infinity	0.600834
	Infinity	Infinity	Infinity	Infinity
	Infinity	0.600834	Infinity	Infinity]


**********************************
Task Number:		4
Maximum Score:		91.186353
Subtask Cost:		0.059809
Number of Sensors:	2.000000
Number of Subtasks:	4

Location:			[14.000000, 41.000000, 0.000000]
Sensor List:		[IR, MW]
Subtask List:		[IR_{}, IR_{MW}, MW_{}, MW_{IR}]

Time Constraints:
Start Time:		0.000000
End Time:		Infinity
Task Duration:	0.067382
Corr Time:		Infinity
Lambda:			0.015000
Dependency Matrix:
   [0	-1	-1	-1
	-1	0	-1	1
	-1	-1	0	-1
	-1	1	-1	0]

Time Constraint Matrix:
   [Infinity	Infinity	Infinity	Infinity
	Infinity	Infinity	Infinity	0.067382
	Infinity	Infinity	Infinity	Infinity
	Infinity	0.067382	Infinity	Infinity]


**********************************
Task Number:		5
Maximum Score:		81.534016
Subtask Cost:		0.435021
Number of Sensors:	2.000000
Number of Subtasks:	4

Location:			[29.000000, 45.000000, 0.000000]
Sensor List:		[IR, MW]
Subtask List:		[IR_{}, IR_{MW}, MW_{}, MW_{IR}]

Time Constraints:
Start Time:		0.000000
End Time:		Infinity
Task Duration:	0.261815
Corr Time:		Infinity
Lambda:			0.015000
Dependency Matrix:
   [0	-1	-1	-1
	-1	0	-1	1
	-1	-1	0	-1
	-1	1	-1	0]

Time Constraint Matrix:
   [Infinity	Infinity	Infinity	Infinity
	Infinity	Infinity	Infinity	0.261815
	Infinity	Infinity	Infinity	Infinity
	Infinity	0.261815	Infinity	Infinity]


**********************************
Task Number:		6
Maximum Score:		87.816145
Subtask Cost:		0.232629
Number of Sensors:	2.000000
Number of Subtasks:	4

Location:			[9.000000, 32.000000, 0.000000]
Sensor List:		[IR, MW]
Subtask List:		[IR_{}, IR_{MW}, MW_{}, MW_{IR}]

Time Constraints:
Start Time:		0.000000
End Time:		Infinity
Task Duration:	0.897792
Corr Time:		Infinity
Lambda:			0.015000
Dependency Matrix:
   [0	-1	-1	-1
	-1	0	-1	1
	-1	-1	0	-1
	-1	1	-1	0]

Time Constraint Matrix:
   [Infinity	Infinity	Infinity	Infinity
	Infinity	Infinity	Infinity	0.897792
	Infinity	Infinity	Infinity	Infinity
	Infinity	0.897792	Infinity	Infinity]


**********************************
Task Number:		7
Maximum Score:		22.249854
Subtask Cost:		0.367916
Number of Sensors:	2.000000
Number of Subtasks:	4

Location:			[19.000000, 46.000000, 0.000000]
Sensor List:		[IR, MW]
Subtask List:		[IR_{}, IR_{MW}, MW_{}, MW_{IR}]

Time Constraints:
Start Time:		0.000000
End Time:		Infinity
Task Duration:	0.590406
Corr Time:		Infinity
Lambda:			0.015000
Dependency Matrix:
   [0	-1	-1	-1
	-1	0	-1	1
	-1	-1	0	-1
	-1	1	-1	0]

Time Constraint Matrix:
   [Infinity	Infinity	Infinity	Infinity
	Infinity	Infinity	Infinity	0.590406
	Infinity	Infinity	Infinity	Infinity
	Infinity	0.590406	Infinity	Infinity]


**********************************
Task Number:		8
Maximum Score:		45.334208
Subtask Cost:		0.444919
Number of Sensors:	2.000000
Number of Subtasks:	4

Location:			[39.000000, 42.000000, 0.000000]
Sensor List:		[IR, MW]
Subtask List:		[IR_{}, IR_{MW}, MW_{}, MW_{IR}]

Time Constraints:
Start Time:		0.000000
End Time:		Infinity
Task Duration:	0.515032
Corr Time:		Infinity
Lambda:			0.015000
Dependency Matrix:
   [0	-1	-1	-1
	-1	0	-1	1
	-1	-1	0	-1
	-1	1	-1	0]

Time Constraint Matrix:
   [Infinity	Infinity	Infinity	Infinity
	Infinity	Infinity	Infinity	0.515032
	Infinity	Infinity	Infinity	Infinity
	Infinity	0.515032	Infinity	Infinity]


**********************************
Task Number:		9
Maximum Score:		39.541308
Subtask Cost:		0.038928
Number of Sensors:	2.000000
Number of Subtasks:	4

Location:			[8.000000, 24.000000, 0.000000]
Sensor List:		[IR, MW]
Subtask List:		[IR_{}, IR_{MW}, MW_{}, MW_{IR}]

Time Constraints:
Start Time:		0.000000
End Time:		Infinity
Task Duration:	0.803290
Corr Time:		Infinity
Lambda:			0.015000
Dependency Matrix:
   [0	-1	-1	-1
	-1	0	-1	1
	-1	-1	0	-1
	-1	1	-1	0]

Time Constraint Matrix:
   [Infinity	Infinity	Infinity	Infinity
	Infinity	Infinity	Infinity	0.803290
	Infinity	Infinity	Infinity	Infinity
	Infinity	0.803290	Infinity	Infinity]


**********************************
Task Number:		10
Maximum Score:		44.071924
Subtask Cost:		0.676302
Number of Sensors:	2.000000
Number of Subtasks:	4

Location:			[8.000000, 24.000000, 0.000000]
Sensor List:		[IR, MW]
Subtask List:		[IR_{}, IR_{MW}, MW_{}, MW_{IR}]

Time Constraints:
Start Time:		0.000000
End Time:		Infinity
Task Duration:	0.366773
Corr Time:		Infinity
Lambda:			0.015000
Dependency Matrix:
   [0	-1	-1	-1
	-1	0	-1	1
	-1	-1	0	-1
	-1	1	-1	0]

Time Constraint Matrix:
   [Infinity	Infinity	Infinity	Infinity
	Infinity	Infinity	Infinity	0.366773
	Infinity	Infinity	Infinity	Infinity
	Infinity	0.366773	Infinity	Infinity]


**********************************
Task Number:		11
Maximum Score:		1.761174
Subtask Cost:		0.413186
Number of Sensors:	2.000000
Number of Subtasks:	4

Location:			[17.000000, 21.000000, 0.000000]
Sensor List:		[IR, MW]
Subtask List:		[IR_{}, IR_{MW}, MW_{}, MW_{IR}]

Time Constraints:
Start Time:		0.000000
End Time:		Infinity
Task Duration:	0.709371
Corr Time:		Infinity
Lambda:			0.015000
Dependency Matrix:
   [0	-1	-1	-1
	-1	0	-1	1
	-1	-1	0	-1
	-1	1	-1	0]

Time Constraint Matrix:
   [Infinity	Infinity	Infinity	Infinity
	Infinity	Infinity	Infinity	0.709371
	Infinity	Infinity	Infinity	Infinity
	Infinity	0.709371	Infinity	Infinity]


**********************************
Task Number:		12
Maximum Score:		36.848326
Subtask Cost:		0.485437
Number of Sensors:	2.000000
Number of Subtasks:	4

Location:			[32.000000, 12.000000, 0.000000]
Sensor List:		[IR, MW]
Subtask List:		[IR_{}, IR_{MW}, MW_{}, MW_{IR}]

Time Constraints:
Start Time:		0.000000
End Time:		Infinity
Task Duration:	0.559286
Corr Time:		Infinity
Lambda:			0.015000
Dependency Matrix:
   [0	-1	-1	-1
	-1	0	-1	1
	-1	-1	0	-1
	-1	1	-1	0]

Time Constraint Matrix:
   [Infinity	Infinity	Infinity	Infinity
	Infinity	Infinity	Infinity	0.559286
	Infinity	Infinity	Infinity	Infinity
	Infinity	0.559286	Infinity	Infinity]


**********************************
Task Number:		13
Maximum Score:		73.306151
Subtask Cost:		0.693750
Number of Sensors:	2.000000
Number of Subtasks:	4

Location:			[24.000000, 27.000000, 0.000000]
Sensor List:		[IR, MW]
Subtask List:		[IR_{}, IR_{MW}, MW_{}, MW_{IR}]

Time Constraints:
Start Time:		0.000000
End Time:		Infinity
Task Duration:	0.507796
Corr Time:		Infinity
Lambda:			0.015000
Dependency Matrix:
   [0	-1	-1	-1
	-1	0	-1	1
	-1	-1	0	-1
	-1	1	-1	0]

Time Constraint Matrix:
   [Infinity	Infinity	Infinity	Infinity
	Infinity	Infinity	Infinity	0.507796
	Infinity	Infinity	Infinity	Infinity
	Infinity	0.507796	Infinity	Infinity]


**********************************
Task Number:		14
Maximum Score:		11.634105
Subtask Cost:		0.942496
Number of Sensors:	2.000000
Number of Subtasks:	4

Location:			[5.000000, 10.000000, 0.000000]
Sensor List:		[IR, MW]
Subtask List:		[IR_{}, IR_{MW}, MW_{}, MW_{IR}]

Time Constraints:
Start Time:		0.000000
End Time:		Infinity
Task Duration:	0.510948
Corr Time:		Infinity
Lambda:			0.015000
Dependency Matrix:
   [0	-1	-1	-1
	-1	0	-1	1
	-1	-1	0	-1
	-1	1	-1	0]

Time Constraint Matrix:
   [Infinity	Infinity	Infinity	Infinity
	Infinity	Infinity	Infinity	0.510948
	Infinity	Infinity	Infinity	Infinity
	Infinity	0.510948	Infinity	Infinity]


**********************************
Task Number:		15
Maximum Score:		66.963223
Subtask Cost:		0.865322
Number of Sensors:	1.000000
Number of Subtasks:	1

Location:			[34.000000, 37.000000, 0.000000]
Sensor List:		[IR]
Subtask List:		[IR_{}]

Time Constraints:
Start Time:		0.000000
End Time:		Infinity
Task Duration:	0.487363
Corr Time:		Infinity
Lambda:			0.015000
Dependency Matrix:
   [0]

Time Constraint Matrix:
   [Infinity]


**********************************
Task Number:		16
Maximum Score:		14.719487
Subtask Cost:		0.210873
Number of Sensors:	1.000000
Number of Subtasks:	1

Location:			[33.000000, 8.000000, 0.000000]
Sensor List:		[IR]
Subtask List:		[IR_{}]

Time Constraints:
Start Time:		0.000000
End Time:		Infinity
Task Duration:	0.950845
Corr Time:		Infinity
Lambda:			0.015000
Dependency Matrix:
   [0]

Time Constraint Matrix:
   [Infinity]


**********************************
Task Number:		17
Maximum Score:		23.898206
Subtask Cost:		0.327979
Number of Sensors:	1.000000
Number of Subtasks:	1

Location:			[29.000000, 41.000000, 0.000000]
Sensor List:		[MW]
Subtask List:		[MW_{}]

Time Constraints:
Start Time:		0.000000
End Time:		Infinity
Task Duration:	0.386280
Corr Time:		Infinity
Lambda:			0.015000
Dependency Matrix:
   [0]

Time Constraint Matrix:
   [Infinity]


**********************************
Task Number:		18
Maximum Score:		13.332621
Subtask Cost:		0.347290
Number of Sensors:	1.000000
Number of Subtasks:	1

Location:			[32.000000, 45.000000, 0.000000]
Sensor List:		[MW]
Subtask List:		[MW_{}]

Time Constraints:
Start Time:		0.000000
End Time:		Infinity
Task Duration:	0.559936
Corr Time:		Infinity
Lambda:			0.015000
Dependency Matrix:
   [0]

Time Constraint Matrix:
   [Infinity]


**********************************
Task Number:		19
Maximum Score:		68.569494
Subtask Cost:		0.261489
Number of Sensors:	1.000000
Number of Subtasks:	1

Location:			[8.000000, 33.000000, 0.000000]
Sensor List:		[MW]
Subtask List:		[MW_{}]

Time Constraints:
Start Time:		0.000000
End Time:		Infinity
Task Duration:	0.306569
Corr Time:		Infinity
Lambda:			0.015000
Dependency Matrix:
   [0]

Time Constraint Matrix:
   [Infinity]


**********************************
Task Number:		20
Maximum Score:		13.242923
Subtask Cost:		0.976851
Number of Sensors:	1.000000
Number of Subtasks:	1

Location:			[16.000000, 27.000000, 0.000000]
Sensor List:		[MW]
Subtask List:		[MW_{}]

Time Constraints:
Start Time:		0.000000
End Time:		Infinity
Task Duration:	0.280025
Corr Time:		Infinity
Lambda:			0.015000
Dependency Matrix:
   [0]

Time Constraint Matrix:
   [Infinity]


**********************************
Task Number:		21
Maximum Score:		15.100484
Subtask Cost:		0.943135
Number of Sensors:	1.000000
Number of Subtasks:	1

Location:			[5.000000, 9.000000, 0.000000]
Sensor List:		[MW]
Subtask List:		[MW_{}]

Time Constraints:
Start Time:		0.000000
End Time:		Infinity
Task Duration:	0.080203
Corr Time:		Infinity
Lambda:			0.015000
Dependency Matrix:
   [0]

Time Constraint Matrix:
   [Infinity]


**********************************
Task Number:		22
Maximum Score:		62.729134
Subtask Cost:		0.525966
Number of Sensors:	1.000000
Number of Subtasks:	1

Location:			[35.000000, 27.000000, 0.000000]
Sensor List:		[MW]
Subtask List:		[MW_{}]

Time Constraints:
Start Time:		0.000000
End Time:		Infinity
Task Duration:	0.173590
Corr Time:		Infinity
Lambda:			0.015000
Dependency Matrix:
   [0]

Time Constraint Matrix:
   [Infinity]


**********************************
Task Number:		23
Maximum Score:		95.613794
Subtask Cost:		0.788459
Number of Sensors:	1.000000
Number of Subtasks:	1

Location:			[20.000000, 10.000000, 0.000000]
Sensor List:		[IR]
Subtask List:		[IR_{}]

Time Constraints:
Start Time:		0.000000
End Time:		Infinity
Task Duration:	0.190218
Corr Time:		Infinity
Lambda:			0.015000
Dependency Matrix:
   [0]

Time Constraint Matrix:
   [Infinity]


**********************************
Task Number:		24
Maximum Score:		35.661727
Subtask Cost:		0.930775
Number of Sensors:	1.000000
Number of Subtasks:	1

Location:			[45.000000, 48.000000, 0.000000]
Sensor List:		[MW]
Subtask List:		[MW_{}]

Time Constraints:
Start Time:		0.000000
End Time:		Infinity
Task Duration:	0.000061
Corr Time:		Infinity
Lambda:			0.015000
Dependency Matrix:
   [0]

Time Constraint Matrix:
   [Infinity]


**********************************
Task Number:		25
Maximum Score:		35.651134
Subtask Cost:		0.853137
Number of Sensors:	1.000000
Number of Subtasks:	1

Location:			[18.000000, 21.000000, 0.000000]
Sensor List:		[MW]
Subtask List:		[MW_{}]

Time Constraints:
Start Time:		0.000000
End Time:		Infinity
Task Duration:	0.611495
Corr Time:		Infinity
Lambda:			0.015000
Dependency Matrix:
   [0]

Time Constraint Matrix:
   [Infinity]


**********************************
Task Number:		26
Maximum Score:		91.810118
Subtask Cost:		0.387210
Number of Sensors:	1.000000
Number of Subtasks:	1

Location:			[43.000000, 6.000000, 0.000000]
Sensor List:		[IR]
Subtask List:		[IR_{}]

Time Constraints:
Start Time:		0.000000
End Time:		Infinity
Task Duration:	0.480565
Corr Time:		Infinity
Lambda:			0.015000
Dependency Matrix:
   [0]

Time Constraint Matrix:
   [Infinity]


**********************************
Task Number:		27
Maximum Score:		31.187798
Subtask Cost:		0.831978
Number of Sensors:	1.000000
Number of Subtasks:	1

Location:			[37.000000, 24.000000, 0.000000]
Sensor List:		[MW]
Subtask List:		[MW_{}]

Time Constraints:
Start Time:		0.000000
End Time:		Infinity
Task Duration:	0.531104
Corr Time:		Infinity
Lambda:			0.015000
Dependency Matrix:
   [0]

Time Constraint Matrix:
   [Infinity]


**********************************
Task Number:		28
Maximum Score:		76.615335
Subtask Cost:		0.854699
Number of Sensors:	1.000000
Number of Subtasks:	1

Location:			[9.000000, 46.000000, 0.000000]
Sensor List:		[MW]
Subtask List:		[MW_{}]

Time Constraints:
Start Time:		0.000000
End Time:		Infinity
Task Duration:	0.742924
Corr Time:		Infinity
Lambda:			0.015000
Dependency Matrix:
   [0]

Time Constraint Matrix:
   [Infinity]


**********************************
Task Number:		29
Maximum Score:		64.531240
Subtask Cost:		0.318331
Number of Sensors:	1.000000
Number of Subtasks:	1

Location:			[46.000000, 15.000000, 0.000000]
Sensor List:		[IR]
Subtask List:		[IR_{}]

Time Constraints:
Start Time:		0.000000
End Time:		Infinity
Task Duration:	0.920946
Corr Time:		Infinity
Lambda:			0.015000
Dependency Matrix:
   [0]

Time Constraint Matrix:
   [Infinity]


**********************************
