__________________________________
          WINNING VECTORS         
__________________________________
Subtasks:			[IR_{}		IR_{MW}		MW_{}		MW_{IR}	|	IR_{}		IR_{MW}		MW_{}		MW_{IR}	|	IR_{}		IR_{MW}		MW_{}		MW_{IR}	|	IR_{}		IR_{MW}		MW_{}		MW_{IR}	|	IR_{}		IR_{MW}		MW_{}		MW_{IR}	|	IR_{}		IR_{MW}		MW_{}		MW_{IR}	|	IR_{}		IR_{MW}		MW_{}		MW_{IR}	|	IR_{}		IR_{MW}		MW_{}		MW_{IR}	|	IR_{}		IR_{MW}		MW_{}		MW_{IR}	|	IR_{}		IR_{MW}		MW_{}		MW_{IR}	|	IR_{}		IR_{MW}		MW_{}		MW_{IR}	|	IR_{}		IR_{MW}		MW_{}		MW_{IR}	|	IR_{}		IR_{MW}		MW_{}		MW_{IR}	|	IR_{}		IR_{MW}		MW_{}		MW_{IR}	|	IR_{}		IR_{MW}		MW_{}		MW_{IR}	|	IR_{}		IR_{MW}		MW_{}		MW_{IR}	|	IR_{}		IR_{MW}		MW_{}		MW_{IR}	|	IR_{}		IR_{MW}		MW_{}		MW_{IR}	|	IR_{}		IR_{MW}		MW_{}		MW_{IR}	|	IR_{}		IR_{MW}		MW_{}		MW_{IR}	]
Bids Score:			[10.110		0.000		0.000		0.000	|	1.772		0.000		0.000		0.000	|	0.000		0.000		0.000		0.000	|	0.000		0.000		6.283		0.000	|	11.424		0.000		0.000		0.000	|	13.494		0.000		0.000		0.000	|	0.000		0.000		0.789		0.000	|	11.110		0.000		0.000		0.000	|	0.000		31.813		0.000		29.651	|	0.000		4.046		0.000		3.391	|	0.000		0.000		15.378		0.000	|	15.363		0.000		0.000		0.000	|	0.000		0.000		8.310		0.000	|	0.000		4.121		0.000		5.457	|	0.000		0.000		12.633		0.000	|	0.000		0.000		6.279		0.000	|	0.000		44.832		0.000		39.635	|	0.000		17.995		0.000		16.444	|	0.000		8.390		0.000		7.339	|	0.000		0.000		25.497		0.000	]
Measurement Time:	[43.86		0.00		0.00		0.00	|	57.86		0.00		0.00		0.00	|	0.00		0.00		0.00		0.00	|	0.00		0.00		22.31		0.00	|	21.21		0.00		0.00		0.00	|	29.62		0.00		0.00		0.00	|	0.00		0.00		79.47		0.00	|	33.86		0.00		0.00		0.00	|	0.00		13.46		0.00		17.46	|	0.00		60.69		0.00		64.69	|	0.00		0.00		9.31		0.00	|	27.62		0.00		0.00		0.00	|	0.00		0.00		40.31		0.00	|	0.00		74.04		0.00		70.04	|	0.00		0.00		27.31		0.00	|	0.00		0.00		38.08		0.00	|	0.00		3.62		0.00		7.62	|	0.00		29.46		0.00		33.46	|	0.00		47.35		0.00		51.35	|	0.00		0.00		7.07		0.000	]
Iteration Assigned:	[89			0			0			0		|	89			0			0			0		|	0			0			0			0		|	0			0			130			0		|	45			0			0			0		|	88			0			0			0		|	0			0			146			0		|	88			0			0			0		|	0			1			0			1		|	0			141			0			141		|	0			0			30			0		|	78			0			0			0		|	0			0			140			0		|	0			142			0			143		|	0			0			130			0		|	0			0			140			0		|	0			1			0			1		|	0			89			0			89		|	0			91			0			90		|	0			0			30			0		]
Winners:			[1			-			-			-		|	1			-			-			-		|	-			-			-			-		|	-			-			4			-		|	1			-			-			-		|	1			-			-			-		|	-			-			4			-		|	1			-			-			-		|	-			2			-			3		|	-			2			-			3		|	-			-			4			-		|	1			-			-			-		|	-			-			4			-		|	-			2			-			4		|	-			-			4			-		|	-			-			4			-		|	-			2			-			3		|	-			2			-			3		|	-			2			-			3		|	-			-			4			-		]

__________________________________
        PERFORMANCE METRICS       
__________________________________
Coalitions Formed:		6
Coalitions Available:	20
Coalition Ratio:		30.00%

Score Achieved:			490.817
Score Available:		1468.326
Score Ratio:			33.43%

Merge Cost:				0.000000
Split Cost:				0.000000

Avg Cost per Research:	34.81%

Tasks Done:				19
Tasks Available:		20
Tasks Done Ratio:		95.00%

Tasks done w/ 1 sens:	13
Tasks done w/ 2 sens:	6
Tasks done w/ 3 sens:	0

Planning Horizon:		2

__________________________________
           AGENT LIST             
__________________________________
Agent Number:			1
Planning Horizon:		2
Max Const Iteration:	2
Max Solo Bids:			5
Max Any Bids:			10
Iteration Counter:		175
Resources:				100.000000

Location:				[0.000		0.000		0.000]
Sensor List:			[IR]
Bundle:					[16			44			20			28			0			4]
Path:					[16			44			20			28			0			4]
Time Assignments:		[21.213		27.616		29.616		33.859		43.859		57.859]
Doing Iterations:		[88		89		140		141		142		156157		175		]


**********************************
Agent Number:			2
Planning Horizon:		2
Max Const Iteration:	2
Max Solo Bids:			5
Max Any Bids:			10
Iteration Counter:		175
Resources:				100.000000

Location:				[0.000		0.000		0.000]
Sensor List:			[IR]
Bundle:					[65			33			69			73			37			53]
Path:					[65			33			69			73			37			53]
Time Assignments:		[3.616		13.465		29.465		47.353		60.695		74.037]
Doing Iterations:		[88		140		156		157		175		]


**********************************
Agent Number:			3
Planning Horizon:		2
Max Const Iteration:	2
Max Solo Bids:			5
Max Any Bids:			10
Iteration Counter:		175
Resources:				100.000000

Location:				[0.000		0.000		0.000]
Sensor List:			[MW]
Bundle:					[67			35			71			75			39]
Path:					[67			35			71			75			39]
Time Assignments:		[7.616		17.465		33.465		51.353		64.695]
Doing Iterations:		[88		140		156		157		175]


**********************************
Agent Number:			4
Planning Horizon:		2
Max Const Iteration:	2
Max Solo Bids:			5
Max Any Bids:			10
Iteration Counter:		175
Resources:				100.000000

Location:				[0.000		0.000		0.000]
Sensor List:			[MW]
Bundle:					[78			42			14			58			62			50			55			26]
Path:					[78			42			14			58			62			50			55			26]
Time Assignments:		[7.071		9.307		22.307		27.307		38.077		40.314		70.037		79.470]
Doing Iterations:		[88		140		141		156		175		]

__________________________________
            TASK LIST             
__________________________________
Task Number:		0
Maximum Score:		89.837465
Subtask Cost:		0.000000
Number of Sensors:	2.000000
Number of Subtasks:	4

Location:			[1.000000, 0.000000, 0.000000]
Sensor List:		[IR, MW]
Subtask List:		[IR_{}, IR_{MW}, MW_{}, MW_{IR}]

Time Constraints:
Start Time:		0.000000
End Time:		Infinity
Task Duration:	0.977441
Corr Time:		4.000000
Lambda:			0.015000
Dependency Matrix:
   [0	-1	-1	-1
	-1	0	-1	1
	-1	-1	0	-1
	-1	1	-1	0]

Time Constraint Matrix:
   [Infinity	Infinity	Infinity	Infinity
	Infinity	Infinity	Infinity	4.000000
	Infinity	Infinity	Infinity	Infinity
	Infinity	4.000000	Infinity	Infinity]


**********************************
Task Number:		1
Maximum Score:		66.679951
Subtask Cost:		0.000000
Number of Sensors:	2.000000
Number of Subtasks:	4

Location:			[15.000000, 0.000000, 0.000000]
Sensor List:		[IR, MW]
Subtask List:		[IR_{}, IR_{MW}, MW_{}, MW_{IR}]

Time Constraints:
Start Time:		0.000000
End Time:		Infinity
Task Duration:	0.087670
Corr Time:		4.000000
Lambda:			0.015000
Dependency Matrix:
   [0	-1	-1	-1
	-1	0	-1	1
	-1	-1	0	-1
	-1	1	-1	0]

Time Constraint Matrix:
   [Infinity	Infinity	Infinity	Infinity
	Infinity	Infinity	Infinity	4.000000
	Infinity	Infinity	Infinity	Infinity
	Infinity	4.000000	Infinity	Infinity]


**********************************
Task Number:		2
Maximum Score:		72.343411
Subtask Cost:		0.000000
Number of Sensors:	2.000000
Number of Subtasks:	4

Location:			[49.000000, 0.000000, 0.000000]
Sensor List:		[IR, MW]
Subtask List:		[IR_{}, IR_{MW}, MW_{}, MW_{IR}]

Time Constraints:
Start Time:		0.000000
End Time:		Infinity
Task Duration:	0.440119
Corr Time:		4.000000
Lambda:			0.015000
Dependency Matrix:
   [0	-1	-1	-1
	-1	0	-1	1
	-1	-1	0	-1
	-1	1	-1	0]

Time Constraint Matrix:
   [Infinity	Infinity	Infinity	Infinity
	Infinity	Infinity	Infinity	4.000000
	Infinity	Infinity	Infinity	Infinity
	Infinity	4.000000	Infinity	Infinity]


**********************************
Task Number:		3
Maximum Score:		55.770146
Subtask Cost:		0.000000
Number of Sensors:	2.000000
Number of Subtasks:	4

Location:			[40.000000, 43.000000, 0.000000]
Sensor List:		[IR, MW]
Subtask List:		[IR_{}, IR_{MW}, MW_{}, MW_{IR}]

Time Constraints:
Start Time:		0.000000
End Time:		Infinity
Task Duration:	0.006067
Corr Time:		4.000000
Lambda:			0.015000
Dependency Matrix:
   [0	-1	-1	-1
	-1	0	-1	1
	-1	-1	0	-1
	-1	1	-1	0]

Time Constraint Matrix:
   [Infinity	Infinity	Infinity	Infinity
	Infinity	Infinity	Infinity	4.000000
	Infinity	Infinity	Infinity	Infinity
	Infinity	4.000000	Infinity	Infinity]


**********************************
Task Number:		4
Maximum Score:		94.353735
Subtask Cost:		0.000000
Number of Sensors:	2.000000
Number of Subtasks:	4

Location:			[17.000000, 7.000000, 0.000000]
Sensor List:		[IR, MW]
Subtask List:		[IR_{}, IR_{MW}, MW_{}, MW_{IR}]

Time Constraints:
Start Time:		0.000000
End Time:		Infinity
Task Duration:	0.464415
Corr Time:		4.000000
Lambda:			0.015000
Dependency Matrix:
   [0	-1	-1	-1
	-1	0	-1	1
	-1	-1	0	-1
	-1	1	-1	0]

Time Constraint Matrix:
   [Infinity	Infinity	Infinity	Infinity
	Infinity	Infinity	Infinity	4.000000
	Infinity	Infinity	Infinity	Infinity
	Infinity	4.000000	Infinity	Infinity]


**********************************
Task Number:		5
Maximum Score:		68.175613
Subtask Cost:		0.000000
Number of Sensors:	2.000000
Number of Subtasks:	4

Location:			[10.000000, 11.000000, 0.000000]
Sensor List:		[IR, MW]
Subtask List:		[IR_{}, IR_{MW}, MW_{}, MW_{IR}]

Time Constraints:
Start Time:		0.000000
End Time:		Infinity
Task Duration:	0.841384
Corr Time:		4.000000
Lambda:			0.015000
Dependency Matrix:
   [0	-1	-1	-1
	-1	0	-1	1
	-1	-1	0	-1
	-1	1	-1	0]

Time Constraint Matrix:
   [Infinity	Infinity	Infinity	Infinity
	Infinity	Infinity	Infinity	4.000000
	Infinity	Infinity	Infinity	Infinity
	Infinity	4.000000	Infinity	Infinity]


**********************************
Task Number:		6
Maximum Score:		58.139652
Subtask Cost:		0.000000
Number of Sensors:	2.000000
Number of Subtasks:	4

Location:			[49.000000, 15.000000, 0.000000]
Sensor List:		[IR, MW]
Subtask List:		[IR_{}, IR_{MW}, MW_{}, MW_{IR}]

Time Constraints:
Start Time:		0.000000
End Time:		Infinity
Task Duration:	0.476099
Corr Time:		4.000000
Lambda:			0.015000
Dependency Matrix:
   [0	-1	-1	-1
	-1	0	-1	1
	-1	-1	0	-1
	-1	1	-1	0]

Time Constraint Matrix:
   [Infinity	Infinity	Infinity	Infinity
	Infinity	Infinity	Infinity	4.000000
	Infinity	Infinity	Infinity	Infinity
	Infinity	4.000000	Infinity	Infinity]


**********************************
Task Number:		7
Maximum Score:		66.809930
Subtask Cost:		0.000000
Number of Sensors:	2.000000
Number of Subtasks:	4

Location:			[7.000000, 8.000000, 0.000000]
Sensor List:		[IR, MW]
Subtask List:		[IR_{}, IR_{MW}, MW_{}, MW_{IR}]

Time Constraints:
Start Time:		0.000000
End Time:		Infinity
Task Duration:	0.790843
Corr Time:		4.000000
Lambda:			0.015000
Dependency Matrix:
   [0	-1	-1	-1
	-1	0	-1	1
	-1	-1	0	-1
	-1	1	-1	0]

Time Constraint Matrix:
   [Infinity	Infinity	Infinity	Infinity
	Infinity	Infinity	Infinity	4.000000
	Infinity	Infinity	Infinity	Infinity
	Infinity	4.000000	Infinity	Infinity]


**********************************
Task Number:		8
Maximum Score:		90.883935
Subtask Cost:		0.000000
Number of Sensors:	2.000000
Number of Subtasks:	4

Location:			[10.000000, 49.000000, 0.000000]
Sensor List:		[IR, MW]
Subtask List:		[IR_{}, IR_{MW}, MW_{}, MW_{IR}]

Time Constraints:
Start Time:		0.000000
End Time:		Infinity
Task Duration:	0.345749
Corr Time:		4.000000
Lambda:			0.015000
Dependency Matrix:
   [0	-1	-1	-1
	-1	0	-1	1
	-1	-1	0	-1
	-1	1	-1	0]

Time Constraint Matrix:
   [Infinity	Infinity	Infinity	Infinity
	Infinity	Infinity	Infinity	4.000000
	Infinity	Infinity	Infinity	Infinity
	Infinity	4.000000	Infinity	Infinity]


**********************************
Task Number:		9
Maximum Score:		55.922809
Subtask Cost:		0.000000
Number of Sensors:	2.000000
Number of Subtasks:	4

Location:			[31.000000, 20.000000, 0.000000]
Sensor List:		[IR, MW]
Subtask List:		[IR_{}, IR_{MW}, MW_{}, MW_{IR}]

Time Constraints:
Start Time:		0.000000
End Time:		Infinity
Task Duration:	0.439933
Corr Time:		4.000000
Lambda:			0.015000
Dependency Matrix:
   [0	-1	-1	-1
	-1	0	-1	1
	-1	-1	0	-1
	-1	1	-1	0]

Time Constraint Matrix:
   [Infinity	Infinity	Infinity	Infinity
	Infinity	Infinity	Infinity	4.000000
	Infinity	Infinity	Infinity	Infinity
	Infinity	4.000000	Infinity	Infinity]


**********************************
Task Number:		10
Maximum Score:		57.212237
Subtask Cost:		0.000000
Number of Sensors:	2.000000
Number of Subtasks:	4

Location:			[28.000000, 38.000000, 0.000000]
Sensor List:		[IR, MW]
Subtask List:		[IR_{}, IR_{MW}, MW_{}, MW_{IR}]

Time Constraints:
Start Time:		0.000000
End Time:		Infinity
Task Duration:	0.084524
Corr Time:		4.000000
Lambda:			0.015000
Dependency Matrix:
   [0	-1	-1	-1
	-1	0	-1	1
	-1	-1	0	-1
	-1	1	-1	0]

Time Constraint Matrix:
   [Infinity	Infinity	Infinity	Infinity
	Infinity	Infinity	Infinity	4.000000
	Infinity	Infinity	Infinity	Infinity
	Infinity	4.000000	Infinity	Infinity]


**********************************
Task Number:		11
Maximum Score:		85.442040
Subtask Cost:		0.000000
Number of Sensors:	2.000000
Number of Subtasks:	4

Location:			[12.000000, 11.000000, 0.000000]
Sensor List:		[IR, MW]
Subtask List:		[IR_{}, IR_{MW}, MW_{}, MW_{IR}]

Time Constraints:
Start Time:		0.000000
End Time:		Infinity
Task Duration:	0.517792
Corr Time:		4.000000
Lambda:			0.015000
Dependency Matrix:
   [0	-1	-1	-1
	-1	0	-1	1
	-1	-1	0	-1
	-1	1	-1	0]

Time Constraint Matrix:
   [Infinity	Infinity	Infinity	Infinity
	Infinity	Infinity	Infinity	4.000000
	Infinity	Infinity	Infinity	Infinity
	Infinity	4.000000	Infinity	Infinity]


**********************************
Task Number:		12
Maximum Score:		52.269464
Subtask Cost:		0.000000
Number of Sensors:	2.000000
Number of Subtasks:	4

Location:			[46.000000, 35.000000, 0.000000]
Sensor List:		[IR, MW]
Subtask List:		[IR_{}, IR_{MW}, MW_{}, MW_{IR}]

Time Constraints:
Start Time:		0.000000
End Time:		Infinity
Task Duration:	0.558560
Corr Time:		4.000000
Lambda:			0.015000
Dependency Matrix:
   [0	-1	-1	-1
	-1	0	-1	1
	-1	-1	0	-1
	-1	1	-1	0]

Time Constraint Matrix:
   [Infinity	Infinity	Infinity	Infinity
	Infinity	Infinity	Infinity	4.000000
	Infinity	Infinity	Infinity	Infinity
	Infinity	4.000000	Infinity	Infinity]


**********************************
Task Number:		13
Maximum Score:		68.770622
Subtask Cost:		0.000000
Number of Sensors:	2.000000
Number of Subtasks:	4

Location:			[44.000000, 23.000000, 0.000000]
Sensor List:		[IR, MW]
Subtask List:		[IR_{}, IR_{MW}, MW_{}, MW_{IR}]

Time Constraints:
Start Time:		0.000000
End Time:		Infinity
Task Duration:	0.001277
Corr Time:		4.000000
Lambda:			0.015000
Dependency Matrix:
   [0	-1	-1	-1
	-1	0	-1	1
	-1	-1	0	-1
	-1	1	-1	0]

Time Constraint Matrix:
   [Infinity	Infinity	Infinity	Infinity
	Infinity	Infinity	Infinity	4.000000
	Infinity	Infinity	Infinity	Infinity
	Infinity	4.000000	Infinity	Infinity]


**********************************
Task Number:		14
Maximum Score:		69.286505
Subtask Cost:		0.000000
Number of Sensors:	2.000000
Number of Subtasks:	4

Location:			[44.000000, 46.000000, 0.000000]
Sensor List:		[IR, MW]
Subtask List:		[IR_{}, IR_{MW}, MW_{}, MW_{IR}]

Time Constraints:
Start Time:		0.000000
End Time:		Infinity
Task Duration:	0.944642
Corr Time:		4.000000
Lambda:			0.015000
Dependency Matrix:
   [0	-1	-1	-1
	-1	0	-1	1
	-1	-1	0	-1
	-1	1	-1	0]

Time Constraint Matrix:
   [Infinity	Infinity	Infinity	Infinity
	Infinity	Infinity	Infinity	4.000000
	Infinity	Infinity	Infinity	Infinity
	Infinity	4.000000	Infinity	Infinity]


**********************************
Task Number:		15
Maximum Score:		64.234413
Subtask Cost:		0.000000
Number of Sensors:	2.000000
Number of Subtasks:	4

Location:			[48.000000, 36.000000, 0.000000]
Sensor List:		[IR, MW]
Subtask List:		[IR_{}, IR_{MW}, MW_{}, MW_{IR}]

Time Constraints:
Start Time:		0.000000
End Time:		Infinity
Task Duration:	0.415389
Corr Time:		4.000000
Lambda:			0.015000
Dependency Matrix:
   [0	-1	-1	-1
	-1	0	-1	1
	-1	-1	0	-1
	-1	1	-1	0]

Time Constraint Matrix:
   [Infinity	Infinity	Infinity	Infinity
	Infinity	Infinity	Infinity	4.000000
	Infinity	Infinity	Infinity	Infinity
	Infinity	4.000000	Infinity	Infinity]


**********************************
Task Number:		16
Maximum Score:		98.082629
Subtask Cost:		0.000000
Number of Sensors:	2.000000
Number of Subtasks:	4

Location:			[14.000000, 40.000000, 0.000000]
Sensor List:		[IR, MW]
Subtask List:		[IR_{}, IR_{MW}, MW_{}, MW_{IR}]

Time Constraints:
Start Time:		0.000000
End Time:		Infinity
Task Duration:	0.899790
Corr Time:		4.000000
Lambda:			0.015000
Dependency Matrix:
   [0	-1	-1	-1
	-1	0	-1	1
	-1	-1	0	-1
	-1	1	-1	0]

Time Constraint Matrix:
   [Infinity	Infinity	Infinity	Infinity
	Infinity	Infinity	Infinity	4.000000
	Infinity	Infinity	Infinity	Infinity
	Infinity	4.000000	Infinity	Infinity]


**********************************
Task Number:		17
Maximum Score:		82.875604
Subtask Cost:		0.000000
Number of Sensors:	2.000000
Number of Subtasks:	4

Location:			[10.000000, 33.000000, 0.000000]
Sensor List:		[IR, MW]
Subtask List:		[IR_{}, IR_{MW}, MW_{}, MW_{IR}]

Time Constraints:
Start Time:		0.000000
End Time:		Infinity
Task Duration:	0.427705
Corr Time:		4.000000
Lambda:			0.015000
Dependency Matrix:
   [0	-1	-1	-1
	-1	0	-1	1
	-1	-1	0	-1
	-1	1	-1	0]

Time Constraint Matrix:
   [Infinity	Infinity	Infinity	Infinity
	Infinity	Infinity	Infinity	4.000000
	Infinity	Infinity	Infinity	Infinity
	Infinity	4.000000	Infinity	Infinity]


**********************************
Task Number:		18
Maximum Score:		73.448864
Subtask Cost:		0.000000
Number of Sensors:	2.000000
Number of Subtasks:	4

Location:			[18.000000, 17.000000, 0.000000]
Sensor List:		[IR, MW]
Subtask List:		[IR_{}, IR_{MW}, MW_{}, MW_{IR}]

Time Constraints:
Start Time:		0.000000
End Time:		Infinity
Task Duration:	0.667445
Corr Time:		4.000000
Lambda:			0.015000
Dependency Matrix:
   [0	-1	-1	-1
	-1	0	-1	1
	-1	-1	0	-1
	-1	1	-1	0]

Time Constraint Matrix:
   [Infinity	Infinity	Infinity	Infinity
	Infinity	Infinity	Infinity	4.000000
	Infinity	Infinity	Infinity	Infinity
	Infinity	4.000000	Infinity	Infinity]


**********************************
Task Number:		19
Maximum Score:		97.787332
Subtask Cost:		0.000000
Number of Sensors:	2.000000
Number of Subtasks:	4

Location:			[27.000000, 36.000000, 0.000000]
Sensor List:		[IR, MW]
Subtask List:		[IR_{}, IR_{MW}, MW_{}, MW_{IR}]

Time Constraints:
Start Time:		0.000000
End Time:		Infinity
Task Duration:	0.084468
Corr Time:		4.000000
Lambda:			0.015000
Dependency Matrix:
   [0	-1	-1	-1
	-1	0	-1	1
	-1	-1	0	-1
	-1	1	-1	0]

Time Constraint Matrix:
   [Infinity	Infinity	Infinity	Infinity
	Infinity	Infinity	Infinity	4.000000
	Infinity	Infinity	Infinity	Infinity
	Infinity	4.000000	Infinity	Infinity]

