0	|	0.000000	0.000000	|	0.000000	0.000000	|	-	-	|	0.000000	0.000000	|	0	0	
1	|	11.094260	11.094260	|	125.150909	125.150909	|	1	1	|	8.140463	8.140463	|	0	0	
2	|	0.000000	0.000000	|	0.000000	0.000000	|	-	-	|	0.000000	0.000000	|	0	0	
3	|	19.206561	19.206561	|	125.150909	125.150909	|	1	1	|	0.028163	0.028163	|	0	0	
4	|	0.000000	0.000000	|	0.000000	0.000000	|	-	-	|	0.000000	0.000000	|	0	0	
5	|	19.260175	19.260175	|	74.335426	74.335426	|	1	1	|	6.724442	6.724442	|	0	0	
6	|	0.000000	0.000000	|	0.000000	0.000000	|	-	-	|	0.000000	0.000000	|	0	0	
7	|	25.479179	25.479179	|	74.335426	74.335426	|	1	1	|	0.505438	0.505438	|	0	0	
8	|	0.000000	0.000000	|	0.000000	0.000000	|	-	-	|	0.000000	0.000000	|	0	0	
9	|	0.000000	0.000000	|	0.000000	0.000000	|	-	-	|	0.000000	0.000000	|	0	0	
10	|	0.000000	0.000000	|	0.000000	0.000000	|	-	-	|	0.000000	0.000000	|	0	0	
11	|	0.000000	0.000000	|	0.000000	0.000000	|	-	-	|	0.000000	0.000000	|	0	0	
12	|	0.000000	0.000000	|	0.000000	0.000000	|	-	-	|	0.000000	0.000000	|	0	0	
13	|	0.000000	0.000000	|	0.000000	0.000000	|	-	-	|	0.000000	0.000000	|	0	0	
14	|	0.000000	0.000000	|	0.000000	0.000000	|	-	-	|	0.000000	0.000000	|	0	0	
15	|	0.000000	0.000000	|	0.000000	0.000000	|	-	-	|	0.000000	0.000000	|	0	0	
16	|	0.000000	0.000000	|	0.000000	0.000000	|	-	-	|	0.000000	0.000000	|	0	0	
17	|	18.627243	18.627243	|	127.602388	127.602388	|	2	2	|	0.787302	0.787302	|	0	0	
18	|	0.000000	0.000000	|	0.000000	0.000000	|	-	-	|	0.000000	0.000000	|	0	0	
19	|	11.201202	11.201202	|	127.602388	127.602388	|	2	2	|	8.213343	8.213343	|	0	0	
20	|	0.000000	0.000000	|	0.000000	0.000000	|	-	-	|	0.000000	0.000000	|	0	0	
21	|	0.000000	0.000000	|	0.000000	0.000000	|	-	-	|	0.000000	0.000000	|	0	0	
22	|	0.000000	0.000000	|	0.000000	0.000000	|	-	-	|	0.000000	0.000000	|	0	0	
23	|	0.000000	0.000000	|	0.000000	0.000000	|	-	-	|	0.000000	0.000000	|	0	0	
24	|	0.000000	0.000000	|	0.000000	0.000000	|	-	-	|	0.000000	0.000000	|	0	0	
25	|	25.070188	25.070188	|	90.539862	90.539862	|	1	1	|	9.677876	9.677876	|	0	0	
26	|	0.000000	0.000000	|	0.000000	0.000000	|	-	-	|	0.000000	0.000000	|	0	0	
27	|	19.963501	19.963501	|	105.188516	105.188516	|	2	2	|	14.029371	14.029371	|	0	0	
28	|	0.000000	0.000000	|	0.000000	0.000000	|	-	-	|	0.000000	0.000000	|	0	0	
29	|	0.000000	0.000000	|	0.000000	0.000000	|	-	-	|	0.000000	0.000000	|	0	0	
30	|	0.000000	0.000000	|	0.000000	0.000000	|	-	-	|	0.000000	0.000000	|	0	0	
31	|	0.000000	0.000000	|	0.000000	0.000000	|	-	-	|	0.000000	0.000000	|	0	0	
32	|	0.000000	0.000000	|	0.000000	0.000000	|	-	-	|	0.000000	0.000000	|	0	0	
33	|	30.480831	30.480831	|	55.139483	55.139483	|	1	1	|	7.383875	7.383875	|	0	0	
34	|	0.000000	0.000000	|	0.000000	0.000000	|	-	-	|	0.000000	0.000000	|	0	0	
35	|	37.761864	37.761864	|	55.139483	55.139483	|	1	1	|	0.102841	0.102841	|	0	0	
36	|	0.000000	0.000000	|	0.000000	0.000000	|	-	-	|	0.000000	0.000000	|	0	0	
37	|	36.032645	36.032645	|	18.027917	18.027917	|	2	2	|	7.313931	7.313931	|	0	0	
38	|	0.000000	0.000000	|	0.000000	0.000000	|	-	-	|	0.000000	0.000000	|	0	0	
39	|	42.910916	42.910916	|	18.027917	18.027917	|	2	2	|	0.435660	0.435660	|	0	0	
40	|	0.000000	0.000000	|	0.000000	0.000000	|	-	-	|	0.000000	0.000000	|	0	0	
41	|	19.015215	19.015215	|	107.972471	107.972471	|	1	1	|	7.563798	7.563798	|	0	0	
42	|	0.000000	0.000000	|	0.000000	0.000000	|	-	-	|	0.000000	0.000000	|	0	0	
43	|	23.961292	23.961292	|	114.741572	114.741572	|	2	2	|	2.349212	2.349212	|	0	0	
44	|	0.000000	0.000000	|	0.000000	0.000000	|	-	-	|	0.000000	0.000000	|	0	0	
45	|	25.282825	25.282825	|	28.739554	28.739554	|	1	1	|	8.586291	8.586291	|	0	0	
46	|	0.000000	0.000000	|	0.000000	0.000000	|	-	-	|	0.000000	0.000000	|	0	0	
47	|	33.788974	33.788974	|	28.739554	28.739554	|	1	1	|	0.080141	0.080141	|	0	0	
48	|	0.000000	0.000000	|	0.000000	0.000000	|	-	-	|	0.000000	0.000000	|	0	0	
49	|	30.863807	30.863807	|	80.364971	80.364971	|	2	2	|	6.214921	6.214921	|	0	0	
50	|	0.000000	0.000000	|	0.000000	0.000000	|	-	-	|	0.000000	0.000000	|	0	0	
51	|	37.467728	37.467728	|	80.364971	80.364971	|	2	2	|	-0.389000	-0.389000	|	0	0	
52	|	0.000000	0.000000	|	0.000000	0.000000	|	-	-	|	0.000000	0.000000	|	0	0	
53	|	28.651930	28.651930	|	95.954524	95.954524	|	1	1	|	3.130100	3.130100	|	0	0	
54	|	0.000000	0.000000	|	0.000000	0.000000	|	-	-	|	0.000000	0.000000	|	0	0	
55	|	32.326916	32.326916	|	95.954524	95.954524	|	1	1	|	-0.544887	-0.544887	|	0	0	
56	|	0.000000	0.000000	|	0.000000	0.000000	|	-	-	|	0.000000	0.000000	|	0	0	
57	|	0.000000	0.000000	|	0.000000	0.000000	|	-	-	|	0.000000	0.000000	|	0	0	
58	|	0.000000	0.000000	|	0.000000	0.000000	|	-	-	|	0.000000	0.000000	|	0	0	
59	|	0.000000	0.000000	|	0.000000	0.000000	|	-	-	|	0.000000	0.000000	|	0	0	
60	|	38.008832	38.008832	|	15.612154	15.612154	|	1	1	|	9.583001	9.583001	|	0	0	
61	|	0.000000	0.000000	|	0.000000	0.000000	|	-	-	|	0.000000	0.000000	|	0	0	
62	|	0.000000	0.000000	|	0.000000	0.000000	|	-	-	|	0.000000	0.000000	|	0	0	
63	|	7.880720	7.880720	|	111.593037	111.593037	|	1	1	|	3.139461	3.139461	|	0	0	
64	|	33.350110	33.350110	|	68.218823	68.218823	|	2	2	|	1.910202	1.910202	|	0	0	
65	|	24.315924	24.315924	|	41.757646	41.757646	|	1	1	|	7.780736	7.780736	|	0	0	
66	|	28.267731	28.267731	|	45.755018	45.755018	|	2	2	|	16.811396	16.811396	|	0	0	
67	|	7.296369	7.296369	|	140.340978	140.340978	|	2	2	|	7.974725	7.974725	|	0	0	
68	|	27.371306	27.371306	|	65.256947	65.256947	|	2	2	|	12.232124	12.232124	|	0	0	
69	|	14.290786	14.290786	|	111.772427	111.772427	|	2	2	|	4.724446	4.724446	|	0	0	
70	|	5.443056	5.443056	|	132.555728	132.555728	|	1	1	|	5.161135	5.161135	|	0	0	
71	|	0.000000	0.000000	|	0.000000	0.000000	|	-	-	|	0.000000	0.000000	|	0	0	
72	|	37.364474	37.364474	|	6.722786	6.722786	|	2	2	|	4.310686	4.310686	|	0	0	
73	|	8.710944	8.710944	|	160.874932	160.874932	|	2	2	|	12.296080	12.296080	|	0	0	
74	|	21.711272	21.711272	|	62.342918	62.342918	|	1	1	|	4.932120	4.932120	|	0	0	
