Task Number:		0
Maximum Score:		23.423237
Subtask Cost:		0.830617
Number of Sensors:	2.000000
Number of Subtasks:	4

Location:			[13.000000, 28.000000, 0.000000]
Sensor List:		[IR, MW]
Subtask List:		[IR_{}, IR_{MW}, MW_{}, MW_{IR}]

Time Constraints:
Start Time:		0.000000
End Time:		Infinity
Task Duration:	0.711090
Corr Time:		Infinity
Lambda:			0.015000
Dependency Matrix:
   [0	-1	-1	-1
	-1	0	-1	1
	-1	-1	0	-1
	-1	1	-1	0]

Time Constraint Matrix:
   [Infinity	Infinity	Infinity	Infinity
	Infinity	Infinity	Infinity	0.711090
	Infinity	Infinity	Infinity	Infinity
	Infinity	0.711090	Infinity	Infinity]


**********************************
Task Number:		1
Maximum Score:		45.833784
Subtask Cost:		0.605564
Number of Sensors:	2.000000
Number of Subtasks:	4

Location:			[2.000000, 27.000000, 0.000000]
Sensor List:		[IR, MW]
Subtask List:		[IR_{}, IR_{MW}, MW_{}, MW_{IR}]

Time Constraints:
Start Time:		0.000000
End Time:		Infinity
Task Duration:	0.384202
Corr Time:		Infinity
Lambda:			0.015000
Dependency Matrix:
   [0	-1	-1	-1
	-1	0	-1	1
	-1	-1	0	-1
	-1	1	-1	0]

Time Constraint Matrix:
   [Infinity	Infinity	Infinity	Infinity
	Infinity	Infinity	Infinity	0.384202
	Infinity	Infinity	Infinity	Infinity
	Infinity	0.384202	Infinity	Infinity]


**********************************
Task Number:		2
Maximum Score:		89.657516
Subtask Cost:		0.396069
Number of Sensors:	2.000000
Number of Subtasks:	4

Location:			[12.000000, 20.000000, 0.000000]
Sensor List:		[IR, MW]
Subtask List:		[IR_{}, IR_{MW}, MW_{}, MW_{IR}]

Time Constraints:
Start Time:		0.000000
End Time:		Infinity
Task Duration:	0.221337
Corr Time:		Infinity
Lambda:			0.015000
Dependency Matrix:
   [0	-1	-1	-1
	-1	0	-1	1
	-1	-1	0	-1
	-1	1	-1	0]

Time Constraint Matrix:
   [Infinity	Infinity	Infinity	Infinity
	Infinity	Infinity	Infinity	0.221337
	Infinity	Infinity	Infinity	Infinity
	Infinity	0.221337	Infinity	Infinity]


**********************************
Task Number:		3
Maximum Score:		6.405482
Subtask Cost:		0.228798
Number of Sensors:	2.000000
Number of Subtasks:	4

Location:			[4.000000, 36.000000, 0.000000]
Sensor List:		[IR, MW]
Subtask List:		[IR_{}, IR_{MW}, MW_{}, MW_{IR}]

Time Constraints:
Start Time:		0.000000
End Time:		Infinity
Task Duration:	0.930894
Corr Time:		Infinity
Lambda:			0.015000
Dependency Matrix:
   [0	-1	-1	-1
	-1	0	-1	1
	-1	-1	0	-1
	-1	1	-1	0]

Time Constraint Matrix:
   [Infinity	Infinity	Infinity	Infinity
	Infinity	Infinity	Infinity	0.930894
	Infinity	Infinity	Infinity	Infinity
	Infinity	0.930894	Infinity	Infinity]


**********************************
Task Number:		4
Maximum Score:		95.576642
Subtask Cost:		0.512406
Number of Sensors:	2.000000
Number of Subtasks:	4

Location:			[42.000000, 9.000000, 0.000000]
Sensor List:		[IR, MW]
Subtask List:		[IR_{}, IR_{MW}, MW_{}, MW_{IR}]

Time Constraints:
Start Time:		0.000000
End Time:		Infinity
Task Duration:	0.334049
Corr Time:		Infinity
Lambda:			0.015000
Dependency Matrix:
   [0	-1	-1	-1
	-1	0	-1	1
	-1	-1	0	-1
	-1	1	-1	0]

Time Constraint Matrix:
   [Infinity	Infinity	Infinity	Infinity
	Infinity	Infinity	Infinity	0.334049
	Infinity	Infinity	Infinity	Infinity
	Infinity	0.334049	Infinity	Infinity]


**********************************
Task Number:		5
Maximum Score:		50.613092
Subtask Cost:		0.519047
Number of Sensors:	2.000000
Number of Subtasks:	4

Location:			[22.000000, 0.000000, 0.000000]
Sensor List:		[IR, MW]
Subtask List:		[IR_{}, IR_{MW}, MW_{}, MW_{IR}]

Time Constraints:
Start Time:		0.000000
End Time:		Infinity
Task Duration:	0.783285
Corr Time:		Infinity
Lambda:			0.015000
Dependency Matrix:
   [0	-1	-1	-1
	-1	0	-1	1
	-1	-1	0	-1
	-1	1	-1	0]

Time Constraint Matrix:
   [Infinity	Infinity	Infinity	Infinity
	Infinity	Infinity	Infinity	0.783285
	Infinity	Infinity	Infinity	Infinity
	Infinity	0.783285	Infinity	Infinity]


**********************************
Task Number:		6
Maximum Score:		8.376215
Subtask Cost:		0.199513
Number of Sensors:	2.000000
Number of Subtasks:	4

Location:			[18.000000, 30.000000, 0.000000]
Sensor List:		[IR, MW]
Subtask List:		[IR_{}, IR_{MW}, MW_{}, MW_{IR}]

Time Constraints:
Start Time:		0.000000
End Time:		Infinity
Task Duration:	0.012194
Corr Time:		Infinity
Lambda:			0.015000
Dependency Matrix:
   [0	-1	-1	-1
	-1	0	-1	1
	-1	-1	0	-1
	-1	1	-1	0]

Time Constraint Matrix:
   [Infinity	Infinity	Infinity	Infinity
	Infinity	Infinity	Infinity	0.012194
	Infinity	Infinity	Infinity	Infinity
	Infinity	0.012194	Infinity	Infinity]


**********************************
Task Number:		7
Maximum Score:		53.318731
Subtask Cost:		0.595491
Number of Sensors:	2.000000
Number of Subtasks:	4

Location:			[25.000000, 31.000000, 0.000000]
Sensor List:		[IR, MW]
Subtask List:		[IR_{}, IR_{MW}, MW_{}, MW_{IR}]

Time Constraints:
Start Time:		0.000000
End Time:		Infinity
Task Duration:	0.866479
Corr Time:		Infinity
Lambda:			0.015000
Dependency Matrix:
   [0	-1	-1	-1
	-1	0	-1	1
	-1	-1	0	-1
	-1	1	-1	0]

Time Constraint Matrix:
   [Infinity	Infinity	Infinity	Infinity
	Infinity	Infinity	Infinity	0.866479
	Infinity	Infinity	Infinity	Infinity
	Infinity	0.866479	Infinity	Infinity]


**********************************
Task Number:		8
Maximum Score:		78.842553
Subtask Cost:		0.746438
Number of Sensors:	2.000000
Number of Subtasks:	4

Location:			[1.000000, 38.000000, 0.000000]
Sensor List:		[IR, MW]
Subtask List:		[IR_{}, IR_{MW}, MW_{}, MW_{IR}]

Time Constraints:
Start Time:		0.000000
End Time:		Infinity
Task Duration:	0.797259
Corr Time:		Infinity
Lambda:			0.015000
Dependency Matrix:
   [0	-1	-1	-1
	-1	0	-1	1
	-1	-1	0	-1
	-1	1	-1	0]

Time Constraint Matrix:
   [Infinity	Infinity	Infinity	Infinity
	Infinity	Infinity	Infinity	0.797259
	Infinity	Infinity	Infinity	Infinity
	Infinity	0.797259	Infinity	Infinity]


**********************************
Task Number:		9
Maximum Score:		54.485231
Subtask Cost:		0.809450
Number of Sensors:	2.000000
Number of Subtasks:	4

Location:			[3.000000, 31.000000, 0.000000]
Sensor List:		[IR, MW]
Subtask List:		[IR_{}, IR_{MW}, MW_{}, MW_{IR}]

Time Constraints:
Start Time:		0.000000
End Time:		Infinity
Task Duration:	0.344687
Corr Time:		Infinity
Lambda:			0.015000
Dependency Matrix:
   [0	-1	-1	-1
	-1	0	-1	1
	-1	-1	0	-1
	-1	1	-1	0]

Time Constraint Matrix:
   [Infinity	Infinity	Infinity	Infinity
	Infinity	Infinity	Infinity	0.344687
	Infinity	Infinity	Infinity	Infinity
	Infinity	0.344687	Infinity	Infinity]


**********************************
Task Number:		10
Maximum Score:		9.549943
Subtask Cost:		0.259917
Number of Sensors:	2.000000
Number of Subtasks:	4

Location:			[44.000000, 5.000000, 0.000000]
Sensor List:		[IR, MW]
Subtask List:		[IR_{}, IR_{MW}, MW_{}, MW_{IR}]

Time Constraints:
Start Time:		0.000000
End Time:		Infinity
Task Duration:	0.319670
Corr Time:		Infinity
Lambda:			0.015000
Dependency Matrix:
   [0	-1	-1	-1
	-1	0	-1	1
	-1	-1	0	-1
	-1	1	-1	0]

Time Constraint Matrix:
   [Infinity	Infinity	Infinity	Infinity
	Infinity	Infinity	Infinity	0.319670
	Infinity	Infinity	Infinity	Infinity
	Infinity	0.319670	Infinity	Infinity]


**********************************
Task Number:		11
Maximum Score:		26.001821
Subtask Cost:		0.225253
Number of Sensors:	2.000000
Number of Subtasks:	4

Location:			[49.000000, 16.000000, 0.000000]
Sensor List:		[IR, MW]
Subtask List:		[IR_{}, IR_{MW}, MW_{}, MW_{IR}]

Time Constraints:
Start Time:		0.000000
End Time:		Infinity
Task Duration:	0.318463
Corr Time:		Infinity
Lambda:			0.015000
Dependency Matrix:
   [0	-1	-1	-1
	-1	0	-1	1
	-1	-1	0	-1
	-1	1	-1	0]

Time Constraint Matrix:
   [Infinity	Infinity	Infinity	Infinity
	Infinity	Infinity	Infinity	0.318463
	Infinity	Infinity	Infinity	Infinity
	Infinity	0.318463	Infinity	Infinity]


**********************************
Task Number:		12
Maximum Score:		80.005851
Subtask Cost:		0.719795
Number of Sensors:	2.000000
Number of Subtasks:	4

Location:			[47.000000, 24.000000, 0.000000]
Sensor List:		[IR, MW]
Subtask List:		[IR_{}, IR_{MW}, MW_{}, MW_{IR}]

Time Constraints:
Start Time:		0.000000
End Time:		Infinity
Task Duration:	0.643533
Corr Time:		Infinity
Lambda:			0.015000
Dependency Matrix:
   [0	-1	-1	-1
	-1	0	-1	1
	-1	-1	0	-1
	-1	1	-1	0]

Time Constraint Matrix:
   [Infinity	Infinity	Infinity	Infinity
	Infinity	Infinity	Infinity	0.643533
	Infinity	Infinity	Infinity	Infinity
	Infinity	0.643533	Infinity	Infinity]


**********************************
Task Number:		13
Maximum Score:		95.140323
Subtask Cost:		0.897504
Number of Sensors:	2.000000
Number of Subtasks:	4

Location:			[48.000000, 10.000000, 0.000000]
Sensor List:		[IR, MW]
Subtask List:		[IR_{}, IR_{MW}, MW_{}, MW_{IR}]

Time Constraints:
Start Time:		0.000000
End Time:		Infinity
Task Duration:	0.518839
Corr Time:		Infinity
Lambda:			0.015000
Dependency Matrix:
   [0	-1	-1	-1
	-1	0	-1	1
	-1	-1	0	-1
	-1	1	-1	0]

Time Constraint Matrix:
   [Infinity	Infinity	Infinity	Infinity
	Infinity	Infinity	Infinity	0.518839
	Infinity	Infinity	Infinity	Infinity
	Infinity	0.518839	Infinity	Infinity]


**********************************
Task Number:		14
Maximum Score:		17.056551
Subtask Cost:		0.568352
Number of Sensors:	2.000000
Number of Subtasks:	4

Location:			[43.000000, 49.000000, 0.000000]
Sensor List:		[IR, MW]
Subtask List:		[IR_{}, IR_{MW}, MW_{}, MW_{IR}]

Time Constraints:
Start Time:		0.000000
End Time:		Infinity
Task Duration:	0.258602
Corr Time:		Infinity
Lambda:			0.015000
Dependency Matrix:
   [0	-1	-1	-1
	-1	0	-1	1
	-1	-1	0	-1
	-1	1	-1	0]

Time Constraint Matrix:
   [Infinity	Infinity	Infinity	Infinity
	Infinity	Infinity	Infinity	0.258602
	Infinity	Infinity	Infinity	Infinity
	Infinity	0.258602	Infinity	Infinity]


**********************************
Task Number:		15
Maximum Score:		21.103891
Subtask Cost:		0.507086
Number of Sensors:	1.000000
Number of Subtasks:	1

Location:			[44.000000, 39.000000, 0.000000]
Sensor List:		[MW]
Subtask List:		[MW_{}]

Time Constraints:
Start Time:		0.000000
End Time:		Infinity
Task Duration:	0.845205
Corr Time:		Infinity
Lambda:			0.015000
Dependency Matrix:
   [0]

Time Constraint Matrix:
   [Infinity]


**********************************
Task Number:		16
Maximum Score:		27.769895
Subtask Cost:		0.355769
Number of Sensors:	1.000000
Number of Subtasks:	1

Location:			[18.000000, 32.000000, 0.000000]
Sensor List:		[MW]
Subtask List:		[MW_{}]

Time Constraints:
Start Time:		0.000000
End Time:		Infinity
Task Duration:	0.737568
Corr Time:		Infinity
Lambda:			0.015000
Dependency Matrix:
   [0]

Time Constraint Matrix:
   [Infinity]


**********************************
Task Number:		17
Maximum Score:		51.480616
Subtask Cost:		0.234133
Number of Sensors:	1.000000
Number of Subtasks:	1

Location:			[18.000000, 15.000000, 0.000000]
Sensor List:		[IR]
Subtask List:		[IR_{}]

Time Constraints:
Start Time:		0.000000
End Time:		Infinity
Task Duration:	0.176645
Corr Time:		Infinity
Lambda:			0.015000
Dependency Matrix:
   [0]

Time Constraint Matrix:
   [Infinity]


**********************************
Task Number:		18
Maximum Score:		82.619070
Subtask Cost:		0.854978
Number of Sensors:	1.000000
Number of Subtasks:	1

Location:			[33.000000, 42.000000, 0.000000]
Sensor List:		[MW]
Subtask List:		[MW_{}]

Time Constraints:
Start Time:		0.000000
End Time:		Infinity
Task Duration:	0.626829
Corr Time:		Infinity
Lambda:			0.015000
Dependency Matrix:
   [0]

Time Constraint Matrix:
   [Infinity]


**********************************
Task Number:		19
Maximum Score:		85.719211
Subtask Cost:		0.223961
Number of Sensors:	1.000000
Number of Subtasks:	1

Location:			[5.000000, 28.000000, 0.000000]
Sensor List:		[MW]
Subtask List:		[MW_{}]

Time Constraints:
Start Time:		0.000000
End Time:		Infinity
Task Duration:	0.704414
Corr Time:		Infinity
Lambda:			0.015000
Dependency Matrix:
   [0]

Time Constraint Matrix:
   [Infinity]


**********************************
Task Number:		20
Maximum Score:		4.711684
Subtask Cost:		0.112737
Number of Sensors:	1.000000
Number of Subtasks:	1

Location:			[29.000000, 0.000000, 0.000000]
Sensor List:		[IR]
Subtask List:		[IR_{}]

Time Constraints:
Start Time:		0.000000
End Time:		Infinity
Task Duration:	0.685792
Corr Time:		Infinity
Lambda:			0.015000
Dependency Matrix:
   [0]

Time Constraint Matrix:
   [Infinity]


**********************************
Task Number:		21
Maximum Score:		5.435923
Subtask Cost:		0.023801
Number of Sensors:	1.000000
Number of Subtasks:	1

Location:			[29.000000, 34.000000, 0.000000]
Sensor List:		[IR]
Subtask List:		[IR_{}]

Time Constraints:
Start Time:		0.000000
End Time:		Infinity
Task Duration:	0.116493
Corr Time:		Infinity
Lambda:			0.015000
Dependency Matrix:
   [0]

Time Constraint Matrix:
   [Infinity]


**********************************
Task Number:		22
Maximum Score:		63.959951
Subtask Cost:		0.774513
Number of Sensors:	1.000000
Number of Subtasks:	1

Location:			[37.000000, 9.000000, 0.000000]
Sensor List:		[IR]
Subtask List:		[IR_{}]

Time Constraints:
Start Time:		0.000000
End Time:		Infinity
Task Duration:	0.625627
Corr Time:		Infinity
Lambda:			0.015000
Dependency Matrix:
   [0]

Time Constraint Matrix:
   [Infinity]


**********************************
Task Number:		23
Maximum Score:		92.574827
Subtask Cost:		0.454431
Number of Sensors:	1.000000
Number of Subtasks:	1

Location:			[27.000000, 6.000000, 0.000000]
Sensor List:		[IR]
Subtask List:		[IR_{}]

Time Constraints:
Start Time:		0.000000
End Time:		Infinity
Task Duration:	0.965381
Corr Time:		Infinity
Lambda:			0.015000
Dependency Matrix:
   [0]

Time Constraint Matrix:
   [Infinity]


**********************************
Task Number:		24
Maximum Score:		98.596479
Subtask Cost:		0.542630
Number of Sensors:	1.000000
Number of Subtasks:	1

Location:			[33.000000, 42.000000, 0.000000]
Sensor List:		[MW]
Subtask List:		[MW_{}]

Time Constraints:
Start Time:		0.000000
End Time:		Infinity
Task Duration:	0.214952
Corr Time:		Infinity
Lambda:			0.015000
Dependency Matrix:
   [0]

Time Constraint Matrix:
   [Infinity]


**********************************
Task Number:		25
Maximum Score:		26.442443
Subtask Cost:		0.645563
Number of Sensors:	1.000000
Number of Subtasks:	1

Location:			[6.000000, 16.000000, 0.000000]
Sensor List:		[MW]
Subtask List:		[MW_{}]

Time Constraints:
Start Time:		0.000000
End Time:		Infinity
Task Duration:	0.982327
Corr Time:		Infinity
Lambda:			0.015000
Dependency Matrix:
   [0]

Time Constraint Matrix:
   [Infinity]


**********************************
Task Number:		26
Maximum Score:		15.171445
Subtask Cost:		0.163383
Number of Sensors:	1.000000
Number of Subtasks:	1

Location:			[4.000000, 35.000000, 0.000000]
Sensor List:		[IR]
Subtask List:		[IR_{}]

Time Constraints:
Start Time:		0.000000
End Time:		Infinity
Task Duration:	0.822212
Corr Time:		Infinity
Lambda:			0.015000
Dependency Matrix:
   [0]

Time Constraint Matrix:
   [Infinity]


**********************************
Task Number:		27
Maximum Score:		53.283515
Subtask Cost:		0.292666
Number of Sensors:	1.000000
Number of Subtasks:	1

Location:			[41.000000, 46.000000, 0.000000]
Sensor List:		[MW]
Subtask List:		[MW_{}]

Time Constraints:
Start Time:		0.000000
End Time:		Infinity
Task Duration:	0.277749
Corr Time:		Infinity
Lambda:			0.015000
Dependency Matrix:
   [0]

Time Constraint Matrix:
   [Infinity]


**********************************
Task Number:		28
Maximum Score:		63.768820
Subtask Cost:		0.002100
Number of Sensors:	1.000000
Number of Subtasks:	1

Location:			[38.000000, 39.000000, 0.000000]
Sensor List:		[IR]
Subtask List:		[IR_{}]

Time Constraints:
Start Time:		0.000000
End Time:		Infinity
Task Duration:	0.307679
Corr Time:		Infinity
Lambda:			0.015000
Dependency Matrix:
   [0]

Time Constraint Matrix:
   [Infinity]


**********************************
Task Number:		29
Maximum Score:		56.043800
Subtask Cost:		0.897740
Number of Sensors:	1.000000
Number of Subtasks:	1

Location:			[26.000000, 40.000000, 0.000000]
Sensor List:		[IR]
Subtask List:		[IR_{}]

Time Constraints:
Start Time:		0.000000
End Time:		Infinity
Task Duration:	0.036599
Corr Time:		Infinity
Lambda:			0.015000
Dependency Matrix:
   [0]

Time Constraint Matrix:
   [Infinity]


**********************************
