---------------------------------------------------------------------------------------------------------------------------------------
TASK1	TASK1_L_{}	L-band			
TASK1	TASK1_L_{S}	L-band	S-band	
TASK1	TASK1_L_{S}	L-band	S-band	
TASK1	TASK1_L_{S,S}	L-band	S-band,S-band
TASK1	TASK1_S_{}	S-band			
TASK1	TASK1_S_{S}	S-band	S-band	
TASK1	TASK1_S_{L}	S-band	L-band	
TASK1	TASK1_S_{L,S}	S-band	L-band,S-band
TASK1	TASK1_S_{}	S-band			
TASK1	TASK1_S_{S}	S-band	S-band	
TASK1	TASK1_S_{L}	S-band	L-band	
TASK1	TASK1_S_{L,S}	S-band	L-band,S-band
---------------------------------------------------------------------------------------------------------------------------------------
TASK2	TASK2_L_{}	L-band				0/0	SAT-L3	2020-01-01T00:00:00.000	2020-01-01T03:04:25.000	2020-01-07T00:00:00.000	L-RAD	947.2006071415591/5000.0	38.254823963812484/10.0	4584.725501038448	518.8705501061507	57.743921860519315	15.066186028292638	18.65493602829264	3.58875
TASK2	TASK2_L_{S}	L-band	S-band	
TASK2	TASK2_L_{S}	L-band	S-band	
TASK2	TASK2_L_{S,S}	L-band	S-band,S-band
TASK2	TASK2_S_{}	S-band			
TASK2	TASK2_S_{S}	S-band	S-band	
TASK2	TASK2_S_{L}	S-band	L-band	
TASK2	TASK2_S_{L,S}	S-band	L-band,S-band
TASK2	TASK2_S_{}	S-band			
TASK2	TASK2_S_{S}	S-band	S-band	
TASK2	TASK2_S_{L}	S-band	L-band	
TASK2	TASK2_S_{L,S}	S-band	L-band,S-band
---------------------------------------------------------------------------------------------------------------------------------------
TASK3	TASK3_L_{}	L-band			
TASK3	TASK3_L_{S}	L-band	S-band	
TASK3	TASK3_L_{S}	L-band	S-band	
TASK3	TASK3_L_{S,S}	L-band	S-band,S-band
TASK3	TASK3_S_{}	S-band			
TASK3	TASK3_S_{S}	S-band	S-band	
TASK3	TASK3_S_{L}	S-band	L-band	
TASK3	TASK3_S_{L,S}	S-band	L-band,S-band
TASK3	TASK3_S_{}	S-band			
TASK3	TASK3_S_{S}	S-band	S-band	
TASK3	TASK3_S_{L}	S-band	L-band	
TASK3	TASK3_S_{L,S}	S-band	L-band,S-band
---------------------------------------------------------------------------------------------------------------------------------------
TASK4	TASK4_L_{}	L-band			
TASK4	TASK4_L_{S}	L-band	S-band	
TASK4	TASK4_L_{S}	L-band	S-band	
TASK4	TASK4_L_{S,S}	L-band	S-band,S-band
TASK4	TASK4_S_{}	S-band			
TASK4	TASK4_S_{S}	S-band	S-band	
TASK4	TASK4_S_{L}	S-band	L-band	
TASK4	TASK4_S_{L,S}	S-band	L-band,S-band
TASK4	TASK4_S_{}	S-band			
TASK4	TASK4_S_{S}	S-band	S-band	
TASK4	TASK4_S_{L}	S-band	L-band	
TASK4	TASK4_S_{L,S}	S-band	L-band,S-band
---------------------------------------------------------------------------------------------------------------------------------------
TASK5	TASK5_L_{}	L-band			
TASK5	TASK5_L_{S}	L-band	S-band	
TASK5	TASK5_L_{S}	L-band	S-band	
TASK5	TASK5_L_{S,S}	L-band	S-band,S-band	2/2	SAT-L2	2020-01-01T00:00:00.000	2020-01-01T22:39:45.000	2020-01-07T00:00:00.000	L-RAD	501.3975148646524/5000.0	34.62265121645903/10.0	4061.079023228054	997.1549055177006	21.165099728937996	0.44792067262268276	4.036670672622683	3.58875
TASK5	TASK5_S_{}	S-band			
TASK5	TASK5_S_{S}	S-band	S-band	
TASK5	TASK5_S_{L}	S-band	L-band	
TASK5	TASK5_S_{L,S}	S-band	L-band,S-band	2/2	SAT-S2	2020-01-01T00:00:00.000	2020-01-01T13:35:30.000	2020-01-07T00:00:00.000	S-RAD	918.1405008888053/5000.0	47.8443658368934/10.0	4566.161138778391	538.6164358043126	11.891616224671647	2.730875108575158	6.319625108575158	3.58875
TASK5	TASK5_S_{}	S-band			
TASK5	TASK5_S_{S}	S-band	S-band	
TASK5	TASK5_S_{L}	S-band	L-band	
TASK5	TASK5_S_{L,S}	S-band	L-band,S-band	2/2	SAT-S2	2020-01-01T00:00:00.000	2020-01-01T13:35:30.000	2020-01-07T00:00:00.000	S-RAD	918.1405008888053/5000.0	49.605278427450216/10.0	4566.161138778391	538.6164358043126	11.891616224671647	2.730875108575158	6.319625108575158	3.58875
---------------------------------------------------------------------------------------------------------------------------------------
TASK6	TASK6_L_{}	L-band			
TASK6	TASK6_L_{S}	L-band	S-band	
TASK6	TASK6_L_{S}	L-band	S-band	
TASK6	TASK6_L_{S,S}	L-band	S-band,S-band
TASK6	TASK6_S_{}	S-band			
TASK6	TASK6_S_{S}	S-band	S-band	
TASK6	TASK6_S_{L}	S-band	L-band	
TASK6	TASK6_S_{L,S}	S-band	L-band,S-band
TASK6	TASK6_S_{}	S-band			
TASK6	TASK6_S_{S}	S-band	S-band	
TASK6	TASK6_S_{L}	S-band	L-band	
TASK6	TASK6_S_{L,S}	S-band	L-band,S-band
---------------------------------------------------------------------------------------------------------------------------------------
TASK7	TASK7_L_{}	L-band				0/0	SAT-L1	2020-01-01T00:00:00.000	2020-01-01T01:37:10.000	2020-01-07T00:00:00.000	L-RAD	172.68526216689523/5000.0	12.607511327879092/10.0	1039.7264156198905	3454.8931358991445	23.423686393426802	11.816695003629384	15.405445015997454	3.588750012368072
TASK7	TASK7_L_{S}	L-band	S-band	
TASK7	TASK7_L_{S}	L-band	S-band	
TASK7	TASK7_L_{S,S}	L-band	S-band,S-band
TASK7	TASK7_S_{}	S-band			
TASK7	TASK7_S_{S}	S-band	S-band	
TASK7	TASK7_S_{L}	S-band	L-band	
TASK7	TASK7_S_{L,S}	S-band	L-band,S-band
TASK7	TASK7_S_{}	S-band			
TASK7	TASK7_S_{S}	S-band	S-band	
TASK7	TASK7_S_{L}	S-band	L-band	
TASK7	TASK7_S_{L,S}	S-band	L-band,S-band
---------------------------------------------------------------------------------------------------------------------------------------
TASK8	TASK8_L_{}	L-band			
TASK8	TASK8_L_{S}	L-band	S-band	
TASK8	TASK8_L_{S}	L-band	S-band	
TASK8	TASK8_L_{S,S}	L-band	S-band,S-band	2/2	SAT-L2	2020-01-01T00:00:00.000	2020-01-01T20:26:45.000	2020-01-07T00:00:00.000	L-RAD	585.6959059731278/5000.0	35.7344369895725/10.0	4224.229751301497	849.5230418702453	35.08101448918979	3.0025562760382876	6.591306276038288	3.58875
TASK8	TASK8_S_{}	S-band			
TASK8	TASK8_S_{S}	S-band	S-band	
TASK8	TASK8_S_{L}	S-band	L-band	
TASK8	TASK8_S_{L,S}	S-band	L-band,S-band	2/2	SAT-S1	2020-01-01T00:00:00.000	2020-01-01T20:26:45.000	2020-01-07T00:00:00.000	S-RAD	585.2636927093446/5000.0	45.572376563374355/10.0	4223.653617249116	850.4261107114819	27.45128824074641	3.0025562760382876	6.591306276038288	3.58875
TASK8	TASK8_S_{}	S-band			
TASK8	TASK8_S_{S}	S-band	S-band	
TASK8	TASK8_S_{L}	S-band	L-band	
TASK8	TASK8_S_{L,S}	S-band	L-band,S-band	2/2	SAT-S1	2020-01-01T00:00:00.000	2020-01-01T20:26:45.000	2020-01-07T00:00:00.000	S-RAD	585.2636927093446/5000.0	47.33328915393117/10.0	4223.653617249116	850.4261107114819	27.45128824074641	3.0025562760382876	6.591306276038288	3.58875
---------------------------------------------------------------------------------------------------------------------------------------
TASK9	TASK9_L_{}	L-band			
TASK9	TASK9_L_{S}	L-band	S-band	
TASK9	TASK9_L_{S}	L-band	S-band	
TASK9	TASK9_L_{S,S}	L-band	S-band,S-band
TASK9	TASK9_S_{}	S-band				0/0	SAT-S2	2020-01-01T00:00:00.000	2020-01-01T07:46:10.000	2020-01-07T00:00:00.000	S-RAD	621.159592321807/5000.0	45.920628487318815/10.0	4278.914621687203	800.4885450107006	16.404641748514493	3.5957510173111444	7.1845010173111445	3.58875
TASK9	TASK9_S_{S}	S-band	S-band	
TASK9	TASK9_S_{L}	S-band	L-band	
TASK9	TASK9_S_{L,S}	S-band	L-band,S-band
TASK9	TASK9_S_{}	S-band			
TASK9	TASK9_S_{S}	S-band	S-band	
TASK9	TASK9_S_{L}	S-band	L-band	
TASK9	TASK9_S_{L,S}	S-band	L-band,S-band
---------------------------------------------------------------------------------------------------------------------------------------
TASK10	TASK10_L_{}	L-band			
TASK10	TASK10_L_{S}	L-band	S-band		1/1	SAT-L1	2020-01-01T00:00:00.000	2020-01-01T02:09:30.000	2020-01-07T00:00:00.000	L-RAD	8375.2776022065/5000.0	47.759169110857115/10.0	5092.1710009259705	29.35579762922986	51.23389954729226	33.68517027512094	37.273920275120936	3.58875
TASK10	TASK10_S_{}	S-band			
TASK10	TASK10_S_{L}	S-band	L-band		1/1	SAT-S3	2020-01-01T00:00:00.000	2020-01-01T00:29:00.000	2020-01-07T00:00:00.000	S-RAD	180.82170249723194/5000.0	26.02555252005452/10.0	1409.1129935006063	3211.3403118129154	45.296640276902274	35.709876335734805	39.298626462072356	3.5887501263375565
---------------------------------------------------------------------------------------------------------------------------------------
TASK11	TASK11_L_{}	L-band			
TASK11	TASK11_L_{S}	L-band	S-band		1/1	SAT-L2	2020-01-01T00:00:00.000	2020-01-01T12:58:25.000	2020-01-07T00:00:00.000	L-RAD	672.7232420181767/5000.0	36.36637702601833/10.0	4346.812604683882	736.9028419492466	43.783154235342465	25.970017635676797	29.558767635676798	3.58875
TASK11	TASK11_S_{}	S-band			
TASK11	TASK11_S_{L}	S-band	L-band		1/1	SAT-S2	2020-01-01T00:00:00.000	2020-01-01T02:16:50.000	2020-01-07T00:00:00.000	S-RAD	164.58432793329126/5000.0	12.285364541471523/10.0	197.62462536425406	3764.201242099946	3.1187251673124714	37.95929068788815	41.54804069706686	3.5887500091787126
---------------------------------------------------------------------------------------------------------------------------------------
TASK12	TASK12_L_{}	L-band			
TASK12	TASK12_L_{S}	L-band	S-band		1/1	SAT-L3	2020-01-01T00:00:00.000	2020-01-01T00:06:45.000	2020-01-07T00:00:00.000	L-RAD	166.7652224609207/5000.0	6.829486961547307/10.0	558.3680118552082	3671.985721171989	0.31629913807923843	40.38295389974991	43.971706697045654	3.588752797295748
TASK12	TASK12_S_{}	S-band			
TASK12	TASK12_S_{L}	S-band	L-band		1/1	SAT-S1	2020-01-01T00:00:00.000	2020-01-01T00:40:45.000	2020-01-07T00:00:00.000	S-RAD	166.6468196303358/5000.0	16.460192625083256/10.0	542.9008521753594	3676.7744711382306	15.911582978335689	39.61116311050788	43.19991318828741	3.5887500777795354
---------------------------------------------------------------------------------------------------------------------------------------
TASK13	TASK13_L_{}	L-band			
TASK13	TASK13_L_{S}	L-band	S-band		1/1	SAT-L2	2020-01-01T00:00:00.000	2020-01-01T08:51:00.000	2020-01-07T00:00:00.000	L-RAD	497.28501577458655/5000.0	34.323923389004854/10.0	4050.0550550760818	1003.4853757139978	70.57010959445671	16.591422912736572	20.180172912736573	3.58875
TASK13	TASK13_S_{}	S-band			
TASK13	TASK13_S_{L}	S-band	L-band		1/1	SAT-S3	2020-01-01T00:00:00.000	2020-01-02T02:53:00.000	2020-01-07T00:00:00.000	S-RAD	1448.4894125521223/5000.0	51.57262103601708/10.0	4783.144712237289	340.5396404410793	4.1600834536126365	6.944315181719003	10.533065181719003	3.58875
---------------------------------------------------------------------------------------------------------------------------------------
TASK14	TASK14_L_{}	L-band				0/0	SAT-L2	2020-01-01T00:00:00.000	2020-01-01T07:22:00.000	2020-01-07T00:00:00.000	L-RAD	534.992122068465/5000.0	35.038366114271625/10.0	4132.208234259111	930.9284233121527	61.828678915062525	4.803292106255637	8.392042106255637	3.58875
TASK14	TASK14_L_{S}	L-band	S-band	
TASK14	TASK14_S_{}	S-band			
TASK14	TASK14_S_{L}	S-band	L-band	
---------------------------------------------------------------------------------------------------------------------------------------
TASK15	TASK15_L_{}	L-band				0/0	SAT-L3	2020-01-01T00:00:00.000	2020-01-01T21:27:15.000	2020-01-07T00:00:00.000	L-RAD	751.7974199658929/5000.0	37.138753759903324/10.0	4434.143295928318	655.6840940500634	70.85040313206308	6.221496663023298	9.810246663023298	3.58875
TASK15	TASK15_L_{S}	L-band	S-band	
TASK15	TASK15_S_{}	S-band			
TASK15	TASK15_S_{L}	S-band	L-band	
---------------------------------------------------------------------------------------------------------------------------------------
TASK16	TASK16_S_{}	S-band				0/0	SAT-S1	2020-01-01T00:00:00.000	2020-01-01T08:54:40.000	2020-01-07T00:00:00.000	S-RAD	547.7806880673536/5000.0	44.89852547661522/10.0	4156.299796318471	909.8952286242622	35.75055837855556	4.489925249870146	8.078675249870146	3.58875
TASK16	TASK16_S_{S}	S-band	S-band	
TASK16	TASK16_S_{}	S-band			
TASK16	TASK16_S_{S}	S-band	S-band	
---------------------------------------------------------------------------------------------------------------------------------------
TASK17	TASK17_S_{}	S-band			
TASK17	TASK17_S_{S}	S-band	S-band	
TASK17	TASK17_S_{}	S-band			
TASK17	TASK17_S_{S}	S-band	S-band	
---------------------------------------------------------------------------------------------------------------------------------------
TASK18	TASK18_S_{}	S-band			
TASK18	TASK18_S_{S}	S-band	S-band		1/1	SAT-S3	2020-01-01T00:00:00.000	2020-01-01T00:51:05.000	2020-01-07T00:00:00.000	S-RAD	591.3414764096403/5000.0	45.61887025125783/10.0	4233.419106797838	841.1549231803403	36.48326867615789	28.830259821137293	32.419009821137294	3.58875
TASK18	TASK18_S_{}	S-band			
TASK18	TASK18_S_{S}	S-band	S-band		1/1	SAT-S3	2020-01-01T00:00:00.000	2020-01-01T00:51:05.000	2020-01-07T00:00:00.000	S-RAD	591.3414764096403/5000.0	47.379782841814645/10.0	4233.419106797838	841.1549231803403	36.48326867615789	28.830259821137293	32.419009821137294	3.58875
---------------------------------------------------------------------------------------------------------------------------------------
TASK19	TASK19_L_{}	L-band			
---------------------------------------------------------------------------------------------------------------------------------------
TASK20	TASK20_L_{}	L-band				0/0	SAT-L2	2020-01-01T00:00:00.000	2020-01-01T00:10:25.000	2020-01-07T00:00:00.000	L-RAD	908.3957947092141/5000.0	38.07809998374899/10.0	4560.1319834231135	543.2862159159229	37.78077243713614	20.847734720729882	24.436484720729883	3.58875
---------------------------------------------------------------------------------------------------------------------------------------
TASK21	TASK21_L_{}	L-band				0/0	SAT-L1	2020-01-01T00:00:00.000	2020-01-01T21:51:25.000	2020-01-07T00:00:00.000	L-RAD	549.4961614886577/5000.0	35.27869778653158/10.0	4160.5319071862805	907.4539685882959	19.3307349532976	6.932491804703186	10.521241804703186	3.58875
---------------------------------------------------------------------------------------------------------------------------------------
TASK22	TASK22_L_{}	L-band			
---------------------------------------------------------------------------------------------------------------------------------------
TASK23	TASK23_S_{}	S-band				0/0	SAT-S2	2020-01-01T00:00:00.000	2020-01-01T00:16:10.000	2020-01-07T00:00:00.000	S-RAD	1321.5664741578014/5000.0	49.399476356429645/10.0	4747.106195661238	372.90133589768175	19.499670365001062	17.94286814069199	21.53161814069199	3.58875
---------------------------------------------------------------------------------------------------------------------------------------
TASK24	TASK24_S_{}	S-band				0/0	SAT-S1	2020-01-01T00:00:00.000	2020-01-01T03:20:45.000	2020-01-07T00:00:00.000	S-RAD	689.6415252618498/5000.0	46.356710660305325/10.0	4367.180343768114	718.1878637413894	48.38366362011319	18.78091385461621	22.36966385461621	3.58875
---------------------------------------------------------------------------------------------------------------------------------------
TASK25	TASK25_S_{}	S-band			
---------------------------------------------------------------------------------------------------------------------------------------
TASK26	TASK26_S_{}	S-band			
---------------------------------------------------------------------------------------------------------------------------------------
TASK27	TASK27_S_{}	S-band			
---------------------------------------------------------------------------------------------------------------------------------------
TASK28	TASK28_S_{}	S-band				0/0	SAT-S1	2020-01-01T00:00:00.000	2020-01-01T07:30:00.000	2020-01-07T00:00:00.000	S-RAD	460.7563921708389/5000.0	45.781311307304094/10.0	3961.224390890266	1088.2021485041464	28.564407140310525	7.356833707091476	10.945583707091476	3.58875
---------------------------------------------------------------------------------------------------------------------------------------
TASK29	TASK29_S_{}	S-band				0/0	SAT-S1	2020-01-01T00:00:00.000	2020-01-01T21:16:35.000	2020-01-07T00:00:00.000	S-RAD	3070.323518144361/5000.0	55.25446044032047/10.0	4981.028538242685	157.68121182036023	29.584393900627887	0.9535264595013526	4.542276459501353	3.58875
---------------------------------------------------------------------------------------------------------------------------------------
TASK30	TASK30_S_{}	S-band				0/0	SAT-S1	2020-01-01T00:00:00.000	2020-01-02T05:55:15.000	2020-01-07T00:00:00.000	S-RAD	1776.4249747953315/5000.0	52.71495737303855/10.0	4852.6742785782435	277.12325337003654	15.203468029161638	2.454729689473269	6.043479689473269	3.58875
