TASK1:
Spatial Resolution Satisfaction:		0.0
Signal-to-Noise Ratio Satisfaction:	0.0
Temporal Resolution Satisfaction:		0.0
Number of Measurements:	0
---------------------------------------------------------------------------------
TASK2:
Spatial Resolution Satisfaction:		0.0
Signal-to-Noise Ratio Satisfaction:	0.0
Temporal Resolution Satisfaction:		0.0
Number of Measurements:	0
---------------------------------------------------------------------------------
TASK3:
Spatial Resolution Satisfaction:		0.0
Signal-to-Noise Ratio Satisfaction:	0.0
Temporal Resolution Satisfaction:		0.0
Number of Measurements:	0
---------------------------------------------------------------------------------
TASK4:
Spatial Resolution Satisfaction:		0.0
Signal-to-Noise Ratio Satisfaction:	0.0
Temporal Resolution Satisfaction:		0.0
Number of Measurements:	0
---------------------------------------------------------------------------------
TASK5:
Spatial Resolution Satisfaction:		0.9999958110050824
Signal-to-Noise Ratio Satisfaction:	0.5
Temporal Resolution Satisfaction:		0.9852240972260365
Number of Measurements:	2
		TASK5_UHF_{}		{2020-01-07T10:01:44.000}	Spacecraft-1
		TASK5_UHF_{}		{2020-01-07T23:31:37.000}	Spacecraft-1
---------------------------------------------------------------------------------
TASK6:
Spatial Resolution Satisfaction:		0.9999956166445373
Signal-to-Noise Ratio Satisfaction:	0.5
Temporal Resolution Satisfaction:		0.0
Number of Measurements:	1
		TASK6_UHF_{}		{2020-01-07T14:03:24.000}	Spacecraft-1
---------------------------------------------------------------------------------
TASK7:
Spatial Resolution Satisfaction:		0.9999957477599245
Signal-to-Noise Ratio Satisfaction:	0.5
Temporal Resolution Satisfaction:		0.0
Number of Measurements:	1
		TASK7_UHF_{}		{2020-01-07T17:49:16.000}	Spacecraft-1
---------------------------------------------------------------------------------
TASK8:
Spatial Resolution Satisfaction:		0.9999957791944962
Signal-to-Noise Ratio Satisfaction:	0.5
Temporal Resolution Satisfaction:		0.0
Number of Measurements:	1
		TASK8_UHF_{}		{2020-01-07T15:28:56.000}	Spacecraft-1
---------------------------------------------------------------------------------
TASK9:
Spatial Resolution Satisfaction:		0.9999957323900299
Signal-to-Noise Ratio Satisfaction:	0.5
Temporal Resolution Satisfaction:		0.0
Number of Measurements:	1
		TASK9_UHF_{}		{2020-01-05T14:29:57.000}	Spacecraft-1
---------------------------------------------------------------------------------
TASK10:
Spatial Resolution Satisfaction:		0.0
Signal-to-Noise Ratio Satisfaction:	0.0
Temporal Resolution Satisfaction:		0.0
Number of Measurements:	0
---------------------------------------------------------------------------------
TASK11:
Spatial Resolution Satisfaction:		0.0
Signal-to-Noise Ratio Satisfaction:	0.0
Temporal Resolution Satisfaction:		0.0
Number of Measurements:	0
---------------------------------------------------------------------------------
TASK12:
Spatial Resolution Satisfaction:		0.0
Signal-to-Noise Ratio Satisfaction:	0.0
Temporal Resolution Satisfaction:		0.0
Number of Measurements:	0
---------------------------------------------------------------------------------
TASK13:
Spatial Resolution Satisfaction:		0.0
Signal-to-Noise Ratio Satisfaction:	0.0
Temporal Resolution Satisfaction:		0.0
Number of Measurements:	0
---------------------------------------------------------------------------------
TASK14:
Spatial Resolution Satisfaction:		0.0
Signal-to-Noise Ratio Satisfaction:	0.0
Temporal Resolution Satisfaction:		0.0
Number of Measurements:	0
---------------------------------------------------------------------------------
TASK15:
Spatial Resolution Satisfaction:		0.0
Signal-to-Noise Ratio Satisfaction:	0.0
Temporal Resolution Satisfaction:		0.0
Number of Measurements:	0
---------------------------------------------------------------------------------
TASK16:
Spatial Resolution Satisfaction:		0.0
Signal-to-Noise Ratio Satisfaction:	0.0
Temporal Resolution Satisfaction:		0.0
Number of Measurements:	0
---------------------------------------------------------------------------------
TASK17:
Spatial Resolution Satisfaction:		0.0
Signal-to-Noise Ratio Satisfaction:	0.0
Temporal Resolution Satisfaction:		0.0
Number of Measurements:	0
---------------------------------------------------------------------------------
TASK18:
Spatial Resolution Satisfaction:		0.0
Signal-to-Noise Ratio Satisfaction:	0.0
Temporal Resolution Satisfaction:		0.0
Number of Measurements:	0
---------------------------------------------------------------------------------
TASK19:
Spatial Resolution Satisfaction:		0.0
Signal-to-Noise Ratio Satisfaction:	0.0
Temporal Resolution Satisfaction:		0.0
Number of Measurements:	0
---------------------------------------------------------------------------------
TASK20:
Spatial Resolution Satisfaction:		0.0
Signal-to-Noise Ratio Satisfaction:	0.0
Temporal Resolution Satisfaction:		0.0
Number of Measurements:	0
---------------------------------------------------------------------------------
TASK21:
Spatial Resolution Satisfaction:		0.0
Signal-to-Noise Ratio Satisfaction:	0.0
Temporal Resolution Satisfaction:		0.0
Number of Measurements:	0
---------------------------------------------------------------------------------
TASK22:
Spatial Resolution Satisfaction:		0.0
Signal-to-Noise Ratio Satisfaction:	0.0
Temporal Resolution Satisfaction:		0.0
Number of Measurements:	0
---------------------------------------------------------------------------------
TASK23:
Spatial Resolution Satisfaction:		0.9999955482490355
Signal-to-Noise Ratio Satisfaction:	0.5
Temporal Resolution Satisfaction:		0.92283319921606
Number of Measurements:	2
		TASK23_UHF_{}		{2020-01-04T08:24:56.000}	Spacecraft-1
		TASK23_UHF_{}		{2020-01-07T08:14:09.000}	Spacecraft-1
---------------------------------------------------------------------------------
TASK24:
Spatial Resolution Satisfaction:		0.99999544754073
Signal-to-Noise Ratio Satisfaction:	0.5
Temporal Resolution Satisfaction:		0.9717917513405862
Number of Measurements:	3
		TASK24_UHF_{}		{2020-01-04T18:14:50.000}	Spacecraft-1
		TASK24_UHF_{}		{2020-01-05T06:21:54.000}	Spacecraft-1
		TASK24_UHF_{}		{2020-01-07T18:04:03.000}	Spacecraft-1
---------------------------------------------------------------------------------
TASK25:
Spatial Resolution Satisfaction:		0.0
Signal-to-Noise Ratio Satisfaction:	0.0
Temporal Resolution Satisfaction:		0.0
Number of Measurements:	0
---------------------------------------------------------------------------------
TASK26:
Spatial Resolution Satisfaction:		0.999995652761975
Signal-to-Noise Ratio Satisfaction:	0.5
Temporal Resolution Satisfaction:		0.9717918074291954
Number of Measurements:	5
		TASK26_UHF_{}		{2020-01-01T14:21:21.000}	Spacecraft-1
		TASK26_UHF_{}		{2020-01-03T02:56:02.000}	Spacecraft-1
		TASK26_UHF_{}		{2020-01-04T14:10:33.000}	Spacecraft-1
		TASK26_UHF_{}		{2020-01-06T02:45:14.000}	Spacecraft-1
		TASK26_UHF_{}		{2020-01-07T13:59:46.000}	Spacecraft-1
---------------------------------------------------------------------------------
TASK27:
Spatial Resolution Satisfaction:		0.0
Signal-to-Noise Ratio Satisfaction:	0.0
Temporal Resolution Satisfaction:		0.0
Number of Measurements:	0
---------------------------------------------------------------------------------
TASK28:
Spatial Resolution Satisfaction:		0.0
Signal-to-Noise Ratio Satisfaction:	0.0
Temporal Resolution Satisfaction:		0.0
Number of Measurements:	0
---------------------------------------------------------------------------------
TASK29:
Spatial Resolution Satisfaction:		0.0
Signal-to-Noise Ratio Satisfaction:	0.0
Temporal Resolution Satisfaction:		0.0
Number of Measurements:	0
---------------------------------------------------------------------------------
TASK30:
Spatial Resolution Satisfaction:		0.0
Signal-to-Noise Ratio Satisfaction:	0.0
Temporal Resolution Satisfaction:		0.0
Number of Measurements:	0
---------------------------------------------------------------------------------
