Task Number:		0
Maximum Score:		48.320940
Subtask Cost:		0.498251
Number of Sensors:	2.000000
Number of Subtasks:	4

Location:			[25.000000, 12.000000, 0.000000]
Sensor List:		[IR, MW]
Subtask List:		[IR_{}, IR_{MW}, MW_{}, MW_{IR}]

Time Constraints:
Start Time:		0.000000
End Time:		Infinity
Task Duration:	0.928594
Corr Time:		2.000000
Lambda:			0.015000
Dependency Matrix:
   [0	-1	-1	-1
	-1	0	-1	1
	-1	-1	0	-1
	-1	1	-1	0]

Time Constraint Matrix:
   [Infinity	Infinity	Infinity	Infinity
	Infinity	Infinity	Infinity	0.928594
	Infinity	Infinity	Infinity	Infinity
	Infinity	0.928594	Infinity	Infinity]


**********************************
Task Number:		1
Maximum Score:		75.405079
Subtask Cost:		0.349129
Number of Sensors:	2.000000
Number of Subtasks:	4

Location:			[25.000000, 4.000000, 0.000000]
Sensor List:		[IR, MW]
Subtask List:		[IR_{}, IR_{MW}, MW_{}, MW_{IR}]

Time Constraints:
Start Time:		0.000000
End Time:		Infinity
Task Duration:	0.716982
Corr Time:		2.000000
Lambda:			0.015000
Dependency Matrix:
   [0	-1	-1	-1
	-1	0	-1	1
	-1	-1	0	-1
	-1	1	-1	0]

Time Constraint Matrix:
   [Infinity	Infinity	Infinity	Infinity
	Infinity	Infinity	Infinity	0.716982
	Infinity	Infinity	Infinity	Infinity
	Infinity	0.716982	Infinity	Infinity]


**********************************
Task Number:		2
Maximum Score:		40.989155
Subtask Cost:		0.785028
Number of Sensors:	2.000000
Number of Subtasks:	4

Location:			[20.000000, 24.000000, 0.000000]
Sensor List:		[IR, MW]
Subtask List:		[IR_{}, IR_{MW}, MW_{}, MW_{IR}]

Time Constraints:
Start Time:		0.000000
End Time:		Infinity
Task Duration:	0.599424
Corr Time:		2.000000
Lambda:			0.015000
Dependency Matrix:
   [0	-1	-1	-1
	-1	0	-1	1
	-1	-1	0	-1
	-1	1	-1	0]

Time Constraint Matrix:
   [Infinity	Infinity	Infinity	Infinity
	Infinity	Infinity	Infinity	0.599424
	Infinity	Infinity	Infinity	Infinity
	Infinity	0.599424	Infinity	Infinity]


**********************************
Task Number:		3
Maximum Score:		14.816840
Subtask Cost:		0.764178
Number of Sensors:	2.000000
Number of Subtasks:	4

Location:			[32.000000, 9.000000, 0.000000]
Sensor List:		[IR, MW]
Subtask List:		[IR_{}, IR_{MW}, MW_{}, MW_{IR}]

Time Constraints:
Start Time:		0.000000
End Time:		Infinity
Task Duration:	0.482378
Corr Time:		2.000000
Lambda:			0.015000
Dependency Matrix:
   [0	-1	-1	-1
	-1	0	-1	1
	-1	-1	0	-1
	-1	1	-1	0]

Time Constraint Matrix:
   [Infinity	Infinity	Infinity	Infinity
	Infinity	Infinity	Infinity	0.482378
	Infinity	Infinity	Infinity	Infinity
	Infinity	0.482378	Infinity	Infinity]


**********************************
Task Number:		4
Maximum Score:		34.874703
Subtask Cost:		0.964405
Number of Sensors:	2.000000
Number of Subtasks:	4

Location:			[0.000000, 1.000000, 0.000000]
Sensor List:		[IR, MW]
Subtask List:		[IR_{}, IR_{MW}, MW_{}, MW_{IR}]

Time Constraints:
Start Time:		0.000000
End Time:		Infinity
Task Duration:	0.369122
Corr Time:		2.000000
Lambda:			0.015000
Dependency Matrix:
   [0	-1	-1	-1
	-1	0	-1	1
	-1	-1	0	-1
	-1	1	-1	0]

Time Constraint Matrix:
   [Infinity	Infinity	Infinity	Infinity
	Infinity	Infinity	Infinity	0.369122
	Infinity	Infinity	Infinity	Infinity
	Infinity	0.369122	Infinity	Infinity]


**********************************
Task Number:		5
Maximum Score:		18.083006
Subtask Cost:		0.586735
Number of Sensors:	2.000000
Number of Subtasks:	4

Location:			[5.000000, 17.000000, 0.000000]
Sensor List:		[IR, MW]
Subtask List:		[IR_{}, IR_{MW}, MW_{}, MW_{IR}]

Time Constraints:
Start Time:		0.000000
End Time:		Infinity
Task Duration:	0.415541
Corr Time:		2.000000
Lambda:			0.015000
Dependency Matrix:
   [0	-1	-1	-1
	-1	0	-1	1
	-1	-1	0	-1
	-1	1	-1	0]

Time Constraint Matrix:
   [Infinity	Infinity	Infinity	Infinity
	Infinity	Infinity	Infinity	0.415541
	Infinity	Infinity	Infinity	Infinity
	Infinity	0.415541	Infinity	Infinity]


**********************************
Task Number:		6
Maximum Score:		99.292045
Subtask Cost:		0.205977
Number of Sensors:	2.000000
Number of Subtasks:	4

Location:			[26.000000, 13.000000, 0.000000]
Sensor List:		[IR, MW]
Subtask List:		[IR_{}, IR_{MW}, MW_{}, MW_{IR}]

Time Constraints:
Start Time:		0.000000
End Time:		Infinity
Task Duration:	0.952716
Corr Time:		2.000000
Lambda:			0.015000
Dependency Matrix:
   [0	-1	-1	-1
	-1	0	-1	1
	-1	-1	0	-1
	-1	1	-1	0]

Time Constraint Matrix:
   [Infinity	Infinity	Infinity	Infinity
	Infinity	Infinity	Infinity	0.952716
	Infinity	Infinity	Infinity	Infinity
	Infinity	0.952716	Infinity	Infinity]


**********************************
Task Number:		7
Maximum Score:		29.150507
Subtask Cost:		0.339540
Number of Sensors:	2.000000
Number of Subtasks:	4

Location:			[29.000000, 2.000000, 0.000000]
Sensor List:		[IR, MW]
Subtask List:		[IR_{}, IR_{MW}, MW_{}, MW_{IR}]

Time Constraints:
Start Time:		0.000000
End Time:		Infinity
Task Duration:	0.517655
Corr Time:		2.000000
Lambda:			0.015000
Dependency Matrix:
   [0	-1	-1	-1
	-1	0	-1	1
	-1	-1	0	-1
	-1	1	-1	0]

Time Constraint Matrix:
   [Infinity	Infinity	Infinity	Infinity
	Infinity	Infinity	Infinity	0.517655
	Infinity	Infinity	Infinity	Infinity
	Infinity	0.517655	Infinity	Infinity]


**********************************
Task Number:		8
Maximum Score:		46.860261
Subtask Cost:		0.686895
Number of Sensors:	2.000000
Number of Subtasks:	4

Location:			[2.000000, 6.000000, 0.000000]
Sensor List:		[IR, MW]
Subtask List:		[IR_{}, IR_{MW}, MW_{}, MW_{IR}]

Time Constraints:
Start Time:		0.000000
End Time:		Infinity
Task Duration:	0.333346
Corr Time:		2.000000
Lambda:			0.015000
Dependency Matrix:
   [0	-1	-1	-1
	-1	0	-1	1
	-1	-1	0	-1
	-1	1	-1	0]

Time Constraint Matrix:
   [Infinity	Infinity	Infinity	Infinity
	Infinity	Infinity	Infinity	0.333346
	Infinity	Infinity	Infinity	Infinity
	Infinity	0.333346	Infinity	Infinity]


**********************************
Task Number:		9
Maximum Score:		7.064536
Subtask Cost:		0.981515
Number of Sensors:	2.000000
Number of Subtasks:	4

Location:			[42.000000, 23.000000, 0.000000]
Sensor List:		[IR, MW]
Subtask List:		[IR_{}, IR_{MW}, MW_{}, MW_{IR}]

Time Constraints:
Start Time:		0.000000
End Time:		Infinity
Task Duration:	0.171040
Corr Time:		2.000000
Lambda:			0.015000
Dependency Matrix:
   [0	-1	-1	-1
	-1	0	-1	1
	-1	-1	0	-1
	-1	1	-1	0]

Time Constraint Matrix:
   [Infinity	Infinity	Infinity	Infinity
	Infinity	Infinity	Infinity	0.171040
	Infinity	Infinity	Infinity	Infinity
	Infinity	0.171040	Infinity	Infinity]


**********************************
Task Number:		10
Maximum Score:		25.206953
Subtask Cost:		0.655764
Number of Sensors:	2.000000
Number of Subtasks:	4

Location:			[41.000000, 29.000000, 0.000000]
Sensor List:		[IR, MW]
Subtask List:		[IR_{}, IR_{MW}, MW_{}, MW_{IR}]

Time Constraints:
Start Time:		0.000000
End Time:		Infinity
Task Duration:	0.775749
Corr Time:		2.000000
Lambda:			0.015000
Dependency Matrix:
   [0	-1	-1	-1
	-1	0	-1	1
	-1	-1	0	-1
	-1	1	-1	0]

Time Constraint Matrix:
   [Infinity	Infinity	Infinity	Infinity
	Infinity	Infinity	Infinity	0.775749
	Infinity	Infinity	Infinity	Infinity
	Infinity	0.775749	Infinity	Infinity]


**********************************
Task Number:		11
Maximum Score:		44.820217
Subtask Cost:		0.443887
Number of Sensors:	2.000000
Number of Subtasks:	4

Location:			[20.000000, 4.000000, 0.000000]
Sensor List:		[IR, MW]
Subtask List:		[IR_{}, IR_{MW}, MW_{}, MW_{IR}]

Time Constraints:
Start Time:		0.000000
End Time:		Infinity
Task Duration:	0.607671
Corr Time:		2.000000
Lambda:			0.015000
Dependency Matrix:
   [0	-1	-1	-1
	-1	0	-1	1
	-1	-1	0	-1
	-1	1	-1	0]

Time Constraint Matrix:
   [Infinity	Infinity	Infinity	Infinity
	Infinity	Infinity	Infinity	0.607671
	Infinity	Infinity	Infinity	Infinity
	Infinity	0.607671	Infinity	Infinity]


**********************************
Task Number:		12
Maximum Score:		46.562245
Subtask Cost:		0.110555
Number of Sensors:	2.000000
Number of Subtasks:	4

Location:			[47.000000, 42.000000, 0.000000]
Sensor List:		[IR, MW]
Subtask List:		[IR_{}, IR_{MW}, MW_{}, MW_{IR}]

Time Constraints:
Start Time:		0.000000
End Time:		Infinity
Task Duration:	0.467246
Corr Time:		2.000000
Lambda:			0.015000
Dependency Matrix:
   [0	-1	-1	-1
	-1	0	-1	1
	-1	-1	0	-1
	-1	1	-1	0]

Time Constraint Matrix:
   [Infinity	Infinity	Infinity	Infinity
	Infinity	Infinity	Infinity	0.467246
	Infinity	Infinity	Infinity	Infinity
	Infinity	0.467246	Infinity	Infinity]


**********************************
Task Number:		13
Maximum Score:		50.734644
Subtask Cost:		0.927087
Number of Sensors:	2.000000
Number of Subtasks:	4

Location:			[7.000000, 0.000000, 0.000000]
Sensor List:		[IR, MW]
Subtask List:		[IR_{}, IR_{MW}, MW_{}, MW_{IR}]

Time Constraints:
Start Time:		0.000000
End Time:		Infinity
Task Duration:	0.854157
Corr Time:		2.000000
Lambda:			0.015000
Dependency Matrix:
   [0	-1	-1	-1
	-1	0	-1	1
	-1	-1	0	-1
	-1	1	-1	0]

Time Constraint Matrix:
   [Infinity	Infinity	Infinity	Infinity
	Infinity	Infinity	Infinity	0.854157
	Infinity	Infinity	Infinity	Infinity
	Infinity	0.854157	Infinity	Infinity]


**********************************
Task Number:		14
Maximum Score:		61.538548
Subtask Cost:		0.371067
Number of Sensors:	2.000000
Number of Subtasks:	4

Location:			[33.000000, 31.000000, 0.000000]
Sensor List:		[IR, MW]
Subtask List:		[IR_{}, IR_{MW}, MW_{}, MW_{IR}]

Time Constraints:
Start Time:		0.000000
End Time:		Infinity
Task Duration:	0.995809
Corr Time:		2.000000
Lambda:			0.015000
Dependency Matrix:
   [0	-1	-1	-1
	-1	0	-1	1
	-1	-1	0	-1
	-1	1	-1	0]

Time Constraint Matrix:
   [Infinity	Infinity	Infinity	Infinity
	Infinity	Infinity	Infinity	0.995809
	Infinity	Infinity	Infinity	Infinity
	Infinity	0.995809	Infinity	Infinity]


**********************************
Task Number:		15
Maximum Score:		75.522660
Subtask Cost:		0.953219
Number of Sensors:	1.000000
Number of Subtasks:	1

Location:			[47.000000, 27.000000, 0.000000]
Sensor List:		[IR]
Subtask List:		[IR_{}]

Time Constraints:
Start Time:		0.000000
End Time:		Infinity
Task Duration:	0.928757
Corr Time:		2.000000
Lambda:			0.015000
Dependency Matrix:
   [0]

Time Constraint Matrix:
   [Infinity]


**********************************
Task Number:		16
Maximum Score:		69.270935
Subtask Cost:		0.309605
Number of Sensors:	1.000000
Number of Subtasks:	1

Location:			[29.000000, 5.000000, 0.000000]
Sensor List:		[IR]
Subtask List:		[IR_{}]

Time Constraints:
Start Time:		0.000000
End Time:		Infinity
Task Duration:	0.841033
Corr Time:		2.000000
Lambda:			0.015000
Dependency Matrix:
   [0]

Time Constraint Matrix:
   [Infinity]


**********************************
Task Number:		17
Maximum Score:		57.243760
Subtask Cost:		0.493992
Number of Sensors:	1.000000
Number of Subtasks:	1

Location:			[24.000000, 40.000000, 0.000000]
Sensor List:		[IR]
Subtask List:		[IR_{}]

Time Constraints:
Start Time:		0.000000
End Time:		Infinity
Task Duration:	0.058065
Corr Time:		2.000000
Lambda:			0.015000
Dependency Matrix:
   [0]

Time Constraint Matrix:
   [Infinity]


**********************************
Task Number:		18
Maximum Score:		35.407765
Subtask Cost:		0.967749
Number of Sensors:	1.000000
Number of Subtasks:	1

Location:			[6.000000, 18.000000, 0.000000]
Sensor List:		[MW]
Subtask List:		[MW_{}]

Time Constraints:
Start Time:		0.000000
End Time:		Infinity
Task Duration:	0.408708
Corr Time:		2.000000
Lambda:			0.015000
Dependency Matrix:
   [0]

Time Constraint Matrix:
   [Infinity]


**********************************
Task Number:		19
Maximum Score:		66.867683
Subtask Cost:		0.956083
Number of Sensors:	1.000000
Number of Subtasks:	1

Location:			[32.000000, 30.000000, 0.000000]
Sensor List:		[IR]
Subtask List:		[IR_{}]

Time Constraints:
Start Time:		0.000000
End Time:		Infinity
Task Duration:	0.222723
Corr Time:		2.000000
Lambda:			0.015000
Dependency Matrix:
   [0]

Time Constraint Matrix:
   [Infinity]


**********************************
Task Number:		20
Maximum Score:		4.880182
Subtask Cost:		0.878228
Number of Sensors:	1.000000
Number of Subtasks:	1

Location:			[18.000000, 46.000000, 0.000000]
Sensor List:		[IR]
Subtask List:		[IR_{}]

Time Constraints:
Start Time:		0.000000
End Time:		Infinity
Task Duration:	0.916358
Corr Time:		2.000000
Lambda:			0.015000
Dependency Matrix:
   [0]

Time Constraint Matrix:
   [Infinity]


**********************************
Task Number:		21
Maximum Score:		88.338696
Subtask Cost:		0.473222
Number of Sensors:	1.000000
Number of Subtasks:	1

Location:			[23.000000, 23.000000, 0.000000]
Sensor List:		[MW]
Subtask List:		[MW_{}]

Time Constraints:
Start Time:		0.000000
End Time:		Infinity
Task Duration:	0.969725
Corr Time:		2.000000
Lambda:			0.015000
Dependency Matrix:
   [0]

Time Constraint Matrix:
   [Infinity]


**********************************
Task Number:		22
Maximum Score:		10.242199
Subtask Cost:		0.791592
Number of Sensors:	1.000000
Number of Subtasks:	1

Location:			[25.000000, 3.000000, 0.000000]
Sensor List:		[IR]
Subtask List:		[IR_{}]

Time Constraints:
Start Time:		0.000000
End Time:		Infinity
Task Duration:	0.527674
Corr Time:		2.000000
Lambda:			0.015000
Dependency Matrix:
   [0]

Time Constraint Matrix:
   [Infinity]


**********************************
Task Number:		23
Maximum Score:		60.747698
Subtask Cost:		0.186682
Number of Sensors:	1.000000
Number of Subtasks:	1

Location:			[37.000000, 26.000000, 0.000000]
Sensor List:		[IR]
Subtask List:		[IR_{}]

Time Constraints:
Start Time:		0.000000
End Time:		Infinity
Task Duration:	0.656642
Corr Time:		2.000000
Lambda:			0.015000
Dependency Matrix:
   [0]

Time Constraint Matrix:
   [Infinity]


**********************************
Task Number:		24
Maximum Score:		69.972238
Subtask Cost:		0.474723
Number of Sensors:	1.000000
Number of Subtasks:	1

Location:			[16.000000, 45.000000, 0.000000]
Sensor List:		[IR]
Subtask List:		[IR_{}]

Time Constraints:
Start Time:		0.000000
End Time:		Infinity
Task Duration:	0.105021
Corr Time:		2.000000
Lambda:			0.015000
Dependency Matrix:
   [0]

Time Constraint Matrix:
   [Infinity]


**********************************
Task Number:		25
Maximum Score:		75.759492
Subtask Cost:		0.744201
Number of Sensors:	1.000000
Number of Subtasks:	1

Location:			[32.000000, 10.000000, 0.000000]
Sensor List:		[MW]
Subtask List:		[MW_{}]

Time Constraints:
Start Time:		0.000000
End Time:		Infinity
Task Duration:	0.682545
Corr Time:		2.000000
Lambda:			0.015000
Dependency Matrix:
   [0]

Time Constraint Matrix:
   [Infinity]


**********************************
Task Number:		26
Maximum Score:		64.349684
Subtask Cost:		0.883520
Number of Sensors:	1.000000
Number of Subtasks:	1

Location:			[1.000000, 27.000000, 0.000000]
Sensor List:		[MW]
Subtask List:		[MW_{}]

Time Constraints:
Start Time:		0.000000
End Time:		Infinity
Task Duration:	0.580242
Corr Time:		2.000000
Lambda:			0.015000
Dependency Matrix:
   [0]

Time Constraint Matrix:
   [Infinity]


**********************************
Task Number:		27
Maximum Score:		40.668940
Subtask Cost:		0.809359
Number of Sensors:	1.000000
Number of Subtasks:	1

Location:			[19.000000, 49.000000, 0.000000]
Sensor List:		[MW]
Subtask List:		[MW_{}]

Time Constraints:
Start Time:		0.000000
End Time:		Infinity
Task Duration:	0.879026
Corr Time:		2.000000
Lambda:			0.015000
Dependency Matrix:
   [0]

Time Constraint Matrix:
   [Infinity]


**********************************
Task Number:		28
Maximum Score:		85.351153
Subtask Cost:		0.961073
Number of Sensors:	1.000000
Number of Subtasks:	1

Location:			[13.000000, 7.000000, 0.000000]
Sensor List:		[MW]
Subtask List:		[MW_{}]

Time Constraints:
Start Time:		0.000000
End Time:		Infinity
Task Duration:	0.470957
Corr Time:		2.000000
Lambda:			0.015000
Dependency Matrix:
   [0]

Time Constraint Matrix:
   [Infinity]


**********************************
Task Number:		29
Maximum Score:		20.376456
Subtask Cost:		0.770706
Number of Sensors:	1.000000
Number of Subtasks:	1

Location:			[11.000000, 3.000000, 0.000000]
Sensor List:		[MW]
Subtask List:		[MW_{}]

Time Constraints:
Start Time:		0.000000
End Time:		Infinity
Task Duration:	0.768679
Corr Time:		2.000000
Lambda:			0.015000
Dependency Matrix:
   [0]

Time Constraint Matrix:
   [Infinity]


**********************************
