---------------------------------------------------------------------------------------------------------------------------------------
TASK1	TASK1_L_{}	L-band			
TASK1	TASK1_L_{S}	L-band	S-band	
TASK1	TASK1_L_{S}	L-band	S-band	
TASK1	TASK1_L_{S,S}	L-band	S-band,S-band
TASK1	TASK1_S_{}	S-band				0/0	SAT-S3	2020-01-01T00:00:00.000	2020-01-01T14:32:25.000	2020-01-07T00:00:00.000	S-RAD	2462.87278719079/5000.0	52.53891015312484/10.0	4937.685925593391	199.9187656026267	7.829833641843718	1.7254709900550154	5.3142209900550155	3.58875
TASK1	TASK1_S_{S}	S-band	S-band	
TASK1	TASK1_S_{L}	S-band	L-band	
TASK1	TASK1_S_{L,S}	S-band	L-band,S-band
TASK1	TASK1_S_{}	S-band			
TASK1	TASK1_S_{S}	S-band	S-band	
TASK1	TASK1_S_{L}	S-band	L-band	
TASK1	TASK1_S_{L,S}	S-band	L-band,S-band
---------------------------------------------------------------------------------------------------------------------------------------
TASK2	TASK2_L_{}	L-band				0/0	SAT-L3	2020-01-01T00:00:00.000	2020-01-02T12:44:40.000	2020-01-07T00:00:00.000	L-RAD	1049.763055865854/5000.0	38.822496507825925/10.0	4641.271592935099	466.1460129620332	65.14065908981586	1.1273554879121832	4.716105487912183	3.58875
TASK2	TASK2_L_{S}	L-band	S-band	
TASK2	TASK2_L_{S}	L-band	S-band	
TASK2	TASK2_L_{S,S}	L-band	S-band,S-band
TASK2	TASK2_S_{}	S-band			
TASK2	TASK2_S_{S}	S-band	S-band	
TASK2	TASK2_S_{L}	S-band	L-band	
TASK2	TASK2_S_{L,S}	S-band	L-band,S-band
TASK2	TASK2_S_{}	S-band			
TASK2	TASK2_S_{S}	S-band	S-band	
TASK2	TASK2_S_{L}	S-band	L-band	
TASK2	TASK2_S_{L,S}	S-band	L-band,S-band
---------------------------------------------------------------------------------------------------------------------------------------
TASK3	TASK3_L_{}	L-band			
TASK3	TASK3_L_{S}	L-band	S-band	
TASK3	TASK3_L_{S}	L-band	S-band	
TASK3	TASK3_L_{S,S}	L-band	S-band,S-band	2/2	SAT-L2	2020-01-01T00:00:00.000	2020-01-01T14:13:20.000	2020-01-07T00:00:00.000	L-RAD	1066.819458421136/5000.0	38.590020532075094/10.0	4648.696959801849	460.3975540567993	50.546077678445755	9.102167087468406	12.690917087468405	3.58875
TASK3	TASK3_S_{}	S-band			
TASK3	TASK3_S_{S}	S-band	S-band	
TASK3	TASK3_S_{L}	S-band	L-band	
TASK3	TASK3_S_{L,S}	S-band	L-band,S-band	2/2	SAT-S1	2020-01-01T00:00:00.000	2020-01-01T14:13:20.000	2020-01-07T00:00:00.000	S-RAD	1068.383931964758/5000.0	48.42094317390664/10.0	4649.450948781805	460.84141722164037	38.144622892349176	9.102167087468406	12.690917087468405	3.58875
TASK3	TASK3_S_{}	S-band			
TASK3	TASK3_S_{S}	S-band	S-band	
TASK3	TASK3_S_{L}	S-band	L-band	
TASK3	TASK3_S_{L,S}	S-band	L-band,S-band	2/2	SAT-S1	2020-01-01T00:00:00.000	2020-01-01T14:13:20.000	2020-01-07T00:00:00.000	S-RAD	1068.383931964758/5000.0	50.18185576446345/10.0	4649.450948781805	460.84141722164037	38.144622892349176	9.102167087468406	12.690917087468405	3.58875
---------------------------------------------------------------------------------------------------------------------------------------
TASK4	TASK4_L_{}	L-band				0/0	SAT-L2	2020-01-01T00:00:00.000	2020-01-01T05:39:25.000	2020-01-07T00:00:00.000	L-RAD	471.59036027167724/5000.0	34.007743594524996/10.0	3987.479378909958	1062.1630041309136	32.12108716759874	7.690197640071999	11.278947640072	3.58875
TASK4	TASK4_L_{S}	L-band	S-band	
TASK4	TASK4_L_{S}	L-band	S-band	
TASK4	TASK4_L_{S,S}	L-band	S-band,S-band
TASK4	TASK4_S_{}	S-band			
TASK4	TASK4_S_{S}	S-band	S-band	
TASK4	TASK4_S_{L}	S-band	L-band	
TASK4	TASK4_S_{L,S}	S-band	L-band,S-band
TASK4	TASK4_S_{}	S-band			
TASK4	TASK4_S_{S}	S-band	S-band	
TASK4	TASK4_S_{L}	S-band	L-band	
TASK4	TASK4_S_{L,S}	S-band	L-band,S-band
---------------------------------------------------------------------------------------------------------------------------------------
TASK5	TASK5_L_{}	L-band			
TASK5	TASK5_L_{S}	L-band	S-band	
TASK5	TASK5_L_{S}	L-band	S-band	
TASK5	TASK5_L_{S,S}	L-band	S-band,S-band
TASK5	TASK5_S_{}	S-band			
TASK5	TASK5_S_{S}	S-band	S-band	
TASK5	TASK5_S_{L}	S-band	L-band	
TASK5	TASK5_S_{L,S}	S-band	L-band,S-band
TASK5	TASK5_S_{}	S-band				0/0	SAT-S2	2020-01-01T00:00:00.000	2020-01-01T10:55:00.000	2020-01-07T00:00:00.000	S-RAD	1150.385405439781/5000.0	50.81002531637072/10.0	4686.589109673943	429.26379443459814	2.288949795645342	5.526509188377141	9.115259188377141	3.58875
TASK5	TASK5_S_{S}	S-band	S-band	
TASK5	TASK5_S_{L}	S-band	L-band	
TASK5	TASK5_S_{L,S}	S-band	L-band,S-band
---------------------------------------------------------------------------------------------------------------------------------------
TASK6	TASK6_L_{}	L-band			
TASK6	TASK6_L_{S}	L-band	S-band	
TASK6	TASK6_L_{S}	L-band	S-band	
TASK6	TASK6_L_{S,S}	L-band	S-band,S-band
TASK6	TASK6_S_{}	S-band			
TASK6	TASK6_S_{S}	S-band	S-band	
TASK6	TASK6_S_{L}	S-band	L-band	
TASK6	TASK6_S_{L,S}	S-band	L-band,S-band
TASK6	TASK6_S_{}	S-band			
TASK6	TASK6_S_{S}	S-band	S-band	
TASK6	TASK6_S_{L}	S-band	L-band	
TASK6	TASK6_S_{L,S}	S-band	L-band,S-band
---------------------------------------------------------------------------------------------------------------------------------------
TASK7	TASK7_L_{}	L-band			
TASK7	TASK7_L_{S}	L-band	S-band	
TASK7	TASK7_L_{S}	L-band	S-band	
TASK7	TASK7_L_{S,S}	L-band	S-band,S-band
TASK7	TASK7_S_{}	S-band			
TASK7	TASK7_S_{S}	S-band	S-band	
TASK7	TASK7_S_{L}	S-band	L-band	
TASK7	TASK7_S_{L,S}	S-band	L-band,S-band
TASK7	TASK7_S_{}	S-band				0/0	SAT-S3	2020-01-01T00:00:00.000	2020-01-02T08:56:10.000	2020-01-07T00:00:00.000	S-RAD	12335.826081027888/5000.0	61.29572845992739/10.0	5112.930928054223	18.075614833812942	35.25796226175186	0.041122986674604345	3.6298729866746045	3.58875
TASK7	TASK7_S_{S}	S-band	S-band	
TASK7	TASK7_S_{L}	S-band	L-band	
TASK7	TASK7_S_{L,S}	S-band	L-band,S-band
---------------------------------------------------------------------------------------------------------------------------------------
TASK8	TASK8_L_{}	L-band				0/0	SAT-L2	2020-01-01T00:00:00.000	2020-01-01T00:55:30.000	2020-01-07T00:00:00.000	L-RAD	479.2190863695965/5000.0	34.31944739167412/10.0	4008.2333486852976	1042.9204730908268	69.00031954658937	7.991346630151466	11.580096630151466	3.58875
TASK8	TASK8_L_{S}	L-band	S-band	
TASK8	TASK8_L_{S}	L-band	S-band	
TASK8	TASK8_L_{S,S}	L-band	S-band,S-band
TASK8	TASK8_S_{}	S-band			
TASK8	TASK8_S_{S}	S-band	S-band	
TASK8	TASK8_S_{L}	S-band	L-band	
TASK8	TASK8_S_{L,S}	S-band	L-band,S-band
TASK8	TASK8_S_{}	S-band			
TASK8	TASK8_S_{S}	S-band	S-band	
TASK8	TASK8_S_{L}	S-band	L-band	
TASK8	TASK8_S_{L,S}	S-band	L-band,S-band
---------------------------------------------------------------------------------------------------------------------------------------
TASK9	TASK9_L_{}	L-band			
TASK9	TASK9_L_{S}	L-band	S-band	
TASK9	TASK9_L_{S}	L-band	S-band	
TASK9	TASK9_L_{S,S}	L-band	S-band,S-band	2/2	SAT-L3	2020-01-01T00:00:00.000	2020-01-01T09:23:40.000	2020-01-07T00:00:00.000	L-RAD	1146.90886423507/5000.0	39.26457144816494/10.0	4685.288936195292	428.277430882451	44.89223538423847	17.959747790430974	21.548497790430975	3.58875
TASK9	TASK9_S_{}	S-band			
TASK9	TASK9_S_{S}	S-band	S-band	
TASK9	TASK9_S_{L}	S-band	L-band	
TASK9	TASK9_S_{L,S}	S-band	L-band,S-band	2/2	SAT-S2	2020-01-01T00:00:00.000	2020-01-01T09:23:40.000	2020-01-07T00:00:00.000	S-RAD	1151.5577780802996/5000.0	49.10704085749909/10.0	4687.206653204466	427.60234379993926	32.24834119890746	17.959747790430974	21.548497790430975	3.58875
TASK9	TASK9_S_{}	S-band			
TASK9	TASK9_S_{S}	S-band	S-band	
TASK9	TASK9_S_{L}	S-band	L-band	
TASK9	TASK9_S_{L,S}	S-band	L-band,S-band	2/2	SAT-S2	2020-01-01T00:00:00.000	2020-01-01T09:23:40.000	2020-01-07T00:00:00.000	S-RAD	1151.5577780802996/5000.0	50.8679534480559/10.0	4687.206653204466	427.60234379993926	32.24834119890746	17.959747790430974	21.548497790430975	3.58875
---------------------------------------------------------------------------------------------------------------------------------------
TASK10	TASK10_L_{}	L-band			
TASK10	TASK10_L_{S}	L-band	S-band		1/1	SAT-L1	2020-01-01T00:00:00.000	2020-01-01T00:06:40.000	2020-01-07T00:00:00.000	L-RAD	166.02044173775917/5000.0	6.2183607691305145/10.0	496.9008123710173	3702.5881609225085	8.266222735258404	37.08425855158601	40.673011453149186	3.58875290156318
TASK10	TASK10_S_{}	S-band			
TASK10	TASK10_S_{L}	S-band	L-band		1/1	SAT-S3	2020-01-01T00:00:00.000	2020-01-01T00:06:40.000	2020-01-07T00:00:00.000	S-RAD	166.06274397029387/5000.0	16.05302017109666/10.0	498.66821181494925	3700.8251980449186	9.155442613486272	37.08425848901487	40.67301142186365	3.588752932848779
---------------------------------------------------------------------------------------------------------------------------------------
TASK11	TASK11_L_{}	L-band			
TASK11	TASK11_L_{S}	L-band	S-band		1/1	SAT-L2	2020-01-01T00:00:00.000	2020-01-01T00:16:05.000	2020-01-07T00:00:00.000	L-RAD	323.1144616114265/5000.0	31.100400327161584/10.0	3407.8045742017116	1584.8308023590407	0.34086967226096276	33.86750928498759	37.456259380470456	3.5887500954828653
TASK11	TASK11_S_{}	S-band			
TASK11	TASK11_S_{L}	S-band	L-band		1/1	SAT-S1	2020-01-01T00:00:00.000	2020-01-01T00:16:05.000	2020-01-07T00:00:00.000	S-RAD	323.498827099436/5000.0	40.91425398973758/10.0	3409.813522549593	1582.7768207974932	5.839270644110025	33.86750927421604	37.456259375084684	3.5887501008686495
---------------------------------------------------------------------------------------------------------------------------------------
TASK12	TASK12_L_{}	L-band			
TASK12	TASK12_L_{S}	L-band	S-band		1/1	SAT-L3	2020-01-01T00:00:00.000	2020-01-02T01:34:55.000	2020-01-07T00:00:00.000	L-RAD	818.5912719762075/5000.0	37.572161367785995/10.0	4493.918193623277	604.9613061590976	1.9291304759948698	5.573197811947126	9.161947811947126	3.58875
TASK12	TASK12_S_{}	S-band			
TASK12	TASK12_S_{L}	S-band	L-band		1/1	SAT-S2	2020-01-01T00:00:00.000	2020-01-02T01:34:55.000	2020-01-07T00:00:00.000	S-RAD	817.9373010079129/5000.0	47.384348972390086/10.0	4493.35081044051	605.2993575281515	14.108911321576842	5.573197811947126	9.161947811947126	3.58875
---------------------------------------------------------------------------------------------------------------------------------------
TASK13	TASK13_L_{}	L-band			
TASK13	TASK13_L_{S}	L-band	S-band		1/1	SAT-L2	2020-01-01T00:00:00.000	2020-01-01T06:31:05.000	2020-01-07T00:00:00.000	L-RAD	7017.678191409966/5000.0	47.11749646814962/10.0	5079.758612195407	69.81364751645484	7.197836141816364	21.423195726005268	25.01194572600527	3.58875
TASK13	TASK13_S_{}	S-band			
TASK13	TASK13_S_{L}	S-band	L-band		1/1	SAT-S1	2020-01-01T00:00:00.000	2020-01-01T06:31:05.000	2020-01-07T00:00:00.000	S-RAD	6984.53670730466/5000.0	58.65696289695745/10.0	5079.380848170237	69.8035143293567	10.173876487169952	21.423195726005268	25.01194572600527	3.58875
---------------------------------------------------------------------------------------------------------------------------------------
TASK14	TASK14_L_{}	L-band			
TASK14	TASK14_L_{S}	L-band	S-band		1/1	SAT-L3	2020-01-01T00:00:00.000	2020-01-01T06:51:30.000	2020-01-07T00:00:00.000	L-RAD	164.33029913745858/5000.0	2.073519968898858/10.0	160.1224401423869	3775.2685244602512	55.76213133263952	32.201899155055855	35.790649155838494	3.5887500007826425
TASK14	TASK14_S_{}	S-band			
TASK14	TASK14_S_{L}	S-band	L-band		1/1	SAT-S2	2020-01-01T00:00:00.000	2020-01-01T06:51:35.000	2020-01-07T00:00:00.000	S-RAD	164.34538306427655/5000.0	13.66375044071715/10.0	160.8733201122056	3774.7286714729726	34.30798917304208	32.20032007308727	35.789070073878214	3.58875000079095
---------------------------------------------------------------------------------------------------------------------------------------
TASK15	TASK15_L_{}	L-band			
TASK15	TASK15_L_{S}	L-band	S-band		1/1	SAT-L3	2020-01-01T00:00:00.000	2020-01-01T10:20:45.000	2020-01-07T00:00:00.000	L-RAD	511.48323817178505/5000.0	34.75376078303124/10.0	4083.4501156110205	976.4603964793706	35.56200086251621	8.087227904215872	11.675977904215873	3.58875
TASK15	TASK15_S_{}	S-band			
TASK15	TASK15_S_{L}	S-band	L-band		1/1	SAT-S2	2020-01-01T00:00:00.000	2020-01-01T10:20:45.000	2020-01-07T00:00:00.000	S-RAD	511.05206543635217/5000.0	46.34460177062739/10.0	4082.6110903218723	976.896358647414	46.281073832688115	8.087227904215872	11.675977904215873	3.58875
---------------------------------------------------------------------------------------------------------------------------------------
TASK16	TASK16_S_{}	S-band			
TASK16	TASK16_S_{S}	S-band	S-band		1/1	SAT-S1	2020-01-01T00:00:00.000	2020-01-02T04:44:35.000	2020-01-07T00:00:00.000	S-RAD	1369.0246359345344/5000.0	49.56331943515561/10.0	4761.386278488307	359.58363909802955	24.7555353633993	4.6268740707844875	8.215624070784488	3.58875
TASK16	TASK16_S_{}	S-band			
TASK16	TASK16_S_{S}	S-band	S-band		1/1	SAT-S1	2020-01-01T00:00:00.000	2020-01-02T04:44:35.000	2020-01-07T00:00:00.000	S-RAD	1369.0246359345344/5000.0	51.32423202571242/10.0	4761.386278488307	359.58363909802955	24.7555353633993	4.6268740707844875	8.215624070784488	3.58875
---------------------------------------------------------------------------------------------------------------------------------------
TASK17	TASK17_S_{}	S-band			
TASK17	TASK17_S_{S}	S-band	S-band	
TASK17	TASK17_S_{}	S-band			
TASK17	TASK17_S_{S}	S-band	S-band	
---------------------------------------------------------------------------------------------------------------------------------------
TASK18	TASK18_S_{}	S-band			
TASK18	TASK18_S_{S}	S-band	S-band		1/1	SAT-S3	2020-01-01T00:00:00.000	2020-01-01T08:04:15.000	2020-01-07T00:00:00.000	S-RAD	1036.6699920363571/5000.0	48.58656971026554/10.0	4634.7040043936695	476.46930821895427	13.800581699446298	18.75078914455591	22.33953914455591	3.58875
TASK18	TASK18_S_{}	S-band			
TASK18	TASK18_S_{S}	S-band	S-band		1/1	SAT-S3	2020-01-01T00:00:00.000	2020-01-01T08:04:15.000	2020-01-07T00:00:00.000	S-RAD	1036.6699920363571/5000.0	50.34748230082235/10.0	4634.7040043936695	476.46930821895427	13.800581699446298	18.75078914455591	22.33953914455591	3.58875
---------------------------------------------------------------------------------------------------------------------------------------
TASK19	TASK19_L_{}	L-band				0/0	SAT-L1	2020-01-01T00:00:00.000	2020-01-02T01:48:50.000	2020-01-07T00:00:00.000	L-RAD	2075.296511120103/5000.0	41.98173784266389/10.0	4896.767183874481	237.317406865488	8.954880347803089	6.208416272093976	9.797166272093977	3.58875
---------------------------------------------------------------------------------------------------------------------------------------
TASK20	TASK20_L_{}	L-band				0/0	SAT-L1	2020-01-01T00:00:00.000	2020-01-01T03:17:05.000	2020-01-07T00:00:00.000	L-RAD	460.89613223734193/5000.0	34.16988774759202/10.0	3961.3985466211884	1086.5357525476284	61.58142524706183	20.099666032388242	23.688416032388243	3.58875
---------------------------------------------------------------------------------------------------------------------------------------
TASK21	TASK21_L_{}	L-band				0/0	SAT-L2	2020-01-01T00:00:00.000	2020-01-02T05:18:10.000	2020-01-07T00:00:00.000	L-RAD	1127.7796674277076/5000.0	39.17872934609119/10.0	4677.2211355398085	437.7245278634117	13.648695500044393	0.37189006713567485	3.960640067135675	3.58875
---------------------------------------------------------------------------------------------------------------------------------------
TASK22	TASK22_L_{}	L-band				0/0	SAT-L3	2020-01-01T00:00:00.000	2020-01-01T13:35:30.000	2020-01-07T00:00:00.000	L-RAD	583.1556235479676/5000.0	35.53754475501928/10.0	4219.135403090829	852.7932484146803	45.91218354117812	3.5270850648168004	7.1158350648168005	3.58875
---------------------------------------------------------------------------------------------------------------------------------------
TASK23	TASK23_S_{}	S-band			
---------------------------------------------------------------------------------------------------------------------------------------
TASK24	TASK24_S_{}	S-band			
---------------------------------------------------------------------------------------------------------------------------------------
TASK25	TASK25_S_{}	S-band				0/0	SAT-S1	2020-01-01T00:00:00.000	2020-01-01T04:21:45.000	2020-01-07T00:00:00.000	S-RAD	604.8265821417604/5000.0	45.741691548649655/10.0	4254.495816809524	821.6765690002264	42.31019417763398	15.505438263020888	19.09418826302089	3.58875
---------------------------------------------------------------------------------------------------------------------------------------
TASK26	TASK26_S_{}	S-band			
---------------------------------------------------------------------------------------------------------------------------------------
TASK27	TASK27_S_{}	S-band				0/0	SAT-S1	2020-01-01T00:00:00.000	2020-01-01T21:11:50.000	2020-01-07T00:00:00.000	S-RAD	1242.5180841515153/5000.0	51.20206106383453/10.0	4721.708116819163	397.18895030938967	8.452878495340226	8.531813096922694	12.120563096922693	3.58875
---------------------------------------------------------------------------------------------------------------------------------------
TASK28	TASK28_S_{}	S-band			
---------------------------------------------------------------------------------------------------------------------------------------
TASK29	TASK29_S_{}	S-band			
---------------------------------------------------------------------------------------------------------------------------------------
TASK30	TASK30_S_{}	S-band			
