Task Number:		0
Maximum Score:		28.868430
Subtask Cost:		0.373277
Number of Sensors:	2.000000
Number of Subtasks:	4

Location:			[34.000000, 35.000000, 0.000000]
Sensor List:		[IR, MW]
Subtask List:		[IR_{}, IR_{MW}, MW_{}, MW_{IR}]

Time Constraints:
Start Time:		0.000000
End Time:		Infinity
Task Duration:	0.333227
Corr Time:		2.000000
Lambda:			0.015000
Dependency Matrix:
   [0	-1	-1	-1
	-1	0	-1	1
	-1	-1	0	-1
	-1	1	-1	0]

Time Constraint Matrix:
   [Infinity	Infinity	Infinity	Infinity
	Infinity	Infinity	Infinity	0.333227
	Infinity	Infinity	Infinity	Infinity
	Infinity	0.333227	Infinity	Infinity]


**********************************
Task Number:		1
Maximum Score:		1.850978
Subtask Cost:		0.229336
Number of Sensors:	2.000000
Number of Subtasks:	4

Location:			[27.000000, 24.000000, 0.000000]
Sensor List:		[IR, MW]
Subtask List:		[IR_{}, IR_{MW}, MW_{}, MW_{IR}]

Time Constraints:
Start Time:		0.000000
End Time:		Infinity
Task Duration:	0.916299
Corr Time:		2.000000
Lambda:			0.015000
Dependency Matrix:
   [0	-1	-1	-1
	-1	0	-1	1
	-1	-1	0	-1
	-1	1	-1	0]

Time Constraint Matrix:
   [Infinity	Infinity	Infinity	Infinity
	Infinity	Infinity	Infinity	0.916299
	Infinity	Infinity	Infinity	Infinity
	Infinity	0.916299	Infinity	Infinity]


**********************************
Task Number:		2
Maximum Score:		37.987294
Subtask Cost:		0.569913
Number of Sensors:	2.000000
Number of Subtasks:	4

Location:			[5.000000, 28.000000, 0.000000]
Sensor List:		[IR, MW]
Subtask List:		[IR_{}, IR_{MW}, MW_{}, MW_{IR}]

Time Constraints:
Start Time:		0.000000
End Time:		Infinity
Task Duration:	0.330188
Corr Time:		2.000000
Lambda:			0.015000
Dependency Matrix:
   [0	-1	-1	-1
	-1	0	-1	1
	-1	-1	0	-1
	-1	1	-1	0]

Time Constraint Matrix:
   [Infinity	Infinity	Infinity	Infinity
	Infinity	Infinity	Infinity	0.330188
	Infinity	Infinity	Infinity	Infinity
	Infinity	0.330188	Infinity	Infinity]


**********************************
Task Number:		3
Maximum Score:		4.721211
Subtask Cost:		0.871932
Number of Sensors:	2.000000
Number of Subtasks:	4

Location:			[6.000000, 30.000000, 0.000000]
Sensor List:		[IR, MW]
Subtask List:		[IR_{}, IR_{MW}, MW_{}, MW_{IR}]

Time Constraints:
Start Time:		0.000000
End Time:		Infinity
Task Duration:	0.939742
Corr Time:		2.000000
Lambda:			0.015000
Dependency Matrix:
   [0	-1	-1	-1
	-1	0	-1	1
	-1	-1	0	-1
	-1	1	-1	0]

Time Constraint Matrix:
   [Infinity	Infinity	Infinity	Infinity
	Infinity	Infinity	Infinity	0.939742
	Infinity	Infinity	Infinity	Infinity
	Infinity	0.939742	Infinity	Infinity]


**********************************
Task Number:		4
Maximum Score:		69.314477
Subtask Cost:		0.061663
Number of Sensors:	2.000000
Number of Subtasks:	4

Location:			[34.000000, 45.000000, 0.000000]
Sensor List:		[IR, MW]
Subtask List:		[IR_{}, IR_{MW}, MW_{}, MW_{IR}]

Time Constraints:
Start Time:		0.000000
End Time:		Infinity
Task Duration:	0.235611
Corr Time:		2.000000
Lambda:			0.015000
Dependency Matrix:
   [0	-1	-1	-1
	-1	0	-1	1
	-1	-1	0	-1
	-1	1	-1	0]

Time Constraint Matrix:
   [Infinity	Infinity	Infinity	Infinity
	Infinity	Infinity	Infinity	0.235611
	Infinity	Infinity	Infinity	Infinity
	Infinity	0.235611	Infinity	Infinity]


**********************************
Task Number:		5
Maximum Score:		54.122084
Subtask Cost:		0.157875
Number of Sensors:	2.000000
Number of Subtasks:	4

Location:			[0.000000, 0.000000, 0.000000]
Sensor List:		[IR, MW]
Subtask List:		[IR_{}, IR_{MW}, MW_{}, MW_{IR}]

Time Constraints:
Start Time:		0.000000
End Time:		Infinity
Task Duration:	0.146703
Corr Time:		2.000000
Lambda:			0.015000
Dependency Matrix:
   [0	-1	-1	-1
	-1	0	-1	1
	-1	-1	0	-1
	-1	1	-1	0]

Time Constraint Matrix:
   [Infinity	Infinity	Infinity	Infinity
	Infinity	Infinity	Infinity	0.146703
	Infinity	Infinity	Infinity	Infinity
	Infinity	0.146703	Infinity	Infinity]


**********************************
Task Number:		6
Maximum Score:		22.398058
Subtask Cost:		0.486035
Number of Sensors:	2.000000
Number of Subtasks:	4

Location:			[45.000000, 34.000000, 0.000000]
Sensor List:		[IR, MW]
Subtask List:		[IR_{}, IR_{MW}, MW_{}, MW_{IR}]

Time Constraints:
Start Time:		0.000000
End Time:		Infinity
Task Duration:	0.009864
Corr Time:		2.000000
Lambda:			0.015000
Dependency Matrix:
   [0	-1	-1	-1
	-1	0	-1	1
	-1	-1	0	-1
	-1	1	-1	0]

Time Constraint Matrix:
   [Infinity	Infinity	Infinity	Infinity
	Infinity	Infinity	Infinity	0.009864
	Infinity	Infinity	Infinity	Infinity
	Infinity	0.009864	Infinity	Infinity]


**********************************
Task Number:		7
Maximum Score:		34.461683
Subtask Cost:		0.352214
Number of Sensors:	2.000000
Number of Subtasks:	4

Location:			[17.000000, 44.000000, 0.000000]
Sensor List:		[IR, MW]
Subtask List:		[IR_{}, IR_{MW}, MW_{}, MW_{IR}]

Time Constraints:
Start Time:		0.000000
End Time:		Infinity
Task Duration:	0.711500
Corr Time:		2.000000
Lambda:			0.015000
Dependency Matrix:
   [0	-1	-1	-1
	-1	0	-1	1
	-1	-1	0	-1
	-1	1	-1	0]

Time Constraint Matrix:
   [Infinity	Infinity	Infinity	Infinity
	Infinity	Infinity	Infinity	0.711500
	Infinity	Infinity	Infinity	Infinity
	Infinity	0.711500	Infinity	Infinity]


**********************************
Task Number:		8
Maximum Score:		63.971096
Subtask Cost:		0.192014
Number of Sensors:	2.000000
Number of Subtasks:	4

Location:			[21.000000, 13.000000, 0.000000]
Sensor List:		[IR, MW]
Subtask List:		[IR_{}, IR_{MW}, MW_{}, MW_{IR}]

Time Constraints:
Start Time:		0.000000
End Time:		Infinity
Task Duration:	0.476601
Corr Time:		2.000000
Lambda:			0.015000
Dependency Matrix:
   [0	-1	-1	-1
	-1	0	-1	1
	-1	-1	0	-1
	-1	1	-1	0]

Time Constraint Matrix:
   [Infinity	Infinity	Infinity	Infinity
	Infinity	Infinity	Infinity	0.476601
	Infinity	Infinity	Infinity	Infinity
	Infinity	0.476601	Infinity	Infinity]


**********************************
Task Number:		9
Maximum Score:		92.130125
Subtask Cost:		0.111722
Number of Sensors:	2.000000
Number of Subtasks:	4

Location:			[5.000000, 16.000000, 0.000000]
Sensor List:		[IR, MW]
Subtask List:		[IR_{}, IR_{MW}, MW_{}, MW_{IR}]

Time Constraints:
Start Time:		0.000000
End Time:		Infinity
Task Duration:	0.808565
Corr Time:		2.000000
Lambda:			0.015000
Dependency Matrix:
   [0	-1	-1	-1
	-1	0	-1	1
	-1	-1	0	-1
	-1	1	-1	0]

Time Constraint Matrix:
   [Infinity	Infinity	Infinity	Infinity
	Infinity	Infinity	Infinity	0.808565
	Infinity	Infinity	Infinity	Infinity
	Infinity	0.808565	Infinity	Infinity]


**********************************
Task Number:		10
Maximum Score:		12.575867
Subtask Cost:		0.739679
Number of Sensors:	2.000000
Number of Subtasks:	4

Location:			[37.000000, 36.000000, 0.000000]
Sensor List:		[IR, MW]
Subtask List:		[IR_{}, IR_{MW}, MW_{}, MW_{IR}]

Time Constraints:
Start Time:		0.000000
End Time:		Infinity
Task Duration:	0.564082
Corr Time:		2.000000
Lambda:			0.015000
Dependency Matrix:
   [0	-1	-1	-1
	-1	0	-1	1
	-1	-1	0	-1
	-1	1	-1	0]

Time Constraint Matrix:
   [Infinity	Infinity	Infinity	Infinity
	Infinity	Infinity	Infinity	0.564082
	Infinity	Infinity	Infinity	Infinity
	Infinity	0.564082	Infinity	Infinity]


**********************************
Task Number:		11
Maximum Score:		89.327240
Subtask Cost:		0.115726
Number of Sensors:	2.000000
Number of Subtasks:	4

Location:			[16.000000, 21.000000, 0.000000]
Sensor List:		[IR, MW]
Subtask List:		[IR_{}, IR_{MW}, MW_{}, MW_{IR}]

Time Constraints:
Start Time:		0.000000
End Time:		Infinity
Task Duration:	0.888749
Corr Time:		2.000000
Lambda:			0.015000
Dependency Matrix:
   [0	-1	-1	-1
	-1	0	-1	1
	-1	-1	0	-1
	-1	1	-1	0]

Time Constraint Matrix:
   [Infinity	Infinity	Infinity	Infinity
	Infinity	Infinity	Infinity	0.888749
	Infinity	Infinity	Infinity	Infinity
	Infinity	0.888749	Infinity	Infinity]


**********************************
Task Number:		12
Maximum Score:		79.639924
Subtask Cost:		0.434649
Number of Sensors:	2.000000
Number of Subtasks:	4

Location:			[21.000000, 6.000000, 0.000000]
Sensor List:		[IR, MW]
Subtask List:		[IR_{}, IR_{MW}, MW_{}, MW_{IR}]

Time Constraints:
Start Time:		0.000000
End Time:		Infinity
Task Duration:	0.669471
Corr Time:		2.000000
Lambda:			0.015000
Dependency Matrix:
   [0	-1	-1	-1
	-1	0	-1	1
	-1	-1	0	-1
	-1	1	-1	0]

Time Constraint Matrix:
   [Infinity	Infinity	Infinity	Infinity
	Infinity	Infinity	Infinity	0.669471
	Infinity	Infinity	Infinity	Infinity
	Infinity	0.669471	Infinity	Infinity]


**********************************
Task Number:		13
Maximum Score:		36.753815
Subtask Cost:		0.754629
Number of Sensors:	2.000000
Number of Subtasks:	4

Location:			[26.000000, 33.000000, 0.000000]
Sensor List:		[IR, MW]
Subtask List:		[IR_{}, IR_{MW}, MW_{}, MW_{IR}]

Time Constraints:
Start Time:		0.000000
End Time:		Infinity
Task Duration:	0.348937
Corr Time:		2.000000
Lambda:			0.015000
Dependency Matrix:
   [0	-1	-1	-1
	-1	0	-1	1
	-1	-1	0	-1
	-1	1	-1	0]

Time Constraint Matrix:
   [Infinity	Infinity	Infinity	Infinity
	Infinity	Infinity	Infinity	0.348937
	Infinity	Infinity	Infinity	Infinity
	Infinity	0.348937	Infinity	Infinity]


**********************************
Task Number:		14
Maximum Score:		50.296489
Subtask Cost:		0.142691
Number of Sensors:	2.000000
Number of Subtasks:	4

Location:			[1.000000, 12.000000, 0.000000]
Sensor List:		[IR, MW]
Subtask List:		[IR_{}, IR_{MW}, MW_{}, MW_{IR}]

Time Constraints:
Start Time:		0.000000
End Time:		Infinity
Task Duration:	0.325968
Corr Time:		2.000000
Lambda:			0.015000
Dependency Matrix:
   [0	-1	-1	-1
	-1	0	-1	1
	-1	-1	0	-1
	-1	1	-1	0]

Time Constraint Matrix:
   [Infinity	Infinity	Infinity	Infinity
	Infinity	Infinity	Infinity	0.325968
	Infinity	Infinity	Infinity	Infinity
	Infinity	0.325968	Infinity	Infinity]


**********************************
Task Number:		15
Maximum Score:		65.918069
Subtask Cost:		0.870713
Number of Sensors:	1.000000
Number of Subtasks:	1

Location:			[44.000000, 32.000000, 0.000000]
Sensor List:		[MW]
Subtask List:		[MW_{}]

Time Constraints:
Start Time:		0.000000
End Time:		Infinity
Task Duration:	0.545579
Corr Time:		2.000000
Lambda:			0.015000
Dependency Matrix:
   [0]

Time Constraint Matrix:
   [Infinity]


**********************************
Task Number:		16
Maximum Score:		34.674813
Subtask Cost:		0.949374
Number of Sensors:	1.000000
Number of Subtasks:	1

Location:			[14.000000, 22.000000, 0.000000]
Sensor List:		[MW]
Subtask List:		[MW_{}]

Time Constraints:
Start Time:		0.000000
End Time:		Infinity
Task Duration:	0.938871
Corr Time:		2.000000
Lambda:			0.015000
Dependency Matrix:
   [0]

Time Constraint Matrix:
   [Infinity]


**********************************
Task Number:		17
Maximum Score:		15.267444
Subtask Cost:		0.531748
Number of Sensors:	1.000000
Number of Subtasks:	1

Location:			[5.000000, 10.000000, 0.000000]
Sensor List:		[IR]
Subtask List:		[IR_{}]

Time Constraints:
Start Time:		0.000000
End Time:		Infinity
Task Duration:	0.404174
Corr Time:		2.000000
Lambda:			0.015000
Dependency Matrix:
   [0]

Time Constraint Matrix:
   [Infinity]


**********************************
Task Number:		18
Maximum Score:		49.587120
Subtask Cost:		0.838557
Number of Sensors:	1.000000
Number of Subtasks:	1

Location:			[14.000000, 26.000000, 0.000000]
Sensor List:		[MW]
Subtask List:		[MW_{}]

Time Constraints:
Start Time:		0.000000
End Time:		Infinity
Task Duration:	0.677497
Corr Time:		2.000000
Lambda:			0.015000
Dependency Matrix:
   [0]

Time Constraint Matrix:
   [Infinity]


**********************************
Task Number:		19
Maximum Score:		9.734451
Subtask Cost:		0.747687
Number of Sensors:	1.000000
Number of Subtasks:	1

Location:			[4.000000, 14.000000, 0.000000]
Sensor List:		[IR]
Subtask List:		[IR_{}]

Time Constraints:
Start Time:		0.000000
End Time:		Infinity
Task Duration:	0.226065
Corr Time:		2.000000
Lambda:			0.015000
Dependency Matrix:
   [0]

Time Constraint Matrix:
   [Infinity]


**********************************
Task Number:		20
Maximum Score:		8.492984
Subtask Cost:		0.040142
Number of Sensors:	1.000000
Number of Subtasks:	1

Location:			[19.000000, 23.000000, 0.000000]
Sensor List:		[MW]
Subtask List:		[MW_{}]

Time Constraints:
Start Time:		0.000000
End Time:		Infinity
Task Duration:	0.442708
Corr Time:		2.000000
Lambda:			0.015000
Dependency Matrix:
   [0]

Time Constraint Matrix:
   [Infinity]


**********************************
Task Number:		21
Maximum Score:		12.805428
Subtask Cost:		0.761517
Number of Sensors:	1.000000
Number of Subtasks:	1

Location:			[46.000000, 5.000000, 0.000000]
Sensor List:		[MW]
Subtask List:		[MW_{}]

Time Constraints:
Start Time:		0.000000
End Time:		Infinity
Task Duration:	0.245769
Corr Time:		2.000000
Lambda:			0.015000
Dependency Matrix:
   [0]

Time Constraint Matrix:
   [Infinity]


**********************************
Task Number:		22
Maximum Score:		22.234565
Subtask Cost:		0.020234
Number of Sensors:	1.000000
Number of Subtasks:	1

Location:			[9.000000, 40.000000, 0.000000]
Sensor List:		[IR]
Subtask List:		[IR_{}]

Time Constraints:
Start Time:		0.000000
End Time:		Infinity
Task Duration:	0.305196
Corr Time:		2.000000
Lambda:			0.015000
Dependency Matrix:
   [0]

Time Constraint Matrix:
   [Infinity]


**********************************
Task Number:		23
Maximum Score:		31.462262
Subtask Cost:		0.494040
Number of Sensors:	1.000000
Number of Subtasks:	1

Location:			[30.000000, 20.000000, 0.000000]
Sensor List:		[MW]
Subtask List:		[MW_{}]

Time Constraints:
Start Time:		0.000000
End Time:		Infinity
Task Duration:	0.254193
Corr Time:		2.000000
Lambda:			0.015000
Dependency Matrix:
   [0]

Time Constraint Matrix:
   [Infinity]


**********************************
Task Number:		24
Maximum Score:		25.186275
Subtask Cost:		0.932173
Number of Sensors:	1.000000
Number of Subtasks:	1

Location:			[24.000000, 15.000000, 0.000000]
Sensor List:		[MW]
Subtask List:		[MW_{}]

Time Constraints:
Start Time:		0.000000
End Time:		Infinity
Task Duration:	0.244017
Corr Time:		2.000000
Lambda:			0.015000
Dependency Matrix:
   [0]

Time Constraint Matrix:
   [Infinity]


**********************************
Task Number:		25
Maximum Score:		97.601333
Subtask Cost:		0.921453
Number of Sensors:	1.000000
Number of Subtasks:	1

Location:			[21.000000, 17.000000, 0.000000]
Sensor List:		[IR]
Subtask List:		[IR_{}]

Time Constraints:
Start Time:		0.000000
End Time:		Infinity
Task Duration:	0.066081
Corr Time:		2.000000
Lambda:			0.015000
Dependency Matrix:
   [0]

Time Constraint Matrix:
   [Infinity]


**********************************
Task Number:		26
Maximum Score:		18.970454
Subtask Cost:		0.201816
Number of Sensors:	1.000000
Number of Subtasks:	1

Location:			[26.000000, 5.000000, 0.000000]
Sensor List:		[MW]
Subtask List:		[MW_{}]

Time Constraints:
Start Time:		0.000000
End Time:		Infinity
Task Duration:	0.231160
Corr Time:		2.000000
Lambda:			0.015000
Dependency Matrix:
   [0]

Time Constraint Matrix:
   [Infinity]


**********************************
Task Number:		27
Maximum Score:		15.265258
Subtask Cost:		0.363474
Number of Sensors:	1.000000
Number of Subtasks:	1

Location:			[35.000000, 26.000000, 0.000000]
Sensor List:		[MW]
Subtask List:		[MW_{}]

Time Constraints:
Start Time:		0.000000
End Time:		Infinity
Task Duration:	0.962567
Corr Time:		2.000000
Lambda:			0.015000
Dependency Matrix:
   [0]

Time Constraint Matrix:
   [Infinity]


**********************************
Task Number:		28
Maximum Score:		89.827318
Subtask Cost:		0.999118
Number of Sensors:	1.000000
Number of Subtasks:	1

Location:			[9.000000, 37.000000, 0.000000]
Sensor List:		[IR]
Subtask List:		[IR_{}]

Time Constraints:
Start Time:		0.000000
End Time:		Infinity
Task Duration:	0.053353
Corr Time:		2.000000
Lambda:			0.015000
Dependency Matrix:
   [0]

Time Constraint Matrix:
   [Infinity]


**********************************
Task Number:		29
Maximum Score:		9.511976
Subtask Cost:		0.407206
Number of Sensors:	1.000000
Number of Subtasks:	1

Location:			[47.000000, 33.000000, 0.000000]
Sensor List:		[MW]
Subtask List:		[MW_{}]

Time Constraints:
Start Time:		0.000000
End Time:		Infinity
Task Duration:	0.152877
Corr Time:		2.000000
Lambda:			0.015000
Dependency Matrix:
   [0]

Time Constraint Matrix:
   [Infinity]


**********************************
