0	|	0.000000	0.000000	0.000000	0.000000	|	0.000000	0.000000	0.000000	0.000000	|	-	-	-	-	|	0	0	0	0	
1	|	10.534557	10.534557	10.534557	10.534557	|	89.945234	89.945234	89.945234	89.945234	|	3	3	3	3	|	0	0	0	0	
2	|	0.000000	0.000000	0.000000	0.000000	|	0.000000	0.000000	0.000000	0.000000	|	-	-	-	-	|	0	0	0	0	
3	|	10.906129	10.906129	10.906129	10.906129	|	87.745148	87.745148	87.745148	87.745148	|	4	4	4	4	|	0	0	0	0	
4	|	10.513404	10.513404	10.513404	10.513404	|	34.393450	34.393450	34.393450	34.393450	|	3	3	3	3	|	0	0	0	0	
5	|	0.000000	0.000000	0.000000	0.000000	|	0.000000	0.000000	0.000000	0.000000	|	-	-	-	-	|	0	0	0	0	
6	|	0.000000	0.000000	0.000000	0.000000	|	0.000000	0.000000	0.000000	0.000000	|	-	-	-	-	|	0	0	0	0	
7	|	0.000000	0.000000	0.000000	0.000000	|	0.000000	0.000000	0.000000	0.000000	|	-	-	-	-	|	0	0	0	0	
8	|	0.000000	0.000000	0.000000	0.000000	|	0.000000	0.000000	0.000000	0.000000	|	-	-	-	-	|	0	0	0	0	
9	|	19.182510	19.182510	19.182510	19.182510	|	35.991068	35.991068	35.991068	35.991068	|	1	1	1	1	|	0	0	0	0	
10	|	0.000000	0.000000	0.000000	0.000000	|	0.000000	0.000000	0.000000	0.000000	|	-	-	-	-	|	0	0	0	0	
11	|	19.774914	19.774914	19.774914	19.774914	|	34.171408	34.171408	34.171408	34.171408	|	2	2	2	2	|	0	0	0	0	
12	|	0.000000	0.000000	0.000000	0.000000	|	0.000000	0.000000	0.000000	0.000000	|	-	-	-	-	|	0	0	0	0	
13	|	0.000000	0.000000	0.000000	0.000000	|	0.000000	0.000000	0.000000	0.000000	|	-	-	-	-	|	0	0	0	0	
14	|	0.000000	0.000000	0.000000	0.000000	|	0.000000	0.000000	0.000000	0.000000	|	-	-	-	-	|	0	0	0	0	
15	|	0.000000	0.000000	0.000000	0.000000	|	0.000000	0.000000	0.000000	0.000000	|	-	-	-	-	|	0	0	0	0	
16	|	0.000000	0.000000	0.000000	0.000000	|	0.000000	0.000000	0.000000	0.000000	|	-	-	-	-	|	0	0	0	0	
17	|	8.657356	8.657356	8.657356	8.657356	|	68.578078	68.578078	68.578078	68.578078	|	3	3	3	3	|	0	0	0	0	
18	|	0.000000	0.000000	0.000000	0.000000	|	0.000000	0.000000	0.000000	0.000000	|	-	-	-	-	|	0	0	0	0	
19	|	9.179850	9.179850	9.179850	9.179850	|	66.377992	66.377992	66.377992	66.377992	|	4	4	4	4	|	0	0	0	0	
20	|	0.000000	0.000000	0.000000	0.000000	|	0.000000	0.000000	0.000000	0.000000	|	-	-	-	-	|	0	0	0	0	
21	|	12.323215	12.323215	12.323215	12.323215	|	52.754123	52.754123	52.754123	52.754123	|	1	1	1	1	|	0	0	0	0	
22	|	0.000000	0.000000	0.000000	0.000000	|	0.000000	0.000000	0.000000	0.000000	|	-	-	-	-	|	0	0	0	0	
23	|	12.914686	12.914686	12.914686	12.914686	|	50.934462	50.934462	50.934462	50.934462	|	2	2	2	2	|	0	0	0	0	
24	|	0.000000	0.000000	0.000000	0.000000	|	0.000000	0.000000	0.000000	0.000000	|	-	-	-	-	|	0	0	0	0	
25	|	8.199039	8.199039	8.199039	8.199039	|	93.107512	93.107512	93.107512	93.107512	|	3	3	3	3	|	0	0	0	0	
26	|	0.000000	0.000000	0.000000	0.000000	|	0.000000	0.000000	0.000000	0.000000	|	-	-	-	-	|	0	0	0	0	
27	|	8.531426	8.531426	8.531426	8.531426	|	90.907425	90.907425	90.907425	90.907425	|	4	4	4	4	|	0	0	0	0	
28	|	0.000000	0.000000	0.000000	0.000000	|	0.000000	0.000000	0.000000	0.000000	|	-	-	-	-	|	0	0	0	0	
29	|	0.000000	0.000000	0.000000	0.000000	|	0.000000	0.000000	0.000000	0.000000	|	-	-	-	-	|	0	0	0	0	
30	|	0.000000	0.000000	0.000000	0.000000	|	0.000000	0.000000	0.000000	0.000000	|	-	-	-	-	|	0	0	0	0	
31	|	0.000000	0.000000	0.000000	0.000000	|	0.000000	0.000000	0.000000	0.000000	|	-	-	-	-	|	0	0	0	0	
32	|	0.000000	0.000000	0.000000	0.000000	|	0.000000	0.000000	0.000000	0.000000	|	-	-	-	-	|	0	0	0	0	
33	|	31.360403	31.360403	31.360403	31.360403	|	13.000000	13.000000	13.000000	13.000000	|	1	1	1	1	|	0	0	0	0	
34	|	0.000000	0.000000	0.000000	0.000000	|	0.000000	0.000000	0.000000	0.000000	|	-	-	-	-	|	0	0	0	0	
35	|	33.405037	33.405037	33.405037	33.405037	|	11.180340	11.180340	11.180340	11.180340	|	2	2	2	2	|	0	0	0	0	
36	|	0.000000	0.000000	0.000000	0.000000	|	0.000000	0.000000	0.000000	0.000000	|	-	-	-	-	|	0	0	0	0	
37	|	3.522216	3.522216	3.522216	3.522216	|	88.945234	88.945234	88.945234	88.945234	|	3	3	3	3	|	0	0	0	0	
38	|	0.000000	0.000000	0.000000	0.000000	|	0.000000	0.000000	0.000000	0.000000	|	-	-	-	-	|	0	0	0	0	
39	|	3.932537	3.932537	3.932537	3.932537	|	86.745148	86.745148	86.745148	86.745148	|	4	4	4	4	|	0	0	0	0	
40	|	0.000000	0.000000	0.000000	0.000000	|	0.000000	0.000000	0.000000	0.000000	|	-	-	-	-	|	0	0	0	0	
41	|	0.000000	0.000000	0.000000	0.000000	|	0.000000	0.000000	0.000000	0.000000	|	-	-	-	-	|	0	0	0	0	
42	|	7.557003	7.557003	7.557003	7.557003	|	39.118012	39.118012	39.118012	39.118012	|	4	4	4	4	|	0	0	0	0	
43	|	0.000000	0.000000	0.000000	0.000000	|	0.000000	0.000000	0.000000	0.000000	|	-	-	-	-	|	0	0	0	0	
44	|	0.000000	0.000000	0.000000	0.000000	|	0.000000	0.000000	0.000000	0.000000	|	-	-	-	-	|	0	0	0	0	
45	|	10.890950	10.890950	10.890950	10.890950	|	72.820718	72.820718	72.820718	72.820718	|	3	3	3	3	|	0	0	0	0	
46	|	0.000000	0.000000	0.000000	0.000000	|	0.000000	0.000000	0.000000	0.000000	|	-	-	-	-	|	0	0	0	0	
47	|	11.333230	11.333230	11.333230	11.333230	|	70.620632	70.620632	70.620632	70.620632	|	4	4	4	4	|	0	0	0	0	
48	|	0.000000	0.000000	0.000000	0.000000	|	0.000000	0.000000	0.000000	0.000000	|	-	-	-	-	|	0	0	0	0	
49	|	8.448524	8.448524	8.448524	8.448524	|	44.591489	44.591489	44.591489	44.591489	|	3	3	3	3	|	0	0	0	0	
50	|	0.000000	0.000000	0.000000	0.000000	|	0.000000	0.000000	0.000000	0.000000	|	-	-	-	-	|	0	0	0	0	
51	|	12.740127	12.740127	12.740127	12.740127	|	42.280290	42.280290	42.280290	42.280290	|	4	4	4	4	|	0	0	0	0	
52	|	0.000000	0.000000	0.000000	0.000000	|	0.000000	0.000000	0.000000	0.000000	|	-	-	-	-	|	0	0	0	0	
53	|	8.509995	8.509995	8.509995	8.509995	|	55.771829	55.771829	55.771829	55.771829	|	3	3	3	3	|	0	0	0	0	
54	|	0.000000	0.000000	0.000000	0.000000	|	0.000000	0.000000	0.000000	0.000000	|	-	-	-	-	|	0	0	0	0	
55	|	13.827994	13.827994	13.827994	13.827994	|	53.571743	53.571743	53.571743	53.571743	|	4	4	4	4	|	0	0	0	0	
56	|	8.885239	8.885239	8.885239	8.885239	|	32.979237	32.979237	32.979237	32.979237	|	3	3	3	3	|	0	0	0	0	
57	|	0.000000	0.000000	0.000000	0.000000	|	0.000000	0.000000	0.000000	0.000000	|	-	-	-	-	|	0	0	0	0	
58	|	0.000000	0.000000	0.000000	0.000000	|	0.000000	0.000000	0.000000	0.000000	|	-	-	-	-	|	0	0	0	0	
59	|	0.000000	0.000000	0.000000	0.000000	|	0.000000	0.000000	0.000000	0.000000	|	-	-	-	-	|	0	0	0	0	
60	|	0.000000	0.000000	0.000000	0.000000	|	0.000000	0.000000	0.000000	0.000000	|	-	-	-	-	|	0	0	0	0	
61	|	0.000000	0.000000	0.000000	0.000000	|	0.000000	0.000000	0.000000	0.000000	|	-	-	-	-	|	0	0	0	0	
62	|	4.948667	4.948667	4.948667	4.948667	|	51.335675	51.335675	51.335675	51.335675	|	4	4	4	4	|	0	0	0	0	
63	|	0.000000	0.000000	0.000000	0.000000	|	0.000000	0.000000	0.000000	0.000000	|	-	-	-	-	|	0	0	0	0	
64	|	0.000000	0.000000	0.000000	0.000000	|	0.000000	0.000000	0.000000	0.000000	|	-	-	-	-	|	0	0	0	0	
65	|	33.129021	33.129021	33.129021	33.129021	|	19.086793	19.086793	19.086793	19.086793	|	3	3	3	3	|	0	0	0	0	
66	|	0.000000	0.000000	0.000000	0.000000	|	0.000000	0.000000	0.000000	0.000000	|	-	-	-	-	|	0	0	0	0	
67	|	21.826275	21.826275	21.826275	21.826275	|	23.086793	23.086793	23.086793	23.086793	|	4	4	4	4	|	0	0	0	0	
68	|	0.000000	0.000000	0.000000	0.000000	|	0.000000	0.000000	0.000000	0.000000	|	-	-	-	-	|	0	0	0	0	
69	|	17.553648	17.553648	17.553648	17.553648	|	31.867962	31.867962	31.867962	31.867962	|	1	1	1	1	|	0	0	0	0	
70	|	0.000000	0.000000	0.000000	0.000000	|	0.000000	0.000000	0.000000	0.000000	|	-	-	-	-	|	0	0	0	0	
71	|	18.321301	18.321301	18.321301	18.321301	|	30.048302	30.048302	30.048302	30.048302	|	2	2	2	2	|	0	0	0	0	
72	|	0.000000	0.000000	0.000000	0.000000	|	0.000000	0.000000	0.000000	0.000000	|	-	-	-	-	|	0	0	0	0	
73	|	9.620115	9.620115	9.620115	9.620115	|	61.582550	61.582550	61.582550	61.582550	|	1	1	1	1	|	0	0	0	0	
74	|	0.000000	0.000000	0.000000	0.000000	|	0.000000	0.000000	0.000000	0.000000	|	-	-	-	-	|	0	0	0	0	
75	|	9.975965	9.975965	9.975965	9.975965	|	59.762890	59.762890	59.762890	59.762890	|	2	2	2	2	|	0	0	0	0	
76	|	0.000000	0.000000	0.000000	0.000000	|	0.000000	0.000000	0.000000	0.000000	|	-	-	-	-	|	0	0	0	0	
77	|	12.721829	12.721829	12.721829	12.721829	|	55.582550	55.582550	55.582550	55.582550	|	1	1	1	1	|	0	0	0	0	
78	|	0.000000	0.000000	0.000000	0.000000	|	0.000000	0.000000	0.000000	0.000000	|	-	-	-	-	|	0	0	0	0	
79	|	13.116115	13.116115	13.116115	13.116115	|	53.762890	53.762890	53.762890	53.762890	|	2	2	2	2	|	0	0	0	0	
