__________________________________
          WINNING VECTORS         
__________________________________
Subtasks:			[IR_{}		IR_{MW}		MW_{}		MW_{IR}	|	IR_{}		IR_{MW}		MW_{}		MW_{IR}	|	IR_{}		IR_{MW}		MW_{}		MW_{IR}	|	IR_{}		IR_{MW}		MW_{}		MW_{IR}	|	IR_{}		IR_{MW}		MW_{}		MW_{IR}	|	IR_{}		IR_{MW}		MW_{}		MW_{IR}	|	IR_{}		IR_{MW}		MW_{}		MW_{IR}	|	IR_{}		IR_{MW}		MW_{}		MW_{IR}	|	IR_{}		IR_{MW}		MW_{}		MW_{IR}	|	IR_{}		IR_{MW}		MW_{}		MW_{IR}	|	IR_{}		IR_{MW}		MW_{}		MW_{IR}	|	IR_{}		IR_{MW}		MW_{}		MW_{IR}	|	IR_{}		IR_{MW}		MW_{}		MW_{IR}	|	IR_{}		IR_{MW}		MW_{}		MW_{IR}	|	IR_{}		IR_{MW}		MW_{}		MW_{IR}	|	IR_{}		IR_{MW}		MW_{}		MW_{IR}	|	IR_{}		IR_{MW}		MW_{}		MW_{IR}	|	IR_{}		IR_{MW}		MW_{}		MW_{IR}	|	IR_{}		IR_{MW}		MW_{}		MW_{IR}	|	IR_{}		IR_{MW}		MW_{}		MW_{IR}	]
Bids Score:			[0.000		6.612		0.000		7.264	|	17.906		0.000		0.000		0.000	|	0.000		6.226		0.000		6.880	|	0.000		9.133		0.000		10.041	|	0.000		25.893		0.000		35.111	|	16.759		0.000		0.000		0.000	|	0.000		27.245		0.000		29.199	|	0.000		12.745		0.000		13.867	|	0.000		0.000		0.000		0.000	|	0.000		0.000		0.000		0.000	|	11.564		0.000		0.000		0.000	|	0.000		0.000		0.000		0.000	|	15.500		0.000		0.000		0.000	|	22.887		0.000		0.000		0.000	|	0.000		0.000		11.523		0.000	|	0.000		5.455		0.000		6.062	|	0.000		13.004		0.000		14.078	|	0.000		0.000		6.101		0.000	|	0.000		0.000		13.171		0.000	|	13.590		0.000		0.000		0.000	]
Measurement Time:	[0.00		63.01		0.00		59.01	|	15.28		0.00		0.00		0.00	|	0.00		71.08		0.00		67.08	|	0.00		55.73		0.00		51.73	|	0.00		19.31		0.00		15.31	|	16.28		0.00		0.00		0.00	|	0.00		27.38		0.00		23.38	|	0.00		37.38		0.00		33.38	|	0.00		0.00		0.00		0.00	|	0.00		0.00		0.00		0.00	|	34.77		0.00		0.00		0.00	|	0.00		0.00		0.00		0.00	|	23.49		0.00		0.00		0.00	|	7.28		0.00		0.00		0.00	|	0.00		0.00		14.33		0.00	|	0.00		79.14		0.00		75.14	|	0.00		45.44		0.00		41.44	|	0.00		0.00		27.14		0.00	|	0.00		0.00		8.94		0.00	|	30.77		0.00		0.00		0.000	]
Iteration Assigned:	[0			87			0			87		|	45			0			0			0		|	0			107			0			107		|	0			87			0			87		|	0			27			0			28		|	76			0			0			0		|	0			27			0			28		|	0			56			0			56		|	0			0			0			0		|	0			0			0			0		|	95			0			0			0		|	0			0			0			0		|	76			0			0			0		|	39			0			0			0		|	0			0			27			0		|	0			107			0			107		|	0			56			0			56		|	0			0			61			0		|	0			0			27			0		|	95			0			0			0		]
Winners:			[-			3			-			4		|	2			-			-			-		|	-			3			-			4		|	-			3			-			4		|	-			3			-			4		|	2			-			-			-		|	-			3			-			4		|	-			3			-			4		|	-			-			-			-		|	-			-			-			-		|	2			-			-			-		|	-			-			-			-		|	2			-			-			-		|	2			-			-			-		|	-			-			1			-		|	-			3			-			4		|	-			3			-			4		|	-			-			1			-		|	-			-			1			-		|	2			-			-			-		]

__________________________________
        PERFORMANCE METRICS       
__________________________________
Coalitions Formed:		8
Coalitions Available:	20
Coalition Ratio:		40.00%

Score Achieved:			469.744
Score Available:		1428.520
Score Ratio:			32.88%

Merge Cost:				0.000000
Split Cost:				0.000000

Avg Cost per Research:	27.98%

Tasks Done:				17
Tasks Available:		20
Tasks Done Ratio:		85.00%

Tasks done w/ 1 sens:	9
Tasks done w/ 2 sens:	8
Tasks done w/ 3 sens:	0

Planning Horizon:		2

__________________________________
           AGENT LIST             
__________________________________
Agent Number:			1
Planning Horizon:		2
Max Const Iteration:	2
Max Solo Bids:			5
Max Any Bids:			10
Iteration Counter:		117
Resources:				100.000000

Location:				[0.000		0.000		0.000]
Sensor List:			[MW]
Bundle:					[74			58			70]
Path:					[74			58			70]
Time Assignments:		[8.944		14.329		27.136]
Doing Iterations:		[55		86		87105		106		107		108		109		110		111		112		113		114		115		116		117		]


**********************************
Agent Number:			2
Planning Horizon:		2
Max Const Iteration:	2
Max Solo Bids:			5
Max Any Bids:			10
Iteration Counter:		117
Resources:				100.000000

Location:				[0.000		0.000		0.000]
Sensor List:			[IR]
Bundle:					[52			4			20			48			76			40]
Path:					[52			4			20			48			76			40]
Time Assignments:		[7.280		15.280		16.280		23.491		30.771		34.771]
Doing Iterations:		[55		86		105		116		117		]


**********************************
Agent Number:			3
Planning Horizon:		2
Max Const Iteration:	2
Max Solo Bids:			5
Max Any Bids:			10
Iteration Counter:		117
Resources:				100.000000

Location:				[0.000		0.000		0.000]
Sensor List:			[IR]
Bundle:					[17			25			29			65			13			1			9			61]
Path:					[17			25			29			65			13			1			9			61]
Time Assignments:		[19.313		27.375		37.375		45.438		55.733		63.013		71.076		79.138]
Doing Iterations:		[55		86		105		117		]


**********************************
Agent Number:			4
Planning Horizon:		2
Max Const Iteration:	2
Max Solo Bids:			5
Max Any Bids:			10
Iteration Counter:		117
Resources:				100.000000

Location:				[0.000		0.000		0.000]
Sensor List:			[MW]
Bundle:					[19			27			31			67			15			3			11			63]
Path:					[19			27			31			67			15			3			11			63]
Time Assignments:		[15.313		23.375		33.375		41.438		51.733		59.013		67.076		75.138]
Doing Iterations:		[55		86		105		117		]

__________________________________
            TASK LIST             
__________________________________
Task Number:		0
Maximum Score:		54.264167
Subtask Cost:		0.000000
Number of Sensors:	2.000000
Number of Subtasks:	4

Location:			[20.000000, 13.000000, 0.000000]
Sensor List:		[IR, MW]
Subtask List:		[IR_{}, IR_{MW}, MW_{}, MW_{IR}]

Time Constraints:
Start Time:		0.000000
End Time:		Infinity
Task Duration:	0.814765
Corr Time:		4.000000
Lambda:			0.015000
Dependency Matrix:
   [0	-1	-1	-1
	-1	0	-1	1
	-1	-1	0	-1
	-1	1	-1	0]

Time Constraint Matrix:
   [Infinity	Infinity	Infinity	Infinity
	Infinity	Infinity	Infinity	4.000000
	Infinity	Infinity	Infinity	Infinity
	Infinity	4.000000	Infinity	Infinity]


**********************************
Task Number:		1
Maximum Score:		83.853612
Subtask Cost:		0.000000
Number of Sensors:	2.000000
Number of Subtasks:	4

Location:			[18.000000, 11.000000, 0.000000]
Sensor List:		[IR, MW]
Subtask List:		[IR_{}, IR_{MW}, MW_{}, MW_{IR}]

Time Constraints:
Start Time:		0.000000
End Time:		Infinity
Task Duration:	0.662580
Corr Time:		4.000000
Lambda:			0.015000
Dependency Matrix:
   [0	-1	-1	-1
	-1	0	-1	1
	-1	-1	0	-1
	-1	1	-1	0]

Time Constraint Matrix:
   [Infinity	Infinity	Infinity	Infinity
	Infinity	Infinity	Infinity	4.000000
	Infinity	Infinity	Infinity	Infinity
	Infinity	4.000000	Infinity	Infinity]


**********************************
Task Number:		2
Maximum Score:		61.449466
Subtask Cost:		0.000000
Number of Sensors:	2.000000
Number of Subtasks:	4

Location:			[28.000000, 12.000000, 0.000000]
Sensor List:		[IR, MW]
Subtask List:		[IR_{}, IR_{MW}, MW_{}, MW_{IR}]

Time Constraints:
Start Time:		0.000000
End Time:		Infinity
Task Duration:	0.295738
Corr Time:		4.000000
Lambda:			0.015000
Dependency Matrix:
   [0	-1	-1	-1
	-1	0	-1	1
	-1	-1	0	-1
	-1	1	-1	0]

Time Constraint Matrix:
   [Infinity	Infinity	Infinity	Infinity
	Infinity	Infinity	Infinity	4.000000
	Infinity	Infinity	Infinity	Infinity
	Infinity	4.000000	Infinity	Infinity]


**********************************
Task Number:		3
Maximum Score:		67.794209
Subtask Cost:		0.000000
Number of Sensors:	2.000000
Number of Subtasks:	4

Location:			[18.000000, 20.000000, 0.000000]
Sensor List:		[IR, MW]
Subtask List:		[IR_{}, IR_{MW}, MW_{}, MW_{IR}]

Time Constraints:
Start Time:		0.000000
End Time:		Infinity
Task Duration:	0.537917
Corr Time:		4.000000
Lambda:			0.015000
Dependency Matrix:
   [0	-1	-1	-1
	-1	0	-1	1
	-1	-1	0	-1
	-1	1	-1	0]

Time Constraint Matrix:
   [Infinity	Infinity	Infinity	Infinity
	Infinity	Infinity	Infinity	4.000000
	Infinity	Infinity	Infinity	Infinity
	Infinity	4.000000	Infinity	Infinity]


**********************************
Task Number:		4
Maximum Score:		97.054980
Subtask Cost:		0.000000
Number of Sensors:	2.000000
Number of Subtasks:	4

Location:			[35.000000, 15.000000, 0.000000]
Sensor List:		[IR, MW]
Subtask List:		[IR_{}, IR_{MW}, MW_{}, MW_{IR}]

Time Constraints:
Start Time:		0.000000
End Time:		Infinity
Task Duration:	0.659011
Corr Time:		4.000000
Lambda:			0.015000
Dependency Matrix:
   [0	-1	-1	-1
	-1	0	-1	1
	-1	-1	0	-1
	-1	1	-1	0]

Time Constraint Matrix:
   [Infinity	Infinity	Infinity	Infinity
	Infinity	Infinity	Infinity	4.000000
	Infinity	Infinity	Infinity	Infinity
	Infinity	4.000000	Infinity	Infinity]


**********************************
Task Number:		5
Maximum Score:		66.252743
Subtask Cost:		0.000000
Number of Sensors:	2.000000
Number of Subtasks:	4

Location:			[18.000000, 12.000000, 0.000000]
Sensor List:		[IR, MW]
Subtask List:		[IR_{}, IR_{MW}, MW_{}, MW_{IR}]

Time Constraints:
Start Time:		0.000000
End Time:		Infinity
Task Duration:	0.085916
Corr Time:		4.000000
Lambda:			0.015000
Dependency Matrix:
   [0	-1	-1	-1
	-1	0	-1	1
	-1	-1	0	-1
	-1	1	-1	0]

Time Constraint Matrix:
   [Infinity	Infinity	Infinity	Infinity
	Infinity	Infinity	Infinity	4.000000
	Infinity	Infinity	Infinity	Infinity
	Infinity	4.000000	Infinity	Infinity]


**********************************
Task Number:		6
Maximum Score:		95.285714
Subtask Cost:		0.000000
Number of Sensors:	2.000000
Number of Subtasks:	4

Location:			[39.000000, 22.000000, 0.000000]
Sensor List:		[IR, MW]
Subtask List:		[IR_{}, IR_{MW}, MW_{}, MW_{IR}]

Time Constraints:
Start Time:		0.000000
End Time:		Infinity
Task Duration:	0.744617
Corr Time:		4.000000
Lambda:			0.015000
Dependency Matrix:
   [0	-1	-1	-1
	-1	0	-1	1
	-1	-1	0	-1
	-1	1	-1	0]

Time Constraint Matrix:
   [Infinity	Infinity	Infinity	Infinity
	Infinity	Infinity	Infinity	4.000000
	Infinity	Infinity	Infinity	Infinity
	Infinity	4.000000	Infinity	Infinity]


**********************************
Task Number:		7
Maximum Score:		63.572748
Subtask Cost:		0.000000
Number of Sensors:	2.000000
Number of Subtasks:	4

Location:			[31.000000, 28.000000, 0.000000]
Sensor List:		[IR, MW]
Subtask List:		[IR_{}, IR_{MW}, MW_{}, MW_{IR}]

Time Constraints:
Start Time:		0.000000
End Time:		Infinity
Task Duration:	0.692910
Corr Time:		4.000000
Lambda:			0.015000
Dependency Matrix:
   [0	-1	-1	-1
	-1	0	-1	1
	-1	-1	0	-1
	-1	1	-1	0]

Time Constraint Matrix:
   [Infinity	Infinity	Infinity	Infinity
	Infinity	Infinity	Infinity	4.000000
	Infinity	Infinity	Infinity	Infinity
	Infinity	4.000000	Infinity	Infinity]


**********************************
Task Number:		8
Maximum Score:		62.086518
Subtask Cost:		0.000000
Number of Sensors:	2.000000
Number of Subtasks:	4

Location:			[3.000000, 18.000000, 0.000000]
Sensor List:		[IR, MW]
Subtask List:		[IR_{}, IR_{MW}, MW_{}, MW_{IR}]

Time Constraints:
Start Time:		0.000000
End Time:		Infinity
Task Duration:	0.262649
Corr Time:		4.000000
Lambda:			0.015000
Dependency Matrix:
   [0	-1	-1	-1
	-1	0	-1	1
	-1	-1	0	-1
	-1	1	-1	0]

Time Constraint Matrix:
   [Infinity	Infinity	Infinity	Infinity
	Infinity	Infinity	Infinity	4.000000
	Infinity	Infinity	Infinity	Infinity
	Infinity	4.000000	Infinity	Infinity]


**********************************
Task Number:		9
Maximum Score:		67.602973
Subtask Cost:		0.000000
Number of Sensors:	2.000000
Number of Subtasks:	4

Location:			[3.000000, 20.000000, 0.000000]
Sensor List:		[IR, MW]
Subtask List:		[IR_{}, IR_{MW}, MW_{}, MW_{IR}]

Time Constraints:
Start Time:		0.000000
End Time:		Infinity
Task Duration:	0.146263
Corr Time:		4.000000
Lambda:			0.015000
Dependency Matrix:
   [0	-1	-1	-1
	-1	0	-1	1
	-1	-1	0	-1
	-1	1	-1	0]

Time Constraint Matrix:
   [Infinity	Infinity	Infinity	Infinity
	Infinity	Infinity	Infinity	4.000000
	Infinity	Infinity	Infinity	Infinity
	Infinity	4.000000	Infinity	Infinity]


**********************************
Task Number:		10
Maximum Score:		69.362677
Subtask Cost:		0.000000
Number of Sensors:	2.000000
Number of Subtasks:	4

Location:			[31.000000, 2.000000, 0.000000]
Sensor List:		[IR, MW]
Subtask List:		[IR_{}, IR_{MW}, MW_{}, MW_{IR}]

Time Constraints:
Start Time:		0.000000
End Time:		Infinity
Task Duration:	0.734308
Corr Time:		4.000000
Lambda:			0.015000
Dependency Matrix:
   [0	-1	-1	-1
	-1	0	-1	1
	-1	-1	0	-1
	-1	1	-1	0]

Time Constraint Matrix:
   [Infinity	Infinity	Infinity	Infinity
	Infinity	Infinity	Infinity	4.000000
	Infinity	Infinity	Infinity	Infinity
	Infinity	4.000000	Infinity	Infinity]


**********************************
Task Number:		11
Maximum Score:		77.021306
Subtask Cost:		0.000000
Number of Sensors:	2.000000
Number of Subtasks:	4

Location:			[3.000000, 47.000000, 0.000000]
Sensor List:		[IR, MW]
Subtask List:		[IR_{}, IR_{MW}, MW_{}, MW_{IR}]

Time Constraints:
Start Time:		0.000000
End Time:		Infinity
Task Duration:	0.539195
Corr Time:		4.000000
Lambda:			0.015000
Dependency Matrix:
   [0	-1	-1	-1
	-1	0	-1	1
	-1	-1	0	-1
	-1	1	-1	0]

Time Constraint Matrix:
   [Infinity	Infinity	Infinity	Infinity
	Infinity	Infinity	Infinity	4.000000
	Infinity	Infinity	Infinity	Infinity
	Infinity	4.000000	Infinity	Infinity]


**********************************
Task Number:		12
Maximum Score:		82.760683
Subtask Cost:		0.000000
Number of Sensors:	2.000000
Number of Subtasks:	4

Location:			[24.000000, 8.000000, 0.000000]
Sensor List:		[IR, MW]
Subtask List:		[IR_{}, IR_{MW}, MW_{}, MW_{IR}]

Time Constraints:
Start Time:		0.000000
End Time:		Infinity
Task Duration:	0.724757
Corr Time:		4.000000
Lambda:			0.015000
Dependency Matrix:
   [0	-1	-1	-1
	-1	0	-1	1
	-1	-1	0	-1
	-1	1	-1	0]

Time Constraint Matrix:
   [Infinity	Infinity	Infinity	Infinity
	Infinity	Infinity	Infinity	4.000000
	Infinity	Infinity	Infinity	Infinity
	Infinity	4.000000	Infinity	Infinity]


**********************************
Task Number:		13
Maximum Score:		89.738408
Subtask Cost:		0.000000
Number of Sensors:	2.000000
Number of Subtasks:	4

Location:			[10.000000, 11.000000, 0.000000]
Sensor List:		[IR, MW]
Subtask List:		[IR_{}, IR_{MW}, MW_{}, MW_{IR}]

Time Constraints:
Start Time:		0.000000
End Time:		Infinity
Task Duration:	0.602173
Corr Time:		4.000000
Lambda:			0.015000
Dependency Matrix:
   [0	-1	-1	-1
	-1	0	-1	1
	-1	-1	0	-1
	-1	1	-1	0]

Time Constraint Matrix:
   [Infinity	Infinity	Infinity	Infinity
	Infinity	Infinity	Infinity	4.000000
	Infinity	Infinity	Infinity	Infinity
	Infinity	4.000000	Infinity	Infinity]


**********************************
Task Number:		14
Maximum Score:		53.673248
Subtask Cost:		0.000000
Number of Sensors:	2.000000
Number of Subtasks:	4

Location:			[31.000000, 45.000000, 0.000000]
Sensor List:		[IR, MW]
Subtask List:		[IR_{}, IR_{MW}, MW_{}, MW_{IR}]

Time Constraints:
Start Time:		0.000000
End Time:		Infinity
Task Duration:	0.449813
Corr Time:		4.000000
Lambda:			0.015000
Dependency Matrix:
   [0	-1	-1	-1
	-1	0	-1	1
	-1	-1	0	-1
	-1	1	-1	0]

Time Constraint Matrix:
   [Infinity	Infinity	Infinity	Infinity
	Infinity	Infinity	Infinity	4.000000
	Infinity	Infinity	Infinity	Infinity
	Infinity	4.000000	Infinity	Infinity]


**********************************
Task Number:		15
Maximum Score:		64.295120
Subtask Cost:		0.000000
Number of Sensors:	2.000000
Number of Subtasks:	4

Location:			[24.000000, 5.000000, 0.000000]
Sensor List:		[IR, MW]
Subtask List:		[IR_{}, IR_{MW}, MW_{}, MW_{IR}]

Time Constraints:
Start Time:		0.000000
End Time:		Infinity
Task Duration:	0.167911
Corr Time:		4.000000
Lambda:			0.015000
Dependency Matrix:
   [0	-1	-1	-1
	-1	0	-1	1
	-1	-1	0	-1
	-1	1	-1	0]

Time Constraint Matrix:
   [Infinity	Infinity	Infinity	Infinity
	Infinity	Infinity	Infinity	4.000000
	Infinity	Infinity	Infinity	Infinity
	Infinity	4.000000	Infinity	Infinity]


**********************************
Task Number:		16
Maximum Score:		68.632623
Subtask Cost:		0.000000
Number of Sensors:	2.000000
Number of Subtasks:	4

Location:			[23.000000, 29.000000, 0.000000]
Sensor List:		[IR, MW]
Subtask List:		[IR_{}, IR_{MW}, MW_{}, MW_{IR}]

Time Constraints:
Start Time:		0.000000
End Time:		Infinity
Task Duration:	0.088514
Corr Time:		4.000000
Lambda:			0.015000
Dependency Matrix:
   [0	-1	-1	-1
	-1	0	-1	1
	-1	-1	0	-1
	-1	1	-1	0]

Time Constraint Matrix:
   [Infinity	Infinity	Infinity	Infinity
	Infinity	Infinity	Infinity	4.000000
	Infinity	Infinity	Infinity	Infinity
	Infinity	4.000000	Infinity	Infinity]


**********************************
Task Number:		17
Maximum Score:		58.667713
Subtask Cost:		0.000000
Number of Sensors:	2.000000
Number of Subtasks:	4

Location:			[41.000000, 37.000000, 0.000000]
Sensor List:		[IR, MW]
Subtask List:		[IR_{}, IR_{MW}, MW_{}, MW_{IR}]

Time Constraints:
Start Time:		0.000000
End Time:		Infinity
Task Duration:	0.727012
Corr Time:		4.000000
Lambda:			0.015000
Dependency Matrix:
   [0	-1	-1	-1
	-1	0	-1	1
	-1	-1	0	-1
	-1	1	-1	0]

Time Constraint Matrix:
   [Infinity	Infinity	Infinity	Infinity
	Infinity	Infinity	Infinity	4.000000
	Infinity	Infinity	Infinity	Infinity
	Infinity	4.000000	Infinity	Infinity]


**********************************
Task Number:		18
Maximum Score:		61.756288
Subtask Cost:		0.000000
Number of Sensors:	2.000000
Number of Subtasks:	4

Location:			[26.000000, 43.000000, 0.000000]
Sensor List:		[IR, MW]
Subtask List:		[IR_{}, IR_{MW}, MW_{}, MW_{IR}]

Time Constraints:
Start Time:		0.000000
End Time:		Infinity
Task Duration:	0.383588
Corr Time:		4.000000
Lambda:			0.015000
Dependency Matrix:
   [0	-1	-1	-1
	-1	0	-1	1
	-1	-1	0	-1
	-1	1	-1	0]

Time Constraint Matrix:
   [Infinity	Infinity	Infinity	Infinity
	Infinity	Infinity	Infinity	4.000000
	Infinity	Infinity	Infinity	Infinity
	Infinity	4.000000	Infinity	Infinity]


**********************************
Task Number:		19
Maximum Score:		83.395033
Subtask Cost:		0.000000
Number of Sensors:	2.000000
Number of Subtasks:	4

Location:			[31.000000, 6.000000, 0.000000]
Sensor List:		[IR, MW]
Subtask List:		[IR_{}, IR_{MW}, MW_{}, MW_{IR}]

Time Constraints:
Start Time:		0.000000
End Time:		Infinity
Task Duration:	0.281275
Corr Time:		4.000000
Lambda:			0.015000
Dependency Matrix:
   [0	-1	-1	-1
	-1	0	-1	1
	-1	-1	0	-1
	-1	1	-1	0]

Time Constraint Matrix:
   [Infinity	Infinity	Infinity	Infinity
	Infinity	Infinity	Infinity	4.000000
	Infinity	Infinity	Infinity	Infinity
	Infinity	4.000000	Infinity	Infinity]

