Task Number:		0
Maximum Score:		72.920144
Subtask Cost:		0.248301
Number of Sensors:	2.000000
Number of Subtasks:	4

Location:			[18.000000, 45.000000, 0.000000]
Sensor List:		[IR, MW]
Subtask List:		[IR_{}, IR_{MW}, MW_{}, MW_{IR}]

Time Constraints:
Start Time:		0.000000
End Time:		Infinity
Task Duration:	0.440323
Corr Time:		Infinity
Lambda:			0.015000
Dependency Matrix:
   [0	-1	-1	-1
	-1	0	-1	1
	-1	-1	0	-1
	-1	1	-1	0]

Time Constraint Matrix:
   [Infinity	Infinity	Infinity	Infinity
	Infinity	Infinity	Infinity	0.440323
	Infinity	Infinity	Infinity	Infinity
	Infinity	0.440323	Infinity	Infinity]


**********************************
Task Number:		1
Maximum Score:		87.077238
Subtask Cost:		0.863128
Number of Sensors:	2.000000
Number of Subtasks:	4

Location:			[12.000000, 18.000000, 0.000000]
Sensor List:		[IR, MW]
Subtask List:		[IR_{}, IR_{MW}, MW_{}, MW_{IR}]

Time Constraints:
Start Time:		0.000000
End Time:		Infinity
Task Duration:	0.641937
Corr Time:		Infinity
Lambda:			0.015000
Dependency Matrix:
   [0	-1	-1	-1
	-1	0	-1	1
	-1	-1	0	-1
	-1	1	-1	0]

Time Constraint Matrix:
   [Infinity	Infinity	Infinity	Infinity
	Infinity	Infinity	Infinity	0.641937
	Infinity	Infinity	Infinity	Infinity
	Infinity	0.641937	Infinity	Infinity]


**********************************
Task Number:		2
Maximum Score:		34.269683
Subtask Cost:		0.065456
Number of Sensors:	2.000000
Number of Subtasks:	4

Location:			[1.000000, 1.000000, 0.000000]
Sensor List:		[IR, MW]
Subtask List:		[IR_{}, IR_{MW}, MW_{}, MW_{IR}]

Time Constraints:
Start Time:		0.000000
End Time:		Infinity
Task Duration:	0.326106
Corr Time:		Infinity
Lambda:			0.015000
Dependency Matrix:
   [0	-1	-1	-1
	-1	0	-1	1
	-1	-1	0	-1
	-1	1	-1	0]

Time Constraint Matrix:
   [Infinity	Infinity	Infinity	Infinity
	Infinity	Infinity	Infinity	0.326106
	Infinity	Infinity	Infinity	Infinity
	Infinity	0.326106	Infinity	Infinity]


**********************************
Task Number:		3
Maximum Score:		13.420448
Subtask Cost:		0.712745
Number of Sensors:	2.000000
Number of Subtasks:	4

Location:			[6.000000, 18.000000, 0.000000]
Sensor List:		[IR, MW]
Subtask List:		[IR_{}, IR_{MW}, MW_{}, MW_{IR}]

Time Constraints:
Start Time:		0.000000
End Time:		Infinity
Task Duration:	0.593681
Corr Time:		Infinity
Lambda:			0.015000
Dependency Matrix:
   [0	-1	-1	-1
	-1	0	-1	1
	-1	-1	0	-1
	-1	1	-1	0]

Time Constraint Matrix:
   [Infinity	Infinity	Infinity	Infinity
	Infinity	Infinity	Infinity	0.593681
	Infinity	Infinity	Infinity	Infinity
	Infinity	0.593681	Infinity	Infinity]


**********************************
Task Number:		4
Maximum Score:		81.193095
Subtask Cost:		0.930835
Number of Sensors:	2.000000
Number of Subtasks:	4

Location:			[47.000000, 40.000000, 0.000000]
Sensor List:		[IR, MW]
Subtask List:		[IR_{}, IR_{MW}, MW_{}, MW_{IR}]

Time Constraints:
Start Time:		0.000000
End Time:		Infinity
Task Duration:	0.112661
Corr Time:		Infinity
Lambda:			0.015000
Dependency Matrix:
   [0	-1	-1	-1
	-1	0	-1	1
	-1	-1	0	-1
	-1	1	-1	0]

Time Constraint Matrix:
   [Infinity	Infinity	Infinity	Infinity
	Infinity	Infinity	Infinity	0.112661
	Infinity	Infinity	Infinity	Infinity
	Infinity	0.112661	Infinity	Infinity]


**********************************
Task Number:		5
Maximum Score:		39.474488
Subtask Cost:		0.294040
Number of Sensors:	2.000000
Number of Subtasks:	4

Location:			[47.000000, 21.000000, 0.000000]
Sensor List:		[IR, MW]
Subtask List:		[IR_{}, IR_{MW}, MW_{}, MW_{IR}]

Time Constraints:
Start Time:		0.000000
End Time:		Infinity
Task Duration:	0.703167
Corr Time:		Infinity
Lambda:			0.015000
Dependency Matrix:
   [0	-1	-1	-1
	-1	0	-1	1
	-1	-1	0	-1
	-1	1	-1	0]

Time Constraint Matrix:
   [Infinity	Infinity	Infinity	Infinity
	Infinity	Infinity	Infinity	0.703167
	Infinity	Infinity	Infinity	Infinity
	Infinity	0.703167	Infinity	Infinity]


**********************************
Task Number:		6
Maximum Score:		8.509443
Subtask Cost:		0.435275
Number of Sensors:	2.000000
Number of Subtasks:	4

Location:			[10.000000, 41.000000, 0.000000]
Sensor List:		[IR, MW]
Subtask List:		[IR_{}, IR_{MW}, MW_{}, MW_{IR}]

Time Constraints:
Start Time:		0.000000
End Time:		Infinity
Task Duration:	0.914560
Corr Time:		Infinity
Lambda:			0.015000
Dependency Matrix:
   [0	-1	-1	-1
	-1	0	-1	1
	-1	-1	0	-1
	-1	1	-1	0]

Time Constraint Matrix:
   [Infinity	Infinity	Infinity	Infinity
	Infinity	Infinity	Infinity	0.914560
	Infinity	Infinity	Infinity	Infinity
	Infinity	0.914560	Infinity	Infinity]


**********************************
Task Number:		7
Maximum Score:		45.303262
Subtask Cost:		0.738844
Number of Sensors:	2.000000
Number of Subtasks:	4

Location:			[41.000000, 19.000000, 0.000000]
Sensor List:		[IR, MW]
Subtask List:		[IR_{}, IR_{MW}, MW_{}, MW_{IR}]

Time Constraints:
Start Time:		0.000000
End Time:		Infinity
Task Duration:	0.666798
Corr Time:		Infinity
Lambda:			0.015000
Dependency Matrix:
   [0	-1	-1	-1
	-1	0	-1	1
	-1	-1	0	-1
	-1	1	-1	0]

Time Constraint Matrix:
   [Infinity	Infinity	Infinity	Infinity
	Infinity	Infinity	Infinity	0.666798
	Infinity	Infinity	Infinity	Infinity
	Infinity	0.666798	Infinity	Infinity]


**********************************
Task Number:		8
Maximum Score:		96.630623
Subtask Cost:		0.465028
Number of Sensors:	2.000000
Number of Subtasks:	4

Location:			[4.000000, 14.000000, 0.000000]
Sensor List:		[IR, MW]
Subtask List:		[IR_{}, IR_{MW}, MW_{}, MW_{IR}]

Time Constraints:
Start Time:		0.000000
End Time:		Infinity
Task Duration:	0.090245
Corr Time:		Infinity
Lambda:			0.015000
Dependency Matrix:
   [0	-1	-1	-1
	-1	0	-1	1
	-1	-1	0	-1
	-1	1	-1	0]

Time Constraint Matrix:
   [Infinity	Infinity	Infinity	Infinity
	Infinity	Infinity	Infinity	0.090245
	Infinity	Infinity	Infinity	Infinity
	Infinity	0.090245	Infinity	Infinity]


**********************************
Task Number:		9
Maximum Score:		38.531356
Subtask Cost:		0.748708
Number of Sensors:	2.000000
Number of Subtasks:	4

Location:			[21.000000, 12.000000, 0.000000]
Sensor List:		[IR, MW]
Subtask List:		[IR_{}, IR_{MW}, MW_{}, MW_{IR}]

Time Constraints:
Start Time:		0.000000
End Time:		Infinity
Task Duration:	0.463615
Corr Time:		Infinity
Lambda:			0.015000
Dependency Matrix:
   [0	-1	-1	-1
	-1	0	-1	1
	-1	-1	0	-1
	-1	1	-1	0]

Time Constraint Matrix:
   [Infinity	Infinity	Infinity	Infinity
	Infinity	Infinity	Infinity	0.463615
	Infinity	Infinity	Infinity	Infinity
	Infinity	0.463615	Infinity	Infinity]


**********************************
Task Number:		10
Maximum Score:		55.839225
Subtask Cost:		0.392293
Number of Sensors:	2.000000
Number of Subtasks:	4

Location:			[49.000000, 8.000000, 0.000000]
Sensor List:		[IR, MW]
Subtask List:		[IR_{}, IR_{MW}, MW_{}, MW_{IR}]

Time Constraints:
Start Time:		0.000000
End Time:		Infinity
Task Duration:	0.739840
Corr Time:		Infinity
Lambda:			0.015000
Dependency Matrix:
   [0	-1	-1	-1
	-1	0	-1	1
	-1	-1	0	-1
	-1	1	-1	0]

Time Constraint Matrix:
   [Infinity	Infinity	Infinity	Infinity
	Infinity	Infinity	Infinity	0.739840
	Infinity	Infinity	Infinity	Infinity
	Infinity	0.739840	Infinity	Infinity]


**********************************
Task Number:		11
Maximum Score:		95.781123
Subtask Cost:		0.313087
Number of Sensors:	2.000000
Number of Subtasks:	4

Location:			[19.000000, 15.000000, 0.000000]
Sensor List:		[IR, MW]
Subtask List:		[IR_{}, IR_{MW}, MW_{}, MW_{IR}]

Time Constraints:
Start Time:		0.000000
End Time:		Infinity
Task Duration:	0.734209
Corr Time:		Infinity
Lambda:			0.015000
Dependency Matrix:
   [0	-1	-1	-1
	-1	0	-1	1
	-1	-1	0	-1
	-1	1	-1	0]

Time Constraint Matrix:
   [Infinity	Infinity	Infinity	Infinity
	Infinity	Infinity	Infinity	0.734209
	Infinity	Infinity	Infinity	Infinity
	Infinity	0.734209	Infinity	Infinity]


**********************************
Task Number:		12
Maximum Score:		82.129105
Subtask Cost:		0.755951
Number of Sensors:	2.000000
Number of Subtasks:	4

Location:			[16.000000, 23.000000, 0.000000]
Sensor List:		[IR, MW]
Subtask List:		[IR_{}, IR_{MW}, MW_{}, MW_{IR}]

Time Constraints:
Start Time:		0.000000
End Time:		Infinity
Task Duration:	0.129991
Corr Time:		Infinity
Lambda:			0.015000
Dependency Matrix:
   [0	-1	-1	-1
	-1	0	-1	1
	-1	-1	0	-1
	-1	1	-1	0]

Time Constraint Matrix:
   [Infinity	Infinity	Infinity	Infinity
	Infinity	Infinity	Infinity	0.129991
	Infinity	Infinity	Infinity	Infinity
	Infinity	0.129991	Infinity	Infinity]


**********************************
Task Number:		13
Maximum Score:		62.725351
Subtask Cost:		0.626773
Number of Sensors:	2.000000
Number of Subtasks:	4

Location:			[45.000000, 47.000000, 0.000000]
Sensor List:		[IR, MW]
Subtask List:		[IR_{}, IR_{MW}, MW_{}, MW_{IR}]

Time Constraints:
Start Time:		0.000000
End Time:		Infinity
Task Duration:	0.711315
Corr Time:		Infinity
Lambda:			0.015000
Dependency Matrix:
   [0	-1	-1	-1
	-1	0	-1	1
	-1	-1	0	-1
	-1	1	-1	0]

Time Constraint Matrix:
   [Infinity	Infinity	Infinity	Infinity
	Infinity	Infinity	Infinity	0.711315
	Infinity	Infinity	Infinity	Infinity
	Infinity	0.711315	Infinity	Infinity]


**********************************
Task Number:		14
Maximum Score:		69.070824
Subtask Cost:		0.848318
Number of Sensors:	2.000000
Number of Subtasks:	4

Location:			[20.000000, 48.000000, 0.000000]
Sensor List:		[IR, MW]
Subtask List:		[IR_{}, IR_{MW}, MW_{}, MW_{IR}]

Time Constraints:
Start Time:		0.000000
End Time:		Infinity
Task Duration:	0.700498
Corr Time:		Infinity
Lambda:			0.015000
Dependency Matrix:
   [0	-1	-1	-1
	-1	0	-1	1
	-1	-1	0	-1
	-1	1	-1	0]

Time Constraint Matrix:
   [Infinity	Infinity	Infinity	Infinity
	Infinity	Infinity	Infinity	0.700498
	Infinity	Infinity	Infinity	Infinity
	Infinity	0.700498	Infinity	Infinity]


**********************************
Task Number:		15
Maximum Score:		56.429693
Subtask Cost:		0.831307
Number of Sensors:	1.000000
Number of Subtasks:	1

Location:			[47.000000, 27.000000, 0.000000]
Sensor List:		[IR]
Subtask List:		[IR_{}]

Time Constraints:
Start Time:		0.000000
End Time:		Infinity
Task Duration:	0.430692
Corr Time:		Infinity
Lambda:			0.015000
Dependency Matrix:
   [0]

Time Constraint Matrix:
   [Infinity]


**********************************
Task Number:		16
Maximum Score:		94.815999
Subtask Cost:		0.963757
Number of Sensors:	1.000000
Number of Subtasks:	1

Location:			[32.000000, 8.000000, 0.000000]
Sensor List:		[MW]
Subtask List:		[MW_{}]

Time Constraints:
Start Time:		0.000000
End Time:		Infinity
Task Duration:	0.828202
Corr Time:		Infinity
Lambda:			0.015000
Dependency Matrix:
   [0]

Time Constraint Matrix:
   [Infinity]


**********************************
Task Number:		17
Maximum Score:		32.937382
Subtask Cost:		0.053147
Number of Sensors:	1.000000
Number of Subtasks:	1

Location:			[31.000000, 48.000000, 0.000000]
Sensor List:		[IR]
Subtask List:		[IR_{}]

Time Constraints:
Start Time:		0.000000
End Time:		Infinity
Task Duration:	0.841364
Corr Time:		Infinity
Lambda:			0.015000
Dependency Matrix:
   [0]

Time Constraint Matrix:
   [Infinity]


**********************************
Task Number:		18
Maximum Score:		23.647265
Subtask Cost:		0.246063
Number of Sensors:	1.000000
Number of Subtasks:	1

Location:			[14.000000, 37.000000, 0.000000]
Sensor List:		[MW]
Subtask List:		[MW_{}]

Time Constraints:
Start Time:		0.000000
End Time:		Infinity
Task Duration:	0.559891
Corr Time:		Infinity
Lambda:			0.015000
Dependency Matrix:
   [0]

Time Constraint Matrix:
   [Infinity]


**********************************
Task Number:		19
Maximum Score:		75.438145
Subtask Cost:		0.810433
Number of Sensors:	1.000000
Number of Subtasks:	1

Location:			[25.000000, 29.000000, 0.000000]
Sensor List:		[MW]
Subtask List:		[MW_{}]

Time Constraints:
Start Time:		0.000000
End Time:		Infinity
Task Duration:	0.509242
Corr Time:		Infinity
Lambda:			0.015000
Dependency Matrix:
   [0]

Time Constraint Matrix:
   [Infinity]


**********************************
Task Number:		20
Maximum Score:		13.462865
Subtask Cost:		0.182893
Number of Sensors:	1.000000
Number of Subtasks:	1

Location:			[31.000000, 29.000000, 0.000000]
Sensor List:		[MW]
Subtask List:		[MW_{}]

Time Constraints:
Start Time:		0.000000
End Time:		Infinity
Task Duration:	0.916283
Corr Time:		Infinity
Lambda:			0.015000
Dependency Matrix:
   [0]

Time Constraint Matrix:
   [Infinity]


**********************************
Task Number:		21
Maximum Score:		91.443128
Subtask Cost:		0.004225
Number of Sensors:	1.000000
Number of Subtasks:	1

Location:			[5.000000, 16.000000, 0.000000]
Sensor List:		[MW]
Subtask List:		[MW_{}]

Time Constraints:
Start Time:		0.000000
End Time:		Infinity
Task Duration:	0.771347
Corr Time:		Infinity
Lambda:			0.015000
Dependency Matrix:
   [0]

Time Constraint Matrix:
   [Infinity]


**********************************
Task Number:		22
Maximum Score:		38.781349
Subtask Cost:		0.667848
Number of Sensors:	1.000000
Number of Subtasks:	1

Location:			[41.000000, 48.000000, 0.000000]
Sensor List:		[MW]
Subtask List:		[MW_{}]

Time Constraints:
Start Time:		0.000000
End Time:		Infinity
Task Duration:	0.108220
Corr Time:		Infinity
Lambda:			0.015000
Dependency Matrix:
   [0]

Time Constraint Matrix:
   [Infinity]


**********************************
Task Number:		23
Maximum Score:		2.393787
Subtask Cost:		0.034256
Number of Sensors:	1.000000
Number of Subtasks:	1

Location:			[0.000000, 43.000000, 0.000000]
Sensor List:		[IR]
Subtask List:		[IR_{}]

Time Constraints:
Start Time:		0.000000
End Time:		Infinity
Task Duration:	0.725722
Corr Time:		Infinity
Lambda:			0.015000
Dependency Matrix:
   [0]

Time Constraint Matrix:
   [Infinity]


**********************************
Task Number:		24
Maximum Score:		72.983483
Subtask Cost:		0.809654
Number of Sensors:	1.000000
Number of Subtasks:	1

Location:			[29.000000, 0.000000, 0.000000]
Sensor List:		[MW]
Subtask List:		[MW_{}]

Time Constraints:
Start Time:		0.000000
End Time:		Infinity
Task Duration:	0.208436
Corr Time:		Infinity
Lambda:			0.015000
Dependency Matrix:
   [0]

Time Constraint Matrix:
   [Infinity]


**********************************
Task Number:		25
Maximum Score:		85.612242
Subtask Cost:		0.838364
Number of Sensors:	1.000000
Number of Subtasks:	1

Location:			[49.000000, 27.000000, 0.000000]
Sensor List:		[MW]
Subtask List:		[MW_{}]

Time Constraints:
Start Time:		0.000000
End Time:		Infinity
Task Duration:	0.242632
Corr Time:		Infinity
Lambda:			0.015000
Dependency Matrix:
   [0]

Time Constraint Matrix:
   [Infinity]


**********************************
Task Number:		26
Maximum Score:		86.640824
Subtask Cost:		0.451199
Number of Sensors:	1.000000
Number of Subtasks:	1

Location:			[10.000000, 14.000000, 0.000000]
Sensor List:		[MW]
Subtask List:		[MW_{}]

Time Constraints:
Start Time:		0.000000
End Time:		Infinity
Task Duration:	0.836137
Corr Time:		Infinity
Lambda:			0.015000
Dependency Matrix:
   [0]

Time Constraint Matrix:
   [Infinity]


**********************************
Task Number:		27
Maximum Score:		37.701777
Subtask Cost:		0.578105
Number of Sensors:	1.000000
Number of Subtasks:	1

Location:			[37.000000, 10.000000, 0.000000]
Sensor List:		[IR]
Subtask List:		[IR_{}]

Time Constraints:
Start Time:		0.000000
End Time:		Infinity
Task Duration:	0.654649
Corr Time:		Infinity
Lambda:			0.015000
Dependency Matrix:
   [0]

Time Constraint Matrix:
   [Infinity]


**********************************
Task Number:		28
Maximum Score:		23.854188
Subtask Cost:		0.652178
Number of Sensors:	1.000000
Number of Subtasks:	1

Location:			[39.000000, 29.000000, 0.000000]
Sensor List:		[IR]
Subtask List:		[IR_{}]

Time Constraints:
Start Time:		0.000000
End Time:		Infinity
Task Duration:	0.594980
Corr Time:		Infinity
Lambda:			0.015000
Dependency Matrix:
   [0]

Time Constraint Matrix:
   [Infinity]


**********************************
Task Number:		29
Maximum Score:		81.135128
Subtask Cost:		0.279475
Number of Sensors:	1.000000
Number of Subtasks:	1

Location:			[37.000000, 0.000000, 0.000000]
Sensor List:		[IR]
Subtask List:		[IR_{}]

Time Constraints:
Start Time:		0.000000
End Time:		Infinity
Task Duration:	0.288548
Corr Time:		Infinity
Lambda:			0.015000
Dependency Matrix:
   [0]

Time Constraint Matrix:
   [Infinity]


**********************************
