---------------------------------------------------------------------------------------------------------------------------------------
TASK1	TASK1_L_{}	L-band		
TASK1	TASK1_L_{S}	L-band	S-band
TASK1	TASK1_S_{}	S-band		
TASK1	TASK1_S_{L}	S-band	L-band
---------------------------------------------------------------------------------------------------------------------------------------
TASK2	TASK2_L_{}	L-band		
TASK2	TASK2_L_{S}	L-band	S-band
TASK2	TASK2_S_{}	S-band		
TASK2	TASK2_S_{L}	S-band	L-band
---------------------------------------------------------------------------------------------------------------------------------------
TASK3	TASK3_L_{}	L-band		
TASK3	TASK3_L_{S}	L-band	S-band
TASK3	TASK3_S_{}	S-band		
TASK3	TASK3_S_{L}	S-band	L-band
---------------------------------------------------------------------------------------------------------------------------------------
TASK4	TASK4_L_{}	L-band		
TASK4	TASK4_L_{S}	L-band	S-band
TASK4	TASK4_S_{}	S-band		
TASK4	TASK4_S_{L}	S-band	L-band
---------------------------------------------------------------------------------------------------------------------------------------
TASK5	TASK5_L_{}	L-band		
TASK5	TASK5_L_{S}	L-band	S-band
TASK5	TASK5_S_{}	S-band		
TASK5	TASK5_S_{L}	S-band	L-band
---------------------------------------------------------------------------------------------------------------------------------------
TASK6	TASK6_L_{}	L-band		
TASK6	TASK6_L_{S}	L-band	S-band
TASK6	TASK6_S_{}	S-band		
TASK6	TASK6_S_{L}	S-band	L-band
---------------------------------------------------------------------------------------------------------------------------------------
TASK7	TASK7_L_{}	L-band		
TASK7	TASK7_L_{S}	L-band	S-band
TASK7	TASK7_S_{}	S-band		
TASK7	TASK7_S_{L}	S-band	L-band
---------------------------------------------------------------------------------------------------------------------------------------
TASK8	TASK8_L_{}	L-band		
TASK8	TASK8_L_{S}	L-band	S-band
TASK8	TASK8_S_{}	S-band		
TASK8	TASK8_S_{L}	S-band	L-band
---------------------------------------------------------------------------------------------------------------------------------------
TASK9	TASK9_L_{}	L-band		
TASK9	TASK9_L_{S}	L-band	S-band
TASK9	TASK9_S_{}	S-band		
TASK9	TASK9_S_{L}	S-band	L-band
---------------------------------------------------------------------------------------------------------------------------------------
TASK10	TASK10_L_{}	L-band		
TASK10	TASK10_L_{S}	L-band	S-band
TASK10	TASK10_S_{}	S-band		
TASK10	TASK10_S_{L}	S-band	L-band
---------------------------------------------------------------------------------------------------------------------------------------
TASK11	TASK11_L_{}	L-band		
TASK11	TASK11_L_{S}	L-band	S-band
TASK11	TASK11_S_{}	S-band		
TASK11	TASK11_S_{L}	S-band	L-band
---------------------------------------------------------------------------------------------------------------------------------------
TASK12	TASK12_L_{}	L-band		
TASK12	TASK12_L_{S}	L-band	S-band
TASK12	TASK12_S_{}	S-band		
TASK12	TASK12_S_{L}	S-band	L-band
---------------------------------------------------------------------------------------------------------------------------------------
TASK13	TASK13_L_{}	L-band		
TASK13	TASK13_L_{S}	L-band	S-band
TASK13	TASK13_S_{}	S-band		
TASK13	TASK13_S_{L}	S-band	L-band
---------------------------------------------------------------------------------------------------------------------------------------
TASK14	TASK14_L_{}	L-band		
TASK14	TASK14_L_{S}	L-band	S-band
TASK14	TASK14_S_{}	S-band		
TASK14	TASK14_S_{L}	S-band	L-band
---------------------------------------------------------------------------------------------------------------------------------------
TASK15	TASK15_L_{}	L-band		
TASK15	TASK15_L_{S}	L-band	S-band
TASK15	TASK15_S_{}	S-band		
TASK15	TASK15_S_{L}	S-band	L-band
---------------------------------------------------------------------------------------------------------------------------------------
TASK16	TASK16_L_{}	L-band		
---------------------------------------------------------------------------------------------------------------------------------------
TASK17	TASK17_L_{}	L-band			0/0	SAT-L1	2020-01-01T00:00:00.000	2020-01-01T23:13:30.000	2020-02-01T00:00:00.000	L-RAD	800.770570330154/4200.0	37.34953112860356/10.0	4478.522828442823	615.7657427813793	59.55084536492827	13.12926878078988	15.52176878078988	2.3925
---------------------------------------------------------------------------------------------------------------------------------------
TASK18	TASK18_L_{}	L-band			0/0	SAT-L2	2020-01-01T00:00:00.000	2020-01-01T01:51:30.000	2020-02-01T00:00:00.000	L-RAD	164.47806910603424/4200.0	2.642308611494797/10.0	207.31164136332944	3768.8561611454898	26.72098356837061	26.43567498758771	28.82817499822246	2.3925000106347505
---------------------------------------------------------------------------------------------------------------------------------------
TASK19	TASK19_L_{}	L-band			0/0	SAT-L2	2020-01-01T00:00:00.000	2020-01-01T18:09:30.000	2020-02-01T00:00:00.000	L-RAD	448.0637100757098/4200.0	33.97324301971081/10.0	3925.5172328441613	1118.5008592712775	70.86718537154466	15.58943126618705	17.98193126618705	2.3925
---------------------------------------------------------------------------------------------------------------------------------------
TASK20	TASK20_L_{}	L-band		
---------------------------------------------------------------------------------------------------------------------------------------
TASK21	TASK21_L_{}	L-band		
---------------------------------------------------------------------------------------------------------------------------------------
TASK22	TASK22_L_{}	L-band			0/0	SAT-L1	2020-01-01T00:00:00.000	2020-01-01T02:17:30.000	2020-02-01T00:00:00.000	L-RAD	164.54844720822905/4200.0	2.8972250716983003/10.0	227.74970338901156	3765.6647711206065	42.53707275552183	26.32812584869282	28.720625855677955	2.392500006985131
---------------------------------------------------------------------------------------------------------------------------------------
TASK23	TASK23_S_{}	S-band			0/0	SAT-S1	2020-01-01T00:00:00.000	2020-01-01T08:34:30.000	2020-02-01T00:00:00.000	S-RAD	744.7830881418007/4200.0	46.57081359303595/10.0	4425.831117444863	665.5855527886833	13.453312553028804	21.352178316126206	23.744678316126205	2.3925
---------------------------------------------------------------------------------------------------------------------------------------
TASK24	TASK24_S_{}	S-band			0/0	SAT-S1	2020-01-01T00:00:00.000	2020-01-01T13:01:00.000	2020-02-01T00:00:00.000	S-RAD	504.9317204051235/4200.0	44.52969112039379/10.0	4069.233080646174	989.1817245016265	44.72074827718802	18.314044616701203	20.706544616701205	2.3925
---------------------------------------------------------------------------------------------------------------------------------------
TASK25	TASK25_S_{}	S-band			0/0	SAT-S1	2020-01-01T00:00:00.000	2020-01-01T08:02:00.000	2020-02-01T00:00:00.000	S-RAD	165.50623098525344/4200.0	15.145635149846585/10.0	423.7925925620344	3724.241574310044	7.0789097146892725	21.51419862044193	23.90669862100799	2.3925000005660615
---------------------------------------------------------------------------------------------------------------------------------------
TASK26	TASK26_S_{}	S-band			0/0	SAT-S2	2020-01-01T00:00:00.000	2020-01-02T00:32:00.000	2020-02-01T00:00:00.000	S-RAD	683.0477730398653/4200.0	46.440942319273006/10.0	4360.034547361135	726.5535997550901	20.28461397752891	12.563817824774151	14.956317824774152	2.3925
---------------------------------------------------------------------------------------------------------------------------------------
TASK27	TASK27_S_{}	S-band		
---------------------------------------------------------------------------------------------------------------------------------------
TASK28	TASK28_S_{}	S-band		
---------------------------------------------------------------------------------------------------------------------------------------
TASK29	TASK29_S_{}	S-band		
---------------------------------------------------------------------------------------------------------------------------------------
TASK30	TASK30_S_{}	S-band			0/0	SAT-S2	2020-01-01T00:00:00.000	2020-01-01T03:40:00.000	2020-02-01T00:00:00.000	S-RAD	164.19107290034233/4200.0	11.219476186844599/10.0	103.82112187906661	3781.7013398733575	15.849908697539455	25.168337919190392	27.560837922207472	2.3925000030170778
