__________________________________
          WINNING VECTORS         
__________________________________
Subtasks:			[IR_{}		IR_{MW}		MW_{}		MW_{IR}	|	IR_{}		IR_{MW}		MW_{}		MW_{IR}	|	IR_{}		IR_{MW}		MW_{}		MW_{IR}	|	IR_{}		IR_{MW}		MW_{}		MW_{IR}	|	IR_{}		IR_{MW}		MW_{}		MW_{IR}	|	IR_{}		IR_{MW}		MW_{}		MW_{IR}	|	IR_{}		IR_{MW}		MW_{}		MW_{IR}	|	IR_{}		IR_{MW}		MW_{}		MW_{IR}	|	IR_{}		IR_{MW}		MW_{}		MW_{IR}	|	IR_{}		IR_{MW}		MW_{}		MW_{IR}	|	IR_{}		IR_{MW}		MW_{}		MW_{IR}	|	IR_{}		IR_{MW}		MW_{}		MW_{IR}	|	IR_{}		IR_{MW}		MW_{}		MW_{IR}	|	IR_{}		IR_{MW}		MW_{}		MW_{IR}	|	IR_{}		IR_{MW}		MW_{}		MW_{IR}	|	IR_{}	|	IR_{}	|	IR_{}	|	IR_{}	|	IR_{}	|	IR_{}	|	IR_{}	|	IR_{}	|	MW_{}	|	MW_{}	|	MW_{}	|	MW_{}	|	MW_{}	|	MW_{}	|	MW_{}	]
Bids Score:			[0.000		0.000		0.000		0.000	|	0.000		0.000		0.000		0.000	|	0.000		0.000		0.000		0.000	|	2.483		0.000		0.000		0.000	|	0.000		0.000		6.490		0.000	|	0.000		14.173		0.000		14.173	|	0.000		0.000		4.497		0.000	|	0.000		8.455		0.000		8.455	|	0.000		10.662		0.000		10.662	|	5.351		0.000		0.000		0.000	|	0.000		0.000		0.000		0.000	|	3.257		0.000		0.000		0.000	|	0.000		15.804		0.000		12.908	|	0.000		0.000		0.000		0.000	|	0.000		0.000		0.000		0.000	|	46.495	|	48.888	|	41.214	|	60.203	|	60.171	|	40.756	|	5.672	|	75.395	|	22.976	|	93.081	|	62.388	|	69.335	|	40.133	|	29.160	|	67.264	]
Measurement Time:	[0.00		0.00		0.00		0.00	|	0.00		0.00		0.00		0.00	|	0.00		0.00		0.00		0.00	|	94.77		0.00		0.00		0.00	|	0.00		0.00		82.68		0.00	|	0.00		64.26		0.00		64.26	|	0.00		0.00		79.14		0.00	|	0.00		79.50		0.00		79.50	|	0.00		85.63		0.00		85.63	|	52.64		0.00		0.00		0.00	|	0.00		0.00		0.00		0.00	|	69.29		0.00		0.00		0.00	|	0.00		59.82		0.00		59.82	|	0.00		0.00		0.00		0.00	|	0.00		0.00		0.00		0.00	|	33.79	|	8.91	|	35.93	|	4.01	|	24.48	|	40.63	|	93.26	|	2.60	|	39.36	|	1.93	|	18.93	|	10.26	|	48.38	|	62.86	|	20.456	]
Iteration Assigned:	[0			0			0			0		|	0			0			0			0		|	0			0			0			0		|	49858		0			0			0		|	0			0			318			0		|	0			370			0			618		|	0			0			252			0		|	0			458			0			618		|	0			458			0			618		|	358			0			0			0		|	0			0			0			0		|	610			0			0			0		|	0			218			0			362		|	0			0			0			0		|	0			0			0			0		|	2		|	2		|	0		|	0		|	0		|	44		|	610		|	0		|	44		|	0		|	0		|	0		|	2		|	2		|	0		]
Winners:			[-			-			-			-		|	-			-			-			-		|	-			-			-			-		|	4			-			-			-		|	-			-			3			-		|	-			4			-			2		|	-			-			3			-		|	-			4			-			2		|	-			4			-			2		|	1			-			-			-		|	-			-			-			-		|	1			-			-			-		|	-			4			-			2		|	-			-			-			-		|	-			-			-			-		|	1		|	1		|	4		|	1		|	4		|	1		|	1		|	4		|	2		|	2		|	3		|	2		|	3		|	3		|	2		]

__________________________________
        PERFORMANCE METRICS       
__________________________________
Coalitions Formed:		4
Coalitions Available:	15
Coalition Ratio:		26.67%

Score Achieved:			989.764
Score Available:		3380.263
Score Ratio:			29.28%

Merge Cost:				0.000000
Split Cost:				0.000000

Avg Cost per Research:	27.32%

Tasks Done:				24
Tasks Available:		30
Tasks Done Ratio:		80.00%

Tasks done w/ 1 sens:	20
Tasks done w/ 2 sens:	4
Tasks done w/ 3 sens:	0

Planning Horizon:		3

__________________________________
           AGENT LIST             
__________________________________
Agent Number:			1
Planning Horizon:		3
Max Const Iteration:	2
Max Solo Bids:			5
Max Any Bids:			10
Iteration Counter:		46371
Final Resources:		69.430669

Location:				[42.810		17.189		0.000]
Sensor List:			[IR]
Bundle:					[63			61			60			65			36			44			66]
Path:					[63			61			60			65			36			44			66]
X-Path:
[	43.438	21.145	0.000,
	38.669	22.280	0.000,
	27.454	0.074	0.000,
	20.630	0.587	0.000,
	20.914	12.598	0.000,
	11.908	26.601	0.000,
	3.491	49.044	0.000,]
Time Assignments:		[4.006		8.908		33.785		40.628		52.643		69.291		93.261]

**********************************
Agent Number:			2
Planning Horizon:		3
Max Const Iteration:	2
Max Solo Bids:			5
Max Any Bids:			10
Iteration Counter:		50071
Final Resources:		71.384753

Location:				[8.098		20.219		0.000]
Sensor List:			[MW]
Bundle:					[69			71			74			68			51			23			31			35]
Path:					[69			71			74			68			51			23			31			35]
X-Path:
[	9.804	19.314	0.000,
	5.303	26.324	0.000,
	3.418	36.342	0.000,
	18.986	47.064	0.000,
	26.888	29.526	0.000,
	22.479	30.099	0.000,
	36.821	35.247	0.000,
	38.356	41.177	0.000,]
Time Assignments:		[1.932		10.263		20.456		39.360		59.817		64.263		79.501		85.626]

**********************************
Agent Number:			3
Planning Horizon:		3
Max Const Iteration:	2
Max Solo Bids:			5
Max Any Bids:			10
Iteration Counter:		49553
Final Resources:		77.269273

Location:				[33.404		44.631		0.000]
Sensor List:			[MW]
Bundle:					[70			72			73			26			18]
Path:					[70			72			73			26			18]
X-Path:
[	14.908	40.578	0.000,
	30.406	15.613	0.000,
	38.331	3.493	0.000,
	48.629	16.107	0.000,
	45.985	18.468	0.000,]
Time Assignments:		[18.934		48.375		62.856		79.140		82.685]

**********************************
Agent Number:			4
Planning Horizon:		3
Max Const Iteration:	2
Max Solo Bids:			5
Max Any Bids:			10
Iteration Counter:		49930
Final Resources:		72.653264

Location:				[12.552		15.786		0.000]
Sensor List:			[IR]
Bundle:					[67			64			62			49			21			29			33			12]
Path:					[67			64			62			49			21			29			33			12]
X-Path:
[	10.392	14.338	0.000,
	21.256	33.333	0.000,
	32.116	36.940	0.000,
	26.888	29.526	0.000,
	22.479	30.099	0.000,
	36.821	35.247	0.000,
	38.356	41.177	0.000,
	29.623	38.456	0.000,]
Time Assignments:		[2.601		24.483		35.926		59.817		64.263		79.501		85.626		94.772]
__________________________________
            TASK LIST             
__________________________________
Task Number:		0
Maximum Score:		52.044479
Subtask Cost:		0.005700
Number of Sensors:	2
Number of Subtasks:	4

Location:			[9.618796, 30.934381, 0.000000]
Sensor List:		[IR, MW]
Subtask List:		[IR_{}, IR_{MW}, MW_{}, MW_{IR}]

Time Constraints:
Start Time:		0.000000
End Time:		Infinity
Task Duration:	0.000000
Corr Time:		0.000000
Lambda:			0.015000
Dependency Matrix:
   [0	-1	-1	-1
	-1	0	-1	1
	-1	-1	0	-1
	-1	1	-1	0]

Time Constraint Matrix:
   [Infinity	Infinity	Infinity	Infinity
	Infinity	Infinity	Infinity	0.000000
	Infinity	Infinity	Infinity	Infinity
	Infinity	0.000000	Infinity	Infinity]


**********************************
Task Number:		1
Maximum Score:		54.054121
Subtask Cost:		0.005700
Number of Sensors:	2
Number of Subtasks:	4

Location:			[14.700202, 49.253832, 0.000000]
Sensor List:		[IR, MW]
Subtask List:		[IR_{}, IR_{MW}, MW_{}, MW_{IR}]

Time Constraints:
Start Time:		0.000000
End Time:		Infinity
Task Duration:	0.000000
Corr Time:		0.000000
Lambda:			0.015000
Dependency Matrix:
   [0	-1	-1	-1
	-1	0	-1	1
	-1	-1	0	-1
	-1	1	-1	0]

Time Constraint Matrix:
   [Infinity	Infinity	Infinity	Infinity
	Infinity	Infinity	Infinity	0.000000
	Infinity	Infinity	Infinity	Infinity
	Infinity	0.000000	Infinity	Infinity]


**********************************
Task Number:		2
Maximum Score:		51.318695
Subtask Cost:		0.005700
Number of Sensors:	2
Number of Subtasks:	4

Location:			[12.261653, 41.258756, 0.000000]
Sensor List:		[IR, MW]
Subtask List:		[IR_{}, IR_{MW}, MW_{}, MW_{IR}]

Time Constraints:
Start Time:		0.000000
End Time:		Infinity
Task Duration:	0.000000
Corr Time:		0.000000
Lambda:			0.015000
Dependency Matrix:
   [0	-1	-1	-1
	-1	0	-1	1
	-1	-1	0	-1
	-1	1	-1	0]

Time Constraint Matrix:
   [Infinity	Infinity	Infinity	Infinity
	Infinity	Infinity	Infinity	0.000000
	Infinity	Infinity	Infinity	Infinity
	Infinity	0.000000	Infinity	Infinity]


**********************************
Task Number:		3
Maximum Score:		70.360463
Subtask Cost:		0.005700
Number of Sensors:	2
Number of Subtasks:	4

Location:			[29.623398, 38.456164, 0.000000]
Sensor List:		[IR, MW]
Subtask List:		[IR_{}, IR_{MW}, MW_{}, MW_{IR}]

Time Constraints:
Start Time:		0.000000
End Time:		Infinity
Task Duration:	0.000000
Corr Time:		0.000000
Lambda:			0.015000
Dependency Matrix:
   [0	-1	-1	-1
	-1	0	-1	1
	-1	-1	0	-1
	-1	1	-1	0]

Time Constraint Matrix:
   [Infinity	Infinity	Infinity	Infinity
	Infinity	Infinity	Infinity	0.000000
	Infinity	Infinity	Infinity	Infinity
	Infinity	0.000000	Infinity	Infinity]


**********************************
Task Number:		4
Maximum Score:		83.683771
Subtask Cost:		0.005700
Number of Sensors:	2
Number of Subtasks:	4

Location:			[45.985334, 18.467759, 0.000000]
Sensor List:		[IR, MW]
Subtask List:		[IR_{}, IR_{MW}, MW_{}, MW_{IR}]

Time Constraints:
Start Time:		0.000000
End Time:		Infinity
Task Duration:	0.000000
Corr Time:		0.000000
Lambda:			0.015000
Dependency Matrix:
   [0	-1	-1	-1
	-1	0	-1	1
	-1	-1	0	-1
	-1	1	-1	0]

Time Constraint Matrix:
   [Infinity	Infinity	Infinity	Infinity
	Infinity	Infinity	Infinity	0.000000
	Infinity	Infinity	Infinity	Infinity
	Infinity	0.000000	Infinity	Infinity]


**********************************
Task Number:		5
Maximum Score:		83.957193
Subtask Cost:		0.005700
Number of Sensors:	2
Number of Subtasks:	4

Location:			[22.479332, 30.098696, 0.000000]
Sensor List:		[IR, MW]
Subtask List:		[IR_{}, IR_{MW}, MW_{}, MW_{IR}]

Time Constraints:
Start Time:		0.000000
End Time:		Infinity
Task Duration:	0.000000
Corr Time:		0.000000
Lambda:			0.015000
Dependency Matrix:
   [0	-1	-1	-1
	-1	0	-1	1
	-1	-1	0	-1
	-1	1	-1	0]

Time Constraint Matrix:
   [Infinity	Infinity	Infinity	Infinity
	Infinity	Infinity	Infinity	0.000000
	Infinity	Infinity	Infinity	Infinity
	Infinity	0.000000	Infinity	Infinity]


**********************************
Task Number:		6
Maximum Score:		95.451622
Subtask Cost:		0.005700
Number of Sensors:	2
Number of Subtasks:	4

Location:			[48.629199, 16.106919, 0.000000]
Sensor List:		[IR, MW]
Subtask List:		[IR_{}, IR_{MW}, MW_{}, MW_{IR}]

Time Constraints:
Start Time:		0.000000
End Time:		Infinity
Task Duration:	0.000000
Corr Time:		0.000000
Lambda:			0.015000
Dependency Matrix:
   [0	-1	-1	-1
	-1	0	-1	1
	-1	-1	0	-1
	-1	1	-1	0]

Time Constraint Matrix:
   [Infinity	Infinity	Infinity	Infinity
	Infinity	Infinity	Infinity	0.000000
	Infinity	Infinity	Infinity	Infinity
	Infinity	0.000000	Infinity	Infinity]


**********************************
Task Number:		7
Maximum Score:		88.106330
Subtask Cost:		0.005700
Number of Sensors:	2
Number of Subtasks:	4

Location:			[36.821454, 35.246805, 0.000000]
Sensor List:		[IR, MW]
Subtask List:		[IR_{}, IR_{MW}, MW_{}, MW_{IR}]

Time Constraints:
Start Time:		0.000000
End Time:		Infinity
Task Duration:	0.000000
Corr Time:		0.000000
Lambda:			0.015000
Dependency Matrix:
   [0	-1	-1	-1
	-1	0	-1	1
	-1	-1	0	-1
	-1	1	-1	0]

Time Constraint Matrix:
   [Infinity	Infinity	Infinity	Infinity
	Infinity	Infinity	Infinity	0.000000
	Infinity	Infinity	Infinity	Infinity
	Infinity	0.000000	Infinity	Infinity]


**********************************
Task Number:		8
Maximum Score:		93.764820
Subtask Cost:		0.005700
Number of Sensors:	2
Number of Subtasks:	4

Location:			[38.355870, 41.176860, 0.000000]
Sensor List:		[IR, MW]
Subtask List:		[IR_{}, IR_{MW}, MW_{}, MW_{IR}]

Time Constraints:
Start Time:		0.000000
End Time:		Infinity
Task Duration:	0.000000
Corr Time:		0.000000
Lambda:			0.015000
Dependency Matrix:
   [0	-1	-1	-1
	-1	0	-1	1
	-1	-1	0	-1
	-1	1	-1	0]

Time Constraint Matrix:
   [Infinity	Infinity	Infinity	Infinity
	Infinity	Infinity	Infinity	0.000000
	Infinity	Infinity	Infinity	Infinity
	Infinity	0.000000	Infinity	Infinity]


**********************************
Task Number:		9
Maximum Score:		61.748518
Subtask Cost:		0.005700
Number of Sensors:	2
Number of Subtasks:	4

Location:			[20.913860, 12.598013, 0.000000]
Sensor List:		[IR, MW]
Subtask List:		[IR_{}, IR_{MW}, MW_{}, MW_{IR}]

Time Constraints:
Start Time:		0.000000
End Time:		Infinity
Task Duration:	0.000000
Corr Time:		0.000000
Lambda:			0.015000
Dependency Matrix:
   [0	-1	-1	-1
	-1	0	-1	1
	-1	-1	0	-1
	-1	1	-1	0]

Time Constraint Matrix:
   [Infinity	Infinity	Infinity	Infinity
	Infinity	Infinity	Infinity	0.000000
	Infinity	Infinity	Infinity	Infinity
	Infinity	0.000000	Infinity	Infinity]


**********************************
Task Number:		10
Maximum Score:		67.977424
Subtask Cost:		0.005700
Number of Sensors:	2
Number of Subtasks:	4

Location:			[16.316958, 47.450896, 0.000000]
Sensor List:		[IR, MW]
Subtask List:		[IR_{}, IR_{MW}, MW_{}, MW_{IR}]

Time Constraints:
Start Time:		0.000000
End Time:		Infinity
Task Duration:	0.000000
Corr Time:		0.000000
Lambda:			0.015000
Dependency Matrix:
   [0	-1	-1	-1
	-1	0	-1	1
	-1	-1	0	-1
	-1	1	-1	0]

Time Constraint Matrix:
   [Infinity	Infinity	Infinity	Infinity
	Infinity	Infinity	Infinity	0.000000
	Infinity	Infinity	Infinity	Infinity
	Infinity	0.000000	Infinity	Infinity]


**********************************
Task Number:		11
Maximum Score:		72.708837
Subtask Cost:		0.005700
Number of Sensors:	2
Number of Subtasks:	4

Location:			[11.908491, 26.600586, 0.000000]
Sensor List:		[IR, MW]
Subtask List:		[IR_{}, IR_{MW}, MW_{}, MW_{IR}]

Time Constraints:
Start Time:		0.000000
End Time:		Infinity
Task Duration:	0.000000
Corr Time:		0.000000
Lambda:			0.015000
Dependency Matrix:
   [0	-1	-1	-1
	-1	0	-1	1
	-1	-1	0	-1
	-1	1	-1	0]

Time Constraint Matrix:
   [Infinity	Infinity	Infinity	Infinity
	Infinity	Infinity	Infinity	0.000000
	Infinity	Infinity	Infinity	Infinity
	Infinity	0.000000	Infinity	Infinity]


**********************************
Task Number:		12
Maximum Score:		93.011564
Subtask Cost:		0.005700
Number of Sensors:	2
Number of Subtasks:	4

Location:			[26.887659, 29.525923, 0.000000]
Sensor List:		[IR, MW]
Subtask List:		[IR_{}, IR_{MW}, MW_{}, MW_{IR}]

Time Constraints:
Start Time:		0.000000
End Time:		Infinity
Task Duration:	0.000000
Corr Time:		0.000000
Lambda:			0.015000
Dependency Matrix:
   [0	-1	-1	-1
	-1	0	-1	1
	-1	-1	0	-1
	-1	1	-1	0]

Time Constraint Matrix:
   [Infinity	Infinity	Infinity	Infinity
	Infinity	Infinity	Infinity	0.000000
	Infinity	Infinity	Infinity	Infinity
	Infinity	0.000000	Infinity	Infinity]


**********************************
Task Number:		13
Maximum Score:		52.331414
Subtask Cost:		0.005700
Number of Sensors:	2
Number of Subtasks:	4

Location:			[32.526366, 21.015525, 0.000000]
Sensor List:		[IR, MW]
Subtask List:		[IR_{}, IR_{MW}, MW_{}, MW_{IR}]

Time Constraints:
Start Time:		0.000000
End Time:		Infinity
Task Duration:	0.000000
Corr Time:		0.000000
Lambda:			0.015000
Dependency Matrix:
   [0	-1	-1	-1
	-1	0	-1	1
	-1	-1	0	-1
	-1	1	-1	0]

Time Constraint Matrix:
   [Infinity	Infinity	Infinity	Infinity
	Infinity	Infinity	Infinity	0.000000
	Infinity	Infinity	Infinity	Infinity
	Infinity	0.000000	Infinity	Infinity]


**********************************
Task Number:		14
Maximum Score:		69.023594
Subtask Cost:		0.005700
Number of Sensors:	2
Number of Subtasks:	4

Location:			[0.095081, 17.859275, 0.000000]
Sensor List:		[IR, MW]
Subtask List:		[IR_{}, IR_{MW}, MW_{}, MW_{IR}]

Time Constraints:
Start Time:		0.000000
End Time:		Infinity
Task Duration:	0.000000
Corr Time:		0.000000
Lambda:			0.015000
Dependency Matrix:
   [0	-1	-1	-1
	-1	0	-1	1
	-1	-1	0	-1
	-1	1	-1	0]

Time Constraint Matrix:
   [Infinity	Infinity	Infinity	Infinity
	Infinity	Infinity	Infinity	0.000000
	Infinity	Infinity	Infinity	Infinity
	Infinity	0.000000	Infinity	Infinity]


**********************************
Task Number:		15
Maximum Score:		89.892677
Subtask Cost:		0.005700
Number of Sensors:	1
Number of Subtasks:	1

Location:			[27.453798, 0.074176, 0.000000]
Sensor List:		[IR]
Subtask List:		[IR_{}]

Time Constraints:
Start Time:		0.000000
End Time:		Infinity
Task Duration:	0.000000
Corr Time:		0.000000
Lambda:			0.015000
Dependency Matrix:
   [0]

Time Constraint Matrix:
   [Infinity]


**********************************
Task Number:		16
Maximum Score:		58.125569
Subtask Cost:		0.005700
Number of Sensors:	1
Number of Subtasks:	1

Location:			[38.669019, 22.279508, 0.000000]
Sensor List:		[IR]
Subtask List:		[IR_{}]

Time Constraints:
Start Time:		0.000000
End Time:		Infinity
Task Duration:	0.000000
Corr Time:		0.000000
Lambda:			0.015000
Dependency Matrix:
   [0]

Time Constraint Matrix:
   [Infinity]


**********************************
Task Number:		17
Maximum Score:		77.212605
Subtask Cost:		0.005700
Number of Sensors:	1
Number of Subtasks:	1

Location:			[32.115755, 36.939791, 0.000000]
Sensor List:		[IR]
Subtask List:		[IR_{}]

Time Constraints:
Start Time:		0.000000
End Time:		Infinity
Task Duration:	0.000000
Corr Time:		0.000000
Lambda:			0.015000
Dependency Matrix:
   [0]

Time Constraint Matrix:
   [Infinity]


**********************************
Task Number:		18
Maximum Score:		65.748808
Subtask Cost:		0.005700
Number of Sensors:	1
Number of Subtasks:	1

Location:			[43.438284, 21.144928, 0.000000]
Sensor List:		[IR]
Subtask List:		[IR_{}]

Time Constraints:
Start Time:		0.000000
End Time:		Infinity
Task Duration:	0.000000
Corr Time:		0.000000
Lambda:			0.015000
Dependency Matrix:
   [0]

Time Constraint Matrix:
   [Infinity]


**********************************
Task Number:		19
Maximum Score:		96.699417
Subtask Cost:		0.005700
Number of Sensors:	1
Number of Subtasks:	1

Location:			[21.255602, 33.333374, 0.000000]
Sensor List:		[IR]
Subtask List:		[IR_{}]

Time Constraints:
Start Time:		0.000000
End Time:		Infinity
Task Duration:	0.000000
Corr Time:		0.000000
Lambda:			0.015000
Dependency Matrix:
   [0]

Time Constraint Matrix:
   [Infinity]


**********************************
Task Number:		20
Maximum Score:		79.602091
Subtask Cost:		0.005700
Number of Sensors:	1
Number of Subtasks:	1

Location:			[20.629639, 0.587061, 0.000000]
Sensor List:		[IR]
Subtask List:		[IR_{}]

Time Constraints:
Start Time:		0.000000
End Time:		Infinity
Task Duration:	0.000000
Corr Time:		0.000000
Lambda:			0.015000
Dependency Matrix:
   [0]

Time Constraint Matrix:
   [Infinity]


**********************************
Task Number:		21
Maximum Score:		52.955733
Subtask Cost:		0.005700
Number of Sensors:	1
Number of Subtasks:	1

Location:			[3.491454, 49.043774, 0.000000]
Sensor List:		[IR]
Subtask List:		[IR_{}]

Time Constraints:
Start Time:		0.000000
End Time:		Infinity
Task Duration:	0.000000
Corr Time:		0.000000
Lambda:			0.015000
Dependency Matrix:
   [0]

Time Constraint Matrix:
   [Infinity]


**********************************
Task Number:		22
Maximum Score:		79.757086
Subtask Cost:		0.005700
Number of Sensors:	1
Number of Subtasks:	1

Location:			[10.392208, 14.337855, 0.000000]
Sensor List:		[IR]
Subtask List:		[IR_{}]

Time Constraints:
Start Time:		0.000000
End Time:		Infinity
Task Duration:	0.000000
Corr Time:		0.000000
Lambda:			0.015000
Dependency Matrix:
   [0]

Time Constraint Matrix:
   [Infinity]


**********************************
Task Number:		23
Maximum Score:		52.217147
Subtask Cost:		0.005700
Number of Sensors:	1
Number of Subtasks:	1

Location:			[18.986396, 47.063854, 0.000000]
Sensor List:		[MW]
Subtask List:		[MW_{}]

Time Constraints:
Start Time:		0.000000
End Time:		Infinity
Task Duration:	0.000000
Corr Time:		0.000000
Lambda:			0.015000
Dependency Matrix:
   [0]

Time Constraint Matrix:
   [Infinity]


**********************************
Task Number:		24
Maximum Score:		96.971022
Subtask Cost:		0.005700
Number of Sensors:	1
Number of Subtasks:	1

Location:			[9.804447, 19.313670, 0.000000]
Sensor List:		[MW]
Subtask List:		[MW_{}]

Time Constraints:
Start Time:		0.000000
End Time:		Infinity
Task Duration:	0.000000
Corr Time:		0.000000
Lambda:			0.015000
Dependency Matrix:
   [0]

Time Constraint Matrix:
   [Infinity]


**********************************
Task Number:		25
Maximum Score:		90.805115
Subtask Cost:		0.005700
Number of Sensors:	1
Number of Subtasks:	1

Location:			[14.908445, 40.577931, 0.000000]
Sensor List:		[MW]
Subtask List:		[MW_{}]

Time Constraints:
Start Time:		0.000000
End Time:		Infinity
Task Duration:	0.000000
Corr Time:		0.000000
Lambda:			0.015000
Dependency Matrix:
   [0]

Time Constraint Matrix:
   [Infinity]


**********************************
Task Number:		26
Maximum Score:		84.308523
Subtask Cost:		0.005700
Number of Sensors:	1
Number of Subtasks:	1

Location:			[5.303445, 26.324236, 0.000000]
Sensor List:		[MW]
Subtask List:		[MW_{}]

Time Constraints:
Start Time:		0.000000
End Time:		Infinity
Task Duration:	0.000000
Corr Time:		0.000000
Lambda:			0.015000
Dependency Matrix:
   [0]

Time Constraint Matrix:
   [Infinity]


**********************************
Task Number:		27
Maximum Score:		93.816162
Subtask Cost:		0.005700
Number of Sensors:	1
Number of Subtasks:	1

Location:			[30.405887, 15.612812, 0.000000]
Sensor List:		[MW]
Subtask List:		[MW_{}]

Time Constraints:
Start Time:		0.000000
End Time:		Infinity
Task Duration:	0.000000
Corr Time:		0.000000
Lambda:			0.015000
Dependency Matrix:
   [0]

Time Constraint Matrix:
   [Infinity]


**********************************
Task Number:		28
Maximum Score:		86.921422
Subtask Cost:		0.005700
Number of Sensors:	1
Number of Subtasks:	1

Location:			[38.331097, 3.492732, 0.000000]
Sensor List:		[MW]
Subtask List:		[MW_{}]

Time Constraints:
Start Time:		0.000000
End Time:		Infinity
Task Duration:	0.000000
Corr Time:		0.000000
Lambda:			0.015000
Dependency Matrix:
   [0]

Time Constraint Matrix:
   [Infinity]


**********************************
Task Number:		29
Maximum Score:		96.143988
Subtask Cost:		0.005700
Number of Sensors:	1
Number of Subtasks:	1

Location:			[3.417682, 36.342111, 0.000000]
Sensor List:		[MW]
Subtask List:		[MW_{}]

Time Constraints:
Start Time:		0.000000
End Time:		Infinity
Task Duration:	0.000000
Corr Time:		0.000000
Lambda:			0.015000
Dependency Matrix:
   [0]

Time Constraint Matrix:
   [Infinity]

