__________________________________
          WINNING VECTORS         
__________________________________
Subtasks:			[IR_{}		IR_{MW}		MW_{}		MW_{IR}	|	IR_{}		IR_{MW}		MW_{}		MW_{IR}	|	IR_{}		IR_{MW}		MW_{}		MW_{IR}	|	IR_{}		IR_{MW}		MW_{}		MW_{IR}	|	IR_{}		IR_{MW}		MW_{}		MW_{IR}	|	IR_{}		IR_{MW}		MW_{}		MW_{IR}	|	IR_{}		IR_{MW}		MW_{}		MW_{IR}	|	IR_{}		IR_{MW}		MW_{}		MW_{IR}	|	IR_{}		IR_{MW}		MW_{}		MW_{IR}	|	IR_{}		IR_{MW}		MW_{}		MW_{IR}	|	IR_{}		IR_{MW}		MW_{}		MW_{IR}	|	IR_{}		IR_{MW}		MW_{}		MW_{IR}	|	IR_{}		IR_{MW}		MW_{}		MW_{IR}	|	IR_{}		IR_{MW}		MW_{}		MW_{IR}	|	IR_{}		IR_{MW}		MW_{}		MW_{IR}	|	IR_{}	|	IR_{}	|	IR_{}	|	IR_{}	|	IR_{}	|	IR_{}	|	IR_{}	|	IR_{}	|	MW_{}	|	MW_{}	|	MW_{}	|	MW_{}	|	MW_{}	|	MW_{}	|	MW_{}	]
Bids Score:			[0.000		0.000		10.510		0.000	|	0.000		3.716		0.000		2.631	|	0.000		10.252		0.000		11.323	|	0.000		0.000		0.000		0.000	|	8.170		0.000		0.000		0.000	|	0.000		0.000		0.000		0.000	|	0.000		0.000		0.000		0.000	|	0.000		0.000		12.412		0.000	|	0.000		0.000		0.000		0.000	|	0.000		15.422		0.000		15.558	|	0.000		0.000		0.493		0.000	|	0.000		7.598		0.000		6.012	|	0.000		0.000		0.000		0.000	|	0.000		4.976		0.000		10.304	|	0.000		0.000		0.000		0.000	|	25.209	|	52.825	|	40.275	|	39.680	|	39.025	|	18.906	|	20.587	|	66.725	|	36.518	|	41.580	|	64.809	|	11.315	|	62.808	|	38.020	|	64.191	]
Measurement Time:	[0.00		0.00		44.47		0.00	|	0.00		101.96		0.00		107.96	|	0.00		88.53		0.00		82.53	|	0.00		0.00		0.00		0.00	|	71.75		0.00		0.00		0.00	|	0.00		0.00		0.00		0.00	|	0.00		0.00		0.00		0.00	|	0.00		0.00		51.03		0.00	|	0.00		0.00		0.00		0.00	|	0.00		61.83		0.00		67.83	|	0.00		0.00		86.04		0.00	|	0.00		92.18		0.00		98.18	|	0.00		0.00		0.00		0.00	|	0.00		86.62		0.00		80.62	|	0.00		0.00		0.00		0.00	|	49.33	|	30.72	|	18.89	|	42.28	|	26.89	|	68.90	|	59.82	|	15.45	|	33.42	|	20.54	|	8.24	|	64.02	|	21.45	|	36.08	|	16.860	]
Iteration Assigned:	[0			0			446			0		|	0			532			0			768		|	0			454			0			630		|	0			0			0			0		|	444			0			0			0		|	0			0			0			0		|	0			0			0			0		|	0			0			578			0		|	0			0			0			0		|	0			402			0			558		|	0			0			716			0		|	0			444			0			710		|	0			0			0			0		|	0			454			0			578		|	0			0			0			0		|	2		|	0		|	2		|	2		|	2		|	156		|	44		|	0		|	0		|	0		|	0		|	482		|	0		|	0		|	0		]
Winners:			[-			-			4			-		|	-			3			-			4		|	-			3			-			4		|	-			-			-			-		|	2			-			-			-		|	-			-			-			-		|	-			-			-			-		|	-			-			4			-		|	-			-			-			-		|	-			3			-			1		|	-			-			1			-		|	-			2			-			4		|	-			-			-			-		|	-			3			-			4		|	-			-			-			-		|	2		|	2		|	3		|	3		|	3		|	2		|	2		|	2		|	1		|	1		|	1		|	1		|	4		|	4		|	4		]

__________________________________
        PERFORMANCE METRICS       
__________________________________
Coalitions Formed:		5
Coalitions Available:	15
Coalition Ratio:		33.33%

Score Achieved:			857.288
Score Available:		3378.094
Score Ratio:			25.38%

Merge Cost:				0.000000
Split Cost:				0.000000

Avg Cost per Research:	28.86%

Tasks Done:				24
Tasks Available:		30
Tasks Done Ratio:		80.00%

Tasks done w/ 1 sens:	19
Tasks done w/ 2 sens:	5
Tasks done w/ 3 sens:	0

Planning Horizon:		3

__________________________________
           AGENT LIST             
__________________________________
Agent Number:			1
Planning Horizon:		3
Max Const Iteration:	2
Max Solo Bids:			5
Max Any Bids:			10
Iteration Counter:		777
Final Resources:		72.058384

Location:				[38.320		21.230		0.000]
Sensor List:			[MW]
Bundle:					[70			69			68			71			39			42]
Path:					[70			69			68			71			39			42]
X-Path:
[	45.904	18.008	0.000,
	36.963	26.450	0.000,
	24.672	30.305	0.000,
	19.744	0.100	0.000,
	21.023	3.690	0.000,
	3.068	6.718	0.000,]
Time Assignments:		[8.241		20.537		33.419		64.022		67.833		86.041]

**********************************
Agent Number:			2
Planning Horizon:		3
Max Const Iteration:	2
Max Solo Bids:			5
Max Any Bids:			10
Iteration Counter:		705
Final Resources:		71.646398

Location:				[46.842		16.565		0.000]
Sensor List:			[IR]
Bundle:					[67			61			60			66			65			16			45]
Path:					[67			61			60			66			65			16			45]
X-Path:
[	48.182	31.957	0.000,
	35.144	39.900	0.000,
	20.011	29.066	0.000,
	23.000	39.121	0.000,
	19.458	47.482	0.000,
	22.239	48.108	0.000,
	17.198	35.329	0.000,]
Time Assignments:		[15.450		30.717		49.328		59.818		68.898		71.748		92.180]

**********************************
Agent Number:			3
Planning Horizon:		3
Max Const Iteration:	2
Max Solo Bids:			5
Max Any Bids:			10
Iteration Counter:		611
Final Resources:		71.244058

Location:				[1.322		40.325		0.000]
Sensor List:			[IR]
Bundle:					[62			64			63			37			53			9			5]
Path:					[62			64			63			37			53			9			5]
X-Path:
[	0.061	21.474	0.000,
	6.869	17.278	0.000,
	11.118	2.487	0.000,
	21.023	3.690	0.000,
	6.646	23.878	0.000,
	5.266	25.197	0.000,
	13.114	26.445	0.000,]
Time Assignments:		[18.894		26.891		42.280		61.833		86.617		88.526		101.957]

**********************************
Agent Number:			4
Planning Horizon:		3
Max Const Iteration:	2
Max Solo Bids:			5
Max Any Bids:			10
Iteration Counter:		889
Final Resources:		69.610533

Location:				[18.832		22.802		0.000]
Sensor List:			[MW]
Bundle:					[74			72			73			2			30			55			11			47			7]
Path:					[74			72			73			2			30			55			11			47			7]
X-Path:
[	4.636	31.899	0.000,
	0.297	33.396	0.000,
	1.432	47.983	0.000,
	4.913	40.349	0.000,
	7.001	34.128	0.000,
	6.646	23.878	0.000,
	5.266	25.197	0.000,
	17.198	35.329	0.000,
	13.114	26.445	0.000,]
Time Assignments:		[16.860		21.450		36.081		44.472		51.034		80.617		82.526		98.180		107.957]
__________________________________
            TASK LIST             
__________________________________
Task Number:		0
Maximum Score:		78.745145
Subtask Cost:		0.005700
Number of Sensors:	2
Number of Subtasks:	4

Location:			[4.913460, 40.349179, 0.000000]
Sensor List:		[IR, MW]
Subtask List:		[IR_{}, IR_{MW}, MW_{}, MW_{IR}]

Time Constraints:
Start Time:		0.000000
End Time:		Infinity
Task Duration:	0.000000
Corr Time:		6.000000
Lambda:			0.015000
Dependency Matrix:
   [0	-1	-1	-1
	-1	0	-1	1
	-1	-1	0	-1
	-1	1	-1	0]

Time Constraint Matrix:
   [Infinity	Infinity	Infinity	Infinity
	Infinity	Infinity	Infinity	6.000000
	Infinity	Infinity	Infinity	Infinity
	Infinity	6.000000	Infinity	Infinity]


**********************************
Task Number:		1
Maximum Score:		60.468370
Subtask Cost:		0.005700
Number of Sensors:	2
Number of Subtasks:	4

Location:			[13.113941, 26.445264, 0.000000]
Sensor List:		[IR, MW]
Subtask List:		[IR_{}, IR_{MW}, MW_{}, MW_{IR}]

Time Constraints:
Start Time:		0.000000
End Time:		Infinity
Task Duration:	0.000000
Corr Time:		6.000000
Lambda:			0.015000
Dependency Matrix:
   [0	-1	-1	-1
	-1	0	-1	1
	-1	-1	0	-1
	-1	1	-1	0]

Time Constraint Matrix:
   [Infinity	Infinity	Infinity	Infinity
	Infinity	Infinity	Infinity	6.000000
	Infinity	Infinity	Infinity	Infinity
	Infinity	6.000000	Infinity	Infinity]


**********************************
Task Number:		2
Maximum Score:		85.772031
Subtask Cost:		0.005700
Number of Sensors:	2
Number of Subtasks:	4

Location:			[5.265610, 25.197285, 0.000000]
Sensor List:		[IR, MW]
Subtask List:		[IR_{}, IR_{MW}, MW_{}, MW_{IR}]

Time Constraints:
Start Time:		0.000000
End Time:		Infinity
Task Duration:	0.000000
Corr Time:		6.000000
Lambda:			0.015000
Dependency Matrix:
   [0	-1	-1	-1
	-1	0	-1	1
	-1	-1	0	-1
	-1	1	-1	0]

Time Constraint Matrix:
   [Infinity	Infinity	Infinity	Infinity
	Infinity	Infinity	Infinity	6.000000
	Infinity	Infinity	Infinity	Infinity
	Infinity	6.000000	Infinity	Infinity]


**********************************
Task Number:		3
Maximum Score:		63.634919
Subtask Cost:		0.005700
Number of Sensors:	2
Number of Subtasks:	4

Location:			[40.496349, 43.129629, 0.000000]
Sensor List:		[IR, MW]
Subtask List:		[IR_{}, IR_{MW}, MW_{}, MW_{IR}]

Time Constraints:
Start Time:		0.000000
End Time:		Infinity
Task Duration:	0.000000
Corr Time:		6.000000
Lambda:			0.015000
Dependency Matrix:
   [0	-1	-1	-1
	-1	0	-1	1
	-1	-1	0	-1
	-1	1	-1	0]

Time Constraint Matrix:
   [Infinity	Infinity	Infinity	Infinity
	Infinity	Infinity	Infinity	6.000000
	Infinity	Infinity	Infinity	Infinity
	Infinity	6.000000	Infinity	Infinity]


**********************************
Task Number:		4
Maximum Score:		84.069020
Subtask Cost:		0.005700
Number of Sensors:	2
Number of Subtasks:	4

Location:			[22.239242, 48.108289, 0.000000]
Sensor List:		[IR, MW]
Subtask List:		[IR_{}, IR_{MW}, MW_{}, MW_{IR}]

Time Constraints:
Start Time:		0.000000
End Time:		Infinity
Task Duration:	0.000000
Corr Time:		6.000000
Lambda:			0.015000
Dependency Matrix:
   [0	-1	-1	-1
	-1	0	-1	1
	-1	-1	0	-1
	-1	1	-1	0]

Time Constraint Matrix:
   [Infinity	Infinity	Infinity	Infinity
	Infinity	Infinity	Infinity	6.000000
	Infinity	Infinity	Infinity	Infinity
	Infinity	6.000000	Infinity	Infinity]


**********************************
Task Number:		5
Maximum Score:		79.888624
Subtask Cost:		0.005700
Number of Sensors:	2
Number of Subtasks:	4

Location:			[47.906090, 25.875398, 0.000000]
Sensor List:		[IR, MW]
Subtask List:		[IR_{}, IR_{MW}, MW_{}, MW_{IR}]

Time Constraints:
Start Time:		0.000000
End Time:		Infinity
Task Duration:	0.000000
Corr Time:		6.000000
Lambda:			0.015000
Dependency Matrix:
   [0	-1	-1	-1
	-1	0	-1	1
	-1	-1	0	-1
	-1	1	-1	0]

Time Constraint Matrix:
   [Infinity	Infinity	Infinity	Infinity
	Infinity	Infinity	Infinity	6.000000
	Infinity	Infinity	Infinity	Infinity
	Infinity	6.000000	Infinity	Infinity]


**********************************
Task Number:		6
Maximum Score:		51.092205
Subtask Cost:		0.005700
Number of Sensors:	2
Number of Subtasks:	4

Location:			[47.844898, 21.641594, 0.000000]
Sensor List:		[IR, MW]
Subtask List:		[IR_{}, IR_{MW}, MW_{}, MW_{IR}]

Time Constraints:
Start Time:		0.000000
End Time:		Infinity
Task Duration:	0.000000
Corr Time:		6.000000
Lambda:			0.015000
Dependency Matrix:
   [0	-1	-1	-1
	-1	0	-1	1
	-1	-1	0	-1
	-1	1	-1	0]

Time Constraint Matrix:
   [Infinity	Infinity	Infinity	Infinity
	Infinity	Infinity	Infinity	6.000000
	Infinity	Infinity	Infinity	Infinity
	Infinity	6.000000	Infinity	Infinity]


**********************************
Task Number:		7
Maximum Score:		95.798304
Subtask Cost:		0.005700
Number of Sensors:	2
Number of Subtasks:	4

Location:			[7.000985, 34.127885, 0.000000]
Sensor List:		[IR, MW]
Subtask List:		[IR_{}, IR_{MW}, MW_{}, MW_{IR}]

Time Constraints:
Start Time:		0.000000
End Time:		Infinity
Task Duration:	0.000000
Corr Time:		6.000000
Lambda:			0.015000
Dependency Matrix:
   [0	-1	-1	-1
	-1	0	-1	1
	-1	-1	0	-1
	-1	1	-1	0]

Time Constraint Matrix:
   [Infinity	Infinity	Infinity	Infinity
	Infinity	Infinity	Infinity	6.000000
	Infinity	Infinity	Infinity	Infinity
	Infinity	6.000000	Infinity	Infinity]


**********************************
Task Number:		8
Maximum Score:		77.151463
Subtask Cost:		0.005700
Number of Sensors:	2
Number of Subtasks:	4

Location:			[32.767403, 22.763817, 0.000000]
Sensor List:		[IR, MW]
Subtask List:		[IR_{}, IR_{MW}, MW_{}, MW_{IR}]

Time Constraints:
Start Time:		0.000000
End Time:		Infinity
Task Duration:	0.000000
Corr Time:		6.000000
Lambda:			0.015000
Dependency Matrix:
   [0	-1	-1	-1
	-1	0	-1	1
	-1	-1	0	-1
	-1	1	-1	0]

Time Constraint Matrix:
   [Infinity	Infinity	Infinity	Infinity
	Infinity	Infinity	Infinity	6.000000
	Infinity	Infinity	Infinity	Infinity
	Infinity	6.000000	Infinity	Infinity]


**********************************
Task Number:		9
Maximum Score:		95.237639
Subtask Cost:		0.005700
Number of Sensors:	2
Number of Subtasks:	4

Location:			[21.022670, 3.689857, 0.000000]
Sensor List:		[IR, MW]
Subtask List:		[IR_{}, IR_{MW}, MW_{}, MW_{IR}]

Time Constraints:
Start Time:		0.000000
End Time:		Infinity
Task Duration:	0.000000
Corr Time:		6.000000
Lambda:			0.015000
Dependency Matrix:
   [0	-1	-1	-1
	-1	0	-1	1
	-1	-1	0	-1
	-1	1	-1	0]

Time Constraint Matrix:
   [Infinity	Infinity	Infinity	Infinity
	Infinity	Infinity	Infinity	6.000000
	Infinity	Infinity	Infinity	Infinity
	Infinity	6.000000	Infinity	Infinity]


**********************************
Task Number:		10
Maximum Score:		68.180234
Subtask Cost:		0.005700
Number of Sensors:	2
Number of Subtasks:	4

Location:			[3.068392, 6.718447, 0.000000]
Sensor List:		[IR, MW]
Subtask List:		[IR_{}, IR_{MW}, MW_{}, MW_{IR}]

Time Constraints:
Start Time:		0.000000
End Time:		Infinity
Task Duration:	0.000000
Corr Time:		6.000000
Lambda:			0.015000
Dependency Matrix:
   [0	-1	-1	-1
	-1	0	-1	1
	-1	-1	0	-1
	-1	1	-1	0]

Time Constraint Matrix:
   [Infinity	Infinity	Infinity	Infinity
	Infinity	Infinity	Infinity	6.000000
	Infinity	Infinity	Infinity	Infinity
	Infinity	6.000000	Infinity	Infinity]


**********************************
Task Number:		11
Maximum Score:		96.322945
Subtask Cost:		0.005700
Number of Sensors:	2
Number of Subtasks:	4

Location:			[17.198182, 35.328758, 0.000000]
Sensor List:		[IR, MW]
Subtask List:		[IR_{}, IR_{MW}, MW_{}, MW_{IR}]

Time Constraints:
Start Time:		0.000000
End Time:		Infinity
Task Duration:	0.000000
Corr Time:		6.000000
Lambda:			0.015000
Dependency Matrix:
   [0	-1	-1	-1
	-1	0	-1	1
	-1	-1	0	-1
	-1	1	-1	0]

Time Constraint Matrix:
   [Infinity	Infinity	Infinity	Infinity
	Infinity	Infinity	Infinity	6.000000
	Infinity	Infinity	Infinity	Infinity
	Infinity	6.000000	Infinity	Infinity]


**********************************
Task Number:		12
Maximum Score:		63.786110
Subtask Cost:		0.005700
Number of Sensors:	2
Number of Subtasks:	4

Location:			[42.476662, 42.185146, 0.000000]
Sensor List:		[IR, MW]
Subtask List:		[IR_{}, IR_{MW}, MW_{}, MW_{IR}]

Time Constraints:
Start Time:		0.000000
End Time:		Infinity
Task Duration:	0.000000
Corr Time:		6.000000
Lambda:			0.015000
Dependency Matrix:
   [0	-1	-1	-1
	-1	0	-1	1
	-1	-1	0	-1
	-1	1	-1	0]

Time Constraint Matrix:
   [Infinity	Infinity	Infinity	Infinity
	Infinity	Infinity	Infinity	6.000000
	Infinity	Infinity	Infinity	Infinity
	Infinity	6.000000	Infinity	Infinity]


**********************************
Task Number:		13
Maximum Score:		92.464588
Subtask Cost:		0.005700
Number of Sensors:	2
Number of Subtasks:	4

Location:			[6.645603, 23.878162, 0.000000]
Sensor List:		[IR, MW]
Subtask List:		[IR_{}, IR_{MW}, MW_{}, MW_{IR}]

Time Constraints:
Start Time:		0.000000
End Time:		Infinity
Task Duration:	0.000000
Corr Time:		6.000000
Lambda:			0.015000
Dependency Matrix:
   [0	-1	-1	-1
	-1	0	-1	1
	-1	-1	0	-1
	-1	1	-1	0]

Time Constraint Matrix:
   [Infinity	Infinity	Infinity	Infinity
	Infinity	Infinity	Infinity	6.000000
	Infinity	Infinity	Infinity	Infinity
	Infinity	6.000000	Infinity	Infinity]


**********************************
Task Number:		14
Maximum Score:		52.075209
Subtask Cost:		0.005700
Number of Sensors:	2
Number of Subtasks:	4

Location:			[43.942452, 39.452017, 0.000000]
Sensor List:		[IR, MW]
Subtask List:		[IR_{}, IR_{MW}, MW_{}, MW_{IR}]

Time Constraints:
Start Time:		0.000000
End Time:		Infinity
Task Duration:	0.000000
Corr Time:		6.000000
Lambda:			0.015000
Dependency Matrix:
   [0	-1	-1	-1
	-1	0	-1	1
	-1	-1	0	-1
	-1	1	-1	0]

Time Constraint Matrix:
   [Infinity	Infinity	Infinity	Infinity
	Infinity	Infinity	Infinity	6.000000
	Infinity	Infinity	Infinity	Infinity
	Infinity	6.000000	Infinity	Infinity]


**********************************
Task Number:		15
Maximum Score:		65.142972
Subtask Cost:		0.005700
Number of Sensors:	1
Number of Subtasks:	1

Location:			[20.011238, 29.066181, 0.000000]
Sensor List:		[IR]
Subtask List:		[IR_{}]

Time Constraints:
Start Time:		0.000000
End Time:		Infinity
Task Duration:	0.000000
Corr Time:		6.000000
Lambda:			0.015000
Dependency Matrix:
   [0]

Time Constraint Matrix:
   [Infinity]


**********************************
Task Number:		16
Maximum Score:		91.542861
Subtask Cost:		0.005700
Number of Sensors:	1
Number of Subtasks:	1

Location:			[35.143541, 39.900246, 0.000000]
Sensor List:		[IR]
Subtask List:		[IR_{}]

Time Constraints:
Start Time:		0.000000
End Time:		Infinity
Task Duration:	0.000000
Corr Time:		6.000000
Lambda:			0.015000
Dependency Matrix:
   [0]

Time Constraint Matrix:
   [Infinity]


**********************************
Task Number:		17
Maximum Score:		61.375834
Subtask Cost:		0.005700
Number of Sensors:	1
Number of Subtasks:	1

Location:			[0.060987, 21.473911, 0.000000]
Sensor List:		[IR]
Subtask List:		[IR_{}]

Time Constraints:
Start Time:		0.000000
End Time:		Infinity
Task Duration:	0.000000
Corr Time:		6.000000
Lambda:			0.015000
Dependency Matrix:
   [0]

Time Constraint Matrix:
   [Infinity]


**********************************
Task Number:		18
Maximum Score:		84.161267
Subtask Cost:		0.005700
Number of Sensors:	1
Number of Subtasks:	1

Location:			[11.117921, 2.486623, 0.000000]
Sensor List:		[IR]
Subtask List:		[IR_{}]

Time Constraints:
Start Time:		0.000000
End Time:		Infinity
Task Duration:	0.000000
Corr Time:		6.000000
Lambda:			0.015000
Dependency Matrix:
   [0]

Time Constraint Matrix:
   [Infinity]


**********************************
Task Number:		19
Maximum Score:		62.680038
Subtask Cost:		0.005700
Number of Sensors:	1
Number of Subtasks:	1

Location:			[6.868944, 17.277680, 0.000000]
Sensor List:		[IR]
Subtask List:		[IR_{}]

Time Constraints:
Start Time:		0.000000
End Time:		Infinity
Task Duration:	0.000000
Corr Time:		6.000000
Lambda:			0.015000
Dependency Matrix:
   [0]

Time Constraint Matrix:
   [Infinity]


**********************************
Task Number:		20
Maximum Score:		62.017037
Subtask Cost:		0.005700
Number of Sensors:	1
Number of Subtasks:	1

Location:			[19.458411, 47.482335, 0.000000]
Sensor List:		[IR]
Subtask List:		[IR_{}]

Time Constraints:
Start Time:		0.000000
End Time:		Infinity
Task Duration:	0.000000
Corr Time:		6.000000
Lambda:			0.015000
Dependency Matrix:
   [0]

Time Constraint Matrix:
   [Infinity]


**********************************
Task Number:		21
Maximum Score:		59.228628
Subtask Cost:		0.005700
Number of Sensors:	1
Number of Subtasks:	1

Location:			[22.999971, 39.121418, 0.000000]
Sensor List:		[IR]
Subtask List:		[IR_{}]

Time Constraints:
Start Time:		0.000000
End Time:		Infinity
Task Duration:	0.000000
Corr Time:		6.000000
Lambda:			0.015000
Dependency Matrix:
   [0]

Time Constraint Matrix:
   [Infinity]


**********************************
Task Number:		22
Maximum Score:		90.397291
Subtask Cost:		0.005700
Number of Sensors:	1
Number of Subtasks:	1

Location:			[48.181586, 31.957022, 0.000000]
Sensor List:		[IR]
Subtask List:		[IR_{}]

Time Constraints:
Start Time:		0.000000
End Time:		Infinity
Task Duration:	0.000000
Corr Time:		6.000000
Lambda:			0.015000
Dependency Matrix:
   [0]

Time Constraint Matrix:
   [Infinity]


**********************************
Task Number:		23
Maximum Score:		67.286030
Subtask Cost:		0.005700
Number of Sensors:	1
Number of Subtasks:	1

Location:			[24.672055, 30.304813, 0.000000]
Sensor List:		[MW]
Subtask List:		[MW_{}]

Time Constraints:
Start Time:		0.000000
End Time:		Infinity
Task Duration:	0.000000
Corr Time:		6.000000
Lambda:			0.015000
Dependency Matrix:
   [0]

Time Constraint Matrix:
   [Infinity]


**********************************
Task Number:		24
Maximum Score:		62.125748
Subtask Cost:		0.005700
Number of Sensors:	1
Number of Subtasks:	1

Location:			[36.963122, 26.449615, 0.000000]
Sensor List:		[MW]
Subtask List:		[MW_{}]

Time Constraints:
Start Time:		0.000000
End Time:		Infinity
Task Duration:	0.000000
Corr Time:		6.000000
Lambda:			0.015000
Dependency Matrix:
   [0]

Time Constraint Matrix:
   [Infinity]


**********************************
Task Number:		25
Maximum Score:		76.638859
Subtask Cost:		0.005700
Number of Sensors:	1
Number of Subtasks:	1

Location:			[45.904352, 18.007948, 0.000000]
Sensor List:		[MW]
Subtask List:		[MW_{}]

Time Constraints:
Start Time:		0.000000
End Time:		Infinity
Task Duration:	0.000000
Corr Time:		6.000000
Lambda:			0.015000
Dependency Matrix:
   [0]

Time Constraint Matrix:
   [Infinity]


**********************************
Task Number:		26
Maximum Score:		53.836596
Subtask Cost:		0.005700
Number of Sensors:	1
Number of Subtasks:	1

Location:			[19.744167, 0.100363, 0.000000]
Sensor List:		[MW]
Subtask List:		[MW_{}]

Time Constraints:
Start Time:		0.000000
End Time:		Infinity
Task Duration:	0.000000
Corr Time:		6.000000
Lambda:			0.015000
Dependency Matrix:
   [0]

Time Constraint Matrix:
   [Infinity]


**********************************
Task Number:		27
Maximum Score:		89.237967
Subtask Cost:		0.005700
Number of Sensors:	1
Number of Subtasks:	1

Location:			[0.297382, 33.396448, 0.000000]
Sensor List:		[MW]
Subtask List:		[MW_{}]

Time Constraints:
Start Time:		0.000000
End Time:		Infinity
Task Duration:	0.000000
Corr Time:		6.000000
Lambda:			0.015000
Dependency Matrix:
   [0]

Time Constraint Matrix:
   [Infinity]


**********************************
Task Number:		28
Maximum Score:		73.464831
Subtask Cost:		0.005700
Number of Sensors:	1
Number of Subtasks:	1

Location:			[1.432458, 47.983425, 0.000000]
Sensor List:		[MW]
Subtask List:		[MW_{}]

Time Constraints:
Start Time:		0.000000
End Time:		Infinity
Task Duration:	0.000000
Corr Time:		6.000000
Lambda:			0.015000
Dependency Matrix:
   [0]

Time Constraint Matrix:
   [Infinity]


**********************************
Task Number:		29
Maximum Score:		89.584265
Subtask Cost:		0.005700
Number of Sensors:	1
Number of Subtasks:	1

Location:			[4.636111, 31.899015, 0.000000]
Sensor List:		[MW]
Subtask List:		[MW_{}]

Time Constraints:
Start Time:		0.000000
End Time:		Infinity
Task Duration:	0.000000
Corr Time:		6.000000
Lambda:			0.015000
Dependency Matrix:
   [0]

Time Constraint Matrix:
   [Infinity]

