0	|	0.000000	0.000000	0.000000	0.000000	|	0.000000	0.000000	0.000000	0.000000	|	-	-	-	-	|	0.000000	0.000000	0.000000	0.000000	|	0	0	0	0	
1	|	0.000000	0.000000	0.000000	0.000000	|	0.000000	0.000000	0.000000	0.000000	|	-	-	-	-	|	0.000000	0.000000	0.000000	0.000000	|	0	0	0	0	
2	|	0.000000	0.000000	0.000000	0.000000	|	0.000000	0.000000	0.000000	0.000000	|	-	-	-	-	|	0.000000	0.000000	0.000000	0.000000	|	0	0	0	0	
3	|	0.000000	0.000000	0.000000	0.000000	|	0.000000	0.000000	0.000000	0.000000	|	-	-	-	-	|	0.000000	0.000000	0.000000	0.000000	|	0	0	0	0	
4	|	0.000000	0.000000	0.000000	0.000000	|	0.000000	0.000000	0.000000	0.000000	|	-	-	-	-	|	0.000000	0.000000	0.000000	0.000000	|	0	0	0	0	
5	|	0.000000	0.000000	0.000000	0.000000	|	0.000000	0.000000	0.000000	0.000000	|	-	-	-	-	|	0.000000	0.000000	0.000000	0.000000	|	0	0	0	0	
6	|	21.468986	21.468986	21.468986	21.468986	|	9.207634	9.207634	9.207634	9.207634	|	1	1	1	1	|	1.159465	1.159465	1.159465	1.159465	|	0	0	0	0	
7	|	0.000000	0.000000	0.000000	0.000000	|	0.000000	0.000000	0.000000	0.000000	|	-	-	-	-	|	0.000000	0.000000	0.000000	0.000000	|	0	0	0	0	
8	|	0.000000	0.000000	0.000000	0.000000	|	0.000000	0.000000	0.000000	0.000000	|	-	-	-	-	|	0.000000	0.000000	0.000000	0.000000	|	0	0	0	0	
9	|	0.000000	0.000000	0.000000	0.000000	|	0.000000	0.000000	0.000000	0.000000	|	-	-	-	-	|	0.000000	0.000000	0.000000	0.000000	|	0	0	0	0	
10	|	30.291686	30.291686	30.291686	30.291686	|	2.982503	2.982503	2.982503	2.982503	|	1	1	1	1	|	1.408146	1.408146	1.408146	1.408146	|	0	0	0	0	
11	|	0.000000	0.000000	0.000000	0.000000	|	0.000000	0.000000	0.000000	0.000000	|	-	-	-	-	|	0.000000	0.000000	0.000000	0.000000	|	0	0	0	0	
12	|	0.000000	0.000000	0.000000	0.000000	|	0.000000	0.000000	0.000000	0.000000	|	-	-	-	-	|	0.000000	0.000000	0.000000	0.000000	|	0	0	0	0	
13	|	31.971606	31.971606	31.971606	31.971606	|	28.296610	28.296610	28.296610	28.296610	|	4	4	4	4	|	0.388400	0.388400	0.388400	0.388400	|	0	0	0	0	
14	|	0.000000	0.000000	0.000000	0.000000	|	0.000000	0.000000	0.000000	0.000000	|	-	-	-	-	|	0.000000	0.000000	0.000000	0.000000	|	0	0	0	0	
15	|	25.700102	25.700102	25.700102	25.700102	|	30.289873	30.289873	30.289873	30.289873	|	1	1	1	1	|	5.706695	5.706695	5.706695	5.706695	|	0	0	0	0	
16	|	0.000000	0.000000	0.000000	0.000000	|	0.000000	0.000000	0.000000	0.000000	|	-	-	-	-	|	0.000000	0.000000	0.000000	0.000000	|	0	0	0	0	
17	|	0.000000	0.000000	0.000000	0.000000	|	0.000000	0.000000	0.000000	0.000000	|	-	-	-	-	|	0.000000	0.000000	0.000000	0.000000	|	0	0	0	0	
18	|	2.094024	2.094024	2.094024	2.094024	|	104.413609	104.413609	104.413609	104.413609	|	3	3	3	3	|	2.659670	2.659670	2.659670	2.659670	|	0	0	0	0	
19	|	0.000000	0.000000	0.000000	0.000000	|	0.000000	0.000000	0.000000	0.000000	|	-	-	-	-	|	0.000000	0.000000	0.000000	0.000000	|	0	0	0	0	
20	|	0.000000	0.000000	0.000000	0.000000	|	0.000000	0.000000	0.000000	0.000000	|	-	-	-	-	|	0.000000	0.000000	0.000000	0.000000	|	0	0	0	0	
21	|	3.160830	3.160830	3.160830	3.160830	|	94.448379	94.448379	94.448379	94.448379	|	2	2	2	2	|	3.060666	3.060666	3.060666	3.060666	|	0	0	0	0	
22	|	0.000000	0.000000	0.000000	0.000000	|	0.000000	0.000000	0.000000	0.000000	|	-	-	-	-	|	0.000000	0.000000	0.000000	0.000000	|	0	0	0	0	
23	|	4.090425	4.090425	4.090425	4.090425	|	88.448379	88.448379	88.448379	88.448379	|	1	1	1	1	|	2.716975	2.716975	2.716975	2.716975	|	0	0	0	0	
24	|	0.000000	0.000000	0.000000	0.000000	|	0.000000	0.000000	0.000000	0.000000	|	-	-	-	-	|	0.000000	0.000000	0.000000	0.000000	|	0	0	0	0	
25	|	4.405249	4.405249	4.405249	4.405249	|	97.452534	97.452534	97.452534	97.452534	|	4	4	4	4	|	5.348771	5.348771	5.348771	5.348771	|	0	0	0	0	
26	|	0.000000	0.000000	0.000000	0.000000	|	0.000000	0.000000	0.000000	0.000000	|	-	-	-	-	|	0.000000	0.000000	0.000000	0.000000	|	0	0	0	0	
27	|	8.083257	8.083257	8.083257	8.083257	|	91.452534	91.452534	91.452534	91.452534	|	3	3	3	3	|	2.589342	2.589342	2.589342	2.589342	|	0	0	0	0	
28	|	0.000000	0.000000	0.000000	0.000000	|	0.000000	0.000000	0.000000	0.000000	|	-	-	-	-	|	0.000000	0.000000	0.000000	0.000000	|	0	0	0	0	
29	|	0.000000	0.000000	0.000000	0.000000	|	0.000000	0.000000	0.000000	0.000000	|	-	-	-	-	|	0.000000	0.000000	0.000000	0.000000	|	0	0	0	0	
30	|	7.559643	7.559643	7.559643	7.559643	|	61.850824	61.850824	61.850824	61.850824	|	3	3	3	3	|	2.922322	2.922322	2.922322	2.922322	|	0	0	0	0	
31	|	0.000000	0.000000	0.000000	0.000000	|	0.000000	0.000000	0.000000	0.000000	|	-	-	-	-	|	0.000000	0.000000	0.000000	0.000000	|	0	0	0	0	
32	|	0.000000	0.000000	0.000000	0.000000	|	0.000000	0.000000	0.000000	0.000000	|	-	-	-	-	|	0.000000	0.000000	0.000000	0.000000	|	0	0	0	0	
33	|	20.832775	20.832775	20.832775	20.832775	|	30.923458	30.923458	30.923458	30.923458	|	2	2	2	2	|	6.871377	6.871377	6.871377	6.871377	|	0	0	0	0	
34	|	0.000000	0.000000	0.000000	0.000000	|	0.000000	0.000000	0.000000	0.000000	|	-	-	-	-	|	0.000000	0.000000	0.000000	0.000000	|	0	0	0	0	
35	|	28.946968	28.946968	28.946968	28.946968	|	26.352234	26.352234	26.352234	26.352234	|	3	3	3	3	|	0.723453	0.723453	0.723453	0.723453	|	0	0	0	0	
36	|	3.559469	3.559469	3.559469	3.559469	|	73.392303	73.392303	73.392303	73.392303	|	4	4	4	4	|	3.025657	3.025657	3.025657	3.025657	|	0	0	0	0	
37	|	0.000000	0.000000	0.000000	0.000000	|	0.000000	0.000000	0.000000	0.000000	|	-	-	-	-	|	0.000000	0.000000	0.000000	0.000000	|	0	0	0	0	
38	|	0.000000	0.000000	0.000000	0.000000	|	0.000000	0.000000	0.000000	0.000000	|	-	-	-	-	|	0.000000	0.000000	0.000000	0.000000	|	0	0	0	0	
39	|	0.000000	0.000000	0.000000	0.000000	|	0.000000	0.000000	0.000000	0.000000	|	-	-	-	-	|	0.000000	0.000000	0.000000	0.000000	|	0	0	0	0	
40	|	0.000000	0.000000	0.000000	0.000000	|	0.000000	0.000000	0.000000	0.000000	|	-	-	-	-	|	0.000000	0.000000	0.000000	0.000000	|	0	0	0	0	
41	|	23.225488	23.225488	23.225488	23.225488	|	34.737744	34.737744	34.737744	34.737744	|	4	4	4	4	|	1.051978	1.051978	1.051978	1.051978	|	0	0	0	0	
42	|	0.000000	0.000000	0.000000	0.000000	|	0.000000	0.000000	0.000000	0.000000	|	-	-	-	-	|	0.000000	0.000000	0.000000	0.000000	|	0	0	0	0	
43	|	23.053927	23.053927	23.053927	23.053927	|	36.731006	36.731006	36.731006	36.731006	|	1	1	1	1	|	0.508412	0.508412	0.508412	0.508412	|	0	0	0	0	
44	|	0.000000	0.000000	0.000000	0.000000	|	0.000000	0.000000	0.000000	0.000000	|	-	-	-	-	|	0.000000	0.000000	0.000000	0.000000	|	0	0	0	0	
45	|	0.000000	0.000000	0.000000	0.000000	|	0.000000	0.000000	0.000000	0.000000	|	-	-	-	-	|	0.000000	0.000000	0.000000	0.000000	|	0	0	0	0	
46	|	8.808870	8.808870	8.808870	8.808870	|	66.557542	66.557542	66.557542	66.557542	|	3	3	3	3	|	0.100898	0.100898	0.100898	0.100898	|	0	0	0	0	
47	|	0.000000	0.000000	0.000000	0.000000	|	0.000000	0.000000	0.000000	0.000000	|	-	-	-	-	|	0.000000	0.000000	0.000000	0.000000	|	0	0	0	0	
48	|	0.000000	0.000000	0.000000	0.000000	|	0.000000	0.000000	0.000000	0.000000	|	-	-	-	-	|	0.000000	0.000000	0.000000	0.000000	|	0	0	0	0	
49	|	6.137855	6.137855	6.137855	6.137855	|	83.274814	83.274814	83.274814	83.274814	|	2	2	2	2	|	3.954880	3.954880	3.954880	3.954880	|	0	0	0	0	
50	|	0.000000	0.000000	0.000000	0.000000	|	0.000000	0.000000	0.000000	0.000000	|	-	-	-	-	|	0.000000	0.000000	0.000000	0.000000	|	0	0	0	0	
51	|	6.025554	6.025554	6.025554	6.025554	|	77.274814	77.274814	77.274814	77.274814	|	1	1	1	1	|	5.017658	5.017658	5.017658	5.017658	|	0	0	0	0	
52	|	27.256438	27.256438	27.256438	27.256438	|	6.854809	6.854809	6.854809	6.854809	|	2	2	2	2	|	-0.082019	-0.082019	-0.082019	-0.082019	|	0	0	0	0	
53	|	0.000000	0.000000	0.000000	0.000000	|	0.000000	0.000000	0.000000	0.000000	|	-	-	-	-	|	0.000000	0.000000	0.000000	0.000000	|	0	0	0	0	
54	|	0.000000	0.000000	0.000000	0.000000	|	0.000000	0.000000	0.000000	0.000000	|	-	-	-	-	|	0.000000	0.000000	0.000000	0.000000	|	0	0	0	0	
55	|	0.000000	0.000000	0.000000	0.000000	|	0.000000	0.000000	0.000000	0.000000	|	-	-	-	-	|	0.000000	0.000000	0.000000	0.000000	|	0	0	0	0	
56	|	0.000000	0.000000	0.000000	0.000000	|	0.000000	0.000000	0.000000	0.000000	|	-	-	-	-	|	0.000000	0.000000	0.000000	0.000000	|	0	0	0	0	
57	|	11.229386	11.229386	11.229386	11.229386	|	61.426477	61.426477	61.426477	61.426477	|	4	4	4	4	|	3.842663	3.842663	3.842663	3.842663	|	0	0	0	0	
58	|	0.000000	0.000000	0.000000	0.000000	|	0.000000	0.000000	0.000000	0.000000	|	-	-	-	-	|	0.000000	0.000000	0.000000	0.000000	|	0	0	0	0	
59	|	12.766404	12.766404	12.766404	12.766404	|	55.426477	55.426477	55.426477	55.426477	|	1	1	1	1	|	3.725045	3.725045	3.725045	3.725045	|	0	0	0	0	
60	|	5.174807	5.174807	5.174807	5.174807	|	108.120997	108.120997	108.120997	108.120997	|	4	4	4	4	|	2.739358	2.739358	2.739358	2.739358	|	0	0	0	0	
61	|	17.321429	17.321429	17.321429	17.321429	|	49.679077	49.679077	49.679077	49.679077	|	4	4	4	4	|	4.812824	4.812824	4.812824	4.812824	|	0	0	0	0	
62	|	0.000000	0.000000	0.000000	0.000000	|	0.000000	0.000000	0.000000	0.000000	|	-	-	-	-	|	0.000000	0.000000	0.000000	0.000000	|	0	0	0	0	
63	|	0.000000	0.000000	0.000000	0.000000	|	0.000000	0.000000	0.000000	0.000000	|	-	-	-	-	|	0.000000	0.000000	0.000000	0.000000	|	0	0	0	0	
64	|	44.604908	44.604908	44.604908	44.604908	|	3.083221	3.083221	3.083221	3.083221	|	2	2	2	2	|	0.753742	0.753742	0.753742	0.753742	|	0	0	0	0	
65	|	12.745027	12.745027	12.745027	12.745027	|	65.889315	65.889315	65.889315	65.889315	|	2	2	2	2	|	2.697502	2.697502	2.697502	2.697502	|	0	0	0	0	
66	|	11.672320	11.672320	11.672320	11.672320	|	55.329699	55.329699	55.329699	55.329699	|	2	2	2	2	|	6.920899	6.920899	6.920899	6.920899	|	0	0	0	0	
67	|	0.000000	0.000000	0.000000	0.000000	|	0.000000	0.000000	0.000000	0.000000	|	-	-	-	-	|	0.000000	0.000000	0.000000	0.000000	|	0	0	0	0	
68	|	6.398956	6.398956	6.398956	6.398956	|	79.613597	79.613597	79.613597	79.613597	|	3	3	3	3	|	3.842329	3.842329	3.842329	3.842329	|	0	0	0	0	
69	|	0.000000	0.000000	0.000000	0.000000	|	0.000000	0.000000	0.000000	0.000000	|	-	-	-	-	|	0.000000	0.000000	0.000000	0.000000	|	0	0	0	0	
70	|	7.244983	7.244983	7.244983	7.244983	|	52.359930	52.359930	52.359930	52.359930	|	3	3	3	3	|	7.215044	7.215044	7.215044	7.215044	|	0	0	0	0	
71	|	24.688876	24.688876	24.688876	24.688876	|	22.669239	22.669239	22.669239	22.669239	|	3	3	3	3	|	6.278901	6.278901	6.278901	6.278901	|	0	0	0	0	
72	|	0.000000	0.000000	0.000000	0.000000	|	0.000000	0.000000	0.000000	0.000000	|	-	-	-	-	|	0.000000	0.000000	0.000000	0.000000	|	0	0	0	0	
73	|	0.000000	0.000000	0.000000	0.000000	|	0.000000	0.000000	0.000000	0.000000	|	-	-	-	-	|	0.000000	0.000000	0.000000	0.000000	|	0	0	0	0	
74	|	0.000000	0.000000	0.000000	0.000000	|	0.000000	0.000000	0.000000	0.000000	|	-	-	-	-	|	0.000000	0.000000	0.000000	0.000000	|	0	0	0	0	
