0	|	5.076538	5.076538	5.076538	5.076538	|	46.816712	46.816712	46.816712	46.816712	|	4	4	4	4	|	0	0	0	0	
1	|	0.000000	0.000000	0.000000	0.000000	|	0.000000	0.000000	0.000000	0.000000	|	-	-	-	-	|	0	0	0	0	
2	|	0.000000	0.000000	0.000000	0.000000	|	0.000000	0.000000	0.000000	0.000000	|	-	-	-	-	|	0	0	0	0	
3	|	0.000000	0.000000	0.000000	0.000000	|	0.000000	0.000000	0.000000	0.000000	|	-	-	-	-	|	0	0	0	0	
4	|	0.000000	0.000000	0.000000	0.000000	|	0.000000	0.000000	0.000000	0.000000	|	-	-	-	-	|	0	0	0	0	
5	|	0.000000	0.000000	0.000000	0.000000	|	0.000000	0.000000	0.000000	0.000000	|	-	-	-	-	|	0	0	0	0	
6	|	22.000468	22.000468	22.000468	22.000468	|	11.180340	11.180340	11.180340	11.180340	|	1	1	1	1	|	0	0	0	0	
7	|	0.000000	0.000000	0.000000	0.000000	|	0.000000	0.000000	0.000000	0.000000	|	-	-	-	-	|	0	0	0	0	
8	|	8.582214	8.582214	8.582214	8.582214	|	52.201877	52.201877	52.201877	52.201877	|	4	4	4	4	|	0	0	0	0	
9	|	0.000000	0.000000	0.000000	0.000000	|	0.000000	0.000000	0.000000	0.000000	|	-	-	-	-	|	0	0	0	0	
10	|	0.000000	0.000000	0.000000	0.000000	|	0.000000	0.000000	0.000000	0.000000	|	-	-	-	-	|	0	0	0	0	
11	|	0.000000	0.000000	0.000000	0.000000	|	0.000000	0.000000	0.000000	0.000000	|	-	-	-	-	|	0	0	0	0	
12	|	20.112994	20.112994	20.112994	20.112994	|	10.000000	10.000000	10.000000	10.000000	|	4	4	4	4	|	0	0	0	0	
13	|	0.000000	0.000000	0.000000	0.000000	|	0.000000	0.000000	0.000000	0.000000	|	-	-	-	-	|	0	0	0	0	
14	|	0.000000	0.000000	0.000000	0.000000	|	0.000000	0.000000	0.000000	0.000000	|	-	-	-	-	|	0	0	0	0	
15	|	0.000000	0.000000	0.000000	0.000000	|	0.000000	0.000000	0.000000	0.000000	|	-	-	-	-	|	0	0	0	0	
16	|	0.000000	0.000000	0.000000	0.000000	|	0.000000	0.000000	0.000000	0.000000	|	-	-	-	-	|	0	0	0	0	
17	|	0.000000	0.000000	0.000000	0.000000	|	0.000000	0.000000	0.000000	0.000000	|	-	-	-	-	|	0	0	0	0	
18	|	0.000000	0.000000	0.000000	0.000000	|	0.000000	0.000000	0.000000	0.000000	|	-	-	-	-	|	0	0	0	0	
19	|	0.000000	0.000000	0.000000	0.000000	|	0.000000	0.000000	0.000000	0.000000	|	-	-	-	-	|	0	0	0	0	
20	|	0.000000	0.000000	0.000000	0.000000	|	0.000000	0.000000	0.000000	0.000000	|	-	-	-	-	|	0	0	0	0	
21	|	0.000000	0.000000	0.000000	0.000000	|	0.000000	0.000000	0.000000	0.000000	|	-	-	-	-	|	0	0	0	0	
22	|	5.851977	5.851977	5.851977	5.851977	|	43.349854	43.349854	43.349854	43.349854	|	1	1	1	1	|	0	0	0	0	
23	|	0.000000	0.000000	0.000000	0.000000	|	0.000000	0.000000	0.000000	0.000000	|	-	-	-	-	|	0	0	0	0	
24	|	0.000000	0.000000	0.000000	0.000000	|	0.000000	0.000000	0.000000	0.000000	|	-	-	-	-	|	0	0	0	0	
25	|	41.160357	41.160357	41.160357	41.160357	|	9.038405	9.038405	9.038405	9.038405	|	2	2	2	2	|	0	0	0	0	
26	|	0.000000	0.000000	0.000000	0.000000	|	0.000000	0.000000	0.000000	0.000000	|	-	-	-	-	|	0	0	0	0	
27	|	33.819443	33.819443	33.819443	33.819443	|	13.038405	13.038405	13.038405	13.038405	|	3	3	3	3	|	0	0	0	0	
28	|	0.000000	0.000000	0.000000	0.000000	|	0.000000	0.000000	0.000000	0.000000	|	-	-	-	-	|	0	0	0	0	
29	|	14.839844	14.839844	14.839844	14.839844	|	32.648176	32.648176	32.648176	32.648176	|	2	2	2	2	|	0	0	0	0	
30	|	0.000000	0.000000	0.000000	0.000000	|	0.000000	0.000000	0.000000	0.000000	|	-	-	-	-	|	0	0	0	0	
31	|	13.746700	13.746700	13.746700	13.746700	|	36.648176	36.648176	36.648176	36.648176	|	3	3	3	3	|	0	0	0	0	
32	|	0.000000	0.000000	0.000000	0.000000	|	0.000000	0.000000	0.000000	0.000000	|	-	-	-	-	|	0	0	0	0	
33	|	0.000000	0.000000	0.000000	0.000000	|	0.000000	0.000000	0.000000	0.000000	|	-	-	-	-	|	0	0	0	0	
34	|	17.840527	17.840527	17.840527	17.840527	|	22.677316	22.677316	22.677316	22.677316	|	1	1	1	1	|	0	0	0	0	
35	|	0.000000	0.000000	0.000000	0.000000	|	0.000000	0.000000	0.000000	0.000000	|	-	-	-	-	|	0	0	0	0	
36	|	0.000000	0.000000	0.000000	0.000000	|	0.000000	0.000000	0.000000	0.000000	|	-	-	-	-	|	0	0	0	0	
37	|	0.000000	0.000000	0.000000	0.000000	|	0.000000	0.000000	0.000000	0.000000	|	-	-	-	-	|	0	0	0	0	
38	|	13.617675	13.617675	13.617675	13.617675	|	29.748384	29.748384	29.748384	29.748384	|	1	1	1	1	|	0	0	0	0	
39	|	0.000000	0.000000	0.000000	0.000000	|	0.000000	0.000000	0.000000	0.000000	|	-	-	-	-	|	0	0	0	0	
40	|	21.391295	21.391295	21.391295	21.391295	|	17.615773	17.615773	17.615773	17.615773	|	4	4	4	4	|	0	0	0	0	
41	|	0.000000	0.000000	0.000000	0.000000	|	0.000000	0.000000	0.000000	0.000000	|	-	-	-	-	|	0	0	0	0	
42	|	0.000000	0.000000	0.000000	0.000000	|	0.000000	0.000000	0.000000	0.000000	|	-	-	-	-	|	0	0	0	0	
43	|	0.000000	0.000000	0.000000	0.000000	|	0.000000	0.000000	0.000000	0.000000	|	-	-	-	-	|	0	0	0	0	
44	|	8.227779	8.227779	8.227779	8.227779	|	29.320473	29.320473	29.320473	29.320473	|	4	4	4	4	|	0	0	0	0	
45	|	0.000000	0.000000	0.000000	0.000000	|	0.000000	0.000000	0.000000	0.000000	|	-	-	-	-	|	0	0	0	0	
46	|	0.000000	0.000000	0.000000	0.000000	|	0.000000	0.000000	0.000000	0.000000	|	-	-	-	-	|	0	0	0	0	
47	|	0.000000	0.000000	0.000000	0.000000	|	0.000000	0.000000	0.000000	0.000000	|	-	-	-	-	|	0	0	0	0	
48	|	0.000000	0.000000	0.000000	0.000000	|	0.000000	0.000000	0.000000	0.000000	|	-	-	-	-	|	0	0	0	0	
49	|	9.564743	9.564743	9.564743	9.564743	|	40.710434	40.710434	40.710434	40.710434	|	2	2	2	2	|	0	0	0	0	
50	|	0.000000	0.000000	0.000000	0.000000	|	0.000000	0.000000	0.000000	0.000000	|	-	-	-	-	|	0	0	0	0	
51	|	8.754200	8.754200	8.754200	8.754200	|	44.710434	44.710434	44.710434	44.710434	|	3	3	3	3	|	0	0	0	0	
52	|	0.000000	0.000000	0.000000	0.000000	|	0.000000	0.000000	0.000000	0.000000	|	-	-	-	-	|	0	0	0	0	
53	|	0.000000	0.000000	0.000000	0.000000	|	0.000000	0.000000	0.000000	0.000000	|	-	-	-	-	|	0	0	0	0	
54	|	0.000000	0.000000	0.000000	0.000000	|	0.000000	0.000000	0.000000	0.000000	|	-	-	-	-	|	0	0	0	0	
55	|	0.000000	0.000000	0.000000	0.000000	|	0.000000	0.000000	0.000000	0.000000	|	-	-	-	-	|	0	0	0	0	
56	|	0.000000	0.000000	0.000000	0.000000	|	0.000000	0.000000	0.000000	0.000000	|	-	-	-	-	|	0	0	0	0	
57	|	0.000000	0.000000	0.000000	0.000000	|	0.000000	0.000000	0.000000	0.000000	|	-	-	-	-	|	0	0	0	0	
58	|	20.259126	20.259126	20.259126	20.259126	|	18.677316	18.677316	18.677316	18.677316	|	1	1	1	1	|	0	0	0	0	
59	|	0.000000	0.000000	0.000000	0.000000	|	0.000000	0.000000	0.000000	0.000000	|	-	-	-	-	|	0	0	0	0	
60	|	0.000000	0.000000	0.000000	0.000000	|	0.000000	0.000000	0.000000	0.000000	|	-	-	-	-	|	0	0	0	0	
61	|	29.278114	29.278114	29.278114	29.278114	|	25.368066	25.368066	25.368066	25.368066	|	2	2	2	2	|	0	0	0	0	
62	|	0.000000	0.000000	0.000000	0.000000	|	0.000000	0.000000	0.000000	0.000000	|	-	-	-	-	|	0	0	0	0	
63	|	27.443430	27.443430	27.443430	27.443430	|	29.368066	29.368066	29.368066	29.368066	|	3	3	3	3	|	0	0	0	0	
64	|	17.327001	17.327001	17.327001	17.327001	|	17.615773	17.615773	17.615773	17.615773	|	4	4	4	4	|	0	0	0	0	
65	|	0.000000	0.000000	0.000000	0.000000	|	0.000000	0.000000	0.000000	0.000000	|	-	-	-	-	|	0	0	0	0	
66	|	0.000000	0.000000	0.000000	0.000000	|	0.000000	0.000000	0.000000	0.000000	|	-	-	-	-	|	0	0	0	0	
67	|	0.000000	0.000000	0.000000	0.000000	|	0.000000	0.000000	0.000000	0.000000	|	-	-	-	-	|	0	0	0	0	
68	|	6.211977	6.211977	6.211977	6.211977	|	37.382731	37.382731	37.382731	37.382731	|	4	4	4	4	|	0	0	0	0	
69	|	0.000000	0.000000	0.000000	0.000000	|	0.000000	0.000000	0.000000	0.000000	|	-	-	-	-	|	0	0	0	0	
70	|	0.000000	0.000000	0.000000	0.000000	|	0.000000	0.000000	0.000000	0.000000	|	-	-	-	-	|	0	0	0	0	
71	|	0.000000	0.000000	0.000000	0.000000	|	0.000000	0.000000	0.000000	0.000000	|	-	-	-	-	|	0	0	0	0	
72	|	0.000000	0.000000	0.000000	0.000000	|	0.000000	0.000000	0.000000	0.000000	|	-	-	-	-	|	0	0	0	0	
73	|	24.449721	24.449721	24.449721	24.449721	|	21.244960	21.244960	21.244960	21.244960	|	2	2	2	2	|	0	0	0	0	
74	|	0.000000	0.000000	0.000000	0.000000	|	0.000000	0.000000	0.000000	0.000000	|	-	-	-	-	|	0	0	0	0	
75	|	22.642019	22.642019	22.642019	22.642019	|	25.244960	25.244960	25.244960	25.244960	|	3	3	3	3	|	0	0	0	0	
76	|	0.000000	0.000000	0.000000	0.000000	|	0.000000	0.000000	0.000000	0.000000	|	-	-	-	-	|	0	0	0	0	
77	|	0.000000	0.000000	0.000000	0.000000	|	0.000000	0.000000	0.000000	0.000000	|	-	-	-	-	|	0	0	0	0	
78	|	22.738340	22.738340	22.738340	22.738340	|	12.594553	12.594553	12.594553	12.594553	|	1	1	1	1	|	0	0	0	0	
79	|	0.000000	0.000000	0.000000	0.000000	|	0.000000	0.000000	0.000000	0.000000	|	-	-	-	-	|	0	0	0	0	
